2023-10-19 13:06:22,514 [INFO] LogOutputStream:77 - [STDOUT_REDIRECT] 
2023-10-19 13:06:24,028 [INFO] ProjectBuilder:4626 - Time for Generating toolchain IDE Files: 2752mS.
2023-10-19 13:06:24,028 [INFO] ProjectBuilder:2935 - Time for Copy CMSIS : 0mS.
2023-10-19 13:06:24,031 [INFO] ProjectBuilder:2935 - Time for Copy CMSIS : 0mS.
2023-10-19 13:19:52,668 [INFO] UtilMem:75 - End SaveConfig() Used Memory: 689936040 Bytes (859832320)
2023-10-19 13:20:03,365 [INFO] UtilMem:75 - End SaveConfig() Used Memory: 715085672 Bytes (859832320)
2023-10-19 13:20:03,500 [INFO] UtilMem:75 - End SaveConfig() Used Memory: 241107520 Bytes (859832320)
2023-10-19 13:20:03,698 [INFO] BlockDiagram:2759 - set Specific Code input for plugin: NVIC
2023-10-19 13:20:03,698 [INFO] BlockDiagram:2759 - set Specific Code input for plugin: USART
2023-10-19 13:20:03,698 [INFO] BlockDiagram:2759 - set Specific Code input for plugin: SYS
2023-10-19 13:20:03,699 [INFO] BlockDiagram:2759 - set Specific Code input for plugin: GPIO
2023-10-19 13:20:03,699 [INFO] BlockDiagram:2759 - set Specific Code input for plugin: RCC
2023-10-19 13:20:03,699 [INFO] BlockDiagram:2759 - set Specific Code input for plugin: I2C
2023-10-19 13:20:03,700 [INFO] CodeGenerator:799 - code generatio: config db path: C:\ST\STM32CubeIDE_1.13.2\STM32CubeIDE\plugins\com.st.stm32cube.common.mx_6.9.2.202309101412\\db\
2023-10-19 13:20:03,800 [INFO] CodeEngine:255 - oldGeneratedFile, C:\Users\jespe\STM32CubeIDE\workspace_1.13.2\test\MXTmpFiles\license.tmp_save
2023-10-19 13:20:03,893 [INFO] CodeEngine:279 - Generated code: C:\Users\jespe\STM32CubeIDE\workspace_1.13.2\test\MXTmpFiles\license.tmp
2023-10-19 13:20:03,921 [INFO] CodeEngine:255 - oldGeneratedFile, C:\Users\jespe\STM32CubeIDE\workspace_1.13.2\test\MXTmpFiles\gpio.tmp_save
2023-10-19 13:20:04,009 [INFO] CodeEngine:279 - Generated code: C:\Users\jespe\STM32CubeIDE\workspace_1.13.2\test\MXTmpFiles\gpio.tmp
2023-10-19 13:20:04,100 [INFO] CodeEngine:255 - oldGeneratedFile, C:\Users\jespe\STM32CubeIDE\workspace_1.13.2\test\Core\Src\stm32f0xx_it.c_save
2023-10-19 13:20:04,260 [INFO] CodeEngine:279 - Generated code: C:\Users\jespe\STM32CubeIDE\workspace_1.13.2\test\Core\Src\stm32f0xx_it.c
2023-10-19 13:20:04,274 [INFO] CodeEngine:255 - oldGeneratedFile, C:\Users\jespe\STM32CubeIDE\workspace_1.13.2\test\Core\Inc\stm32f0xx_it.h_save
2023-10-19 13:20:04,330 [INFO] CodeEngine:279 - Generated code: C:\Users\jespe\STM32CubeIDE\workspace_1.13.2\test\Core\Inc\stm32f0xx_it.h
2023-10-19 13:20:04,350 [INFO] CodeEngine:255 - oldGeneratedFile, C:\Users\jespe\STM32CubeIDE\workspace_1.13.2\test\Core\Src\stm32f0xx_hal_msp.c_save
2023-10-19 13:20:04,461 [INFO] CodeEngine:279 - Generated code: C:\Users\jespe\STM32CubeIDE\workspace_1.13.2\test\Core\Src\stm32f0xx_hal_msp.c
2023-10-19 13:20:04,467 [INFO] CodeEngine:255 - oldGeneratedFile, C:\Users\jespe\STM32CubeIDE\workspace_1.13.2\test\MXTmpFiles\system.tmp_save
2023-10-19 13:20:04,518 [INFO] CodeEngine:279 - Generated code: C:\Users\jespe\STM32CubeIDE\workspace_1.13.2\test\MXTmpFiles\system.tmp
2023-10-19 13:20:04,533 [INFO] CodeEngine:311 - oldGeneratedFile, C:\Users\jespe\STM32CubeIDE\workspace_1.13.2\test\Core\Inc\stm32f0xx_hal_conf.h_save
2023-10-19 13:20:04,615 [INFO] CodeEngine:335 - Generated code: C:\Users\jespe\STM32CubeIDE\workspace_1.13.2\test\Core\Inc\stm32f0xx_hal_conf.h
2023-10-19 13:20:04,652 [INFO] CodeEngine:255 - oldGeneratedFile, C:\Users\jespe\STM32CubeIDE\workspace_1.13.2\test\Core\Inc\main.h_save
2023-10-19 13:20:04,728 [INFO] CodeEngine:279 - Generated code: C:\Users\jespe\STM32CubeIDE\workspace_1.13.2\test\Core\Inc\main.h
2023-10-19 13:20:04,743 [INFO] CodeEngine:255 - oldGeneratedFile, C:\Users\jespe\STM32CubeIDE\workspace_1.13.2\test\Core\Src\main.c_save
2023-10-19 13:20:04,859 [INFO] CodeEngine:279 - Generated code: C:\Users\jespe\STM32CubeIDE\workspace_1.13.2\test\Core\Src\main.c
2023-10-19 13:20:05,231 [INFO] ProjectBuilder:3064 - Time for Copy HAL[2] : 0mS.
2023-10-19 13:20:05,236 [INFO] ProjectBuilder:4404 - Project Generator version: 4.1.0
2023-10-19 13:20:05,376 [INFO] ConfigFileManager:1457 - The Die is : DIE448
2023-10-19 13:20:06,386 [INFO] ProjectBuilder:4626 - Time for Generating toolchain IDE Files: 1150mS.
2023-10-19 13:20:06,386 [INFO] ProjectBuilder:2935 - Time for Copy CMSIS : 0mS.
2023-10-19 13:20:06,389 [INFO] ProjectBuilder:2935 - Time for Copy CMSIS : 0mS.
2023-10-19 13:24:02,950 [INFO] I2cTimingTraitement:330 - 0x2000090E
2023-10-19 13:25:13,468 [INFO] NvicIntPanel:101 - NVIC parent = com.st.microxplorer.plugins.ip.nvic.MultiNvicIntPanel[,0,0,0x0,invalid,layout=javax.swing.BoxLayout,alignmentX=0.0,alignmentY=0.0,border=,flags=9,maximumSize=,minimumSize=,preferredSize=]
2023-10-19 13:25:58,516 [INFO] NvicIntPanel:101 - NVIC parent = com.st.microxplorer.plugins.ip.nvic.MultiNvicIntPanel[,0,0,450x146,layout=javax.swing.BoxLayout,alignmentX=0.0,alignmentY=0.0,border=,flags=9,maximumSize=,minimumSize=,preferredSize=]
2023-10-19 13:26:02,649 [INFO] NvicIntPanel:101 - NVIC parent = com.st.microxplorer.plugins.ip.nvic.MultiNvicIntPanel[,0,0,0x0,invalid,layout=javax.swing.BoxLayout,alignmentX=0.0,alignmentY=0.0,border=,flags=9,maximumSize=,minimumSize=,preferredSize=]
2023-10-19 13:27:17,684 [INFO] UtilMem:75 - End SaveConfig() Used Memory: 456273696 Bytes (1011875840)
2023-10-19 13:27:19,437 [INFO] UtilMem:75 - End SaveConfig() Used Memory: 481439520 Bytes (1011875840)
2023-10-19 13:27:19,563 [INFO] UtilMem:75 - End SaveConfig() Used Memory: 533540656 Bytes (1011875840)
2023-10-19 13:27:19,721 [INFO] BlockDiagram:2759 - set Specific Code input for plugin: NVIC
2023-10-19 13:27:19,721 [INFO] BlockDiagram:2759 - set Specific Code input for plugin: USART
2023-10-19 13:27:19,722 [INFO] BlockDiagram:2759 - set Specific Code input for plugin: SYS
2023-10-19 13:27:19,722 [INFO] BlockDiagram:2759 - set Specific Code input for plugin: GPIO
2023-10-19 13:27:19,722 [INFO] BlockDiagram:2759 - set Specific Code input for plugin: RCC
2023-10-19 13:27:19,722 [INFO] BlockDiagram:2759 - set Specific Code input for plugin: I2C
2023-10-19 13:27:19,723 [INFO] CodeGenerator:799 - code generatio: config db path: C:\ST\STM32CubeIDE_1.13.2\STM32CubeIDE\plugins\com.st.stm32cube.common.mx_6.9.2.202309101412\\db\
2023-10-19 13:27:19,818 [INFO] CodeEngine:255 - oldGeneratedFile, C:\Users\jespe\STM32CubeIDE\workspace_1.13.2\test\MXTmpFiles\license.tmp_save
2023-10-19 13:27:19,887 [INFO] CodeEngine:279 - Generated code: C:\Users\jespe\STM32CubeIDE\workspace_1.13.2\test\MXTmpFiles\license.tmp
2023-10-19 13:27:19,955 [INFO] CodeEngine:255 - oldGeneratedFile, C:\Users\jespe\STM32CubeIDE\workspace_1.13.2\test\MXTmpFiles\gpio.tmp_save
2023-10-19 13:27:20,036 [INFO] CodeEngine:279 - Generated code: C:\Users\jespe\STM32CubeIDE\workspace_1.13.2\test\MXTmpFiles\gpio.tmp
2023-10-19 13:27:20,117 [INFO] CodeEngine:255 - oldGeneratedFile, C:\Users\jespe\STM32CubeIDE\workspace_1.13.2\test\Core\Src\stm32f0xx_it.c_save
2023-10-19 13:27:20,208 [INFO] CodeEngine:279 - Generated code: C:\Users\jespe\STM32CubeIDE\workspace_1.13.2\test\Core\Src\stm32f0xx_it.c
2023-10-19 13:27:20,216 [INFO] CodeEngine:255 - oldGeneratedFile, C:\Users\jespe\STM32CubeIDE\workspace_1.13.2\test\Core\Inc\stm32f0xx_it.h_save
2023-10-19 13:27:20,284 [INFO] CodeEngine:279 - Generated code: C:\Users\jespe\STM32CubeIDE\workspace_1.13.2\test\Core\Inc\stm32f0xx_it.h
2023-10-19 13:27:20,302 [INFO] CodeEngine:255 - oldGeneratedFile, C:\Users\jespe\STM32CubeIDE\workspace_1.13.2\test\Core\Src\stm32f0xx_hal_msp.c_save
2023-10-19 13:27:20,398 [INFO] CodeEngine:279 - Generated code: C:\Users\jespe\STM32CubeIDE\workspace_1.13.2\test\Core\Src\stm32f0xx_hal_msp.c
2023-10-19 13:27:20,403 [INFO] CodeEngine:255 - oldGeneratedFile, C:\Users\jespe\STM32CubeIDE\workspace_1.13.2\test\MXTmpFiles\system.tmp_save
2023-10-19 13:27:20,449 [INFO] CodeEngine:279 - Generated code: C:\Users\jespe\STM32CubeIDE\workspace_1.13.2\test\MXTmpFiles\system.tmp
2023-10-19 13:27:20,466 [INFO] CodeEngine:311 - oldGeneratedFile, C:\Users\jespe\STM32CubeIDE\workspace_1.13.2\test\Core\Inc\stm32f0xx_hal_conf.h_save
2023-10-19 13:27:20,544 [INFO] CodeEngine:335 - Generated code: C:\Users\jespe\STM32CubeIDE\workspace_1.13.2\test\Core\Inc\stm32f0xx_hal_conf.h
2023-10-19 13:27:20,581 [INFO] CodeEngine:255 - oldGeneratedFile, C:\Users\jespe\STM32CubeIDE\workspace_1.13.2\test\Core\Inc\main.h_save
2023-10-19 13:27:20,643 [INFO] CodeEngine:279 - Generated code: C:\Users\jespe\STM32CubeIDE\workspace_1.13.2\test\Core\Inc\main.h
2023-10-19 13:27:20,656 [INFO] CodeEngine:255 - oldGeneratedFile, C:\Users\jespe\STM32CubeIDE\workspace_1.13.2\test\Core\Src\main.c_save
2023-10-19 13:27:20,754 [INFO] CodeEngine:279 - Generated code: C:\Users\jespe\STM32CubeIDE\workspace_1.13.2\test\Core\Src\main.c
2023-10-19 13:27:21,056 [INFO] ProjectBuilder:3064 - Time for Copy HAL[2] : 1mS.
2023-10-19 13:27:21,059 [INFO] ProjectBuilder:4404 - Project Generator version: 4.1.0
2023-10-19 13:27:21,191 [INFO] ConfigFileManager:1457 - The Die is : DIE448
2023-10-19 13:27:22,098 [INFO] ProjectBuilder:4626 - Time for Generating toolchain IDE Files: 1039mS.
2023-10-19 13:27:22,098 [INFO] ProjectBuilder:2935 - Time for Copy CMSIS : 0mS.
2023-10-19 13:27:22,100 [INFO] ProjectBuilder:2935 - Time for Copy CMSIS : 0mS.
