2023-11-17 12:41:24,372 [INFO] Activator:176 - 


2023-11-17 12:41:24,388 [INFO] Activator:177 - !SESSION log4j initialized
2023-11-17 12:41:29,675 [INFO] LogOutputStream:77 - [STDOUT_REDIRECT] 
2023-11-17 12:41:31,109 [INFO] ApplicationProperties:184 - Using Application install path: C:\ST\STM32CubeIDE_1.13.2\STM32CubeIDE\plugins\com.st.stm32cube.common.mx_6.9.2.202309101412
2023-11-17 12:41:31,129 [INFO] DbMcusXml:78 - Set database path to: C:\ST\STM32CubeIDE_1.13.2\STM32CubeIDE\plugins\com.st.stm32cube.common.mx_6.9.2.202309101412\\db\/mcu/
2023-11-17 12:41:31,129 [INFO] ApiDb:274 - Set plugin database path to: C:\ST\STM32CubeIDE_1.13.2\STM32CubeIDE\plugins\com.st.stm32cube.common.mx_6.9.2.202309101412\\db\/plugins/boardmanager/
2023-11-17 12:41:31,130 [WARN] ApiDb:259 - Overriding images path with different value:  => C:\ST\STM32CubeIDE_1.13.2\STM32CubeIDE\plugins\com.st.stm32cube.common.mx_6.9.2.202309101412\\db\/plugins/mcufinder/images/
2023-11-17 12:41:31,143 [INFO] ApiDb:250 - Set database path to: C:\Users\jespe\.stmcufinder\plugins\mcufinder//mcu/
2023-11-17 12:41:31,144 [INFO] DbMcusAds:125 - Set database path to: C:\Users\jespe\.stmcufinder\plugins\mcufinder//mcu/
2023-11-17 12:41:31,145 [INFO] CrossReferenceDbSqlite:203 - Set database path to: C:\Users\jespe\.stmcufinder\plugins\mcufinder//mcu/cs/
2023-11-17 12:41:31,250 [INFO] RulesReader:64 - Compatibility file has been processed (293 Rules)
2023-11-17 12:41:31,338 [INFO] DbMcusXml:78 - Set database path to: C:\ST\STM32CubeIDE_1.13.2\STM32CubeIDE\plugins\com.st.stm32cube.common.mx_6.9.2.202309101412\\db\/mcu/
2023-11-17 12:41:31,338 [INFO] ApiDb:274 - Set plugin database path to: C:\ST\STM32CubeIDE_1.13.2\STM32CubeIDE\plugins\com.st.stm32cube.common.mx_6.9.2.202309101412\\db\/plugins/boardmanager/
2023-11-17 12:41:31,338 [INFO] ApiDb:261 - Set plugin images path to: C:\ST\STM32CubeIDE_1.13.2\STM32CubeIDE\plugins\com.st.stm32cube.common.mx_6.9.2.202309101412\\db\/plugins/mcufinder/images/
2023-11-17 12:41:31,338 [WARN] DbFile:41 - Overriding database path with different value: C:\Users\jespe\.stmcufinder\plugins\mcufinder/ => C:\Users\jespe\.stmcufinder\plugins\mcufinder
2023-11-17 12:41:31,338 [INFO] ApiDb:250 - Set database path to: C:\Users\jespe\.stmcufinder\plugins\mcufinder//mcu/
2023-11-17 12:41:31,338 [WARN] DbFile:41 - Overriding database path with different value: C:\Users\jespe\.stmcufinder\plugins\mcufinder/ => C:\Users\jespe\.stmcufinder\plugins\mcufinder
2023-11-17 12:41:31,338 [INFO] DbMcusAds:125 - Set database path to: C:\Users\jespe\.stmcufinder\plugins\mcufinder//mcu/
2023-11-17 12:41:31,339 [WARN] DbFile:41 - Overriding database path with different value: C:\Users\jespe\.stmcufinder\plugins\mcufinder/ => C:\Users\jespe\.stmcufinder\plugins\mcufinder
2023-11-17 12:41:31,339 [WARN] DbFile:41 - Overriding database path with different value: C:\Users\jespe\.stmcufinder\plugins\mcufinder/ => C:\Users\jespe\.stmcufinder\plugins\mcufinder
2023-11-17 12:41:31,339 [INFO] CrossReferenceDbSqlite:203 - Set database path to: C:\Users\jespe\.stmcufinder\plugins\mcufinder//mcu/cs/
2023-11-17 12:41:31,406 [INFO] MainPanel:262 - HeapMemory: 268435456
2023-11-17 12:41:31,491 [INFO] DbMcusXml:78 - Set database path to: C:\ST\STM32CubeIDE_1.13.2\STM32CubeIDE\plugins\com.st.stm32cube.common.mx_6.9.2.202309101412\\db\/mcu/
2023-11-17 12:41:31,491 [INFO] ApiDb:274 - Set plugin database path to: C:\ST\STM32CubeIDE_1.13.2\STM32CubeIDE\plugins\com.st.stm32cube.common.mx_6.9.2.202309101412\\db\/plugins/boardmanager/
2023-11-17 12:41:31,491 [INFO] ApiDb:261 - Set plugin images path to: C:\ST\STM32CubeIDE_1.13.2\STM32CubeIDE\plugins\com.st.stm32cube.common.mx_6.9.2.202309101412\\db\/plugins/mcufinder/images/
2023-11-17 12:41:31,492 [WARN] DbFile:41 - Overriding database path with different value: C:\Users\jespe\.stmcufinder\plugins\mcufinder/ => C:\Users\jespe\.stmcufinder\plugins\mcufinder
2023-11-17 12:41:31,492 [INFO] ApiDb:250 - Set database path to: C:\Users\jespe\.stmcufinder\plugins\mcufinder//mcu/
2023-11-17 12:41:31,492 [WARN] DbFile:41 - Overriding database path with different value: C:\Users\jespe\.stmcufinder\plugins\mcufinder/ => C:\Users\jespe\.stmcufinder\plugins\mcufinder
2023-11-17 12:41:31,492 [INFO] DbMcusAds:125 - Set database path to: C:\Users\jespe\.stmcufinder\plugins\mcufinder//mcu/
2023-11-17 12:41:31,492 [WARN] DbFile:41 - Overriding database path with different value: C:\Users\jespe\.stmcufinder\plugins\mcufinder/ => C:\Users\jespe\.stmcufinder\plugins\mcufinder
2023-11-17 12:41:31,492 [WARN] DbFile:41 - Overriding database path with different value: C:\Users\jespe\.stmcufinder\plugins\mcufinder/ => C:\Users\jespe\.stmcufinder\plugins\mcufinder
2023-11-17 12:41:31,492 [INFO] CrossReferenceDbSqlite:203 - Set database path to: C:\Users\jespe\.stmcufinder\plugins\mcufinder//mcu/cs/
2023-11-17 12:41:31,508 [INFO] ApplicationProperties:184 - Using Application install path: C:\ST\STM32CubeIDE_1.13.2\STM32CubeIDE\plugins\com.st.stm32cube.common.mx_6.9.2.202309101412
2023-11-17 12:41:31,509 [INFO] PluginManage:196 - Search for loadable plugins [exclusion list=, ]
2023-11-17 12:41:31,510 [INFO] PluginManage:310 - Check plugin analytics
2023-11-17 12:41:31,683 [INFO] AnalyticsPlugin:253 - Accepted Software Licenses: 
2023-11-17 12:41:31,684 [INFO] AnalyticsPlugin:255 - Accepted CMSIS Pack Licenses: 
2023-11-17 12:41:31,684 [INFO] AnalyticsPlugin:257 - Accepted Firmware Licenses: 
2023-11-17 12:41:31,688 [INFO] PluginManage:359 - Loaded plugin analytics (category:tool,tabindex:-1)
2023-11-17 12:41:31,688 [INFO] PluginManage:310 - Check plugin cadmodel
2023-11-17 12:41:31,704 [INFO] CADModel:105 - Init CAD model plugin
2023-11-17 12:41:31,704 [INFO] PluginManage:359 - Loaded plugin cadmodel (category:power,tabindex:5)
2023-11-17 12:41:31,704 [INFO] PluginManage:310 - Check plugin clock
2023-11-17 12:41:31,722 [INFO] PluginManage:359 - Loaded plugin clock (category:base,tabindex:2)
2023-11-17 12:41:31,722 [INFO] PluginManage:310 - Check plugin ddr
2023-11-17 12:41:31,725 [INFO] PluginManage:359 - Loaded plugin ddr (category:tool,tabindex:6)
2023-11-17 12:41:31,725 [INFO] PluginManage:310 - Check plugin filemanager
2023-11-17 12:41:31,838 [INFO] PluginManage:359 - Loaded plugin filemanager (category:base,tabindex:10)
2023-11-17 12:41:31,838 [INFO] PluginManage:310 - Check plugin ipmanager
2023-11-17 12:41:31,845 [INFO] PluginManage:359 - Loaded plugin ipmanager (category:base,tabindex:5)
2023-11-17 12:41:31,846 [INFO] PluginManage:310 - Check plugin lpbam
2023-11-17 12:41:31,860 [INFO] PluginManage:359 - Loaded plugin lpbam (category:base,tabindex:0)
2023-11-17 12:41:31,860 [INFO] PluginManage:310 - Check plugin memorymap
2023-11-17 12:41:31,881 [INFO] PluginManage:359 - Loaded plugin memorymap (category:base,tabindex:4)
2023-11-17 12:41:31,881 [INFO] PluginManage:310 - Check plugin pinoutandconfiguration
2023-11-17 12:41:31,899 [INFO] PluginManage:359 - Loaded plugin pinoutandconfiguration (category:base,tabindex:1)
2023-11-17 12:41:31,899 [INFO] PluginManage:310 - Check plugin pinoutconfig
2023-11-17 12:41:32,014 [WARN] SupportedApi:132 - Cannot load RTOS API schema: s4s-elt-must-match.1: The content of 'definitions' must match (annotation?, (simpleType | complexType)?, (unique | key | keyref)*)). A problem was found starting at: attribute.
2023-11-17 12:41:32,148 [INFO] PluginManage:359 - Loaded plugin pinoutconfig (category:base,tabindex:0)
2023-11-17 12:41:32,148 [INFO] PluginManage:310 - Check plugin power
2023-11-17 12:41:32,167 [INFO] PluginManage:359 - Loaded plugin power (category:power,tabindex:4)
2023-11-17 12:41:32,167 [INFO] PluginManage:310 - Check plugin projectmanager
2023-11-17 12:41:32,179 [INFO] PluginManage:359 - Loaded plugin projectmanager (category:projectmanager,tabindex:3)
2023-11-17 12:41:32,180 [INFO] PluginManage:310 - Check plugin thirdparty
2023-11-17 12:41:32,410 [INFO] PluginManage:359 - Loaded plugin thirdparty (category:base,tabindex:-1)
2023-11-17 12:41:32,410 [INFO] PluginManage:310 - Check plugin tools
2023-11-17 12:41:32,410 [WARN] IntegrityCheckThread:84 - waiting for thirdparty lock release [integrity check]
2023-11-17 12:41:32,410 [INFO] IntegrityCheckThread:86 - entering critical section [integrity check]
2023-11-17 12:41:32,411 [INFO] ThirdPartyUpdaterWithRetryManager:70 - Updater plugin not ready yet. [1/15]
2023-11-17 12:41:32,436 [INFO] PluginManage:359 - Loaded plugin tools (category:base,tabindex:7)
2023-11-17 12:41:32,437 [INFO] PluginManage:310 - Check plugin tutovideos
2023-11-17 12:41:32,608 [INFO] PluginManage:359 - Loaded plugin tutovideos (category:base,tabindex:-1)
2023-11-17 12:41:32,609 [INFO] PluginManage:310 - Check plugin updater
2023-11-17 12:41:32,618 [INFO] PluginManage:359 - Loaded plugin updater (category:base,tabindex:12)
2023-11-17 12:41:32,618 [INFO] PluginManage:310 - Check plugin userauth
2023-11-17 12:41:32,623 [INFO] UserAuth:113 - Init User Auth plugin
2023-11-17 12:41:32,623 [INFO] PluginManage:359 - Loaded plugin userauth (category:base,tabindex:14)
2023-11-17 12:41:32,624 [INFO] PluginManage:283 - PluginManage : Loaded plugins [17]
2023-11-17 12:41:32,823 [INFO] PinOutPanel:1499 - setPackage(No Configuration,No Configuration)
2023-11-17 12:41:32,912 [INFO] CADModel:165 - CPN selected for project level
2023-11-17 12:41:32,912 [INFO] CADModel:114 - Register for checkConnection events
2023-11-17 12:41:32,933 [INFO] IPUIPlugin:80 - create IPUIPlugin
2023-11-17 12:41:32,933 [INFO] PluginManager:220 - loadIPPluginJar : add adc
2023-11-17 12:41:32,960 [INFO] IPUIPlugin:80 - create IPUIPlugin
2023-11-17 12:41:32,960 [INFO] PluginManager:220 - loadIPPluginJar : add aes
2023-11-17 12:41:32,990 [INFO] IPUIPlugin:80 - create IPUIPlugin
2023-11-17 12:41:32,990 [INFO] PluginManager:220 - loadIPPluginJar : add can
2023-11-17 12:41:33,007 [INFO] IPUIPlugin:80 - create IPUIPlugin
2023-11-17 12:41:33,007 [INFO] PluginManager:220 - loadIPPluginJar : add comp
2023-11-17 12:41:33,031 [INFO] IPUIPlugin:80 - create IPUIPlugin
2023-11-17 12:41:33,031 [INFO] PluginManager:220 - loadIPPluginJar : add cryp
2023-11-17 12:41:33,053 [INFO] IPUIPlugin:80 - create IPUIPlugin
2023-11-17 12:41:33,053 [INFO] PluginManager:220 - loadIPPluginJar : add dfsdm
2023-11-17 12:41:33,064 [INFO] IPUIPlugin:80 - create IPUIPlugin
2023-11-17 12:41:33,064 [INFO] PluginManager:220 - loadIPPluginJar : add dma
2023-11-17 12:41:33,093 [INFO] IPUIPlugin:80 - create IPUIPlugin
2023-11-17 12:41:33,093 [INFO] PluginManager:220 - loadIPPluginJar : add dma3
2023-11-17 12:41:33,108 [INFO] IPUIPlugin:80 - create IPUIPlugin
2023-11-17 12:41:33,108 [INFO] PluginManager:220 - loadIPPluginJar : add fatfs
2023-11-17 12:41:33,142 [INFO] IPUIPlugin:80 - create IPUIPlugin
2023-11-17 12:41:33,142 [INFO] PluginManager:220 - loadIPPluginJar : add fmc
2023-11-17 12:41:33,153 [INFO] IPUIPlugin:80 - create IPUIPlugin
2023-11-17 12:41:33,153 [INFO] PluginManager:220 - loadIPPluginJar : add freertos
2023-11-17 12:41:33,167 [INFO] IPUIPlugin:80 - create IPUIPlugin
2023-11-17 12:41:33,168 [INFO] PluginManager:220 - loadIPPluginJar : add genericplugin
2023-11-17 12:41:33,229 [INFO] IPUIPlugin:80 - create IPUIPlugin
2023-11-17 12:41:33,229 [INFO] PluginManager:220 - loadIPPluginJar : add gfxmmu
2023-11-17 12:41:33,317 [INFO] IPUIPlugin:80 - create IPUIPlugin
2023-11-17 12:41:33,317 [INFO] PluginManager:220 - loadIPPluginJar : add gic
2023-11-17 12:41:33,327 [INFO] IPUIPlugin:80 - create IPUIPlugin
2023-11-17 12:41:33,327 [INFO] PluginManager:220 - loadIPPluginJar : add gpio
2023-11-17 12:41:33,390 [INFO] IPUIPlugin:80 - create IPUIPlugin
2023-11-17 12:41:33,390 [INFO] PluginManager:220 - loadIPPluginJar : add gtzc
2023-11-17 12:41:33,412 [INFO] IPUIPlugin:80 - create IPUIPlugin
2023-11-17 12:41:33,413 [INFO] PluginManager:220 - loadIPPluginJar : add hash
2023-11-17 12:41:33,448 [INFO] IPUIPlugin:80 - create IPUIPlugin
2023-11-17 12:41:33,449 [INFO] PluginManager:220 - loadIPPluginJar : add i2c
2023-11-17 12:41:33,475 [INFO] IPUIPlugin:80 - create IPUIPlugin
2023-11-17 12:41:33,476 [INFO] PluginManager:220 - loadIPPluginJar : add i2s
2023-11-17 12:41:33,504 [INFO] IPUIPlugin:80 - create IPUIPlugin
2023-11-17 12:41:33,504 [INFO] PluginManager:220 - loadIPPluginJar : add i3c
2023-11-17 12:41:33,578 [INFO] IPUIPlugin:80 - create IPUIPlugin
2023-11-17 12:41:33,578 [INFO] PluginManager:220 - loadIPPluginJar : add ipddr
2023-11-17 12:41:33,639 [INFO] IPUIPlugin:80 - create IPUIPlugin
2023-11-17 12:41:33,639 [INFO] PluginManager:220 - loadIPPluginJar : add linkedlist
2023-11-17 12:41:33,662 [INFO] IPUIPlugin:80 - create IPUIPlugin
2023-11-17 12:41:33,662 [INFO] PluginManager:220 - loadIPPluginJar : add lorawan
2023-11-17 12:41:33,687 [INFO] IPUIPlugin:80 - create IPUIPlugin
2023-11-17 12:41:33,687 [INFO] PluginManager:220 - loadIPPluginJar : add ltdc
2023-11-17 12:41:33,698 [INFO] IPUIPlugin:80 - create IPUIPlugin
2023-11-17 12:41:33,698 [INFO] PluginManager:220 - loadIPPluginJar : add mdma
2023-11-17 12:41:33,707 [INFO] IPUIPlugin:80 - create IPUIPlugin
2023-11-17 12:41:33,707 [INFO] PluginManager:220 - loadIPPluginJar : add nvic
2023-11-17 12:41:33,731 [INFO] IPUIPlugin:80 - create IPUIPlugin
2023-11-17 12:41:33,731 [INFO] PluginManager:220 - loadIPPluginJar : add opamp
2023-11-17 12:41:33,771 [INFO] IPUIPlugin:80 - create IPUIPlugin
2023-11-17 12:41:33,771 [INFO] PluginManager:220 - loadIPPluginJar : add openamp
2023-11-17 12:41:33,799 [INFO] IPUIPlugin:80 - create IPUIPlugin
2023-11-17 12:41:33,800 [INFO] PluginManager:220 - loadIPPluginJar : add pdm2pcm
2023-11-17 12:41:33,810 [INFO] IPUIPlugin:80 - create IPUIPlugin
2023-11-17 12:41:33,812 [INFO] PluginManager:220 - loadIPPluginJar : add plateformsettings
2023-11-17 12:41:33,828 [INFO] IPUIPlugin:80 - create IPUIPlugin
2023-11-17 12:41:33,828 [INFO] PluginManager:220 - loadIPPluginJar : add quadspi
2023-11-17 12:41:33,838 [INFO] IPUIPlugin:80 - create IPUIPlugin
2023-11-17 12:41:33,838 [INFO] PluginManager:220 - loadIPPluginJar : add resmgrutility
2023-11-17 12:41:33,870 [INFO] IPUIPlugin:80 - create IPUIPlugin
2023-11-17 12:41:33,870 [INFO] PluginManager:220 - loadIPPluginJar : add sai
2023-11-17 12:41:33,895 [INFO] IPUIPlugin:80 - create IPUIPlugin
2023-11-17 12:41:33,895 [INFO] PluginManager:220 - loadIPPluginJar : add spi
2023-11-17 12:41:33,934 [INFO] IPUIPlugin:80 - create IPUIPlugin
2023-11-17 12:41:33,934 [INFO] PluginManager:220 - loadIPPluginJar : add stm32_wpan
2023-11-17 12:41:33,949 [INFO] IPUIPlugin:80 - create IPUIPlugin
2023-11-17 12:41:33,949 [INFO] PluginManager:220 - loadIPPluginJar : add tim
2023-11-17 12:41:33,987 [INFO] IPUIPlugin:80 - create IPUIPlugin
2023-11-17 12:41:33,987 [INFO] PluginManager:220 - loadIPPluginJar : add touchsensing
2023-11-17 12:41:34,004 [INFO] IPUIPlugin:80 - create IPUIPlugin
2023-11-17 12:41:34,004 [INFO] PluginManager:220 - loadIPPluginJar : add tracer_emb
2023-11-17 12:41:34,020 [INFO] IPUIPlugin:80 - create IPUIPlugin
2023-11-17 12:41:34,020 [INFO] PluginManager:220 - loadIPPluginJar : add ts
2023-11-17 12:41:34,034 [INFO] IPUIPlugin:80 - create IPUIPlugin
2023-11-17 12:41:34,035 [INFO] PluginManager:220 - loadIPPluginJar : add tsc
2023-11-17 12:41:34,058 [INFO] IPUIPlugin:80 - create IPUIPlugin
2023-11-17 12:41:34,058 [INFO] PluginManager:220 - loadIPPluginJar : add ucpd
2023-11-17 12:41:34,089 [INFO] IPUIPlugin:80 - create IPUIPlugin
2023-11-17 12:41:34,089 [INFO] PluginManager:220 - loadIPPluginJar : add usart
2023-11-17 12:41:34,118 [INFO] IPUIPlugin:80 - create IPUIPlugin
2023-11-17 12:41:34,118 [INFO] PluginManager:220 - loadIPPluginJar : add usbx
2023-11-17 12:41:34,245 [INFO] CADModel:165 - CPN selected for project level
2023-11-17 12:41:34,245 [INFO] CADModel:114 - Register for checkConnection events
2023-11-17 12:41:34,246 [FATAL] Updater:308 - Updater called before beeing initialized
2023-11-17 12:41:34,247 [ERROR] CADModel:125 - Updater not yet initialized, retry later 
2023-11-17 12:41:34,422 [INFO] CADModel:165 - CPN selected for project level
2023-11-17 12:41:34,423 [INFO] CADModel:114 - Register for checkConnection events
2023-11-17 12:41:34,423 [FATAL] Updater:308 - Updater called before beeing initialized
2023-11-17 12:41:34,423 [ERROR] CADModel:125 - Updater not yet initialized, retry later 
2023-11-17 12:41:34,426 [FATAL] Updater:308 - Updater called before beeing initialized
2023-11-17 12:41:34,518 [FATAL] Updater:308 - Updater called before beeing initialized
2023-11-17 12:41:34,530 [INFO] DbMcusAds:53 - JSON generation date=Tue Mar 07 09:50:55 CET 2023 (1678179055114)
2023-11-17 12:41:34,530 [FATAL] Updater:308 - Updater called before beeing initialized
2023-11-17 12:41:34,600 [WARN] DetailPanel:346 - Failed to get advertising image, set to default
2023-11-17 12:41:34,686 [FATAL] Updater:308 - Updater called before beeing initialized
2023-11-17 12:41:34,687 [FATAL] Updater:308 - Updater called before beeing initialized
2023-11-17 12:41:34,687 [FATAL] Updater:308 - Updater called before beeing initialized
2023-11-17 12:41:34,687 [WARN] DetailPanel:346 - Failed to get advertising image, set to default
2023-11-17 12:41:34,688 [FATAL] Updater:308 - Updater called before beeing initialized
2023-11-17 12:41:34,741 [ERROR] Updater:1120 - MainUpdater not yet initialized. External WinMGr cannot be set.
2023-11-17 12:41:34,749 [INFO] Updater:1056 - Updater Version found : 6.9.2
2023-11-17 12:41:34,764 [INFO] ApplicationProperties:184 - Using Application install path: C:\ST\STM32CubeIDE_1.13.2\STM32CubeIDE\plugins\com.st.stm32cube.common.mx_6.9.2.202309101412
2023-11-17 12:41:34,888 [INFO] MainUpdater:2868 - connection check result : 10
2023-11-17 12:41:34,888 [INFO] MainUpdater:3562 - Updater definition file requires update
2023-11-17 12:41:34,889 [INFO] MainUpdater:285 - Updater Check For Update Now.
2023-11-17 12:41:34,889 [INFO] MicroXplorer:498 - Change Database Version : DB.6.0.92
2023-11-17 12:41:34,903 [INFO] McuFinderGlobals:63 - Set McuFinder mode to 2 (CubeIDE integrated)
2023-11-17 12:41:34,913 [INFO] ServerAccessManage:473 - Download File updaters.zip
2023-11-17 12:41:34,985 [INFO] FileExtend:240 - Unzip File : updaters.zip
2023-11-17 12:41:34,986 [INFO] FileExtend:255 - Standard Zip Deflate
2023-11-17 12:41:35,402 [INFO] ServerAccessManage:473 - Download File PacksControlFlags.xml
2023-11-17 12:41:35,411 [WARN] MainUpdater:1189 - Updater busy. Cannot search thirdparties
2023-11-17 12:41:35,411 [INFO] ThirdPartyUpdaterWithRetryManager:96 - Updater plugin is busy. [1/15]
2023-11-17 12:41:35,495 [INFO] ServerAccessManage:473 - Download File cubemx.pidx
2023-11-17 12:41:35,805 [INFO] ServerAccessManage:473 - Download File STMicroelectronics.FP-SNS-MOTENVWB1.pdsc
2023-11-17 12:41:37,532 [ERROR] ServerAccessManage:1096 - Problem, Http access forbiden
2023-11-17 12:41:37,532 [ERROR] ServerAccessManage:651 - Problem, Http access forbiden : RoweBots.I-CUBE-UNISONRTOS.pdsc.
2023-11-17 12:41:37,695 [WARN] PackLoader:240 - Cannot read IP mode file for STMicroelectronics.FP-SNS-MOTENVWB1.1.3.0
2023-11-17 12:41:37,697 [INFO] PopulateThirdPartyThread:66 - Ending populate Thread
2023-11-17 12:41:37,698 [INFO] ThirdParty:1030 - CMSIS Pack Vendor :STMicroelectronics FP-SNS-MOTENVWB1 1.3.0
2023-11-17 12:41:37,699 [INFO] LoadServerUpdatesThread:373 - End of LoadServerUpdate Thread
2023-11-17 12:41:37,813 [INFO] CheckServerUpdateThread:120 - End of CheckServer Thread
2023-11-17 12:41:38,582 [WARN] PackLoader:240 - Cannot read IP mode file for STMicroelectronics.X-CUBE-SMBUS.2.1.0
2023-11-17 12:41:38,614 [WARN] PackLoader:240 - Cannot read IP mode file for STMicroelectronics.X-CUBE-AZRTOS-F7.1.1.0
2023-11-17 12:41:38,629 [WARN] PackLoader:240 - Cannot read IP mode file for STMicroelectronics.FP-SNS-MOTENV1.4.3.2
2023-11-17 12:41:38,635 [WARN] PackLoader:240 - Cannot read IP mode file for STMicroelectronics.FP-SNS-FLIGHT1.5.0.2
2023-11-17 12:41:38,648 [WARN] PackLoader:240 - Cannot read IP mode file for STMicroelectronics.X-CUBE-DISPLAY.3.0.0
2023-11-17 12:41:38,664 [WARN] PackLoader:240 - Cannot read IP mode file for STMicroelectronics.X-CUBE-BLE1.7.0.0
2023-11-17 12:41:38,675 [WARN] PackLoader:240 - Cannot read IP mode file for emotas.I-CUBE-CANOPEN.1.3.0
2023-11-17 12:41:38,686 [WARN] PackLoader:240 - Cannot read IP mode file for STMicroelectronics.X-CUBE-TOUCHGFX.4.22.0
2023-11-17 12:41:38,694 [WARN] PackLoader:240 - Cannot read IP mode file for STMicroelectronics.X-CUBE-TOUCHGFX.4.22.1
2023-11-17 12:41:38,704 [WARN] PackLoader:240 - Cannot read IP mode file for STMicroelectronics.FP-SNS-SMARTAG2.1.2.0
2023-11-17 12:41:38,732 [INFO] LogOutputStream:77 - [STDOUT_REDIRECT] 1 : Invalid condition id : UX_CORESTACK_Condition cause : null
2023-11-17 12:41:38,732 [INFO] LogOutputStream:77 - [STDOUT_REDIRECT] 1 : Invalid condition id : UX_CORESTACK_Condition cause : null
2023-11-17 12:41:38,733 [INFO] LogOutputStream:77 - [STDOUT_REDIRECT] 1 : Invalid condition id : UX_CORESTACK_Condition cause : null
2023-11-17 12:41:38,734 [INFO] LogOutputStream:77 - [STDOUT_REDIRECT] 1 : Invalid condition id : UX_CORESTACK_Condition cause : null
2023-11-17 12:41:38,735 [INFO] LogOutputStream:77 - [STDOUT_REDIRECT] 1 : Invalid condition id : UX_CORESTACK_Condition cause : null
2023-11-17 12:41:38,738 [WARN] PackLoader:240 - Cannot read IP mode file for STMicroelectronics.X-CUBE-AZRTOS-WL.2.0.0
2023-11-17 12:41:38,753 [WARN] PackLoader:240 - Cannot read IP mode file for WES.I-CUBE-Cesium.1.3.0
2023-11-17 12:41:38,764 [WARN] PackLoader:240 - Cannot read IP mode file for STMicroelectronics.X-CUBE-BLE2.3.3.0
2023-11-17 12:41:38,778 [WARN] PackLoader:240 - Cannot read IP mode file for STMicroelectronics.X-CUBE-ALGOBUILD.1.3.0
2023-11-17 12:41:38,803 [WARN] PackLoader:240 - Cannot read IP mode file for STMicroelectronics.X-CUBE-AZRTOS-G0.1.1.0
2023-11-17 12:41:38,817 [WARN] PackLoader:240 - Cannot read IP mode file for STMicroelectronics.X-CUBE-NFC4.3.0.0
2023-11-17 12:41:38,832 [WARN] PackLoader:240 - Cannot read IP mode file for STMicroelectronics.X-CUBE-BLEMGR.3.0.0
2023-11-17 12:41:38,838 [WARN] PackLoader:240 - Cannot read IP mode file for STMicroelectronics.FP-ATR-SIGFOX1.3.2.0
2023-11-17 12:41:38,868 [WARN] PackLoader:240 - Cannot read IP mode file for SEGGER.I-CUBE-embOS.1.3.1
2023-11-17 12:41:38,905 [WARN] PackLoader:240 - Cannot read IP mode file for STMicroelectronics.X-CUBE-GNSS1.6.0.0
2023-11-17 12:41:38,929 [WARN] PackLoader:240 - Cannot read IP mode file for STMicroelectronics.X-CUBE-AZRTOS-F4.1.1.0
2023-11-17 12:41:38,939 [WARN] PackLoader:240 - Cannot read IP mode file for wolfSSL.I-CUBE-wolfSSL.5.6.3
2023-11-17 12:41:38,962 [WARN] PackLoader:240 - Cannot read IP mode file for STMicroelectronics.X-CUBE-AZRTOS-L5.2.0.0
2023-11-17 12:41:39,003 [WARN] PackLoader:240 - Cannot read IP mode file for STMicroelectronics.X-CUBE-MEMS1.9.6.0
2023-11-17 12:41:39,119 [WARN] PackLoader:240 - Cannot read IP mode file for STMicroelectronics.X-CUBE-EEPRMA1.4.2.0
2023-11-17 12:41:39,129 [WARN] PackLoader:240 - Cannot read IP mode file for ITTIA_DB.I-CUBE-ITTIADB.8.8.0
2023-11-17 12:41:39,140 [WARN] PackLoader:240 - Cannot read IP mode file for STMicroelectronics.X-CUBE-BLEMGR.2.0.0
2023-11-17 12:41:39,164 [WARN] ConditionMgr:438 - getConditionDescription Invalid condition id : UX DEVICE CLASS RTOS Condition cause : null
2023-11-17 12:41:39,164 [WARN] ConditionMgr:438 - getConditionDescription Invalid condition id : UX DEVICE CLASS RTOS Condition cause : null
2023-11-17 12:41:39,166 [WARN] PackLoader:240 - Cannot read IP mode file for STMicroelectronics.X-CUBE-AZRTOS-H7.3.1.0
2023-11-17 12:41:39,167 [WARN] ConditionMgr:1039 - genDependencies : Invalid condition id : UX DEVICE CLASS RTOS Condition cause : null
2023-11-17 12:41:39,167 [WARN] ConditionMgr:1039 - genDependencies : Invalid condition id : UX DEVICE CLASS RTOS Condition cause : null
2023-11-17 12:41:39,167 [WARN] ConditionMgr:1039 - genDependencies : Invalid condition id : UX DEVICE CLASS RTOS Condition cause : null
2023-11-17 12:41:39,168 [WARN] ConditionMgr:1039 - genDependencies : Invalid condition id : UX DEVICE CLASS RTOS Condition cause : null
2023-11-17 12:41:39,168 [WARN] ConditionMgr:1039 - genDependencies : Invalid condition id : UX DEVICE CLASS RTOS Condition cause : null
2023-11-17 12:41:39,179 [WARN] PackLoader:240 - Cannot read IP mode file for STMicroelectronics.X-CUBE-NFC7.1.0.1
2023-11-17 12:41:39,193 [WARN] PackLoader:240 - Cannot read IP mode file for STMicroelectronics.X-CUBE-NFC6.3.0.0
2023-11-17 12:41:39,204 [WARN] PackLoader:240 - Cannot read IP mode file for STMicroelectronics.X-CUBE-EEPRMA1.4.1.0
2023-11-17 12:41:39,214 [WARN] PackLoader:240 - Cannot read IP mode file for STMicroelectronics.X-CUBE-AI.8.1.0
2023-11-17 12:41:39,237 [WARN] ConditionMgr:438 - getConditionDescription Invalid condition id : LAN8742 Phy interface Condition cause : null
2023-11-17 12:41:39,238 [WARN] PackLoader:240 - Cannot read IP mode file for STMicroelectronics.X-CUBE-AZRTOS-L4.2.0.0
2023-11-17 12:41:39,238 [WARN] ConditionMgr:1039 - genDependencies : Invalid condition id : LAN8742 Phy interface Condition cause : null
2023-11-17 12:41:39,239 [WARN] ConditionMgr:1039 - genDependencies : Invalid condition id : LAN8742 Phy interface Condition cause : null
2023-11-17 12:41:39,239 [WARN] ConditionMgr:1039 - genDependencies : Invalid condition id : LAN8742 Phy interface Condition cause : null
2023-11-17 12:41:39,251 [WARN] PackLoader:240 - Cannot read IP mode file for STMicroelectronics.X-CUBE-SFXS2LP1.4.0.0
2023-11-17 12:41:39,260 [WARN] PackLoader:240 - Cannot read IP mode file for STMicroelectronics.X-CUBE-ISPU.1.1.0
2023-11-17 12:41:39,279 [WARN] ConditionMgr:438 - getConditionDescription Invalid condition id : UX DEVICE CLASS RTOS Condition cause : null
2023-11-17 12:41:39,279 [WARN] ConditionMgr:438 - getConditionDescription Invalid condition id : UX DEVICE CLASS RTOS Condition cause : null
2023-11-17 12:41:39,280 [WARN] PackLoader:240 - Cannot read IP mode file for STMicroelectronics.X-CUBE-AZRTOS-WB.2.0.0
2023-11-17 12:41:39,281 [WARN] ConditionMgr:1039 - genDependencies : Invalid condition id : UX DEVICE CLASS RTOS Condition cause : null
2023-11-17 12:41:39,281 [WARN] ConditionMgr:1039 - genDependencies : Invalid condition id : UX DEVICE CLASS RTOS Condition cause : null
2023-11-17 12:41:39,282 [WARN] ConditionMgr:1039 - genDependencies : Invalid condition id : UX DEVICE CLASS RTOS Condition cause : null
2023-11-17 12:41:39,282 [WARN] ConditionMgr:1039 - genDependencies : Invalid condition id : UX DEVICE CLASS RTOS Condition cause : null
2023-11-17 12:41:39,282 [WARN] ConditionMgr:1039 - genDependencies : Invalid condition id : UX DEVICE CLASS RTOS Condition cause : null
2023-11-17 12:41:39,297 [WARN] PackLoader:240 - Cannot read IP mode file for STMicroelectronics.X-CUBE-SUBG2.5.0.0
2023-11-17 12:41:39,315 [WARN] PackLoader:240 - Cannot read IP mode file for STMicroelectronics.X-CUBE-TOF1.3.3.1
2023-11-17 12:41:39,344 [WARN] PackLoader:240 - Cannot read IP mode file for STMicroelectronics.X-CUBE-AZRTOS-G4.2.0.0
2023-11-17 12:41:39,362 [WARN] PackLoader:240 - Cannot read IP mode file for Infineon.AIROC-Wi-Fi-Bluetooth-STM32.1.5.1
2023-11-17 12:41:39,368 [WARN] PackLoader:240 - Cannot read IP mode file for STMicroelectronics.FP-SNS-MOTENVWB1.1.3.0
2023-11-17 12:41:39,414 [WARN] PackLoader:240 - Cannot read IP mode file for STMicroelectronics.X-CUBE-MEMS1.10.0.0
2023-11-17 12:41:39,504 [WARN] PackLoader:240 - Cannot read IP mode file for STMicroelectronics.X-CUBE-FREERTOS.1.1.0
2023-11-17 12:41:39,515 [WARN] PackLoader:240 - Cannot read IP mode file for portGmbH.I-Cube-SoM-uGOAL.1.1.0
2023-11-17 12:41:39,524 [WARN] PackLoader:240 - Cannot read IP mode file for STMicroelectronics.X-CUBE-ALS.1.0.1
2023-11-17 12:41:39,528 [WARN] PackLoader:240 - Cannot read IP mode file for STMicroelectronics.FP-ATR-ASTRA1.2.0.0
2023-11-17 12:41:39,529 [INFO] ThirdParty:978 - Integrity check success = true
2023-11-17 12:41:39,529 [INFO] IntegrityCheckThread:100 - exiting critical section [integrity check]
2023-11-17 12:41:39,529 [INFO] IntegrityCheckThread:103 - End integrity checks thread
2023-11-17 12:41:55,747 [ERROR] LogOutputStream:75 - [STDERR_REDIRECT] SLF4J: Failed to load class "org.slf4j.impl.StaticLoggerBinder".
2023-11-17 12:41:55,748 [ERROR] LogOutputStream:75 - [STDERR_REDIRECT] SLF4J: Defaulting to no-operation (NOP) logger implementation
2023-11-17 12:41:55,749 [ERROR] LogOutputStream:75 - [STDERR_REDIRECT] SLF4J: See http://www.slf4j.org/codes.html#StaticLoggerBinder for further details.
2023-11-17 13:53:20,209 [INFO] Activator:176 - 


2023-11-17 13:53:20,212 [INFO] Activator:177 - !SESSION log4j initialized
2023-11-17 13:53:24,504 [INFO] LogOutputStream:77 - [STDOUT_REDIRECT] 
2023-11-17 13:53:25,372 [INFO] ApplicationProperties:184 - Using Application install path: C:\ST\STM32CubeIDE_1.13.2\STM32CubeIDE\plugins\com.st.stm32cube.common.mx_6.9.2.202309101412
2023-11-17 13:53:25,393 [INFO] DbMcusXml:78 - Set database path to: C:\ST\STM32CubeIDE_1.13.2\STM32CubeIDE\plugins\com.st.stm32cube.common.mx_6.9.2.202309101412\\db\/mcu/
2023-11-17 13:53:25,393 [INFO] ApiDb:274 - Set plugin database path to: C:\ST\STM32CubeIDE_1.13.2\STM32CubeIDE\plugins\com.st.stm32cube.common.mx_6.9.2.202309101412\\db\/plugins/boardmanager/
2023-11-17 13:53:25,393 [WARN] ApiDb:259 - Overriding images path with different value:  => C:\ST\STM32CubeIDE_1.13.2\STM32CubeIDE\plugins\com.st.stm32cube.common.mx_6.9.2.202309101412\\db\/plugins/mcufinder/images/
2023-11-17 13:53:25,402 [INFO] ApiDb:250 - Set database path to: C:\Users\jespe\.stmcufinder\plugins\mcufinder//mcu/
2023-11-17 13:53:25,404 [INFO] DbMcusAds:125 - Set database path to: C:\Users\jespe\.stmcufinder\plugins\mcufinder//mcu/
2023-11-17 13:53:25,406 [INFO] CrossReferenceDbSqlite:203 - Set database path to: C:\Users\jespe\.stmcufinder\plugins\mcufinder//mcu/cs/
2023-11-17 13:53:25,504 [INFO] RulesReader:64 - Compatibility file has been processed (293 Rules)
2023-11-17 13:53:25,561 [INFO] DbMcusXml:78 - Set database path to: C:\ST\STM32CubeIDE_1.13.2\STM32CubeIDE\plugins\com.st.stm32cube.common.mx_6.9.2.202309101412\\db\/mcu/
2023-11-17 13:53:25,561 [INFO] ApiDb:274 - Set plugin database path to: C:\ST\STM32CubeIDE_1.13.2\STM32CubeIDE\plugins\com.st.stm32cube.common.mx_6.9.2.202309101412\\db\/plugins/boardmanager/
2023-11-17 13:53:25,561 [INFO] ApiDb:261 - Set plugin images path to: C:\ST\STM32CubeIDE_1.13.2\STM32CubeIDE\plugins\com.st.stm32cube.common.mx_6.9.2.202309101412\\db\/plugins/mcufinder/images/
2023-11-17 13:53:25,561 [WARN] DbFile:41 - Overriding database path with different value: C:\Users\jespe\.stmcufinder\plugins\mcufinder/ => C:\Users\jespe\.stmcufinder\plugins\mcufinder
2023-11-17 13:53:25,562 [INFO] ApiDb:250 - Set database path to: C:\Users\jespe\.stmcufinder\plugins\mcufinder//mcu/
2023-11-17 13:53:25,562 [WARN] DbFile:41 - Overriding database path with different value: C:\Users\jespe\.stmcufinder\plugins\mcufinder/ => C:\Users\jespe\.stmcufinder\plugins\mcufinder
2023-11-17 13:53:25,562 [INFO] DbMcusAds:125 - Set database path to: C:\Users\jespe\.stmcufinder\plugins\mcufinder//mcu/
2023-11-17 13:53:25,562 [WARN] DbFile:41 - Overriding database path with different value: C:\Users\jespe\.stmcufinder\plugins\mcufinder/ => C:\Users\jespe\.stmcufinder\plugins\mcufinder
2023-11-17 13:53:25,562 [WARN] DbFile:41 - Overriding database path with different value: C:\Users\jespe\.stmcufinder\plugins\mcufinder/ => C:\Users\jespe\.stmcufinder\plugins\mcufinder
2023-11-17 13:53:25,562 [INFO] CrossReferenceDbSqlite:203 - Set database path to: C:\Users\jespe\.stmcufinder\plugins\mcufinder//mcu/cs/
2023-11-17 13:53:25,620 [INFO] MainPanel:262 - HeapMemory: 268435456
2023-11-17 13:53:25,672 [INFO] DbMcusXml:78 - Set database path to: C:\ST\STM32CubeIDE_1.13.2\STM32CubeIDE\plugins\com.st.stm32cube.common.mx_6.9.2.202309101412\\db\/mcu/
2023-11-17 13:53:25,673 [INFO] ApiDb:274 - Set plugin database path to: C:\ST\STM32CubeIDE_1.13.2\STM32CubeIDE\plugins\com.st.stm32cube.common.mx_6.9.2.202309101412\\db\/plugins/boardmanager/
2023-11-17 13:53:25,673 [INFO] ApiDb:261 - Set plugin images path to: C:\ST\STM32CubeIDE_1.13.2\STM32CubeIDE\plugins\com.st.stm32cube.common.mx_6.9.2.202309101412\\db\/plugins/mcufinder/images/
2023-11-17 13:53:25,673 [WARN] DbFile:41 - Overriding database path with different value: C:\Users\jespe\.stmcufinder\plugins\mcufinder/ => C:\Users\jespe\.stmcufinder\plugins\mcufinder
2023-11-17 13:53:25,673 [INFO] ApiDb:250 - Set database path to: C:\Users\jespe\.stmcufinder\plugins\mcufinder//mcu/
2023-11-17 13:53:25,673 [WARN] DbFile:41 - Overriding database path with different value: C:\Users\jespe\.stmcufinder\plugins\mcufinder/ => C:\Users\jespe\.stmcufinder\plugins\mcufinder
2023-11-17 13:53:25,673 [INFO] DbMcusAds:125 - Set database path to: C:\Users\jespe\.stmcufinder\plugins\mcufinder//mcu/
2023-11-17 13:53:25,673 [WARN] DbFile:41 - Overriding database path with different value: C:\Users\jespe\.stmcufinder\plugins\mcufinder/ => C:\Users\jespe\.stmcufinder\plugins\mcufinder
2023-11-17 13:53:25,673 [WARN] DbFile:41 - Overriding database path with different value: C:\Users\jespe\.stmcufinder\plugins\mcufinder/ => C:\Users\jespe\.stmcufinder\plugins\mcufinder
2023-11-17 13:53:25,673 [INFO] CrossReferenceDbSqlite:203 - Set database path to: C:\Users\jespe\.stmcufinder\plugins\mcufinder//mcu/cs/
2023-11-17 13:53:25,687 [INFO] ApplicationProperties:184 - Using Application install path: C:\ST\STM32CubeIDE_1.13.2\STM32CubeIDE\plugins\com.st.stm32cube.common.mx_6.9.2.202309101412
2023-11-17 13:53:25,688 [INFO] PluginManage:196 - Search for loadable plugins [exclusion list=, ]
2023-11-17 13:53:25,689 [INFO] PluginManage:310 - Check plugin analytics
2023-11-17 13:53:25,836 [INFO] AnalyticsPlugin:253 - Accepted Software Licenses: 
2023-11-17 13:53:25,836 [INFO] AnalyticsPlugin:255 - Accepted CMSIS Pack Licenses: 
2023-11-17 13:53:25,837 [INFO] AnalyticsPlugin:257 - Accepted Firmware Licenses: 
2023-11-17 13:53:25,840 [INFO] PluginManage:359 - Loaded plugin analytics (category:tool,tabindex:-1)
2023-11-17 13:53:25,841 [INFO] PluginManage:310 - Check plugin cadmodel
2023-11-17 13:53:25,852 [INFO] CADModel:105 - Init CAD model plugin
2023-11-17 13:53:25,853 [INFO] PluginManage:359 - Loaded plugin cadmodel (category:power,tabindex:5)
2023-11-17 13:53:25,853 [INFO] PluginManage:310 - Check plugin clock
2023-11-17 13:53:25,871 [INFO] PluginManage:359 - Loaded plugin clock (category:base,tabindex:2)
2023-11-17 13:53:25,871 [INFO] PluginManage:310 - Check plugin ddr
2023-11-17 13:53:25,873 [INFO] PluginManage:359 - Loaded plugin ddr (category:tool,tabindex:6)
2023-11-17 13:53:25,873 [INFO] PluginManage:310 - Check plugin filemanager
2023-11-17 13:53:25,979 [INFO] PluginManage:359 - Loaded plugin filemanager (category:base,tabindex:10)
2023-11-17 13:53:25,979 [INFO] PluginManage:310 - Check plugin ipmanager
2023-11-17 13:53:25,985 [INFO] PluginManage:359 - Loaded plugin ipmanager (category:base,tabindex:5)
2023-11-17 13:53:25,985 [INFO] PluginManage:310 - Check plugin lpbam
2023-11-17 13:53:25,999 [INFO] PluginManage:359 - Loaded plugin lpbam (category:base,tabindex:0)
2023-11-17 13:53:25,999 [INFO] PluginManage:310 - Check plugin memorymap
2023-11-17 13:53:26,015 [INFO] PluginManage:359 - Loaded plugin memorymap (category:base,tabindex:4)
2023-11-17 13:53:26,015 [INFO] PluginManage:310 - Check plugin pinoutandconfiguration
2023-11-17 13:53:26,028 [INFO] PluginManage:359 - Loaded plugin pinoutandconfiguration (category:base,tabindex:1)
2023-11-17 13:53:26,029 [INFO] PluginManage:310 - Check plugin pinoutconfig
2023-11-17 13:53:26,106 [WARN] SupportedApi:132 - Cannot load RTOS API schema: s4s-elt-must-match.1: The content of 'definitions' must match (annotation?, (simpleType | complexType)?, (unique | key | keyref)*)). A problem was found starting at: attribute.
2023-11-17 13:53:26,200 [INFO] PluginManage:359 - Loaded plugin pinoutconfig (category:base,tabindex:0)
2023-11-17 13:53:26,201 [INFO] PluginManage:310 - Check plugin power
2023-11-17 13:53:26,214 [INFO] PluginManage:359 - Loaded plugin power (category:power,tabindex:4)
2023-11-17 13:53:26,214 [INFO] PluginManage:310 - Check plugin projectmanager
2023-11-17 13:53:26,226 [INFO] PluginManage:359 - Loaded plugin projectmanager (category:projectmanager,tabindex:3)
2023-11-17 13:53:26,226 [INFO] PluginManage:310 - Check plugin thirdparty
2023-11-17 13:53:26,424 [INFO] PluginManage:359 - Loaded plugin thirdparty (category:base,tabindex:-1)
2023-11-17 13:53:26,424 [WARN] IntegrityCheckThread:84 - waiting for thirdparty lock release [integrity check]
2023-11-17 13:53:26,424 [INFO] PluginManage:310 - Check plugin tools
2023-11-17 13:53:26,425 [INFO] IntegrityCheckThread:86 - entering critical section [integrity check]
2023-11-17 13:53:26,425 [INFO] ThirdPartyUpdaterWithRetryManager:70 - Updater plugin not ready yet. [1/15]
2023-11-17 13:53:26,450 [INFO] PluginManage:359 - Loaded plugin tools (category:base,tabindex:7)
2023-11-17 13:53:26,450 [INFO] PluginManage:310 - Check plugin tutovideos
2023-11-17 13:53:26,582 [INFO] PluginManage:359 - Loaded plugin tutovideos (category:base,tabindex:-1)
2023-11-17 13:53:26,582 [INFO] PluginManage:310 - Check plugin updater
2023-11-17 13:53:26,588 [INFO] PluginManage:359 - Loaded plugin updater (category:base,tabindex:12)
2023-11-17 13:53:26,588 [INFO] PluginManage:310 - Check plugin userauth
2023-11-17 13:53:26,592 [INFO] UserAuth:113 - Init User Auth plugin
2023-11-17 13:53:26,592 [INFO] PluginManage:359 - Loaded plugin userauth (category:base,tabindex:14)
2023-11-17 13:53:26,592 [INFO] PluginManage:283 - PluginManage : Loaded plugins [17]
2023-11-17 13:53:26,748 [INFO] PinOutPanel:1499 - setPackage(No Configuration,No Configuration)
2023-11-17 13:53:26,840 [INFO] CADModel:165 - CPN selected for project level
2023-11-17 13:53:26,840 [INFO] CADModel:114 - Register for checkConnection events
2023-11-17 13:53:26,860 [INFO] IPUIPlugin:80 - create IPUIPlugin
2023-11-17 13:53:26,860 [INFO] PluginManager:220 - loadIPPluginJar : add adc
2023-11-17 13:53:26,889 [INFO] IPUIPlugin:80 - create IPUIPlugin
2023-11-17 13:53:26,889 [INFO] PluginManager:220 - loadIPPluginJar : add aes
2023-11-17 13:53:26,921 [INFO] IPUIPlugin:80 - create IPUIPlugin
2023-11-17 13:53:26,921 [INFO] PluginManager:220 - loadIPPluginJar : add can
2023-11-17 13:53:26,937 [INFO] IPUIPlugin:80 - create IPUIPlugin
2023-11-17 13:53:26,938 [INFO] PluginManager:220 - loadIPPluginJar : add comp
2023-11-17 13:53:26,962 [INFO] IPUIPlugin:80 - create IPUIPlugin
2023-11-17 13:53:26,962 [INFO] PluginManager:220 - loadIPPluginJar : add cryp
2023-11-17 13:53:26,984 [INFO] IPUIPlugin:80 - create IPUIPlugin
2023-11-17 13:53:26,984 [INFO] PluginManager:220 - loadIPPluginJar : add dfsdm
2023-11-17 13:53:26,995 [INFO] IPUIPlugin:80 - create IPUIPlugin
2023-11-17 13:53:26,995 [INFO] PluginManager:220 - loadIPPluginJar : add dma
2023-11-17 13:53:27,026 [INFO] IPUIPlugin:80 - create IPUIPlugin
2023-11-17 13:53:27,026 [INFO] PluginManager:220 - loadIPPluginJar : add dma3
2023-11-17 13:53:27,040 [INFO] IPUIPlugin:80 - create IPUIPlugin
2023-11-17 13:53:27,040 [INFO] PluginManager:220 - loadIPPluginJar : add fatfs
2023-11-17 13:53:27,074 [INFO] IPUIPlugin:80 - create IPUIPlugin
2023-11-17 13:53:27,075 [INFO] PluginManager:220 - loadIPPluginJar : add fmc
2023-11-17 13:53:27,086 [INFO] IPUIPlugin:80 - create IPUIPlugin
2023-11-17 13:53:27,086 [INFO] PluginManager:220 - loadIPPluginJar : add freertos
2023-11-17 13:53:27,102 [INFO] IPUIPlugin:80 - create IPUIPlugin
2023-11-17 13:53:27,102 [INFO] PluginManager:220 - loadIPPluginJar : add genericplugin
2023-11-17 13:53:27,171 [INFO] IPUIPlugin:80 - create IPUIPlugin
2023-11-17 13:53:27,172 [INFO] PluginManager:220 - loadIPPluginJar : add gfxmmu
2023-11-17 13:53:27,264 [INFO] IPUIPlugin:80 - create IPUIPlugin
2023-11-17 13:53:27,264 [INFO] PluginManager:220 - loadIPPluginJar : add gic
2023-11-17 13:53:27,273 [INFO] IPUIPlugin:80 - create IPUIPlugin
2023-11-17 13:53:27,273 [INFO] PluginManager:220 - loadIPPluginJar : add gpio
2023-11-17 13:53:27,339 [INFO] IPUIPlugin:80 - create IPUIPlugin
2023-11-17 13:53:27,340 [INFO] PluginManager:220 - loadIPPluginJar : add gtzc
2023-11-17 13:53:27,363 [INFO] IPUIPlugin:80 - create IPUIPlugin
2023-11-17 13:53:27,363 [INFO] PluginManager:220 - loadIPPluginJar : add hash
2023-11-17 13:53:27,399 [INFO] IPUIPlugin:80 - create IPUIPlugin
2023-11-17 13:53:27,400 [INFO] PluginManager:220 - loadIPPluginJar : add i2c
2023-11-17 13:53:27,427 [INFO] IPUIPlugin:80 - create IPUIPlugin
2023-11-17 13:53:27,428 [INFO] PluginManager:220 - loadIPPluginJar : add i2s
2023-11-17 13:53:27,456 [INFO] IPUIPlugin:80 - create IPUIPlugin
2023-11-17 13:53:27,457 [INFO] PluginManager:220 - loadIPPluginJar : add i3c
2023-11-17 13:53:27,532 [INFO] IPUIPlugin:80 - create IPUIPlugin
2023-11-17 13:53:27,532 [INFO] PluginManager:220 - loadIPPluginJar : add ipddr
2023-11-17 13:53:27,597 [INFO] IPUIPlugin:80 - create IPUIPlugin
2023-11-17 13:53:27,598 [INFO] PluginManager:220 - loadIPPluginJar : add linkedlist
2023-11-17 13:53:27,623 [INFO] IPUIPlugin:80 - create IPUIPlugin
2023-11-17 13:53:27,623 [INFO] PluginManager:220 - loadIPPluginJar : add lorawan
2023-11-17 13:53:27,649 [INFO] IPUIPlugin:80 - create IPUIPlugin
2023-11-17 13:53:27,649 [INFO] PluginManager:220 - loadIPPluginJar : add ltdc
2023-11-17 13:53:27,659 [INFO] IPUIPlugin:80 - create IPUIPlugin
2023-11-17 13:53:27,659 [INFO] PluginManager:220 - loadIPPluginJar : add mdma
2023-11-17 13:53:27,668 [INFO] IPUIPlugin:80 - create IPUIPlugin
2023-11-17 13:53:27,668 [INFO] PluginManager:220 - loadIPPluginJar : add nvic
2023-11-17 13:53:27,694 [INFO] IPUIPlugin:80 - create IPUIPlugin
2023-11-17 13:53:27,694 [INFO] PluginManager:220 - loadIPPluginJar : add opamp
2023-11-17 13:53:27,737 [INFO] IPUIPlugin:80 - create IPUIPlugin
2023-11-17 13:53:27,737 [INFO] PluginManager:220 - loadIPPluginJar : add openamp
2023-11-17 13:53:27,770 [INFO] IPUIPlugin:80 - create IPUIPlugin
2023-11-17 13:53:27,771 [INFO] PluginManager:220 - loadIPPluginJar : add pdm2pcm
2023-11-17 13:53:27,781 [INFO] IPUIPlugin:80 - create IPUIPlugin
2023-11-17 13:53:27,783 [INFO] PluginManager:220 - loadIPPluginJar : add plateformsettings
2023-11-17 13:53:27,799 [INFO] IPUIPlugin:80 - create IPUIPlugin
2023-11-17 13:53:27,799 [INFO] PluginManager:220 - loadIPPluginJar : add quadspi
2023-11-17 13:53:27,808 [INFO] IPUIPlugin:80 - create IPUIPlugin
2023-11-17 13:53:27,808 [INFO] PluginManager:220 - loadIPPluginJar : add resmgrutility
2023-11-17 13:53:27,845 [INFO] IPUIPlugin:80 - create IPUIPlugin
2023-11-17 13:53:27,845 [INFO] PluginManager:220 - loadIPPluginJar : add sai
2023-11-17 13:53:27,872 [INFO] IPUIPlugin:80 - create IPUIPlugin
2023-11-17 13:53:27,872 [INFO] PluginManager:220 - loadIPPluginJar : add spi
2023-11-17 13:53:27,916 [INFO] IPUIPlugin:80 - create IPUIPlugin
2023-11-17 13:53:27,916 [INFO] PluginManager:220 - loadIPPluginJar : add stm32_wpan
2023-11-17 13:53:27,933 [INFO] IPUIPlugin:80 - create IPUIPlugin
2023-11-17 13:53:27,933 [INFO] PluginManager:220 - loadIPPluginJar : add tim
2023-11-17 13:53:27,977 [INFO] IPUIPlugin:80 - create IPUIPlugin
2023-11-17 13:53:27,977 [INFO] PluginManager:220 - loadIPPluginJar : add touchsensing
2023-11-17 13:53:27,994 [INFO] IPUIPlugin:80 - create IPUIPlugin
2023-11-17 13:53:27,994 [INFO] PluginManager:220 - loadIPPluginJar : add tracer_emb
2023-11-17 13:53:28,012 [INFO] IPUIPlugin:80 - create IPUIPlugin
2023-11-17 13:53:28,012 [INFO] PluginManager:220 - loadIPPluginJar : add ts
2023-11-17 13:53:28,028 [INFO] IPUIPlugin:80 - create IPUIPlugin
2023-11-17 13:53:28,028 [INFO] PluginManager:220 - loadIPPluginJar : add tsc
2023-11-17 13:53:28,044 [INFO] IPUIPlugin:80 - create IPUIPlugin
2023-11-17 13:53:28,044 [INFO] PluginManager:220 - loadIPPluginJar : add ucpd
2023-11-17 13:53:28,078 [INFO] IPUIPlugin:80 - create IPUIPlugin
2023-11-17 13:53:28,078 [INFO] PluginManager:220 - loadIPPluginJar : add usart
2023-11-17 13:53:28,110 [INFO] IPUIPlugin:80 - create IPUIPlugin
2023-11-17 13:53:28,110 [INFO] PluginManager:220 - loadIPPluginJar : add usbx
2023-11-17 13:53:28,224 [INFO] CADModel:165 - CPN selected for project level
2023-11-17 13:53:28,224 [INFO] CADModel:114 - Register for checkConnection events
2023-11-17 13:53:28,224 [FATAL] Updater:308 - Updater called before beeing initialized
2023-11-17 13:53:28,224 [ERROR] CADModel:125 - Updater not yet initialized, retry later 
2023-11-17 13:53:28,328 [INFO] CADModel:165 - CPN selected for project level
2023-11-17 13:53:28,328 [INFO] CADModel:114 - Register for checkConnection events
2023-11-17 13:53:28,328 [FATAL] Updater:308 - Updater called before beeing initialized
2023-11-17 13:53:28,328 [ERROR] CADModel:125 - Updater not yet initialized, retry later 
2023-11-17 13:53:28,331 [FATAL] Updater:308 - Updater called before beeing initialized
2023-11-17 13:53:28,419 [FATAL] Updater:308 - Updater called before beeing initialized
2023-11-17 13:53:28,428 [INFO] DbMcusAds:53 - JSON generation date=Tue Mar 07 09:50:55 CET 2023 (1678179055114)
2023-11-17 13:53:28,428 [FATAL] Updater:308 - Updater called before beeing initialized
2023-11-17 13:53:28,497 [WARN] DetailPanel:346 - Failed to get advertising image, set to default
2023-11-17 13:53:28,585 [FATAL] Updater:308 - Updater called before beeing initialized
2023-11-17 13:53:28,587 [FATAL] Updater:308 - Updater called before beeing initialized
2023-11-17 13:53:28,587 [FATAL] Updater:308 - Updater called before beeing initialized
2023-11-17 13:53:28,587 [WARN] DetailPanel:346 - Failed to get advertising image, set to default
2023-11-17 13:53:28,587 [FATAL] Updater:308 - Updater called before beeing initialized
2023-11-17 13:53:28,637 [ERROR] Updater:1120 - MainUpdater not yet initialized. External WinMGr cannot be set.
2023-11-17 13:53:28,646 [INFO] Updater:1056 - Updater Version found : 6.9.2
2023-11-17 13:53:28,658 [INFO] ApplicationProperties:184 - Using Application install path: C:\ST\STM32CubeIDE_1.13.2\STM32CubeIDE\plugins\com.st.stm32cube.common.mx_6.9.2.202309101412
2023-11-17 13:53:28,798 [INFO] MainUpdater:2868 - connection check result : 10
2023-11-17 13:53:28,800 [INFO] MainUpdater:285 - Updater Check For Update Now.
2023-11-17 13:53:28,800 [INFO] MicroXplorer:498 - Change Database Version : DB.6.0.92
2023-11-17 13:53:28,816 [INFO] McuFinderGlobals:63 - Set McuFinder mode to 2 (CubeIDE integrated)
2023-11-17 13:53:29,014 [INFO] CheckServerUpdateThread:120 - End of CheckServer Thread
2023-11-17 13:53:29,590 [WARN] PackLoader:240 - Cannot read IP mode file for STMicroelectronics.X-CUBE-SMBUS.2.1.0
2023-11-17 13:53:29,635 [WARN] PackLoader:240 - Cannot read IP mode file for STMicroelectronics.X-CUBE-AZRTOS-F7.1.1.0
2023-11-17 13:53:29,655 [WARN] PackLoader:240 - Cannot read IP mode file for STMicroelectronics.FP-SNS-MOTENV1.4.3.2
2023-11-17 13:53:29,670 [WARN] PackLoader:240 - Cannot read IP mode file for STMicroelectronics.FP-SNS-FLIGHT1.5.0.2
2023-11-17 13:53:29,686 [WARN] PackLoader:240 - Cannot read IP mode file for STMicroelectronics.X-CUBE-DISPLAY.3.0.0
2023-11-17 13:53:29,710 [WARN] PackLoader:240 - Cannot read IP mode file for STMicroelectronics.X-CUBE-BLE1.7.0.0
2023-11-17 13:53:29,727 [WARN] PackLoader:240 - Cannot read IP mode file for emotas.I-CUBE-CANOPEN.1.3.0
2023-11-17 13:53:29,741 [WARN] PackLoader:240 - Cannot read IP mode file for STMicroelectronics.X-CUBE-TOUCHGFX.4.22.0
2023-11-17 13:53:29,753 [WARN] PackLoader:240 - Cannot read IP mode file for STMicroelectronics.X-CUBE-TOUCHGFX.4.22.1
2023-11-17 13:53:29,767 [WARN] PackLoader:240 - Cannot read IP mode file for STMicroelectronics.FP-SNS-SMARTAG2.1.2.0
2023-11-17 13:53:29,789 [INFO] LogOutputStream:77 - [STDOUT_REDIRECT] 1 : Invalid condition id : UX_CORESTACK_Condition cause : null
2023-11-17 13:53:29,789 [INFO] LogOutputStream:77 - [STDOUT_REDIRECT] 1 : Invalid condition id : UX_CORESTACK_Condition cause : null
2023-11-17 13:53:29,790 [INFO] LogOutputStream:77 - [STDOUT_REDIRECT] 1 : Invalid condition id : UX_CORESTACK_Condition cause : null
2023-11-17 13:53:29,791 [INFO] LogOutputStream:77 - [STDOUT_REDIRECT] 1 : Invalid condition id : UX_CORESTACK_Condition cause : null
2023-11-17 13:53:29,792 [INFO] LogOutputStream:77 - [STDOUT_REDIRECT] 1 : Invalid condition id : UX_CORESTACK_Condition cause : null
2023-11-17 13:53:29,797 [WARN] PackLoader:240 - Cannot read IP mode file for STMicroelectronics.X-CUBE-AZRTOS-WL.2.0.0
2023-11-17 13:53:29,813 [WARN] PackLoader:240 - Cannot read IP mode file for WES.I-CUBE-Cesium.1.3.0
2023-11-17 13:53:29,825 [WARN] PackLoader:240 - Cannot read IP mode file for STMicroelectronics.X-CUBE-BLE2.3.3.0
2023-11-17 13:53:29,838 [WARN] PackLoader:240 - Cannot read IP mode file for STMicroelectronics.X-CUBE-ALGOBUILD.1.3.0
2023-11-17 13:53:29,861 [WARN] PackLoader:240 - Cannot read IP mode file for STMicroelectronics.X-CUBE-AZRTOS-G0.1.1.0
2023-11-17 13:53:29,876 [WARN] PackLoader:240 - Cannot read IP mode file for STMicroelectronics.X-CUBE-NFC4.3.0.0
2023-11-17 13:53:29,894 [WARN] PackLoader:240 - Cannot read IP mode file for STMicroelectronics.X-CUBE-BLEMGR.3.0.0
2023-11-17 13:53:29,907 [WARN] PackLoader:240 - Cannot read IP mode file for STMicroelectronics.FP-ATR-SIGFOX1.3.2.0
2023-11-17 13:53:29,949 [WARN] PackLoader:240 - Cannot read IP mode file for SEGGER.I-CUBE-embOS.1.3.1
2023-11-17 13:53:29,990 [WARN] PackLoader:240 - Cannot read IP mode file for STMicroelectronics.X-CUBE-GNSS1.6.0.0
2023-11-17 13:53:30,015 [WARN] PackLoader:240 - Cannot read IP mode file for STMicroelectronics.X-CUBE-AZRTOS-F4.1.1.0
2023-11-17 13:53:30,030 [WARN] PackLoader:240 - Cannot read IP mode file for wolfSSL.I-CUBE-wolfSSL.5.6.3
2023-11-17 13:53:30,057 [WARN] PackLoader:240 - Cannot read IP mode file for STMicroelectronics.X-CUBE-AZRTOS-L5.2.0.0
2023-11-17 13:53:30,103 [WARN] PackLoader:240 - Cannot read IP mode file for STMicroelectronics.X-CUBE-MEMS1.9.6.0
2023-11-17 13:53:30,245 [WARN] PackLoader:240 - Cannot read IP mode file for STMicroelectronics.X-CUBE-EEPRMA1.4.2.0
2023-11-17 13:53:30,258 [WARN] PackLoader:240 - Cannot read IP mode file for ITTIA_DB.I-CUBE-ITTIADB.8.8.0
2023-11-17 13:53:30,272 [WARN] PackLoader:240 - Cannot read IP mode file for STMicroelectronics.X-CUBE-BLEMGR.2.0.0
2023-11-17 13:53:30,297 [WARN] ConditionMgr:438 - getConditionDescription Invalid condition id : UX DEVICE CLASS RTOS Condition cause : null
2023-11-17 13:53:30,297 [WARN] ConditionMgr:438 - getConditionDescription Invalid condition id : UX DEVICE CLASS RTOS Condition cause : null
2023-11-17 13:53:30,299 [WARN] PackLoader:240 - Cannot read IP mode file for STMicroelectronics.X-CUBE-AZRTOS-H7.3.1.0
2023-11-17 13:53:30,301 [WARN] ConditionMgr:1039 - genDependencies : Invalid condition id : UX DEVICE CLASS RTOS Condition cause : null
2023-11-17 13:53:30,301 [WARN] ConditionMgr:1039 - genDependencies : Invalid condition id : UX DEVICE CLASS RTOS Condition cause : null
2023-11-17 13:53:30,302 [WARN] ConditionMgr:1039 - genDependencies : Invalid condition id : UX DEVICE CLASS RTOS Condition cause : null
2023-11-17 13:53:30,302 [WARN] ConditionMgr:1039 - genDependencies : Invalid condition id : UX DEVICE CLASS RTOS Condition cause : null
2023-11-17 13:53:30,303 [WARN] ConditionMgr:1039 - genDependencies : Invalid condition id : UX DEVICE CLASS RTOS Condition cause : null
2023-11-17 13:53:30,314 [WARN] PackLoader:240 - Cannot read IP mode file for STMicroelectronics.X-CUBE-NFC7.1.0.1
2023-11-17 13:53:30,328 [WARN] PackLoader:240 - Cannot read IP mode file for STMicroelectronics.X-CUBE-NFC6.3.0.0
2023-11-17 13:53:30,342 [WARN] PackLoader:240 - Cannot read IP mode file for STMicroelectronics.X-CUBE-EEPRMA1.4.1.0
2023-11-17 13:53:30,355 [WARN] PackLoader:240 - Cannot read IP mode file for STMicroelectronics.X-CUBE-AI.8.1.0
2023-11-17 13:53:30,380 [WARN] ConditionMgr:438 - getConditionDescription Invalid condition id : LAN8742 Phy interface Condition cause : null
2023-11-17 13:53:30,381 [WARN] PackLoader:240 - Cannot read IP mode file for STMicroelectronics.X-CUBE-AZRTOS-L4.2.0.0
2023-11-17 13:53:30,382 [WARN] ConditionMgr:1039 - genDependencies : Invalid condition id : LAN8742 Phy interface Condition cause : null
2023-11-17 13:53:30,383 [WARN] ConditionMgr:1039 - genDependencies : Invalid condition id : LAN8742 Phy interface Condition cause : null
2023-11-17 13:53:30,384 [WARN] ConditionMgr:1039 - genDependencies : Invalid condition id : LAN8742 Phy interface Condition cause : null
2023-11-17 13:53:30,400 [WARN] PackLoader:240 - Cannot read IP mode file for STMicroelectronics.X-CUBE-SFXS2LP1.4.0.0
2023-11-17 13:53:30,412 [WARN] PackLoader:240 - Cannot read IP mode file for STMicroelectronics.X-CUBE-ISPU.1.1.0
2023-11-17 13:53:30,441 [WARN] ConditionMgr:438 - getConditionDescription Invalid condition id : UX DEVICE CLASS RTOS Condition cause : null
2023-11-17 13:53:30,442 [WARN] ConditionMgr:438 - getConditionDescription Invalid condition id : UX DEVICE CLASS RTOS Condition cause : null
2023-11-17 13:53:30,444 [WARN] PackLoader:240 - Cannot read IP mode file for STMicroelectronics.X-CUBE-AZRTOS-WB.2.0.0
2023-11-17 13:53:30,445 [WARN] ConditionMgr:1039 - genDependencies : Invalid condition id : UX DEVICE CLASS RTOS Condition cause : null
2023-11-17 13:53:30,445 [WARN] ConditionMgr:1039 - genDependencies : Invalid condition id : UX DEVICE CLASS RTOS Condition cause : null
2023-11-17 13:53:30,446 [WARN] ConditionMgr:1039 - genDependencies : Invalid condition id : UX DEVICE CLASS RTOS Condition cause : null
2023-11-17 13:53:30,446 [WARN] ConditionMgr:1039 - genDependencies : Invalid condition id : UX DEVICE CLASS RTOS Condition cause : null
2023-11-17 13:53:30,447 [WARN] ConditionMgr:1039 - genDependencies : Invalid condition id : UX DEVICE CLASS RTOS Condition cause : null
2023-11-17 13:53:30,469 [WARN] PackLoader:240 - Cannot read IP mode file for STMicroelectronics.X-CUBE-SUBG2.5.0.0
2023-11-17 13:53:30,502 [WARN] PackLoader:240 - Cannot read IP mode file for STMicroelectronics.X-CUBE-TOF1.3.3.1
2023-11-17 13:53:30,546 [WARN] PackLoader:240 - Cannot read IP mode file for STMicroelectronics.X-CUBE-AZRTOS-G4.2.0.0
2023-11-17 13:53:30,567 [WARN] PackLoader:240 - Cannot read IP mode file for Infineon.AIROC-Wi-Fi-Bluetooth-STM32.1.5.1
2023-11-17 13:53:30,582 [WARN] PackLoader:240 - Cannot read IP mode file for STMicroelectronics.FP-SNS-MOTENVWB1.1.3.0
2023-11-17 13:53:30,628 [WARN] PackLoader:240 - Cannot read IP mode file for STMicroelectronics.X-CUBE-MEMS1.10.0.0
2023-11-17 13:53:30,735 [WARN] PackLoader:240 - Cannot read IP mode file for STMicroelectronics.X-CUBE-FREERTOS.1.1.0
2023-11-17 13:53:30,750 [WARN] PackLoader:240 - Cannot read IP mode file for portGmbH.I-Cube-SoM-uGOAL.1.1.0
2023-11-17 13:53:30,760 [WARN] PackLoader:240 - Cannot read IP mode file for STMicroelectronics.X-CUBE-ALS.1.0.1
2023-11-17 13:53:30,775 [WARN] PackLoader:240 - Cannot read IP mode file for STMicroelectronics.FP-ATR-ASTRA1.2.0.0
2023-11-17 13:53:30,776 [INFO] ThirdParty:978 - Integrity check success = true
2023-11-17 13:53:30,776 [INFO] IntegrityCheckThread:100 - exiting critical section [integrity check]
2023-11-17 13:53:30,776 [INFO] IntegrityCheckThread:103 - End integrity checks thread
2023-11-17 13:53:49,648 [ERROR] LogOutputStream:75 - [STDERR_REDIRECT] SLF4J: Failed to load class "org.slf4j.impl.StaticLoggerBinder".
2023-11-17 13:53:49,649 [ERROR] LogOutputStream:75 - [STDERR_REDIRECT] SLF4J: Defaulting to no-operation (NOP) logger implementation
2023-11-17 13:53:49,650 [ERROR] LogOutputStream:75 - [STDERR_REDIRECT] SLF4J: See http://www.slf4j.org/codes.html#StaticLoggerBinder for further details.
