2023-12-01 13:09:13,254 [INFO] Activator:176 - 


2023-12-01 13:09:13,254 [INFO] Activator:177 - !SESSION log4j initialized
2023-12-01 13:09:18,901 [INFO] LogOutputStream:77 - [STDOUT_REDIRECT] 
2023-12-01 13:09:20,389 [INFO] ApplicationProperties:184 - Using Application install path: C:\ST\STM32CubeIDE_1.13.2\STM32CubeIDE\plugins\com.st.stm32cube.common.mx_6.9.2.202309101412
2023-12-01 13:09:20,405 [INFO] DbMcusXml:78 - Set database path to: C:\ST\STM32CubeIDE_1.13.2\STM32CubeIDE\plugins\com.st.stm32cube.common.mx_6.9.2.202309101412\\db\/mcu/
2023-12-01 13:09:20,405 [INFO] ApiDb:274 - Set plugin database path to: C:\ST\STM32CubeIDE_1.13.2\STM32CubeIDE\plugins\com.st.stm32cube.common.mx_6.9.2.202309101412\\db\/plugins/boardmanager/
2023-12-01 13:09:20,406 [WARN] ApiDb:259 - Overriding images path with different value:  => C:\ST\STM32CubeIDE_1.13.2\STM32CubeIDE\plugins\com.st.stm32cube.common.mx_6.9.2.202309101412\\db\/plugins/mcufinder/images/
2023-12-01 13:09:20,417 [INFO] ApiDb:250 - Set database path to: C:\Users\jespe\.stmcufinder\plugins\mcufinder//mcu/
2023-12-01 13:09:20,417 [INFO] DbMcusAds:125 - Set database path to: C:\Users\jespe\.stmcufinder\plugins\mcufinder//mcu/
2023-12-01 13:09:20,419 [INFO] CrossReferenceDbSqlite:203 - Set database path to: C:\Users\jespe\.stmcufinder\plugins\mcufinder//mcu/cs/
2023-12-01 13:09:20,516 [INFO] RulesReader:64 - Compatibility file has been processed (293 Rules)
2023-12-01 13:09:20,597 [INFO] DbMcusXml:78 - Set database path to: C:\ST\STM32CubeIDE_1.13.2\STM32CubeIDE\plugins\com.st.stm32cube.common.mx_6.9.2.202309101412\\db\/mcu/
2023-12-01 13:09:20,597 [INFO] ApiDb:274 - Set plugin database path to: C:\ST\STM32CubeIDE_1.13.2\STM32CubeIDE\plugins\com.st.stm32cube.common.mx_6.9.2.202309101412\\db\/plugins/boardmanager/
2023-12-01 13:09:20,598 [INFO] ApiDb:261 - Set plugin images path to: C:\ST\STM32CubeIDE_1.13.2\STM32CubeIDE\plugins\com.st.stm32cube.common.mx_6.9.2.202309101412\\db\/plugins/mcufinder/images/
2023-12-01 13:09:20,598 [WARN] DbFile:41 - Overriding database path with different value: C:\Users\jespe\.stmcufinder\plugins\mcufinder/ => C:\Users\jespe\.stmcufinder\plugins\mcufinder
2023-12-01 13:09:20,598 [INFO] ApiDb:250 - Set database path to: C:\Users\jespe\.stmcufinder\plugins\mcufinder//mcu/
2023-12-01 13:09:20,598 [WARN] DbFile:41 - Overriding database path with different value: C:\Users\jespe\.stmcufinder\plugins\mcufinder/ => C:\Users\jespe\.stmcufinder\plugins\mcufinder
2023-12-01 13:09:20,598 [INFO] DbMcusAds:125 - Set database path to: C:\Users\jespe\.stmcufinder\plugins\mcufinder//mcu/
2023-12-01 13:09:20,598 [WARN] DbFile:41 - Overriding database path with different value: C:\Users\jespe\.stmcufinder\plugins\mcufinder/ => C:\Users\jespe\.stmcufinder\plugins\mcufinder
2023-12-01 13:09:20,598 [WARN] DbFile:41 - Overriding database path with different value: C:\Users\jespe\.stmcufinder\plugins\mcufinder/ => C:\Users\jespe\.stmcufinder\plugins\mcufinder
2023-12-01 13:09:20,598 [INFO] CrossReferenceDbSqlite:203 - Set database path to: C:\Users\jespe\.stmcufinder\plugins\mcufinder//mcu/cs/
2023-12-01 13:09:20,667 [INFO] MainPanel:262 - HeapMemory: 268435456
2023-12-01 13:09:20,748 [INFO] DbMcusXml:78 - Set database path to: C:\ST\STM32CubeIDE_1.13.2\STM32CubeIDE\plugins\com.st.stm32cube.common.mx_6.9.2.202309101412\\db\/mcu/
2023-12-01 13:09:20,749 [INFO] ApiDb:274 - Set plugin database path to: C:\ST\STM32CubeIDE_1.13.2\STM32CubeIDE\plugins\com.st.stm32cube.common.mx_6.9.2.202309101412\\db\/plugins/boardmanager/
2023-12-01 13:09:20,749 [INFO] ApiDb:261 - Set plugin images path to: C:\ST\STM32CubeIDE_1.13.2\STM32CubeIDE\plugins\com.st.stm32cube.common.mx_6.9.2.202309101412\\db\/plugins/mcufinder/images/
2023-12-01 13:09:20,749 [WARN] DbFile:41 - Overriding database path with different value: C:\Users\jespe\.stmcufinder\plugins\mcufinder/ => C:\Users\jespe\.stmcufinder\plugins\mcufinder
2023-12-01 13:09:20,749 [INFO] ApiDb:250 - Set database path to: C:\Users\jespe\.stmcufinder\plugins\mcufinder//mcu/
2023-12-01 13:09:20,749 [WARN] DbFile:41 - Overriding database path with different value: C:\Users\jespe\.stmcufinder\plugins\mcufinder/ => C:\Users\jespe\.stmcufinder\plugins\mcufinder
2023-12-01 13:09:20,749 [INFO] DbMcusAds:125 - Set database path to: C:\Users\jespe\.stmcufinder\plugins\mcufinder//mcu/
2023-12-01 13:09:20,749 [WARN] DbFile:41 - Overriding database path with different value: C:\Users\jespe\.stmcufinder\plugins\mcufinder/ => C:\Users\jespe\.stmcufinder\plugins\mcufinder
2023-12-01 13:09:20,750 [WARN] DbFile:41 - Overriding database path with different value: C:\Users\jespe\.stmcufinder\plugins\mcufinder/ => C:\Users\jespe\.stmcufinder\plugins\mcufinder
2023-12-01 13:09:20,750 [INFO] CrossReferenceDbSqlite:203 - Set database path to: C:\Users\jespe\.stmcufinder\plugins\mcufinder//mcu/cs/
2023-12-01 13:09:20,766 [INFO] ApplicationProperties:184 - Using Application install path: C:\ST\STM32CubeIDE_1.13.2\STM32CubeIDE\plugins\com.st.stm32cube.common.mx_6.9.2.202309101412
2023-12-01 13:09:20,767 [INFO] PluginManage:196 - Search for loadable plugins [exclusion list=, ]
2023-12-01 13:09:20,768 [INFO] PluginManage:310 - Check plugin analytics
2023-12-01 13:09:20,914 [INFO] AnalyticsPlugin:253 - Accepted Software Licenses: 
2023-12-01 13:09:20,914 [INFO] AnalyticsPlugin:255 - Accepted CMSIS Pack Licenses: 
2023-12-01 13:09:20,915 [INFO] AnalyticsPlugin:257 - Accepted Firmware Licenses: 
2023-12-01 13:09:20,917 [INFO] PluginManage:359 - Loaded plugin analytics (category:tool,tabindex:-1)
2023-12-01 13:09:20,917 [INFO] PluginManage:310 - Check plugin cadmodel
2023-12-01 13:09:20,931 [INFO] CADModel:105 - Init CAD model plugin
2023-12-01 13:09:20,931 [INFO] PluginManage:359 - Loaded plugin cadmodel (category:power,tabindex:5)
2023-12-01 13:09:20,932 [INFO] PluginManage:310 - Check plugin clock
2023-12-01 13:09:20,948 [INFO] PluginManage:359 - Loaded plugin clock (category:base,tabindex:2)
2023-12-01 13:09:20,948 [INFO] PluginManage:310 - Check plugin ddr
2023-12-01 13:09:20,951 [INFO] PluginManage:359 - Loaded plugin ddr (category:tool,tabindex:6)
2023-12-01 13:09:20,951 [INFO] PluginManage:310 - Check plugin filemanager
2023-12-01 13:09:21,064 [INFO] PluginManage:359 - Loaded plugin filemanager (category:base,tabindex:10)
2023-12-01 13:09:21,064 [INFO] PluginManage:310 - Check plugin ipmanager
2023-12-01 13:09:21,072 [INFO] PluginManage:359 - Loaded plugin ipmanager (category:base,tabindex:5)
2023-12-01 13:09:21,072 [INFO] PluginManage:310 - Check plugin lpbam
2023-12-01 13:09:21,088 [INFO] PluginManage:359 - Loaded plugin lpbam (category:base,tabindex:0)
2023-12-01 13:09:21,088 [INFO] PluginManage:310 - Check plugin memorymap
2023-12-01 13:09:21,109 [INFO] PluginManage:359 - Loaded plugin memorymap (category:base,tabindex:4)
2023-12-01 13:09:21,109 [INFO] PluginManage:310 - Check plugin pinoutandconfiguration
2023-12-01 13:09:21,124 [INFO] PluginManage:359 - Loaded plugin pinoutandconfiguration (category:base,tabindex:1)
2023-12-01 13:09:21,125 [INFO] PluginManage:310 - Check plugin pinoutconfig
2023-12-01 13:09:21,211 [WARN] SupportedApi:132 - Cannot load RTOS API schema: s4s-elt-must-match.1: The content of 'definitions' must match (annotation?, (simpleType | complexType)?, (unique | key | keyref)*)). A problem was found starting at: attribute.
2023-12-01 13:09:21,324 [INFO] PluginManage:359 - Loaded plugin pinoutconfig (category:base,tabindex:0)
2023-12-01 13:09:21,324 [INFO] PluginManage:310 - Check plugin power
2023-12-01 13:09:21,342 [INFO] PluginManage:359 - Loaded plugin power (category:power,tabindex:4)
2023-12-01 13:09:21,343 [INFO] PluginManage:310 - Check plugin projectmanager
2023-12-01 13:09:21,355 [INFO] PluginManage:359 - Loaded plugin projectmanager (category:projectmanager,tabindex:3)
2023-12-01 13:09:21,355 [INFO] PluginManage:310 - Check plugin thirdparty
2023-12-01 13:09:21,582 [INFO] PluginManage:359 - Loaded plugin thirdparty (category:base,tabindex:-1)
2023-12-01 13:09:21,582 [WARN] IntegrityCheckThread:84 - waiting for thirdparty lock release [integrity check]
2023-12-01 13:09:21,582 [INFO] PluginManage:310 - Check plugin tools
2023-12-01 13:09:21,582 [INFO] IntegrityCheckThread:86 - entering critical section [integrity check]
2023-12-01 13:09:21,583 [INFO] ThirdPartyUpdaterWithRetryManager:70 - Updater plugin not ready yet. [1/15]
2023-12-01 13:09:21,609 [INFO] PluginManage:359 - Loaded plugin tools (category:base,tabindex:7)
2023-12-01 13:09:21,609 [INFO] PluginManage:310 - Check plugin tutovideos
2023-12-01 13:09:21,782 [INFO] PluginManage:359 - Loaded plugin tutovideos (category:base,tabindex:-1)
2023-12-01 13:09:21,782 [INFO] PluginManage:310 - Check plugin updater
2023-12-01 13:09:21,791 [INFO] PluginManage:359 - Loaded plugin updater (category:base,tabindex:12)
2023-12-01 13:09:21,792 [INFO] PluginManage:310 - Check plugin userauth
2023-12-01 13:09:21,797 [INFO] UserAuth:113 - Init User Auth plugin
2023-12-01 13:09:21,797 [INFO] PluginManage:359 - Loaded plugin userauth (category:base,tabindex:14)
2023-12-01 13:09:21,797 [INFO] PluginManage:283 - PluginManage : Loaded plugins [17]
2023-12-01 13:09:21,984 [INFO] PinOutPanel:1499 - setPackage(No Configuration,No Configuration)
2023-12-01 13:09:22,073 [INFO] CADModel:165 - CPN selected for project level
2023-12-01 13:09:22,073 [INFO] CADModel:114 - Register for checkConnection events
2023-12-01 13:09:22,095 [INFO] IPUIPlugin:80 - create IPUIPlugin
2023-12-01 13:09:22,095 [INFO] PluginManager:220 - loadIPPluginJar : add adc
2023-12-01 13:09:22,122 [INFO] IPUIPlugin:80 - create IPUIPlugin
2023-12-01 13:09:22,122 [INFO] PluginManager:220 - loadIPPluginJar : add aes
2023-12-01 13:09:22,152 [INFO] IPUIPlugin:80 - create IPUIPlugin
2023-12-01 13:09:22,153 [INFO] PluginManager:220 - loadIPPluginJar : add can
2023-12-01 13:09:22,169 [INFO] IPUIPlugin:80 - create IPUIPlugin
2023-12-01 13:09:22,169 [INFO] PluginManager:220 - loadIPPluginJar : add comp
2023-12-01 13:09:22,193 [INFO] IPUIPlugin:80 - create IPUIPlugin
2023-12-01 13:09:22,193 [INFO] PluginManager:220 - loadIPPluginJar : add cryp
2023-12-01 13:09:22,215 [INFO] IPUIPlugin:80 - create IPUIPlugin
2023-12-01 13:09:22,215 [INFO] PluginManager:220 - loadIPPluginJar : add dfsdm
2023-12-01 13:09:22,227 [INFO] IPUIPlugin:80 - create IPUIPlugin
2023-12-01 13:09:22,228 [INFO] PluginManager:220 - loadIPPluginJar : add dma
2023-12-01 13:09:22,259 [INFO] IPUIPlugin:80 - create IPUIPlugin
2023-12-01 13:09:22,259 [INFO] PluginManager:220 - loadIPPluginJar : add dma3
2023-12-01 13:09:22,273 [INFO] IPUIPlugin:80 - create IPUIPlugin
2023-12-01 13:09:22,273 [INFO] PluginManager:220 - loadIPPluginJar : add fatfs
2023-12-01 13:09:22,307 [INFO] IPUIPlugin:80 - create IPUIPlugin
2023-12-01 13:09:22,307 [INFO] PluginManager:220 - loadIPPluginJar : add fmc
2023-12-01 13:09:22,319 [INFO] IPUIPlugin:80 - create IPUIPlugin
2023-12-01 13:09:22,319 [INFO] PluginManager:220 - loadIPPluginJar : add freertos
2023-12-01 13:09:22,336 [INFO] IPUIPlugin:80 - create IPUIPlugin
2023-12-01 13:09:22,336 [INFO] PluginManager:220 - loadIPPluginJar : add genericplugin
2023-12-01 13:09:22,406 [INFO] IPUIPlugin:80 - create IPUIPlugin
2023-12-01 13:09:22,406 [INFO] PluginManager:220 - loadIPPluginJar : add gfxmmu
2023-12-01 13:09:22,496 [INFO] IPUIPlugin:80 - create IPUIPlugin
2023-12-01 13:09:22,496 [INFO] PluginManager:220 - loadIPPluginJar : add gic
2023-12-01 13:09:22,506 [INFO] IPUIPlugin:80 - create IPUIPlugin
2023-12-01 13:09:22,506 [INFO] PluginManager:220 - loadIPPluginJar : add gpio
2023-12-01 13:09:22,571 [INFO] IPUIPlugin:80 - create IPUIPlugin
2023-12-01 13:09:22,571 [INFO] PluginManager:220 - loadIPPluginJar : add gtzc
2023-12-01 13:09:22,593 [INFO] IPUIPlugin:80 - create IPUIPlugin
2023-12-01 13:09:22,594 [INFO] PluginManager:220 - loadIPPluginJar : add hash
2023-12-01 13:09:22,629 [INFO] IPUIPlugin:80 - create IPUIPlugin
2023-12-01 13:09:22,629 [INFO] PluginManager:220 - loadIPPluginJar : add i2c
2023-12-01 13:09:22,657 [INFO] IPUIPlugin:80 - create IPUIPlugin
2023-12-01 13:09:22,657 [INFO] PluginManager:220 - loadIPPluginJar : add i2s
2023-12-01 13:09:22,685 [INFO] IPUIPlugin:80 - create IPUIPlugin
2023-12-01 13:09:22,685 [INFO] PluginManager:220 - loadIPPluginJar : add i3c
2023-12-01 13:09:22,760 [INFO] IPUIPlugin:80 - create IPUIPlugin
2023-12-01 13:09:22,760 [INFO] PluginManager:220 - loadIPPluginJar : add ipddr
2023-12-01 13:09:22,822 [INFO] IPUIPlugin:80 - create IPUIPlugin
2023-12-01 13:09:22,822 [INFO] PluginManager:220 - loadIPPluginJar : add linkedlist
2023-12-01 13:09:22,846 [INFO] IPUIPlugin:80 - create IPUIPlugin
2023-12-01 13:09:22,847 [INFO] PluginManager:220 - loadIPPluginJar : add lorawan
2023-12-01 13:09:22,872 [INFO] IPUIPlugin:80 - create IPUIPlugin
2023-12-01 13:09:22,872 [INFO] PluginManager:220 - loadIPPluginJar : add ltdc
2023-12-01 13:09:22,883 [INFO] IPUIPlugin:80 - create IPUIPlugin
2023-12-01 13:09:22,883 [INFO] PluginManager:220 - loadIPPluginJar : add mdma
2023-12-01 13:09:22,893 [INFO] IPUIPlugin:80 - create IPUIPlugin
2023-12-01 13:09:22,893 [INFO] PluginManager:220 - loadIPPluginJar : add nvic
2023-12-01 13:09:22,918 [INFO] IPUIPlugin:80 - create IPUIPlugin
2023-12-01 13:09:22,918 [INFO] PluginManager:220 - loadIPPluginJar : add opamp
2023-12-01 13:09:22,959 [INFO] IPUIPlugin:80 - create IPUIPlugin
2023-12-01 13:09:22,959 [INFO] PluginManager:220 - loadIPPluginJar : add openamp
2023-12-01 13:09:22,989 [INFO] IPUIPlugin:80 - create IPUIPlugin
2023-12-01 13:09:22,990 [INFO] PluginManager:220 - loadIPPluginJar : add pdm2pcm
2023-12-01 13:09:23,000 [INFO] IPUIPlugin:80 - create IPUIPlugin
2023-12-01 13:09:23,002 [INFO] PluginManager:220 - loadIPPluginJar : add plateformsettings
2023-12-01 13:09:23,017 [INFO] IPUIPlugin:80 - create IPUIPlugin
2023-12-01 13:09:23,017 [INFO] PluginManager:220 - loadIPPluginJar : add quadspi
2023-12-01 13:09:23,027 [INFO] IPUIPlugin:80 - create IPUIPlugin
2023-12-01 13:09:23,027 [INFO] PluginManager:220 - loadIPPluginJar : add resmgrutility
2023-12-01 13:09:23,061 [INFO] IPUIPlugin:80 - create IPUIPlugin
2023-12-01 13:09:23,061 [INFO] PluginManager:220 - loadIPPluginJar : add sai
2023-12-01 13:09:23,087 [INFO] IPUIPlugin:80 - create IPUIPlugin
2023-12-01 13:09:23,087 [INFO] PluginManager:220 - loadIPPluginJar : add spi
2023-12-01 13:09:23,127 [INFO] IPUIPlugin:80 - create IPUIPlugin
2023-12-01 13:09:23,127 [INFO] PluginManager:220 - loadIPPluginJar : add stm32_wpan
2023-12-01 13:09:23,144 [INFO] IPUIPlugin:80 - create IPUIPlugin
2023-12-01 13:09:23,144 [INFO] PluginManager:220 - loadIPPluginJar : add tim
2023-12-01 13:09:23,183 [INFO] IPUIPlugin:80 - create IPUIPlugin
2023-12-01 13:09:23,224 [INFO] PluginManager:220 - loadIPPluginJar : add touchsensing
2023-12-01 13:09:23,268 [INFO] IPUIPlugin:80 - create IPUIPlugin
2023-12-01 13:09:23,268 [INFO] PluginManager:220 - loadIPPluginJar : add tracer_emb
2023-12-01 13:09:23,292 [INFO] IPUIPlugin:80 - create IPUIPlugin
2023-12-01 13:09:23,292 [INFO] PluginManager:220 - loadIPPluginJar : add ts
2023-12-01 13:09:23,308 [INFO] IPUIPlugin:80 - create IPUIPlugin
2023-12-01 13:09:23,308 [INFO] PluginManager:220 - loadIPPluginJar : add tsc
2023-12-01 13:09:23,323 [INFO] IPUIPlugin:80 - create IPUIPlugin
2023-12-01 13:09:23,323 [INFO] PluginManager:220 - loadIPPluginJar : add ucpd
2023-12-01 13:09:23,354 [INFO] IPUIPlugin:80 - create IPUIPlugin
2023-12-01 13:09:23,355 [INFO] PluginManager:220 - loadIPPluginJar : add usart
2023-12-01 13:09:23,385 [INFO] IPUIPlugin:80 - create IPUIPlugin
2023-12-01 13:09:23,385 [INFO] PluginManager:220 - loadIPPluginJar : add usbx
2023-12-01 13:09:23,504 [INFO] CADModel:165 - CPN selected for project level
2023-12-01 13:09:23,504 [INFO] CADModel:114 - Register for checkConnection events
2023-12-01 13:09:23,505 [FATAL] Updater:308 - Updater called before beeing initialized
2023-12-01 13:09:23,505 [ERROR] CADModel:125 - Updater not yet initialized, retry later 
2023-12-01 13:09:23,678 [INFO] CADModel:165 - CPN selected for project level
2023-12-01 13:09:23,678 [INFO] CADModel:114 - Register for checkConnection events
2023-12-01 13:09:23,678 [FATAL] Updater:308 - Updater called before beeing initialized
2023-12-01 13:09:23,678 [ERROR] CADModel:125 - Updater not yet initialized, retry later 
2023-12-01 13:09:23,682 [FATAL] Updater:308 - Updater called before beeing initialized
2023-12-01 13:09:23,771 [FATAL] Updater:308 - Updater called before beeing initialized
2023-12-01 13:09:23,780 [INFO] DbMcusAds:53 - JSON generation date=Tue Mar 07 09:50:55 CET 2023 (1678179055114)
2023-12-01 13:09:23,781 [FATAL] Updater:308 - Updater called before beeing initialized
2023-12-01 13:09:23,852 [WARN] DetailPanel:346 - Failed to get advertising image, set to default
2023-12-01 13:09:23,938 [FATAL] Updater:308 - Updater called before beeing initialized
2023-12-01 13:09:23,939 [FATAL] Updater:308 - Updater called before beeing initialized
2023-12-01 13:09:23,939 [FATAL] Updater:308 - Updater called before beeing initialized
2023-12-01 13:09:23,939 [WARN] DetailPanel:346 - Failed to get advertising image, set to default
2023-12-01 13:09:23,940 [FATAL] Updater:308 - Updater called before beeing initialized
2023-12-01 13:09:23,988 [ERROR] Updater:1120 - MainUpdater not yet initialized. External WinMGr cannot be set.
2023-12-01 13:09:23,997 [INFO] Updater:1056 - Updater Version found : 6.9.2
2023-12-01 13:09:24,013 [INFO] ApplicationProperties:184 - Using Application install path: C:\ST\STM32CubeIDE_1.13.2\STM32CubeIDE\plugins\com.st.stm32cube.common.mx_6.9.2.202309101412
2023-12-01 13:09:24,133 [INFO] MainUpdater:2868 - connection check result : 10
2023-12-01 13:09:24,133 [INFO] MainUpdater:285 - Updater Check For Update Now.
2023-12-01 13:09:24,133 [INFO] MicroXplorer:498 - Change Database Version : DB.6.0.92
2023-12-01 13:09:24,146 [INFO] McuFinderGlobals:63 - Set McuFinder mode to 2 (CubeIDE integrated)
2023-12-01 13:09:24,313 [INFO] CheckServerUpdateThread:120 - End of CheckServer Thread
2023-12-01 13:09:24,759 [WARN] PackLoader:240 - Cannot read IP mode file for STMicroelectronics.X-CUBE-SMBUS.2.1.0
2023-12-01 13:09:24,798 [WARN] PackLoader:240 - Cannot read IP mode file for STMicroelectronics.X-CUBE-AZRTOS-F7.1.1.0
2023-12-01 13:09:24,813 [WARN] PackLoader:240 - Cannot read IP mode file for STMicroelectronics.FP-SNS-MOTENV1.4.3.2
2023-12-01 13:09:24,825 [WARN] PackLoader:240 - Cannot read IP mode file for STMicroelectronics.FP-SNS-FLIGHT1.5.0.2
2023-12-01 13:09:24,839 [WARN] PackLoader:240 - Cannot read IP mode file for STMicroelectronics.X-CUBE-DISPLAY.3.0.0
2023-12-01 13:09:24,856 [WARN] PackLoader:240 - Cannot read IP mode file for STMicroelectronics.X-CUBE-BLE1.7.0.0
2023-12-01 13:09:24,867 [WARN] PackLoader:240 - Cannot read IP mode file for emotas.I-CUBE-CANOPEN.1.3.0
2023-12-01 13:09:24,878 [WARN] PackLoader:240 - Cannot read IP mode file for STMicroelectronics.X-CUBE-TOUCHGFX.4.22.0
2023-12-01 13:09:24,886 [WARN] PackLoader:240 - Cannot read IP mode file for STMicroelectronics.X-CUBE-TOUCHGFX.4.22.1
2023-12-01 13:09:24,896 [WARN] PackLoader:240 - Cannot read IP mode file for STMicroelectronics.FP-SNS-SMARTAG2.1.2.0
2023-12-01 13:09:24,913 [INFO] LogOutputStream:77 - [STDOUT_REDIRECT] 1 : Invalid condition id : UX_CORESTACK_Condition cause : null
2023-12-01 13:09:24,913 [INFO] LogOutputStream:77 - [STDOUT_REDIRECT] 1 : Invalid condition id : UX_CORESTACK_Condition cause : null
2023-12-01 13:09:24,914 [INFO] LogOutputStream:77 - [STDOUT_REDIRECT] 1 : Invalid condition id : UX_CORESTACK_Condition cause : null
2023-12-01 13:09:24,915 [INFO] LogOutputStream:77 - [STDOUT_REDIRECT] 1 : Invalid condition id : UX_CORESTACK_Condition cause : null
2023-12-01 13:09:24,915 [INFO] LogOutputStream:77 - [STDOUT_REDIRECT] 1 : Invalid condition id : UX_CORESTACK_Condition cause : null
2023-12-01 13:09:24,918 [WARN] PackLoader:240 - Cannot read IP mode file for STMicroelectronics.X-CUBE-AZRTOS-WL.2.0.0
2023-12-01 13:09:24,931 [WARN] PackLoader:240 - Cannot read IP mode file for WES.I-CUBE-Cesium.1.3.0
2023-12-01 13:09:24,942 [WARN] PackLoader:240 - Cannot read IP mode file for STMicroelectronics.X-CUBE-BLE2.3.3.0
2023-12-01 13:09:24,953 [WARN] PackLoader:240 - Cannot read IP mode file for STMicroelectronics.X-CUBE-ALGOBUILD.1.3.0
2023-12-01 13:09:24,975 [WARN] PackLoader:240 - Cannot read IP mode file for STMicroelectronics.X-CUBE-AZRTOS-G0.1.1.0
2023-12-01 13:09:24,988 [WARN] PackLoader:240 - Cannot read IP mode file for STMicroelectronics.X-CUBE-NFC4.3.0.0
2023-12-01 13:09:25,003 [WARN] PackLoader:240 - Cannot read IP mode file for STMicroelectronics.X-CUBE-BLEMGR.3.0.0
2023-12-01 13:09:25,014 [WARN] PackLoader:240 - Cannot read IP mode file for STMicroelectronics.FP-ATR-SIGFOX1.3.2.0
2023-12-01 13:09:25,052 [WARN] PackLoader:240 - Cannot read IP mode file for SEGGER.I-CUBE-embOS.1.3.1
2023-12-01 13:09:25,100 [WARN] PackLoader:240 - Cannot read IP mode file for STMicroelectronics.X-CUBE-GNSS1.6.0.0
2023-12-01 13:09:25,138 [WARN] PackLoader:240 - Cannot read IP mode file for STMicroelectronics.X-CUBE-AZRTOS-F4.1.1.0
2023-12-01 13:09:25,149 [WARN] PackLoader:240 - Cannot read IP mode file for wolfSSL.I-CUBE-wolfSSL.5.6.3
2023-12-01 13:09:25,172 [WARN] PackLoader:240 - Cannot read IP mode file for STMicroelectronics.X-CUBE-AZRTOS-L5.2.0.0
2023-12-01 13:09:25,212 [WARN] PackLoader:240 - Cannot read IP mode file for STMicroelectronics.X-CUBE-MEMS1.9.6.0
2023-12-01 13:09:25,339 [WARN] PackLoader:240 - Cannot read IP mode file for STMicroelectronics.X-CUBE-EEPRMA1.4.2.0
2023-12-01 13:09:25,350 [WARN] PackLoader:240 - Cannot read IP mode file for ITTIA_DB.I-CUBE-ITTIADB.8.8.0
2023-12-01 13:09:25,362 [WARN] PackLoader:240 - Cannot read IP mode file for STMicroelectronics.X-CUBE-BLEMGR.2.0.0
2023-12-01 13:09:25,385 [WARN] ConditionMgr:438 - getConditionDescription Invalid condition id : UX DEVICE CLASS RTOS Condition cause : null
2023-12-01 13:09:25,385 [WARN] ConditionMgr:438 - getConditionDescription Invalid condition id : UX DEVICE CLASS RTOS Condition cause : null
2023-12-01 13:09:25,387 [WARN] PackLoader:240 - Cannot read IP mode file for STMicroelectronics.X-CUBE-AZRTOS-H7.3.1.0
2023-12-01 13:09:25,388 [WARN] ConditionMgr:1039 - genDependencies : Invalid condition id : UX DEVICE CLASS RTOS Condition cause : null
2023-12-01 13:09:25,388 [WARN] ConditionMgr:1039 - genDependencies : Invalid condition id : UX DEVICE CLASS RTOS Condition cause : null
2023-12-01 13:09:25,389 [WARN] ConditionMgr:1039 - genDependencies : Invalid condition id : UX DEVICE CLASS RTOS Condition cause : null
2023-12-01 13:09:25,389 [WARN] ConditionMgr:1039 - genDependencies : Invalid condition id : UX DEVICE CLASS RTOS Condition cause : null
2023-12-01 13:09:25,389 [WARN] ConditionMgr:1039 - genDependencies : Invalid condition id : UX DEVICE CLASS RTOS Condition cause : null
2023-12-01 13:09:25,400 [WARN] PackLoader:240 - Cannot read IP mode file for STMicroelectronics.X-CUBE-NFC7.1.0.1
2023-12-01 13:09:25,412 [WARN] PackLoader:240 - Cannot read IP mode file for STMicroelectronics.X-CUBE-NFC6.3.0.0
2023-12-01 13:09:25,423 [WARN] PackLoader:240 - Cannot read IP mode file for STMicroelectronics.X-CUBE-EEPRMA1.4.1.0
2023-12-01 13:09:25,433 [WARN] PackLoader:240 - Cannot read IP mode file for STMicroelectronics.X-CUBE-AI.8.1.0
2023-12-01 13:09:25,456 [WARN] ConditionMgr:438 - getConditionDescription Invalid condition id : LAN8742 Phy interface Condition cause : null
2023-12-01 13:09:25,456 [WARN] PackLoader:240 - Cannot read IP mode file for STMicroelectronics.X-CUBE-AZRTOS-L4.2.0.0
2023-12-01 13:09:25,457 [WARN] ConditionMgr:1039 - genDependencies : Invalid condition id : LAN8742 Phy interface Condition cause : null
2023-12-01 13:09:25,457 [WARN] ConditionMgr:1039 - genDependencies : Invalid condition id : LAN8742 Phy interface Condition cause : null
2023-12-01 13:09:25,458 [WARN] ConditionMgr:1039 - genDependencies : Invalid condition id : LAN8742 Phy interface Condition cause : null
2023-12-01 13:09:25,470 [WARN] PackLoader:240 - Cannot read IP mode file for STMicroelectronics.X-CUBE-SFXS2LP1.4.0.0
2023-12-01 13:09:25,481 [WARN] PackLoader:240 - Cannot read IP mode file for STMicroelectronics.X-CUBE-ISPU.1.1.0
2023-12-01 13:09:25,506 [WARN] ConditionMgr:438 - getConditionDescription Invalid condition id : UX DEVICE CLASS RTOS Condition cause : null
2023-12-01 13:09:25,507 [WARN] ConditionMgr:438 - getConditionDescription Invalid condition id : UX DEVICE CLASS RTOS Condition cause : null
2023-12-01 13:09:25,509 [WARN] PackLoader:240 - Cannot read IP mode file for STMicroelectronics.X-CUBE-AZRTOS-WB.2.0.0
2023-12-01 13:09:25,510 [WARN] ConditionMgr:1039 - genDependencies : Invalid condition id : UX DEVICE CLASS RTOS Condition cause : null
2023-12-01 13:09:25,510 [WARN] ConditionMgr:1039 - genDependencies : Invalid condition id : UX DEVICE CLASS RTOS Condition cause : null
2023-12-01 13:09:25,511 [WARN] ConditionMgr:1039 - genDependencies : Invalid condition id : UX DEVICE CLASS RTOS Condition cause : null
2023-12-01 13:09:25,511 [WARN] ConditionMgr:1039 - genDependencies : Invalid condition id : UX DEVICE CLASS RTOS Condition cause : null
2023-12-01 13:09:25,511 [WARN] ConditionMgr:1039 - genDependencies : Invalid condition id : UX DEVICE CLASS RTOS Condition cause : null
2023-12-01 13:09:25,531 [WARN] PackLoader:240 - Cannot read IP mode file for STMicroelectronics.X-CUBE-SUBG2.5.0.0
2023-12-01 13:09:25,554 [WARN] PackLoader:240 - Cannot read IP mode file for STMicroelectronics.X-CUBE-TOF1.3.3.1
2023-12-01 13:09:25,582 [WARN] PackLoader:240 - Cannot read IP mode file for STMicroelectronics.X-CUBE-AZRTOS-G4.2.0.0
2023-12-01 13:09:25,602 [WARN] PackLoader:240 - Cannot read IP mode file for Infineon.AIROC-Wi-Fi-Bluetooth-STM32.1.5.1
2023-12-01 13:09:25,614 [WARN] PackLoader:240 - Cannot read IP mode file for STMicroelectronics.FP-SNS-MOTENVWB1.1.3.0
2023-12-01 13:09:25,652 [WARN] PackLoader:240 - Cannot read IP mode file for STMicroelectronics.X-CUBE-MEMS1.10.0.0
2023-12-01 13:09:25,741 [WARN] PackLoader:240 - Cannot read IP mode file for STMicroelectronics.X-CUBE-FREERTOS.1.1.0
2023-12-01 13:09:25,751 [WARN] PackLoader:240 - Cannot read IP mode file for portGmbH.I-Cube-SoM-uGOAL.1.1.0
2023-12-01 13:09:25,761 [WARN] PackLoader:240 - Cannot read IP mode file for STMicroelectronics.X-CUBE-ALS.1.0.1
2023-12-01 13:09:25,770 [WARN] PackLoader:240 - Cannot read IP mode file for STMicroelectronics.FP-ATR-ASTRA1.2.0.0
2023-12-01 13:09:25,785 [WARN] PackLoader:240 - Cannot read IP mode file for STMicroelectronics.X-CUBE-TOF1.3.4.0
2023-12-01 13:09:25,791 [INFO] ThirdParty:978 - Integrity check success = true
2023-12-01 13:09:25,792 [INFO] IntegrityCheckThread:100 - exiting critical section [integrity check]
2023-12-01 13:09:25,792 [INFO] IntegrityCheckThread:103 - End integrity checks thread
2023-12-01 13:09:44,984 [ERROR] LogOutputStream:75 - [STDERR_REDIRECT] SLF4J: Failed to load class "org.slf4j.impl.StaticLoggerBinder".
2023-12-01 13:09:44,984 [ERROR] LogOutputStream:75 - [STDERR_REDIRECT] SLF4J: Defaulting to no-operation (NOP) logger implementation
2023-12-01 13:09:44,985 [ERROR] LogOutputStream:75 - [STDERR_REDIRECT] SLF4J: See http://www.slf4j.org/codes.html#StaticLoggerBinder for further details.
