2023-11-06 14:35:50,100 [INFO] Activator:176 - 


2023-11-06 14:35:50,116 [INFO] Activator:177 - !SESSION log4j initialized
2023-11-06 14:35:56,302 [INFO] LogOutputStream:77 - [STDOUT_REDIRECT] 
2023-11-06 14:35:57,879 [INFO] ApplicationProperties:184 - Using Application install path: C:\ST\STM32CubeIDE_1.13.2\STM32CubeIDE\plugins\com.st.stm32cube.common.mx_6.9.2.202309101412
2023-11-06 14:35:57,908 [INFO] DbMcusXml:78 - Set database path to: C:\ST\STM32CubeIDE_1.13.2\STM32CubeIDE\plugins\com.st.stm32cube.common.mx_6.9.2.202309101412\\db\/mcu/
2023-11-06 14:35:57,909 [INFO] ApiDb:274 - Set plugin database path to: C:\ST\STM32CubeIDE_1.13.2\STM32CubeIDE\plugins\com.st.stm32cube.common.mx_6.9.2.202309101412\\db\/plugins/boardmanager/
2023-11-06 14:35:57,910 [WARN] ApiDb:259 - Overriding images path with different value:  => C:\ST\STM32CubeIDE_1.13.2\STM32CubeIDE\plugins\com.st.stm32cube.common.mx_6.9.2.202309101412\\db\/plugins/mcufinder/images/
2023-11-06 14:35:57,931 [INFO] ApiDb:250 - Set database path to: C:\Users\jespe\.stmcufinder\plugins\mcufinder//mcu/
2023-11-06 14:35:57,933 [INFO] DbMcusAds:125 - Set database path to: C:\Users\jespe\.stmcufinder\plugins\mcufinder//mcu/
2023-11-06 14:35:57,938 [INFO] CrossReferenceDbSqlite:203 - Set database path to: C:\Users\jespe\.stmcufinder\plugins\mcufinder//mcu/cs/
2023-11-06 14:35:58,097 [INFO] RulesReader:64 - Compatibility file has been processed (293 Rules)
2023-11-06 14:35:58,188 [INFO] DbMcusXml:78 - Set database path to: C:\ST\STM32CubeIDE_1.13.2\STM32CubeIDE\plugins\com.st.stm32cube.common.mx_6.9.2.202309101412\\db\/mcu/
2023-11-06 14:35:58,188 [INFO] ApiDb:274 - Set plugin database path to: C:\ST\STM32CubeIDE_1.13.2\STM32CubeIDE\plugins\com.st.stm32cube.common.mx_6.9.2.202309101412\\db\/plugins/boardmanager/
2023-11-06 14:35:58,189 [INFO] ApiDb:261 - Set plugin images path to: C:\ST\STM32CubeIDE_1.13.2\STM32CubeIDE\plugins\com.st.stm32cube.common.mx_6.9.2.202309101412\\db\/plugins/mcufinder/images/
2023-11-06 14:35:58,189 [WARN] DbFile:41 - Overriding database path with different value: C:\Users\jespe\.stmcufinder\plugins\mcufinder/ => C:\Users\jespe\.stmcufinder\plugins\mcufinder
2023-11-06 14:35:58,189 [INFO] ApiDb:250 - Set database path to: C:\Users\jespe\.stmcufinder\plugins\mcufinder//mcu/
2023-11-06 14:35:58,189 [WARN] DbFile:41 - Overriding database path with different value: C:\Users\jespe\.stmcufinder\plugins\mcufinder/ => C:\Users\jespe\.stmcufinder\plugins\mcufinder
2023-11-06 14:35:58,189 [INFO] DbMcusAds:125 - Set database path to: C:\Users\jespe\.stmcufinder\plugins\mcufinder//mcu/
2023-11-06 14:35:58,189 [WARN] DbFile:41 - Overriding database path with different value: C:\Users\jespe\.stmcufinder\plugins\mcufinder/ => C:\Users\jespe\.stmcufinder\plugins\mcufinder
2023-11-06 14:35:58,189 [WARN] DbFile:41 - Overriding database path with different value: C:\Users\jespe\.stmcufinder\plugins\mcufinder/ => C:\Users\jespe\.stmcufinder\plugins\mcufinder
2023-11-06 14:35:58,189 [INFO] CrossReferenceDbSqlite:203 - Set database path to: C:\Users\jespe\.stmcufinder\plugins\mcufinder//mcu/cs/
2023-11-06 14:35:58,270 [INFO] MainPanel:262 - HeapMemory: 268435456
2023-11-06 14:35:58,360 [INFO] DbMcusXml:78 - Set database path to: C:\ST\STM32CubeIDE_1.13.2\STM32CubeIDE\plugins\com.st.stm32cube.common.mx_6.9.2.202309101412\\db\/mcu/
2023-11-06 14:35:58,360 [INFO] ApiDb:274 - Set plugin database path to: C:\ST\STM32CubeIDE_1.13.2\STM32CubeIDE\plugins\com.st.stm32cube.common.mx_6.9.2.202309101412\\db\/plugins/boardmanager/
2023-11-06 14:35:58,361 [INFO] ApiDb:261 - Set plugin images path to: C:\ST\STM32CubeIDE_1.13.2\STM32CubeIDE\plugins\com.st.stm32cube.common.mx_6.9.2.202309101412\\db\/plugins/mcufinder/images/
2023-11-06 14:35:58,361 [WARN] DbFile:41 - Overriding database path with different value: C:\Users\jespe\.stmcufinder\plugins\mcufinder/ => C:\Users\jespe\.stmcufinder\plugins\mcufinder
2023-11-06 14:35:58,361 [INFO] ApiDb:250 - Set database path to: C:\Users\jespe\.stmcufinder\plugins\mcufinder//mcu/
2023-11-06 14:35:58,361 [WARN] DbFile:41 - Overriding database path with different value: C:\Users\jespe\.stmcufinder\plugins\mcufinder/ => C:\Users\jespe\.stmcufinder\plugins\mcufinder
2023-11-06 14:35:58,362 [INFO] DbMcusAds:125 - Set database path to: C:\Users\jespe\.stmcufinder\plugins\mcufinder//mcu/
2023-11-06 14:35:58,362 [WARN] DbFile:41 - Overriding database path with different value: C:\Users\jespe\.stmcufinder\plugins\mcufinder/ => C:\Users\jespe\.stmcufinder\plugins\mcufinder
2023-11-06 14:35:58,362 [WARN] DbFile:41 - Overriding database path with different value: C:\Users\jespe\.stmcufinder\plugins\mcufinder/ => C:\Users\jespe\.stmcufinder\plugins\mcufinder
2023-11-06 14:35:58,362 [INFO] CrossReferenceDbSqlite:203 - Set database path to: C:\Users\jespe\.stmcufinder\plugins\mcufinder//mcu/cs/
2023-11-06 14:35:58,379 [INFO] ApplicationProperties:184 - Using Application install path: C:\ST\STM32CubeIDE_1.13.2\STM32CubeIDE\plugins\com.st.stm32cube.common.mx_6.9.2.202309101412
2023-11-06 14:35:58,381 [INFO] PluginManage:196 - Search for loadable plugins [exclusion list=, ]
2023-11-06 14:35:58,382 [INFO] PluginManage:310 - Check plugin analytics
2023-11-06 14:35:58,571 [INFO] AnalyticsPlugin:253 - Accepted Software Licenses: 
2023-11-06 14:35:58,571 [INFO] AnalyticsPlugin:255 - Accepted CMSIS Pack Licenses: 
2023-11-06 14:35:58,572 [INFO] AnalyticsPlugin:257 - Accepted Firmware Licenses: 
2023-11-06 14:35:58,575 [INFO] PluginManage:359 - Loaded plugin analytics (category:tool,tabindex:-1)
2023-11-06 14:35:58,576 [INFO] PluginManage:310 - Check plugin cadmodel
2023-11-06 14:35:58,592 [INFO] CADModel:105 - Init CAD model plugin
2023-11-06 14:35:58,593 [INFO] PluginManage:359 - Loaded plugin cadmodel (category:power,tabindex:5)
2023-11-06 14:35:58,593 [INFO] PluginManage:310 - Check plugin clock
2023-11-06 14:35:58,613 [INFO] PluginManage:359 - Loaded plugin clock (category:base,tabindex:2)
2023-11-06 14:35:58,613 [INFO] PluginManage:310 - Check plugin ddr
2023-11-06 14:35:58,615 [INFO] PluginManage:359 - Loaded plugin ddr (category:tool,tabindex:6)
2023-11-06 14:35:58,616 [INFO] PluginManage:310 - Check plugin filemanager
2023-11-06 14:35:58,736 [INFO] PluginManage:359 - Loaded plugin filemanager (category:base,tabindex:10)
2023-11-06 14:35:58,737 [INFO] PluginManage:310 - Check plugin ipmanager
2023-11-06 14:35:58,744 [INFO] PluginManage:359 - Loaded plugin ipmanager (category:base,tabindex:5)
2023-11-06 14:35:58,744 [INFO] PluginManage:310 - Check plugin lpbam
2023-11-06 14:35:58,762 [INFO] PluginManage:359 - Loaded plugin lpbam (category:base,tabindex:0)
2023-11-06 14:35:58,762 [INFO] PluginManage:310 - Check plugin memorymap
2023-11-06 14:35:58,783 [INFO] PluginManage:359 - Loaded plugin memorymap (category:base,tabindex:4)
2023-11-06 14:35:58,783 [INFO] PluginManage:310 - Check plugin pinoutandconfiguration
2023-11-06 14:35:58,798 [INFO] PluginManage:359 - Loaded plugin pinoutandconfiguration (category:base,tabindex:1)
2023-11-06 14:35:58,799 [INFO] PluginManage:310 - Check plugin pinoutconfig
2023-11-06 14:35:58,899 [WARN] SupportedApi:132 - Cannot load RTOS API schema: s4s-elt-must-match.1: The content of 'definitions' must match (annotation?, (simpleType | complexType)?, (unique | key | keyref)*)). A problem was found starting at: attribute.
2023-11-06 14:35:59,029 [INFO] PluginManage:359 - Loaded plugin pinoutconfig (category:base,tabindex:0)
2023-11-06 14:35:59,030 [INFO] PluginManage:310 - Check plugin power
2023-11-06 14:35:59,052 [INFO] PluginManage:359 - Loaded plugin power (category:power,tabindex:4)
2023-11-06 14:35:59,052 [INFO] PluginManage:310 - Check plugin projectmanager
2023-11-06 14:35:59,067 [INFO] PluginManage:359 - Loaded plugin projectmanager (category:projectmanager,tabindex:3)
2023-11-06 14:35:59,068 [INFO] PluginManage:310 - Check plugin thirdparty
2023-11-06 14:35:59,330 [INFO] PluginManage:359 - Loaded plugin thirdparty (category:base,tabindex:-1)
2023-11-06 14:35:59,330 [WARN] IntegrityCheckThread:84 - waiting for thirdparty lock release [integrity check]
2023-11-06 14:35:59,330 [INFO] PluginManage:310 - Check plugin tools
2023-11-06 14:35:59,330 [INFO] IntegrityCheckThread:86 - entering critical section [integrity check]
2023-11-06 14:35:59,342 [INFO] ThirdPartyUpdaterWithRetryManager:70 - Updater plugin not ready yet. [1/15]
2023-11-06 14:35:59,370 [INFO] PluginManage:359 - Loaded plugin tools (category:base,tabindex:7)
2023-11-06 14:35:59,370 [INFO] PluginManage:310 - Check plugin tutovideos
2023-11-06 14:35:59,605 [INFO] PluginManage:359 - Loaded plugin tutovideos (category:base,tabindex:-1)
2023-11-06 14:35:59,605 [INFO] PluginManage:310 - Check plugin updater
2023-11-06 14:35:59,615 [INFO] PluginManage:359 - Loaded plugin updater (category:base,tabindex:12)
2023-11-06 14:35:59,615 [INFO] PluginManage:310 - Check plugin userauth
2023-11-06 14:35:59,620 [INFO] UserAuth:113 - Init User Auth plugin
2023-11-06 14:35:59,620 [INFO] PluginManage:359 - Loaded plugin userauth (category:base,tabindex:14)
2023-11-06 14:35:59,620 [INFO] PluginManage:283 - PluginManage : Loaded plugins [17]
2023-11-06 14:35:59,817 [INFO] PinOutPanel:1499 - setPackage(No Configuration,No Configuration)
2023-11-06 14:35:59,912 [INFO] CADModel:165 - CPN selected for project level
2023-11-06 14:35:59,912 [INFO] CADModel:114 - Register for checkConnection events
2023-11-06 14:35:59,934 [INFO] IPUIPlugin:80 - create IPUIPlugin
2023-11-06 14:35:59,934 [INFO] PluginManager:220 - loadIPPluginJar : add adc
2023-11-06 14:35:59,964 [INFO] IPUIPlugin:80 - create IPUIPlugin
2023-11-06 14:35:59,965 [INFO] PluginManager:220 - loadIPPluginJar : add aes
2023-11-06 14:35:59,998 [INFO] IPUIPlugin:80 - create IPUIPlugin
2023-11-06 14:35:59,999 [INFO] PluginManager:220 - loadIPPluginJar : add can
2023-11-06 14:36:00,017 [INFO] IPUIPlugin:80 - create IPUIPlugin
2023-11-06 14:36:00,017 [INFO] PluginManager:220 - loadIPPluginJar : add comp
2023-11-06 14:36:00,046 [INFO] IPUIPlugin:80 - create IPUIPlugin
2023-11-06 14:36:00,046 [INFO] PluginManager:220 - loadIPPluginJar : add cryp
2023-11-06 14:36:00,070 [INFO] IPUIPlugin:80 - create IPUIPlugin
2023-11-06 14:36:00,070 [INFO] PluginManager:220 - loadIPPluginJar : add dfsdm
2023-11-06 14:36:00,082 [INFO] IPUIPlugin:80 - create IPUIPlugin
2023-11-06 14:36:00,083 [INFO] PluginManager:220 - loadIPPluginJar : add dma
2023-11-06 14:36:00,118 [INFO] IPUIPlugin:80 - create IPUIPlugin
2023-11-06 14:36:00,118 [INFO] PluginManager:220 - loadIPPluginJar : add dma3
2023-11-06 14:36:00,135 [INFO] IPUIPlugin:80 - create IPUIPlugin
2023-11-06 14:36:00,135 [INFO] PluginManager:220 - loadIPPluginJar : add fatfs
2023-11-06 14:36:00,173 [INFO] IPUIPlugin:80 - create IPUIPlugin
2023-11-06 14:36:00,173 [INFO] PluginManager:220 - loadIPPluginJar : add fmc
2023-11-06 14:36:00,186 [INFO] IPUIPlugin:80 - create IPUIPlugin
2023-11-06 14:36:00,186 [INFO] PluginManager:220 - loadIPPluginJar : add freertos
2023-11-06 14:36:00,203 [INFO] IPUIPlugin:80 - create IPUIPlugin
2023-11-06 14:36:00,203 [INFO] PluginManager:220 - loadIPPluginJar : add genericplugin
2023-11-06 14:36:00,277 [INFO] IPUIPlugin:80 - create IPUIPlugin
2023-11-06 14:36:00,277 [INFO] PluginManager:220 - loadIPPluginJar : add gfxmmu
2023-11-06 14:36:00,377 [INFO] IPUIPlugin:80 - create IPUIPlugin
2023-11-06 14:36:00,377 [INFO] PluginManager:220 - loadIPPluginJar : add gic
2023-11-06 14:36:00,388 [INFO] IPUIPlugin:80 - create IPUIPlugin
2023-11-06 14:36:00,388 [INFO] PluginManager:220 - loadIPPluginJar : add gpio
2023-11-06 14:36:00,462 [INFO] IPUIPlugin:80 - create IPUIPlugin
2023-11-06 14:36:00,462 [INFO] PluginManager:220 - loadIPPluginJar : add gtzc
2023-11-06 14:36:00,488 [INFO] IPUIPlugin:80 - create IPUIPlugin
2023-11-06 14:36:00,488 [INFO] PluginManager:220 - loadIPPluginJar : add hash
2023-11-06 14:36:00,529 [INFO] IPUIPlugin:80 - create IPUIPlugin
2023-11-06 14:36:00,529 [INFO] PluginManager:220 - loadIPPluginJar : add i2c
2023-11-06 14:36:00,560 [INFO] IPUIPlugin:80 - create IPUIPlugin
2023-11-06 14:36:00,561 [INFO] PluginManager:220 - loadIPPluginJar : add i2s
2023-11-06 14:36:00,593 [INFO] IPUIPlugin:80 - create IPUIPlugin
2023-11-06 14:36:00,594 [INFO] PluginManager:220 - loadIPPluginJar : add i3c
2023-11-06 14:36:00,685 [INFO] IPUIPlugin:80 - create IPUIPlugin
2023-11-06 14:36:00,686 [INFO] PluginManager:220 - loadIPPluginJar : add ipddr
2023-11-06 14:36:00,764 [INFO] IPUIPlugin:80 - create IPUIPlugin
2023-11-06 14:36:00,764 [INFO] PluginManager:220 - loadIPPluginJar : add linkedlist
2023-11-06 14:36:00,793 [INFO] IPUIPlugin:80 - create IPUIPlugin
2023-11-06 14:36:00,793 [INFO] PluginManager:220 - loadIPPluginJar : add lorawan
2023-11-06 14:36:00,824 [INFO] IPUIPlugin:80 - create IPUIPlugin
2023-11-06 14:36:00,824 [INFO] PluginManager:220 - loadIPPluginJar : add ltdc
2023-11-06 14:36:00,836 [INFO] IPUIPlugin:80 - create IPUIPlugin
2023-11-06 14:36:00,837 [INFO] PluginManager:220 - loadIPPluginJar : add mdma
2023-11-06 14:36:00,847 [INFO] IPUIPlugin:80 - create IPUIPlugin
2023-11-06 14:36:00,847 [INFO] PluginManager:220 - loadIPPluginJar : add nvic
2023-11-06 14:36:00,877 [INFO] IPUIPlugin:80 - create IPUIPlugin
2023-11-06 14:36:00,877 [INFO] PluginManager:220 - loadIPPluginJar : add opamp
2023-11-06 14:36:00,928 [INFO] IPUIPlugin:80 - create IPUIPlugin
2023-11-06 14:36:00,928 [INFO] PluginManager:220 - loadIPPluginJar : add openamp
2023-11-06 14:36:00,964 [INFO] IPUIPlugin:80 - create IPUIPlugin
2023-11-06 14:36:00,964 [INFO] PluginManager:220 - loadIPPluginJar : add pdm2pcm
2023-11-06 14:36:00,977 [INFO] IPUIPlugin:80 - create IPUIPlugin
2023-11-06 14:36:00,979 [INFO] PluginManager:220 - loadIPPluginJar : add plateformsettings
2023-11-06 14:36:00,998 [INFO] IPUIPlugin:80 - create IPUIPlugin
2023-11-06 14:36:00,998 [INFO] PluginManager:220 - loadIPPluginJar : add quadspi
2023-11-06 14:36:01,010 [INFO] IPUIPlugin:80 - create IPUIPlugin
2023-11-06 14:36:01,010 [INFO] PluginManager:220 - loadIPPluginJar : add resmgrutility
2023-11-06 14:36:01,053 [INFO] IPUIPlugin:80 - create IPUIPlugin
2023-11-06 14:36:01,053 [INFO] PluginManager:220 - loadIPPluginJar : add sai
2023-11-06 14:36:01,084 [INFO] IPUIPlugin:80 - create IPUIPlugin
2023-11-06 14:36:01,084 [INFO] PluginManager:220 - loadIPPluginJar : add spi
2023-11-06 14:36:01,134 [INFO] IPUIPlugin:80 - create IPUIPlugin
2023-11-06 14:36:01,134 [INFO] PluginManager:220 - loadIPPluginJar : add stm32_wpan
2023-11-06 14:36:01,154 [INFO] IPUIPlugin:80 - create IPUIPlugin
2023-11-06 14:36:01,154 [INFO] PluginManager:220 - loadIPPluginJar : add tim
2023-11-06 14:36:01,201 [INFO] IPUIPlugin:80 - create IPUIPlugin
2023-11-06 14:36:01,201 [INFO] PluginManager:220 - loadIPPluginJar : add touchsensing
2023-11-06 14:36:01,220 [INFO] IPUIPlugin:80 - create IPUIPlugin
2023-11-06 14:36:01,221 [INFO] PluginManager:220 - loadIPPluginJar : add tracer_emb
2023-11-06 14:36:01,240 [INFO] IPUIPlugin:80 - create IPUIPlugin
2023-11-06 14:36:01,240 [INFO] PluginManager:220 - loadIPPluginJar : add ts
2023-11-06 14:36:01,258 [INFO] IPUIPlugin:80 - create IPUIPlugin
2023-11-06 14:36:01,259 [INFO] PluginManager:220 - loadIPPluginJar : add tsc
2023-11-06 14:36:01,277 [INFO] IPUIPlugin:80 - create IPUIPlugin
2023-11-06 14:36:01,277 [INFO] PluginManager:220 - loadIPPluginJar : add ucpd
2023-11-06 14:36:01,313 [INFO] IPUIPlugin:80 - create IPUIPlugin
2023-11-06 14:36:01,314 [INFO] PluginManager:220 - loadIPPluginJar : add usart
2023-11-06 14:36:01,349 [INFO] IPUIPlugin:80 - create IPUIPlugin
2023-11-06 14:36:01,349 [INFO] PluginManager:220 - loadIPPluginJar : add usbx
2023-11-06 14:36:01,470 [INFO] CADModel:165 - CPN selected for project level
2023-11-06 14:36:01,470 [INFO] CADModel:114 - Register for checkConnection events
2023-11-06 14:36:01,470 [FATAL] Updater:308 - Updater called before beeing initialized
2023-11-06 14:36:01,470 [ERROR] CADModel:125 - Updater not yet initialized, retry later 
2023-11-06 14:36:01,613 [INFO] CADModel:165 - CPN selected for project level
2023-11-06 14:36:01,613 [INFO] CADModel:114 - Register for checkConnection events
2023-11-06 14:36:01,613 [FATAL] Updater:308 - Updater called before beeing initialized
2023-11-06 14:36:01,613 [ERROR] CADModel:125 - Updater not yet initialized, retry later 
2023-11-06 14:36:01,617 [FATAL] Updater:308 - Updater called before beeing initialized
2023-11-06 14:36:01,705 [FATAL] Updater:308 - Updater called before beeing initialized
2023-11-06 14:36:01,714 [INFO] DbMcusAds:53 - JSON generation date=Tue Mar 07 09:50:55 CET 2023 (1678179055114)
2023-11-06 14:36:01,714 [FATAL] Updater:308 - Updater called before beeing initialized
2023-11-06 14:36:01,789 [WARN] DetailPanel:346 - Failed to get advertising image, set to default
2023-11-06 14:36:01,903 [FATAL] Updater:308 - Updater called before beeing initialized
2023-11-06 14:36:01,904 [FATAL] Updater:308 - Updater called before beeing initialized
2023-11-06 14:36:01,904 [FATAL] Updater:308 - Updater called before beeing initialized
2023-11-06 14:36:01,905 [WARN] DetailPanel:346 - Failed to get advertising image, set to default
2023-11-06 14:36:01,905 [FATAL] Updater:308 - Updater called before beeing initialized
2023-11-06 14:36:01,954 [ERROR] Updater:1120 - MainUpdater not yet initialized. External WinMGr cannot be set.
2023-11-06 14:36:01,963 [INFO] Updater:1056 - Updater Version found : 6.9.2
2023-11-06 14:36:01,980 [INFO] ApplicationProperties:184 - Using Application install path: C:\ST\STM32CubeIDE_1.13.2\STM32CubeIDE\plugins\com.st.stm32cube.common.mx_6.9.2.202309101412
2023-11-06 14:36:02,122 [INFO] MainUpdater:2868 - connection check result : 10
2023-11-06 14:36:02,123 [INFO] MainUpdater:285 - Updater Check For Update Now.
2023-11-06 14:36:02,123 [INFO] MicroXplorer:498 - Change Database Version : DB.6.0.92
2023-11-06 14:36:02,140 [INFO] McuFinderGlobals:63 - Set McuFinder mode to 2 (CubeIDE integrated)
2023-11-06 14:36:02,344 [INFO] CheckServerUpdateThread:120 - End of CheckServer Thread
2023-11-06 14:36:02,587 [WARN] PackLoader:240 - Cannot read IP mode file for STMicroelectronics.X-CUBE-SMBUS.2.1.0
2023-11-06 14:36:02,634 [WARN] PackLoader:240 - Cannot read IP mode file for STMicroelectronics.X-CUBE-AZRTOS-F7.1.1.0
2023-11-06 14:36:02,653 [WARN] PackLoader:240 - Cannot read IP mode file for STMicroelectronics.FP-SNS-MOTENV1.4.3.2
2023-11-06 14:36:02,668 [WARN] PackLoader:240 - Cannot read IP mode file for STMicroelectronics.FP-SNS-FLIGHT1.5.0.2
2023-11-06 14:36:02,686 [WARN] PackLoader:240 - Cannot read IP mode file for STMicroelectronics.X-CUBE-DISPLAY.3.0.0
2023-11-06 14:36:02,706 [WARN] PackLoader:240 - Cannot read IP mode file for STMicroelectronics.X-CUBE-BLE1.7.0.0
2023-11-06 14:36:02,720 [WARN] PackLoader:240 - Cannot read IP mode file for emotas.I-CUBE-CANOPEN.1.3.0
2023-11-06 14:36:02,733 [WARN] PackLoader:240 - Cannot read IP mode file for STMicroelectronics.X-CUBE-TOUCHGFX.4.22.0
2023-11-06 14:36:02,743 [WARN] PackLoader:240 - Cannot read IP mode file for STMicroelectronics.X-CUBE-TOUCHGFX.4.22.1
2023-11-06 14:36:02,755 [WARN] PackLoader:240 - Cannot read IP mode file for STMicroelectronics.FP-SNS-SMARTAG2.1.2.0
2023-11-06 14:36:02,776 [INFO] LogOutputStream:77 - [STDOUT_REDIRECT] 1 : Invalid condition id : UX_CORESTACK_Condition cause : null
2023-11-06 14:36:02,777 [INFO] LogOutputStream:77 - [STDOUT_REDIRECT] 1 : Invalid condition id : UX_CORESTACK_Condition cause : null
2023-11-06 14:36:02,778 [INFO] LogOutputStream:77 - [STDOUT_REDIRECT] 1 : Invalid condition id : UX_CORESTACK_Condition cause : null
2023-11-06 14:36:02,779 [INFO] LogOutputStream:77 - [STDOUT_REDIRECT] 1 : Invalid condition id : UX_CORESTACK_Condition cause : null
2023-11-06 14:36:02,780 [INFO] LogOutputStream:77 - [STDOUT_REDIRECT] 1 : Invalid condition id : UX_CORESTACK_Condition cause : null
2023-11-06 14:36:02,784 [WARN] PackLoader:240 - Cannot read IP mode file for STMicroelectronics.X-CUBE-AZRTOS-WL.2.0.0
2023-11-06 14:36:02,801 [WARN] PackLoader:240 - Cannot read IP mode file for WES.I-CUBE-Cesium.1.3.0
2023-11-06 14:36:02,814 [WARN] PackLoader:240 - Cannot read IP mode file for STMicroelectronics.X-CUBE-BLE2.3.3.0
2023-11-06 14:36:02,826 [WARN] PackLoader:240 - Cannot read IP mode file for STMicroelectronics.X-CUBE-ALGOBUILD.1.3.0
2023-11-06 14:36:02,853 [WARN] PackLoader:240 - Cannot read IP mode file for STMicroelectronics.X-CUBE-AZRTOS-G0.1.1.0
2023-11-06 14:36:02,868 [WARN] PackLoader:240 - Cannot read IP mode file for STMicroelectronics.X-CUBE-NFC4.3.0.0
2023-11-06 14:36:02,886 [WARN] PackLoader:240 - Cannot read IP mode file for STMicroelectronics.X-CUBE-BLEMGR.3.0.0
2023-11-06 14:36:02,899 [WARN] PackLoader:240 - Cannot read IP mode file for STMicroelectronics.FP-ATR-SIGFOX1.3.2.0
2023-11-06 14:36:02,946 [WARN] PackLoader:240 - Cannot read IP mode file for SEGGER.I-CUBE-embOS.1.3.1
2023-11-06 14:36:03,044 [WARN] PackLoader:240 - Cannot read IP mode file for STMicroelectronics.X-CUBE-GNSS1.6.0.0
2023-11-06 14:36:03,072 [WARN] PackLoader:240 - Cannot read IP mode file for STMicroelectronics.X-CUBE-AZRTOS-F4.1.1.0
2023-11-06 14:36:03,086 [WARN] PackLoader:240 - Cannot read IP mode file for wolfSSL.I-CUBE-wolfSSL.5.6.3
2023-11-06 14:36:03,113 [WARN] PackLoader:240 - Cannot read IP mode file for STMicroelectronics.X-CUBE-AZRTOS-L5.2.0.0
2023-11-06 14:36:03,161 [WARN] PackLoader:240 - Cannot read IP mode file for STMicroelectronics.X-CUBE-MEMS1.9.6.0
2023-11-06 14:36:03,328 [WARN] PackLoader:240 - Cannot read IP mode file for STMicroelectronics.X-CUBE-EEPRMA1.4.2.0
2023-11-06 14:36:03,339 [WARN] PackLoader:240 - Cannot read IP mode file for ITTIA_DB.I-CUBE-ITTIADB.8.8.0
2023-11-06 14:36:03,352 [WARN] PackLoader:240 - Cannot read IP mode file for STMicroelectronics.X-CUBE-BLEMGR.2.0.0
2023-11-06 14:36:03,378 [WARN] ConditionMgr:438 - getConditionDescription Invalid condition id : UX DEVICE CLASS RTOS Condition cause : null
2023-11-06 14:36:03,378 [WARN] ConditionMgr:438 - getConditionDescription Invalid condition id : UX DEVICE CLASS RTOS Condition cause : null
2023-11-06 14:36:03,381 [WARN] PackLoader:240 - Cannot read IP mode file for STMicroelectronics.X-CUBE-AZRTOS-H7.3.1.0
2023-11-06 14:36:03,382 [WARN] ConditionMgr:1039 - genDependencies : Invalid condition id : UX DEVICE CLASS RTOS Condition cause : null
2023-11-06 14:36:03,382 [WARN] ConditionMgr:1039 - genDependencies : Invalid condition id : UX DEVICE CLASS RTOS Condition cause : null
2023-11-06 14:36:03,382 [WARN] ConditionMgr:1039 - genDependencies : Invalid condition id : UX DEVICE CLASS RTOS Condition cause : null
2023-11-06 14:36:03,382 [WARN] ConditionMgr:1039 - genDependencies : Invalid condition id : UX DEVICE CLASS RTOS Condition cause : null
2023-11-06 14:36:03,383 [WARN] ConditionMgr:1039 - genDependencies : Invalid condition id : UX DEVICE CLASS RTOS Condition cause : null
2023-11-06 14:36:03,395 [WARN] PackLoader:240 - Cannot read IP mode file for STMicroelectronics.X-CUBE-NFC7.1.0.1
2023-11-06 14:36:03,408 [WARN] PackLoader:240 - Cannot read IP mode file for STMicroelectronics.X-CUBE-NFC6.3.0.0
2023-11-06 14:36:03,420 [WARN] PackLoader:240 - Cannot read IP mode file for STMicroelectronics.X-CUBE-EEPRMA1.4.1.0
2023-11-06 14:36:03,431 [WARN] PackLoader:240 - Cannot read IP mode file for STMicroelectronics.X-CUBE-AI.8.1.0
2023-11-06 14:36:03,458 [WARN] ConditionMgr:438 - getConditionDescription Invalid condition id : LAN8742 Phy interface Condition cause : null
2023-11-06 14:36:03,459 [WARN] PackLoader:240 - Cannot read IP mode file for STMicroelectronics.X-CUBE-AZRTOS-L4.2.0.0
2023-11-06 14:36:03,460 [WARN] ConditionMgr:1039 - genDependencies : Invalid condition id : LAN8742 Phy interface Condition cause : null
2023-11-06 14:36:03,460 [WARN] ConditionMgr:1039 - genDependencies : Invalid condition id : LAN8742 Phy interface Condition cause : null
2023-11-06 14:36:03,461 [WARN] ConditionMgr:1039 - genDependencies : Invalid condition id : LAN8742 Phy interface Condition cause : null
2023-11-06 14:36:03,476 [WARN] PackLoader:240 - Cannot read IP mode file for STMicroelectronics.X-CUBE-SFXS2LP1.4.0.0
2023-11-06 14:36:03,488 [WARN] PackLoader:240 - Cannot read IP mode file for STMicroelectronics.X-CUBE-ISPU.1.1.0
2023-11-06 14:36:03,528 [WARN] ConditionMgr:438 - getConditionDescription Invalid condition id : UX DEVICE CLASS RTOS Condition cause : null
2023-11-06 14:36:03,529 [WARN] ConditionMgr:438 - getConditionDescription Invalid condition id : UX DEVICE CLASS RTOS Condition cause : null
2023-11-06 14:36:03,533 [WARN] PackLoader:240 - Cannot read IP mode file for STMicroelectronics.X-CUBE-AZRTOS-WB.2.0.0
2023-11-06 14:36:03,534 [WARN] ConditionMgr:1039 - genDependencies : Invalid condition id : UX DEVICE CLASS RTOS Condition cause : null
2023-11-06 14:36:03,534 [WARN] ConditionMgr:1039 - genDependencies : Invalid condition id : UX DEVICE CLASS RTOS Condition cause : null
2023-11-06 14:36:03,534 [WARN] ConditionMgr:1039 - genDependencies : Invalid condition id : UX DEVICE CLASS RTOS Condition cause : null
2023-11-06 14:36:03,535 [WARN] ConditionMgr:1039 - genDependencies : Invalid condition id : UX DEVICE CLASS RTOS Condition cause : null
2023-11-06 14:36:03,535 [WARN] ConditionMgr:1039 - genDependencies : Invalid condition id : UX DEVICE CLASS RTOS Condition cause : null
2023-11-06 14:36:03,570 [WARN] PackLoader:240 - Cannot read IP mode file for STMicroelectronics.X-CUBE-SUBG2.5.0.0
2023-11-06 14:36:03,600 [WARN] PackLoader:240 - Cannot read IP mode file for STMicroelectronics.X-CUBE-TOF1.3.3.1
2023-11-06 14:36:03,635 [WARN] PackLoader:240 - Cannot read IP mode file for STMicroelectronics.X-CUBE-AZRTOS-G4.2.0.0
2023-11-06 14:36:03,660 [WARN] PackLoader:240 - Cannot read IP mode file for Infineon.AIROC-Wi-Fi-Bluetooth-STM32.1.5.1
2023-11-06 14:36:03,709 [WARN] PackLoader:240 - Cannot read IP mode file for STMicroelectronics.X-CUBE-MEMS1.10.0.0
2023-11-06 14:36:03,825 [WARN] PackLoader:240 - Cannot read IP mode file for STMicroelectronics.X-CUBE-FREERTOS.1.1.0
2023-11-06 14:36:03,838 [WARN] PackLoader:240 - Cannot read IP mode file for portGmbH.I-Cube-SoM-uGOAL.1.1.0
2023-11-06 14:36:03,849 [WARN] PackLoader:240 - Cannot read IP mode file for STMicroelectronics.X-CUBE-ALS.1.0.1
2023-11-06 14:36:03,860 [WARN] PackLoader:240 - Cannot read IP mode file for STMicroelectronics.FP-ATR-ASTRA1.2.0.0
2023-11-06 14:36:03,861 [INFO] ThirdParty:978 - Integrity check success = true
2023-11-06 14:36:03,861 [INFO] IntegrityCheckThread:100 - exiting critical section [integrity check]
2023-11-06 14:36:03,861 [INFO] IntegrityCheckThread:103 - End integrity checks thread
2023-11-06 14:36:23,069 [ERROR] LogOutputStream:75 - [STDERR_REDIRECT] SLF4J: Failed to load class "org.slf4j.impl.StaticLoggerBinder".
2023-11-06 14:36:23,069 [ERROR] LogOutputStream:75 - [STDERR_REDIRECT] SLF4J: Defaulting to no-operation (NOP) logger implementation
2023-11-06 14:36:23,070 [ERROR] LogOutputStream:75 - [STDERR_REDIRECT] SLF4J: See http://www.slf4j.org/codes.html#StaticLoggerBinder for further details.
