2024-01-18 12:36:01,800 [INFO] Activator:176 - 


2024-01-18 12:36:01,805 [INFO] Activator:177 - !SESSION log4j initialized
2024-01-18 12:36:07,293 [INFO] LogOutputStream:77 - [STDOUT_REDIRECT] 
2024-01-18 12:36:08,947 [INFO] ApplicationProperties:184 - Using Application install path: C:\ST\STM32CubeIDE_1.13.2\STM32CubeIDE\plugins\com.st.stm32cube.common.mx_6.9.2.202309101412
2024-01-18 12:36:08,970 [INFO] DbMcusXml:78 - Set database path to: C:\ST\STM32CubeIDE_1.13.2\STM32CubeIDE\plugins\com.st.stm32cube.common.mx_6.9.2.202309101412\\db\/mcu/
2024-01-18 12:36:08,970 [INFO] ApiDb:274 - Set plugin database path to: C:\ST\STM32CubeIDE_1.13.2\STM32CubeIDE\plugins\com.st.stm32cube.common.mx_6.9.2.202309101412\\db\/plugins/boardmanager/
2024-01-18 12:36:08,971 [WARN] ApiDb:259 - Overriding images path with different value:  => C:\ST\STM32CubeIDE_1.13.2\STM32CubeIDE\plugins\com.st.stm32cube.common.mx_6.9.2.202309101412\\db\/plugins/mcufinder/images/
2024-01-18 12:36:08,986 [INFO] ApiDb:250 - Set database path to: C:\Users\jespe\.stmcufinder\plugins\mcufinder//mcu/
2024-01-18 12:36:08,988 [INFO] DbMcusAds:125 - Set database path to: C:\Users\jespe\.stmcufinder\plugins\mcufinder//mcu/
2024-01-18 12:36:08,991 [INFO] CrossReferenceDbSqlite:203 - Set database path to: C:\Users\jespe\.stmcufinder\plugins\mcufinder//mcu/cs/
2024-01-18 12:36:09,109 [INFO] RulesReader:64 - Compatibility file has been processed (293 Rules)
2024-01-18 12:36:09,194 [INFO] DbMcusXml:78 - Set database path to: C:\ST\STM32CubeIDE_1.13.2\STM32CubeIDE\plugins\com.st.stm32cube.common.mx_6.9.2.202309101412\\db\/mcu/
2024-01-18 12:36:09,194 [INFO] ApiDb:274 - Set plugin database path to: C:\ST\STM32CubeIDE_1.13.2\STM32CubeIDE\plugins\com.st.stm32cube.common.mx_6.9.2.202309101412\\db\/plugins/boardmanager/
2024-01-18 12:36:09,194 [INFO] ApiDb:261 - Set plugin images path to: C:\ST\STM32CubeIDE_1.13.2\STM32CubeIDE\plugins\com.st.stm32cube.common.mx_6.9.2.202309101412\\db\/plugins/mcufinder/images/
2024-01-18 12:36:09,195 [WARN] DbFile:41 - Overriding database path with different value: C:\Users\jespe\.stmcufinder\plugins\mcufinder/ => C:\Users\jespe\.stmcufinder\plugins\mcufinder
2024-01-18 12:36:09,195 [INFO] ApiDb:250 - Set database path to: C:\Users\jespe\.stmcufinder\plugins\mcufinder//mcu/
2024-01-18 12:36:09,195 [WARN] DbFile:41 - Overriding database path with different value: C:\Users\jespe\.stmcufinder\plugins\mcufinder/ => C:\Users\jespe\.stmcufinder\plugins\mcufinder
2024-01-18 12:36:09,195 [INFO] DbMcusAds:125 - Set database path to: C:\Users\jespe\.stmcufinder\plugins\mcufinder//mcu/
2024-01-18 12:36:09,195 [WARN] DbFile:41 - Overriding database path with different value: C:\Users\jespe\.stmcufinder\plugins\mcufinder/ => C:\Users\jespe\.stmcufinder\plugins\mcufinder
2024-01-18 12:36:09,195 [WARN] DbFile:41 - Overriding database path with different value: C:\Users\jespe\.stmcufinder\plugins\mcufinder/ => C:\Users\jespe\.stmcufinder\plugins\mcufinder
2024-01-18 12:36:09,195 [INFO] CrossReferenceDbSqlite:203 - Set database path to: C:\Users\jespe\.stmcufinder\plugins\mcufinder//mcu/cs/
2024-01-18 12:36:09,270 [INFO] MainPanel:262 - HeapMemory: 268435456
2024-01-18 12:36:09,360 [INFO] DbMcusXml:78 - Set database path to: C:\ST\STM32CubeIDE_1.13.2\STM32CubeIDE\plugins\com.st.stm32cube.common.mx_6.9.2.202309101412\\db\/mcu/
2024-01-18 12:36:09,361 [INFO] ApiDb:274 - Set plugin database path to: C:\ST\STM32CubeIDE_1.13.2\STM32CubeIDE\plugins\com.st.stm32cube.common.mx_6.9.2.202309101412\\db\/plugins/boardmanager/
2024-01-18 12:36:09,361 [INFO] ApiDb:261 - Set plugin images path to: C:\ST\STM32CubeIDE_1.13.2\STM32CubeIDE\plugins\com.st.stm32cube.common.mx_6.9.2.202309101412\\db\/plugins/mcufinder/images/
2024-01-18 12:36:09,361 [WARN] DbFile:41 - Overriding database path with different value: C:\Users\jespe\.stmcufinder\plugins\mcufinder/ => C:\Users\jespe\.stmcufinder\plugins\mcufinder
2024-01-18 12:36:09,361 [INFO] ApiDb:250 - Set database path to: C:\Users\jespe\.stmcufinder\plugins\mcufinder//mcu/
2024-01-18 12:36:09,361 [WARN] DbFile:41 - Overriding database path with different value: C:\Users\jespe\.stmcufinder\plugins\mcufinder/ => C:\Users\jespe\.stmcufinder\plugins\mcufinder
2024-01-18 12:36:09,361 [INFO] DbMcusAds:125 - Set database path to: C:\Users\jespe\.stmcufinder\plugins\mcufinder//mcu/
2024-01-18 12:36:09,362 [WARN] DbFile:41 - Overriding database path with different value: C:\Users\jespe\.stmcufinder\plugins\mcufinder/ => C:\Users\jespe\.stmcufinder\plugins\mcufinder
2024-01-18 12:36:09,362 [WARN] DbFile:41 - Overriding database path with different value: C:\Users\jespe\.stmcufinder\plugins\mcufinder/ => C:\Users\jespe\.stmcufinder\plugins\mcufinder
2024-01-18 12:36:09,362 [INFO] CrossReferenceDbSqlite:203 - Set database path to: C:\Users\jespe\.stmcufinder\plugins\mcufinder//mcu/cs/
2024-01-18 12:36:09,379 [INFO] ApplicationProperties:184 - Using Application install path: C:\ST\STM32CubeIDE_1.13.2\STM32CubeIDE\plugins\com.st.stm32cube.common.mx_6.9.2.202309101412
2024-01-18 12:36:09,380 [INFO] PluginManage:196 - Search for loadable plugins [exclusion list=, ]
2024-01-18 12:36:09,381 [INFO] PluginManage:310 - Check plugin analytics
2024-01-18 12:36:09,550 [INFO] AnalyticsPlugin:253 - Accepted Software Licenses: 
2024-01-18 12:36:09,551 [INFO] AnalyticsPlugin:255 - Accepted CMSIS Pack Licenses: 
2024-01-18 12:36:09,551 [INFO] AnalyticsPlugin:257 - Accepted Firmware Licenses: 
2024-01-18 12:36:09,555 [INFO] PluginManage:359 - Loaded plugin analytics (category:tool,tabindex:-1)
2024-01-18 12:36:09,556 [INFO] PluginManage:310 - Check plugin cadmodel
2024-01-18 12:36:09,570 [INFO] CADModel:105 - Init CAD model plugin
2024-01-18 12:36:09,571 [INFO] PluginManage:359 - Loaded plugin cadmodel (category:power,tabindex:5)
2024-01-18 12:36:09,571 [INFO] PluginManage:310 - Check plugin clock
2024-01-18 12:36:09,591 [INFO] PluginManage:359 - Loaded plugin clock (category:base,tabindex:2)
2024-01-18 12:36:09,591 [INFO] PluginManage:310 - Check plugin ddr
2024-01-18 12:36:09,595 [INFO] PluginManage:359 - Loaded plugin ddr (category:tool,tabindex:6)
2024-01-18 12:36:09,595 [INFO] PluginManage:310 - Check plugin filemanager
2024-01-18 12:36:09,738 [INFO] PluginManage:359 - Loaded plugin filemanager (category:base,tabindex:10)
2024-01-18 12:36:09,738 [INFO] PluginManage:310 - Check plugin ipmanager
2024-01-18 12:36:09,746 [INFO] PluginManage:359 - Loaded plugin ipmanager (category:base,tabindex:5)
2024-01-18 12:36:09,746 [INFO] PluginManage:310 - Check plugin lpbam
2024-01-18 12:36:09,763 [INFO] PluginManage:359 - Loaded plugin lpbam (category:base,tabindex:0)
2024-01-18 12:36:09,763 [INFO] PluginManage:310 - Check plugin memorymap
2024-01-18 12:36:09,785 [INFO] PluginManage:359 - Loaded plugin memorymap (category:base,tabindex:4)
2024-01-18 12:36:09,785 [INFO] PluginManage:310 - Check plugin pinoutandconfiguration
2024-01-18 12:36:09,802 [INFO] PluginManage:359 - Loaded plugin pinoutandconfiguration (category:base,tabindex:1)
2024-01-18 12:36:09,802 [INFO] PluginManage:310 - Check plugin pinoutconfig
2024-01-18 12:36:09,889 [WARN] SupportedApi:132 - Cannot load RTOS API schema: s4s-elt-must-match.1: The content of 'definitions' must match (annotation?, (simpleType | complexType)?, (unique | key | keyref)*)). A problem was found starting at: attribute.
2024-01-18 12:36:10,027 [INFO] PluginManage:359 - Loaded plugin pinoutconfig (category:base,tabindex:0)
2024-01-18 12:36:10,028 [INFO] PluginManage:310 - Check plugin power
2024-01-18 12:36:10,050 [INFO] PluginManage:359 - Loaded plugin power (category:power,tabindex:4)
2024-01-18 12:36:10,050 [INFO] PluginManage:310 - Check plugin projectmanager
2024-01-18 12:36:10,064 [INFO] PluginManage:359 - Loaded plugin projectmanager (category:projectmanager,tabindex:3)
2024-01-18 12:36:10,064 [INFO] PluginManage:310 - Check plugin thirdparty
2024-01-18 12:36:10,316 [INFO] PluginManage:359 - Loaded plugin thirdparty (category:base,tabindex:-1)
2024-01-18 12:36:10,316 [WARN] IntegrityCheckThread:84 - waiting for thirdparty lock release [integrity check]
2024-01-18 12:36:10,316 [INFO] PluginManage:310 - Check plugin tools
2024-01-18 12:36:10,317 [INFO] IntegrityCheckThread:86 - entering critical section [integrity check]
2024-01-18 12:36:10,317 [INFO] ThirdPartyUpdaterWithRetryManager:70 - Updater plugin not ready yet. [1/15]
2024-01-18 12:36:10,353 [INFO] PluginManage:359 - Loaded plugin tools (category:base,tabindex:7)
2024-01-18 12:36:10,353 [INFO] PluginManage:310 - Check plugin tutovideos
2024-01-18 12:36:10,545 [INFO] PluginManage:359 - Loaded plugin tutovideos (category:base,tabindex:-1)
2024-01-18 12:36:10,545 [INFO] PluginManage:310 - Check plugin updater
2024-01-18 12:36:10,556 [INFO] PluginManage:359 - Loaded plugin updater (category:base,tabindex:12)
2024-01-18 12:36:10,556 [INFO] PluginManage:310 - Check plugin userauth
2024-01-18 12:36:10,561 [INFO] UserAuth:113 - Init User Auth plugin
2024-01-18 12:36:10,562 [INFO] PluginManage:359 - Loaded plugin userauth (category:base,tabindex:14)
2024-01-18 12:36:10,562 [INFO] PluginManage:283 - PluginManage : Loaded plugins [17]
2024-01-18 12:36:10,774 [INFO] PinOutPanel:1499 - setPackage(No Configuration,No Configuration)
2024-01-18 12:36:10,871 [INFO] CADModel:165 - CPN selected for project level
2024-01-18 12:36:10,872 [INFO] CADModel:114 - Register for checkConnection events
2024-01-18 12:36:10,908 [INFO] IPUIPlugin:80 - create IPUIPlugin
2024-01-18 12:36:10,909 [INFO] PluginManager:220 - loadIPPluginJar : add adc
2024-01-18 12:36:10,942 [INFO] IPUIPlugin:80 - create IPUIPlugin
2024-01-18 12:36:10,942 [INFO] PluginManager:220 - loadIPPluginJar : add aes
2024-01-18 12:36:10,976 [INFO] IPUIPlugin:80 - create IPUIPlugin
2024-01-18 12:36:10,976 [INFO] PluginManager:220 - loadIPPluginJar : add can
2024-01-18 12:36:10,995 [INFO] IPUIPlugin:80 - create IPUIPlugin
2024-01-18 12:36:10,995 [INFO] PluginManager:220 - loadIPPluginJar : add comp
2024-01-18 12:36:11,023 [INFO] IPUIPlugin:80 - create IPUIPlugin
2024-01-18 12:36:11,023 [INFO] PluginManager:220 - loadIPPluginJar : add cryp
2024-01-18 12:36:11,051 [INFO] IPUIPlugin:80 - create IPUIPlugin
2024-01-18 12:36:11,051 [INFO] PluginManager:220 - loadIPPluginJar : add dfsdm
2024-01-18 12:36:11,065 [INFO] IPUIPlugin:80 - create IPUIPlugin
2024-01-18 12:36:11,065 [INFO] PluginManager:220 - loadIPPluginJar : add dma
2024-01-18 12:36:11,107 [INFO] IPUIPlugin:80 - create IPUIPlugin
2024-01-18 12:36:11,107 [INFO] PluginManager:220 - loadIPPluginJar : add dma3
2024-01-18 12:36:11,124 [INFO] IPUIPlugin:80 - create IPUIPlugin
2024-01-18 12:36:11,125 [INFO] PluginManager:220 - loadIPPluginJar : add fatfs
2024-01-18 12:36:11,164 [INFO] IPUIPlugin:80 - create IPUIPlugin
2024-01-18 12:36:11,165 [INFO] PluginManager:220 - loadIPPluginJar : add fmc
2024-01-18 12:36:11,179 [INFO] IPUIPlugin:80 - create IPUIPlugin
2024-01-18 12:36:11,179 [INFO] PluginManager:220 - loadIPPluginJar : add freertos
2024-01-18 12:36:11,197 [INFO] IPUIPlugin:80 - create IPUIPlugin
2024-01-18 12:36:11,197 [INFO] PluginManager:220 - loadIPPluginJar : add genericplugin
2024-01-18 12:36:11,276 [INFO] IPUIPlugin:80 - create IPUIPlugin
2024-01-18 12:36:11,276 [INFO] PluginManager:220 - loadIPPluginJar : add gfxmmu
2024-01-18 12:36:11,376 [INFO] IPUIPlugin:80 - create IPUIPlugin
2024-01-18 12:36:11,376 [INFO] PluginManager:220 - loadIPPluginJar : add gic
2024-01-18 12:36:11,388 [INFO] IPUIPlugin:80 - create IPUIPlugin
2024-01-18 12:36:11,388 [INFO] PluginManager:220 - loadIPPluginJar : add gpio
2024-01-18 12:36:11,461 [INFO] IPUIPlugin:80 - create IPUIPlugin
2024-01-18 12:36:11,461 [INFO] PluginManager:220 - loadIPPluginJar : add gtzc
2024-01-18 12:36:11,486 [INFO] IPUIPlugin:80 - create IPUIPlugin
2024-01-18 12:36:11,486 [INFO] PluginManager:220 - loadIPPluginJar : add hash
2024-01-18 12:36:11,526 [INFO] IPUIPlugin:80 - create IPUIPlugin
2024-01-18 12:36:11,527 [INFO] PluginManager:220 - loadIPPluginJar : add i2c
2024-01-18 12:36:11,558 [INFO] IPUIPlugin:80 - create IPUIPlugin
2024-01-18 12:36:11,558 [INFO] PluginManager:220 - loadIPPluginJar : add i2s
2024-01-18 12:36:11,592 [INFO] IPUIPlugin:80 - create IPUIPlugin
2024-01-18 12:36:11,592 [INFO] PluginManager:220 - loadIPPluginJar : add i3c
2024-01-18 12:36:11,678 [INFO] IPUIPlugin:80 - create IPUIPlugin
2024-01-18 12:36:11,678 [INFO] PluginManager:220 - loadIPPluginJar : add ipddr
2024-01-18 12:36:11,750 [INFO] IPUIPlugin:80 - create IPUIPlugin
2024-01-18 12:36:11,750 [INFO] PluginManager:220 - loadIPPluginJar : add linkedlist
2024-01-18 12:36:11,777 [INFO] IPUIPlugin:80 - create IPUIPlugin
2024-01-18 12:36:11,777 [INFO] PluginManager:220 - loadIPPluginJar : add lorawan
2024-01-18 12:36:11,806 [INFO] IPUIPlugin:80 - create IPUIPlugin
2024-01-18 12:36:11,806 [INFO] PluginManager:220 - loadIPPluginJar : add ltdc
2024-01-18 12:36:11,819 [INFO] IPUIPlugin:80 - create IPUIPlugin
2024-01-18 12:36:11,819 [INFO] PluginManager:220 - loadIPPluginJar : add mdma
2024-01-18 12:36:11,830 [INFO] IPUIPlugin:80 - create IPUIPlugin
2024-01-18 12:36:11,831 [INFO] PluginManager:220 - loadIPPluginJar : add nvic
2024-01-18 12:36:11,861 [INFO] IPUIPlugin:80 - create IPUIPlugin
2024-01-18 12:36:11,861 [INFO] PluginManager:220 - loadIPPluginJar : add opamp
2024-01-18 12:36:11,909 [INFO] IPUIPlugin:80 - create IPUIPlugin
2024-01-18 12:36:11,909 [INFO] PluginManager:220 - loadIPPluginJar : add openamp
2024-01-18 12:36:11,944 [INFO] IPUIPlugin:80 - create IPUIPlugin
2024-01-18 12:36:11,944 [INFO] PluginManager:220 - loadIPPluginJar : add pdm2pcm
2024-01-18 12:36:11,957 [INFO] IPUIPlugin:80 - create IPUIPlugin
2024-01-18 12:36:11,959 [INFO] PluginManager:220 - loadIPPluginJar : add plateformsettings
2024-01-18 12:36:11,977 [INFO] IPUIPlugin:80 - create IPUIPlugin
2024-01-18 12:36:11,977 [INFO] PluginManager:220 - loadIPPluginJar : add quadspi
2024-01-18 12:36:11,989 [INFO] IPUIPlugin:80 - create IPUIPlugin
2024-01-18 12:36:11,989 [INFO] PluginManager:220 - loadIPPluginJar : add resmgrutility
2024-01-18 12:36:12,028 [INFO] IPUIPlugin:80 - create IPUIPlugin
2024-01-18 12:36:12,028 [INFO] PluginManager:220 - loadIPPluginJar : add sai
2024-01-18 12:36:12,058 [INFO] IPUIPlugin:80 - create IPUIPlugin
2024-01-18 12:36:12,058 [INFO] PluginManager:220 - loadIPPluginJar : add spi
2024-01-18 12:36:12,105 [INFO] IPUIPlugin:80 - create IPUIPlugin
2024-01-18 12:36:12,105 [INFO] PluginManager:220 - loadIPPluginJar : add stm32_wpan
2024-01-18 12:36:12,125 [INFO] IPUIPlugin:80 - create IPUIPlugin
2024-01-18 12:36:12,125 [INFO] PluginManager:220 - loadIPPluginJar : add tim
2024-01-18 12:36:12,170 [INFO] IPUIPlugin:80 - create IPUIPlugin
2024-01-18 12:36:12,170 [INFO] PluginManager:220 - loadIPPluginJar : add touchsensing
2024-01-18 12:36:12,189 [INFO] IPUIPlugin:80 - create IPUIPlugin
2024-01-18 12:36:12,189 [INFO] PluginManager:220 - loadIPPluginJar : add tracer_emb
2024-01-18 12:36:12,208 [INFO] IPUIPlugin:80 - create IPUIPlugin
2024-01-18 12:36:12,208 [INFO] PluginManager:220 - loadIPPluginJar : add ts
2024-01-18 12:36:12,225 [INFO] IPUIPlugin:80 - create IPUIPlugin
2024-01-18 12:36:12,226 [INFO] PluginManager:220 - loadIPPluginJar : add tsc
2024-01-18 12:36:12,244 [INFO] IPUIPlugin:80 - create IPUIPlugin
2024-01-18 12:36:12,244 [INFO] PluginManager:220 - loadIPPluginJar : add ucpd
2024-01-18 12:36:12,280 [INFO] IPUIPlugin:80 - create IPUIPlugin
2024-01-18 12:36:12,280 [INFO] PluginManager:220 - loadIPPluginJar : add usart
2024-01-18 12:36:12,315 [INFO] IPUIPlugin:80 - create IPUIPlugin
2024-01-18 12:36:12,315 [INFO] PluginManager:220 - loadIPPluginJar : add usbx
2024-01-18 12:36:12,435 [INFO] CADModel:165 - CPN selected for project level
2024-01-18 12:36:12,436 [INFO] CADModel:114 - Register for checkConnection events
2024-01-18 12:36:12,436 [FATAL] Updater:308 - Updater called before beeing initialized
2024-01-18 12:36:12,436 [ERROR] CADModel:125 - Updater not yet initialized, retry later 
2024-01-18 12:36:12,564 [INFO] CADModel:165 - CPN selected for project level
2024-01-18 12:36:12,564 [INFO] CADModel:114 - Register for checkConnection events
2024-01-18 12:36:12,565 [FATAL] Updater:308 - Updater called before beeing initialized
2024-01-18 12:36:12,565 [ERROR] CADModel:125 - Updater not yet initialized, retry later 
2024-01-18 12:36:12,568 [FATAL] Updater:308 - Updater called before beeing initialized
2024-01-18 12:36:12,659 [FATAL] Updater:308 - Updater called before beeing initialized
2024-01-18 12:36:12,668 [INFO] DbMcusAds:53 - JSON generation date=Tue Mar 07 09:50:55 CET 2023 (1678179055114)
2024-01-18 12:36:12,669 [FATAL] Updater:308 - Updater called before beeing initialized
2024-01-18 12:36:12,740 [WARN] DetailPanel:346 - Failed to get advertising image, set to default
2024-01-18 12:36:12,831 [FATAL] Updater:308 - Updater called before beeing initialized
2024-01-18 12:36:12,833 [FATAL] Updater:308 - Updater called before beeing initialized
2024-01-18 12:36:12,833 [FATAL] Updater:308 - Updater called before beeing initialized
2024-01-18 12:36:12,833 [WARN] DetailPanel:346 - Failed to get advertising image, set to default
2024-01-18 12:36:12,834 [FATAL] Updater:308 - Updater called before beeing initialized
2024-01-18 12:36:12,887 [ERROR] Updater:1120 - MainUpdater not yet initialized. External WinMGr cannot be set.
2024-01-18 12:36:12,895 [INFO] Updater:1056 - Updater Version found : 6.9.2
2024-01-18 12:36:12,910 [INFO] ApplicationProperties:184 - Using Application install path: C:\ST\STM32CubeIDE_1.13.2\STM32CubeIDE\plugins\com.st.stm32cube.common.mx_6.9.2.202309101412
2024-01-18 12:36:13,042 [INFO] MainUpdater:2868 - connection check result : 10
2024-01-18 12:36:13,043 [INFO] MainUpdater:285 - Updater Check For Update Now.
2024-01-18 12:36:13,043 [INFO] MicroXplorer:498 - Change Database Version : DB.6.0.92
2024-01-18 12:36:13,066 [INFO] McuFinderGlobals:63 - Set McuFinder mode to 2 (CubeIDE integrated)
2024-01-18 12:36:13,240 [INFO] CheckServerUpdateThread:120 - End of CheckServer Thread
2024-01-18 12:36:13,593 [WARN] PackLoader:240 - Cannot read IP mode file for STMicroelectronics.X-CUBE-SMBUS.2.1.0
2024-01-18 12:36:13,614 [WARN] PackLoader:240 - Cannot read IP mode file for STMicroelectronics.X-CUBE-TOUCHGFX.4.23.0
2024-01-18 12:36:13,664 [WARN] PackLoader:240 - Cannot read IP mode file for STMicroelectronics.X-CUBE-AZRTOS-F7.1.1.0
2024-01-18 12:36:13,688 [WARN] PackLoader:240 - Cannot read IP mode file for STMicroelectronics.FP-SNS-MOTENV1.4.3.2
2024-01-18 12:36:13,707 [WARN] PackLoader:240 - Cannot read IP mode file for STMicroelectronics.FP-SNS-FLIGHT1.5.0.2
2024-01-18 12:36:13,732 [WARN] PackLoader:240 - Cannot read IP mode file for STMicroelectronics.X-CUBE-DISPLAY.3.0.0
2024-01-18 12:36:13,757 [WARN] PackLoader:240 - Cannot read IP mode file for STMicroelectronics.X-CUBE-BLE1.7.0.0
2024-01-18 12:36:13,775 [WARN] PackLoader:240 - Cannot read IP mode file for emotas.I-CUBE-CANOPEN.1.3.0
2024-01-18 12:36:13,790 [WARN] PackLoader:240 - Cannot read IP mode file for STMicroelectronics.X-CUBE-TOUCHGFX.4.22.0
2024-01-18 12:36:13,804 [WARN] PackLoader:240 - Cannot read IP mode file for STMicroelectronics.X-CUBE-TOUCHGFX.4.22.1
2024-01-18 12:36:13,818 [WARN] PackLoader:240 - Cannot read IP mode file for STMicroelectronics.FP-SNS-SMARTAG2.1.2.0
2024-01-18 12:36:13,837 [INFO] LogOutputStream:77 - [STDOUT_REDIRECT] 1 : Invalid condition id : UX_CORESTACK_Condition cause : null
2024-01-18 12:36:13,838 [INFO] LogOutputStream:77 - [STDOUT_REDIRECT] 1 : Invalid condition id : UX_CORESTACK_Condition cause : null
2024-01-18 12:36:13,839 [INFO] LogOutputStream:77 - [STDOUT_REDIRECT] 1 : Invalid condition id : UX_CORESTACK_Condition cause : null
2024-01-18 12:36:13,840 [INFO] LogOutputStream:77 - [STDOUT_REDIRECT] 1 : Invalid condition id : UX_CORESTACK_Condition cause : null
2024-01-18 12:36:13,840 [INFO] LogOutputStream:77 - [STDOUT_REDIRECT] 1 : Invalid condition id : UX_CORESTACK_Condition cause : null
2024-01-18 12:36:13,844 [WARN] PackLoader:240 - Cannot read IP mode file for STMicroelectronics.X-CUBE-AZRTOS-WL.2.0.0
2024-01-18 12:36:13,861 [WARN] PackLoader:240 - Cannot read IP mode file for WES.I-CUBE-Cesium.1.3.0
2024-01-18 12:36:13,872 [WARN] PackLoader:240 - Cannot read IP mode file for STMicroelectronics.X-CUBE-BLE2.3.3.0
2024-01-18 12:36:13,884 [WARN] PackLoader:240 - Cannot read IP mode file for STMicroelectronics.X-CUBE-ALGOBUILD.1.3.0
2024-01-18 12:36:13,919 [WARN] PackLoader:240 - Cannot read IP mode file for STMicroelectronics.X-CUBE-AZRTOS-G0.1.1.0
2024-01-18 12:36:13,943 [WARN] PackLoader:240 - Cannot read IP mode file for STMicroelectronics.X-CUBE-NFC4.3.0.0
2024-01-18 12:36:13,969 [WARN] PackLoader:240 - Cannot read IP mode file for STMicroelectronics.X-CUBE-BLEMGR.3.0.0
2024-01-18 12:36:13,990 [WARN] PackLoader:240 - Cannot read IP mode file for STMicroelectronics.FP-ATR-SIGFOX1.3.2.0
2024-01-18 12:36:14,043 [WARN] PackLoader:240 - Cannot read IP mode file for SEGGER.I-CUBE-embOS.1.3.1
2024-01-18 12:36:14,088 [WARN] PackLoader:240 - Cannot read IP mode file for STMicroelectronics.X-CUBE-GNSS1.6.0.0
2024-01-18 12:36:14,115 [WARN] PackLoader:240 - Cannot read IP mode file for STMicroelectronics.X-CUBE-AZRTOS-F4.1.1.0
2024-01-18 12:36:14,129 [WARN] PackLoader:240 - Cannot read IP mode file for wolfSSL.I-CUBE-wolfSSL.5.6.3
2024-01-18 12:36:14,158 [WARN] PackLoader:240 - Cannot read IP mode file for STMicroelectronics.X-CUBE-AZRTOS-L5.2.0.0
2024-01-18 12:36:14,214 [WARN] PackLoader:240 - Cannot read IP mode file for STMicroelectronics.X-CUBE-MEMS1.9.6.0
2024-01-18 12:36:14,329 [WARN] PackLoader:240 - Cannot read IP mode file for STMicroelectronics.X-CUBE-EEPRMA1.4.2.0
2024-01-18 12:36:14,343 [WARN] PackLoader:240 - Cannot read IP mode file for ITTIA_DB.I-CUBE-ITTIADB.8.8.0
2024-01-18 12:36:14,356 [WARN] PackLoader:240 - Cannot read IP mode file for STMicroelectronics.X-CUBE-BLEMGR.2.0.0
2024-01-18 12:36:14,381 [WARN] ConditionMgr:438 - getConditionDescription Invalid condition id : UX DEVICE CLASS RTOS Condition cause : null
2024-01-18 12:36:14,382 [WARN] ConditionMgr:438 - getConditionDescription Invalid condition id : UX DEVICE CLASS RTOS Condition cause : null
2024-01-18 12:36:14,384 [WARN] PackLoader:240 - Cannot read IP mode file for STMicroelectronics.X-CUBE-AZRTOS-H7.3.1.0
2024-01-18 12:36:14,385 [WARN] ConditionMgr:1039 - genDependencies : Invalid condition id : UX DEVICE CLASS RTOS Condition cause : null
2024-01-18 12:36:14,385 [WARN] ConditionMgr:1039 - genDependencies : Invalid condition id : UX DEVICE CLASS RTOS Condition cause : null
2024-01-18 12:36:14,386 [WARN] ConditionMgr:1039 - genDependencies : Invalid condition id : UX DEVICE CLASS RTOS Condition cause : null
2024-01-18 12:36:14,386 [WARN] ConditionMgr:1039 - genDependencies : Invalid condition id : UX DEVICE CLASS RTOS Condition cause : null
2024-01-18 12:36:14,386 [WARN] ConditionMgr:1039 - genDependencies : Invalid condition id : UX DEVICE CLASS RTOS Condition cause : null
2024-01-18 12:36:14,400 [WARN] PackLoader:240 - Cannot read IP mode file for STMicroelectronics.X-CUBE-NFC7.1.0.1
2024-01-18 12:36:14,414 [WARN] PackLoader:240 - Cannot read IP mode file for STMicroelectronics.X-CUBE-NFC6.3.0.0
2024-01-18 12:36:14,427 [WARN] PackLoader:240 - Cannot read IP mode file for STMicroelectronics.X-CUBE-EEPRMA1.4.1.0
2024-01-18 12:36:14,441 [WARN] PackLoader:240 - Cannot read IP mode file for STMicroelectronics.X-CUBE-AI.8.1.0
2024-01-18 12:36:14,472 [WARN] ConditionMgr:438 - getConditionDescription Invalid condition id : LAN8742 Phy interface Condition cause : null
2024-01-18 12:36:14,473 [WARN] PackLoader:240 - Cannot read IP mode file for STMicroelectronics.X-CUBE-AZRTOS-L4.2.0.0
2024-01-18 12:36:14,474 [WARN] ConditionMgr:1039 - genDependencies : Invalid condition id : LAN8742 Phy interface Condition cause : null
2024-01-18 12:36:14,474 [WARN] ConditionMgr:1039 - genDependencies : Invalid condition id : LAN8742 Phy interface Condition cause : null
2024-01-18 12:36:14,475 [WARN] ConditionMgr:1039 - genDependencies : Invalid condition id : LAN8742 Phy interface Condition cause : null
2024-01-18 12:36:14,493 [WARN] PackLoader:240 - Cannot read IP mode file for STMicroelectronics.X-CUBE-SFXS2LP1.4.0.0
2024-01-18 12:36:14,507 [WARN] PackLoader:240 - Cannot read IP mode file for STMicroelectronics.X-CUBE-ISPU.1.1.0
2024-01-18 12:36:14,543 [WARN] ConditionMgr:438 - getConditionDescription Invalid condition id : UX DEVICE CLASS RTOS Condition cause : null
2024-01-18 12:36:14,544 [WARN] ConditionMgr:438 - getConditionDescription Invalid condition id : UX DEVICE CLASS RTOS Condition cause : null
2024-01-18 12:36:14,547 [WARN] PackLoader:240 - Cannot read IP mode file for STMicroelectronics.X-CUBE-AZRTOS-WB.2.0.0
2024-01-18 12:36:14,548 [WARN] ConditionMgr:1039 - genDependencies : Invalid condition id : UX DEVICE CLASS RTOS Condition cause : null
2024-01-18 12:36:14,549 [WARN] ConditionMgr:1039 - genDependencies : Invalid condition id : UX DEVICE CLASS RTOS Condition cause : null
2024-01-18 12:36:14,550 [WARN] ConditionMgr:1039 - genDependencies : Invalid condition id : UX DEVICE CLASS RTOS Condition cause : null
2024-01-18 12:36:14,550 [WARN] ConditionMgr:1039 - genDependencies : Invalid condition id : UX DEVICE CLASS RTOS Condition cause : null
2024-01-18 12:36:14,551 [WARN] ConditionMgr:1039 - genDependencies : Invalid condition id : UX DEVICE CLASS RTOS Condition cause : null
2024-01-18 12:36:14,571 [WARN] PackLoader:240 - Cannot read IP mode file for STMicroelectronics.X-CUBE-SUBG2.5.0.0
2024-01-18 12:36:14,592 [WARN] PackLoader:240 - Cannot read IP mode file for STMicroelectronics.X-CUBE-TOF1.3.3.1
2024-01-18 12:36:14,624 [WARN] PackLoader:240 - Cannot read IP mode file for STMicroelectronics.X-CUBE-AZRTOS-G4.2.0.0
2024-01-18 12:36:14,644 [WARN] PackLoader:240 - Cannot read IP mode file for Infineon.AIROC-Wi-Fi-Bluetooth-STM32.1.5.1
2024-01-18 12:36:14,659 [WARN] PackLoader:240 - Cannot read IP mode file for STMicroelectronics.FP-SNS-MOTENVWB1.1.3.0
2024-01-18 12:36:14,673 [WARN] PackLoader:240 - Cannot read IP mode file for STMicroelectronics.FP-SNS-MOTENVWB1.1.3.1
2024-01-18 12:36:14,687 [WARN] PackLoader:240 - Cannot read IP mode file for STMicroelectronics.X-CUBE-ISPU.2.0.0
2024-01-18 12:36:14,731 [WARN] PackLoader:240 - Cannot read IP mode file for STMicroelectronics.X-CUBE-MEMS1.10.0.0
2024-01-18 12:36:14,830 [WARN] PackLoader:240 - Cannot read IP mode file for STMicroelectronics.X-CUBE-FREERTOS.1.1.0
2024-01-18 12:36:14,845 [WARN] PackLoader:240 - Cannot read IP mode file for portGmbH.I-Cube-SoM-uGOAL.1.1.0
2024-01-18 12:36:14,858 [WARN] PackLoader:240 - Cannot read IP mode file for STMicroelectronics.X-CUBE-ALS.1.0.1
2024-01-18 12:36:14,873 [WARN] PackLoader:240 - Cannot read IP mode file for STMicroelectronics.FP-ATR-ASTRA1.2.0.0
2024-01-18 12:36:14,892 [WARN] PackLoader:240 - Cannot read IP mode file for STMicroelectronics.X-CUBE-TOF1.3.4.0
2024-01-18 12:36:14,925 [WARN] PackLoader:240 - Cannot read IP mode file for STMicroelectronics.X-CUBE-AZRTOS-H7.3.2.0
2024-01-18 12:36:14,927 [INFO] ThirdParty:978 - Integrity check success = true
2024-01-18 12:36:14,927 [INFO] IntegrityCheckThread:100 - exiting critical section [integrity check]
2024-01-18 12:36:14,927 [INFO] IntegrityCheckThread:103 - End integrity checks thread
2024-01-18 12:36:34,069 [ERROR] LogOutputStream:75 - [STDERR_REDIRECT] SLF4J: Failed to load class "org.slf4j.impl.StaticLoggerBinder".
2024-01-18 12:36:34,069 [ERROR] LogOutputStream:75 - [STDERR_REDIRECT] SLF4J: Defaulting to no-operation (NOP) logger implementation
2024-01-18 12:36:34,071 [ERROR] LogOutputStream:75 - [STDERR_REDIRECT] SLF4J: See http://www.slf4j.org/codes.html#StaticLoggerBinder for further details.
2024-01-18 13:39:05,269 [INFO] McuFinderGlobals:63 - Set McuFinder mode to 2 (CubeIDE integrated)
2024-01-18 13:39:05,292 [INFO] MainUpdater:2868 - connection check result : 10
2024-01-18 13:39:05,299 [INFO] MainUpdater:2868 - connection check result : 10
2024-01-18 13:39:05,519 [INFO] MicroXplorer:468 - Change Database Path : 
2024-01-18 13:39:05,519 [INFO] MicroXplorer:498 - Change Database Version : DB.6.0.92
2024-01-18 13:39:05,522 [WARN] ThirdParty:871 - waiting for thirdparty lock release [close project]
2024-01-18 13:39:05,522 [INFO] ThirdParty:873 - entering critical section [close project]
2024-01-18 13:39:05,524 [INFO] ThirdParty:883 - exiting critical section [close project]
2024-01-18 13:39:05,527 [INFO] PinOutPanel:1499 - setPackage(No Configuration,No Configuration)
2024-01-18 13:39:05,534 [INFO] UtilMem:75 - Begin LoadConfig() Used Memory: 605002800 Bytes (1006632960)
2024-01-18 13:39:05,536 [INFO] MicroXplorer:468 - Change Database Path : 
2024-01-18 13:39:05,536 [INFO] MicroXplorer:498 - Change Database Version : DB.6.0.92
2024-01-18 13:39:05,536 [INFO] OpenFileManager:308 - Change cursor
2024-01-18 13:39:05,575 [INFO] Mcu:1946 - Initializing MCU STM32F072R(8-B)Tx STM32F072RBTx STM32F072RBT6
2024-01-18 13:39:07,059 [INFO] Context:659 - Trying to add GPIOservice into a context  which must be forbidden
2024-01-18 13:39:07,643 [INFO] RtosManager:555 - Registered RTOS mode: class=CMSIS, group=RTOS, mode=CMSIS_V1, owner=FREERTOS
2024-01-18 13:39:07,643 [INFO] RtosManager:555 - Registered RTOS mode: class=CMSIS, group=RTOS2, mode=CMSIS_V2, owner=FREERTOS
2024-01-18 13:39:07,643 [INFO] RtosManager:555 - Registered RTOS mode: class=RTOS, group=Core, mode=CMSIS_V1, owner=FREERTOS
2024-01-18 13:39:07,643 [INFO] RtosManager:555 - Registered RTOS mode: class=RTOS, group=Core, mode=CMSIS_V2, owner=FREERTOS
2024-01-18 13:39:07,643 [WARN] ModelIntegratedComponent:184 - Missing modes for component STMicroelectronics:FreeRTOS:0.0.1:STMicroelectronics:RTOS:FreeRTOS:Core:::10.2.0:
2024-01-18 13:39:07,655 [WARN] ModelIntegratedComponent:63 - No mode defined for component null
2024-01-18 13:39:07,655 [WARN] ModelIntegratedComponent:63 - No mode defined for component null
2024-01-18 13:39:07,655 [WARN] ModelIntegratedComponent:63 - No mode defined for component null
2024-01-18 13:39:07,656 [WARN] ModelIntegratedComponent:63 - No mode defined for component null
2024-01-18 13:39:07,656 [WARN] ModelIntegratedComponent:63 - No mode defined for component null
2024-01-18 13:39:07,656 [WARN] ModelIntegratedComponent:63 - No mode defined for component null
2024-01-18 13:39:07,656 [WARN] ModelIntegratedComponent:63 - No mode defined for component null
2024-01-18 13:39:07,656 [WARN] ModelIntegratedComponent:63 - No mode defined for component null
2024-01-18 13:39:07,656 [WARN] ModelIntegratedComponent:63 - No mode defined for component null
2024-01-18 13:39:07,656 [WARN] ModelIntegratedComponent:63 - No mode defined for component null
2024-01-18 13:39:07,656 [WARN] ModelIntegratedComponent:63 - No mode defined for component null
2024-01-18 13:39:07,656 [WARN] ModelIntegratedComponent:63 - No mode defined for component null
2024-01-18 13:39:07,656 [WARN] ModelIntegratedComponent:63 - No mode defined for component null
2024-01-18 13:39:07,656 [WARN] ModelIntegratedComponent:63 - No mode defined for component null
2024-01-18 13:39:07,656 [WARN] ModelIntegratedComponent:63 - No mode defined for component null
2024-01-18 13:39:07,656 [WARN] ModelIntegratedComponent:63 - No mode defined for component null
2024-01-18 13:39:07,656 [WARN] ModelIntegratedComponent:63 - No mode defined for component null
2024-01-18 13:39:07,656 [WARN] ModelIntegratedComponent:63 - No mode defined for component null
2024-01-18 13:39:07,656 [WARN] ModelIntegratedComponent:63 - No mode defined for component null
2024-01-18 13:39:07,657 [WARN] ModelIntegratedComponent:63 - No mode defined for component null
2024-01-18 13:39:07,657 [WARN] ModelIntegratedComponent:63 - No mode defined for component null
2024-01-18 13:39:07,657 [WARN] ModelIntegratedComponent:63 - No mode defined for component null
2024-01-18 13:39:07,657 [WARN] ModelIntegratedComponent:63 - No mode defined for component null
2024-01-18 13:39:07,657 [WARN] ModelIntegratedComponent:63 - No mode defined for component null
2024-01-18 13:39:07,657 [WARN] ModelIntegratedComponent:63 - No mode defined for component null
2024-01-18 13:39:07,657 [WARN] ModelIntegratedComponent:63 - No mode defined for component null
2024-01-18 13:39:07,657 [WARN] ModelIntegratedComponent:63 - No mode defined for component null
2024-01-18 13:39:07,657 [WARN] ModelIntegratedComponent:63 - No mode defined for component null
2024-01-18 13:39:07,657 [WARN] ModelIntegratedComponent:63 - No mode defined for component null
2024-01-18 13:39:07,657 [WARN] ModelIntegratedComponent:63 - No mode defined for component null
2024-01-18 13:39:07,657 [WARN] ModelIntegratedComponent:63 - No mode defined for component null
2024-01-18 13:39:07,657 [WARN] ModelIntegratedComponent:63 - No mode defined for component null
2024-01-18 13:39:07,657 [WARN] ModelIntegratedComponent:63 - No mode defined for component null
2024-01-18 13:39:07,742 [INFO] ThirdPartyModel:298 - Start build external matchings
2024-01-18 13:39:08,414 [INFO] ThirdPartyModel:316 - End build external matchings
2024-01-18 13:39:08,434 [INFO] ImportTextPane:194 - (OptionalMessage_ERROR) IP (DMA) : Parameter (Instance) has Id (ADC) currently not set
2024-01-18 13:39:08,435 [INFO] ImportTextPane:194 - (OptionalMessage_ERROR) IP (DMA) : Parameter (Direction) has Id (ADC) currently not set
2024-01-18 13:39:08,435 [INFO] ImportTextPane:194 - (OptionalMessage_ERROR) IP (DMA) : Parameter (PeriphInc) has Id (ADC) currently not set
2024-01-18 13:39:08,435 [INFO] ImportTextPane:194 - (OptionalMessage_ERROR) IP (DMA) : Parameter (MemInc) has Id (ADC) currently not set
2024-01-18 13:39:08,435 [INFO] ImportTextPane:194 - (OptionalMessage_ERROR) IP (DMA) : Parameter (PeriphDataAlignment) has Id (ADC) currently not set
2024-01-18 13:39:08,435 [INFO] ImportTextPane:194 - (OptionalMessage_ERROR) IP (DMA) : Parameter (MemDataAlignment) has Id (ADC) currently not set
2024-01-18 13:39:08,435 [INFO] ImportTextPane:194 - (OptionalMessage_ERROR) IP (DMA) : Parameter (Mode) has Id (ADC) currently not set
2024-01-18 13:39:08,435 [INFO] ImportTextPane:194 - (OptionalMessage_ERROR) IP (DMA) : Parameter (Priority) has Id (ADC) currently not set
2024-01-18 13:39:08,439 [INFO] ImportTextPane:194 - (OptionalMessage_ERROR) IP (RCC) : Parameter (FLatency) has Id (AdvancedSettings) currently not set
2024-01-18 13:39:08,440 [INFO] ImportTextPane:194 - (OptionalMessage_ERROR) IP (RCC) : Invalid parameter (FamilyName)
2024-01-18 13:39:08,440 [INFO] ImportTextPane:194 - (OptionalMessage_ERROR) IP (RCC) : Invalid parameter (HSICECFreq_Value)
2024-01-18 13:39:08,442 [INFO] ImportTextPane:194 - (OptionalMessage_ERROR) IP (RCC) : Parameter (PREFETCH_ENABLE) has Id (AdvancedSettings) currently not set
2024-01-18 13:39:08,722 [INFO] UtilMem:75 - End LoadConfig() Used Memory: 584186280 Bytes (1073741824)
2024-01-18 13:39:08,936 [INFO] ApiDb:581 - Connected to CubeFinder SQLite database (C:\Users\jespe\.stmcufinder\plugins\mcufinder\mcu\cube-finder-db.db)
2024-01-18 13:39:09,029 [INFO] ApiDb:668 - CubeFinder database Data Model version=2.1
2024-01-18 13:39:09,029 [INFO] ApiDb:669 - CubeFinder database Configuration version=3.0.37
2024-01-18 13:39:09,030 [INFO] ApiDb:670 - CubeFinder database generation date=2023-08-09 (1691586011)
2024-01-18 13:39:09,030 [INFO] ApiDb:671 - CubeFinder database FW Pack versions=[FP-ATR-ASTRA1_V2.0.0, FP-SNS-FLIGHT1_V5.0.1, FP-SNS-FLIGHT1_V5.0.2, FP-SNS-MOTENV1_V4.3.1, FP-SNS-MOTENV1_V4.3.2, STM32Cube_FW_C0_V1.1.0, STM32Cube_FW_F4_V1.27.1, STM32Cube_FW_F7_V1.17.0, STM32Cube_FW_G0_V1.6.1, STM32Cube_FW_G4_V1.5.1, STM32Cube_FW_H5_V0.5.1, STM32Cube_FW_H5_V1.1.0, STM32Cube_FW_H7_V1.11.0, STM32Cube_FW_L0_V1.12.2, STM32Cube_FW_L5_V1.5.0, STM32Cube_FW_U5_V1.3.0, STM32Cube_FW_U5_V1.3.0RC4, STM32Cube_FW_WBA_V1.0.0RC1, STM32Cube_FW_WBA_V1.1.0, STM32Cube_FW_WBA_V1.1.0RC1, STM32Cube_FW_WB_V1.15.0RC1, STM32Cube_FW_WB_V1.16.0, STM32Cube_FW_WB_V1.16.0RC2, STM32Cube_FW_WB_V1.17.0, STM32Cube_FW_WL_V1.3.0, X-CUBE-ALGOBUILD_V1.3.0, X-CUBE-ALS_V1.0.1, X-CUBE-AZRTOS-F4_V1.1.0, X-CUBE-AZRTOS-F7_V1.1.0, X-CUBE-AZRTOS-G0_V1.1.0, X-CUBE-AZRTOS-G4_V2.0.0, X-CUBE-AZRTOS-H7_V3.1.0, X-CUBE-AZRTOS-L4_V1.0.0, X-CUBE-AZRTOS-L4_V2.0.0, X-CUBE-AZRTOS-L5_V1.1.0, X-CUBE-AZRTOS-WB_V1.1.0, X-CUBE-AZRTOS-WL_V2.0.0, X-CUBE-BLE1_V7.0.0, X-CUBE-BLE2_V3.3.0, X-CUBE-BLEMGR_V2.0.0, X-CUBE-EEPRMA1_V4.1.0, X-CUBE-FREERTOS_V1.1.0, X-CUBE-GNSS1_V6.0.0, X-CUBE-MEMS1_V9.1.0, X-CUBE-MEMS1_V9.4.0, X-CUBE-MEMS1_V9.6.0, X-CUBE-NFC4_V3.0.0, X-CUBE-NFC7_V1.0.0, X-CUBE-SFXS2LP1_V4.0.0, X-CUBE-SUBG2_V5.0.0, X-CUBE-TOF1_V3.3.1]
2024-01-18 13:39:11,680 [INFO] ApiDb:240 - Found 323 in-development CPN: [B-G473E-ZEST1S, B-WB1M-WPAN1, B-WL5M-SUBG1, NUCLEO-C031C6, NUCLEO-H503RB, NUCLEO-H563ZI, NUCLEO-U545RE-Q, NUCLEO-U5A5ZJ-Q, NUCLEO-WBA52CG, STEVAL-PROTEUS1, STEVAL-SMARTAG2, STEVAL-STWINBX1, STM320518-EVAL, STM32C0116-DK, STM32C011D6Y3TR, STM32C011D6Y6TR, STM32C011F4P3, STM32C011F4P6, STM32C011F4U3, STM32C011F4U6TR, STM32C011F6P3, STM32C011F6P6, STM32C011F6U3, STM32C011F6U6TR, STM32C011J4M3, STM32C011J4M6, STM32C011J6M3, STM32C011J6M6, STM32C0316-DK, STM32C031C4T3, STM32C031C4T6, STM32C031C4U3, STM32C031C4U6, STM32C031C6T3, STM32C031C6T6, STM32C031C6U3, STM32C031C6U6, STM32C031F4P3, STM32C031F4P6, STM32C031F6P3, STM32C031F6P6, STM32C031G4U3, STM32C031G4U6, STM32C031G6U3, STM32C031G6U6, STM32C031K4T3, STM32C031K4T6, STM32C031K4U3, STM32C031K4U6, STM32C031K6T3, STM32C031K6T6, STM32C031K6U3, STM32C031K6U6, STM32G071K8TXN, STM32G071K8UXN, STM32G081GBU6N, STM32G081KBT6N, STM32G081KBUXN, STM32G0B1CCT6N, STM32G0B1KCT6, STM32G0B1NEY6TR, STM32G0B1RCT6N, STM32G0C1CCT6, STM32G0C1CCT6N, STM32G0C1CCU6N, STM32G0C1CET6N, STM32G0C1CEU6N, STM32G0C1KCT6, STM32G0C1NEY6TR, STM32G0C1RCI6N, STM32G0C1RCT6N, STM32G0C1REI6N, STM32G0C1RET6N, STM32G0C1VCI6, STM32G0C1VEI6, STM32G471CCT6, STM32G471CCU6, STM32G471CET3, STM32G471CET6, STM32G471CEU3, STM32G471CEU6, STM32G471MCT6, STM32G471MET3, STM32G471MET6, STM32G471MEY6TR, STM32G471QCT6, STM32G471QET3, STM32G471RCT6, STM32G471RET3, STM32G471RET6, STM32G471VCH6, STM32G471VCI6, STM32G471VCT6, STM32G471VEH3, STM32G471VEH6, STM32G471VEI3, STM32G471VEI6, STM32G471VET3, STM32G471VET6, STM32G474CCT6, STM32H503CBT6, STM32H503CBU6, STM32H503EBY6TR, STM32H503KBU6, STM32H503RBT6, STM32H562AGI6, STM32H562AII6, STM32H562IGK6, STM32H562IGT6, STM32H562IIK6, STM32H562IIT6, STM32H562RGT6, STM32H562RGV6, STM32H562RIT6, STM32H562RIV6, STM32H562VGT6, STM32H562VIT6, STM32H562ZGT6, STM32H562ZIT6, STM32H563AGI6, STM32H563AII3Q, STM32H563AII6, STM32H563IGK6, STM32H563IGT6, STM32H563IIK3Q, STM32H563IIK6, STM32H563IIT3Q, STM32H563IIT6, STM32H563MIY3QTR, STM32H563RGT6, STM32H563RGV6, STM32H563RIT6, STM32H563RIV6, STM32H563VGT6, STM32H563VIT3Q, STM32H563VIT6, STM32H563ZGT6, STM32H563ZIT3Q, STM32H563ZIT6, STM32H573AII3Q, STM32H573AII6, STM32H573I-DK, STM32H573IIK3Q, STM32H573IIK6, STM32H573IIT3Q, STM32H573IIT6, STM32H573MIY3QTR, STM32H573RIT6, STM32H573RIV6, STM32H573VIT3Q, STM32H573VIT6, STM32H573ZIT3Q, STM32H573ZIT6, STM32L4R5QGI6STR, STM32MP131AAE3, STM32MP131AAF3, STM32MP131AAG3, STM32MP131CAE3, STM32MP131CAF3, STM32MP131CAG3, STM32MP131DAE7, STM32MP131DAF7, STM32MP131DAG7, STM32MP131FAE7, STM32MP131FAF7, STM32MP131FAG7, STM32MP133AAE3, STM32MP133AAF3, STM32MP133AAG3, STM32MP133CAE3, STM32MP133CAF3, STM32MP133CAG3, STM32MP133DAE7, STM32MP133DAF7, STM32MP133DAG7, STM32MP133FAE7, STM32MP133FAF7, STM32MP133FAG7, STM32MP135AAE3, STM32MP135AAF3, STM32MP135AAG3, STM32MP135CAE3, STM32MP135CAF3, STM32MP135CAG3, STM32MP135DAE7, STM32MP135DAF7, STM32MP135DAG7, STM32MP135F-DK, STM32MP135FAE7, STM32MP135FAF7, STM32MP135FAF7T, STM32MP135FAF7U, STM32MP135FAG7, STM32U535CBT6, STM32U535CBT6Q, STM32U535CBU6, STM32U535CBU6Q, STM32U535CCT6, STM32U535CCT6Q, STM32U535CCU6, STM32U535CCU6Q, STM32U535CET6, STM32U535CET6Q, STM32U535CEU6, STM32U535CEU6Q, STM32U535JEY6QTR, STM32U535NCY6QTR, STM32U535NEY6QTR, STM32U535RBI6, STM32U535RBI6Q, STM32U535RBT6, STM32U535RBT6Q, STM32U535RCI6, STM32U535RCI6Q, STM32U535RCT6, STM32U535RCT6Q, STM32U535REI6, STM32U535REI6Q, STM32U535RET6, STM32U535RET6Q, STM32U535VCI6, STM32U535VCI6Q, STM32U535VCT6, STM32U535VCT6Q, STM32U535VEI6, STM32U535VEI6Q, STM32U535VET6, STM32U535VET6Q, STM32U545CET6, STM32U545CET6Q, STM32U545CEU6, STM32U545CEU6Q, STM32U545JEY6QTR, STM32U545NEY6QTR, STM32U545REI6, STM32U545REI6Q, STM32U545RET6, STM32U545RET6Q, STM32U545VEI6, STM32U545VEI6Q, STM32U545VET6, STM32U545VET6Q, STM32U595AIH6, STM32U595AIH6Q, STM32U595AJH6, STM32U595AJH6Q, STM32U595QII6, STM32U595QII6Q, STM32U595QJI6, STM32U595QJI6Q, STM32U595RIT6, STM32U595RIT6Q, STM32U595RJT6, STM32U595RJT6Q, STM32U595VIT6, STM32U595VIT6Q, STM32U595VJT6, STM32U595VJT6Q, STM32U595ZIT6, STM32U595ZIT6Q, STM32U595ZIY6QTR, STM32U595ZJT6, STM32U595ZJT6Q, STM32U595ZJY6QTR, STM32U599BJY6QTR, STM32U599NIH6Q, STM32U599NJH6Q, STM32U599VIT6Q, STM32U599VJT6, STM32U599VJT6Q, STM32U599ZIT6Q, STM32U599ZIY6QTR, STM32U599ZJT6Q, STM32U599ZJY6QTR, STM32U5A5AJH6, STM32U5A5AJH6Q, STM32U5A5QJI6, STM32U5A5QJI6Q, STM32U5A5RJT6, STM32U5A5RJT6Q, STM32U5A5VJT6, STM32U5A5VJT6Q, STM32U5A5ZJT6, STM32U5A5ZJT6Q, STM32U5A5ZJY6QTR, STM32U5A9BJY6QTR, STM32U5A9J-DK, STM32U5A9NJH6Q, STM32U5A9VJT6Q, STM32U5A9ZJT6Q, STM32U5A9ZJY6QTR, STM32U5F7VIT6, STM32U5F7VIT6Q, STM32U5F7VJT6, STM32U5F7VJT6Q, STM32U5F9BJY6QTR, STM32U5F9NJH6Q, STM32U5F9VIT6Q, STM32U5F9VJT6Q, STM32U5F9ZIJ6QTR, STM32U5F9ZIT6Q, STM32U5F9ZJJ6QTR, STM32U5F9ZJT6Q, STM32U5G7VJT6, STM32U5G7VJT6Q, STM32U5G9BJY6QTR, STM32U5G9J-DK1, STM32U5G9J-DK2, STM32U5G9NJH6Q, STM32U5G9VJT6Q, STM32U5G9ZJJ6QTR, STM32U5G9ZJT6Q, STM32WB1MMCH6, STM32WBA52CEU6, STM32WBA52CEU6T, STM32WBA52CGU6, STM32WBA52CGU6T, STM32WBA52KEU6, STM32WBA52KEU6T, STM32WBA52KGU6, STM32WBA52KGU6T, STM32WL5MOCH6, STM32WL5MOCH6TR]
2024-01-18 13:39:11,685 [INFO] DbMcus:217 - Found 3848 MCUs, 3848 are supported
2024-01-18 13:39:11,686 [INFO] ApiDb:423 - Load user favorites file C:\Users\jespe/.stm32cubeide/favorites.mcus.txt: 0 item(s)
2024-01-18 13:39:11,686 [INFO] ApiDb:427 - User favorites MCUs=[]
2024-01-18 13:39:11,686 [INFO] DbMcus:223 - Set 0 / 0 favorites MCUs
2024-01-18 13:39:12,068 [WARN] ThirdParty:833 - waiting for thirdparty lock release [change project]
2024-01-18 13:39:12,068 [INFO] ThirdParty:835 - entering critical section [change project]
2024-01-18 13:39:12,069 [INFO] ThirdParty:1030 - CMSIS Pack Vendor :STMicroelectronics X-CUBE-ISPU 1.1.0
2024-01-18 13:39:12,069 [INFO] ThirdParty:1030 - CMSIS Pack Vendor :STMicroelectronics USBPD 4.1
2024-01-18 13:39:12,069 [INFO] ThirdParty:1030 - CMSIS Pack Vendor :STMicroelectronics X-CUBE-GNSS1 6.0.0
2024-01-18 13:39:12,069 [INFO] ThirdParty:1030 - CMSIS Pack Vendor :STMicroelectronics USB_HOST 2.0.0
2024-01-18 13:39:12,069 [INFO] ThirdParty:1030 - CMSIS Pack Vendor :STMicroelectronics X-CUBE-AZRTOS-F4 1.1.0
2024-01-18 13:39:12,069 [INFO] ThirdParty:1030 - CMSIS Pack Vendor :STMicroelectronics LIBJPEG 8.0.0
2024-01-18 13:39:12,069 [INFO] ThirdParty:1030 - CMSIS Pack Vendor :wolfSSL I-CUBE-wolfSSL 5.6.3
2024-01-18 13:39:12,069 [INFO] ThirdParty:1030 - CMSIS Pack Vendor :STMicroelectronics X-CUBE-SMBUS 2.1.0
2024-01-18 13:39:12,069 [INFO] ThirdParty:1030 - CMSIS Pack Vendor :STMicroelectronics USB_DEVICE 3.0.0
2024-01-18 13:39:12,069 [INFO] ThirdParty:1030 - CMSIS Pack Vendor :STMicroelectronics X-CUBE-AZRTOS-WB 2.0.0
2024-01-18 13:39:12,069 [INFO] ThirdParty:1030 - CMSIS Pack Vendor :STMicroelectronics X-CUBE-TOUCHGFX 4.23.0
2024-01-18 13:39:12,070 [INFO] ThirdParty:1030 - CMSIS Pack Vendor :STMicroelectronics X-CUBE-AZRTOS-F7 1.1.0
2024-01-18 13:39:12,070 [INFO] ThirdParty:1030 - CMSIS Pack Vendor :STMicroelectronics X-CUBE-AZRTOS-L5 2.0.0
2024-01-18 13:39:12,070 [INFO] ThirdParty:1030 - CMSIS Pack Vendor :STMicroelectronics USB_DEVICE 2.0.0
2024-01-18 13:39:12,070 [INFO] ThirdParty:1030 - CMSIS Pack Vendor :STMicroelectronics X-CUBE-MEMS1 9.6.0
2024-01-18 13:39:12,070 [INFO] ThirdParty:1030 - CMSIS Pack Vendor :STMicroelectronics X-CUBE-EEPRMA1 4.2.0
2024-01-18 13:39:12,070 [INFO] ThirdParty:1030 - CMSIS Pack Vendor :ITTIA_DB I-CUBE-ITTIADB 8.8.0
2024-01-18 13:39:12,070 [INFO] ThirdParty:1030 - CMSIS Pack Vendor :STMicroelectronics FP-SNS-MOTENV1 4.3.2
2024-01-18 13:39:12,070 [INFO] ThirdParty:1030 - CMSIS Pack Vendor :STMicroelectronics X-CUBE-ALGOBUILD 1.3.0
2024-01-18 13:39:12,070 [INFO] ThirdParty:1030 - CMSIS Pack Vendor :STMicroelectronics FreeRTOS 0.0.1
2024-01-18 13:39:12,070 [INFO] ThirdParty:1030 - CMSIS Pack Vendor :STMicroelectronics X-CUBE-AZRTOS-G0 1.1.0
2024-01-18 13:39:12,070 [INFO] ThirdParty:1030 - CMSIS Pack Vendor :STMicroelectronics X-CUBE-BLEMGR 2.0.0
2024-01-18 13:39:12,070 [INFO] ThirdParty:1030 - CMSIS Pack Vendor :STMicroelectronics X-CUBE-NFC4 3.0.0
2024-01-18 13:39:12,070 [INFO] ThirdParty:1030 - CMSIS Pack Vendor :STMicroelectronics X-CUBE-SUBG2 5.0.0
2024-01-18 13:39:12,071 [INFO] ThirdParty:1030 - CMSIS Pack Vendor :STMicroelectronics STM32_WPAN 1.0.0
2024-01-18 13:39:12,071 [INFO] ThirdParty:1030 - CMSIS Pack Vendor :STMicroelectronics lwIP 2.0.3
2024-01-18 13:39:12,071 [INFO] ThirdParty:1030 - CMSIS Pack Vendor :STMicroelectronics FP-SNS-FLIGHT1 5.0.2
2024-01-18 13:39:12,071 [INFO] ThirdParty:1030 - CMSIS Pack Vendor :STMicroelectronics USB_HOST 1.0.0
2024-01-18 13:39:12,071 [INFO] ThirdParty:1030 - CMSIS Pack Vendor :STMicroelectronics X-CUBE-TOF1 3.3.1
2024-01-18 13:39:12,071 [INFO] ThirdParty:1030 - CMSIS Pack Vendor :STMicroelectronics X-CUBE-AZRTOS-G4 2.0.0
2024-01-18 13:39:12,071 [INFO] ThirdParty:1030 - CMSIS Pack Vendor :STMicroelectronics PDM2PCM 3.1.0
2024-01-18 13:39:12,071 [INFO] ThirdParty:1030 - CMSIS Pack Vendor :STMicroelectronics X-CUBE-AZRTOS-H7 3.1.0
2024-01-18 13:39:12,071 [INFO] ThirdParty:1030 - CMSIS Pack Vendor :Infineon AIROC-Wi-Fi-Bluetooth-STM32 1.5.1
2024-01-18 13:39:12,071 [INFO] ThirdParty:1030 - CMSIS Pack Vendor :STMicroelectronics X-CUBE-BLEMGR 3.0.0
2024-01-18 13:39:12,071 [INFO] ThirdParty:1030 - CMSIS Pack Vendor :STMicroelectronics PDM2PCM 3.3.0
2024-01-18 13:39:12,071 [INFO] ThirdParty:1030 - CMSIS Pack Vendor :STMicroelectronics X-CUBE-DISPLAY 3.0.0
2024-01-18 13:39:12,071 [INFO] ThirdParty:1030 - CMSIS Pack Vendor :STMicroelectronics FP-SNS-MOTENVWB1 1.3.0
2024-01-18 13:39:12,072 [INFO] ThirdParty:1030 - CMSIS Pack Vendor :STMicroelectronics FP-SNS-MOTENVWB1 1.3.1
2024-01-18 13:39:12,072 [INFO] ThirdParty:1030 - CMSIS Pack Vendor :STMicroelectronics X-CUBE-BLE1 7.0.0
2024-01-18 13:39:12,072 [INFO] ThirdParty:1030 - CMSIS Pack Vendor :STMicroelectronics FP-ATR-SIGFOX1 3.2.0
2024-01-18 13:39:12,072 [INFO] ThirdParty:1030 - CMSIS Pack Vendor :STMicroelectronics X-CUBE-ISPU 2.0.0
2024-01-18 13:39:12,072 [INFO] ThirdParty:1030 - CMSIS Pack Vendor :STMicroelectronics HAL Drivers 0.0.0
2024-01-18 13:39:12,072 [INFO] ThirdParty:1030 - CMSIS Pack Vendor :STMicroelectronics MBEDTLS 2.16.2
2024-01-18 13:39:12,072 [INFO] ThirdParty:1030 - CMSIS Pack Vendor :emotas I-CUBE-CANOPEN 1.3.0
2024-01-18 13:39:12,072 [INFO] ThirdParty:1030 - CMSIS Pack Vendor :STMicroelectronics X-CUBE-MEMS1 10.0.0
2024-01-18 13:39:12,072 [INFO] ThirdParty:1030 - CMSIS Pack Vendor :STMicroelectronics X-CUBE-FREERTOS 1.1.0
2024-01-18 13:39:12,072 [INFO] ThirdParty:1030 - CMSIS Pack Vendor :STMicroelectronics X-CUBE-TOUCHGFX 4.22.0
2024-01-18 13:39:12,072 [INFO] ThirdParty:1030 - CMSIS Pack Vendor :STMicroelectronics X-CUBE-NFC7 1.0.1
2024-01-18 13:39:12,072 [INFO] ThirdParty:1030 - CMSIS Pack Vendor :STMicroelectronics MBEDTLS 2.14.1
2024-01-18 13:39:12,072 [INFO] ThirdParty:1030 - CMSIS Pack Vendor :STMicroelectronics X-CUBE-TOUCHGFX 4.22.1
2024-01-18 13:39:12,072 [INFO] ThirdParty:1030 - CMSIS Pack Vendor :STMicroelectronics X-CUBE-NFC6 3.0.0
2024-01-18 13:39:12,073 [INFO] ThirdParty:1030 - CMSIS Pack Vendor :STMicroelectronics X-CUBE-EEPRMA1 4.1.0
2024-01-18 13:39:12,073 [INFO] ThirdParty:1030 - CMSIS Pack Vendor :portGmbH I-Cube-SoM-uGOAL 1.1.0
2024-01-18 13:39:12,073 [INFO] ThirdParty:1030 - CMSIS Pack Vendor :STMicroelectronics X-CUBE-ALS 1.0.1
2024-01-18 13:39:12,073 [INFO] ThirdParty:1030 - CMSIS Pack Vendor :STMicroelectronics ThreadX 1.0.0
2024-01-18 13:39:12,073 [INFO] ThirdParty:1030 - CMSIS Pack Vendor :STMicroelectronics FP-SNS-SMARTAG2 1.2.0
2024-01-18 13:39:12,073 [INFO] ThirdParty:1030 - CMSIS Pack Vendor :STMicroelectronics X-CUBE-AZRTOS-WL 2.0.0
2024-01-18 13:39:12,073 [INFO] ThirdParty:1030 - CMSIS Pack Vendor :SEGGER I-CUBE-embOS 1.3.1
2024-01-18 13:39:12,073 [INFO] ThirdParty:1030 - CMSIS Pack Vendor :STMicroelectronics USB_DEVICE 1.0.0
2024-01-18 13:39:12,073 [INFO] ThirdParty:1030 - CMSIS Pack Vendor :STMicroelectronics X-CUBE-AI 8.1.0
2024-01-18 13:39:12,073 [INFO] ThirdParty:1030 - CMSIS Pack Vendor :STMicroelectronics X-CUBE-AZRTOS-L4 2.0.0
2024-01-18 13:39:12,073 [INFO] ThirdParty:1030 - CMSIS Pack Vendor :STMicroelectronics ThreadX 0.0.2
2024-01-18 13:39:12,073 [INFO] ThirdParty:1030 - CMSIS Pack Vendor :WES I-CUBE-Cesium 1.3.0
2024-01-18 13:39:12,073 [INFO] ThirdParty:1030 - CMSIS Pack Vendor :STMicroelectronics FP-ATR-ASTRA1 2.0.0
2024-01-18 13:39:12,074 [INFO] ThirdParty:1030 - CMSIS Pack Vendor :STMicroelectronics lwIP 2.1.2
2024-01-18 13:39:12,074 [INFO] ThirdParty:1030 - CMSIS Pack Vendor :STMicroelectronics X-CUBE-SFXS2LP1 4.0.0
2024-01-18 13:39:12,074 [INFO] ThirdParty:1030 - CMSIS Pack Vendor :STMicroelectronics X-CUBE-BLE2 3.3.0
2024-01-18 13:39:12,074 [INFO] ThirdParty:1030 - CMSIS Pack Vendor :STMicroelectronics X-CUBE-TOF1 3.4.0
2024-01-18 13:39:12,074 [INFO] ThirdParty:1030 - CMSIS Pack Vendor :STMicroelectronics X-CUBE-AZRTOS-H7 3.2.0
2024-01-18 13:39:12,074 [INFO] ThirdParty:1030 - CMSIS Pack Vendor :STMicroelectronics PDM2PCM 3.2.0
2024-01-18 13:39:12,074 [INFO] ThirdParty:841 - exiting critical section [change project]
2024-01-18 13:39:12,381 [INFO] PinOutPanel:1499 - setPackage(No Configuration,No Configuration)
2024-01-18 13:39:12,383 [INFO] PinOutPanel:1499 - setPackage(STM32F072RBTx,LQFP64)
2024-01-18 13:39:13,102 [INFO] UtilMem:75 - Before build in PCC Used Memory: 666048384 Bytes (1073741824)
2024-01-18 13:39:13,848 [INFO] UtilMem:75 - After build in PCC Used Memory: 748885904 Bytes (1073741824)
2024-01-18 13:39:13,872 [INFO] IPUIPlugin:80 - create IPUIPlugin
2024-01-18 13:39:13,872 [INFO] IPUIPlugin:80 - create IPUIPlugin
2024-01-18 13:39:13,872 [INFO] IPUIPlugin:80 - create IPUIPlugin
2024-01-18 13:39:13,872 [INFO] IPUIPlugin:80 - create IPUIPlugin
2024-01-18 13:39:13,872 [INFO] IPUIPlugin:80 - create IPUIPlugin
2024-01-18 13:39:13,872 [INFO] IPUIPlugin:80 - create IPUIPlugin
2024-01-18 13:39:13,872 [INFO] IPUIPlugin:80 - create IPUIPlugin
2024-01-18 13:39:13,873 [INFO] IPUIPlugin:80 - create IPUIPlugin
2024-01-18 13:39:13,873 [INFO] IPUIPlugin:80 - create IPUIPlugin
2024-01-18 13:39:13,873 [INFO] IPUIPlugin:80 - create IPUIPlugin
2024-01-18 13:39:13,873 [INFO] IPUIPlugin:80 - create IPUIPlugin
2024-01-18 13:39:13,873 [INFO] IPUIPlugin:80 - create IPUIPlugin
2024-01-18 13:39:13,873 [INFO] IPUIPlugin:80 - create IPUIPlugin
2024-01-18 13:39:13,873 [INFO] IPUIPlugin:80 - create IPUIPlugin
2024-01-18 13:39:13,873 [INFO] IPUIPlugin:80 - create IPUIPlugin
2024-01-18 13:39:13,874 [INFO] IPUIPlugin:80 - create IPUIPlugin
2024-01-18 13:39:13,874 [INFO] IPUIPlugin:80 - create IPUIPlugin
2024-01-18 13:39:13,874 [INFO] IPUIPlugin:80 - create IPUIPlugin
2024-01-18 13:39:13,874 [INFO] IPUIPlugin:80 - create IPUIPlugin
2024-01-18 13:39:13,874 [INFO] IPUIPlugin:80 - create IPUIPlugin
2024-01-18 13:39:13,875 [INFO] IPUIPlugin:80 - create IPUIPlugin
2024-01-18 13:39:13,875 [INFO] IPUIPlugin:80 - create IPUIPlugin
2024-01-18 13:39:13,875 [INFO] IPUIPlugin:80 - create IPUIPlugin
2024-01-18 13:39:13,875 [INFO] IPUIPlugin:80 - create IPUIPlugin
2024-01-18 13:39:13,875 [INFO] IPUIPlugin:80 - create IPUIPlugin
2024-01-18 13:39:13,875 [INFO] IPUIPlugin:80 - create IPUIPlugin
2024-01-18 13:39:13,876 [INFO] IPUIPlugin:80 - create IPUIPlugin
2024-01-18 13:39:13,876 [INFO] IPUIPlugin:80 - create IPUIPlugin
2024-01-18 13:39:13,876 [INFO] IPUIPlugin:80 - create IPUIPlugin
2024-01-18 13:39:13,876 [INFO] IPUIPlugin:80 - create IPUIPlugin
2024-01-18 13:39:13,876 [INFO] IPUIPlugin:80 - create IPUIPlugin
2024-01-18 13:39:13,877 [INFO] IPUIPlugin:80 - create IPUIPlugin
2024-01-18 13:39:13,877 [INFO] IPUIPlugin:80 - create IPUIPlugin
2024-01-18 13:39:13,877 [INFO] IPUIPlugin:80 - create IPUIPlugin
2024-01-18 13:39:13,877 [INFO] IPUIPlugin:80 - create IPUIPlugin
2024-01-18 13:39:13,878 [INFO] IPUIPlugin:80 - create IPUIPlugin
2024-01-18 13:39:13,878 [INFO] IPUIPlugin:80 - create IPUIPlugin
2024-01-18 13:39:13,878 [INFO] IPUIPlugin:80 - create IPUIPlugin
2024-01-18 13:39:13,878 [INFO] IPUIPlugin:80 - create IPUIPlugin
2024-01-18 13:39:13,879 [INFO] IPUIPlugin:80 - create IPUIPlugin
2024-01-18 13:39:13,879 [INFO] IPUIPlugin:80 - create IPUIPlugin
2024-01-18 13:39:14,071 [INFO] CADModel:165 - CPN selected for project levelSTM32F072RBT6
2024-01-18 13:39:14,071 [INFO] CADModel:114 - Register for checkConnection events
2024-01-18 13:39:14,121 [INFO] OpenFileManager:328 - Restore cursor
