2024-01-16 10:56:19,562 [INFO] Activator:176 - 


2024-01-16 10:56:19,567 [INFO] Activator:177 - !SESSION log4j initialized
2024-01-16 10:56:25,052 [INFO] LogOutputStream:77 - [STDOUT_REDIRECT] 
2024-01-16 10:56:26,544 [INFO] ApplicationProperties:184 - Using Application install path: C:\ST\STM32CubeIDE_1.13.2\STM32CubeIDE\plugins\com.st.stm32cube.common.mx_6.9.2.202309101412
2024-01-16 10:56:26,560 [INFO] DbMcusXml:78 - Set database path to: C:\ST\STM32CubeIDE_1.13.2\STM32CubeIDE\plugins\com.st.stm32cube.common.mx_6.9.2.202309101412\\db\/mcu/
2024-01-16 10:56:26,561 [INFO] ApiDb:274 - Set plugin database path to: C:\ST\STM32CubeIDE_1.13.2\STM32CubeIDE\plugins\com.st.stm32cube.common.mx_6.9.2.202309101412\\db\/plugins/boardmanager/
2024-01-16 10:56:26,561 [WARN] ApiDb:259 - Overriding images path with different value:  => C:\ST\STM32CubeIDE_1.13.2\STM32CubeIDE\plugins\com.st.stm32cube.common.mx_6.9.2.202309101412\\db\/plugins/mcufinder/images/
2024-01-16 10:56:26,570 [INFO] ApiDb:250 - Set database path to: C:\Users\jespe\.stmcufinder\plugins\mcufinder//mcu/
2024-01-16 10:56:26,571 [INFO] DbMcusAds:125 - Set database path to: C:\Users\jespe\.stmcufinder\plugins\mcufinder//mcu/
2024-01-16 10:56:26,573 [INFO] CrossReferenceDbSqlite:203 - Set database path to: C:\Users\jespe\.stmcufinder\plugins\mcufinder//mcu/cs/
2024-01-16 10:56:26,666 [INFO] RulesReader:64 - Compatibility file has been processed (293 Rules)
2024-01-16 10:56:26,744 [INFO] DbMcusXml:78 - Set database path to: C:\ST\STM32CubeIDE_1.13.2\STM32CubeIDE\plugins\com.st.stm32cube.common.mx_6.9.2.202309101412\\db\/mcu/
2024-01-16 10:56:26,744 [INFO] ApiDb:274 - Set plugin database path to: C:\ST\STM32CubeIDE_1.13.2\STM32CubeIDE\plugins\com.st.stm32cube.common.mx_6.9.2.202309101412\\db\/plugins/boardmanager/
2024-01-16 10:56:26,744 [INFO] ApiDb:261 - Set plugin images path to: C:\ST\STM32CubeIDE_1.13.2\STM32CubeIDE\plugins\com.st.stm32cube.common.mx_6.9.2.202309101412\\db\/plugins/mcufinder/images/
2024-01-16 10:56:26,745 [WARN] DbFile:41 - Overriding database path with different value: C:\Users\jespe\.stmcufinder\plugins\mcufinder/ => C:\Users\jespe\.stmcufinder\plugins\mcufinder
2024-01-16 10:56:26,745 [INFO] ApiDb:250 - Set database path to: C:\Users\jespe\.stmcufinder\plugins\mcufinder//mcu/
2024-01-16 10:56:26,745 [WARN] DbFile:41 - Overriding database path with different value: C:\Users\jespe\.stmcufinder\plugins\mcufinder/ => C:\Users\jespe\.stmcufinder\plugins\mcufinder
2024-01-16 10:56:26,745 [INFO] DbMcusAds:125 - Set database path to: C:\Users\jespe\.stmcufinder\plugins\mcufinder//mcu/
2024-01-16 10:56:26,745 [WARN] DbFile:41 - Overriding database path with different value: C:\Users\jespe\.stmcufinder\plugins\mcufinder/ => C:\Users\jespe\.stmcufinder\plugins\mcufinder
2024-01-16 10:56:26,745 [WARN] DbFile:41 - Overriding database path with different value: C:\Users\jespe\.stmcufinder\plugins\mcufinder/ => C:\Users\jespe\.stmcufinder\plugins\mcufinder
2024-01-16 10:56:26,745 [INFO] CrossReferenceDbSqlite:203 - Set database path to: C:\Users\jespe\.stmcufinder\plugins\mcufinder//mcu/cs/
2024-01-16 10:56:26,818 [INFO] MainPanel:262 - HeapMemory: 268435456
2024-01-16 10:56:26,918 [INFO] DbMcusXml:78 - Set database path to: C:\ST\STM32CubeIDE_1.13.2\STM32CubeIDE\plugins\com.st.stm32cube.common.mx_6.9.2.202309101412\\db\/mcu/
2024-01-16 10:56:26,918 [INFO] ApiDb:274 - Set plugin database path to: C:\ST\STM32CubeIDE_1.13.2\STM32CubeIDE\plugins\com.st.stm32cube.common.mx_6.9.2.202309101412\\db\/plugins/boardmanager/
2024-01-16 10:56:26,918 [INFO] ApiDb:261 - Set plugin images path to: C:\ST\STM32CubeIDE_1.13.2\STM32CubeIDE\plugins\com.st.stm32cube.common.mx_6.9.2.202309101412\\db\/plugins/mcufinder/images/
2024-01-16 10:56:26,919 [WARN] DbFile:41 - Overriding database path with different value: C:\Users\jespe\.stmcufinder\plugins\mcufinder/ => C:\Users\jespe\.stmcufinder\plugins\mcufinder
2024-01-16 10:56:26,919 [INFO] ApiDb:250 - Set database path to: C:\Users\jespe\.stmcufinder\plugins\mcufinder//mcu/
2024-01-16 10:56:26,919 [WARN] DbFile:41 - Overriding database path with different value: C:\Users\jespe\.stmcufinder\plugins\mcufinder/ => C:\Users\jespe\.stmcufinder\plugins\mcufinder
2024-01-16 10:56:26,919 [INFO] DbMcusAds:125 - Set database path to: C:\Users\jespe\.stmcufinder\plugins\mcufinder//mcu/
2024-01-16 10:56:26,919 [WARN] DbFile:41 - Overriding database path with different value: C:\Users\jespe\.stmcufinder\plugins\mcufinder/ => C:\Users\jespe\.stmcufinder\plugins\mcufinder
2024-01-16 10:56:26,919 [WARN] DbFile:41 - Overriding database path with different value: C:\Users\jespe\.stmcufinder\plugins\mcufinder/ => C:\Users\jespe\.stmcufinder\plugins\mcufinder
2024-01-16 10:56:26,919 [INFO] CrossReferenceDbSqlite:203 - Set database path to: C:\Users\jespe\.stmcufinder\plugins\mcufinder//mcu/cs/
2024-01-16 10:56:26,935 [INFO] ApplicationProperties:184 - Using Application install path: C:\ST\STM32CubeIDE_1.13.2\STM32CubeIDE\plugins\com.st.stm32cube.common.mx_6.9.2.202309101412
2024-01-16 10:56:26,936 [INFO] PluginManage:196 - Search for loadable plugins [exclusion list=, ]
2024-01-16 10:56:26,938 [INFO] PluginManage:310 - Check plugin analytics
2024-01-16 10:56:27,095 [INFO] AnalyticsPlugin:253 - Accepted Software Licenses: 
2024-01-16 10:56:27,095 [INFO] AnalyticsPlugin:255 - Accepted CMSIS Pack Licenses: 
2024-01-16 10:56:27,095 [INFO] AnalyticsPlugin:257 - Accepted Firmware Licenses: 
2024-01-16 10:56:27,097 [INFO] PluginManage:359 - Loaded plugin analytics (category:tool,tabindex:-1)
2024-01-16 10:56:27,098 [INFO] PluginManage:310 - Check plugin cadmodel
2024-01-16 10:56:27,110 [INFO] CADModel:105 - Init CAD model plugin
2024-01-16 10:56:27,110 [INFO] PluginManage:359 - Loaded plugin cadmodel (category:power,tabindex:5)
2024-01-16 10:56:27,110 [INFO] PluginManage:310 - Check plugin clock
2024-01-16 10:56:27,127 [INFO] PluginManage:359 - Loaded plugin clock (category:base,tabindex:2)
2024-01-16 10:56:27,127 [INFO] PluginManage:310 - Check plugin ddr
2024-01-16 10:56:27,130 [INFO] PluginManage:359 - Loaded plugin ddr (category:tool,tabindex:6)
2024-01-16 10:56:27,130 [INFO] PluginManage:310 - Check plugin filemanager
2024-01-16 10:56:27,246 [INFO] PluginManage:359 - Loaded plugin filemanager (category:base,tabindex:10)
2024-01-16 10:56:27,246 [INFO] PluginManage:310 - Check plugin ipmanager
2024-01-16 10:56:27,254 [INFO] PluginManage:359 - Loaded plugin ipmanager (category:base,tabindex:5)
2024-01-16 10:56:27,254 [INFO] PluginManage:310 - Check plugin lpbam
2024-01-16 10:56:27,268 [INFO] PluginManage:359 - Loaded plugin lpbam (category:base,tabindex:0)
2024-01-16 10:56:27,269 [INFO] PluginManage:310 - Check plugin memorymap
2024-01-16 10:56:27,290 [INFO] PluginManage:359 - Loaded plugin memorymap (category:base,tabindex:4)
2024-01-16 10:56:27,290 [INFO] PluginManage:310 - Check plugin pinoutandconfiguration
2024-01-16 10:56:27,305 [INFO] PluginManage:359 - Loaded plugin pinoutandconfiguration (category:base,tabindex:1)
2024-01-16 10:56:27,305 [INFO] PluginManage:310 - Check plugin pinoutconfig
2024-01-16 10:56:27,400 [WARN] SupportedApi:132 - Cannot load RTOS API schema: s4s-elt-must-match.1: The content of 'definitions' must match (annotation?, (simpleType | complexType)?, (unique | key | keyref)*)). A problem was found starting at: attribute.
2024-01-16 10:56:27,529 [INFO] PluginManage:359 - Loaded plugin pinoutconfig (category:base,tabindex:0)
2024-01-16 10:56:27,529 [INFO] PluginManage:310 - Check plugin power
2024-01-16 10:56:27,547 [INFO] PluginManage:359 - Loaded plugin power (category:power,tabindex:4)
2024-01-16 10:56:27,547 [INFO] PluginManage:310 - Check plugin projectmanager
2024-01-16 10:56:27,564 [INFO] PluginManage:359 - Loaded plugin projectmanager (category:projectmanager,tabindex:3)
2024-01-16 10:56:27,564 [INFO] PluginManage:310 - Check plugin thirdparty
2024-01-16 10:56:27,801 [INFO] PluginManage:359 - Loaded plugin thirdparty (category:base,tabindex:-1)
2024-01-16 10:56:27,801 [WARN] IntegrityCheckThread:84 - waiting for thirdparty lock release [integrity check]
2024-01-16 10:56:27,801 [INFO] PluginManage:310 - Check plugin tools
2024-01-16 10:56:27,802 [INFO] IntegrityCheckThread:86 - entering critical section [integrity check]
2024-01-16 10:56:27,802 [INFO] ThirdPartyUpdaterWithRetryManager:70 - Updater plugin not ready yet. [1/15]
2024-01-16 10:56:27,828 [INFO] PluginManage:359 - Loaded plugin tools (category:base,tabindex:7)
2024-01-16 10:56:27,828 [INFO] PluginManage:310 - Check plugin tutovideos
2024-01-16 10:56:28,009 [INFO] PluginManage:359 - Loaded plugin tutovideos (category:base,tabindex:-1)
2024-01-16 10:56:28,009 [INFO] PluginManage:310 - Check plugin updater
2024-01-16 10:56:28,019 [INFO] PluginManage:359 - Loaded plugin updater (category:base,tabindex:12)
2024-01-16 10:56:28,019 [INFO] PluginManage:310 - Check plugin userauth
2024-01-16 10:56:28,024 [INFO] UserAuth:113 - Init User Auth plugin
2024-01-16 10:56:28,024 [INFO] PluginManage:359 - Loaded plugin userauth (category:base,tabindex:14)
2024-01-16 10:56:28,024 [INFO] PluginManage:283 - PluginManage : Loaded plugins [17]
2024-01-16 10:56:28,210 [INFO] PinOutPanel:1499 - setPackage(No Configuration,No Configuration)
2024-01-16 10:56:28,301 [INFO] CADModel:165 - CPN selected for project level
2024-01-16 10:56:28,301 [INFO] CADModel:114 - Register for checkConnection events
2024-01-16 10:56:28,321 [INFO] IPUIPlugin:80 - create IPUIPlugin
2024-01-16 10:56:28,321 [INFO] PluginManager:220 - loadIPPluginJar : add adc
2024-01-16 10:56:28,347 [INFO] IPUIPlugin:80 - create IPUIPlugin
2024-01-16 10:56:28,348 [INFO] PluginManager:220 - loadIPPluginJar : add aes
2024-01-16 10:56:28,379 [INFO] IPUIPlugin:80 - create IPUIPlugin
2024-01-16 10:56:28,379 [INFO] PluginManager:220 - loadIPPluginJar : add can
2024-01-16 10:56:28,396 [INFO] IPUIPlugin:80 - create IPUIPlugin
2024-01-16 10:56:28,396 [INFO] PluginManager:220 - loadIPPluginJar : add comp
2024-01-16 10:56:28,419 [INFO] IPUIPlugin:80 - create IPUIPlugin
2024-01-16 10:56:28,419 [INFO] PluginManager:220 - loadIPPluginJar : add cryp
2024-01-16 10:56:28,441 [INFO] IPUIPlugin:80 - create IPUIPlugin
2024-01-16 10:56:28,441 [INFO] PluginManager:220 - loadIPPluginJar : add dfsdm
2024-01-16 10:56:28,453 [INFO] IPUIPlugin:80 - create IPUIPlugin
2024-01-16 10:56:28,453 [INFO] PluginManager:220 - loadIPPluginJar : add dma
2024-01-16 10:56:28,482 [INFO] IPUIPlugin:80 - create IPUIPlugin
2024-01-16 10:56:28,482 [INFO] PluginManager:220 - loadIPPluginJar : add dma3
2024-01-16 10:56:28,497 [INFO] IPUIPlugin:80 - create IPUIPlugin
2024-01-16 10:56:28,497 [INFO] PluginManager:220 - loadIPPluginJar : add fatfs
2024-01-16 10:56:28,529 [INFO] IPUIPlugin:80 - create IPUIPlugin
2024-01-16 10:56:28,529 [INFO] PluginManager:220 - loadIPPluginJar : add fmc
2024-01-16 10:56:28,542 [INFO] IPUIPlugin:80 - create IPUIPlugin
2024-01-16 10:56:28,542 [INFO] PluginManager:220 - loadIPPluginJar : add freertos
2024-01-16 10:56:28,557 [INFO] IPUIPlugin:80 - create IPUIPlugin
2024-01-16 10:56:28,557 [INFO] PluginManager:220 - loadIPPluginJar : add genericplugin
2024-01-16 10:56:28,621 [INFO] IPUIPlugin:80 - create IPUIPlugin
2024-01-16 10:56:28,621 [INFO] PluginManager:220 - loadIPPluginJar : add gfxmmu
2024-01-16 10:56:28,709 [INFO] IPUIPlugin:80 - create IPUIPlugin
2024-01-16 10:56:28,709 [INFO] PluginManager:220 - loadIPPluginJar : add gic
2024-01-16 10:56:28,719 [INFO] IPUIPlugin:80 - create IPUIPlugin
2024-01-16 10:56:28,719 [INFO] PluginManager:220 - loadIPPluginJar : add gpio
2024-01-16 10:56:28,782 [INFO] IPUIPlugin:80 - create IPUIPlugin
2024-01-16 10:56:28,782 [INFO] PluginManager:220 - loadIPPluginJar : add gtzc
2024-01-16 10:56:28,803 [INFO] IPUIPlugin:80 - create IPUIPlugin
2024-01-16 10:56:28,803 [INFO] PluginManager:220 - loadIPPluginJar : add hash
2024-01-16 10:56:28,838 [INFO] IPUIPlugin:80 - create IPUIPlugin
2024-01-16 10:56:28,838 [INFO] PluginManager:220 - loadIPPluginJar : add i2c
2024-01-16 10:56:28,865 [INFO] IPUIPlugin:80 - create IPUIPlugin
2024-01-16 10:56:28,865 [INFO] PluginManager:220 - loadIPPluginJar : add i2s
2024-01-16 10:56:28,893 [INFO] IPUIPlugin:80 - create IPUIPlugin
2024-01-16 10:56:28,893 [INFO] PluginManager:220 - loadIPPluginJar : add i3c
2024-01-16 10:56:28,968 [INFO] IPUIPlugin:80 - create IPUIPlugin
2024-01-16 10:56:28,968 [INFO] PluginManager:220 - loadIPPluginJar : add ipddr
2024-01-16 10:56:29,029 [INFO] IPUIPlugin:80 - create IPUIPlugin
2024-01-16 10:56:29,029 [INFO] PluginManager:220 - loadIPPluginJar : add linkedlist
2024-01-16 10:56:29,054 [INFO] IPUIPlugin:80 - create IPUIPlugin
2024-01-16 10:56:29,054 [INFO] PluginManager:220 - loadIPPluginJar : add lorawan
2024-01-16 10:56:29,078 [INFO] IPUIPlugin:80 - create IPUIPlugin
2024-01-16 10:56:29,079 [INFO] PluginManager:220 - loadIPPluginJar : add ltdc
2024-01-16 10:56:29,089 [INFO] IPUIPlugin:80 - create IPUIPlugin
2024-01-16 10:56:29,090 [INFO] PluginManager:220 - loadIPPluginJar : add mdma
2024-01-16 10:56:29,099 [INFO] IPUIPlugin:80 - create IPUIPlugin
2024-01-16 10:56:29,099 [INFO] PluginManager:220 - loadIPPluginJar : add nvic
2024-01-16 10:56:29,123 [INFO] IPUIPlugin:80 - create IPUIPlugin
2024-01-16 10:56:29,124 [INFO] PluginManager:220 - loadIPPluginJar : add opamp
2024-01-16 10:56:29,164 [INFO] IPUIPlugin:80 - create IPUIPlugin
2024-01-16 10:56:29,164 [INFO] PluginManager:220 - loadIPPluginJar : add openamp
2024-01-16 10:56:29,194 [INFO] IPUIPlugin:80 - create IPUIPlugin
2024-01-16 10:56:29,194 [INFO] PluginManager:220 - loadIPPluginJar : add pdm2pcm
2024-01-16 10:56:29,205 [INFO] IPUIPlugin:80 - create IPUIPlugin
2024-01-16 10:56:29,206 [INFO] PluginManager:220 - loadIPPluginJar : add plateformsettings
2024-01-16 10:56:29,221 [INFO] IPUIPlugin:80 - create IPUIPlugin
2024-01-16 10:56:29,222 [INFO] PluginManager:220 - loadIPPluginJar : add quadspi
2024-01-16 10:56:29,231 [INFO] IPUIPlugin:80 - create IPUIPlugin
2024-01-16 10:56:29,231 [INFO] PluginManager:220 - loadIPPluginJar : add resmgrutility
2024-01-16 10:56:29,269 [INFO] IPUIPlugin:80 - create IPUIPlugin
2024-01-16 10:56:29,270 [INFO] PluginManager:220 - loadIPPluginJar : add sai
2024-01-16 10:56:29,295 [INFO] IPUIPlugin:80 - create IPUIPlugin
2024-01-16 10:56:29,295 [INFO] PluginManager:220 - loadIPPluginJar : add spi
2024-01-16 10:56:29,334 [INFO] IPUIPlugin:80 - create IPUIPlugin
2024-01-16 10:56:29,334 [INFO] PluginManager:220 - loadIPPluginJar : add stm32_wpan
2024-01-16 10:56:29,350 [INFO] IPUIPlugin:80 - create IPUIPlugin
2024-01-16 10:56:29,350 [INFO] PluginManager:220 - loadIPPluginJar : add tim
2024-01-16 10:56:29,388 [INFO] IPUIPlugin:80 - create IPUIPlugin
2024-01-16 10:56:29,388 [INFO] PluginManager:220 - loadIPPluginJar : add touchsensing
2024-01-16 10:56:29,404 [INFO] IPUIPlugin:80 - create IPUIPlugin
2024-01-16 10:56:29,404 [INFO] PluginManager:220 - loadIPPluginJar : add tracer_emb
2024-01-16 10:56:29,419 [INFO] IPUIPlugin:80 - create IPUIPlugin
2024-01-16 10:56:29,420 [INFO] PluginManager:220 - loadIPPluginJar : add ts
2024-01-16 10:56:29,435 [INFO] IPUIPlugin:80 - create IPUIPlugin
2024-01-16 10:56:29,435 [INFO] PluginManager:220 - loadIPPluginJar : add tsc
2024-01-16 10:56:29,450 [INFO] IPUIPlugin:80 - create IPUIPlugin
2024-01-16 10:56:29,450 [INFO] PluginManager:220 - loadIPPluginJar : add ucpd
2024-01-16 10:56:29,480 [INFO] IPUIPlugin:80 - create IPUIPlugin
2024-01-16 10:56:29,480 [INFO] PluginManager:220 - loadIPPluginJar : add usart
2024-01-16 10:56:29,510 [INFO] IPUIPlugin:80 - create IPUIPlugin
2024-01-16 10:56:29,510 [INFO] PluginManager:220 - loadIPPluginJar : add usbx
2024-01-16 10:56:29,628 [INFO] CADModel:165 - CPN selected for project level
2024-01-16 10:56:29,628 [INFO] CADModel:114 - Register for checkConnection events
2024-01-16 10:56:29,629 [FATAL] Updater:308 - Updater called before beeing initialized
2024-01-16 10:56:29,629 [ERROR] CADModel:125 - Updater not yet initialized, retry later 
2024-01-16 10:56:29,813 [INFO] CADModel:165 - CPN selected for project level
2024-01-16 10:56:29,813 [INFO] CADModel:114 - Register for checkConnection events
2024-01-16 10:56:29,813 [FATAL] Updater:308 - Updater called before beeing initialized
2024-01-16 10:56:29,813 [ERROR] CADModel:125 - Updater not yet initialized, retry later 
2024-01-16 10:56:29,816 [FATAL] Updater:308 - Updater called before beeing initialized
2024-01-16 10:56:29,906 [FATAL] Updater:308 - Updater called before beeing initialized
2024-01-16 10:56:29,916 [INFO] DbMcusAds:53 - JSON generation date=Tue Mar 07 09:50:55 CET 2023 (1678179055114)
2024-01-16 10:56:29,916 [FATAL] Updater:308 - Updater called before beeing initialized
2024-01-16 10:56:29,981 [WARN] DetailPanel:346 - Failed to get advertising image, set to default
2024-01-16 10:56:30,064 [FATAL] Updater:308 - Updater called before beeing initialized
2024-01-16 10:56:30,066 [FATAL] Updater:308 - Updater called before beeing initialized
2024-01-16 10:56:30,066 [FATAL] Updater:308 - Updater called before beeing initialized
2024-01-16 10:56:30,066 [WARN] DetailPanel:346 - Failed to get advertising image, set to default
2024-01-16 10:56:30,067 [FATAL] Updater:308 - Updater called before beeing initialized
2024-01-16 10:56:30,115 [ERROR] Updater:1120 - MainUpdater not yet initialized. External WinMGr cannot be set.
2024-01-16 10:56:30,124 [INFO] Updater:1056 - Updater Version found : 6.9.2
2024-01-16 10:56:30,145 [INFO] ApplicationProperties:184 - Using Application install path: C:\ST\STM32CubeIDE_1.13.2\STM32CubeIDE\plugins\com.st.stm32cube.common.mx_6.9.2.202309101412
2024-01-16 10:56:30,267 [INFO] MainUpdater:2868 - connection check result : 10
2024-01-16 10:56:30,267 [INFO] MainUpdater:3562 - Updater definition file requires update
2024-01-16 10:56:30,269 [INFO] MainUpdater:285 - Updater Check For Update Now.
2024-01-16 10:56:30,269 [INFO] MicroXplorer:498 - Change Database Version : DB.6.0.92
2024-01-16 10:56:30,282 [INFO] McuFinderGlobals:63 - Set McuFinder mode to 2 (CubeIDE integrated)
2024-01-16 10:56:30,291 [INFO] ServerAccessManage:473 - Download File updaters.zip
2024-01-16 10:56:30,351 [INFO] FileExtend:240 - Unzip File : updaters.zip
2024-01-16 10:56:30,351 [INFO] FileExtend:255 - Standard Zip Deflate
2024-01-16 10:56:30,805 [WARN] MainUpdater:1189 - Updater busy. Cannot search thirdparties
2024-01-16 10:56:30,805 [INFO] ThirdPartyUpdaterWithRetryManager:96 - Updater plugin is busy. [1/15]
2024-01-16 10:56:30,808 [INFO] ServerAccessManage:473 - Download File PacksControlFlags.xml
2024-01-16 10:56:30,884 [INFO] ServerAccessManage:473 - Download File cubemx.pidx
2024-01-16 10:56:30,998 [INFO] LoadServerUpdatesThread:373 - End of LoadServerUpdate Thread
2024-01-16 10:56:31,150 [INFO] CheckServerUpdateThread:120 - End of CheckServer Thread
2024-01-16 10:56:34,022 [WARN] PackLoader:240 - Cannot read IP mode file for STMicroelectronics.X-CUBE-SMBUS.2.1.0
2024-01-16 10:56:34,037 [WARN] PackLoader:240 - Cannot read IP mode file for STMicroelectronics.X-CUBE-TOUCHGFX.4.23.0
2024-01-16 10:56:34,076 [WARN] PackLoader:240 - Cannot read IP mode file for STMicroelectronics.X-CUBE-AZRTOS-F7.1.1.0
2024-01-16 10:56:34,092 [WARN] PackLoader:240 - Cannot read IP mode file for STMicroelectronics.FP-SNS-MOTENV1.4.3.2
2024-01-16 10:56:34,104 [WARN] PackLoader:240 - Cannot read IP mode file for STMicroelectronics.FP-SNS-FLIGHT1.5.0.2
2024-01-16 10:56:34,120 [WARN] PackLoader:240 - Cannot read IP mode file for STMicroelectronics.X-CUBE-DISPLAY.3.0.0
2024-01-16 10:56:34,139 [WARN] PackLoader:240 - Cannot read IP mode file for STMicroelectronics.X-CUBE-BLE1.7.0.0
2024-01-16 10:56:34,150 [WARN] PackLoader:240 - Cannot read IP mode file for emotas.I-CUBE-CANOPEN.1.3.0
2024-01-16 10:56:34,158 [WARN] PackLoader:240 - Cannot read IP mode file for STMicroelectronics.X-CUBE-TOUCHGFX.4.22.0
2024-01-16 10:56:34,167 [WARN] PackLoader:240 - Cannot read IP mode file for STMicroelectronics.X-CUBE-TOUCHGFX.4.22.1
2024-01-16 10:56:34,177 [WARN] PackLoader:240 - Cannot read IP mode file for STMicroelectronics.FP-SNS-SMARTAG2.1.2.0
2024-01-16 10:56:34,193 [INFO] LogOutputStream:77 - [STDOUT_REDIRECT] 1 : Invalid condition id : UX_CORESTACK_Condition cause : null
2024-01-16 10:56:34,193 [INFO] LogOutputStream:77 - [STDOUT_REDIRECT] 1 : Invalid condition id : UX_CORESTACK_Condition cause : null
2024-01-16 10:56:34,194 [INFO] LogOutputStream:77 - [STDOUT_REDIRECT] 1 : Invalid condition id : UX_CORESTACK_Condition cause : null
2024-01-16 10:56:34,195 [INFO] LogOutputStream:77 - [STDOUT_REDIRECT] 1 : Invalid condition id : UX_CORESTACK_Condition cause : null
2024-01-16 10:56:34,196 [INFO] LogOutputStream:77 - [STDOUT_REDIRECT] 1 : Invalid condition id : UX_CORESTACK_Condition cause : null
2024-01-16 10:56:34,199 [WARN] PackLoader:240 - Cannot read IP mode file for STMicroelectronics.X-CUBE-AZRTOS-WL.2.0.0
2024-01-16 10:56:34,211 [WARN] PackLoader:240 - Cannot read IP mode file for WES.I-CUBE-Cesium.1.3.0
2024-01-16 10:56:34,220 [WARN] PackLoader:240 - Cannot read IP mode file for STMicroelectronics.X-CUBE-BLE2.3.3.0
2024-01-16 10:56:34,230 [WARN] PackLoader:240 - Cannot read IP mode file for STMicroelectronics.X-CUBE-ALGOBUILD.1.3.0
2024-01-16 10:56:34,252 [WARN] PackLoader:240 - Cannot read IP mode file for STMicroelectronics.X-CUBE-AZRTOS-G0.1.1.0
2024-01-16 10:56:34,265 [WARN] PackLoader:240 - Cannot read IP mode file for STMicroelectronics.X-CUBE-NFC4.3.0.0
2024-01-16 10:56:34,280 [WARN] PackLoader:240 - Cannot read IP mode file for STMicroelectronics.X-CUBE-BLEMGR.3.0.0
2024-01-16 10:56:34,291 [WARN] PackLoader:240 - Cannot read IP mode file for STMicroelectronics.FP-ATR-SIGFOX1.3.2.0
2024-01-16 10:56:34,324 [WARN] PackLoader:240 - Cannot read IP mode file for SEGGER.I-CUBE-embOS.1.3.1
2024-01-16 10:56:34,360 [WARN] PackLoader:240 - Cannot read IP mode file for STMicroelectronics.X-CUBE-GNSS1.6.0.0
2024-01-16 10:56:34,383 [WARN] PackLoader:240 - Cannot read IP mode file for STMicroelectronics.X-CUBE-AZRTOS-F4.1.1.0
2024-01-16 10:56:34,394 [WARN] PackLoader:240 - Cannot read IP mode file for wolfSSL.I-CUBE-wolfSSL.5.6.3
2024-01-16 10:56:34,416 [WARN] PackLoader:240 - Cannot read IP mode file for STMicroelectronics.X-CUBE-AZRTOS-L5.2.0.0
2024-01-16 10:56:34,462 [WARN] PackLoader:240 - Cannot read IP mode file for STMicroelectronics.X-CUBE-MEMS1.9.6.0
2024-01-16 10:56:34,590 [WARN] PackLoader:240 - Cannot read IP mode file for STMicroelectronics.X-CUBE-EEPRMA1.4.2.0
2024-01-16 10:56:34,601 [WARN] PackLoader:240 - Cannot read IP mode file for ITTIA_DB.I-CUBE-ITTIADB.8.8.0
2024-01-16 10:56:34,617 [WARN] PackLoader:240 - Cannot read IP mode file for STMicroelectronics.X-CUBE-BLEMGR.2.0.0
2024-01-16 10:56:34,642 [WARN] ConditionMgr:438 - getConditionDescription Invalid condition id : UX DEVICE CLASS RTOS Condition cause : null
2024-01-16 10:56:34,642 [WARN] ConditionMgr:438 - getConditionDescription Invalid condition id : UX DEVICE CLASS RTOS Condition cause : null
2024-01-16 10:56:34,644 [WARN] PackLoader:240 - Cannot read IP mode file for STMicroelectronics.X-CUBE-AZRTOS-H7.3.1.0
2024-01-16 10:56:34,645 [WARN] ConditionMgr:1039 - genDependencies : Invalid condition id : UX DEVICE CLASS RTOS Condition cause : null
2024-01-16 10:56:34,645 [WARN] ConditionMgr:1039 - genDependencies : Invalid condition id : UX DEVICE CLASS RTOS Condition cause : null
2024-01-16 10:56:34,646 [WARN] ConditionMgr:1039 - genDependencies : Invalid condition id : UX DEVICE CLASS RTOS Condition cause : null
2024-01-16 10:56:34,646 [WARN] ConditionMgr:1039 - genDependencies : Invalid condition id : UX DEVICE CLASS RTOS Condition cause : null
2024-01-16 10:56:34,646 [WARN] ConditionMgr:1039 - genDependencies : Invalid condition id : UX DEVICE CLASS RTOS Condition cause : null
2024-01-16 10:56:34,657 [WARN] PackLoader:240 - Cannot read IP mode file for STMicroelectronics.X-CUBE-NFC7.1.0.1
2024-01-16 10:56:34,669 [WARN] PackLoader:240 - Cannot read IP mode file for STMicroelectronics.X-CUBE-NFC6.3.0.0
2024-01-16 10:56:34,680 [WARN] PackLoader:240 - Cannot read IP mode file for STMicroelectronics.X-CUBE-EEPRMA1.4.1.0
2024-01-16 10:56:34,690 [WARN] PackLoader:240 - Cannot read IP mode file for STMicroelectronics.X-CUBE-AI.8.1.0
2024-01-16 10:56:34,712 [WARN] ConditionMgr:438 - getConditionDescription Invalid condition id : LAN8742 Phy interface Condition cause : null
2024-01-16 10:56:34,713 [WARN] PackLoader:240 - Cannot read IP mode file for STMicroelectronics.X-CUBE-AZRTOS-L4.2.0.0
2024-01-16 10:56:34,714 [WARN] ConditionMgr:1039 - genDependencies : Invalid condition id : LAN8742 Phy interface Condition cause : null
2024-01-16 10:56:34,714 [WARN] ConditionMgr:1039 - genDependencies : Invalid condition id : LAN8742 Phy interface Condition cause : null
2024-01-16 10:56:34,714 [WARN] ConditionMgr:1039 - genDependencies : Invalid condition id : LAN8742 Phy interface Condition cause : null
2024-01-16 10:56:34,726 [WARN] PackLoader:240 - Cannot read IP mode file for STMicroelectronics.X-CUBE-SFXS2LP1.4.0.0
2024-01-16 10:56:34,736 [WARN] PackLoader:240 - Cannot read IP mode file for STMicroelectronics.X-CUBE-ISPU.1.1.0
2024-01-16 10:56:34,755 [WARN] ConditionMgr:438 - getConditionDescription Invalid condition id : UX DEVICE CLASS RTOS Condition cause : null
2024-01-16 10:56:34,755 [WARN] ConditionMgr:438 - getConditionDescription Invalid condition id : UX DEVICE CLASS RTOS Condition cause : null
2024-01-16 10:56:34,756 [WARN] PackLoader:240 - Cannot read IP mode file for STMicroelectronics.X-CUBE-AZRTOS-WB.2.0.0
2024-01-16 10:56:34,757 [WARN] ConditionMgr:1039 - genDependencies : Invalid condition id : UX DEVICE CLASS RTOS Condition cause : null
2024-01-16 10:56:34,757 [WARN] ConditionMgr:1039 - genDependencies : Invalid condition id : UX DEVICE CLASS RTOS Condition cause : null
2024-01-16 10:56:34,757 [WARN] ConditionMgr:1039 - genDependencies : Invalid condition id : UX DEVICE CLASS RTOS Condition cause : null
2024-01-16 10:56:34,757 [WARN] ConditionMgr:1039 - genDependencies : Invalid condition id : UX DEVICE CLASS RTOS Condition cause : null
2024-01-16 10:56:34,757 [WARN] ConditionMgr:1039 - genDependencies : Invalid condition id : UX DEVICE CLASS RTOS Condition cause : null
2024-01-16 10:56:34,772 [WARN] PackLoader:240 - Cannot read IP mode file for STMicroelectronics.X-CUBE-SUBG2.5.0.0
2024-01-16 10:56:34,790 [WARN] PackLoader:240 - Cannot read IP mode file for STMicroelectronics.X-CUBE-TOF1.3.3.1
2024-01-16 10:56:34,815 [WARN] PackLoader:240 - Cannot read IP mode file for STMicroelectronics.X-CUBE-AZRTOS-G4.2.0.0
2024-01-16 10:56:34,838 [WARN] PackLoader:240 - Cannot read IP mode file for Infineon.AIROC-Wi-Fi-Bluetooth-STM32.1.5.1
2024-01-16 10:56:34,852 [WARN] PackLoader:240 - Cannot read IP mode file for STMicroelectronics.FP-SNS-MOTENVWB1.1.3.0
2024-01-16 10:56:34,863 [WARN] PackLoader:240 - Cannot read IP mode file for STMicroelectronics.FP-SNS-MOTENVWB1.1.3.1
2024-01-16 10:56:34,873 [WARN] PackLoader:240 - Cannot read IP mode file for STMicroelectronics.X-CUBE-ISPU.2.0.0
2024-01-16 10:56:34,910 [WARN] PackLoader:240 - Cannot read IP mode file for STMicroelectronics.X-CUBE-MEMS1.10.0.0
2024-01-16 10:56:34,992 [WARN] PackLoader:240 - Cannot read IP mode file for STMicroelectronics.X-CUBE-FREERTOS.1.1.0
2024-01-16 10:56:35,004 [WARN] PackLoader:240 - Cannot read IP mode file for portGmbH.I-Cube-SoM-uGOAL.1.1.0
2024-01-16 10:56:35,014 [WARN] PackLoader:240 - Cannot read IP mode file for STMicroelectronics.X-CUBE-ALS.1.0.1
2024-01-16 10:56:35,024 [WARN] PackLoader:240 - Cannot read IP mode file for STMicroelectronics.FP-ATR-ASTRA1.2.0.0
2024-01-16 10:56:35,039 [WARN] PackLoader:240 - Cannot read IP mode file for STMicroelectronics.X-CUBE-TOF1.3.4.0
2024-01-16 10:56:35,069 [WARN] PackLoader:240 - Cannot read IP mode file for STMicroelectronics.X-CUBE-AZRTOS-H7.3.2.0
2024-01-16 10:56:35,071 [INFO] ThirdParty:978 - Integrity check success = true
2024-01-16 10:56:35,071 [INFO] IntegrityCheckThread:100 - exiting critical section [integrity check]
2024-01-16 10:56:35,071 [INFO] IntegrityCheckThread:103 - End integrity checks thread
2024-01-16 10:56:51,161 [ERROR] LogOutputStream:75 - [STDERR_REDIRECT] SLF4J: Failed to load class "org.slf4j.impl.StaticLoggerBinder".
2024-01-16 10:56:51,161 [ERROR] LogOutputStream:75 - [STDERR_REDIRECT] SLF4J: Defaulting to no-operation (NOP) logger implementation
2024-01-16 10:56:51,163 [ERROR] LogOutputStream:75 - [STDERR_REDIRECT] SLF4J: See http://www.slf4j.org/codes.html#StaticLoggerBinder for further details.
2024-01-16 12:32:57,941 [INFO] Activator:176 - 


2024-01-16 12:32:57,943 [INFO] Activator:177 - !SESSION log4j initialized
2024-01-16 12:33:03,304 [INFO] LogOutputStream:77 - [STDOUT_REDIRECT] 
2024-01-16 12:33:04,172 [INFO] ApplicationProperties:184 - Using Application install path: C:\ST\STM32CubeIDE_1.13.2\STM32CubeIDE\plugins\com.st.stm32cube.common.mx_6.9.2.202309101412
2024-01-16 12:33:04,189 [INFO] DbMcusXml:78 - Set database path to: C:\ST\STM32CubeIDE_1.13.2\STM32CubeIDE\plugins\com.st.stm32cube.common.mx_6.9.2.202309101412\\db\/mcu/
2024-01-16 12:33:04,190 [INFO] ApiDb:274 - Set plugin database path to: C:\ST\STM32CubeIDE_1.13.2\STM32CubeIDE\plugins\com.st.stm32cube.common.mx_6.9.2.202309101412\\db\/plugins/boardmanager/
2024-01-16 12:33:04,190 [WARN] ApiDb:259 - Overriding images path with different value:  => C:\ST\STM32CubeIDE_1.13.2\STM32CubeIDE\plugins\com.st.stm32cube.common.mx_6.9.2.202309101412\\db\/plugins/mcufinder/images/
2024-01-16 12:33:04,197 [INFO] ApiDb:250 - Set database path to: C:\Users\jespe\.stmcufinder\plugins\mcufinder//mcu/
2024-01-16 12:33:04,199 [INFO] DbMcusAds:125 - Set database path to: C:\Users\jespe\.stmcufinder\plugins\mcufinder//mcu/
2024-01-16 12:33:04,201 [INFO] CrossReferenceDbSqlite:203 - Set database path to: C:\Users\jespe\.stmcufinder\plugins\mcufinder//mcu/cs/
2024-01-16 12:33:04,312 [INFO] RulesReader:64 - Compatibility file has been processed (293 Rules)
2024-01-16 12:33:04,378 [INFO] DbMcusXml:78 - Set database path to: C:\ST\STM32CubeIDE_1.13.2\STM32CubeIDE\plugins\com.st.stm32cube.common.mx_6.9.2.202309101412\\db\/mcu/
2024-01-16 12:33:04,378 [INFO] ApiDb:274 - Set plugin database path to: C:\ST\STM32CubeIDE_1.13.2\STM32CubeIDE\plugins\com.st.stm32cube.common.mx_6.9.2.202309101412\\db\/plugins/boardmanager/
2024-01-16 12:33:04,378 [INFO] ApiDb:261 - Set plugin images path to: C:\ST\STM32CubeIDE_1.13.2\STM32CubeIDE\plugins\com.st.stm32cube.common.mx_6.9.2.202309101412\\db\/plugins/mcufinder/images/
2024-01-16 12:33:04,378 [WARN] DbFile:41 - Overriding database path with different value: C:\Users\jespe\.stmcufinder\plugins\mcufinder/ => C:\Users\jespe\.stmcufinder\plugins\mcufinder
2024-01-16 12:33:04,378 [INFO] ApiDb:250 - Set database path to: C:\Users\jespe\.stmcufinder\plugins\mcufinder//mcu/
2024-01-16 12:33:04,378 [WARN] DbFile:41 - Overriding database path with different value: C:\Users\jespe\.stmcufinder\plugins\mcufinder/ => C:\Users\jespe\.stmcufinder\plugins\mcufinder
2024-01-16 12:33:04,378 [INFO] DbMcusAds:125 - Set database path to: C:\Users\jespe\.stmcufinder\plugins\mcufinder//mcu/
2024-01-16 12:33:04,378 [WARN] DbFile:41 - Overriding database path with different value: C:\Users\jespe\.stmcufinder\plugins\mcufinder/ => C:\Users\jespe\.stmcufinder\plugins\mcufinder
2024-01-16 12:33:04,379 [WARN] DbFile:41 - Overriding database path with different value: C:\Users\jespe\.stmcufinder\plugins\mcufinder/ => C:\Users\jespe\.stmcufinder\plugins\mcufinder
2024-01-16 12:33:04,379 [INFO] CrossReferenceDbSqlite:203 - Set database path to: C:\Users\jespe\.stmcufinder\plugins\mcufinder//mcu/cs/
2024-01-16 12:33:04,439 [INFO] MainPanel:262 - HeapMemory: 268435456
2024-01-16 12:33:04,492 [INFO] DbMcusXml:78 - Set database path to: C:\ST\STM32CubeIDE_1.13.2\STM32CubeIDE\plugins\com.st.stm32cube.common.mx_6.9.2.202309101412\\db\/mcu/
2024-01-16 12:33:04,492 [INFO] ApiDb:274 - Set plugin database path to: C:\ST\STM32CubeIDE_1.13.2\STM32CubeIDE\plugins\com.st.stm32cube.common.mx_6.9.2.202309101412\\db\/plugins/boardmanager/
2024-01-16 12:33:04,492 [INFO] ApiDb:261 - Set plugin images path to: C:\ST\STM32CubeIDE_1.13.2\STM32CubeIDE\plugins\com.st.stm32cube.common.mx_6.9.2.202309101412\\db\/plugins/mcufinder/images/
2024-01-16 12:33:04,492 [WARN] DbFile:41 - Overriding database path with different value: C:\Users\jespe\.stmcufinder\plugins\mcufinder/ => C:\Users\jespe\.stmcufinder\plugins\mcufinder
2024-01-16 12:33:04,492 [INFO] ApiDb:250 - Set database path to: C:\Users\jespe\.stmcufinder\plugins\mcufinder//mcu/
2024-01-16 12:33:04,492 [WARN] DbFile:41 - Overriding database path with different value: C:\Users\jespe\.stmcufinder\plugins\mcufinder/ => C:\Users\jespe\.stmcufinder\plugins\mcufinder
2024-01-16 12:33:04,492 [INFO] DbMcusAds:125 - Set database path to: C:\Users\jespe\.stmcufinder\plugins\mcufinder//mcu/
2024-01-16 12:33:04,493 [WARN] DbFile:41 - Overriding database path with different value: C:\Users\jespe\.stmcufinder\plugins\mcufinder/ => C:\Users\jespe\.stmcufinder\plugins\mcufinder
2024-01-16 12:33:04,493 [WARN] DbFile:41 - Overriding database path with different value: C:\Users\jespe\.stmcufinder\plugins\mcufinder/ => C:\Users\jespe\.stmcufinder\plugins\mcufinder
2024-01-16 12:33:04,493 [INFO] CrossReferenceDbSqlite:203 - Set database path to: C:\Users\jespe\.stmcufinder\plugins\mcufinder//mcu/cs/
2024-01-16 12:33:04,506 [INFO] ApplicationProperties:184 - Using Application install path: C:\ST\STM32CubeIDE_1.13.2\STM32CubeIDE\plugins\com.st.stm32cube.common.mx_6.9.2.202309101412
2024-01-16 12:33:04,507 [INFO] PluginManage:196 - Search for loadable plugins [exclusion list=, ]
2024-01-16 12:33:04,508 [INFO] PluginManage:310 - Check plugin analytics
2024-01-16 12:33:04,643 [INFO] AnalyticsPlugin:253 - Accepted Software Licenses: 
2024-01-16 12:33:04,643 [INFO] AnalyticsPlugin:255 - Accepted CMSIS Pack Licenses: 
2024-01-16 12:33:04,643 [INFO] AnalyticsPlugin:257 - Accepted Firmware Licenses: 
2024-01-16 12:33:04,646 [INFO] PluginManage:359 - Loaded plugin analytics (category:tool,tabindex:-1)
2024-01-16 12:33:04,646 [INFO] PluginManage:310 - Check plugin cadmodel
2024-01-16 12:33:04,656 [INFO] CADModel:105 - Init CAD model plugin
2024-01-16 12:33:04,656 [INFO] PluginManage:359 - Loaded plugin cadmodel (category:power,tabindex:5)
2024-01-16 12:33:04,656 [INFO] PluginManage:310 - Check plugin clock
2024-01-16 12:33:04,670 [INFO] PluginManage:359 - Loaded plugin clock (category:base,tabindex:2)
2024-01-16 12:33:04,670 [INFO] PluginManage:310 - Check plugin ddr
2024-01-16 12:33:04,671 [INFO] PluginManage:359 - Loaded plugin ddr (category:tool,tabindex:6)
2024-01-16 12:33:04,672 [INFO] PluginManage:310 - Check plugin filemanager
2024-01-16 12:33:04,773 [INFO] PluginManage:359 - Loaded plugin filemanager (category:base,tabindex:10)
2024-01-16 12:33:04,774 [INFO] PluginManage:310 - Check plugin ipmanager
2024-01-16 12:33:04,780 [INFO] PluginManage:359 - Loaded plugin ipmanager (category:base,tabindex:5)
2024-01-16 12:33:04,780 [INFO] PluginManage:310 - Check plugin lpbam
2024-01-16 12:33:04,794 [INFO] PluginManage:359 - Loaded plugin lpbam (category:base,tabindex:0)
2024-01-16 12:33:04,794 [INFO] PluginManage:310 - Check plugin memorymap
2024-01-16 12:33:04,812 [INFO] PluginManage:359 - Loaded plugin memorymap (category:base,tabindex:4)
2024-01-16 12:33:04,812 [INFO] PluginManage:310 - Check plugin pinoutandconfiguration
2024-01-16 12:33:04,826 [INFO] PluginManage:359 - Loaded plugin pinoutandconfiguration (category:base,tabindex:1)
2024-01-16 12:33:04,826 [INFO] PluginManage:310 - Check plugin pinoutconfig
2024-01-16 12:33:04,908 [WARN] SupportedApi:132 - Cannot load RTOS API schema: s4s-elt-must-match.1: The content of 'definitions' must match (annotation?, (simpleType | complexType)?, (unique | key | keyref)*)). A problem was found starting at: attribute.
2024-01-16 12:33:05,008 [INFO] PluginManage:359 - Loaded plugin pinoutconfig (category:base,tabindex:0)
2024-01-16 12:33:05,008 [INFO] PluginManage:310 - Check plugin power
2024-01-16 12:33:05,023 [INFO] PluginManage:359 - Loaded plugin power (category:power,tabindex:4)
2024-01-16 12:33:05,024 [INFO] PluginManage:310 - Check plugin projectmanager
2024-01-16 12:33:05,037 [INFO] PluginManage:359 - Loaded plugin projectmanager (category:projectmanager,tabindex:3)
2024-01-16 12:33:05,037 [INFO] PluginManage:310 - Check plugin thirdparty
2024-01-16 12:33:05,261 [INFO] PluginManage:359 - Loaded plugin thirdparty (category:base,tabindex:-1)
2024-01-16 12:33:05,261 [INFO] PluginManage:310 - Check plugin tools
2024-01-16 12:33:05,261 [WARN] IntegrityCheckThread:84 - waiting for thirdparty lock release [integrity check]
2024-01-16 12:33:05,261 [INFO] IntegrityCheckThread:86 - entering critical section [integrity check]
2024-01-16 12:33:05,262 [INFO] ThirdPartyUpdaterWithRetryManager:70 - Updater plugin not ready yet. [1/15]
2024-01-16 12:33:05,288 [INFO] PluginManage:359 - Loaded plugin tools (category:base,tabindex:7)
2024-01-16 12:33:05,288 [INFO] PluginManage:310 - Check plugin tutovideos
2024-01-16 12:33:05,421 [INFO] PluginManage:359 - Loaded plugin tutovideos (category:base,tabindex:-1)
2024-01-16 12:33:05,421 [INFO] PluginManage:310 - Check plugin updater
2024-01-16 12:33:05,429 [INFO] PluginManage:359 - Loaded plugin updater (category:base,tabindex:12)
2024-01-16 12:33:05,429 [INFO] PluginManage:310 - Check plugin userauth
2024-01-16 12:33:05,432 [INFO] UserAuth:113 - Init User Auth plugin
2024-01-16 12:33:05,432 [INFO] PluginManage:359 - Loaded plugin userauth (category:base,tabindex:14)
2024-01-16 12:33:05,433 [INFO] PluginManage:283 - PluginManage : Loaded plugins [17]
2024-01-16 12:33:05,590 [INFO] PinOutPanel:1499 - setPackage(No Configuration,No Configuration)
2024-01-16 12:33:05,674 [INFO] CADModel:165 - CPN selected for project level
2024-01-16 12:33:05,674 [INFO] CADModel:114 - Register for checkConnection events
2024-01-16 12:33:05,692 [INFO] IPUIPlugin:80 - create IPUIPlugin
2024-01-16 12:33:05,692 [INFO] PluginManager:220 - loadIPPluginJar : add adc
2024-01-16 12:33:05,719 [INFO] IPUIPlugin:80 - create IPUIPlugin
2024-01-16 12:33:05,719 [INFO] PluginManager:220 - loadIPPluginJar : add aes
2024-01-16 12:33:05,751 [INFO] IPUIPlugin:80 - create IPUIPlugin
2024-01-16 12:33:05,751 [INFO] PluginManager:220 - loadIPPluginJar : add can
2024-01-16 12:33:05,768 [INFO] IPUIPlugin:80 - create IPUIPlugin
2024-01-16 12:33:05,768 [INFO] PluginManager:220 - loadIPPluginJar : add comp
2024-01-16 12:33:05,794 [INFO] IPUIPlugin:80 - create IPUIPlugin
2024-01-16 12:33:05,794 [INFO] PluginManager:220 - loadIPPluginJar : add cryp
2024-01-16 12:33:05,816 [INFO] IPUIPlugin:80 - create IPUIPlugin
2024-01-16 12:33:05,816 [INFO] PluginManager:220 - loadIPPluginJar : add dfsdm
2024-01-16 12:33:05,826 [INFO] IPUIPlugin:80 - create IPUIPlugin
2024-01-16 12:33:05,827 [INFO] PluginManager:220 - loadIPPluginJar : add dma
2024-01-16 12:33:05,858 [INFO] IPUIPlugin:80 - create IPUIPlugin
2024-01-16 12:33:05,858 [INFO] PluginManager:220 - loadIPPluginJar : add dma3
2024-01-16 12:33:05,873 [INFO] IPUIPlugin:80 - create IPUIPlugin
2024-01-16 12:33:05,873 [INFO] PluginManager:220 - loadIPPluginJar : add fatfs
2024-01-16 12:33:05,908 [INFO] IPUIPlugin:80 - create IPUIPlugin
2024-01-16 12:33:05,909 [INFO] PluginManager:220 - loadIPPluginJar : add fmc
2024-01-16 12:33:05,921 [INFO] IPUIPlugin:80 - create IPUIPlugin
2024-01-16 12:33:05,922 [INFO] PluginManager:220 - loadIPPluginJar : add freertos
2024-01-16 12:33:05,938 [INFO] IPUIPlugin:80 - create IPUIPlugin
2024-01-16 12:33:05,938 [INFO] PluginManager:220 - loadIPPluginJar : add genericplugin
2024-01-16 12:33:06,004 [INFO] IPUIPlugin:80 - create IPUIPlugin
2024-01-16 12:33:06,004 [INFO] PluginManager:220 - loadIPPluginJar : add gfxmmu
2024-01-16 12:33:06,100 [INFO] IPUIPlugin:80 - create IPUIPlugin
2024-01-16 12:33:06,100 [INFO] PluginManager:220 - loadIPPluginJar : add gic
2024-01-16 12:33:06,121 [INFO] IPUIPlugin:80 - create IPUIPlugin
2024-01-16 12:33:06,121 [INFO] PluginManager:220 - loadIPPluginJar : add gpio
2024-01-16 12:33:06,191 [INFO] IPUIPlugin:80 - create IPUIPlugin
2024-01-16 12:33:06,191 [INFO] PluginManager:220 - loadIPPluginJar : add gtzc
2024-01-16 12:33:06,214 [INFO] IPUIPlugin:80 - create IPUIPlugin
2024-01-16 12:33:06,214 [INFO] PluginManager:220 - loadIPPluginJar : add hash
2024-01-16 12:33:06,252 [INFO] IPUIPlugin:80 - create IPUIPlugin
2024-01-16 12:33:06,252 [INFO] PluginManager:220 - loadIPPluginJar : add i2c
2024-01-16 12:33:06,280 [INFO] IPUIPlugin:80 - create IPUIPlugin
2024-01-16 12:33:06,280 [INFO] PluginManager:220 - loadIPPluginJar : add i2s
2024-01-16 12:33:06,311 [INFO] IPUIPlugin:80 - create IPUIPlugin
2024-01-16 12:33:06,311 [INFO] PluginManager:220 - loadIPPluginJar : add i3c
2024-01-16 12:33:06,388 [INFO] IPUIPlugin:80 - create IPUIPlugin
2024-01-16 12:33:06,388 [INFO] PluginManager:220 - loadIPPluginJar : add ipddr
2024-01-16 12:33:06,458 [INFO] IPUIPlugin:80 - create IPUIPlugin
2024-01-16 12:33:06,458 [INFO] PluginManager:220 - loadIPPluginJar : add linkedlist
2024-01-16 12:33:06,484 [INFO] IPUIPlugin:80 - create IPUIPlugin
2024-01-16 12:33:06,484 [INFO] PluginManager:220 - loadIPPluginJar : add lorawan
2024-01-16 12:33:06,511 [INFO] IPUIPlugin:80 - create IPUIPlugin
2024-01-16 12:33:06,511 [INFO] PluginManager:220 - loadIPPluginJar : add ltdc
2024-01-16 12:33:06,521 [INFO] IPUIPlugin:80 - create IPUIPlugin
2024-01-16 12:33:06,522 [INFO] PluginManager:220 - loadIPPluginJar : add mdma
2024-01-16 12:33:06,530 [INFO] IPUIPlugin:80 - create IPUIPlugin
2024-01-16 12:33:06,530 [INFO] PluginManager:220 - loadIPPluginJar : add nvic
2024-01-16 12:33:06,556 [INFO] IPUIPlugin:80 - create IPUIPlugin
2024-01-16 12:33:06,556 [INFO] PluginManager:220 - loadIPPluginJar : add opamp
2024-01-16 12:33:06,602 [INFO] IPUIPlugin:80 - create IPUIPlugin
2024-01-16 12:33:06,602 [INFO] PluginManager:220 - loadIPPluginJar : add openamp
2024-01-16 12:33:06,634 [INFO] IPUIPlugin:80 - create IPUIPlugin
2024-01-16 12:33:06,634 [INFO] PluginManager:220 - loadIPPluginJar : add pdm2pcm
2024-01-16 12:33:06,644 [INFO] IPUIPlugin:80 - create IPUIPlugin
2024-01-16 12:33:06,646 [INFO] PluginManager:220 - loadIPPluginJar : add plateformsettings
2024-01-16 12:33:06,662 [INFO] IPUIPlugin:80 - create IPUIPlugin
2024-01-16 12:33:06,663 [INFO] PluginManager:220 - loadIPPluginJar : add quadspi
2024-01-16 12:33:06,671 [INFO] IPUIPlugin:80 - create IPUIPlugin
2024-01-16 12:33:06,671 [INFO] PluginManager:220 - loadIPPluginJar : add resmgrutility
2024-01-16 12:33:06,708 [INFO] IPUIPlugin:80 - create IPUIPlugin
2024-01-16 12:33:06,708 [INFO] PluginManager:220 - loadIPPluginJar : add sai
2024-01-16 12:33:06,734 [INFO] IPUIPlugin:80 - create IPUIPlugin
2024-01-16 12:33:06,734 [INFO] PluginManager:220 - loadIPPluginJar : add spi
2024-01-16 12:33:06,777 [INFO] IPUIPlugin:80 - create IPUIPlugin
2024-01-16 12:33:06,777 [INFO] PluginManager:220 - loadIPPluginJar : add stm32_wpan
2024-01-16 12:33:06,795 [INFO] IPUIPlugin:80 - create IPUIPlugin
2024-01-16 12:33:06,795 [INFO] PluginManager:220 - loadIPPluginJar : add tim
2024-01-16 12:33:06,835 [INFO] IPUIPlugin:80 - create IPUIPlugin
2024-01-16 12:33:06,835 [INFO] PluginManager:220 - loadIPPluginJar : add touchsensing
2024-01-16 12:33:06,853 [INFO] IPUIPlugin:80 - create IPUIPlugin
2024-01-16 12:33:06,853 [INFO] PluginManager:220 - loadIPPluginJar : add tracer_emb
2024-01-16 12:33:06,869 [INFO] IPUIPlugin:80 - create IPUIPlugin
2024-01-16 12:33:06,869 [INFO] PluginManager:220 - loadIPPluginJar : add ts
2024-01-16 12:33:06,885 [INFO] IPUIPlugin:80 - create IPUIPlugin
2024-01-16 12:33:06,885 [INFO] PluginManager:220 - loadIPPluginJar : add tsc
2024-01-16 12:33:06,901 [INFO] IPUIPlugin:80 - create IPUIPlugin
2024-01-16 12:33:06,901 [INFO] PluginManager:220 - loadIPPluginJar : add ucpd
2024-01-16 12:33:06,934 [INFO] IPUIPlugin:80 - create IPUIPlugin
2024-01-16 12:33:06,934 [INFO] PluginManager:220 - loadIPPluginJar : add usart
2024-01-16 12:33:06,965 [INFO] IPUIPlugin:80 - create IPUIPlugin
2024-01-16 12:33:06,966 [INFO] PluginManager:220 - loadIPPluginJar : add usbx
2024-01-16 12:33:07,083 [INFO] CADModel:165 - CPN selected for project level
2024-01-16 12:33:07,084 [INFO] CADModel:114 - Register for checkConnection events
2024-01-16 12:33:07,084 [FATAL] Updater:308 - Updater called before beeing initialized
2024-01-16 12:33:07,084 [ERROR] CADModel:125 - Updater not yet initialized, retry later 
2024-01-16 12:33:07,185 [INFO] CADModel:165 - CPN selected for project level
2024-01-16 12:33:07,185 [INFO] CADModel:114 - Register for checkConnection events
2024-01-16 12:33:07,185 [FATAL] Updater:308 - Updater called before beeing initialized
2024-01-16 12:33:07,185 [ERROR] CADModel:125 - Updater not yet initialized, retry later 
2024-01-16 12:33:07,187 [FATAL] Updater:308 - Updater called before beeing initialized
2024-01-16 12:33:07,277 [FATAL] Updater:308 - Updater called before beeing initialized
2024-01-16 12:33:07,288 [INFO] DbMcusAds:53 - JSON generation date=Tue Mar 07 09:50:55 CET 2023 (1678179055114)
2024-01-16 12:33:07,289 [FATAL] Updater:308 - Updater called before beeing initialized
2024-01-16 12:33:07,318 [WARN] DetailPanel:346 - Failed to get advertising image, set to default
2024-01-16 12:33:07,403 [FATAL] Updater:308 - Updater called before beeing initialized
2024-01-16 12:33:07,405 [FATAL] Updater:308 - Updater called before beeing initialized
2024-01-16 12:33:07,405 [FATAL] Updater:308 - Updater called before beeing initialized
2024-01-16 12:33:07,405 [WARN] DetailPanel:346 - Failed to get advertising image, set to default
2024-01-16 12:33:07,405 [FATAL] Updater:308 - Updater called before beeing initialized
2024-01-16 12:33:07,457 [ERROR] Updater:1120 - MainUpdater not yet initialized. External WinMGr cannot be set.
2024-01-16 12:33:07,465 [INFO] Updater:1056 - Updater Version found : 6.9.2
2024-01-16 12:33:07,478 [INFO] ApplicationProperties:184 - Using Application install path: C:\ST\STM32CubeIDE_1.13.2\STM32CubeIDE\plugins\com.st.stm32cube.common.mx_6.9.2.202309101412
2024-01-16 12:33:07,594 [INFO] MainUpdater:2868 - connection check result : 10
2024-01-16 12:33:07,595 [INFO] MainUpdater:285 - Updater Check For Update Now.
2024-01-16 12:33:07,595 [INFO] MicroXplorer:498 - Change Database Version : DB.6.0.92
2024-01-16 12:33:07,607 [INFO] McuFinderGlobals:63 - Set McuFinder mode to 2 (CubeIDE integrated)
2024-01-16 12:33:07,790 [INFO] CheckServerUpdateThread:120 - End of CheckServer Thread
2024-01-16 12:33:08,407 [WARN] PackLoader:240 - Cannot read IP mode file for STMicroelectronics.X-CUBE-SMBUS.2.1.0
2024-01-16 12:33:08,419 [WARN] PackLoader:240 - Cannot read IP mode file for STMicroelectronics.X-CUBE-TOUCHGFX.4.23.0
2024-01-16 12:33:08,457 [WARN] PackLoader:240 - Cannot read IP mode file for STMicroelectronics.X-CUBE-AZRTOS-F7.1.1.0
2024-01-16 12:33:08,474 [WARN] PackLoader:240 - Cannot read IP mode file for STMicroelectronics.FP-SNS-MOTENV1.4.3.2
2024-01-16 12:33:08,488 [WARN] PackLoader:240 - Cannot read IP mode file for STMicroelectronics.FP-SNS-FLIGHT1.5.0.2
2024-01-16 12:33:08,502 [WARN] PackLoader:240 - Cannot read IP mode file for STMicroelectronics.X-CUBE-DISPLAY.3.0.0
2024-01-16 12:33:08,520 [WARN] PackLoader:240 - Cannot read IP mode file for STMicroelectronics.X-CUBE-BLE1.7.0.0
2024-01-16 12:33:08,531 [WARN] PackLoader:240 - Cannot read IP mode file for emotas.I-CUBE-CANOPEN.1.3.0
2024-01-16 12:33:08,541 [WARN] PackLoader:240 - Cannot read IP mode file for STMicroelectronics.X-CUBE-TOUCHGFX.4.22.0
2024-01-16 12:33:08,550 [WARN] PackLoader:240 - Cannot read IP mode file for STMicroelectronics.X-CUBE-TOUCHGFX.4.22.1
2024-01-16 12:33:08,560 [WARN] PackLoader:240 - Cannot read IP mode file for STMicroelectronics.FP-SNS-SMARTAG2.1.2.0
2024-01-16 12:33:08,576 [INFO] LogOutputStream:77 - [STDOUT_REDIRECT] 1 : Invalid condition id : UX_CORESTACK_Condition cause : null
2024-01-16 12:33:08,576 [INFO] LogOutputStream:77 - [STDOUT_REDIRECT] 1 : Invalid condition id : UX_CORESTACK_Condition cause : null
2024-01-16 12:33:08,577 [INFO] LogOutputStream:77 - [STDOUT_REDIRECT] 1 : Invalid condition id : UX_CORESTACK_Condition cause : null
2024-01-16 12:33:08,578 [INFO] LogOutputStream:77 - [STDOUT_REDIRECT] 1 : Invalid condition id : UX_CORESTACK_Condition cause : null
2024-01-16 12:33:08,579 [INFO] LogOutputStream:77 - [STDOUT_REDIRECT] 1 : Invalid condition id : UX_CORESTACK_Condition cause : null
2024-01-16 12:33:08,581 [WARN] PackLoader:240 - Cannot read IP mode file for STMicroelectronics.X-CUBE-AZRTOS-WL.2.0.0
2024-01-16 12:33:08,596 [WARN] PackLoader:240 - Cannot read IP mode file for WES.I-CUBE-Cesium.1.3.0
2024-01-16 12:33:08,607 [WARN] PackLoader:240 - Cannot read IP mode file for STMicroelectronics.X-CUBE-BLE2.3.3.0
2024-01-16 12:33:08,618 [WARN] PackLoader:240 - Cannot read IP mode file for STMicroelectronics.X-CUBE-ALGOBUILD.1.3.0
2024-01-16 12:33:08,641 [WARN] PackLoader:240 - Cannot read IP mode file for STMicroelectronics.X-CUBE-AZRTOS-G0.1.1.0
2024-01-16 12:33:08,654 [WARN] PackLoader:240 - Cannot read IP mode file for STMicroelectronics.X-CUBE-NFC4.3.0.0
2024-01-16 12:33:08,675 [WARN] PackLoader:240 - Cannot read IP mode file for STMicroelectronics.X-CUBE-BLEMGR.3.0.0
2024-01-16 12:33:08,687 [WARN] PackLoader:240 - Cannot read IP mode file for STMicroelectronics.FP-ATR-SIGFOX1.3.2.0
2024-01-16 12:33:08,716 [WARN] PackLoader:240 - Cannot read IP mode file for SEGGER.I-CUBE-embOS.1.3.1
2024-01-16 12:33:08,751 [WARN] PackLoader:240 - Cannot read IP mode file for STMicroelectronics.X-CUBE-GNSS1.6.0.0
2024-01-16 12:33:08,774 [WARN] PackLoader:240 - Cannot read IP mode file for STMicroelectronics.X-CUBE-AZRTOS-F4.1.1.0
2024-01-16 12:33:08,786 [WARN] PackLoader:240 - Cannot read IP mode file for wolfSSL.I-CUBE-wolfSSL.5.6.3
2024-01-16 12:33:08,807 [WARN] PackLoader:240 - Cannot read IP mode file for STMicroelectronics.X-CUBE-AZRTOS-L5.2.0.0
2024-01-16 12:33:08,849 [WARN] PackLoader:240 - Cannot read IP mode file for STMicroelectronics.X-CUBE-MEMS1.9.6.0
2024-01-16 12:33:08,981 [WARN] PackLoader:240 - Cannot read IP mode file for STMicroelectronics.X-CUBE-EEPRMA1.4.2.0
2024-01-16 12:33:08,993 [WARN] PackLoader:240 - Cannot read IP mode file for ITTIA_DB.I-CUBE-ITTIADB.8.8.0
2024-01-16 12:33:09,005 [WARN] PackLoader:240 - Cannot read IP mode file for STMicroelectronics.X-CUBE-BLEMGR.2.0.0
2024-01-16 12:33:09,029 [WARN] ConditionMgr:438 - getConditionDescription Invalid condition id : UX DEVICE CLASS RTOS Condition cause : null
2024-01-16 12:33:09,029 [WARN] ConditionMgr:438 - getConditionDescription Invalid condition id : UX DEVICE CLASS RTOS Condition cause : null
2024-01-16 12:33:09,031 [WARN] PackLoader:240 - Cannot read IP mode file for STMicroelectronics.X-CUBE-AZRTOS-H7.3.1.0
2024-01-16 12:33:09,032 [WARN] ConditionMgr:1039 - genDependencies : Invalid condition id : UX DEVICE CLASS RTOS Condition cause : null
2024-01-16 12:33:09,032 [WARN] ConditionMgr:1039 - genDependencies : Invalid condition id : UX DEVICE CLASS RTOS Condition cause : null
2024-01-16 12:33:09,033 [WARN] ConditionMgr:1039 - genDependencies : Invalid condition id : UX DEVICE CLASS RTOS Condition cause : null
2024-01-16 12:33:09,033 [WARN] ConditionMgr:1039 - genDependencies : Invalid condition id : UX DEVICE CLASS RTOS Condition cause : null
2024-01-16 12:33:09,033 [WARN] ConditionMgr:1039 - genDependencies : Invalid condition id : UX DEVICE CLASS RTOS Condition cause : null
2024-01-16 12:33:09,046 [WARN] PackLoader:240 - Cannot read IP mode file for STMicroelectronics.X-CUBE-NFC7.1.0.1
2024-01-16 12:33:09,058 [WARN] PackLoader:240 - Cannot read IP mode file for STMicroelectronics.X-CUBE-NFC6.3.0.0
2024-01-16 12:33:09,068 [WARN] PackLoader:240 - Cannot read IP mode file for STMicroelectronics.X-CUBE-EEPRMA1.4.1.0
2024-01-16 12:33:09,078 [WARN] PackLoader:240 - Cannot read IP mode file for STMicroelectronics.X-CUBE-AI.8.1.0
2024-01-16 12:33:09,103 [WARN] ConditionMgr:438 - getConditionDescription Invalid condition id : LAN8742 Phy interface Condition cause : null
2024-01-16 12:33:09,104 [WARN] PackLoader:240 - Cannot read IP mode file for STMicroelectronics.X-CUBE-AZRTOS-L4.2.0.0
2024-01-16 12:33:09,105 [WARN] ConditionMgr:1039 - genDependencies : Invalid condition id : LAN8742 Phy interface Condition cause : null
2024-01-16 12:33:09,105 [WARN] ConditionMgr:1039 - genDependencies : Invalid condition id : LAN8742 Phy interface Condition cause : null
2024-01-16 12:33:09,106 [WARN] ConditionMgr:1039 - genDependencies : Invalid condition id : LAN8742 Phy interface Condition cause : null
2024-01-16 12:33:09,117 [WARN] PackLoader:240 - Cannot read IP mode file for STMicroelectronics.X-CUBE-SFXS2LP1.4.0.0
2024-01-16 12:33:09,129 [WARN] PackLoader:240 - Cannot read IP mode file for STMicroelectronics.X-CUBE-ISPU.1.1.0
2024-01-16 12:33:09,147 [WARN] ConditionMgr:438 - getConditionDescription Invalid condition id : UX DEVICE CLASS RTOS Condition cause : null
2024-01-16 12:33:09,147 [WARN] ConditionMgr:438 - getConditionDescription Invalid condition id : UX DEVICE CLASS RTOS Condition cause : null
2024-01-16 12:33:09,149 [WARN] PackLoader:240 - Cannot read IP mode file for STMicroelectronics.X-CUBE-AZRTOS-WB.2.0.0
2024-01-16 12:33:09,149 [WARN] ConditionMgr:1039 - genDependencies : Invalid condition id : UX DEVICE CLASS RTOS Condition cause : null
2024-01-16 12:33:09,149 [WARN] ConditionMgr:1039 - genDependencies : Invalid condition id : UX DEVICE CLASS RTOS Condition cause : null
2024-01-16 12:33:09,150 [WARN] ConditionMgr:1039 - genDependencies : Invalid condition id : UX DEVICE CLASS RTOS Condition cause : null
2024-01-16 12:33:09,150 [WARN] ConditionMgr:1039 - genDependencies : Invalid condition id : UX DEVICE CLASS RTOS Condition cause : null
2024-01-16 12:33:09,150 [WARN] ConditionMgr:1039 - genDependencies : Invalid condition id : UX DEVICE CLASS RTOS Condition cause : null
2024-01-16 12:33:09,164 [WARN] PackLoader:240 - Cannot read IP mode file for STMicroelectronics.X-CUBE-SUBG2.5.0.0
2024-01-16 12:33:09,182 [WARN] PackLoader:240 - Cannot read IP mode file for STMicroelectronics.X-CUBE-TOF1.3.3.1
2024-01-16 12:33:09,205 [WARN] PackLoader:240 - Cannot read IP mode file for STMicroelectronics.X-CUBE-AZRTOS-G4.2.0.0
2024-01-16 12:33:09,222 [WARN] PackLoader:240 - Cannot read IP mode file for Infineon.AIROC-Wi-Fi-Bluetooth-STM32.1.5.1
2024-01-16 12:33:09,236 [WARN] PackLoader:240 - Cannot read IP mode file for STMicroelectronics.FP-SNS-MOTENVWB1.1.3.0
2024-01-16 12:33:09,246 [WARN] PackLoader:240 - Cannot read IP mode file for STMicroelectronics.FP-SNS-MOTENVWB1.1.3.1
2024-01-16 12:33:09,255 [WARN] PackLoader:240 - Cannot read IP mode file for STMicroelectronics.X-CUBE-ISPU.2.0.0
2024-01-16 12:33:09,291 [WARN] PackLoader:240 - Cannot read IP mode file for STMicroelectronics.X-CUBE-MEMS1.10.0.0
2024-01-16 12:33:09,388 [WARN] PackLoader:240 - Cannot read IP mode file for STMicroelectronics.X-CUBE-FREERTOS.1.1.0
2024-01-16 12:33:09,417 [WARN] PackLoader:240 - Cannot read IP mode file for portGmbH.I-Cube-SoM-uGOAL.1.1.0
2024-01-16 12:33:09,431 [WARN] PackLoader:240 - Cannot read IP mode file for STMicroelectronics.X-CUBE-ALS.1.0.1
2024-01-16 12:33:09,445 [WARN] PackLoader:240 - Cannot read IP mode file for STMicroelectronics.FP-ATR-ASTRA1.2.0.0
2024-01-16 12:33:09,464 [WARN] PackLoader:240 - Cannot read IP mode file for STMicroelectronics.X-CUBE-TOF1.3.4.0
2024-01-16 12:33:09,498 [WARN] PackLoader:240 - Cannot read IP mode file for STMicroelectronics.X-CUBE-AZRTOS-H7.3.2.0
2024-01-16 12:33:09,500 [INFO] ThirdParty:978 - Integrity check success = true
2024-01-16 12:33:09,501 [INFO] IntegrityCheckThread:100 - exiting critical section [integrity check]
2024-01-16 12:33:09,501 [INFO] IntegrityCheckThread:103 - End integrity checks thread
2024-01-16 12:33:28,353 [ERROR] LogOutputStream:75 - [STDERR_REDIRECT] SLF4J: Failed to load class "org.slf4j.impl.StaticLoggerBinder".
2024-01-16 12:33:28,353 [ERROR] LogOutputStream:75 - [STDERR_REDIRECT] SLF4J: Defaulting to no-operation (NOP) logger implementation
2024-01-16 12:33:28,354 [ERROR] LogOutputStream:75 - [STDERR_REDIRECT] SLF4J: See http://www.slf4j.org/codes.html#StaticLoggerBinder for further details.
2024-01-16 12:47:05,286 [INFO] McuFinderGlobals:63 - Set McuFinder mode to 2 (CubeIDE integrated)
2024-01-16 12:47:05,304 [INFO] MainUpdater:2868 - connection check result : 10
2024-01-16 12:47:05,310 [INFO] MainUpdater:2868 - connection check result : 10
2024-01-16 12:47:05,487 [INFO] MicroXplorer:468 - Change Database Path : 
2024-01-16 12:47:05,487 [INFO] MicroXplorer:498 - Change Database Version : DB.6.0.92
2024-01-16 12:47:05,490 [WARN] ThirdParty:871 - waiting for thirdparty lock release [close project]
2024-01-16 12:47:05,490 [INFO] ThirdParty:873 - entering critical section [close project]
2024-01-16 12:47:05,491 [INFO] ThirdParty:883 - exiting critical section [close project]
2024-01-16 12:47:05,493 [INFO] PinOutPanel:1499 - setPackage(No Configuration,No Configuration)
2024-01-16 12:47:05,499 [INFO] UtilMem:75 - Begin LoadConfig() Used Memory: 600210624 Bytes (1022361600)
2024-01-16 12:47:05,500 [INFO] MicroXplorer:468 - Change Database Path : 
2024-01-16 12:47:05,500 [INFO] MicroXplorer:498 - Change Database Version : DB.6.0.92
2024-01-16 12:47:05,500 [INFO] OpenFileManager:308 - Change cursor
2024-01-16 12:47:05,548 [INFO] Mcu:1946 - Initializing MCU STM32F072R(8-B)Tx STM32F072RBTx STM32F072RBT6
2024-01-16 12:47:06,796 [INFO] Context:659 - Trying to add GPIOservice into a context  which must be forbidden
2024-01-16 12:47:07,228 [INFO] RtosManager:555 - Registered RTOS mode: class=CMSIS, group=RTOS, mode=CMSIS_V1, owner=FREERTOS
2024-01-16 12:47:07,229 [INFO] RtosManager:555 - Registered RTOS mode: class=CMSIS, group=RTOS2, mode=CMSIS_V2, owner=FREERTOS
2024-01-16 12:47:07,229 [INFO] RtosManager:555 - Registered RTOS mode: class=RTOS, group=Core, mode=CMSIS_V1, owner=FREERTOS
2024-01-16 12:47:07,229 [INFO] RtosManager:555 - Registered RTOS mode: class=RTOS, group=Core, mode=CMSIS_V2, owner=FREERTOS
2024-01-16 12:47:07,229 [WARN] ModelIntegratedComponent:184 - Missing modes for component STMicroelectronics:FreeRTOS:0.0.1:STMicroelectronics:RTOS:FreeRTOS:Core:::10.2.0:
2024-01-16 12:47:07,239 [WARN] ModelIntegratedComponent:63 - No mode defined for component null
2024-01-16 12:47:07,239 [WARN] ModelIntegratedComponent:63 - No mode defined for component null
2024-01-16 12:47:07,239 [WARN] ModelIntegratedComponent:63 - No mode defined for component null
2024-01-16 12:47:07,239 [WARN] ModelIntegratedComponent:63 - No mode defined for component null
2024-01-16 12:47:07,240 [WARN] ModelIntegratedComponent:63 - No mode defined for component null
2024-01-16 12:47:07,240 [WARN] ModelIntegratedComponent:63 - No mode defined for component null
2024-01-16 12:47:07,240 [WARN] ModelIntegratedComponent:63 - No mode defined for component null
2024-01-16 12:47:07,240 [WARN] ModelIntegratedComponent:63 - No mode defined for component null
2024-01-16 12:47:07,240 [WARN] ModelIntegratedComponent:63 - No mode defined for component null
2024-01-16 12:47:07,240 [WARN] ModelIntegratedComponent:63 - No mode defined for component null
2024-01-16 12:47:07,240 [WARN] ModelIntegratedComponent:63 - No mode defined for component null
2024-01-16 12:47:07,240 [WARN] ModelIntegratedComponent:63 - No mode defined for component null
2024-01-16 12:47:07,240 [WARN] ModelIntegratedComponent:63 - No mode defined for component null
2024-01-16 12:47:07,240 [WARN] ModelIntegratedComponent:63 - No mode defined for component null
2024-01-16 12:47:07,240 [WARN] ModelIntegratedComponent:63 - No mode defined for component null
2024-01-16 12:47:07,240 [WARN] ModelIntegratedComponent:63 - No mode defined for component null
2024-01-16 12:47:07,240 [WARN] ModelIntegratedComponent:63 - No mode defined for component null
2024-01-16 12:47:07,240 [WARN] ModelIntegratedComponent:63 - No mode defined for component null
2024-01-16 12:47:07,240 [WARN] ModelIntegratedComponent:63 - No mode defined for component null
2024-01-16 12:47:07,240 [WARN] ModelIntegratedComponent:63 - No mode defined for component null
2024-01-16 12:47:07,241 [WARN] ModelIntegratedComponent:63 - No mode defined for component null
2024-01-16 12:47:07,241 [WARN] ModelIntegratedComponent:63 - No mode defined for component null
2024-01-16 12:47:07,241 [WARN] ModelIntegratedComponent:63 - No mode defined for component null
2024-01-16 12:47:07,241 [WARN] ModelIntegratedComponent:63 - No mode defined for component null
2024-01-16 12:47:07,241 [WARN] ModelIntegratedComponent:63 - No mode defined for component null
2024-01-16 12:47:07,241 [WARN] ModelIntegratedComponent:63 - No mode defined for component null
2024-01-16 12:47:07,241 [WARN] ModelIntegratedComponent:63 - No mode defined for component null
2024-01-16 12:47:07,241 [WARN] ModelIntegratedComponent:63 - No mode defined for component null
2024-01-16 12:47:07,241 [WARN] ModelIntegratedComponent:63 - No mode defined for component null
2024-01-16 12:47:07,241 [WARN] ModelIntegratedComponent:63 - No mode defined for component null
2024-01-16 12:47:07,241 [WARN] ModelIntegratedComponent:63 - No mode defined for component null
2024-01-16 12:47:07,241 [WARN] ModelIntegratedComponent:63 - No mode defined for component null
2024-01-16 12:47:07,241 [WARN] ModelIntegratedComponent:63 - No mode defined for component null
2024-01-16 12:47:07,338 [INFO] ThirdPartyModel:298 - Start build external matchings
2024-01-16 12:47:08,014 [INFO] ThirdPartyModel:316 - End build external matchings
2024-01-16 12:47:08,032 [INFO] ImportTextPane:194 - (OptionalMessage_ERROR) IP (RCC) : Parameter (FLatency) has Id (AdvancedSettings) currently not set
2024-01-16 12:47:08,032 [INFO] ImportTextPane:194 - (OptionalMessage_ERROR) IP (RCC) : Invalid parameter (FamilyName)
2024-01-16 12:47:08,032 [INFO] ImportTextPane:194 - (OptionalMessage_ERROR) IP (RCC) : Invalid parameter (HSICECFreq_Value)
2024-01-16 12:47:08,035 [INFO] ImportTextPane:194 - (OptionalMessage_ERROR) IP (RCC) : Parameter (PREFETCH_ENABLE) has Id (AdvancedSettings) currently not set
2024-01-16 12:47:08,245 [INFO] UtilMem:75 - End LoadConfig() Used Memory: 763034008 Bytes (1073741824)
2024-01-16 12:47:08,356 [INFO] ApiDb:581 - Connected to CubeFinder SQLite database (C:\Users\jespe\.stmcufinder\plugins\mcufinder\mcu\cube-finder-db.db)
2024-01-16 12:47:08,428 [INFO] ApiDb:668 - CubeFinder database Data Model version=2.1
2024-01-16 12:47:08,429 [INFO] ApiDb:669 - CubeFinder database Configuration version=3.0.37
2024-01-16 12:47:08,430 [INFO] ApiDb:670 - CubeFinder database generation date=2023-08-09 (1691586011)
2024-01-16 12:47:08,430 [INFO] ApiDb:671 - CubeFinder database FW Pack versions=[FP-ATR-ASTRA1_V2.0.0, FP-SNS-FLIGHT1_V5.0.1, FP-SNS-FLIGHT1_V5.0.2, FP-SNS-MOTENV1_V4.3.1, FP-SNS-MOTENV1_V4.3.2, STM32Cube_FW_C0_V1.1.0, STM32Cube_FW_F4_V1.27.1, STM32Cube_FW_F7_V1.17.0, STM32Cube_FW_G0_V1.6.1, STM32Cube_FW_G4_V1.5.1, STM32Cube_FW_H5_V0.5.1, STM32Cube_FW_H5_V1.1.0, STM32Cube_FW_H7_V1.11.0, STM32Cube_FW_L0_V1.12.2, STM32Cube_FW_L5_V1.5.0, STM32Cube_FW_U5_V1.3.0, STM32Cube_FW_U5_V1.3.0RC4, STM32Cube_FW_WBA_V1.0.0RC1, STM32Cube_FW_WBA_V1.1.0, STM32Cube_FW_WBA_V1.1.0RC1, STM32Cube_FW_WB_V1.15.0RC1, STM32Cube_FW_WB_V1.16.0, STM32Cube_FW_WB_V1.16.0RC2, STM32Cube_FW_WB_V1.17.0, STM32Cube_FW_WL_V1.3.0, X-CUBE-ALGOBUILD_V1.3.0, X-CUBE-ALS_V1.0.1, X-CUBE-AZRTOS-F4_V1.1.0, X-CUBE-AZRTOS-F7_V1.1.0, X-CUBE-AZRTOS-G0_V1.1.0, X-CUBE-AZRTOS-G4_V2.0.0, X-CUBE-AZRTOS-H7_V3.1.0, X-CUBE-AZRTOS-L4_V1.0.0, X-CUBE-AZRTOS-L4_V2.0.0, X-CUBE-AZRTOS-L5_V1.1.0, X-CUBE-AZRTOS-WB_V1.1.0, X-CUBE-AZRTOS-WL_V2.0.0, X-CUBE-BLE1_V7.0.0, X-CUBE-BLE2_V3.3.0, X-CUBE-BLEMGR_V2.0.0, X-CUBE-EEPRMA1_V4.1.0, X-CUBE-FREERTOS_V1.1.0, X-CUBE-GNSS1_V6.0.0, X-CUBE-MEMS1_V9.1.0, X-CUBE-MEMS1_V9.4.0, X-CUBE-MEMS1_V9.6.0, X-CUBE-NFC4_V3.0.0, X-CUBE-NFC7_V1.0.0, X-CUBE-SFXS2LP1_V4.0.0, X-CUBE-SUBG2_V5.0.0, X-CUBE-TOF1_V3.3.1]
2024-01-16 12:47:10,613 [INFO] ApiDb:240 - Found 323 in-development CPN: [B-G473E-ZEST1S, B-WB1M-WPAN1, B-WL5M-SUBG1, NUCLEO-C031C6, NUCLEO-H503RB, NUCLEO-H563ZI, NUCLEO-U545RE-Q, NUCLEO-U5A5ZJ-Q, NUCLEO-WBA52CG, STEVAL-PROTEUS1, STEVAL-SMARTAG2, STEVAL-STWINBX1, STM320518-EVAL, STM32C0116-DK, STM32C011D6Y3TR, STM32C011D6Y6TR, STM32C011F4P3, STM32C011F4P6, STM32C011F4U3, STM32C011F4U6TR, STM32C011F6P3, STM32C011F6P6, STM32C011F6U3, STM32C011F6U6TR, STM32C011J4M3, STM32C011J4M6, STM32C011J6M3, STM32C011J6M6, STM32C0316-DK, STM32C031C4T3, STM32C031C4T6, STM32C031C4U3, STM32C031C4U6, STM32C031C6T3, STM32C031C6T6, STM32C031C6U3, STM32C031C6U6, STM32C031F4P3, STM32C031F4P6, STM32C031F6P3, STM32C031F6P6, STM32C031G4U3, STM32C031G4U6, STM32C031G6U3, STM32C031G6U6, STM32C031K4T3, STM32C031K4T6, STM32C031K4U3, STM32C031K4U6, STM32C031K6T3, STM32C031K6T6, STM32C031K6U3, STM32C031K6U6, STM32G071K8TXN, STM32G071K8UXN, STM32G081GBU6N, STM32G081KBT6N, STM32G081KBUXN, STM32G0B1CCT6N, STM32G0B1KCT6, STM32G0B1NEY6TR, STM32G0B1RCT6N, STM32G0C1CCT6, STM32G0C1CCT6N, STM32G0C1CCU6N, STM32G0C1CET6N, STM32G0C1CEU6N, STM32G0C1KCT6, STM32G0C1NEY6TR, STM32G0C1RCI6N, STM32G0C1RCT6N, STM32G0C1REI6N, STM32G0C1RET6N, STM32G0C1VCI6, STM32G0C1VEI6, STM32G471CCT6, STM32G471CCU6, STM32G471CET3, STM32G471CET6, STM32G471CEU3, STM32G471CEU6, STM32G471MCT6, STM32G471MET3, STM32G471MET6, STM32G471MEY6TR, STM32G471QCT6, STM32G471QET3, STM32G471RCT6, STM32G471RET3, STM32G471RET6, STM32G471VCH6, STM32G471VCI6, STM32G471VCT6, STM32G471VEH3, STM32G471VEH6, STM32G471VEI3, STM32G471VEI6, STM32G471VET3, STM32G471VET6, STM32G474CCT6, STM32H503CBT6, STM32H503CBU6, STM32H503EBY6TR, STM32H503KBU6, STM32H503RBT6, STM32H562AGI6, STM32H562AII6, STM32H562IGK6, STM32H562IGT6, STM32H562IIK6, STM32H562IIT6, STM32H562RGT6, STM32H562RGV6, STM32H562RIT6, STM32H562RIV6, STM32H562VGT6, STM32H562VIT6, STM32H562ZGT6, STM32H562ZIT6, STM32H563AGI6, STM32H563AII3Q, STM32H563AII6, STM32H563IGK6, STM32H563IGT6, STM32H563IIK3Q, STM32H563IIK6, STM32H563IIT3Q, STM32H563IIT6, STM32H563MIY3QTR, STM32H563RGT6, STM32H563RGV6, STM32H563RIT6, STM32H563RIV6, STM32H563VGT6, STM32H563VIT3Q, STM32H563VIT6, STM32H563ZGT6, STM32H563ZIT3Q, STM32H563ZIT6, STM32H573AII3Q, STM32H573AII6, STM32H573I-DK, STM32H573IIK3Q, STM32H573IIK6, STM32H573IIT3Q, STM32H573IIT6, STM32H573MIY3QTR, STM32H573RIT6, STM32H573RIV6, STM32H573VIT3Q, STM32H573VIT6, STM32H573ZIT3Q, STM32H573ZIT6, STM32L4R5QGI6STR, STM32MP131AAE3, STM32MP131AAF3, STM32MP131AAG3, STM32MP131CAE3, STM32MP131CAF3, STM32MP131CAG3, STM32MP131DAE7, STM32MP131DAF7, STM32MP131DAG7, STM32MP131FAE7, STM32MP131FAF7, STM32MP131FAG7, STM32MP133AAE3, STM32MP133AAF3, STM32MP133AAG3, STM32MP133CAE3, STM32MP133CAF3, STM32MP133CAG3, STM32MP133DAE7, STM32MP133DAF7, STM32MP133DAG7, STM32MP133FAE7, STM32MP133FAF7, STM32MP133FAG7, STM32MP135AAE3, STM32MP135AAF3, STM32MP135AAG3, STM32MP135CAE3, STM32MP135CAF3, STM32MP135CAG3, STM32MP135DAE7, STM32MP135DAF7, STM32MP135DAG7, STM32MP135F-DK, STM32MP135FAE7, STM32MP135FAF7, STM32MP135FAF7T, STM32MP135FAF7U, STM32MP135FAG7, STM32U535CBT6, STM32U535CBT6Q, STM32U535CBU6, STM32U535CBU6Q, STM32U535CCT6, STM32U535CCT6Q, STM32U535CCU6, STM32U535CCU6Q, STM32U535CET6, STM32U535CET6Q, STM32U535CEU6, STM32U535CEU6Q, STM32U535JEY6QTR, STM32U535NCY6QTR, STM32U535NEY6QTR, STM32U535RBI6, STM32U535RBI6Q, STM32U535RBT6, STM32U535RBT6Q, STM32U535RCI6, STM32U535RCI6Q, STM32U535RCT6, STM32U535RCT6Q, STM32U535REI6, STM32U535REI6Q, STM32U535RET6, STM32U535RET6Q, STM32U535VCI6, STM32U535VCI6Q, STM32U535VCT6, STM32U535VCT6Q, STM32U535VEI6, STM32U535VEI6Q, STM32U535VET6, STM32U535VET6Q, STM32U545CET6, STM32U545CET6Q, STM32U545CEU6, STM32U545CEU6Q, STM32U545JEY6QTR, STM32U545NEY6QTR, STM32U545REI6, STM32U545REI6Q, STM32U545RET6, STM32U545RET6Q, STM32U545VEI6, STM32U545VEI6Q, STM32U545VET6, STM32U545VET6Q, STM32U595AIH6, STM32U595AIH6Q, STM32U595AJH6, STM32U595AJH6Q, STM32U595QII6, STM32U595QII6Q, STM32U595QJI6, STM32U595QJI6Q, STM32U595RIT6, STM32U595RIT6Q, STM32U595RJT6, STM32U595RJT6Q, STM32U595VIT6, STM32U595VIT6Q, STM32U595VJT6, STM32U595VJT6Q, STM32U595ZIT6, STM32U595ZIT6Q, STM32U595ZIY6QTR, STM32U595ZJT6, STM32U595ZJT6Q, STM32U595ZJY6QTR, STM32U599BJY6QTR, STM32U599NIH6Q, STM32U599NJH6Q, STM32U599VIT6Q, STM32U599VJT6, STM32U599VJT6Q, STM32U599ZIT6Q, STM32U599ZIY6QTR, STM32U599ZJT6Q, STM32U599ZJY6QTR, STM32U5A5AJH6, STM32U5A5AJH6Q, STM32U5A5QJI6, STM32U5A5QJI6Q, STM32U5A5RJT6, STM32U5A5RJT6Q, STM32U5A5VJT6, STM32U5A5VJT6Q, STM32U5A5ZJT6, STM32U5A5ZJT6Q, STM32U5A5ZJY6QTR, STM32U5A9BJY6QTR, STM32U5A9J-DK, STM32U5A9NJH6Q, STM32U5A9VJT6Q, STM32U5A9ZJT6Q, STM32U5A9ZJY6QTR, STM32U5F7VIT6, STM32U5F7VIT6Q, STM32U5F7VJT6, STM32U5F7VJT6Q, STM32U5F9BJY6QTR, STM32U5F9NJH6Q, STM32U5F9VIT6Q, STM32U5F9VJT6Q, STM32U5F9ZIJ6QTR, STM32U5F9ZIT6Q, STM32U5F9ZJJ6QTR, STM32U5F9ZJT6Q, STM32U5G7VJT6, STM32U5G7VJT6Q, STM32U5G9BJY6QTR, STM32U5G9J-DK1, STM32U5G9J-DK2, STM32U5G9NJH6Q, STM32U5G9VJT6Q, STM32U5G9ZJJ6QTR, STM32U5G9ZJT6Q, STM32WB1MMCH6, STM32WBA52CEU6, STM32WBA52CEU6T, STM32WBA52CGU6, STM32WBA52CGU6T, STM32WBA52KEU6, STM32WBA52KEU6T, STM32WBA52KGU6, STM32WBA52KGU6T, STM32WL5MOCH6, STM32WL5MOCH6TR]
2024-01-16 12:47:10,617 [INFO] DbMcus:217 - Found 3848 MCUs, 3848 are supported
2024-01-16 12:47:10,619 [INFO] ApiDb:423 - Load user favorites file C:\Users\jespe/.stm32cubeide/favorites.mcus.txt: 0 item(s)
2024-01-16 12:47:10,620 [INFO] ApiDb:427 - User favorites MCUs=[]
2024-01-16 12:47:10,620 [INFO] DbMcus:223 - Set 0 / 0 favorites MCUs
2024-01-16 12:47:11,000 [WARN] ThirdParty:833 - waiting for thirdparty lock release [change project]
2024-01-16 12:47:11,001 [INFO] ThirdParty:835 - entering critical section [change project]
2024-01-16 12:47:11,001 [INFO] ThirdParty:1030 - CMSIS Pack Vendor :STMicroelectronics X-CUBE-ISPU 1.1.0
2024-01-16 12:47:11,001 [INFO] ThirdParty:1030 - CMSIS Pack Vendor :STMicroelectronics USBPD 4.1
2024-01-16 12:47:11,001 [INFO] ThirdParty:1030 - CMSIS Pack Vendor :STMicroelectronics X-CUBE-GNSS1 6.0.0
2024-01-16 12:47:11,001 [INFO] ThirdParty:1030 - CMSIS Pack Vendor :STMicroelectronics USB_HOST 2.0.0
2024-01-16 12:47:11,001 [INFO] ThirdParty:1030 - CMSIS Pack Vendor :STMicroelectronics X-CUBE-AZRTOS-F4 1.1.0
2024-01-16 12:47:11,001 [INFO] ThirdParty:1030 - CMSIS Pack Vendor :STMicroelectronics LIBJPEG 8.0.0
2024-01-16 12:47:11,001 [INFO] ThirdParty:1030 - CMSIS Pack Vendor :wolfSSL I-CUBE-wolfSSL 5.6.3
2024-01-16 12:47:11,001 [INFO] ThirdParty:1030 - CMSIS Pack Vendor :STMicroelectronics X-CUBE-SMBUS 2.1.0
2024-01-16 12:47:11,001 [INFO] ThirdParty:1030 - CMSIS Pack Vendor :STMicroelectronics USB_DEVICE 3.0.0
2024-01-16 12:47:11,001 [INFO] ThirdParty:1030 - CMSIS Pack Vendor :STMicroelectronics X-CUBE-AZRTOS-WB 2.0.0
2024-01-16 12:47:11,001 [INFO] ThirdParty:1030 - CMSIS Pack Vendor :STMicroelectronics X-CUBE-TOUCHGFX 4.23.0
2024-01-16 12:47:11,001 [INFO] ThirdParty:1030 - CMSIS Pack Vendor :STMicroelectronics X-CUBE-AZRTOS-F7 1.1.0
2024-01-16 12:47:11,001 [INFO] ThirdParty:1030 - CMSIS Pack Vendor :STMicroelectronics X-CUBE-AZRTOS-L5 2.0.0
2024-01-16 12:47:11,001 [INFO] ThirdParty:1030 - CMSIS Pack Vendor :STMicroelectronics USB_DEVICE 2.0.0
2024-01-16 12:47:11,001 [INFO] ThirdParty:1030 - CMSIS Pack Vendor :STMicroelectronics X-CUBE-MEMS1 9.6.0
2024-01-16 12:47:11,001 [INFO] ThirdParty:1030 - CMSIS Pack Vendor :STMicroelectronics X-CUBE-EEPRMA1 4.2.0
2024-01-16 12:47:11,002 [INFO] ThirdParty:1030 - CMSIS Pack Vendor :ITTIA_DB I-CUBE-ITTIADB 8.8.0
2024-01-16 12:47:11,002 [INFO] ThirdParty:1030 - CMSIS Pack Vendor :STMicroelectronics FP-SNS-MOTENV1 4.3.2
2024-01-16 12:47:11,002 [INFO] ThirdParty:1030 - CMSIS Pack Vendor :STMicroelectronics X-CUBE-ALGOBUILD 1.3.0
2024-01-16 12:47:11,002 [INFO] ThirdParty:1030 - CMSIS Pack Vendor :STMicroelectronics FreeRTOS 0.0.1
2024-01-16 12:47:11,002 [INFO] ThirdParty:1030 - CMSIS Pack Vendor :STMicroelectronics X-CUBE-AZRTOS-G0 1.1.0
2024-01-16 12:47:11,002 [INFO] ThirdParty:1030 - CMSIS Pack Vendor :STMicroelectronics X-CUBE-BLEMGR 2.0.0
2024-01-16 12:47:11,002 [INFO] ThirdParty:1030 - CMSIS Pack Vendor :STMicroelectronics X-CUBE-NFC4 3.0.0
2024-01-16 12:47:11,002 [INFO] ThirdParty:1030 - CMSIS Pack Vendor :STMicroelectronics X-CUBE-SUBG2 5.0.0
2024-01-16 12:47:11,002 [INFO] ThirdParty:1030 - CMSIS Pack Vendor :STMicroelectronics STM32_WPAN 1.0.0
2024-01-16 12:47:11,002 [INFO] ThirdParty:1030 - CMSIS Pack Vendor :STMicroelectronics lwIP 2.0.3
2024-01-16 12:47:11,002 [INFO] ThirdParty:1030 - CMSIS Pack Vendor :STMicroelectronics FP-SNS-FLIGHT1 5.0.2
2024-01-16 12:47:11,002 [INFO] ThirdParty:1030 - CMSIS Pack Vendor :STMicroelectronics USB_HOST 1.0.0
2024-01-16 12:47:11,002 [INFO] ThirdParty:1030 - CMSIS Pack Vendor :STMicroelectronics X-CUBE-TOF1 3.3.1
2024-01-16 12:47:11,002 [INFO] ThirdParty:1030 - CMSIS Pack Vendor :STMicroelectronics X-CUBE-AZRTOS-G4 2.0.0
2024-01-16 12:47:11,002 [INFO] ThirdParty:1030 - CMSIS Pack Vendor :STMicroelectronics PDM2PCM 3.1.0
2024-01-16 12:47:11,002 [INFO] ThirdParty:1030 - CMSIS Pack Vendor :STMicroelectronics X-CUBE-AZRTOS-H7 3.1.0
2024-01-16 12:47:11,002 [INFO] ThirdParty:1030 - CMSIS Pack Vendor :Infineon AIROC-Wi-Fi-Bluetooth-STM32 1.5.1
2024-01-16 12:47:11,002 [INFO] ThirdParty:1030 - CMSIS Pack Vendor :STMicroelectronics X-CUBE-BLEMGR 3.0.0
2024-01-16 12:47:11,002 [INFO] ThirdParty:1030 - CMSIS Pack Vendor :STMicroelectronics PDM2PCM 3.3.0
2024-01-16 12:47:11,002 [INFO] ThirdParty:1030 - CMSIS Pack Vendor :STMicroelectronics X-CUBE-DISPLAY 3.0.0
2024-01-16 12:47:11,003 [INFO] ThirdParty:1030 - CMSIS Pack Vendor :STMicroelectronics FP-SNS-MOTENVWB1 1.3.0
2024-01-16 12:47:11,003 [INFO] ThirdParty:1030 - CMSIS Pack Vendor :STMicroelectronics FP-SNS-MOTENVWB1 1.3.1
2024-01-16 12:47:11,003 [INFO] ThirdParty:1030 - CMSIS Pack Vendor :STMicroelectronics X-CUBE-BLE1 7.0.0
2024-01-16 12:47:11,003 [INFO] ThirdParty:1030 - CMSIS Pack Vendor :STMicroelectronics FP-ATR-SIGFOX1 3.2.0
2024-01-16 12:47:11,003 [INFO] ThirdParty:1030 - CMSIS Pack Vendor :STMicroelectronics X-CUBE-ISPU 2.0.0
2024-01-16 12:47:11,003 [INFO] ThirdParty:1030 - CMSIS Pack Vendor :STMicroelectronics HAL Drivers 0.0.0
2024-01-16 12:47:11,003 [INFO] ThirdParty:1030 - CMSIS Pack Vendor :STMicroelectronics MBEDTLS 2.16.2
2024-01-16 12:47:11,003 [INFO] ThirdParty:1030 - CMSIS Pack Vendor :emotas I-CUBE-CANOPEN 1.3.0
2024-01-16 12:47:11,003 [INFO] ThirdParty:1030 - CMSIS Pack Vendor :STMicroelectronics X-CUBE-MEMS1 10.0.0
2024-01-16 12:47:11,003 [INFO] ThirdParty:1030 - CMSIS Pack Vendor :STMicroelectronics X-CUBE-FREERTOS 1.1.0
2024-01-16 12:47:11,003 [INFO] ThirdParty:1030 - CMSIS Pack Vendor :STMicroelectronics X-CUBE-TOUCHGFX 4.22.0
2024-01-16 12:47:11,003 [INFO] ThirdParty:1030 - CMSIS Pack Vendor :STMicroelectronics X-CUBE-NFC7 1.0.1
2024-01-16 12:47:11,003 [INFO] ThirdParty:1030 - CMSIS Pack Vendor :STMicroelectronics MBEDTLS 2.14.1
2024-01-16 12:47:11,003 [INFO] ThirdParty:1030 - CMSIS Pack Vendor :STMicroelectronics X-CUBE-TOUCHGFX 4.22.1
2024-01-16 12:47:11,003 [INFO] ThirdParty:1030 - CMSIS Pack Vendor :STMicroelectronics X-CUBE-NFC6 3.0.0
2024-01-16 12:47:11,003 [INFO] ThirdParty:1030 - CMSIS Pack Vendor :STMicroelectronics X-CUBE-EEPRMA1 4.1.0
2024-01-16 12:47:11,003 [INFO] ThirdParty:1030 - CMSIS Pack Vendor :portGmbH I-Cube-SoM-uGOAL 1.1.0
2024-01-16 12:47:11,004 [INFO] ThirdParty:1030 - CMSIS Pack Vendor :STMicroelectronics X-CUBE-ALS 1.0.1
2024-01-16 12:47:11,004 [INFO] ThirdParty:1030 - CMSIS Pack Vendor :STMicroelectronics ThreadX 1.0.0
2024-01-16 12:47:11,004 [INFO] ThirdParty:1030 - CMSIS Pack Vendor :STMicroelectronics FP-SNS-SMARTAG2 1.2.0
2024-01-16 12:47:11,004 [INFO] ThirdParty:1030 - CMSIS Pack Vendor :STMicroelectronics X-CUBE-AZRTOS-WL 2.0.0
2024-01-16 12:47:11,004 [INFO] ThirdParty:1030 - CMSIS Pack Vendor :SEGGER I-CUBE-embOS 1.3.1
2024-01-16 12:47:11,004 [INFO] ThirdParty:1030 - CMSIS Pack Vendor :STMicroelectronics USB_DEVICE 1.0.0
2024-01-16 12:47:11,004 [INFO] ThirdParty:1030 - CMSIS Pack Vendor :STMicroelectronics X-CUBE-AI 8.1.0
2024-01-16 12:47:11,004 [INFO] ThirdParty:1030 - CMSIS Pack Vendor :STMicroelectronics X-CUBE-AZRTOS-L4 2.0.0
2024-01-16 12:47:11,004 [INFO] ThirdParty:1030 - CMSIS Pack Vendor :STMicroelectronics ThreadX 0.0.2
2024-01-16 12:47:11,004 [INFO] ThirdParty:1030 - CMSIS Pack Vendor :WES I-CUBE-Cesium 1.3.0
2024-01-16 12:47:11,004 [INFO] ThirdParty:1030 - CMSIS Pack Vendor :STMicroelectronics FP-ATR-ASTRA1 2.0.0
2024-01-16 12:47:11,004 [INFO] ThirdParty:1030 - CMSIS Pack Vendor :STMicroelectronics lwIP 2.1.2
2024-01-16 12:47:11,004 [INFO] ThirdParty:1030 - CMSIS Pack Vendor :STMicroelectronics X-CUBE-SFXS2LP1 4.0.0
2024-01-16 12:47:11,004 [INFO] ThirdParty:1030 - CMSIS Pack Vendor :STMicroelectronics X-CUBE-BLE2 3.3.0
2024-01-16 12:47:11,004 [INFO] ThirdParty:1030 - CMSIS Pack Vendor :STMicroelectronics X-CUBE-TOF1 3.4.0
2024-01-16 12:47:11,004 [INFO] ThirdParty:1030 - CMSIS Pack Vendor :STMicroelectronics X-CUBE-AZRTOS-H7 3.2.0
2024-01-16 12:47:11,004 [INFO] ThirdParty:1030 - CMSIS Pack Vendor :STMicroelectronics PDM2PCM 3.2.0
2024-01-16 12:47:11,004 [INFO] ThirdParty:841 - exiting critical section [change project]
2024-01-16 12:47:11,299 [INFO] PinOutPanel:1499 - setPackage(No Configuration,No Configuration)
2024-01-16 12:47:11,311 [INFO] PinOutPanel:1499 - setPackage(STM32F072RBTx,LQFP64)
2024-01-16 12:47:12,070 [INFO] UtilMem:75 - Before build in PCC Used Memory: 678850424 Bytes (1073741824)
2024-01-16 12:47:12,743 [INFO] UtilMem:75 - After build in PCC Used Memory: 765711920 Bytes (1073741824)
2024-01-16 12:47:12,766 [INFO] IPUIPlugin:80 - create IPUIPlugin
2024-01-16 12:47:12,766 [INFO] IPUIPlugin:80 - create IPUIPlugin
2024-01-16 12:47:12,766 [INFO] IPUIPlugin:80 - create IPUIPlugin
2024-01-16 12:47:12,766 [INFO] IPUIPlugin:80 - create IPUIPlugin
2024-01-16 12:47:12,767 [INFO] IPUIPlugin:80 - create IPUIPlugin
2024-01-16 12:47:12,767 [INFO] IPUIPlugin:80 - create IPUIPlugin
2024-01-16 12:47:12,767 [INFO] IPUIPlugin:80 - create IPUIPlugin
2024-01-16 12:47:12,767 [INFO] IPUIPlugin:80 - create IPUIPlugin
2024-01-16 12:47:12,767 [INFO] IPUIPlugin:80 - create IPUIPlugin
2024-01-16 12:47:12,767 [INFO] IPUIPlugin:80 - create IPUIPlugin
2024-01-16 12:47:12,767 [INFO] IPUIPlugin:80 - create IPUIPlugin
2024-01-16 12:47:12,767 [INFO] IPUIPlugin:80 - create IPUIPlugin
2024-01-16 12:47:12,768 [INFO] IPUIPlugin:80 - create IPUIPlugin
2024-01-16 12:47:12,768 [INFO] IPUIPlugin:80 - create IPUIPlugin
2024-01-16 12:47:12,768 [INFO] IPUIPlugin:80 - create IPUIPlugin
2024-01-16 12:47:12,768 [INFO] IPUIPlugin:80 - create IPUIPlugin
2024-01-16 12:47:12,768 [INFO] IPUIPlugin:80 - create IPUIPlugin
2024-01-16 12:47:12,768 [INFO] IPUIPlugin:80 - create IPUIPlugin
2024-01-16 12:47:12,768 [INFO] IPUIPlugin:80 - create IPUIPlugin
2024-01-16 12:47:12,769 [INFO] IPUIPlugin:80 - create IPUIPlugin
2024-01-16 12:47:12,769 [INFO] IPUIPlugin:80 - create IPUIPlugin
2024-01-16 12:47:12,769 [INFO] IPUIPlugin:80 - create IPUIPlugin
2024-01-16 12:47:12,769 [INFO] IPUIPlugin:80 - create IPUIPlugin
2024-01-16 12:47:12,769 [INFO] IPUIPlugin:80 - create IPUIPlugin
2024-01-16 12:47:12,769 [INFO] IPUIPlugin:80 - create IPUIPlugin
2024-01-16 12:47:12,770 [INFO] IPUIPlugin:80 - create IPUIPlugin
2024-01-16 12:47:12,770 [INFO] IPUIPlugin:80 - create IPUIPlugin
2024-01-16 12:47:12,770 [INFO] IPUIPlugin:80 - create IPUIPlugin
2024-01-16 12:47:12,770 [INFO] IPUIPlugin:80 - create IPUIPlugin
2024-01-16 12:47:12,770 [INFO] IPUIPlugin:80 - create IPUIPlugin
2024-01-16 12:47:12,770 [INFO] IPUIPlugin:80 - create IPUIPlugin
2024-01-16 12:47:12,771 [INFO] IPUIPlugin:80 - create IPUIPlugin
2024-01-16 12:47:12,771 [INFO] IPUIPlugin:80 - create IPUIPlugin
2024-01-16 12:47:12,771 [INFO] IPUIPlugin:80 - create IPUIPlugin
2024-01-16 12:47:12,771 [INFO] IPUIPlugin:80 - create IPUIPlugin
2024-01-16 12:47:12,772 [INFO] IPUIPlugin:80 - create IPUIPlugin
2024-01-16 12:47:12,772 [INFO] IPUIPlugin:80 - create IPUIPlugin
2024-01-16 12:47:12,772 [INFO] IPUIPlugin:80 - create IPUIPlugin
2024-01-16 12:47:12,772 [INFO] IPUIPlugin:80 - create IPUIPlugin
2024-01-16 12:47:12,772 [INFO] IPUIPlugin:80 - create IPUIPlugin
2024-01-16 12:47:12,773 [INFO] IPUIPlugin:80 - create IPUIPlugin
2024-01-16 12:47:12,968 [INFO] CADModel:165 - CPN selected for project levelSTM32F072RBT6
2024-01-16 12:47:12,969 [INFO] CADModel:114 - Register for checkConnection events
2024-01-16 12:47:13,020 [INFO] OpenFileManager:328 - Restore cursor
