2024-01-07 15:14:47,911 [INFO] Activator:176 - 


2024-01-07 15:14:47,930 [INFO] Activator:177 - !SESSION log4j initialized
2024-01-07 15:14:53,507 [INFO] LogOutputStream:77 - [STDOUT_REDIRECT] 
2024-01-07 15:14:55,114 [INFO] ApplicationProperties:184 - Using Application install path: C:\ST\STM32CubeIDE_1.13.2\STM32CubeIDE\plugins\com.st.stm32cube.common.mx_6.9.2.202309101412
2024-01-07 15:14:55,130 [INFO] DbMcusXml:78 - Set database path to: C:\ST\STM32CubeIDE_1.13.2\STM32CubeIDE\plugins\com.st.stm32cube.common.mx_6.9.2.202309101412\\db\/mcu/
2024-01-07 15:14:55,131 [INFO] ApiDb:274 - Set plugin database path to: C:\ST\STM32CubeIDE_1.13.2\STM32CubeIDE\plugins\com.st.stm32cube.common.mx_6.9.2.202309101412\\db\/plugins/boardmanager/
2024-01-07 15:14:55,131 [WARN] ApiDb:259 - Overriding images path with different value:  => C:\ST\STM32CubeIDE_1.13.2\STM32CubeIDE\plugins\com.st.stm32cube.common.mx_6.9.2.202309101412\\db\/plugins/mcufinder/images/
2024-01-07 15:14:55,142 [INFO] ApiDb:250 - Set database path to: C:\Users\jespe\.stmcufinder\plugins\mcufinder//mcu/
2024-01-07 15:14:55,144 [INFO] DbMcusAds:125 - Set database path to: C:\Users\jespe\.stmcufinder\plugins\mcufinder//mcu/
2024-01-07 15:14:55,146 [INFO] CrossReferenceDbSqlite:203 - Set database path to: C:\Users\jespe\.stmcufinder\plugins\mcufinder//mcu/cs/
2024-01-07 15:14:55,251 [INFO] RulesReader:64 - Compatibility file has been processed (293 Rules)
2024-01-07 15:14:55,332 [INFO] DbMcusXml:78 - Set database path to: C:\ST\STM32CubeIDE_1.13.2\STM32CubeIDE\plugins\com.st.stm32cube.common.mx_6.9.2.202309101412\\db\/mcu/
2024-01-07 15:14:55,333 [INFO] ApiDb:274 - Set plugin database path to: C:\ST\STM32CubeIDE_1.13.2\STM32CubeIDE\plugins\com.st.stm32cube.common.mx_6.9.2.202309101412\\db\/plugins/boardmanager/
2024-01-07 15:14:55,333 [INFO] ApiDb:261 - Set plugin images path to: C:\ST\STM32CubeIDE_1.13.2\STM32CubeIDE\plugins\com.st.stm32cube.common.mx_6.9.2.202309101412\\db\/plugins/mcufinder/images/
2024-01-07 15:14:55,333 [WARN] DbFile:41 - Overriding database path with different value: C:\Users\jespe\.stmcufinder\plugins\mcufinder/ => C:\Users\jespe\.stmcufinder\plugins\mcufinder
2024-01-07 15:14:55,333 [INFO] ApiDb:250 - Set database path to: C:\Users\jespe\.stmcufinder\plugins\mcufinder//mcu/
2024-01-07 15:14:55,333 [WARN] DbFile:41 - Overriding database path with different value: C:\Users\jespe\.stmcufinder\plugins\mcufinder/ => C:\Users\jespe\.stmcufinder\plugins\mcufinder
2024-01-07 15:14:55,333 [INFO] DbMcusAds:125 - Set database path to: C:\Users\jespe\.stmcufinder\plugins\mcufinder//mcu/
2024-01-07 15:14:55,333 [WARN] DbFile:41 - Overriding database path with different value: C:\Users\jespe\.stmcufinder\plugins\mcufinder/ => C:\Users\jespe\.stmcufinder\plugins\mcufinder
2024-01-07 15:14:55,333 [WARN] DbFile:41 - Overriding database path with different value: C:\Users\jespe\.stmcufinder\plugins\mcufinder/ => C:\Users\jespe\.stmcufinder\plugins\mcufinder
2024-01-07 15:14:55,334 [INFO] CrossReferenceDbSqlite:203 - Set database path to: C:\Users\jespe\.stmcufinder\plugins\mcufinder//mcu/cs/
2024-01-07 15:14:55,402 [INFO] MainPanel:262 - HeapMemory: 268435456
2024-01-07 15:14:55,487 [INFO] DbMcusXml:78 - Set database path to: C:\ST\STM32CubeIDE_1.13.2\STM32CubeIDE\plugins\com.st.stm32cube.common.mx_6.9.2.202309101412\\db\/mcu/
2024-01-07 15:14:55,487 [INFO] ApiDb:274 - Set plugin database path to: C:\ST\STM32CubeIDE_1.13.2\STM32CubeIDE\plugins\com.st.stm32cube.common.mx_6.9.2.202309101412\\db\/plugins/boardmanager/
2024-01-07 15:14:55,487 [INFO] ApiDb:261 - Set plugin images path to: C:\ST\STM32CubeIDE_1.13.2\STM32CubeIDE\plugins\com.st.stm32cube.common.mx_6.9.2.202309101412\\db\/plugins/mcufinder/images/
2024-01-07 15:14:55,488 [WARN] DbFile:41 - Overriding database path with different value: C:\Users\jespe\.stmcufinder\plugins\mcufinder/ => C:\Users\jespe\.stmcufinder\plugins\mcufinder
2024-01-07 15:14:55,488 [INFO] ApiDb:250 - Set database path to: C:\Users\jespe\.stmcufinder\plugins\mcufinder//mcu/
2024-01-07 15:14:55,488 [WARN] DbFile:41 - Overriding database path with different value: C:\Users\jespe\.stmcufinder\plugins\mcufinder/ => C:\Users\jespe\.stmcufinder\plugins\mcufinder
2024-01-07 15:14:55,488 [INFO] DbMcusAds:125 - Set database path to: C:\Users\jespe\.stmcufinder\plugins\mcufinder//mcu/
2024-01-07 15:14:55,488 [WARN] DbFile:41 - Overriding database path with different value: C:\Users\jespe\.stmcufinder\plugins\mcufinder/ => C:\Users\jespe\.stmcufinder\plugins\mcufinder
2024-01-07 15:14:55,488 [WARN] DbFile:41 - Overriding database path with different value: C:\Users\jespe\.stmcufinder\plugins\mcufinder/ => C:\Users\jespe\.stmcufinder\plugins\mcufinder
2024-01-07 15:14:55,488 [INFO] CrossReferenceDbSqlite:203 - Set database path to: C:\Users\jespe\.stmcufinder\plugins\mcufinder//mcu/cs/
2024-01-07 15:14:55,505 [INFO] ApplicationProperties:184 - Using Application install path: C:\ST\STM32CubeIDE_1.13.2\STM32CubeIDE\plugins\com.st.stm32cube.common.mx_6.9.2.202309101412
2024-01-07 15:14:55,506 [INFO] PluginManage:196 - Search for loadable plugins [exclusion list=, ]
2024-01-07 15:14:55,507 [INFO] PluginManage:310 - Check plugin analytics
2024-01-07 15:14:55,663 [INFO] AnalyticsPlugin:253 - Accepted Software Licenses: 
2024-01-07 15:14:55,663 [INFO] AnalyticsPlugin:255 - Accepted CMSIS Pack Licenses: 
2024-01-07 15:14:55,663 [INFO] AnalyticsPlugin:257 - Accepted Firmware Licenses: 
2024-01-07 15:14:55,667 [INFO] PluginManage:359 - Loaded plugin analytics (category:tool,tabindex:-1)
2024-01-07 15:14:55,667 [INFO] PluginManage:310 - Check plugin cadmodel
2024-01-07 15:14:55,680 [INFO] CADModel:105 - Init CAD model plugin
2024-01-07 15:14:55,680 [INFO] PluginManage:359 - Loaded plugin cadmodel (category:power,tabindex:5)
2024-01-07 15:14:55,680 [INFO] PluginManage:310 - Check plugin clock
2024-01-07 15:14:55,698 [INFO] PluginManage:359 - Loaded plugin clock (category:base,tabindex:2)
2024-01-07 15:14:55,699 [INFO] PluginManage:310 - Check plugin ddr
2024-01-07 15:14:55,701 [INFO] PluginManage:359 - Loaded plugin ddr (category:tool,tabindex:6)
2024-01-07 15:14:55,701 [INFO] PluginManage:310 - Check plugin filemanager
2024-01-07 15:14:55,818 [INFO] PluginManage:359 - Loaded plugin filemanager (category:base,tabindex:10)
2024-01-07 15:14:55,818 [INFO] PluginManage:310 - Check plugin ipmanager
2024-01-07 15:14:55,825 [INFO] PluginManage:359 - Loaded plugin ipmanager (category:base,tabindex:5)
2024-01-07 15:14:55,825 [INFO] PluginManage:310 - Check plugin lpbam
2024-01-07 15:14:55,840 [INFO] PluginManage:359 - Loaded plugin lpbam (category:base,tabindex:0)
2024-01-07 15:14:55,840 [INFO] PluginManage:310 - Check plugin memorymap
2024-01-07 15:14:55,861 [INFO] PluginManage:359 - Loaded plugin memorymap (category:base,tabindex:4)
2024-01-07 15:14:55,861 [INFO] PluginManage:310 - Check plugin pinoutandconfiguration
2024-01-07 15:14:55,876 [INFO] PluginManage:359 - Loaded plugin pinoutandconfiguration (category:base,tabindex:1)
2024-01-07 15:14:55,876 [INFO] PluginManage:310 - Check plugin pinoutconfig
2024-01-07 15:14:55,969 [WARN] SupportedApi:132 - Cannot load RTOS API schema: s4s-elt-must-match.1: The content of 'definitions' must match (annotation?, (simpleType | complexType)?, (unique | key | keyref)*)). A problem was found starting at: attribute.
2024-01-07 15:14:56,104 [INFO] PluginManage:359 - Loaded plugin pinoutconfig (category:base,tabindex:0)
2024-01-07 15:14:56,104 [INFO] PluginManage:310 - Check plugin power
2024-01-07 15:14:56,124 [INFO] PluginManage:359 - Loaded plugin power (category:power,tabindex:4)
2024-01-07 15:14:56,124 [INFO] PluginManage:310 - Check plugin projectmanager
2024-01-07 15:14:56,137 [INFO] PluginManage:359 - Loaded plugin projectmanager (category:projectmanager,tabindex:3)
2024-01-07 15:14:56,137 [INFO] PluginManage:310 - Check plugin thirdparty
2024-01-07 15:14:56,378 [INFO] PluginManage:359 - Loaded plugin thirdparty (category:base,tabindex:-1)
2024-01-07 15:14:56,378 [INFO] PluginManage:310 - Check plugin tools
2024-01-07 15:14:56,378 [WARN] IntegrityCheckThread:84 - waiting for thirdparty lock release [integrity check]
2024-01-07 15:14:56,379 [INFO] IntegrityCheckThread:86 - entering critical section [integrity check]
2024-01-07 15:14:56,379 [INFO] ThirdPartyUpdaterWithRetryManager:70 - Updater plugin not ready yet. [1/15]
2024-01-07 15:14:56,408 [INFO] PluginManage:359 - Loaded plugin tools (category:base,tabindex:7)
2024-01-07 15:14:56,408 [INFO] PluginManage:310 - Check plugin tutovideos
2024-01-07 15:14:56,604 [INFO] PluginManage:359 - Loaded plugin tutovideos (category:base,tabindex:-1)
2024-01-07 15:14:56,605 [INFO] PluginManage:310 - Check plugin updater
2024-01-07 15:14:56,616 [INFO] PluginManage:359 - Loaded plugin updater (category:base,tabindex:12)
2024-01-07 15:14:56,616 [INFO] PluginManage:310 - Check plugin userauth
2024-01-07 15:14:56,621 [INFO] UserAuth:113 - Init User Auth plugin
2024-01-07 15:14:56,622 [INFO] PluginManage:359 - Loaded plugin userauth (category:base,tabindex:14)
2024-01-07 15:14:56,622 [INFO] PluginManage:283 - PluginManage : Loaded plugins [17]
2024-01-07 15:14:56,814 [INFO] PinOutPanel:1499 - setPackage(No Configuration,No Configuration)
2024-01-07 15:14:56,909 [INFO] CADModel:165 - CPN selected for project level
2024-01-07 15:14:56,909 [INFO] CADModel:114 - Register for checkConnection events
2024-01-07 15:14:56,930 [INFO] IPUIPlugin:80 - create IPUIPlugin
2024-01-07 15:14:56,930 [INFO] PluginManager:220 - loadIPPluginJar : add adc
2024-01-07 15:14:56,957 [INFO] IPUIPlugin:80 - create IPUIPlugin
2024-01-07 15:14:56,958 [INFO] PluginManager:220 - loadIPPluginJar : add aes
2024-01-07 15:14:56,989 [INFO] IPUIPlugin:80 - create IPUIPlugin
2024-01-07 15:14:56,989 [INFO] PluginManager:220 - loadIPPluginJar : add can
2024-01-07 15:14:57,006 [INFO] IPUIPlugin:80 - create IPUIPlugin
2024-01-07 15:14:57,006 [INFO] PluginManager:220 - loadIPPluginJar : add comp
2024-01-07 15:14:57,031 [INFO] IPUIPlugin:80 - create IPUIPlugin
2024-01-07 15:14:57,032 [INFO] PluginManager:220 - loadIPPluginJar : add cryp
2024-01-07 15:14:57,053 [INFO] IPUIPlugin:80 - create IPUIPlugin
2024-01-07 15:14:57,053 [INFO] PluginManager:220 - loadIPPluginJar : add dfsdm
2024-01-07 15:14:57,064 [INFO] IPUIPlugin:80 - create IPUIPlugin
2024-01-07 15:14:57,064 [INFO] PluginManager:220 - loadIPPluginJar : add dma
2024-01-07 15:14:57,094 [INFO] IPUIPlugin:80 - create IPUIPlugin
2024-01-07 15:14:57,095 [INFO] PluginManager:220 - loadIPPluginJar : add dma3
2024-01-07 15:14:57,109 [INFO] IPUIPlugin:80 - create IPUIPlugin
2024-01-07 15:14:57,109 [INFO] PluginManager:220 - loadIPPluginJar : add fatfs
2024-01-07 15:14:57,142 [INFO] IPUIPlugin:80 - create IPUIPlugin
2024-01-07 15:14:57,143 [INFO] PluginManager:220 - loadIPPluginJar : add fmc
2024-01-07 15:14:57,155 [INFO] IPUIPlugin:80 - create IPUIPlugin
2024-01-07 15:14:57,155 [INFO] PluginManager:220 - loadIPPluginJar : add freertos
2024-01-07 15:14:57,170 [INFO] IPUIPlugin:80 - create IPUIPlugin
2024-01-07 15:14:57,170 [INFO] PluginManager:220 - loadIPPluginJar : add genericplugin
2024-01-07 15:14:57,241 [INFO] IPUIPlugin:80 - create IPUIPlugin
2024-01-07 15:14:57,241 [INFO] PluginManager:220 - loadIPPluginJar : add gfxmmu
2024-01-07 15:14:57,337 [INFO] IPUIPlugin:80 - create IPUIPlugin
2024-01-07 15:14:57,338 [INFO] PluginManager:220 - loadIPPluginJar : add gic
2024-01-07 15:14:57,348 [INFO] IPUIPlugin:80 - create IPUIPlugin
2024-01-07 15:14:57,348 [INFO] PluginManager:220 - loadIPPluginJar : add gpio
2024-01-07 15:14:57,416 [INFO] IPUIPlugin:80 - create IPUIPlugin
2024-01-07 15:14:57,416 [INFO] PluginManager:220 - loadIPPluginJar : add gtzc
2024-01-07 15:14:57,439 [INFO] IPUIPlugin:80 - create IPUIPlugin
2024-01-07 15:14:57,439 [INFO] PluginManager:220 - loadIPPluginJar : add hash
2024-01-07 15:14:57,477 [INFO] IPUIPlugin:80 - create IPUIPlugin
2024-01-07 15:14:57,477 [INFO] PluginManager:220 - loadIPPluginJar : add i2c
2024-01-07 15:14:57,505 [INFO] IPUIPlugin:80 - create IPUIPlugin
2024-01-07 15:14:57,505 [INFO] PluginManager:220 - loadIPPluginJar : add i2s
2024-01-07 15:14:57,535 [INFO] IPUIPlugin:80 - create IPUIPlugin
2024-01-07 15:14:57,536 [INFO] PluginManager:220 - loadIPPluginJar : add i3c
2024-01-07 15:14:57,615 [INFO] IPUIPlugin:80 - create IPUIPlugin
2024-01-07 15:14:57,615 [INFO] PluginManager:220 - loadIPPluginJar : add ipddr
2024-01-07 15:14:57,679 [INFO] IPUIPlugin:80 - create IPUIPlugin
2024-01-07 15:14:57,680 [INFO] PluginManager:220 - loadIPPluginJar : add linkedlist
2024-01-07 15:14:57,704 [INFO] IPUIPlugin:80 - create IPUIPlugin
2024-01-07 15:14:57,704 [INFO] PluginManager:220 - loadIPPluginJar : add lorawan
2024-01-07 15:14:57,730 [INFO] IPUIPlugin:80 - create IPUIPlugin
2024-01-07 15:14:57,730 [INFO] PluginManager:220 - loadIPPluginJar : add ltdc
2024-01-07 15:14:57,742 [INFO] IPUIPlugin:80 - create IPUIPlugin
2024-01-07 15:14:57,742 [INFO] PluginManager:220 - loadIPPluginJar : add mdma
2024-01-07 15:14:57,751 [INFO] IPUIPlugin:80 - create IPUIPlugin
2024-01-07 15:14:57,751 [INFO] PluginManager:220 - loadIPPluginJar : add nvic
2024-01-07 15:14:57,776 [INFO] IPUIPlugin:80 - create IPUIPlugin
2024-01-07 15:14:57,777 [INFO] PluginManager:220 - loadIPPluginJar : add opamp
2024-01-07 15:14:57,818 [INFO] IPUIPlugin:80 - create IPUIPlugin
2024-01-07 15:14:57,818 [INFO] PluginManager:220 - loadIPPluginJar : add openamp
2024-01-07 15:14:57,848 [INFO] IPUIPlugin:80 - create IPUIPlugin
2024-01-07 15:14:57,848 [INFO] PluginManager:220 - loadIPPluginJar : add pdm2pcm
2024-01-07 15:14:57,860 [INFO] IPUIPlugin:80 - create IPUIPlugin
2024-01-07 15:14:57,862 [INFO] PluginManager:220 - loadIPPluginJar : add plateformsettings
2024-01-07 15:14:57,877 [INFO] IPUIPlugin:80 - create IPUIPlugin
2024-01-07 15:14:57,878 [INFO] PluginManager:220 - loadIPPluginJar : add quadspi
2024-01-07 15:14:57,887 [INFO] IPUIPlugin:80 - create IPUIPlugin
2024-01-07 15:14:57,887 [INFO] PluginManager:220 - loadIPPluginJar : add resmgrutility
2024-01-07 15:14:57,923 [INFO] IPUIPlugin:80 - create IPUIPlugin
2024-01-07 15:14:57,923 [INFO] PluginManager:220 - loadIPPluginJar : add sai
2024-01-07 15:14:57,950 [INFO] IPUIPlugin:80 - create IPUIPlugin
2024-01-07 15:14:57,950 [INFO] PluginManager:220 - loadIPPluginJar : add spi
2024-01-07 15:14:57,992 [INFO] IPUIPlugin:80 - create IPUIPlugin
2024-01-07 15:14:57,992 [INFO] PluginManager:220 - loadIPPluginJar : add stm32_wpan
2024-01-07 15:14:58,009 [INFO] IPUIPlugin:80 - create IPUIPlugin
2024-01-07 15:14:58,009 [INFO] PluginManager:220 - loadIPPluginJar : add tim
2024-01-07 15:14:58,048 [INFO] IPUIPlugin:80 - create IPUIPlugin
2024-01-07 15:14:58,048 [INFO] PluginManager:220 - loadIPPluginJar : add touchsensing
2024-01-07 15:14:58,066 [INFO] IPUIPlugin:80 - create IPUIPlugin
2024-01-07 15:14:58,066 [INFO] PluginManager:220 - loadIPPluginJar : add tracer_emb
2024-01-07 15:14:58,082 [INFO] IPUIPlugin:80 - create IPUIPlugin
2024-01-07 15:14:58,082 [INFO] PluginManager:220 - loadIPPluginJar : add ts
2024-01-07 15:14:58,098 [INFO] IPUIPlugin:80 - create IPUIPlugin
2024-01-07 15:14:58,098 [INFO] PluginManager:220 - loadIPPluginJar : add tsc
2024-01-07 15:14:58,114 [INFO] IPUIPlugin:80 - create IPUIPlugin
2024-01-07 15:14:58,114 [INFO] PluginManager:220 - loadIPPluginJar : add ucpd
2024-01-07 15:14:58,146 [INFO] IPUIPlugin:80 - create IPUIPlugin
2024-01-07 15:14:58,146 [INFO] PluginManager:220 - loadIPPluginJar : add usart
2024-01-07 15:14:58,177 [INFO] IPUIPlugin:80 - create IPUIPlugin
2024-01-07 15:14:58,177 [INFO] PluginManager:220 - loadIPPluginJar : add usbx
2024-01-07 15:14:58,296 [INFO] CADModel:165 - CPN selected for project level
2024-01-07 15:14:58,296 [INFO] CADModel:114 - Register for checkConnection events
2024-01-07 15:14:58,296 [FATAL] Updater:308 - Updater called before beeing initialized
2024-01-07 15:14:58,296 [ERROR] CADModel:125 - Updater not yet initialized, retry later 
2024-01-07 15:14:58,482 [INFO] CADModel:165 - CPN selected for project level
2024-01-07 15:14:58,483 [INFO] CADModel:114 - Register for checkConnection events
2024-01-07 15:14:58,483 [FATAL] Updater:308 - Updater called before beeing initialized
2024-01-07 15:14:58,483 [ERROR] CADModel:125 - Updater not yet initialized, retry later 
2024-01-07 15:14:58,486 [FATAL] Updater:308 - Updater called before beeing initialized
2024-01-07 15:14:58,573 [FATAL] Updater:308 - Updater called before beeing initialized
2024-01-07 15:14:58,582 [INFO] DbMcusAds:53 - JSON generation date=Tue Mar 07 09:50:55 CET 2023 (1678179055114)
2024-01-07 15:14:58,582 [FATAL] Updater:308 - Updater called before beeing initialized
2024-01-07 15:14:58,651 [WARN] DetailPanel:346 - Failed to get advertising image, set to default
2024-01-07 15:14:58,742 [FATAL] Updater:308 - Updater called before beeing initialized
2024-01-07 15:14:58,743 [FATAL] Updater:308 - Updater called before beeing initialized
2024-01-07 15:14:58,743 [FATAL] Updater:308 - Updater called before beeing initialized
2024-01-07 15:14:58,744 [WARN] DetailPanel:346 - Failed to get advertising image, set to default
2024-01-07 15:14:58,744 [FATAL] Updater:308 - Updater called before beeing initialized
2024-01-07 15:14:58,795 [ERROR] Updater:1120 - MainUpdater not yet initialized. External WinMGr cannot be set.
2024-01-07 15:14:58,804 [INFO] Updater:1056 - Updater Version found : 6.9.2
2024-01-07 15:14:58,821 [INFO] ApplicationProperties:184 - Using Application install path: C:\ST\STM32CubeIDE_1.13.2\STM32CubeIDE\plugins\com.st.stm32cube.common.mx_6.9.2.202309101412
2024-01-07 15:14:58,937 [INFO] MainUpdater:2868 - connection check result : 10
2024-01-07 15:14:58,937 [INFO] MainUpdater:285 - Updater Check For Update Now.
2024-01-07 15:14:58,938 [INFO] MicroXplorer:498 - Change Database Version : DB.6.0.92
2024-01-07 15:14:58,951 [INFO] McuFinderGlobals:63 - Set McuFinder mode to 2 (CubeIDE integrated)
2024-01-07 15:14:59,132 [INFO] CheckServerUpdateThread:120 - End of CheckServer Thread
2024-01-07 15:14:59,569 [WARN] PackLoader:240 - Cannot read IP mode file for STMicroelectronics.X-CUBE-SMBUS.2.1.0
2024-01-07 15:14:59,587 [WARN] PackLoader:240 - Cannot read IP mode file for STMicroelectronics.X-CUBE-TOUCHGFX.4.23.0
2024-01-07 15:14:59,622 [WARN] PackLoader:240 - Cannot read IP mode file for STMicroelectronics.X-CUBE-AZRTOS-F7.1.1.0
2024-01-07 15:14:59,637 [WARN] PackLoader:240 - Cannot read IP mode file for STMicroelectronics.FP-SNS-MOTENV1.4.3.2
2024-01-07 15:14:59,649 [WARN] PackLoader:240 - Cannot read IP mode file for STMicroelectronics.FP-SNS-FLIGHT1.5.0.2
2024-01-07 15:14:59,667 [WARN] PackLoader:240 - Cannot read IP mode file for STMicroelectronics.X-CUBE-DISPLAY.3.0.0
2024-01-07 15:14:59,683 [WARN] PackLoader:240 - Cannot read IP mode file for STMicroelectronics.X-CUBE-BLE1.7.0.0
2024-01-07 15:14:59,696 [WARN] PackLoader:240 - Cannot read IP mode file for emotas.I-CUBE-CANOPEN.1.3.0
2024-01-07 15:14:59,705 [WARN] PackLoader:240 - Cannot read IP mode file for STMicroelectronics.X-CUBE-TOUCHGFX.4.22.0
2024-01-07 15:14:59,714 [WARN] PackLoader:240 - Cannot read IP mode file for STMicroelectronics.X-CUBE-TOUCHGFX.4.22.1
2024-01-07 15:14:59,724 [WARN] PackLoader:240 - Cannot read IP mode file for STMicroelectronics.FP-SNS-SMARTAG2.1.2.0
2024-01-07 15:14:59,741 [INFO] LogOutputStream:77 - [STDOUT_REDIRECT] 1 : Invalid condition id : UX_CORESTACK_Condition cause : null
2024-01-07 15:14:59,741 [INFO] LogOutputStream:77 - [STDOUT_REDIRECT] 1 : Invalid condition id : UX_CORESTACK_Condition cause : null
2024-01-07 15:14:59,742 [INFO] LogOutputStream:77 - [STDOUT_REDIRECT] 1 : Invalid condition id : UX_CORESTACK_Condition cause : null
2024-01-07 15:14:59,743 [INFO] LogOutputStream:77 - [STDOUT_REDIRECT] 1 : Invalid condition id : UX_CORESTACK_Condition cause : null
2024-01-07 15:14:59,744 [INFO] LogOutputStream:77 - [STDOUT_REDIRECT] 1 : Invalid condition id : UX_CORESTACK_Condition cause : null
2024-01-07 15:14:59,747 [WARN] PackLoader:240 - Cannot read IP mode file for STMicroelectronics.X-CUBE-AZRTOS-WL.2.0.0
2024-01-07 15:14:59,760 [WARN] PackLoader:240 - Cannot read IP mode file for WES.I-CUBE-Cesium.1.3.0
2024-01-07 15:14:59,770 [WARN] PackLoader:240 - Cannot read IP mode file for STMicroelectronics.X-CUBE-BLE2.3.3.0
2024-01-07 15:14:59,780 [WARN] PackLoader:240 - Cannot read IP mode file for STMicroelectronics.X-CUBE-ALGOBUILD.1.3.0
2024-01-07 15:14:59,803 [WARN] PackLoader:240 - Cannot read IP mode file for STMicroelectronics.X-CUBE-AZRTOS-G0.1.1.0
2024-01-07 15:14:59,816 [WARN] PackLoader:240 - Cannot read IP mode file for STMicroelectronics.X-CUBE-NFC4.3.0.0
2024-01-07 15:14:59,830 [WARN] PackLoader:240 - Cannot read IP mode file for STMicroelectronics.X-CUBE-BLEMGR.3.0.0
2024-01-07 15:14:59,841 [WARN] PackLoader:240 - Cannot read IP mode file for STMicroelectronics.FP-ATR-SIGFOX1.3.2.0
2024-01-07 15:14:59,871 [WARN] PackLoader:240 - Cannot read IP mode file for SEGGER.I-CUBE-embOS.1.3.1
2024-01-07 15:14:59,911 [WARN] PackLoader:240 - Cannot read IP mode file for STMicroelectronics.X-CUBE-GNSS1.6.0.0
2024-01-07 15:14:59,935 [WARN] PackLoader:240 - Cannot read IP mode file for STMicroelectronics.X-CUBE-AZRTOS-F4.1.1.0
2024-01-07 15:14:59,949 [WARN] PackLoader:240 - Cannot read IP mode file for wolfSSL.I-CUBE-wolfSSL.5.6.3
2024-01-07 15:14:59,972 [WARN] PackLoader:240 - Cannot read IP mode file for STMicroelectronics.X-CUBE-AZRTOS-L5.2.0.0
2024-01-07 15:15:00,013 [WARN] PackLoader:240 - Cannot read IP mode file for STMicroelectronics.X-CUBE-MEMS1.9.6.0
2024-01-07 15:15:00,134 [WARN] PackLoader:240 - Cannot read IP mode file for STMicroelectronics.X-CUBE-EEPRMA1.4.2.0
2024-01-07 15:15:00,145 [WARN] PackLoader:240 - Cannot read IP mode file for ITTIA_DB.I-CUBE-ITTIADB.8.8.0
2024-01-07 15:15:00,158 [WARN] PackLoader:240 - Cannot read IP mode file for STMicroelectronics.X-CUBE-BLEMGR.2.0.0
2024-01-07 15:15:00,190 [WARN] ConditionMgr:438 - getConditionDescription Invalid condition id : UX DEVICE CLASS RTOS Condition cause : null
2024-01-07 15:15:00,191 [WARN] ConditionMgr:438 - getConditionDescription Invalid condition id : UX DEVICE CLASS RTOS Condition cause : null
2024-01-07 15:15:00,194 [WARN] PackLoader:240 - Cannot read IP mode file for STMicroelectronics.X-CUBE-AZRTOS-H7.3.1.0
2024-01-07 15:15:00,196 [WARN] ConditionMgr:1039 - genDependencies : Invalid condition id : UX DEVICE CLASS RTOS Condition cause : null
2024-01-07 15:15:00,196 [WARN] ConditionMgr:1039 - genDependencies : Invalid condition id : UX DEVICE CLASS RTOS Condition cause : null
2024-01-07 15:15:00,196 [WARN] ConditionMgr:1039 - genDependencies : Invalid condition id : UX DEVICE CLASS RTOS Condition cause : null
2024-01-07 15:15:00,197 [WARN] ConditionMgr:1039 - genDependencies : Invalid condition id : UX DEVICE CLASS RTOS Condition cause : null
2024-01-07 15:15:00,197 [WARN] ConditionMgr:1039 - genDependencies : Invalid condition id : UX DEVICE CLASS RTOS Condition cause : null
2024-01-07 15:15:00,212 [WARN] PackLoader:240 - Cannot read IP mode file for STMicroelectronics.X-CUBE-NFC7.1.0.1
2024-01-07 15:15:00,237 [WARN] PackLoader:240 - Cannot read IP mode file for STMicroelectronics.X-CUBE-NFC6.3.0.0
2024-01-07 15:15:00,256 [WARN] PackLoader:240 - Cannot read IP mode file for STMicroelectronics.X-CUBE-EEPRMA1.4.1.0
2024-01-07 15:15:00,266 [WARN] PackLoader:240 - Cannot read IP mode file for STMicroelectronics.X-CUBE-AI.8.1.0
2024-01-07 15:15:00,290 [WARN] ConditionMgr:438 - getConditionDescription Invalid condition id : LAN8742 Phy interface Condition cause : null
2024-01-07 15:15:00,290 [WARN] PackLoader:240 - Cannot read IP mode file for STMicroelectronics.X-CUBE-AZRTOS-L4.2.0.0
2024-01-07 15:15:00,291 [WARN] ConditionMgr:1039 - genDependencies : Invalid condition id : LAN8742 Phy interface Condition cause : null
2024-01-07 15:15:00,291 [WARN] ConditionMgr:1039 - genDependencies : Invalid condition id : LAN8742 Phy interface Condition cause : null
2024-01-07 15:15:00,292 [WARN] ConditionMgr:1039 - genDependencies : Invalid condition id : LAN8742 Phy interface Condition cause : null
2024-01-07 15:15:00,304 [WARN] PackLoader:240 - Cannot read IP mode file for STMicroelectronics.X-CUBE-SFXS2LP1.4.0.0
2024-01-07 15:15:00,315 [WARN] PackLoader:240 - Cannot read IP mode file for STMicroelectronics.X-CUBE-ISPU.1.1.0
2024-01-07 15:15:00,334 [WARN] ConditionMgr:438 - getConditionDescription Invalid condition id : UX DEVICE CLASS RTOS Condition cause : null
2024-01-07 15:15:00,334 [WARN] ConditionMgr:438 - getConditionDescription Invalid condition id : UX DEVICE CLASS RTOS Condition cause : null
2024-01-07 15:15:00,336 [WARN] PackLoader:240 - Cannot read IP mode file for STMicroelectronics.X-CUBE-AZRTOS-WB.2.0.0
2024-01-07 15:15:00,336 [WARN] ConditionMgr:1039 - genDependencies : Invalid condition id : UX DEVICE CLASS RTOS Condition cause : null
2024-01-07 15:15:00,337 [WARN] ConditionMgr:1039 - genDependencies : Invalid condition id : UX DEVICE CLASS RTOS Condition cause : null
2024-01-07 15:15:00,337 [WARN] ConditionMgr:1039 - genDependencies : Invalid condition id : UX DEVICE CLASS RTOS Condition cause : null
2024-01-07 15:15:00,337 [WARN] ConditionMgr:1039 - genDependencies : Invalid condition id : UX DEVICE CLASS RTOS Condition cause : null
2024-01-07 15:15:00,337 [WARN] ConditionMgr:1039 - genDependencies : Invalid condition id : UX DEVICE CLASS RTOS Condition cause : null
2024-01-07 15:15:00,352 [WARN] PackLoader:240 - Cannot read IP mode file for STMicroelectronics.X-CUBE-SUBG2.5.0.0
2024-01-07 15:15:00,369 [WARN] PackLoader:240 - Cannot read IP mode file for STMicroelectronics.X-CUBE-TOF1.3.3.1
2024-01-07 15:15:00,393 [WARN] PackLoader:240 - Cannot read IP mode file for STMicroelectronics.X-CUBE-AZRTOS-G4.2.0.0
2024-01-07 15:15:00,411 [WARN] PackLoader:240 - Cannot read IP mode file for Infineon.AIROC-Wi-Fi-Bluetooth-STM32.1.5.1
2024-01-07 15:15:00,422 [WARN] PackLoader:240 - Cannot read IP mode file for STMicroelectronics.FP-SNS-MOTENVWB1.1.3.0
2024-01-07 15:15:00,431 [WARN] PackLoader:240 - Cannot read IP mode file for STMicroelectronics.FP-SNS-MOTENVWB1.1.3.1
2024-01-07 15:15:00,440 [WARN] PackLoader:240 - Cannot read IP mode file for STMicroelectronics.X-CUBE-ISPU.2.0.0
2024-01-07 15:15:00,478 [WARN] PackLoader:240 - Cannot read IP mode file for STMicroelectronics.X-CUBE-MEMS1.10.0.0
2024-01-07 15:15:00,578 [WARN] PackLoader:240 - Cannot read IP mode file for STMicroelectronics.X-CUBE-FREERTOS.1.1.0
2024-01-07 15:15:00,589 [WARN] PackLoader:240 - Cannot read IP mode file for portGmbH.I-Cube-SoM-uGOAL.1.1.0
2024-01-07 15:15:00,600 [WARN] PackLoader:240 - Cannot read IP mode file for STMicroelectronics.X-CUBE-ALS.1.0.1
2024-01-07 15:15:00,611 [WARN] PackLoader:240 - Cannot read IP mode file for STMicroelectronics.FP-ATR-ASTRA1.2.0.0
2024-01-07 15:15:00,631 [WARN] PackLoader:240 - Cannot read IP mode file for STMicroelectronics.X-CUBE-TOF1.3.4.0
2024-01-07 15:15:00,663 [WARN] PackLoader:240 - Cannot read IP mode file for STMicroelectronics.X-CUBE-AZRTOS-H7.3.2.0
2024-01-07 15:15:00,665 [INFO] ThirdParty:978 - Integrity check success = true
2024-01-07 15:15:00,665 [INFO] IntegrityCheckThread:100 - exiting critical section [integrity check]
2024-01-07 15:15:00,665 [INFO] IntegrityCheckThread:103 - End integrity checks thread
2024-01-07 15:15:19,833 [ERROR] LogOutputStream:75 - [STDERR_REDIRECT] SLF4J: Failed to load class "org.slf4j.impl.StaticLoggerBinder".
2024-01-07 15:15:19,833 [ERROR] LogOutputStream:75 - [STDERR_REDIRECT] SLF4J: Defaulting to no-operation (NOP) logger implementation
2024-01-07 15:15:19,834 [ERROR] LogOutputStream:75 - [STDERR_REDIRECT] SLF4J: See http://www.slf4j.org/codes.html#StaticLoggerBinder for further details.
