2023-12-08 12:35:20,316 [INFO] Activator:176 - 


2023-12-08 12:35:20,322 [INFO] Activator:177 - !SESSION log4j initialized
2023-12-08 12:35:26,009 [INFO] LogOutputStream:77 - [STDOUT_REDIRECT] 
2023-12-08 12:35:27,359 [INFO] ApplicationProperties:184 - Using Application install path: C:\ST\STM32CubeIDE_1.13.2\STM32CubeIDE\plugins\com.st.stm32cube.common.mx_6.9.2.202309101412
2023-12-08 12:35:27,381 [INFO] DbMcusXml:78 - Set database path to: C:\ST\STM32CubeIDE_1.13.2\STM32CubeIDE\plugins\com.st.stm32cube.common.mx_6.9.2.202309101412\\db\/mcu/
2023-12-08 12:35:27,381 [INFO] ApiDb:274 - Set plugin database path to: C:\ST\STM32CubeIDE_1.13.2\STM32CubeIDE\plugins\com.st.stm32cube.common.mx_6.9.2.202309101412\\db\/plugins/boardmanager/
2023-12-08 12:35:27,382 [WARN] ApiDb:259 - Overriding images path with different value:  => C:\ST\STM32CubeIDE_1.13.2\STM32CubeIDE\plugins\com.st.stm32cube.common.mx_6.9.2.202309101412\\db\/plugins/mcufinder/images/
2023-12-08 12:35:27,393 [INFO] ApiDb:250 - Set database path to: C:\Users\jespe\.stmcufinder\plugins\mcufinder//mcu/
2023-12-08 12:35:27,394 [INFO] DbMcusAds:125 - Set database path to: C:\Users\jespe\.stmcufinder\plugins\mcufinder//mcu/
2023-12-08 12:35:27,395 [INFO] CrossReferenceDbSqlite:203 - Set database path to: C:\Users\jespe\.stmcufinder\plugins\mcufinder//mcu/cs/
2023-12-08 12:35:27,507 [INFO] RulesReader:64 - Compatibility file has been processed (293 Rules)
2023-12-08 12:35:27,591 [INFO] DbMcusXml:78 - Set database path to: C:\ST\STM32CubeIDE_1.13.2\STM32CubeIDE\plugins\com.st.stm32cube.common.mx_6.9.2.202309101412\\db\/mcu/
2023-12-08 12:35:27,591 [INFO] ApiDb:274 - Set plugin database path to: C:\ST\STM32CubeIDE_1.13.2\STM32CubeIDE\plugins\com.st.stm32cube.common.mx_6.9.2.202309101412\\db\/plugins/boardmanager/
2023-12-08 12:35:27,591 [INFO] ApiDb:261 - Set plugin images path to: C:\ST\STM32CubeIDE_1.13.2\STM32CubeIDE\plugins\com.st.stm32cube.common.mx_6.9.2.202309101412\\db\/plugins/mcufinder/images/
2023-12-08 12:35:27,591 [WARN] DbFile:41 - Overriding database path with different value: C:\Users\jespe\.stmcufinder\plugins\mcufinder/ => C:\Users\jespe\.stmcufinder\plugins\mcufinder
2023-12-08 12:35:27,591 [INFO] ApiDb:250 - Set database path to: C:\Users\jespe\.stmcufinder\plugins\mcufinder//mcu/
2023-12-08 12:35:27,591 [WARN] DbFile:41 - Overriding database path with different value: C:\Users\jespe\.stmcufinder\plugins\mcufinder/ => C:\Users\jespe\.stmcufinder\plugins\mcufinder
2023-12-08 12:35:27,591 [INFO] DbMcusAds:125 - Set database path to: C:\Users\jespe\.stmcufinder\plugins\mcufinder//mcu/
2023-12-08 12:35:27,591 [WARN] DbFile:41 - Overriding database path with different value: C:\Users\jespe\.stmcufinder\plugins\mcufinder/ => C:\Users\jespe\.stmcufinder\plugins\mcufinder
2023-12-08 12:35:27,592 [WARN] DbFile:41 - Overriding database path with different value: C:\Users\jespe\.stmcufinder\plugins\mcufinder/ => C:\Users\jespe\.stmcufinder\plugins\mcufinder
2023-12-08 12:35:27,592 [INFO] CrossReferenceDbSqlite:203 - Set database path to: C:\Users\jespe\.stmcufinder\plugins\mcufinder//mcu/cs/
2023-12-08 12:35:27,660 [INFO] MainPanel:262 - HeapMemory: 268435456
2023-12-08 12:35:27,748 [INFO] DbMcusXml:78 - Set database path to: C:\ST\STM32CubeIDE_1.13.2\STM32CubeIDE\plugins\com.st.stm32cube.common.mx_6.9.2.202309101412\\db\/mcu/
2023-12-08 12:35:27,748 [INFO] ApiDb:274 - Set plugin database path to: C:\ST\STM32CubeIDE_1.13.2\STM32CubeIDE\plugins\com.st.stm32cube.common.mx_6.9.2.202309101412\\db\/plugins/boardmanager/
2023-12-08 12:35:27,748 [INFO] ApiDb:261 - Set plugin images path to: C:\ST\STM32CubeIDE_1.13.2\STM32CubeIDE\plugins\com.st.stm32cube.common.mx_6.9.2.202309101412\\db\/plugins/mcufinder/images/
2023-12-08 12:35:27,749 [WARN] DbFile:41 - Overriding database path with different value: C:\Users\jespe\.stmcufinder\plugins\mcufinder/ => C:\Users\jespe\.stmcufinder\plugins\mcufinder
2023-12-08 12:35:27,749 [INFO] ApiDb:250 - Set database path to: C:\Users\jespe\.stmcufinder\plugins\mcufinder//mcu/
2023-12-08 12:35:27,749 [WARN] DbFile:41 - Overriding database path with different value: C:\Users\jespe\.stmcufinder\plugins\mcufinder/ => C:\Users\jespe\.stmcufinder\plugins\mcufinder
2023-12-08 12:35:27,775 [INFO] DbMcusAds:125 - Set database path to: C:\Users\jespe\.stmcufinder\plugins\mcufinder//mcu/
2023-12-08 12:35:27,775 [WARN] DbFile:41 - Overriding database path with different value: C:\Users\jespe\.stmcufinder\plugins\mcufinder/ => C:\Users\jespe\.stmcufinder\plugins\mcufinder
2023-12-08 12:35:27,775 [WARN] DbFile:41 - Overriding database path with different value: C:\Users\jespe\.stmcufinder\plugins\mcufinder/ => C:\Users\jespe\.stmcufinder\plugins\mcufinder
2023-12-08 12:35:27,775 [INFO] CrossReferenceDbSqlite:203 - Set database path to: C:\Users\jespe\.stmcufinder\plugins\mcufinder//mcu/cs/
2023-12-08 12:35:27,797 [INFO] ApplicationProperties:184 - Using Application install path: C:\ST\STM32CubeIDE_1.13.2\STM32CubeIDE\plugins\com.st.stm32cube.common.mx_6.9.2.202309101412
2023-12-08 12:35:27,798 [INFO] PluginManage:196 - Search for loadable plugins [exclusion list=, ]
2023-12-08 12:35:27,799 [INFO] PluginManage:310 - Check plugin analytics
2023-12-08 12:35:27,944 [INFO] AnalyticsPlugin:253 - Accepted Software Licenses: 
2023-12-08 12:35:27,945 [INFO] AnalyticsPlugin:255 - Accepted CMSIS Pack Licenses: 
2023-12-08 12:35:27,945 [INFO] AnalyticsPlugin:257 - Accepted Firmware Licenses: 
2023-12-08 12:35:27,949 [INFO] PluginManage:359 - Loaded plugin analytics (category:tool,tabindex:-1)
2023-12-08 12:35:27,950 [INFO] PluginManage:310 - Check plugin cadmodel
2023-12-08 12:35:27,962 [INFO] CADModel:105 - Init CAD model plugin
2023-12-08 12:35:27,962 [INFO] PluginManage:359 - Loaded plugin cadmodel (category:power,tabindex:5)
2023-12-08 12:35:27,963 [INFO] PluginManage:310 - Check plugin clock
2023-12-08 12:35:27,980 [INFO] PluginManage:359 - Loaded plugin clock (category:base,tabindex:2)
2023-12-08 12:35:27,981 [INFO] PluginManage:310 - Check plugin ddr
2023-12-08 12:35:27,983 [INFO] PluginManage:359 - Loaded plugin ddr (category:tool,tabindex:6)
2023-12-08 12:35:27,983 [INFO] PluginManage:310 - Check plugin filemanager
2023-12-08 12:35:28,103 [INFO] PluginManage:359 - Loaded plugin filemanager (category:base,tabindex:10)
2023-12-08 12:35:28,103 [INFO] PluginManage:310 - Check plugin ipmanager
2023-12-08 12:35:28,110 [INFO] PluginManage:359 - Loaded plugin ipmanager (category:base,tabindex:5)
2023-12-08 12:35:28,110 [INFO] PluginManage:310 - Check plugin lpbam
2023-12-08 12:35:28,125 [INFO] PluginManage:359 - Loaded plugin lpbam (category:base,tabindex:0)
2023-12-08 12:35:28,125 [INFO] PluginManage:310 - Check plugin memorymap
2023-12-08 12:35:28,146 [INFO] PluginManage:359 - Loaded plugin memorymap (category:base,tabindex:4)
2023-12-08 12:35:28,147 [INFO] PluginManage:310 - Check plugin pinoutandconfiguration
2023-12-08 12:35:28,161 [INFO] PluginManage:359 - Loaded plugin pinoutandconfiguration (category:base,tabindex:1)
2023-12-08 12:35:28,161 [INFO] PluginManage:310 - Check plugin pinoutconfig
2023-12-08 12:35:28,257 [WARN] SupportedApi:132 - Cannot load RTOS API schema: s4s-elt-must-match.1: The content of 'definitions' must match (annotation?, (simpleType | complexType)?, (unique | key | keyref)*)). A problem was found starting at: attribute.
2023-12-08 12:35:28,375 [INFO] PluginManage:359 - Loaded plugin pinoutconfig (category:base,tabindex:0)
2023-12-08 12:35:28,375 [INFO] PluginManage:310 - Check plugin power
2023-12-08 12:35:28,392 [INFO] PluginManage:359 - Loaded plugin power (category:power,tabindex:4)
2023-12-08 12:35:28,392 [INFO] PluginManage:310 - Check plugin projectmanager
2023-12-08 12:35:28,405 [INFO] PluginManage:359 - Loaded plugin projectmanager (category:projectmanager,tabindex:3)
2023-12-08 12:35:28,405 [INFO] PluginManage:310 - Check plugin thirdparty
2023-12-08 12:35:28,630 [INFO] PluginManage:359 - Loaded plugin thirdparty (category:base,tabindex:-1)
2023-12-08 12:35:28,630 [WARN] IntegrityCheckThread:84 - waiting for thirdparty lock release [integrity check]
2023-12-08 12:35:28,630 [INFO] PluginManage:310 - Check plugin tools
2023-12-08 12:35:28,631 [INFO] IntegrityCheckThread:86 - entering critical section [integrity check]
2023-12-08 12:35:28,631 [INFO] ThirdPartyUpdaterWithRetryManager:70 - Updater plugin not ready yet. [1/15]
2023-12-08 12:35:28,655 [INFO] PluginManage:359 - Loaded plugin tools (category:base,tabindex:7)
2023-12-08 12:35:28,655 [INFO] PluginManage:310 - Check plugin tutovideos
2023-12-08 12:35:28,814 [INFO] PluginManage:359 - Loaded plugin tutovideos (category:base,tabindex:-1)
2023-12-08 12:35:28,814 [INFO] PluginManage:310 - Check plugin updater
2023-12-08 12:35:28,824 [INFO] PluginManage:359 - Loaded plugin updater (category:base,tabindex:12)
2023-12-08 12:35:28,825 [INFO] PluginManage:310 - Check plugin userauth
2023-12-08 12:35:28,830 [INFO] UserAuth:113 - Init User Auth plugin
2023-12-08 12:35:28,830 [INFO] PluginManage:359 - Loaded plugin userauth (category:base,tabindex:14)
2023-12-08 12:35:28,830 [INFO] PluginManage:283 - PluginManage : Loaded plugins [17]
2023-12-08 12:35:29,018 [INFO] PinOutPanel:1499 - setPackage(No Configuration,No Configuration)
2023-12-08 12:35:29,110 [INFO] CADModel:165 - CPN selected for project level
2023-12-08 12:35:29,110 [INFO] CADModel:114 - Register for checkConnection events
2023-12-08 12:35:29,130 [INFO] IPUIPlugin:80 - create IPUIPlugin
2023-12-08 12:35:29,130 [INFO] PluginManager:220 - loadIPPluginJar : add adc
2023-12-08 12:35:29,156 [INFO] IPUIPlugin:80 - create IPUIPlugin
2023-12-08 12:35:29,156 [INFO] PluginManager:220 - loadIPPluginJar : add aes
2023-12-08 12:35:29,189 [INFO] IPUIPlugin:80 - create IPUIPlugin
2023-12-08 12:35:29,190 [INFO] PluginManager:220 - loadIPPluginJar : add can
2023-12-08 12:35:29,206 [INFO] IPUIPlugin:80 - create IPUIPlugin
2023-12-08 12:35:29,206 [INFO] PluginManager:220 - loadIPPluginJar : add comp
2023-12-08 12:35:29,230 [INFO] IPUIPlugin:80 - create IPUIPlugin
2023-12-08 12:35:29,230 [INFO] PluginManager:220 - loadIPPluginJar : add cryp
2023-12-08 12:35:29,250 [INFO] IPUIPlugin:80 - create IPUIPlugin
2023-12-08 12:35:29,250 [INFO] PluginManager:220 - loadIPPluginJar : add dfsdm
2023-12-08 12:35:29,262 [INFO] IPUIPlugin:80 - create IPUIPlugin
2023-12-08 12:35:29,262 [INFO] PluginManager:220 - loadIPPluginJar : add dma
2023-12-08 12:35:29,292 [INFO] IPUIPlugin:80 - create IPUIPlugin
2023-12-08 12:35:29,292 [INFO] PluginManager:220 - loadIPPluginJar : add dma3
2023-12-08 12:35:29,306 [INFO] IPUIPlugin:80 - create IPUIPlugin
2023-12-08 12:35:29,306 [INFO] PluginManager:220 - loadIPPluginJar : add fatfs
2023-12-08 12:35:29,341 [INFO] IPUIPlugin:80 - create IPUIPlugin
2023-12-08 12:35:29,341 [INFO] PluginManager:220 - loadIPPluginJar : add fmc
2023-12-08 12:35:29,353 [INFO] IPUIPlugin:80 - create IPUIPlugin
2023-12-08 12:35:29,353 [INFO] PluginManager:220 - loadIPPluginJar : add freertos
2023-12-08 12:35:29,368 [INFO] IPUIPlugin:80 - create IPUIPlugin
2023-12-08 12:35:29,368 [INFO] PluginManager:220 - loadIPPluginJar : add genericplugin
2023-12-08 12:35:29,436 [INFO] IPUIPlugin:80 - create IPUIPlugin
2023-12-08 12:35:29,436 [INFO] PluginManager:220 - loadIPPluginJar : add gfxmmu
2023-12-08 12:35:29,523 [INFO] IPUIPlugin:80 - create IPUIPlugin
2023-12-08 12:35:29,524 [INFO] PluginManager:220 - loadIPPluginJar : add gic
2023-12-08 12:35:29,533 [INFO] IPUIPlugin:80 - create IPUIPlugin
2023-12-08 12:35:29,534 [INFO] PluginManager:220 - loadIPPluginJar : add gpio
2023-12-08 12:35:29,596 [INFO] IPUIPlugin:80 - create IPUIPlugin
2023-12-08 12:35:29,597 [INFO] PluginManager:220 - loadIPPluginJar : add gtzc
2023-12-08 12:35:29,618 [INFO] IPUIPlugin:80 - create IPUIPlugin
2023-12-08 12:35:29,618 [INFO] PluginManager:220 - loadIPPluginJar : add hash
2023-12-08 12:35:29,652 [INFO] IPUIPlugin:80 - create IPUIPlugin
2023-12-08 12:35:29,652 [INFO] PluginManager:220 - loadIPPluginJar : add i2c
2023-12-08 12:35:29,678 [INFO] IPUIPlugin:80 - create IPUIPlugin
2023-12-08 12:35:29,679 [INFO] PluginManager:220 - loadIPPluginJar : add i2s
2023-12-08 12:35:29,706 [INFO] IPUIPlugin:80 - create IPUIPlugin
2023-12-08 12:35:29,707 [INFO] PluginManager:220 - loadIPPluginJar : add i3c
2023-12-08 12:35:29,782 [INFO] IPUIPlugin:80 - create IPUIPlugin
2023-12-08 12:35:29,783 [INFO] PluginManager:220 - loadIPPluginJar : add ipddr
2023-12-08 12:35:29,844 [INFO] IPUIPlugin:80 - create IPUIPlugin
2023-12-08 12:35:29,844 [INFO] PluginManager:220 - loadIPPluginJar : add linkedlist
2023-12-08 12:35:29,868 [INFO] IPUIPlugin:80 - create IPUIPlugin
2023-12-08 12:35:29,868 [INFO] PluginManager:220 - loadIPPluginJar : add lorawan
2023-12-08 12:35:29,893 [INFO] IPUIPlugin:80 - create IPUIPlugin
2023-12-08 12:35:29,893 [INFO] PluginManager:220 - loadIPPluginJar : add ltdc
2023-12-08 12:35:29,904 [INFO] IPUIPlugin:80 - create IPUIPlugin
2023-12-08 12:35:29,904 [INFO] PluginManager:220 - loadIPPluginJar : add mdma
2023-12-08 12:35:29,913 [INFO] IPUIPlugin:80 - create IPUIPlugin
2023-12-08 12:35:29,913 [INFO] PluginManager:220 - loadIPPluginJar : add nvic
2023-12-08 12:35:29,938 [INFO] IPUIPlugin:80 - create IPUIPlugin
2023-12-08 12:35:29,938 [INFO] PluginManager:220 - loadIPPluginJar : add opamp
2023-12-08 12:35:29,978 [INFO] IPUIPlugin:80 - create IPUIPlugin
2023-12-08 12:35:29,978 [INFO] PluginManager:220 - loadIPPluginJar : add openamp
2023-12-08 12:35:30,007 [INFO] IPUIPlugin:80 - create IPUIPlugin
2023-12-08 12:35:30,007 [INFO] PluginManager:220 - loadIPPluginJar : add pdm2pcm
2023-12-08 12:35:30,018 [INFO] IPUIPlugin:80 - create IPUIPlugin
2023-12-08 12:35:30,020 [INFO] PluginManager:220 - loadIPPluginJar : add plateformsettings
2023-12-08 12:35:30,035 [INFO] IPUIPlugin:80 - create IPUIPlugin
2023-12-08 12:35:30,035 [INFO] PluginManager:220 - loadIPPluginJar : add quadspi
2023-12-08 12:35:30,044 [INFO] IPUIPlugin:80 - create IPUIPlugin
2023-12-08 12:35:30,044 [INFO] PluginManager:220 - loadIPPluginJar : add resmgrutility
2023-12-08 12:35:30,078 [INFO] IPUIPlugin:80 - create IPUIPlugin
2023-12-08 12:35:30,078 [INFO] PluginManager:220 - loadIPPluginJar : add sai
2023-12-08 12:35:30,103 [INFO] IPUIPlugin:80 - create IPUIPlugin
2023-12-08 12:35:30,103 [INFO] PluginManager:220 - loadIPPluginJar : add spi
2023-12-08 12:35:30,144 [INFO] IPUIPlugin:80 - create IPUIPlugin
2023-12-08 12:35:30,144 [INFO] PluginManager:220 - loadIPPluginJar : add stm32_wpan
2023-12-08 12:35:30,161 [INFO] IPUIPlugin:80 - create IPUIPlugin
2023-12-08 12:35:30,161 [INFO] PluginManager:220 - loadIPPluginJar : add tim
2023-12-08 12:35:30,204 [INFO] IPUIPlugin:80 - create IPUIPlugin
2023-12-08 12:35:30,204 [INFO] PluginManager:220 - loadIPPluginJar : add touchsensing
2023-12-08 12:35:30,221 [INFO] IPUIPlugin:80 - create IPUIPlugin
2023-12-08 12:35:30,221 [INFO] PluginManager:220 - loadIPPluginJar : add tracer_emb
2023-12-08 12:35:30,239 [INFO] IPUIPlugin:80 - create IPUIPlugin
2023-12-08 12:35:30,239 [INFO] PluginManager:220 - loadIPPluginJar : add ts
2023-12-08 12:35:30,255 [INFO] IPUIPlugin:80 - create IPUIPlugin
2023-12-08 12:35:30,255 [INFO] PluginManager:220 - loadIPPluginJar : add tsc
2023-12-08 12:35:30,272 [INFO] IPUIPlugin:80 - create IPUIPlugin
2023-12-08 12:35:30,273 [INFO] PluginManager:220 - loadIPPluginJar : add ucpd
2023-12-08 12:35:30,307 [INFO] IPUIPlugin:80 - create IPUIPlugin
2023-12-08 12:35:30,308 [INFO] PluginManager:220 - loadIPPluginJar : add usart
2023-12-08 12:35:30,341 [INFO] IPUIPlugin:80 - create IPUIPlugin
2023-12-08 12:35:30,341 [INFO] PluginManager:220 - loadIPPluginJar : add usbx
2023-12-08 12:35:30,457 [INFO] CADModel:165 - CPN selected for project level
2023-12-08 12:35:30,458 [INFO] CADModel:114 - Register for checkConnection events
2023-12-08 12:35:30,458 [FATAL] Updater:308 - Updater called before beeing initialized
2023-12-08 12:35:30,458 [ERROR] CADModel:125 - Updater not yet initialized, retry later 
2023-12-08 12:35:30,625 [INFO] CADModel:165 - CPN selected for project level
2023-12-08 12:35:30,625 [INFO] CADModel:114 - Register for checkConnection events
2023-12-08 12:35:30,625 [FATAL] Updater:308 - Updater called before beeing initialized
2023-12-08 12:35:30,625 [ERROR] CADModel:125 - Updater not yet initialized, retry later 
2023-12-08 12:35:30,630 [FATAL] Updater:308 - Updater called before beeing initialized
2023-12-08 12:35:30,727 [FATAL] Updater:308 - Updater called before beeing initialized
2023-12-08 12:35:30,736 [INFO] DbMcusAds:53 - JSON generation date=Tue Mar 07 09:50:55 CET 2023 (1678179055114)
2023-12-08 12:35:30,737 [FATAL] Updater:308 - Updater called before beeing initialized
2023-12-08 12:35:30,803 [WARN] DetailPanel:346 - Failed to get advertising image, set to default
2023-12-08 12:35:30,888 [FATAL] Updater:308 - Updater called before beeing initialized
2023-12-08 12:35:30,890 [FATAL] Updater:308 - Updater called before beeing initialized
2023-12-08 12:35:30,890 [FATAL] Updater:308 - Updater called before beeing initialized
2023-12-08 12:35:30,890 [WARN] DetailPanel:346 - Failed to get advertising image, set to default
2023-12-08 12:35:30,891 [FATAL] Updater:308 - Updater called before beeing initialized
2023-12-08 12:35:30,943 [ERROR] Updater:1120 - MainUpdater not yet initialized. External WinMGr cannot be set.
2023-12-08 12:35:30,952 [INFO] Updater:1056 - Updater Version found : 6.9.2
2023-12-08 12:35:30,972 [INFO] ApplicationProperties:184 - Using Application install path: C:\ST\STM32CubeIDE_1.13.2\STM32CubeIDE\plugins\com.st.stm32cube.common.mx_6.9.2.202309101412
2023-12-08 12:35:31,095 [INFO] MainUpdater:2868 - connection check result : 10
2023-12-08 12:35:31,096 [INFO] MainUpdater:285 - Updater Check For Update Now.
2023-12-08 12:35:31,096 [INFO] MicroXplorer:498 - Change Database Version : DB.6.0.92
2023-12-08 12:35:31,109 [INFO] McuFinderGlobals:63 - Set McuFinder mode to 2 (CubeIDE integrated)
2023-12-08 12:35:31,276 [INFO] CheckServerUpdateThread:120 - End of CheckServer Thread
2023-12-08 12:35:31,799 [WARN] PackLoader:240 - Cannot read IP mode file for STMicroelectronics.X-CUBE-SMBUS.2.1.0
2023-12-08 12:35:31,839 [WARN] PackLoader:240 - Cannot read IP mode file for STMicroelectronics.X-CUBE-AZRTOS-F7.1.1.0
2023-12-08 12:35:31,857 [WARN] PackLoader:240 - Cannot read IP mode file for STMicroelectronics.FP-SNS-MOTENV1.4.3.2
2023-12-08 12:35:31,870 [WARN] PackLoader:240 - Cannot read IP mode file for STMicroelectronics.FP-SNS-FLIGHT1.5.0.2
2023-12-08 12:35:31,887 [WARN] PackLoader:240 - Cannot read IP mode file for STMicroelectronics.X-CUBE-DISPLAY.3.0.0
2023-12-08 12:35:31,904 [WARN] PackLoader:240 - Cannot read IP mode file for STMicroelectronics.X-CUBE-BLE1.7.0.0
2023-12-08 12:35:31,916 [WARN] PackLoader:240 - Cannot read IP mode file for emotas.I-CUBE-CANOPEN.1.3.0
2023-12-08 12:35:31,927 [WARN] PackLoader:240 - Cannot read IP mode file for STMicroelectronics.X-CUBE-TOUCHGFX.4.22.0
2023-12-08 12:35:31,936 [WARN] PackLoader:240 - Cannot read IP mode file for STMicroelectronics.X-CUBE-TOUCHGFX.4.22.1
2023-12-08 12:35:31,947 [WARN] PackLoader:240 - Cannot read IP mode file for STMicroelectronics.FP-SNS-SMARTAG2.1.2.0
2023-12-08 12:35:31,966 [INFO] LogOutputStream:77 - [STDOUT_REDIRECT] 1 : Invalid condition id : UX_CORESTACK_Condition cause : null
2023-12-08 12:35:31,967 [INFO] LogOutputStream:77 - [STDOUT_REDIRECT] 1 : Invalid condition id : UX_CORESTACK_Condition cause : null
2023-12-08 12:35:31,967 [INFO] LogOutputStream:77 - [STDOUT_REDIRECT] 1 : Invalid condition id : UX_CORESTACK_Condition cause : null
2023-12-08 12:35:31,968 [INFO] LogOutputStream:77 - [STDOUT_REDIRECT] 1 : Invalid condition id : UX_CORESTACK_Condition cause : null
2023-12-08 12:35:31,970 [INFO] LogOutputStream:77 - [STDOUT_REDIRECT] 1 : Invalid condition id : UX_CORESTACK_Condition cause : null
2023-12-08 12:35:31,973 [WARN] PackLoader:240 - Cannot read IP mode file for STMicroelectronics.X-CUBE-AZRTOS-WL.2.0.0
2023-12-08 12:35:31,988 [WARN] PackLoader:240 - Cannot read IP mode file for WES.I-CUBE-Cesium.1.3.0
2023-12-08 12:35:31,999 [WARN] PackLoader:240 - Cannot read IP mode file for STMicroelectronics.X-CUBE-BLE2.3.3.0
2023-12-08 12:35:32,010 [WARN] PackLoader:240 - Cannot read IP mode file for STMicroelectronics.X-CUBE-ALGOBUILD.1.3.0
2023-12-08 12:35:32,034 [WARN] PackLoader:240 - Cannot read IP mode file for STMicroelectronics.X-CUBE-AZRTOS-G0.1.1.0
2023-12-08 12:35:32,047 [WARN] PackLoader:240 - Cannot read IP mode file for STMicroelectronics.X-CUBE-NFC4.3.0.0
2023-12-08 12:35:32,061 [WARN] PackLoader:240 - Cannot read IP mode file for STMicroelectronics.X-CUBE-BLEMGR.3.0.0
2023-12-08 12:35:32,072 [WARN] PackLoader:240 - Cannot read IP mode file for STMicroelectronics.FP-ATR-SIGFOX1.3.2.0
2023-12-08 12:35:32,107 [WARN] PackLoader:240 - Cannot read IP mode file for SEGGER.I-CUBE-embOS.1.3.1
2023-12-08 12:35:32,160 [WARN] PackLoader:240 - Cannot read IP mode file for STMicroelectronics.X-CUBE-GNSS1.6.0.0
2023-12-08 12:35:32,200 [WARN] PackLoader:240 - Cannot read IP mode file for STMicroelectronics.X-CUBE-AZRTOS-F4.1.1.0
2023-12-08 12:35:32,211 [WARN] PackLoader:240 - Cannot read IP mode file for wolfSSL.I-CUBE-wolfSSL.5.6.3
2023-12-08 12:35:32,234 [WARN] PackLoader:240 - Cannot read IP mode file for STMicroelectronics.X-CUBE-AZRTOS-L5.2.0.0
2023-12-08 12:35:32,274 [WARN] PackLoader:240 - Cannot read IP mode file for STMicroelectronics.X-CUBE-MEMS1.9.6.0
2023-12-08 12:35:32,405 [WARN] PackLoader:240 - Cannot read IP mode file for STMicroelectronics.X-CUBE-EEPRMA1.4.2.0
2023-12-08 12:35:32,416 [WARN] PackLoader:240 - Cannot read IP mode file for ITTIA_DB.I-CUBE-ITTIADB.8.8.0
2023-12-08 12:35:32,427 [WARN] PackLoader:240 - Cannot read IP mode file for STMicroelectronics.X-CUBE-BLEMGR.2.0.0
2023-12-08 12:35:32,450 [WARN] ConditionMgr:438 - getConditionDescription Invalid condition id : UX DEVICE CLASS RTOS Condition cause : null
2023-12-08 12:35:32,451 [WARN] ConditionMgr:438 - getConditionDescription Invalid condition id : UX DEVICE CLASS RTOS Condition cause : null
2023-12-08 12:35:32,453 [WARN] PackLoader:240 - Cannot read IP mode file for STMicroelectronics.X-CUBE-AZRTOS-H7.3.1.0
2023-12-08 12:35:32,453 [WARN] ConditionMgr:1039 - genDependencies : Invalid condition id : UX DEVICE CLASS RTOS Condition cause : null
2023-12-08 12:35:32,453 [WARN] ConditionMgr:1039 - genDependencies : Invalid condition id : UX DEVICE CLASS RTOS Condition cause : null
2023-12-08 12:35:32,454 [WARN] ConditionMgr:1039 - genDependencies : Invalid condition id : UX DEVICE CLASS RTOS Condition cause : null
2023-12-08 12:35:32,454 [WARN] ConditionMgr:1039 - genDependencies : Invalid condition id : UX DEVICE CLASS RTOS Condition cause : null
2023-12-08 12:35:32,454 [WARN] ConditionMgr:1039 - genDependencies : Invalid condition id : UX DEVICE CLASS RTOS Condition cause : null
2023-12-08 12:35:32,465 [WARN] PackLoader:240 - Cannot read IP mode file for STMicroelectronics.X-CUBE-NFC7.1.0.1
2023-12-08 12:35:32,477 [WARN] PackLoader:240 - Cannot read IP mode file for STMicroelectronics.X-CUBE-NFC6.3.0.0
2023-12-08 12:35:32,488 [WARN] PackLoader:240 - Cannot read IP mode file for STMicroelectronics.X-CUBE-EEPRMA1.4.1.0
2023-12-08 12:35:32,499 [WARN] PackLoader:240 - Cannot read IP mode file for STMicroelectronics.X-CUBE-AI.8.1.0
2023-12-08 12:35:32,521 [WARN] ConditionMgr:438 - getConditionDescription Invalid condition id : LAN8742 Phy interface Condition cause : null
2023-12-08 12:35:32,521 [WARN] PackLoader:240 - Cannot read IP mode file for STMicroelectronics.X-CUBE-AZRTOS-L4.2.0.0
2023-12-08 12:35:32,522 [WARN] ConditionMgr:1039 - genDependencies : Invalid condition id : LAN8742 Phy interface Condition cause : null
2023-12-08 12:35:32,522 [WARN] ConditionMgr:1039 - genDependencies : Invalid condition id : LAN8742 Phy interface Condition cause : null
2023-12-08 12:35:32,523 [WARN] ConditionMgr:1039 - genDependencies : Invalid condition id : LAN8742 Phy interface Condition cause : null
2023-12-08 12:35:32,534 [WARN] PackLoader:240 - Cannot read IP mode file for STMicroelectronics.X-CUBE-SFXS2LP1.4.0.0
2023-12-08 12:35:32,544 [WARN] PackLoader:240 - Cannot read IP mode file for STMicroelectronics.X-CUBE-ISPU.1.1.0
2023-12-08 12:35:32,563 [WARN] ConditionMgr:438 - getConditionDescription Invalid condition id : UX DEVICE CLASS RTOS Condition cause : null
2023-12-08 12:35:32,563 [WARN] ConditionMgr:438 - getConditionDescription Invalid condition id : UX DEVICE CLASS RTOS Condition cause : null
2023-12-08 12:35:32,565 [WARN] PackLoader:240 - Cannot read IP mode file for STMicroelectronics.X-CUBE-AZRTOS-WB.2.0.0
2023-12-08 12:35:32,565 [WARN] ConditionMgr:1039 - genDependencies : Invalid condition id : UX DEVICE CLASS RTOS Condition cause : null
2023-12-08 12:35:32,565 [WARN] ConditionMgr:1039 - genDependencies : Invalid condition id : UX DEVICE CLASS RTOS Condition cause : null
2023-12-08 12:35:32,565 [WARN] ConditionMgr:1039 - genDependencies : Invalid condition id : UX DEVICE CLASS RTOS Condition cause : null
2023-12-08 12:35:32,566 [WARN] ConditionMgr:1039 - genDependencies : Invalid condition id : UX DEVICE CLASS RTOS Condition cause : null
2023-12-08 12:35:32,566 [WARN] ConditionMgr:1039 - genDependencies : Invalid condition id : UX DEVICE CLASS RTOS Condition cause : null
2023-12-08 12:35:32,581 [WARN] PackLoader:240 - Cannot read IP mode file for STMicroelectronics.X-CUBE-SUBG2.5.0.0
2023-12-08 12:35:32,598 [WARN] PackLoader:240 - Cannot read IP mode file for STMicroelectronics.X-CUBE-TOF1.3.3.1
2023-12-08 12:35:32,627 [WARN] PackLoader:240 - Cannot read IP mode file for STMicroelectronics.X-CUBE-AZRTOS-G4.2.0.0
2023-12-08 12:35:32,658 [WARN] PackLoader:240 - Cannot read IP mode file for Infineon.AIROC-Wi-Fi-Bluetooth-STM32.1.5.1
2023-12-08 12:35:32,670 [WARN] PackLoader:240 - Cannot read IP mode file for STMicroelectronics.FP-SNS-MOTENVWB1.1.3.0
2023-12-08 12:35:32,679 [WARN] PackLoader:240 - Cannot read IP mode file for STMicroelectronics.FP-SNS-MOTENVWB1.1.3.1
2023-12-08 12:35:32,715 [WARN] PackLoader:240 - Cannot read IP mode file for STMicroelectronics.X-CUBE-MEMS1.10.0.0
2023-12-08 12:35:32,795 [WARN] PackLoader:240 - Cannot read IP mode file for STMicroelectronics.X-CUBE-FREERTOS.1.1.0
2023-12-08 12:35:32,806 [WARN] PackLoader:240 - Cannot read IP mode file for portGmbH.I-Cube-SoM-uGOAL.1.1.0
2023-12-08 12:35:32,816 [WARN] PackLoader:240 - Cannot read IP mode file for STMicroelectronics.X-CUBE-ALS.1.0.1
2023-12-08 12:35:32,826 [WARN] PackLoader:240 - Cannot read IP mode file for STMicroelectronics.FP-ATR-ASTRA1.2.0.0
2023-12-08 12:35:32,841 [WARN] PackLoader:240 - Cannot read IP mode file for STMicroelectronics.X-CUBE-TOF1.3.4.0
2023-12-08 12:35:32,851 [INFO] ThirdParty:978 - Integrity check success = true
2023-12-08 12:35:32,851 [INFO] IntegrityCheckThread:100 - exiting critical section [integrity check]
2023-12-08 12:35:32,851 [INFO] IntegrityCheckThread:103 - End integrity checks thread
2023-12-08 12:35:51,868 [ERROR] LogOutputStream:75 - [STDERR_REDIRECT] SLF4J: Failed to load class "org.slf4j.impl.StaticLoggerBinder".
2023-12-08 12:35:51,869 [ERROR] LogOutputStream:75 - [STDERR_REDIRECT] SLF4J: Defaulting to no-operation (NOP) logger implementation
2023-12-08 12:35:51,870 [ERROR] LogOutputStream:75 - [STDERR_REDIRECT] SLF4J: See http://www.slf4j.org/codes.html#StaticLoggerBinder for further details.
