2023-12-11 10:35:07,712 [INFO] Activator:176 - 


2023-12-11 10:35:07,717 [INFO] Activator:177 - !SESSION log4j initialized
2023-12-11 10:35:13,050 [INFO] LogOutputStream:77 - [STDOUT_REDIRECT] 
2023-12-11 10:35:14,491 [INFO] ApplicationProperties:184 - Using Application install path: C:\ST\STM32CubeIDE_1.13.2\STM32CubeIDE\plugins\com.st.stm32cube.common.mx_6.9.2.202309101412
2023-12-11 10:35:14,506 [INFO] DbMcusXml:78 - Set database path to: C:\ST\STM32CubeIDE_1.13.2\STM32CubeIDE\plugins\com.st.stm32cube.common.mx_6.9.2.202309101412\\db\/mcu/
2023-12-11 10:35:14,507 [INFO] ApiDb:274 - Set plugin database path to: C:\ST\STM32CubeIDE_1.13.2\STM32CubeIDE\plugins\com.st.stm32cube.common.mx_6.9.2.202309101412\\db\/plugins/boardmanager/
2023-12-11 10:35:14,507 [WARN] ApiDb:259 - Overriding images path with different value:  => C:\ST\STM32CubeIDE_1.13.2\STM32CubeIDE\plugins\com.st.stm32cube.common.mx_6.9.2.202309101412\\db\/plugins/mcufinder/images/
2023-12-11 10:35:14,518 [INFO] ApiDb:250 - Set database path to: C:\Users\jespe\.stmcufinder\plugins\mcufinder//mcu/
2023-12-11 10:35:14,520 [INFO] DbMcusAds:125 - Set database path to: C:\Users\jespe\.stmcufinder\plugins\mcufinder//mcu/
2023-12-11 10:35:14,521 [INFO] CrossReferenceDbSqlite:203 - Set database path to: C:\Users\jespe\.stmcufinder\plugins\mcufinder//mcu/cs/
2023-12-11 10:35:14,614 [INFO] RulesReader:64 - Compatibility file has been processed (293 Rules)
2023-12-11 10:35:14,689 [INFO] DbMcusXml:78 - Set database path to: C:\ST\STM32CubeIDE_1.13.2\STM32CubeIDE\plugins\com.st.stm32cube.common.mx_6.9.2.202309101412\\db\/mcu/
2023-12-11 10:35:14,690 [INFO] ApiDb:274 - Set plugin database path to: C:\ST\STM32CubeIDE_1.13.2\STM32CubeIDE\plugins\com.st.stm32cube.common.mx_6.9.2.202309101412\\db\/plugins/boardmanager/
2023-12-11 10:35:14,690 [INFO] ApiDb:261 - Set plugin images path to: C:\ST\STM32CubeIDE_1.13.2\STM32CubeIDE\plugins\com.st.stm32cube.common.mx_6.9.2.202309101412\\db\/plugins/mcufinder/images/
2023-12-11 10:35:14,690 [WARN] DbFile:41 - Overriding database path with different value: C:\Users\jespe\.stmcufinder\plugins\mcufinder/ => C:\Users\jespe\.stmcufinder\plugins\mcufinder
2023-12-11 10:35:14,690 [INFO] ApiDb:250 - Set database path to: C:\Users\jespe\.stmcufinder\plugins\mcufinder//mcu/
2023-12-11 10:35:14,690 [WARN] DbFile:41 - Overriding database path with different value: C:\Users\jespe\.stmcufinder\plugins\mcufinder/ => C:\Users\jespe\.stmcufinder\plugins\mcufinder
2023-12-11 10:35:14,690 [INFO] DbMcusAds:125 - Set database path to: C:\Users\jespe\.stmcufinder\plugins\mcufinder//mcu/
2023-12-11 10:35:14,690 [WARN] DbFile:41 - Overriding database path with different value: C:\Users\jespe\.stmcufinder\plugins\mcufinder/ => C:\Users\jespe\.stmcufinder\plugins\mcufinder
2023-12-11 10:35:14,690 [WARN] DbFile:41 - Overriding database path with different value: C:\Users\jespe\.stmcufinder\plugins\mcufinder/ => C:\Users\jespe\.stmcufinder\plugins\mcufinder
2023-12-11 10:35:14,690 [INFO] CrossReferenceDbSqlite:203 - Set database path to: C:\Users\jespe\.stmcufinder\plugins\mcufinder//mcu/cs/
2023-12-11 10:35:14,759 [INFO] MainPanel:262 - HeapMemory: 268435456
2023-12-11 10:35:14,842 [INFO] DbMcusXml:78 - Set database path to: C:\ST\STM32CubeIDE_1.13.2\STM32CubeIDE\plugins\com.st.stm32cube.common.mx_6.9.2.202309101412\\db\/mcu/
2023-12-11 10:35:14,842 [INFO] ApiDb:274 - Set plugin database path to: C:\ST\STM32CubeIDE_1.13.2\STM32CubeIDE\plugins\com.st.stm32cube.common.mx_6.9.2.202309101412\\db\/plugins/boardmanager/
2023-12-11 10:35:14,842 [INFO] ApiDb:261 - Set plugin images path to: C:\ST\STM32CubeIDE_1.13.2\STM32CubeIDE\plugins\com.st.stm32cube.common.mx_6.9.2.202309101412\\db\/plugins/mcufinder/images/
2023-12-11 10:35:14,843 [WARN] DbFile:41 - Overriding database path with different value: C:\Users\jespe\.stmcufinder\plugins\mcufinder/ => C:\Users\jespe\.stmcufinder\plugins\mcufinder
2023-12-11 10:35:14,843 [INFO] ApiDb:250 - Set database path to: C:\Users\jespe\.stmcufinder\plugins\mcufinder//mcu/
2023-12-11 10:35:14,843 [WARN] DbFile:41 - Overriding database path with different value: C:\Users\jespe\.stmcufinder\plugins\mcufinder/ => C:\Users\jespe\.stmcufinder\plugins\mcufinder
2023-12-11 10:35:14,843 [INFO] DbMcusAds:125 - Set database path to: C:\Users\jespe\.stmcufinder\plugins\mcufinder//mcu/
2023-12-11 10:35:14,843 [WARN] DbFile:41 - Overriding database path with different value: C:\Users\jespe\.stmcufinder\plugins\mcufinder/ => C:\Users\jespe\.stmcufinder\plugins\mcufinder
2023-12-11 10:35:14,843 [WARN] DbFile:41 - Overriding database path with different value: C:\Users\jespe\.stmcufinder\plugins\mcufinder/ => C:\Users\jespe\.stmcufinder\plugins\mcufinder
2023-12-11 10:35:14,843 [INFO] CrossReferenceDbSqlite:203 - Set database path to: C:\Users\jespe\.stmcufinder\plugins\mcufinder//mcu/cs/
2023-12-11 10:35:14,859 [INFO] ApplicationProperties:184 - Using Application install path: C:\ST\STM32CubeIDE_1.13.2\STM32CubeIDE\plugins\com.st.stm32cube.common.mx_6.9.2.202309101412
2023-12-11 10:35:14,860 [INFO] PluginManage:196 - Search for loadable plugins [exclusion list=, ]
2023-12-11 10:35:14,861 [INFO] PluginManage:310 - Check plugin analytics
2023-12-11 10:35:15,010 [INFO] AnalyticsPlugin:253 - Accepted Software Licenses: 
2023-12-11 10:35:15,010 [INFO] AnalyticsPlugin:255 - Accepted CMSIS Pack Licenses: 
2023-12-11 10:35:15,011 [INFO] AnalyticsPlugin:257 - Accepted Firmware Licenses: 
2023-12-11 10:35:15,013 [INFO] PluginManage:359 - Loaded plugin analytics (category:tool,tabindex:-1)
2023-12-11 10:35:15,013 [INFO] PluginManage:310 - Check plugin cadmodel
2023-12-11 10:35:15,026 [INFO] CADModel:105 - Init CAD model plugin
2023-12-11 10:35:15,026 [INFO] PluginManage:359 - Loaded plugin cadmodel (category:power,tabindex:5)
2023-12-11 10:35:15,026 [INFO] PluginManage:310 - Check plugin clock
2023-12-11 10:35:15,042 [INFO] PluginManage:359 - Loaded plugin clock (category:base,tabindex:2)
2023-12-11 10:35:15,042 [INFO] PluginManage:310 - Check plugin ddr
2023-12-11 10:35:15,045 [INFO] PluginManage:359 - Loaded plugin ddr (category:tool,tabindex:6)
2023-12-11 10:35:15,045 [INFO] PluginManage:310 - Check plugin filemanager
2023-12-11 10:35:15,163 [INFO] PluginManage:359 - Loaded plugin filemanager (category:base,tabindex:10)
2023-12-11 10:35:15,163 [INFO] PluginManage:310 - Check plugin ipmanager
2023-12-11 10:35:15,171 [INFO] PluginManage:359 - Loaded plugin ipmanager (category:base,tabindex:5)
2023-12-11 10:35:15,171 [INFO] PluginManage:310 - Check plugin lpbam
2023-12-11 10:35:15,186 [INFO] PluginManage:359 - Loaded plugin lpbam (category:base,tabindex:0)
2023-12-11 10:35:15,186 [INFO] PluginManage:310 - Check plugin memorymap
2023-12-11 10:35:15,206 [INFO] PluginManage:359 - Loaded plugin memorymap (category:base,tabindex:4)
2023-12-11 10:35:15,206 [INFO] PluginManage:310 - Check plugin pinoutandconfiguration
2023-12-11 10:35:15,220 [INFO] PluginManage:359 - Loaded plugin pinoutandconfiguration (category:base,tabindex:1)
2023-12-11 10:35:15,221 [INFO] PluginManage:310 - Check plugin pinoutconfig
2023-12-11 10:35:15,308 [WARN] SupportedApi:132 - Cannot load RTOS API schema: s4s-elt-must-match.1: The content of 'definitions' must match (annotation?, (simpleType | complexType)?, (unique | key | keyref)*)). A problem was found starting at: attribute.
2023-12-11 10:35:15,427 [INFO] PluginManage:359 - Loaded plugin pinoutconfig (category:base,tabindex:0)
2023-12-11 10:35:15,427 [INFO] PluginManage:310 - Check plugin power
2023-12-11 10:35:15,446 [INFO] PluginManage:359 - Loaded plugin power (category:power,tabindex:4)
2023-12-11 10:35:15,446 [INFO] PluginManage:310 - Check plugin projectmanager
2023-12-11 10:35:15,460 [INFO] PluginManage:359 - Loaded plugin projectmanager (category:projectmanager,tabindex:3)
2023-12-11 10:35:15,461 [INFO] PluginManage:310 - Check plugin thirdparty
2023-12-11 10:35:15,680 [INFO] PluginManage:359 - Loaded plugin thirdparty (category:base,tabindex:-1)
2023-12-11 10:35:15,680 [WARN] IntegrityCheckThread:84 - waiting for thirdparty lock release [integrity check]
2023-12-11 10:35:15,681 [INFO] PluginManage:310 - Check plugin tools
2023-12-11 10:35:15,681 [INFO] IntegrityCheckThread:86 - entering critical section [integrity check]
2023-12-11 10:35:15,681 [INFO] ThirdPartyUpdaterWithRetryManager:70 - Updater plugin not ready yet. [1/15]
2023-12-11 10:35:15,707 [INFO] PluginManage:359 - Loaded plugin tools (category:base,tabindex:7)
2023-12-11 10:35:15,707 [INFO] PluginManage:310 - Check plugin tutovideos
2023-12-11 10:35:15,887 [INFO] PluginManage:359 - Loaded plugin tutovideos (category:base,tabindex:-1)
2023-12-11 10:35:15,887 [INFO] PluginManage:310 - Check plugin updater
2023-12-11 10:35:15,896 [INFO] PluginManage:359 - Loaded plugin updater (category:base,tabindex:12)
2023-12-11 10:35:15,896 [INFO] PluginManage:310 - Check plugin userauth
2023-12-11 10:35:15,901 [INFO] UserAuth:113 - Init User Auth plugin
2023-12-11 10:35:15,901 [INFO] PluginManage:359 - Loaded plugin userauth (category:base,tabindex:14)
2023-12-11 10:35:15,902 [INFO] PluginManage:283 - PluginManage : Loaded plugins [17]
2023-12-11 10:35:16,091 [INFO] PinOutPanel:1499 - setPackage(No Configuration,No Configuration)
2023-12-11 10:35:16,183 [INFO] CADModel:165 - CPN selected for project level
2023-12-11 10:35:16,183 [INFO] CADModel:114 - Register for checkConnection events
2023-12-11 10:35:16,204 [INFO] IPUIPlugin:80 - create IPUIPlugin
2023-12-11 10:35:16,204 [INFO] PluginManager:220 - loadIPPluginJar : add adc
2023-12-11 10:35:16,229 [INFO] IPUIPlugin:80 - create IPUIPlugin
2023-12-11 10:35:16,229 [INFO] PluginManager:220 - loadIPPluginJar : add aes
2023-12-11 10:35:16,262 [INFO] IPUIPlugin:80 - create IPUIPlugin
2023-12-11 10:35:16,263 [INFO] PluginManager:220 - loadIPPluginJar : add can
2023-12-11 10:35:16,279 [INFO] IPUIPlugin:80 - create IPUIPlugin
2023-12-11 10:35:16,280 [INFO] PluginManager:220 - loadIPPluginJar : add comp
2023-12-11 10:35:16,305 [INFO] IPUIPlugin:80 - create IPUIPlugin
2023-12-11 10:35:16,305 [INFO] PluginManager:220 - loadIPPluginJar : add cryp
2023-12-11 10:35:16,326 [INFO] IPUIPlugin:80 - create IPUIPlugin
2023-12-11 10:35:16,326 [INFO] PluginManager:220 - loadIPPluginJar : add dfsdm
2023-12-11 10:35:16,336 [INFO] IPUIPlugin:80 - create IPUIPlugin
2023-12-11 10:35:16,336 [INFO] PluginManager:220 - loadIPPluginJar : add dma
2023-12-11 10:35:16,365 [INFO] IPUIPlugin:80 - create IPUIPlugin
2023-12-11 10:35:16,366 [INFO] PluginManager:220 - loadIPPluginJar : add dma3
2023-12-11 10:35:16,379 [INFO] IPUIPlugin:80 - create IPUIPlugin
2023-12-11 10:35:16,379 [INFO] PluginManager:220 - loadIPPluginJar : add fatfs
2023-12-11 10:35:16,412 [INFO] IPUIPlugin:80 - create IPUIPlugin
2023-12-11 10:35:16,413 [INFO] PluginManager:220 - loadIPPluginJar : add fmc
2023-12-11 10:35:16,424 [INFO] IPUIPlugin:80 - create IPUIPlugin
2023-12-11 10:35:16,424 [INFO] PluginManager:220 - loadIPPluginJar : add freertos
2023-12-11 10:35:16,440 [INFO] IPUIPlugin:80 - create IPUIPlugin
2023-12-11 10:35:16,440 [INFO] PluginManager:220 - loadIPPluginJar : add genericplugin
2023-12-11 10:35:16,501 [INFO] IPUIPlugin:80 - create IPUIPlugin
2023-12-11 10:35:16,501 [INFO] PluginManager:220 - loadIPPluginJar : add gfxmmu
2023-12-11 10:35:16,587 [INFO] IPUIPlugin:80 - create IPUIPlugin
2023-12-11 10:35:16,587 [INFO] PluginManager:220 - loadIPPluginJar : add gic
2023-12-11 10:35:16,597 [INFO] IPUIPlugin:80 - create IPUIPlugin
2023-12-11 10:35:16,597 [INFO] PluginManager:220 - loadIPPluginJar : add gpio
2023-12-11 10:35:16,658 [INFO] IPUIPlugin:80 - create IPUIPlugin
2023-12-11 10:35:16,659 [INFO] PluginManager:220 - loadIPPluginJar : add gtzc
2023-12-11 10:35:16,680 [INFO] IPUIPlugin:80 - create IPUIPlugin
2023-12-11 10:35:16,680 [INFO] PluginManager:220 - loadIPPluginJar : add hash
2023-12-11 10:35:16,714 [INFO] IPUIPlugin:80 - create IPUIPlugin
2023-12-11 10:35:16,714 [INFO] PluginManager:220 - loadIPPluginJar : add i2c
2023-12-11 10:35:16,741 [INFO] IPUIPlugin:80 - create IPUIPlugin
2023-12-11 10:35:16,741 [INFO] PluginManager:220 - loadIPPluginJar : add i2s
2023-12-11 10:35:16,768 [INFO] IPUIPlugin:80 - create IPUIPlugin
2023-12-11 10:35:16,768 [INFO] PluginManager:220 - loadIPPluginJar : add i3c
2023-12-11 10:35:16,843 [INFO] IPUIPlugin:80 - create IPUIPlugin
2023-12-11 10:35:16,843 [INFO] PluginManager:220 - loadIPPluginJar : add ipddr
2023-12-11 10:35:16,905 [INFO] IPUIPlugin:80 - create IPUIPlugin
2023-12-11 10:35:16,906 [INFO] PluginManager:220 - loadIPPluginJar : add linkedlist
2023-12-11 10:35:16,929 [INFO] IPUIPlugin:80 - create IPUIPlugin
2023-12-11 10:35:16,929 [INFO] PluginManager:220 - loadIPPluginJar : add lorawan
2023-12-11 10:35:16,953 [INFO] IPUIPlugin:80 - create IPUIPlugin
2023-12-11 10:35:16,953 [INFO] PluginManager:220 - loadIPPluginJar : add ltdc
2023-12-11 10:35:16,964 [INFO] IPUIPlugin:80 - create IPUIPlugin
2023-12-11 10:35:16,964 [INFO] PluginManager:220 - loadIPPluginJar : add mdma
2023-12-11 10:35:16,973 [INFO] IPUIPlugin:80 - create IPUIPlugin
2023-12-11 10:35:16,974 [INFO] PluginManager:220 - loadIPPluginJar : add nvic
2023-12-11 10:35:17,000 [INFO] IPUIPlugin:80 - create IPUIPlugin
2023-12-11 10:35:17,000 [INFO] PluginManager:220 - loadIPPluginJar : add opamp
2023-12-11 10:35:17,040 [INFO] IPUIPlugin:80 - create IPUIPlugin
2023-12-11 10:35:17,040 [INFO] PluginManager:220 - loadIPPluginJar : add openamp
2023-12-11 10:35:17,068 [INFO] IPUIPlugin:80 - create IPUIPlugin
2023-12-11 10:35:17,068 [INFO] PluginManager:220 - loadIPPluginJar : add pdm2pcm
2023-12-11 10:35:17,080 [INFO] IPUIPlugin:80 - create IPUIPlugin
2023-12-11 10:35:17,082 [INFO] PluginManager:220 - loadIPPluginJar : add plateformsettings
2023-12-11 10:35:17,096 [INFO] IPUIPlugin:80 - create IPUIPlugin
2023-12-11 10:35:17,096 [INFO] PluginManager:220 - loadIPPluginJar : add quadspi
2023-12-11 10:35:17,106 [INFO] IPUIPlugin:80 - create IPUIPlugin
2023-12-11 10:35:17,106 [INFO] PluginManager:220 - loadIPPluginJar : add resmgrutility
2023-12-11 10:35:17,140 [INFO] IPUIPlugin:80 - create IPUIPlugin
2023-12-11 10:35:17,140 [INFO] PluginManager:220 - loadIPPluginJar : add sai
2023-12-11 10:35:17,166 [INFO] IPUIPlugin:80 - create IPUIPlugin
2023-12-11 10:35:17,166 [INFO] PluginManager:220 - loadIPPluginJar : add spi
2023-12-11 10:35:17,212 [INFO] IPUIPlugin:80 - create IPUIPlugin
2023-12-11 10:35:17,213 [INFO] PluginManager:220 - loadIPPluginJar : add stm32_wpan
2023-12-11 10:35:17,229 [INFO] IPUIPlugin:80 - create IPUIPlugin
2023-12-11 10:35:17,229 [INFO] PluginManager:220 - loadIPPluginJar : add tim
2023-12-11 10:35:17,267 [INFO] IPUIPlugin:80 - create IPUIPlugin
2023-12-11 10:35:17,267 [INFO] PluginManager:220 - loadIPPluginJar : add touchsensing
2023-12-11 10:35:17,283 [INFO] IPUIPlugin:80 - create IPUIPlugin
2023-12-11 10:35:17,283 [INFO] PluginManager:220 - loadIPPluginJar : add tracer_emb
2023-12-11 10:35:17,299 [INFO] IPUIPlugin:80 - create IPUIPlugin
2023-12-11 10:35:17,299 [INFO] PluginManager:220 - loadIPPluginJar : add ts
2023-12-11 10:35:17,314 [INFO] IPUIPlugin:80 - create IPUIPlugin
2023-12-11 10:35:17,314 [INFO] PluginManager:220 - loadIPPluginJar : add tsc
2023-12-11 10:35:17,329 [INFO] IPUIPlugin:80 - create IPUIPlugin
2023-12-11 10:35:17,329 [INFO] PluginManager:220 - loadIPPluginJar : add ucpd
2023-12-11 10:35:17,358 [INFO] IPUIPlugin:80 - create IPUIPlugin
2023-12-11 10:35:17,358 [INFO] PluginManager:220 - loadIPPluginJar : add usart
2023-12-11 10:35:17,388 [INFO] IPUIPlugin:80 - create IPUIPlugin
2023-12-11 10:35:17,388 [INFO] PluginManager:220 - loadIPPluginJar : add usbx
2023-12-11 10:35:17,509 [INFO] CADModel:165 - CPN selected for project level
2023-12-11 10:35:17,509 [INFO] CADModel:114 - Register for checkConnection events
2023-12-11 10:35:17,510 [FATAL] Updater:308 - Updater called before beeing initialized
2023-12-11 10:35:17,510 [ERROR] CADModel:125 - Updater not yet initialized, retry later 
2023-12-11 10:35:17,678 [INFO] CADModel:165 - CPN selected for project level
2023-12-11 10:35:17,678 [INFO] CADModel:114 - Register for checkConnection events
2023-12-11 10:35:17,678 [FATAL] Updater:308 - Updater called before beeing initialized
2023-12-11 10:35:17,678 [ERROR] CADModel:125 - Updater not yet initialized, retry later 
2023-12-11 10:35:17,682 [FATAL] Updater:308 - Updater called before beeing initialized
2023-12-11 10:35:17,774 [FATAL] Updater:308 - Updater called before beeing initialized
2023-12-11 10:35:17,783 [INFO] DbMcusAds:53 - JSON generation date=Tue Mar 07 09:50:55 CET 2023 (1678179055114)
2023-12-11 10:35:17,783 [FATAL] Updater:308 - Updater called before beeing initialized
2023-12-11 10:35:17,853 [WARN] DetailPanel:346 - Failed to get advertising image, set to default
2023-12-11 10:35:17,937 [FATAL] Updater:308 - Updater called before beeing initialized
2023-12-11 10:35:17,939 [FATAL] Updater:308 - Updater called before beeing initialized
2023-12-11 10:35:17,939 [FATAL] Updater:308 - Updater called before beeing initialized
2023-12-11 10:35:17,939 [WARN] DetailPanel:346 - Failed to get advertising image, set to default
2023-12-11 10:35:17,940 [FATAL] Updater:308 - Updater called before beeing initialized
2023-12-11 10:35:17,986 [ERROR] Updater:1120 - MainUpdater not yet initialized. External WinMGr cannot be set.
2023-12-11 10:35:17,995 [INFO] Updater:1056 - Updater Version found : 6.9.2
2023-12-11 10:35:18,010 [INFO] ApplicationProperties:184 - Using Application install path: C:\ST\STM32CubeIDE_1.13.2\STM32CubeIDE\plugins\com.st.stm32cube.common.mx_6.9.2.202309101412
2023-12-11 10:35:18,127 [INFO] MainUpdater:2868 - connection check result : 10
2023-12-11 10:35:18,127 [INFO] MainUpdater:3562 - Updater definition file requires update
2023-12-11 10:35:18,128 [INFO] MainUpdater:285 - Updater Check For Update Now.
2023-12-11 10:35:18,128 [INFO] MicroXplorer:498 - Change Database Version : DB.6.0.92
2023-12-11 10:35:18,141 [INFO] McuFinderGlobals:63 - Set McuFinder mode to 2 (CubeIDE integrated)
2023-12-11 10:35:18,156 [INFO] ServerAccessManage:473 - Download File updaters.zip
2023-12-11 10:35:18,220 [INFO] FileExtend:240 - Unzip File : updaters.zip
2023-12-11 10:35:18,220 [INFO] FileExtend:255 - Standard Zip Deflate
2023-12-11 10:35:18,684 [WARN] MainUpdater:1189 - Updater busy. Cannot search thirdparties
2023-12-11 10:35:18,684 [INFO] ThirdPartyUpdaterWithRetryManager:96 - Updater plugin is busy. [1/15]
2023-12-11 10:35:18,704 [INFO] ServerAccessManage:473 - Download File PacksControlFlags.xml
2023-12-11 10:35:18,790 [INFO] ServerAccessManage:473 - Download File cubemx.pidx
2023-12-11 10:35:19,251 [INFO] ServerAccessManage:473 - Download File STMicroelectronics.X-CUBE-ISPU.pdsc
2023-12-11 10:35:19,579 [INFO] ServerAccessManage:473 - Download File STMicroelectronics.X-CUBE-AZRTOS-H7.pdsc
2023-12-11 10:35:20,627 [ERROR] ServerAccessManage:1096 - Problem, Http access forbiden
2023-12-11 10:35:20,628 [ERROR] ServerAccessManage:651 - Problem, Http access forbiden : RoweBots.I-CUBE-UNISONRTOS.pdsc.
2023-12-11 10:35:20,823 [WARN] PackLoader:240 - Cannot read IP mode file for STMicroelectronics.X-CUBE-ISPU.2.0.0
2023-12-11 10:35:20,852 [WARN] PackLoader:240 - Cannot read IP mode file for STMicroelectronics.X-CUBE-AZRTOS-H7.3.2.0
2023-12-11 10:35:20,856 [INFO] PopulateThirdPartyThread:66 - Ending populate Thread
2023-12-11 10:35:20,858 [INFO] ThirdParty:1030 - CMSIS Pack Vendor :STMicroelectronics X-CUBE-AZRTOS-H7 3.2.0
2023-12-11 10:35:20,859 [INFO] ThirdParty:1030 - CMSIS Pack Vendor :STMicroelectronics X-CUBE-ISPU 2.0.0
2023-12-11 10:35:20,859 [INFO] LoadServerUpdatesThread:373 - End of LoadServerUpdate Thread
2023-12-11 10:35:20,934 [INFO] CheckServerUpdateThread:120 - End of CheckServer Thread
2023-12-11 10:35:21,862 [WARN] PackLoader:240 - Cannot read IP mode file for STMicroelectronics.X-CUBE-SMBUS.2.1.0
2023-12-11 10:35:21,887 [WARN] PackLoader:240 - Cannot read IP mode file for STMicroelectronics.X-CUBE-AZRTOS-F7.1.1.0
2023-12-11 10:35:21,902 [WARN] PackLoader:240 - Cannot read IP mode file for STMicroelectronics.FP-SNS-MOTENV1.4.3.2
2023-12-11 10:35:21,909 [WARN] PackLoader:240 - Cannot read IP mode file for STMicroelectronics.FP-SNS-FLIGHT1.5.0.2
2023-12-11 10:35:21,923 [WARN] PackLoader:240 - Cannot read IP mode file for STMicroelectronics.X-CUBE-DISPLAY.3.0.0
2023-12-11 10:35:21,939 [WARN] PackLoader:240 - Cannot read IP mode file for STMicroelectronics.X-CUBE-BLE1.7.0.0
2023-12-11 10:35:21,951 [WARN] PackLoader:240 - Cannot read IP mode file for emotas.I-CUBE-CANOPEN.1.3.0
2023-12-11 10:35:21,961 [WARN] PackLoader:240 - Cannot read IP mode file for STMicroelectronics.X-CUBE-TOUCHGFX.4.22.0
2023-12-11 10:35:21,971 [WARN] PackLoader:240 - Cannot read IP mode file for STMicroelectronics.X-CUBE-TOUCHGFX.4.22.1
2023-12-11 10:35:21,980 [WARN] PackLoader:240 - Cannot read IP mode file for STMicroelectronics.FP-SNS-SMARTAG2.1.2.0
2023-12-11 10:35:21,997 [INFO] LogOutputStream:77 - [STDOUT_REDIRECT] 1 : Invalid condition id : UX_CORESTACK_Condition cause : null
2023-12-11 10:35:21,998 [INFO] LogOutputStream:77 - [STDOUT_REDIRECT] 1 : Invalid condition id : UX_CORESTACK_Condition cause : null
2023-12-11 10:35:21,998 [INFO] LogOutputStream:77 - [STDOUT_REDIRECT] 1 : Invalid condition id : UX_CORESTACK_Condition cause : null
2023-12-11 10:35:21,999 [INFO] LogOutputStream:77 - [STDOUT_REDIRECT] 1 : Invalid condition id : UX_CORESTACK_Condition cause : null
2023-12-11 10:35:22,000 [INFO] LogOutputStream:77 - [STDOUT_REDIRECT] 1 : Invalid condition id : UX_CORESTACK_Condition cause : null
2023-12-11 10:35:22,003 [WARN] PackLoader:240 - Cannot read IP mode file for STMicroelectronics.X-CUBE-AZRTOS-WL.2.0.0
2023-12-11 10:35:22,016 [WARN] PackLoader:240 - Cannot read IP mode file for WES.I-CUBE-Cesium.1.3.0
2023-12-11 10:35:22,026 [WARN] PackLoader:240 - Cannot read IP mode file for STMicroelectronics.X-CUBE-BLE2.3.3.0
2023-12-11 10:35:22,038 [WARN] PackLoader:240 - Cannot read IP mode file for STMicroelectronics.X-CUBE-ALGOBUILD.1.3.0
2023-12-11 10:35:22,060 [WARN] PackLoader:240 - Cannot read IP mode file for STMicroelectronics.X-CUBE-AZRTOS-G0.1.1.0
2023-12-11 10:35:22,071 [WARN] PackLoader:240 - Cannot read IP mode file for STMicroelectronics.X-CUBE-NFC4.3.0.0
2023-12-11 10:35:22,085 [WARN] PackLoader:240 - Cannot read IP mode file for STMicroelectronics.X-CUBE-BLEMGR.3.0.0
2023-12-11 10:35:22,090 [WARN] PackLoader:240 - Cannot read IP mode file for STMicroelectronics.FP-ATR-SIGFOX1.3.2.0
2023-12-11 10:35:22,117 [WARN] PackLoader:240 - Cannot read IP mode file for SEGGER.I-CUBE-embOS.1.3.1
2023-12-11 10:35:22,153 [WARN] PackLoader:240 - Cannot read IP mode file for STMicroelectronics.X-CUBE-GNSS1.6.0.0
2023-12-11 10:35:22,176 [WARN] PackLoader:240 - Cannot read IP mode file for STMicroelectronics.X-CUBE-AZRTOS-F4.1.1.0
2023-12-11 10:35:22,187 [WARN] PackLoader:240 - Cannot read IP mode file for wolfSSL.I-CUBE-wolfSSL.5.6.3
2023-12-11 10:35:22,209 [WARN] PackLoader:240 - Cannot read IP mode file for STMicroelectronics.X-CUBE-AZRTOS-L5.2.0.0
2023-12-11 10:35:22,248 [WARN] PackLoader:240 - Cannot read IP mode file for STMicroelectronics.X-CUBE-MEMS1.9.6.0
2023-12-11 10:35:22,366 [WARN] PackLoader:240 - Cannot read IP mode file for STMicroelectronics.X-CUBE-EEPRMA1.4.2.0
2023-12-11 10:35:22,377 [WARN] PackLoader:240 - Cannot read IP mode file for ITTIA_DB.I-CUBE-ITTIADB.8.8.0
2023-12-11 10:35:22,388 [WARN] PackLoader:240 - Cannot read IP mode file for STMicroelectronics.X-CUBE-BLEMGR.2.0.0
2023-12-11 10:35:22,412 [WARN] ConditionMgr:438 - getConditionDescription Invalid condition id : UX DEVICE CLASS RTOS Condition cause : null
2023-12-11 10:35:22,412 [WARN] ConditionMgr:438 - getConditionDescription Invalid condition id : UX DEVICE CLASS RTOS Condition cause : null
2023-12-11 10:35:22,414 [WARN] PackLoader:240 - Cannot read IP mode file for STMicroelectronics.X-CUBE-AZRTOS-H7.3.1.0
2023-12-11 10:35:22,415 [WARN] ConditionMgr:1039 - genDependencies : Invalid condition id : UX DEVICE CLASS RTOS Condition cause : null
2023-12-11 10:35:22,415 [WARN] ConditionMgr:1039 - genDependencies : Invalid condition id : UX DEVICE CLASS RTOS Condition cause : null
2023-12-11 10:35:22,415 [WARN] ConditionMgr:1039 - genDependencies : Invalid condition id : UX DEVICE CLASS RTOS Condition cause : null
2023-12-11 10:35:22,416 [WARN] ConditionMgr:1039 - genDependencies : Invalid condition id : UX DEVICE CLASS RTOS Condition cause : null
2023-12-11 10:35:22,416 [WARN] ConditionMgr:1039 - genDependencies : Invalid condition id : UX DEVICE CLASS RTOS Condition cause : null
2023-12-11 10:35:22,427 [WARN] PackLoader:240 - Cannot read IP mode file for STMicroelectronics.X-CUBE-NFC7.1.0.1
2023-12-11 10:35:22,439 [WARN] PackLoader:240 - Cannot read IP mode file for STMicroelectronics.X-CUBE-NFC6.3.0.0
2023-12-11 10:35:22,450 [WARN] PackLoader:240 - Cannot read IP mode file for STMicroelectronics.X-CUBE-EEPRMA1.4.1.0
2023-12-11 10:35:22,460 [WARN] PackLoader:240 - Cannot read IP mode file for STMicroelectronics.X-CUBE-AI.8.1.0
2023-12-11 10:35:22,483 [WARN] ConditionMgr:438 - getConditionDescription Invalid condition id : LAN8742 Phy interface Condition cause : null
2023-12-11 10:35:22,484 [WARN] PackLoader:240 - Cannot read IP mode file for STMicroelectronics.X-CUBE-AZRTOS-L4.2.0.0
2023-12-11 10:35:22,485 [WARN] ConditionMgr:1039 - genDependencies : Invalid condition id : LAN8742 Phy interface Condition cause : null
2023-12-11 10:35:22,485 [WARN] ConditionMgr:1039 - genDependencies : Invalid condition id : LAN8742 Phy interface Condition cause : null
2023-12-11 10:35:22,485 [WARN] ConditionMgr:1039 - genDependencies : Invalid condition id : LAN8742 Phy interface Condition cause : null
2023-12-11 10:35:22,496 [WARN] PackLoader:240 - Cannot read IP mode file for STMicroelectronics.X-CUBE-SFXS2LP1.4.0.0
2023-12-11 10:35:22,507 [WARN] PackLoader:240 - Cannot read IP mode file for STMicroelectronics.X-CUBE-ISPU.1.1.0
2023-12-11 10:35:22,526 [WARN] ConditionMgr:438 - getConditionDescription Invalid condition id : UX DEVICE CLASS RTOS Condition cause : null
2023-12-11 10:35:22,526 [WARN] ConditionMgr:438 - getConditionDescription Invalid condition id : UX DEVICE CLASS RTOS Condition cause : null
2023-12-11 10:35:22,527 [WARN] PackLoader:240 - Cannot read IP mode file for STMicroelectronics.X-CUBE-AZRTOS-WB.2.0.0
2023-12-11 10:35:22,528 [WARN] ConditionMgr:1039 - genDependencies : Invalid condition id : UX DEVICE CLASS RTOS Condition cause : null
2023-12-11 10:35:22,528 [WARN] ConditionMgr:1039 - genDependencies : Invalid condition id : UX DEVICE CLASS RTOS Condition cause : null
2023-12-11 10:35:22,528 [WARN] ConditionMgr:1039 - genDependencies : Invalid condition id : UX DEVICE CLASS RTOS Condition cause : null
2023-12-11 10:35:22,528 [WARN] ConditionMgr:1039 - genDependencies : Invalid condition id : UX DEVICE CLASS RTOS Condition cause : null
2023-12-11 10:35:22,528 [WARN] ConditionMgr:1039 - genDependencies : Invalid condition id : UX DEVICE CLASS RTOS Condition cause : null
2023-12-11 10:35:22,543 [WARN] PackLoader:240 - Cannot read IP mode file for STMicroelectronics.X-CUBE-SUBG2.5.0.0
2023-12-11 10:35:22,561 [WARN] PackLoader:240 - Cannot read IP mode file for STMicroelectronics.X-CUBE-TOF1.3.3.1
2023-12-11 10:35:22,585 [WARN] PackLoader:240 - Cannot read IP mode file for STMicroelectronics.X-CUBE-AZRTOS-G4.2.0.0
2023-12-11 10:35:22,603 [WARN] PackLoader:240 - Cannot read IP mode file for Infineon.AIROC-Wi-Fi-Bluetooth-STM32.1.5.1
2023-12-11 10:35:22,614 [WARN] PackLoader:240 - Cannot read IP mode file for STMicroelectronics.FP-SNS-MOTENVWB1.1.3.0
2023-12-11 10:35:22,617 [WARN] PackLoader:240 - Cannot read IP mode file for STMicroelectronics.FP-SNS-MOTENVWB1.1.3.1
2023-12-11 10:35:22,620 [WARN] PackLoader:240 - Cannot read IP mode file for STMicroelectronics.X-CUBE-ISPU.2.0.0
2023-12-11 10:35:22,661 [WARN] PackLoader:240 - Cannot read IP mode file for STMicroelectronics.X-CUBE-MEMS1.10.0.0
2023-12-11 10:35:22,751 [WARN] PackLoader:240 - Cannot read IP mode file for STMicroelectronics.X-CUBE-FREERTOS.1.1.0
2023-12-11 10:35:22,762 [WARN] PackLoader:240 - Cannot read IP mode file for portGmbH.I-Cube-SoM-uGOAL.1.1.0
2023-12-11 10:35:22,771 [WARN] PackLoader:240 - Cannot read IP mode file for STMicroelectronics.X-CUBE-ALS.1.0.1
2023-12-11 10:35:22,775 [WARN] PackLoader:240 - Cannot read IP mode file for STMicroelectronics.FP-ATR-ASTRA1.2.0.0
2023-12-11 10:35:22,790 [WARN] PackLoader:240 - Cannot read IP mode file for STMicroelectronics.X-CUBE-TOF1.3.4.0
2023-12-11 10:35:22,807 [WARN] PackLoader:240 - Cannot read IP mode file for STMicroelectronics.X-CUBE-AZRTOS-H7.3.2.0
2023-12-11 10:35:22,809 [INFO] ThirdParty:978 - Integrity check success = true
2023-12-11 10:35:22,810 [INFO] IntegrityCheckThread:100 - exiting critical section [integrity check]
2023-12-11 10:35:22,810 [INFO] IntegrityCheckThread:103 - End integrity checks thread
2023-12-11 10:35:39,035 [ERROR] LogOutputStream:75 - [STDERR_REDIRECT] SLF4J: Failed to load class "org.slf4j.impl.StaticLoggerBinder".
2023-12-11 10:35:39,036 [ERROR] LogOutputStream:75 - [STDERR_REDIRECT] SLF4J: Defaulting to no-operation (NOP) logger implementation
2023-12-11 10:35:39,037 [ERROR] LogOutputStream:75 - [STDERR_REDIRECT] SLF4J: See http://www.slf4j.org/codes.html#StaticLoggerBinder for further details.
2023-12-11 11:45:47,521 [INFO] McuFinderGlobals:63 - Set McuFinder mode to 2 (CubeIDE integrated)
2023-12-11 11:45:47,538 [INFO] MainUpdater:2868 - connection check result : 10
2023-12-11 11:45:47,543 [INFO] MainUpdater:2868 - connection check result : 10
2023-12-11 11:45:47,732 [INFO] MicroXplorer:468 - Change Database Path : 
2023-12-11 11:45:47,732 [INFO] MicroXplorer:498 - Change Database Version : DB.6.0.92
2023-12-11 11:45:47,737 [WARN] ThirdParty:871 - waiting for thirdparty lock release [close project]
2023-12-11 11:45:47,737 [INFO] ThirdParty:873 - entering critical section [close project]
2023-12-11 11:45:47,757 [INFO] ThirdParty:883 - exiting critical section [close project]
2023-12-11 11:45:47,759 [INFO] PinOutPanel:1499 - setPackage(No Configuration,No Configuration)
2023-12-11 11:45:47,766 [INFO] UtilMem:75 - Begin LoadConfig() Used Memory: 766004440 Bytes (1017118720)
2023-12-11 11:45:47,768 [INFO] MicroXplorer:468 - Change Database Path : 
2023-12-11 11:45:47,768 [INFO] MicroXplorer:498 - Change Database Version : DB.6.0.92
2023-12-11 11:45:47,768 [INFO] OpenFileManager:308 - Change cursor
2023-12-11 11:45:47,835 [INFO] Mcu:1946 - Initializing MCU STM32F072R(8-B)Tx STM32F072RBTx STM32F072RBT6
2023-12-11 11:45:49,056 [INFO] Context:659 - Trying to add GPIOservice into a context  which must be forbidden
2023-12-11 11:45:49,508 [INFO] RtosManager:555 - Registered RTOS mode: class=CMSIS, group=RTOS, mode=CMSIS_V1, owner=FREERTOS
2023-12-11 11:45:49,508 [INFO] RtosManager:555 - Registered RTOS mode: class=CMSIS, group=RTOS2, mode=CMSIS_V2, owner=FREERTOS
2023-12-11 11:45:49,509 [INFO] RtosManager:555 - Registered RTOS mode: class=RTOS, group=Core, mode=CMSIS_V1, owner=FREERTOS
2023-12-11 11:45:49,509 [INFO] RtosManager:555 - Registered RTOS mode: class=RTOS, group=Core, mode=CMSIS_V2, owner=FREERTOS
2023-12-11 11:45:49,509 [WARN] ModelIntegratedComponent:184 - Missing modes for component STMicroelectronics:FreeRTOS:0.0.1:STMicroelectronics:RTOS:FreeRTOS:Core:::10.2.0:
2023-12-11 11:45:49,519 [WARN] ModelIntegratedComponent:63 - No mode defined for component null
2023-12-11 11:45:49,519 [WARN] ModelIntegratedComponent:63 - No mode defined for component null
2023-12-11 11:45:49,519 [WARN] ModelIntegratedComponent:63 - No mode defined for component null
2023-12-11 11:45:49,519 [WARN] ModelIntegratedComponent:63 - No mode defined for component null
2023-12-11 11:45:49,519 [WARN] ModelIntegratedComponent:63 - No mode defined for component null
2023-12-11 11:45:49,519 [WARN] ModelIntegratedComponent:63 - No mode defined for component null
2023-12-11 11:45:49,519 [WARN] ModelIntegratedComponent:63 - No mode defined for component null
2023-12-11 11:45:49,519 [WARN] ModelIntegratedComponent:63 - No mode defined for component null
2023-12-11 11:45:49,520 [WARN] ModelIntegratedComponent:63 - No mode defined for component null
2023-12-11 11:45:49,520 [WARN] ModelIntegratedComponent:63 - No mode defined for component null
2023-12-11 11:45:49,520 [WARN] ModelIntegratedComponent:63 - No mode defined for component null
2023-12-11 11:45:49,520 [WARN] ModelIntegratedComponent:63 - No mode defined for component null
2023-12-11 11:45:49,520 [WARN] ModelIntegratedComponent:63 - No mode defined for component null
2023-12-11 11:45:49,520 [WARN] ModelIntegratedComponent:63 - No mode defined for component null
2023-12-11 11:45:49,520 [WARN] ModelIntegratedComponent:63 - No mode defined for component null
2023-12-11 11:45:49,520 [WARN] ModelIntegratedComponent:63 - No mode defined for component null
2023-12-11 11:45:49,520 [WARN] ModelIntegratedComponent:63 - No mode defined for component null
2023-12-11 11:45:49,520 [WARN] ModelIntegratedComponent:63 - No mode defined for component null
2023-12-11 11:45:49,520 [WARN] ModelIntegratedComponent:63 - No mode defined for component null
2023-12-11 11:45:49,520 [WARN] ModelIntegratedComponent:63 - No mode defined for component null
2023-12-11 11:45:49,520 [WARN] ModelIntegratedComponent:63 - No mode defined for component null
2023-12-11 11:45:49,520 [WARN] ModelIntegratedComponent:63 - No mode defined for component null
2023-12-11 11:45:49,520 [WARN] ModelIntegratedComponent:63 - No mode defined for component null
2023-12-11 11:45:49,520 [WARN] ModelIntegratedComponent:63 - No mode defined for component null
2023-12-11 11:45:49,520 [WARN] ModelIntegratedComponent:63 - No mode defined for component null
2023-12-11 11:45:49,520 [WARN] ModelIntegratedComponent:63 - No mode defined for component null
2023-12-11 11:45:49,520 [WARN] ModelIntegratedComponent:63 - No mode defined for component null
2023-12-11 11:45:49,521 [WARN] ModelIntegratedComponent:63 - No mode defined for component null
2023-12-11 11:45:49,521 [WARN] ModelIntegratedComponent:63 - No mode defined for component null
2023-12-11 11:45:49,521 [WARN] ModelIntegratedComponent:63 - No mode defined for component null
2023-12-11 11:45:49,521 [WARN] ModelIntegratedComponent:63 - No mode defined for component null
2023-12-11 11:45:49,521 [WARN] ModelIntegratedComponent:63 - No mode defined for component null
2023-12-11 11:45:49,521 [WARN] ModelIntegratedComponent:63 - No mode defined for component null
2023-12-11 11:45:49,629 [INFO] ThirdPartyModel:298 - Start build external matchings
2023-12-11 11:45:50,326 [INFO] ThirdPartyModel:316 - End build external matchings
2023-12-11 11:45:50,343 [INFO] ImportTextPane:194 - (OptionalMessage_ERROR) IP (RCC) : Parameter (FLatency) has Id (AdvancedSettings) currently not set
2023-12-11 11:45:50,343 [INFO] ImportTextPane:194 - (OptionalMessage_ERROR) IP (RCC) : Invalid parameter (FamilyName)
2023-12-11 11:45:50,343 [INFO] ImportTextPane:194 - (OptionalMessage_ERROR) IP (RCC) : Invalid parameter (HSICECFreq_Value)
2023-12-11 11:45:50,347 [INFO] ImportTextPane:194 - (OptionalMessage_ERROR) IP (RCC) : Parameter (PREFETCH_ENABLE) has Id (AdvancedSettings) currently not set
2023-12-11 11:45:50,574 [INFO] UtilMem:75 - End LoadConfig() Used Memory: 613262088 Bytes (1073741824)
2023-12-11 11:45:50,702 [INFO] ApiDb:581 - Connected to CubeFinder SQLite database (C:\Users\jespe\.stmcufinder\plugins\mcufinder\mcu\cube-finder-db.db)
2023-12-11 11:45:50,780 [INFO] ApiDb:668 - CubeFinder database Data Model version=2.1
2023-12-11 11:45:50,780 [INFO] ApiDb:669 - CubeFinder database Configuration version=3.0.37
2023-12-11 11:45:50,781 [INFO] ApiDb:670 - CubeFinder database generation date=2023-08-09 (1691586011)
2023-12-11 11:45:50,781 [INFO] ApiDb:671 - CubeFinder database FW Pack versions=[FP-ATR-ASTRA1_V2.0.0, FP-SNS-FLIGHT1_V5.0.1, FP-SNS-FLIGHT1_V5.0.2, FP-SNS-MOTENV1_V4.3.1, FP-SNS-MOTENV1_V4.3.2, STM32Cube_FW_C0_V1.1.0, STM32Cube_FW_F4_V1.27.1, STM32Cube_FW_F7_V1.17.0, STM32Cube_FW_G0_V1.6.1, STM32Cube_FW_G4_V1.5.1, STM32Cube_FW_H5_V0.5.1, STM32Cube_FW_H5_V1.1.0, STM32Cube_FW_H7_V1.11.0, STM32Cube_FW_L0_V1.12.2, STM32Cube_FW_L5_V1.5.0, STM32Cube_FW_U5_V1.3.0, STM32Cube_FW_U5_V1.3.0RC4, STM32Cube_FW_WBA_V1.0.0RC1, STM32Cube_FW_WBA_V1.1.0, STM32Cube_FW_WBA_V1.1.0RC1, STM32Cube_FW_WB_V1.15.0RC1, STM32Cube_FW_WB_V1.16.0, STM32Cube_FW_WB_V1.16.0RC2, STM32Cube_FW_WB_V1.17.0, STM32Cube_FW_WL_V1.3.0, X-CUBE-ALGOBUILD_V1.3.0, X-CUBE-ALS_V1.0.1, X-CUBE-AZRTOS-F4_V1.1.0, X-CUBE-AZRTOS-F7_V1.1.0, X-CUBE-AZRTOS-G0_V1.1.0, X-CUBE-AZRTOS-G4_V2.0.0, X-CUBE-AZRTOS-H7_V3.1.0, X-CUBE-AZRTOS-L4_V1.0.0, X-CUBE-AZRTOS-L4_V2.0.0, X-CUBE-AZRTOS-L5_V1.1.0, X-CUBE-AZRTOS-WB_V1.1.0, X-CUBE-AZRTOS-WL_V2.0.0, X-CUBE-BLE1_V7.0.0, X-CUBE-BLE2_V3.3.0, X-CUBE-BLEMGR_V2.0.0, X-CUBE-EEPRMA1_V4.1.0, X-CUBE-FREERTOS_V1.1.0, X-CUBE-GNSS1_V6.0.0, X-CUBE-MEMS1_V9.1.0, X-CUBE-MEMS1_V9.4.0, X-CUBE-MEMS1_V9.6.0, X-CUBE-NFC4_V3.0.0, X-CUBE-NFC7_V1.0.0, X-CUBE-SFXS2LP1_V4.0.0, X-CUBE-SUBG2_V5.0.0, X-CUBE-TOF1_V3.3.1]
2023-12-11 11:45:53,156 [INFO] ApiDb:240 - Found 323 in-development CPN: [B-G473E-ZEST1S, B-WB1M-WPAN1, B-WL5M-SUBG1, NUCLEO-C031C6, NUCLEO-H503RB, NUCLEO-H563ZI, NUCLEO-U545RE-Q, NUCLEO-U5A5ZJ-Q, NUCLEO-WBA52CG, STEVAL-PROTEUS1, STEVAL-SMARTAG2, STEVAL-STWINBX1, STM320518-EVAL, STM32C0116-DK, STM32C011D6Y3TR, STM32C011D6Y6TR, STM32C011F4P3, STM32C011F4P6, STM32C011F4U3, STM32C011F4U6TR, STM32C011F6P3, STM32C011F6P6, STM32C011F6U3, STM32C011F6U6TR, STM32C011J4M3, STM32C011J4M6, STM32C011J6M3, STM32C011J6M6, STM32C0316-DK, STM32C031C4T3, STM32C031C4T6, STM32C031C4U3, STM32C031C4U6, STM32C031C6T3, STM32C031C6T6, STM32C031C6U3, STM32C031C6U6, STM32C031F4P3, STM32C031F4P6, STM32C031F6P3, STM32C031F6P6, STM32C031G4U3, STM32C031G4U6, STM32C031G6U3, STM32C031G6U6, STM32C031K4T3, STM32C031K4T6, STM32C031K4U3, STM32C031K4U6, STM32C031K6T3, STM32C031K6T6, STM32C031K6U3, STM32C031K6U6, STM32G071K8TXN, STM32G071K8UXN, STM32G081GBU6N, STM32G081KBT6N, STM32G081KBUXN, STM32G0B1CCT6N, STM32G0B1KCT6, STM32G0B1NEY6TR, STM32G0B1RCT6N, STM32G0C1CCT6, STM32G0C1CCT6N, STM32G0C1CCU6N, STM32G0C1CET6N, STM32G0C1CEU6N, STM32G0C1KCT6, STM32G0C1NEY6TR, STM32G0C1RCI6N, STM32G0C1RCT6N, STM32G0C1REI6N, STM32G0C1RET6N, STM32G0C1VCI6, STM32G0C1VEI6, STM32G471CCT6, STM32G471CCU6, STM32G471CET3, STM32G471CET6, STM32G471CEU3, STM32G471CEU6, STM32G471MCT6, STM32G471MET3, STM32G471MET6, STM32G471MEY6TR, STM32G471QCT6, STM32G471QET3, STM32G471RCT6, STM32G471RET3, STM32G471RET6, STM32G471VCH6, STM32G471VCI6, STM32G471VCT6, STM32G471VEH3, STM32G471VEH6, STM32G471VEI3, STM32G471VEI6, STM32G471VET3, STM32G471VET6, STM32G474CCT6, STM32H503CBT6, STM32H503CBU6, STM32H503EBY6TR, STM32H503KBU6, STM32H503RBT6, STM32H562AGI6, STM32H562AII6, STM32H562IGK6, STM32H562IGT6, STM32H562IIK6, STM32H562IIT6, STM32H562RGT6, STM32H562RGV6, STM32H562RIT6, STM32H562RIV6, STM32H562VGT6, STM32H562VIT6, STM32H562ZGT6, STM32H562ZIT6, STM32H563AGI6, STM32H563AII3Q, STM32H563AII6, STM32H563IGK6, STM32H563IGT6, STM32H563IIK3Q, STM32H563IIK6, STM32H563IIT3Q, STM32H563IIT6, STM32H563MIY3QTR, STM32H563RGT6, STM32H563RGV6, STM32H563RIT6, STM32H563RIV6, STM32H563VGT6, STM32H563VIT3Q, STM32H563VIT6, STM32H563ZGT6, STM32H563ZIT3Q, STM32H563ZIT6, STM32H573AII3Q, STM32H573AII6, STM32H573I-DK, STM32H573IIK3Q, STM32H573IIK6, STM32H573IIT3Q, STM32H573IIT6, STM32H573MIY3QTR, STM32H573RIT6, STM32H573RIV6, STM32H573VIT3Q, STM32H573VIT6, STM32H573ZIT3Q, STM32H573ZIT6, STM32L4R5QGI6STR, STM32MP131AAE3, STM32MP131AAF3, STM32MP131AAG3, STM32MP131CAE3, STM32MP131CAF3, STM32MP131CAG3, STM32MP131DAE7, STM32MP131DAF7, STM32MP131DAG7, STM32MP131FAE7, STM32MP131FAF7, STM32MP131FAG7, STM32MP133AAE3, STM32MP133AAF3, STM32MP133AAG3, STM32MP133CAE3, STM32MP133CAF3, STM32MP133CAG3, STM32MP133DAE7, STM32MP133DAF7, STM32MP133DAG7, STM32MP133FAE7, STM32MP133FAF7, STM32MP133FAG7, STM32MP135AAE3, STM32MP135AAF3, STM32MP135AAG3, STM32MP135CAE3, STM32MP135CAF3, STM32MP135CAG3, STM32MP135DAE7, STM32MP135DAF7, STM32MP135DAG7, STM32MP135F-DK, STM32MP135FAE7, STM32MP135FAF7, STM32MP135FAF7T, STM32MP135FAF7U, STM32MP135FAG7, STM32U535CBT6, STM32U535CBT6Q, STM32U535CBU6, STM32U535CBU6Q, STM32U535CCT6, STM32U535CCT6Q, STM32U535CCU6, STM32U535CCU6Q, STM32U535CET6, STM32U535CET6Q, STM32U535CEU6, STM32U535CEU6Q, STM32U535JEY6QTR, STM32U535NCY6QTR, STM32U535NEY6QTR, STM32U535RBI6, STM32U535RBI6Q, STM32U535RBT6, STM32U535RBT6Q, STM32U535RCI6, STM32U535RCI6Q, STM32U535RCT6, STM32U535RCT6Q, STM32U535REI6, STM32U535REI6Q, STM32U535RET6, STM32U535RET6Q, STM32U535VCI6, STM32U535VCI6Q, STM32U535VCT6, STM32U535VCT6Q, STM32U535VEI6, STM32U535VEI6Q, STM32U535VET6, STM32U535VET6Q, STM32U545CET6, STM32U545CET6Q, STM32U545CEU6, STM32U545CEU6Q, STM32U545JEY6QTR, STM32U545NEY6QTR, STM32U545REI6, STM32U545REI6Q, STM32U545RET6, STM32U545RET6Q, STM32U545VEI6, STM32U545VEI6Q, STM32U545VET6, STM32U545VET6Q, STM32U595AIH6, STM32U595AIH6Q, STM32U595AJH6, STM32U595AJH6Q, STM32U595QII6, STM32U595QII6Q, STM32U595QJI6, STM32U595QJI6Q, STM32U595RIT6, STM32U595RIT6Q, STM32U595RJT6, STM32U595RJT6Q, STM32U595VIT6, STM32U595VIT6Q, STM32U595VJT6, STM32U595VJT6Q, STM32U595ZIT6, STM32U595ZIT6Q, STM32U595ZIY6QTR, STM32U595ZJT6, STM32U595ZJT6Q, STM32U595ZJY6QTR, STM32U599BJY6QTR, STM32U599NIH6Q, STM32U599NJH6Q, STM32U599VIT6Q, STM32U599VJT6, STM32U599VJT6Q, STM32U599ZIT6Q, STM32U599ZIY6QTR, STM32U599ZJT6Q, STM32U599ZJY6QTR, STM32U5A5AJH6, STM32U5A5AJH6Q, STM32U5A5QJI6, STM32U5A5QJI6Q, STM32U5A5RJT6, STM32U5A5RJT6Q, STM32U5A5VJT6, STM32U5A5VJT6Q, STM32U5A5ZJT6, STM32U5A5ZJT6Q, STM32U5A5ZJY6QTR, STM32U5A9BJY6QTR, STM32U5A9J-DK, STM32U5A9NJH6Q, STM32U5A9VJT6Q, STM32U5A9ZJT6Q, STM32U5A9ZJY6QTR, STM32U5F7VIT6, STM32U5F7VIT6Q, STM32U5F7VJT6, STM32U5F7VJT6Q, STM32U5F9BJY6QTR, STM32U5F9NJH6Q, STM32U5F9VIT6Q, STM32U5F9VJT6Q, STM32U5F9ZIJ6QTR, STM32U5F9ZIT6Q, STM32U5F9ZJJ6QTR, STM32U5F9ZJT6Q, STM32U5G7VJT6, STM32U5G7VJT6Q, STM32U5G9BJY6QTR, STM32U5G9J-DK1, STM32U5G9J-DK2, STM32U5G9NJH6Q, STM32U5G9VJT6Q, STM32U5G9ZJJ6QTR, STM32U5G9ZJT6Q, STM32WB1MMCH6, STM32WBA52CEU6, STM32WBA52CEU6T, STM32WBA52CGU6, STM32WBA52CGU6T, STM32WBA52KEU6, STM32WBA52KEU6T, STM32WBA52KGU6, STM32WBA52KGU6T, STM32WL5MOCH6, STM32WL5MOCH6TR]
2023-12-11 11:45:53,159 [INFO] DbMcus:217 - Found 3848 MCUs, 3848 are supported
2023-12-11 11:45:53,159 [INFO] ApiDb:423 - Load user favorites file C:\Users\jespe/.stm32cubeide/favorites.mcus.txt: 0 item(s)
2023-12-11 11:45:53,159 [INFO] ApiDb:427 - User favorites MCUs=[]
2023-12-11 11:45:53,159 [INFO] DbMcus:223 - Set 0 / 0 favorites MCUs
2023-12-11 11:45:53,454 [WARN] ThirdParty:833 - waiting for thirdparty lock release [change project]
2023-12-11 11:45:53,455 [INFO] ThirdParty:835 - entering critical section [change project]
2023-12-11 11:45:53,455 [INFO] ThirdParty:1030 - CMSIS Pack Vendor :STMicroelectronics X-CUBE-ISPU 1.1.0
2023-12-11 11:45:53,455 [INFO] ThirdParty:1030 - CMSIS Pack Vendor :STMicroelectronics USBPD 4.1
2023-12-11 11:45:53,455 [INFO] ThirdParty:1030 - CMSIS Pack Vendor :STMicroelectronics X-CUBE-GNSS1 6.0.0
2023-12-11 11:45:53,455 [INFO] ThirdParty:1030 - CMSIS Pack Vendor :STMicroelectronics USB_HOST 2.0.0
2023-12-11 11:45:53,455 [INFO] ThirdParty:1030 - CMSIS Pack Vendor :STMicroelectronics X-CUBE-AZRTOS-F4 1.1.0
2023-12-11 11:45:53,455 [INFO] ThirdParty:1030 - CMSIS Pack Vendor :STMicroelectronics LIBJPEG 8.0.0
2023-12-11 11:45:53,455 [INFO] ThirdParty:1030 - CMSIS Pack Vendor :wolfSSL I-CUBE-wolfSSL 5.6.3
2023-12-11 11:45:53,455 [INFO] ThirdParty:1030 - CMSIS Pack Vendor :STMicroelectronics X-CUBE-SMBUS 2.1.0
2023-12-11 11:45:53,455 [INFO] ThirdParty:1030 - CMSIS Pack Vendor :STMicroelectronics USB_DEVICE 3.0.0
2023-12-11 11:45:53,455 [INFO] ThirdParty:1030 - CMSIS Pack Vendor :STMicroelectronics X-CUBE-AZRTOS-WB 2.0.0
2023-12-11 11:45:53,455 [INFO] ThirdParty:1030 - CMSIS Pack Vendor :STMicroelectronics X-CUBE-AZRTOS-F7 1.1.0
2023-12-11 11:45:53,455 [INFO] ThirdParty:1030 - CMSIS Pack Vendor :STMicroelectronics X-CUBE-AZRTOS-L5 2.0.0
2023-12-11 11:45:53,455 [INFO] ThirdParty:1030 - CMSIS Pack Vendor :STMicroelectronics USB_DEVICE 2.0.0
2023-12-11 11:45:53,455 [INFO] ThirdParty:1030 - CMSIS Pack Vendor :STMicroelectronics X-CUBE-MEMS1 9.6.0
2023-12-11 11:45:53,455 [INFO] ThirdParty:1030 - CMSIS Pack Vendor :STMicroelectronics X-CUBE-EEPRMA1 4.2.0
2023-12-11 11:45:53,455 [INFO] ThirdParty:1030 - CMSIS Pack Vendor :ITTIA_DB I-CUBE-ITTIADB 8.8.0
2023-12-11 11:45:53,455 [INFO] ThirdParty:1030 - CMSIS Pack Vendor :STMicroelectronics FP-SNS-MOTENV1 4.3.2
2023-12-11 11:45:53,455 [INFO] ThirdParty:1030 - CMSIS Pack Vendor :STMicroelectronics X-CUBE-ALGOBUILD 1.3.0
2023-12-11 11:45:53,455 [INFO] ThirdParty:1030 - CMSIS Pack Vendor :STMicroelectronics FreeRTOS 0.0.1
2023-12-11 11:45:53,456 [INFO] ThirdParty:1030 - CMSIS Pack Vendor :STMicroelectronics X-CUBE-AZRTOS-G0 1.1.0
2023-12-11 11:45:53,456 [INFO] ThirdParty:1030 - CMSIS Pack Vendor :STMicroelectronics X-CUBE-BLEMGR 2.0.0
2023-12-11 11:45:53,456 [INFO] ThirdParty:1030 - CMSIS Pack Vendor :STMicroelectronics X-CUBE-NFC4 3.0.0
2023-12-11 11:45:53,456 [INFO] ThirdParty:1030 - CMSIS Pack Vendor :STMicroelectronics X-CUBE-SUBG2 5.0.0
2023-12-11 11:45:53,456 [INFO] ThirdParty:1030 - CMSIS Pack Vendor :STMicroelectronics STM32_WPAN 1.0.0
2023-12-11 11:45:53,456 [INFO] ThirdParty:1030 - CMSIS Pack Vendor :STMicroelectronics lwIP 2.0.3
2023-12-11 11:45:53,456 [INFO] ThirdParty:1030 - CMSIS Pack Vendor :STMicroelectronics FP-SNS-FLIGHT1 5.0.2
2023-12-11 11:45:53,456 [INFO] ThirdParty:1030 - CMSIS Pack Vendor :STMicroelectronics USB_HOST 1.0.0
2023-12-11 11:45:53,456 [INFO] ThirdParty:1030 - CMSIS Pack Vendor :STMicroelectronics X-CUBE-TOF1 3.3.1
2023-12-11 11:45:53,456 [INFO] ThirdParty:1030 - CMSIS Pack Vendor :STMicroelectronics X-CUBE-AZRTOS-G4 2.0.0
2023-12-11 11:45:53,456 [INFO] ThirdParty:1030 - CMSIS Pack Vendor :STMicroelectronics PDM2PCM 3.1.0
2023-12-11 11:45:53,456 [INFO] ThirdParty:1030 - CMSIS Pack Vendor :STMicroelectronics X-CUBE-AZRTOS-H7 3.1.0
2023-12-11 11:45:53,456 [INFO] ThirdParty:1030 - CMSIS Pack Vendor :Infineon AIROC-Wi-Fi-Bluetooth-STM32 1.5.1
2023-12-11 11:45:53,456 [INFO] ThirdParty:1030 - CMSIS Pack Vendor :STMicroelectronics X-CUBE-BLEMGR 3.0.0
2023-12-11 11:45:53,456 [INFO] ThirdParty:1030 - CMSIS Pack Vendor :STMicroelectronics PDM2PCM 3.3.0
2023-12-11 11:45:53,456 [INFO] ThirdParty:1030 - CMSIS Pack Vendor :STMicroelectronics X-CUBE-DISPLAY 3.0.0
2023-12-11 11:45:53,456 [INFO] ThirdParty:1030 - CMSIS Pack Vendor :STMicroelectronics FP-SNS-MOTENVWB1 1.3.0
2023-12-11 11:45:53,457 [INFO] ThirdParty:1030 - CMSIS Pack Vendor :STMicroelectronics FP-SNS-MOTENVWB1 1.3.1
2023-12-11 11:45:53,457 [INFO] ThirdParty:1030 - CMSIS Pack Vendor :STMicroelectronics X-CUBE-BLE1 7.0.0
2023-12-11 11:45:53,457 [INFO] ThirdParty:1030 - CMSIS Pack Vendor :STMicroelectronics FP-ATR-SIGFOX1 3.2.0
2023-12-11 11:45:53,457 [INFO] ThirdParty:1030 - CMSIS Pack Vendor :STMicroelectronics X-CUBE-ISPU 2.0.0
2023-12-11 11:45:53,457 [INFO] ThirdParty:1030 - CMSIS Pack Vendor :STMicroelectronics HAL Drivers 0.0.0
2023-12-11 11:45:53,457 [INFO] ThirdParty:1030 - CMSIS Pack Vendor :STMicroelectronics MBEDTLS 2.16.2
2023-12-11 11:45:53,457 [INFO] ThirdParty:1030 - CMSIS Pack Vendor :emotas I-CUBE-CANOPEN 1.3.0
2023-12-11 11:45:53,457 [INFO] ThirdParty:1030 - CMSIS Pack Vendor :STMicroelectronics X-CUBE-MEMS1 10.0.0
2023-12-11 11:45:53,457 [INFO] ThirdParty:1030 - CMSIS Pack Vendor :STMicroelectronics X-CUBE-FREERTOS 1.1.0
2023-12-11 11:45:53,457 [INFO] ThirdParty:1030 - CMSIS Pack Vendor :STMicroelectronics X-CUBE-TOUCHGFX 4.22.0
2023-12-11 11:45:53,457 [INFO] ThirdParty:1030 - CMSIS Pack Vendor :STMicroelectronics X-CUBE-NFC7 1.0.1
2023-12-11 11:45:53,457 [INFO] ThirdParty:1030 - CMSIS Pack Vendor :STMicroelectronics MBEDTLS 2.14.1
2023-12-11 11:45:53,457 [INFO] ThirdParty:1030 - CMSIS Pack Vendor :STMicroelectronics X-CUBE-TOUCHGFX 4.22.1
2023-12-11 11:45:53,457 [INFO] ThirdParty:1030 - CMSIS Pack Vendor :STMicroelectronics X-CUBE-NFC6 3.0.0
2023-12-11 11:45:53,457 [INFO] ThirdParty:1030 - CMSIS Pack Vendor :STMicroelectronics X-CUBE-EEPRMA1 4.1.0
2023-12-11 11:45:53,457 [INFO] ThirdParty:1030 - CMSIS Pack Vendor :portGmbH I-Cube-SoM-uGOAL 1.1.0
2023-12-11 11:45:53,457 [INFO] ThirdParty:1030 - CMSIS Pack Vendor :STMicroelectronics X-CUBE-ALS 1.0.1
2023-12-11 11:45:53,457 [INFO] ThirdParty:1030 - CMSIS Pack Vendor :STMicroelectronics ThreadX 1.0.0
2023-12-11 11:45:53,457 [INFO] ThirdParty:1030 - CMSIS Pack Vendor :STMicroelectronics FP-SNS-SMARTAG2 1.2.0
2023-12-11 11:45:53,457 [INFO] ThirdParty:1030 - CMSIS Pack Vendor :STMicroelectronics X-CUBE-AZRTOS-WL 2.0.0
2023-12-11 11:45:53,458 [INFO] ThirdParty:1030 - CMSIS Pack Vendor :SEGGER I-CUBE-embOS 1.3.1
2023-12-11 11:45:53,458 [INFO] ThirdParty:1030 - CMSIS Pack Vendor :STMicroelectronics USB_DEVICE 1.0.0
2023-12-11 11:45:53,458 [INFO] ThirdParty:1030 - CMSIS Pack Vendor :STMicroelectronics X-CUBE-AI 8.1.0
2023-12-11 11:45:53,458 [INFO] ThirdParty:1030 - CMSIS Pack Vendor :STMicroelectronics X-CUBE-AZRTOS-L4 2.0.0
2023-12-11 11:45:53,458 [INFO] ThirdParty:1030 - CMSIS Pack Vendor :STMicroelectronics ThreadX 0.0.2
2023-12-11 11:45:53,458 [INFO] ThirdParty:1030 - CMSIS Pack Vendor :WES I-CUBE-Cesium 1.3.0
2023-12-11 11:45:53,458 [INFO] ThirdParty:1030 - CMSIS Pack Vendor :STMicroelectronics FP-ATR-ASTRA1 2.0.0
2023-12-11 11:45:53,458 [INFO] ThirdParty:1030 - CMSIS Pack Vendor :STMicroelectronics lwIP 2.1.2
2023-12-11 11:45:53,458 [INFO] ThirdParty:1030 - CMSIS Pack Vendor :STMicroelectronics X-CUBE-SFXS2LP1 4.0.0
2023-12-11 11:45:53,458 [INFO] ThirdParty:1030 - CMSIS Pack Vendor :STMicroelectronics X-CUBE-BLE2 3.3.0
2023-12-11 11:45:53,458 [INFO] ThirdParty:1030 - CMSIS Pack Vendor :STMicroelectronics X-CUBE-TOF1 3.4.0
2023-12-11 11:45:53,458 [INFO] ThirdParty:1030 - CMSIS Pack Vendor :STMicroelectronics X-CUBE-AZRTOS-H7 3.2.0
2023-12-11 11:45:53,458 [INFO] ThirdParty:1030 - CMSIS Pack Vendor :STMicroelectronics PDM2PCM 3.2.0
2023-12-11 11:45:53,458 [INFO] ThirdParty:841 - exiting critical section [change project]
2023-12-11 11:45:53,751 [INFO] PinOutPanel:1499 - setPackage(No Configuration,No Configuration)
2023-12-11 11:45:53,754 [INFO] PinOutPanel:1499 - setPackage(STM32F072RBTx,LQFP64)
2023-12-11 11:45:54,460 [INFO] UtilMem:75 - Before build in PCC Used Memory: 573101216 Bytes (1073741824)
2023-12-11 11:45:55,100 [INFO] UtilMem:75 - After build in PCC Used Memory: 630146448 Bytes (1073741824)
2023-12-11 11:45:55,121 [INFO] IPUIPlugin:80 - create IPUIPlugin
2023-12-11 11:45:55,121 [INFO] IPUIPlugin:80 - create IPUIPlugin
2023-12-11 11:45:55,121 [INFO] IPUIPlugin:80 - create IPUIPlugin
2023-12-11 11:45:55,121 [INFO] IPUIPlugin:80 - create IPUIPlugin
2023-12-11 11:45:55,121 [INFO] IPUIPlugin:80 - create IPUIPlugin
2023-12-11 11:45:55,122 [INFO] IPUIPlugin:80 - create IPUIPlugin
2023-12-11 11:45:55,122 [INFO] IPUIPlugin:80 - create IPUIPlugin
2023-12-11 11:45:55,122 [INFO] IPUIPlugin:80 - create IPUIPlugin
2023-12-11 11:45:55,122 [INFO] IPUIPlugin:80 - create IPUIPlugin
2023-12-11 11:45:55,122 [INFO] IPUIPlugin:80 - create IPUIPlugin
2023-12-11 11:45:55,122 [INFO] IPUIPlugin:80 - create IPUIPlugin
2023-12-11 11:45:55,122 [INFO] IPUIPlugin:80 - create IPUIPlugin
2023-12-11 11:45:55,122 [INFO] IPUIPlugin:80 - create IPUIPlugin
2023-12-11 11:45:55,122 [INFO] IPUIPlugin:80 - create IPUIPlugin
2023-12-11 11:45:55,122 [INFO] IPUIPlugin:80 - create IPUIPlugin
2023-12-11 11:45:55,123 [INFO] IPUIPlugin:80 - create IPUIPlugin
2023-12-11 11:45:55,123 [INFO] IPUIPlugin:80 - create IPUIPlugin
2023-12-11 11:45:55,123 [INFO] IPUIPlugin:80 - create IPUIPlugin
2023-12-11 11:45:55,123 [INFO] IPUIPlugin:80 - create IPUIPlugin
2023-12-11 11:45:55,123 [INFO] IPUIPlugin:80 - create IPUIPlugin
2023-12-11 11:45:55,123 [INFO] IPUIPlugin:80 - create IPUIPlugin
2023-12-11 11:45:55,124 [INFO] IPUIPlugin:80 - create IPUIPlugin
2023-12-11 11:45:55,124 [INFO] IPUIPlugin:80 - create IPUIPlugin
2023-12-11 11:45:55,124 [INFO] IPUIPlugin:80 - create IPUIPlugin
2023-12-11 11:45:55,124 [INFO] IPUIPlugin:80 - create IPUIPlugin
2023-12-11 11:45:55,124 [INFO] IPUIPlugin:80 - create IPUIPlugin
2023-12-11 11:45:55,124 [INFO] IPUIPlugin:80 - create IPUIPlugin
2023-12-11 11:45:55,124 [INFO] IPUIPlugin:80 - create IPUIPlugin
2023-12-11 11:45:55,125 [INFO] IPUIPlugin:80 - create IPUIPlugin
2023-12-11 11:45:55,125 [INFO] IPUIPlugin:80 - create IPUIPlugin
2023-12-11 11:45:55,125 [INFO] IPUIPlugin:80 - create IPUIPlugin
2023-12-11 11:45:55,125 [INFO] IPUIPlugin:80 - create IPUIPlugin
2023-12-11 11:45:55,125 [INFO] IPUIPlugin:80 - create IPUIPlugin
2023-12-11 11:45:55,125 [INFO] IPUIPlugin:80 - create IPUIPlugin
2023-12-11 11:45:55,126 [INFO] IPUIPlugin:80 - create IPUIPlugin
2023-12-11 11:45:55,126 [INFO] IPUIPlugin:80 - create IPUIPlugin
2023-12-11 11:45:55,126 [INFO] IPUIPlugin:80 - create IPUIPlugin
2023-12-11 11:45:55,126 [INFO] IPUIPlugin:80 - create IPUIPlugin
2023-12-11 11:45:55,127 [INFO] IPUIPlugin:80 - create IPUIPlugin
2023-12-11 11:45:55,127 [INFO] IPUIPlugin:80 - create IPUIPlugin
2023-12-11 11:45:55,127 [INFO] IPUIPlugin:80 - create IPUIPlugin
2023-12-11 11:45:55,307 [INFO] CADModel:165 - CPN selected for project levelSTM32F072RBT6
2023-12-11 11:45:55,307 [INFO] CADModel:114 - Register for checkConnection events
2023-12-11 11:45:55,369 [INFO] OpenFileManager:328 - Restore cursor
2023-12-11 11:48:34,750 [INFO] UtilMem:75 - End SaveConfig() Used Memory: 644207280 Bytes (1073741824)
2023-12-11 11:48:35,986 [INFO] UtilMem:75 - End SaveConfig() Used Memory: 680355384 Bytes (1073741824)
2023-12-11 11:48:39,383 [INFO] UtilMem:75 - End SaveConfig() Used Memory: 755355968 Bytes (1073741824)
2023-12-11 11:48:39,694 [INFO] ProjectBuilder:2350 - IP not ready for code generation: COMP1
2023-12-11 11:48:53,733 [INFO] UtilMem:75 - End SaveConfig() Used Memory: 576877792 Bytes (1073741824)
2023-12-11 11:48:55,170 [INFO] UtilMem:75 - End SaveConfig() Used Memory: 600246944 Bytes (1073741824)
2023-12-11 11:48:55,315 [INFO] UtilMem:75 - End SaveConfig() Used Memory: 658629968 Bytes (1073741824)
2023-12-11 11:48:55,505 [INFO] BlockDiagram:2759 - set Specific Code input for plugin: ADC
2023-12-11 11:48:55,505 [INFO] BlockDiagram:2759 - set Specific Code input for plugin: NVIC
2023-12-11 11:48:55,505 [INFO] BlockDiagram:2759 - set Specific Code input for plugin: USART
2023-12-11 11:48:55,505 [INFO] BlockDiagram:2759 - set Specific Code input for plugin: USART
2023-12-11 11:48:55,505 [INFO] BlockDiagram:2759 - set Specific Code input for plugin: SYS
2023-12-11 11:48:55,506 [INFO] BlockDiagram:2759 - set Specific Code input for plugin: GPIO
2023-12-11 11:48:55,506 [INFO] BlockDiagram:2759 - set Specific Code input for plugin: RCC
2023-12-11 11:48:55,506 [INFO] BlockDiagram:2759 - set Specific Code input for plugin: I2C
2023-12-11 11:48:55,507 [INFO] CodeGenerator:799 - code generatio: config db path: C:\ST\STM32CubeIDE_1.13.2\STM32CubeIDE\plugins\com.st.stm32cube.common.mx_6.9.2.202309101412\\db\
2023-12-11 11:48:55,697 [INFO] CodeEngine:255 - oldGeneratedFile, C:\Users\jespe\STM32CubeIDE\workspace_1.13.2\test\MXTmpFiles\license.tmp_save
2023-12-11 11:48:56,183 [INFO] CodeEngine:279 - Generated code: C:\Users\jespe\STM32CubeIDE\workspace_1.13.2\test\MXTmpFiles\license.tmp
2023-12-11 11:48:56,314 [INFO] CodeEngine:255 - oldGeneratedFile, C:\Users\jespe\STM32CubeIDE\workspace_1.13.2\test\MXTmpFiles\gpio.tmp_save
2023-12-11 11:48:56,446 [INFO] CodeEngine:279 - Generated code: C:\Users\jespe\STM32CubeIDE\workspace_1.13.2\test\MXTmpFiles\gpio.tmp
2023-12-11 11:48:56,813 [INFO] CodeEngine:255 - oldGeneratedFile, C:\Users\jespe\STM32CubeIDE\workspace_1.13.2\test\Core\Src\stm32f0xx_it.c_save
2023-12-11 11:48:56,939 [INFO] CodeEngine:279 - Generated code: C:\Users\jespe\STM32CubeIDE\workspace_1.13.2\test\Core\Src\stm32f0xx_it.c
2023-12-11 11:48:56,961 [INFO] CodeEngine:255 - oldGeneratedFile, C:\Users\jespe\STM32CubeIDE\workspace_1.13.2\test\Core\Inc\stm32f0xx_it.h_save
2023-12-11 11:48:57,047 [INFO] CodeEngine:279 - Generated code: C:\Users\jespe\STM32CubeIDE\workspace_1.13.2\test\Core\Inc\stm32f0xx_it.h
2023-12-11 11:48:57,077 [INFO] CodeEngine:255 - oldGeneratedFile, C:\Users\jespe\STM32CubeIDE\workspace_1.13.2\test\Core\Src\stm32f0xx_hal_msp.c_save
2023-12-11 11:48:57,214 [INFO] CodeEngine:279 - Generated code: C:\Users\jespe\STM32CubeIDE\workspace_1.13.2\test\Core\Src\stm32f0xx_hal_msp.c
2023-12-11 11:48:57,228 [INFO] CodeEngine:255 - oldGeneratedFile, C:\Users\jespe\STM32CubeIDE\workspace_1.13.2\test\MXTmpFiles\system.tmp_save
2023-12-11 11:48:57,297 [INFO] CodeEngine:279 - Generated code: C:\Users\jespe\STM32CubeIDE\workspace_1.13.2\test\MXTmpFiles\system.tmp
2023-12-11 11:48:57,327 [INFO] CodeEngine:311 - oldGeneratedFile, C:\Users\jespe\STM32CubeIDE\workspace_1.13.2\test\Core\Inc\stm32f0xx_hal_conf.h_save
2023-12-11 11:48:57,419 [INFO] CodeEngine:335 - Generated code: C:\Users\jespe\STM32CubeIDE\workspace_1.13.2\test\Core\Inc\stm32f0xx_hal_conf.h
2023-12-11 11:48:57,471 [INFO] CodeEngine:255 - oldGeneratedFile, C:\Users\jespe\STM32CubeIDE\workspace_1.13.2\test\Core\Inc\main.h_save
2023-12-11 11:48:57,564 [INFO] CodeEngine:279 - Generated code: C:\Users\jespe\STM32CubeIDE\workspace_1.13.2\test\Core\Inc\main.h
2023-12-11 11:48:57,587 [INFO] CodeEngine:255 - oldGeneratedFile, C:\Users\jespe\STM32CubeIDE\workspace_1.13.2\test\Core\Src\main.c_save
2023-12-11 11:48:57,757 [INFO] CodeEngine:279 - Generated code: C:\Users\jespe\STM32CubeIDE\workspace_1.13.2\test\Core\Src\main.c
2023-12-11 11:48:58,217 [INFO] ProjectBuilder:3064 - Time for Copy HAL[2] : 1mS.
2023-12-11 11:48:58,224 [INFO] ProjectBuilder:4404 - Project Generator version: 4.1.0
2023-12-11 11:48:58,396 [INFO] ConfigFileManager:1457 - The Die is : DIE448
2023-12-11 11:48:58,411 [INFO] ApiDbMcu:507 - Load IP Config File for FATFS
2023-12-11 11:48:58,421 [INFO] ApiDbMcu:507 - Load IP Config File for FREERTOS
2023-12-11 11:48:58,439 [INFO] ApiDbMcu:507 - Load IP Config File for TOUCHSENSING
2023-12-11 11:48:58,452 [INFO] ApiDbMcu:507 - Load IP Config File for USB_DEVICE
2023-12-11 11:48:59,626 [INFO] LogOutputStream:77 - [STDOUT_REDIRECT] 
2023-12-11 11:49:01,561 [INFO] ProjectBuilder:4626 - Time for Generating toolchain IDE Files: 3335mS.
2023-12-11 11:49:01,562 [INFO] ProjectBuilder:2935 - Time for Copy CMSIS : 0mS.
2023-12-11 11:49:01,566 [INFO] ProjectBuilder:2935 - Time for Copy CMSIS : 0mS.
2023-12-11 11:59:50,551 [INFO] MainUpdater:2868 - connection check result : 10
2023-12-11 11:59:50,551 [INFO] MainUpdater:2868 - connection check result : 10
2023-12-11 11:59:50,612 [INFO] I2cTimingTraitement:330 - 0x2000090E
2023-12-11 11:59:50,616 [INFO] MicroXplorer:468 - Change Database Path : 
2023-12-11 11:59:50,616 [INFO] MicroXplorer:498 - Change Database Version : DB.6.0.92
2023-12-11 11:59:50,639 [WARN] ThirdParty:871 - waiting for thirdparty lock release [close project]
2023-12-11 11:59:50,639 [INFO] ThirdParty:873 - entering critical section [close project]
2023-12-11 11:59:50,640 [INFO] ThirdParty:883 - exiting critical section [close project]
2023-12-11 11:59:50,641 [INFO] PinOutPanel:1499 - setPackage(No Configuration,No Configuration)
2023-12-11 11:59:50,647 [INFO] UtilMem:75 - Begin LoadConfig() Used Memory: 769159104 Bytes (1073741824)
2023-12-11 11:59:50,647 [INFO] MicroXplorer:468 - Change Database Path : 
2023-12-11 11:59:50,647 [INFO] MicroXplorer:498 - Change Database Version : DB.6.0.92
2023-12-11 11:59:50,647 [INFO] OpenFileManager:308 - Change cursor
2023-12-11 11:59:50,665 [INFO] RulesReader:64 - Compatibility file has been processed (293 Rules)
2023-12-11 11:59:50,667 [INFO] Mcu:1946 - Initializing MCU STM32F072R(8-B)Tx STM32F072RBTx STM32F072RBT6
2023-12-11 11:59:51,282 [INFO] Context:659 - Trying to add GPIOservice into a context  which must be forbidden
2023-12-11 11:59:51,577 [INFO] RtosManager:555 - Registered RTOS mode: class=CMSIS, group=RTOS, mode=CMSIS_V1, owner=FREERTOS
2023-12-11 11:59:51,578 [INFO] RtosManager:555 - Registered RTOS mode: class=CMSIS, group=RTOS2, mode=CMSIS_V2, owner=FREERTOS
2023-12-11 11:59:51,578 [INFO] RtosManager:555 - Registered RTOS mode: class=RTOS, group=Core, mode=CMSIS_V1, owner=FREERTOS
2023-12-11 11:59:51,578 [INFO] RtosManager:555 - Registered RTOS mode: class=RTOS, group=Core, mode=CMSIS_V2, owner=FREERTOS
2023-12-11 11:59:51,578 [WARN] ModelIntegratedComponent:184 - Missing modes for component STMicroelectronics:FreeRTOS:0.0.1:STMicroelectronics:RTOS:FreeRTOS:Core:::10.2.0:
2023-12-11 11:59:51,585 [WARN] ModelIntegratedComponent:63 - No mode defined for component null
2023-12-11 11:59:51,585 [WARN] ModelIntegratedComponent:63 - No mode defined for component null
2023-12-11 11:59:51,585 [WARN] ModelIntegratedComponent:63 - No mode defined for component null
2023-12-11 11:59:51,585 [WARN] ModelIntegratedComponent:63 - No mode defined for component null
2023-12-11 11:59:51,585 [WARN] ModelIntegratedComponent:63 - No mode defined for component null
2023-12-11 11:59:51,585 [WARN] ModelIntegratedComponent:63 - No mode defined for component null
2023-12-11 11:59:51,585 [WARN] ModelIntegratedComponent:63 - No mode defined for component null
2023-12-11 11:59:51,585 [WARN] ModelIntegratedComponent:63 - No mode defined for component null
2023-12-11 11:59:51,585 [WARN] ModelIntegratedComponent:63 - No mode defined for component null
2023-12-11 11:59:51,585 [WARN] ModelIntegratedComponent:63 - No mode defined for component null
2023-12-11 11:59:51,585 [WARN] ModelIntegratedComponent:63 - No mode defined for component null
2023-12-11 11:59:51,586 [WARN] ModelIntegratedComponent:63 - No mode defined for component null
2023-12-11 11:59:51,586 [WARN] ModelIntegratedComponent:63 - No mode defined for component null
2023-12-11 11:59:51,586 [WARN] ModelIntegratedComponent:63 - No mode defined for component null
2023-12-11 11:59:51,586 [WARN] ModelIntegratedComponent:63 - No mode defined for component null
2023-12-11 11:59:51,586 [WARN] ModelIntegratedComponent:63 - No mode defined for component null
2023-12-11 11:59:51,586 [WARN] ModelIntegratedComponent:63 - No mode defined for component null
2023-12-11 11:59:51,586 [WARN] ModelIntegratedComponent:63 - No mode defined for component null
2023-12-11 11:59:51,586 [WARN] ModelIntegratedComponent:63 - No mode defined for component null
2023-12-11 11:59:51,586 [WARN] ModelIntegratedComponent:63 - No mode defined for component null
2023-12-11 11:59:51,586 [WARN] ModelIntegratedComponent:63 - No mode defined for component null
2023-12-11 11:59:51,586 [WARN] ModelIntegratedComponent:63 - No mode defined for component null
2023-12-11 11:59:51,586 [WARN] ModelIntegratedComponent:63 - No mode defined for component null
2023-12-11 11:59:51,586 [WARN] ModelIntegratedComponent:63 - No mode defined for component null
2023-12-11 11:59:51,586 [WARN] ModelIntegratedComponent:63 - No mode defined for component null
2023-12-11 11:59:51,586 [WARN] ModelIntegratedComponent:63 - No mode defined for component null
2023-12-11 11:59:51,586 [WARN] ModelIntegratedComponent:63 - No mode defined for component null
2023-12-11 11:59:51,586 [WARN] ModelIntegratedComponent:63 - No mode defined for component null
2023-12-11 11:59:51,586 [WARN] ModelIntegratedComponent:63 - No mode defined for component null
2023-12-11 11:59:51,586 [WARN] ModelIntegratedComponent:63 - No mode defined for component null
2023-12-11 11:59:51,586 [WARN] ModelIntegratedComponent:63 - No mode defined for component null
2023-12-11 11:59:51,586 [WARN] ModelIntegratedComponent:63 - No mode defined for component null
2023-12-11 11:59:51,586 [WARN] ModelIntegratedComponent:63 - No mode defined for component null
2023-12-11 11:59:51,653 [INFO] ThirdPartyModel:298 - Start build external matchings
2023-12-11 11:59:52,299 [INFO] ThirdPartyModel:316 - End build external matchings
2023-12-11 11:59:52,310 [INFO] ImportTextPane:194 - (OptionalMessage_ERROR) IP (RCC) : Parameter (FLatency) has Id (AdvancedSettings) currently not set
2023-12-11 11:59:52,310 [INFO] ImportTextPane:194 - (OptionalMessage_ERROR) IP (RCC) : Invalid parameter (FamilyName)
2023-12-11 11:59:52,310 [INFO] ImportTextPane:194 - (OptionalMessage_ERROR) IP (RCC) : Invalid parameter (HSICECFreq_Value)
2023-12-11 11:59:52,310 [INFO] ImportTextPane:194 - (OptionalMessage_ERROR) IP (RCC) : Parameter (PREFETCH_ENABLE) has Id (AdvancedSettings) currently not set
2023-12-11 11:59:52,520 [INFO] UtilMem:75 - End LoadConfig() Used Memory: 656766944 Bytes (1073741824)
2023-12-11 11:59:52,554 [WARN] ThirdParty:833 - waiting for thirdparty lock release [change project]
2023-12-11 11:59:52,554 [INFO] ThirdParty:835 - entering critical section [change project]
2023-12-11 11:59:52,555 [INFO] ThirdParty:1030 - CMSIS Pack Vendor :STMicroelectronics X-CUBE-ISPU 1.1.0
2023-12-11 11:59:52,555 [INFO] ThirdParty:1030 - CMSIS Pack Vendor :STMicroelectronics USBPD 4.1
2023-12-11 11:59:52,555 [INFO] ThirdParty:1030 - CMSIS Pack Vendor :STMicroelectronics X-CUBE-GNSS1 6.0.0
2023-12-11 11:59:52,555 [INFO] ThirdParty:1030 - CMSIS Pack Vendor :STMicroelectronics USB_HOST 2.0.0
2023-12-11 11:59:52,555 [INFO] ThirdParty:1030 - CMSIS Pack Vendor :STMicroelectronics X-CUBE-AZRTOS-F4 1.1.0
2023-12-11 11:59:52,555 [INFO] ThirdParty:1030 - CMSIS Pack Vendor :STMicroelectronics LIBJPEG 8.0.0
2023-12-11 11:59:52,555 [INFO] ThirdParty:1030 - CMSIS Pack Vendor :wolfSSL I-CUBE-wolfSSL 5.6.3
2023-12-11 11:59:52,555 [INFO] ThirdParty:1030 - CMSIS Pack Vendor :STMicroelectronics X-CUBE-SMBUS 2.1.0
2023-12-11 11:59:52,555 [INFO] ThirdParty:1030 - CMSIS Pack Vendor :STMicroelectronics USB_DEVICE 3.0.0
2023-12-11 11:59:52,555 [INFO] ThirdParty:1030 - CMSIS Pack Vendor :STMicroelectronics X-CUBE-AZRTOS-WB 2.0.0
2023-12-11 11:59:52,555 [INFO] ThirdParty:1030 - CMSIS Pack Vendor :STMicroelectronics X-CUBE-AZRTOS-F7 1.1.0
2023-12-11 11:59:52,555 [INFO] ThirdParty:1030 - CMSIS Pack Vendor :STMicroelectronics X-CUBE-AZRTOS-L5 2.0.0
2023-12-11 11:59:52,555 [INFO] ThirdParty:1030 - CMSIS Pack Vendor :STMicroelectronics USB_DEVICE 2.0.0
2023-12-11 11:59:52,555 [INFO] ThirdParty:1030 - CMSIS Pack Vendor :STMicroelectronics X-CUBE-MEMS1 9.6.0
2023-12-11 11:59:52,555 [INFO] ThirdParty:1030 - CMSIS Pack Vendor :STMicroelectronics X-CUBE-EEPRMA1 4.2.0
2023-12-11 11:59:52,555 [INFO] ThirdParty:1030 - CMSIS Pack Vendor :ITTIA_DB I-CUBE-ITTIADB 8.8.0
2023-12-11 11:59:52,555 [INFO] ThirdParty:1030 - CMSIS Pack Vendor :STMicroelectronics FP-SNS-MOTENV1 4.3.2
2023-12-11 11:59:52,555 [INFO] ThirdParty:1030 - CMSIS Pack Vendor :STMicroelectronics X-CUBE-ALGOBUILD 1.3.0
2023-12-11 11:59:52,555 [INFO] ThirdParty:1030 - CMSIS Pack Vendor :STMicroelectronics FreeRTOS 0.0.1
2023-12-11 11:59:52,555 [INFO] ThirdParty:1030 - CMSIS Pack Vendor :STMicroelectronics X-CUBE-AZRTOS-G0 1.1.0
2023-12-11 11:59:52,555 [INFO] ThirdParty:1030 - CMSIS Pack Vendor :STMicroelectronics X-CUBE-BLEMGR 2.0.0
2023-12-11 11:59:52,555 [INFO] ThirdParty:1030 - CMSIS Pack Vendor :STMicroelectronics X-CUBE-NFC4 3.0.0
2023-12-11 11:59:52,555 [INFO] ThirdParty:1030 - CMSIS Pack Vendor :STMicroelectronics X-CUBE-SUBG2 5.0.0
2023-12-11 11:59:52,555 [INFO] ThirdParty:1030 - CMSIS Pack Vendor :STMicroelectronics STM32_WPAN 1.0.0
2023-12-11 11:59:52,556 [INFO] ThirdParty:1030 - CMSIS Pack Vendor :STMicroelectronics lwIP 2.0.3
2023-12-11 11:59:52,556 [INFO] ThirdParty:1030 - CMSIS Pack Vendor :STMicroelectronics FP-SNS-FLIGHT1 5.0.2
2023-12-11 11:59:52,556 [INFO] ThirdParty:1030 - CMSIS Pack Vendor :STMicroelectronics USB_HOST 1.0.0
2023-12-11 11:59:52,556 [INFO] ThirdParty:1030 - CMSIS Pack Vendor :STMicroelectronics X-CUBE-TOF1 3.3.1
2023-12-11 11:59:52,556 [INFO] ThirdParty:1030 - CMSIS Pack Vendor :STMicroelectronics X-CUBE-AZRTOS-G4 2.0.0
2023-12-11 11:59:52,556 [INFO] ThirdParty:1030 - CMSIS Pack Vendor :STMicroelectronics PDM2PCM 3.1.0
2023-12-11 11:59:52,556 [INFO] ThirdParty:1030 - CMSIS Pack Vendor :STMicroelectronics X-CUBE-AZRTOS-H7 3.1.0
2023-12-11 11:59:52,556 [INFO] ThirdParty:1030 - CMSIS Pack Vendor :Infineon AIROC-Wi-Fi-Bluetooth-STM32 1.5.1
2023-12-11 11:59:52,556 [INFO] ThirdParty:1030 - CMSIS Pack Vendor :STMicroelectronics X-CUBE-BLEMGR 3.0.0
2023-12-11 11:59:52,556 [INFO] ThirdParty:1030 - CMSIS Pack Vendor :STMicroelectronics PDM2PCM 3.3.0
2023-12-11 11:59:52,556 [INFO] ThirdParty:1030 - CMSIS Pack Vendor :STMicroelectronics X-CUBE-DISPLAY 3.0.0
2023-12-11 11:59:52,556 [INFO] ThirdParty:1030 - CMSIS Pack Vendor :STMicroelectronics FP-SNS-MOTENVWB1 1.3.0
2023-12-11 11:59:52,556 [INFO] ThirdParty:1030 - CMSIS Pack Vendor :STMicroelectronics FP-SNS-MOTENVWB1 1.3.1
2023-12-11 11:59:52,556 [INFO] ThirdParty:1030 - CMSIS Pack Vendor :STMicroelectronics X-CUBE-BLE1 7.0.0
2023-12-11 11:59:52,556 [INFO] ThirdParty:1030 - CMSIS Pack Vendor :STMicroelectronics FP-ATR-SIGFOX1 3.2.0
2023-12-11 11:59:52,556 [INFO] ThirdParty:1030 - CMSIS Pack Vendor :STMicroelectronics X-CUBE-ISPU 2.0.0
2023-12-11 11:59:52,556 [INFO] ThirdParty:1030 - CMSIS Pack Vendor :STMicroelectronics HAL Drivers 0.0.0
2023-12-11 11:59:52,556 [INFO] ThirdParty:1030 - CMSIS Pack Vendor :STMicroelectronics MBEDTLS 2.16.2
2023-12-11 11:59:52,556 [INFO] ThirdParty:1030 - CMSIS Pack Vendor :emotas I-CUBE-CANOPEN 1.3.0
2023-12-11 11:59:52,556 [INFO] ThirdParty:1030 - CMSIS Pack Vendor :STMicroelectronics X-CUBE-MEMS1 10.0.0
2023-12-11 11:59:52,556 [INFO] ThirdParty:1030 - CMSIS Pack Vendor :STMicroelectronics X-CUBE-FREERTOS 1.1.0
2023-12-11 11:59:52,556 [INFO] ThirdParty:1030 - CMSIS Pack Vendor :STMicroelectronics X-CUBE-TOUCHGFX 4.22.0
2023-12-11 11:59:52,556 [INFO] ThirdParty:1030 - CMSIS Pack Vendor :STMicroelectronics X-CUBE-NFC7 1.0.1
2023-12-11 11:59:52,556 [INFO] ThirdParty:1030 - CMSIS Pack Vendor :STMicroelectronics MBEDTLS 2.14.1
2023-12-11 11:59:52,557 [INFO] ThirdParty:1030 - CMSIS Pack Vendor :STMicroelectronics X-CUBE-TOUCHGFX 4.22.1
2023-12-11 11:59:52,557 [INFO] ThirdParty:1030 - CMSIS Pack Vendor :STMicroelectronics X-CUBE-NFC6 3.0.0
2023-12-11 11:59:52,557 [INFO] ThirdParty:1030 - CMSIS Pack Vendor :STMicroelectronics X-CUBE-EEPRMA1 4.1.0
2023-12-11 11:59:52,557 [INFO] ThirdParty:1030 - CMSIS Pack Vendor :portGmbH I-Cube-SoM-uGOAL 1.1.0
2023-12-11 11:59:52,557 [INFO] ThirdParty:1030 - CMSIS Pack Vendor :STMicroelectronics X-CUBE-ALS 1.0.1
2023-12-11 11:59:52,557 [INFO] ThirdParty:1030 - CMSIS Pack Vendor :STMicroelectronics ThreadX 1.0.0
2023-12-11 11:59:52,557 [INFO] ThirdParty:1030 - CMSIS Pack Vendor :STMicroelectronics FP-SNS-SMARTAG2 1.2.0
2023-12-11 11:59:52,557 [INFO] ThirdParty:1030 - CMSIS Pack Vendor :STMicroelectronics X-CUBE-AZRTOS-WL 2.0.0
2023-12-11 11:59:52,557 [INFO] ThirdParty:1030 - CMSIS Pack Vendor :SEGGER I-CUBE-embOS 1.3.1
2023-12-11 11:59:52,557 [INFO] ThirdParty:1030 - CMSIS Pack Vendor :STMicroelectronics USB_DEVICE 1.0.0
2023-12-11 11:59:52,557 [INFO] ThirdParty:1030 - CMSIS Pack Vendor :STMicroelectronics X-CUBE-AI 8.1.0
2023-12-11 11:59:52,557 [INFO] ThirdParty:1030 - CMSIS Pack Vendor :STMicroelectronics X-CUBE-AZRTOS-L4 2.0.0
2023-12-11 11:59:52,557 [INFO] ThirdParty:1030 - CMSIS Pack Vendor :STMicroelectronics ThreadX 0.0.2
2023-12-11 11:59:52,557 [INFO] ThirdParty:1030 - CMSIS Pack Vendor :WES I-CUBE-Cesium 1.3.0
2023-12-11 11:59:52,557 [INFO] ThirdParty:1030 - CMSIS Pack Vendor :STMicroelectronics FP-ATR-ASTRA1 2.0.0
2023-12-11 11:59:52,557 [INFO] ThirdParty:1030 - CMSIS Pack Vendor :STMicroelectronics lwIP 2.1.2
2023-12-11 11:59:52,557 [INFO] ThirdParty:1030 - CMSIS Pack Vendor :STMicroelectronics X-CUBE-SFXS2LP1 4.0.0
2023-12-11 11:59:52,557 [INFO] ThirdParty:1030 - CMSIS Pack Vendor :STMicroelectronics X-CUBE-BLE2 3.3.0
2023-12-11 11:59:52,557 [INFO] ThirdParty:1030 - CMSIS Pack Vendor :STMicroelectronics X-CUBE-TOF1 3.4.0
2023-12-11 11:59:52,557 [INFO] ThirdParty:1030 - CMSIS Pack Vendor :STMicroelectronics X-CUBE-AZRTOS-H7 3.2.0
2023-12-11 11:59:52,557 [INFO] ThirdParty:1030 - CMSIS Pack Vendor :STMicroelectronics PDM2PCM 3.2.0
2023-12-11 11:59:52,557 [INFO] ThirdParty:841 - exiting critical section [change project]
2023-12-11 11:59:52,664 [INFO] PinOutPanel:1499 - setPackage(No Configuration,No Configuration)
2023-12-11 11:59:52,665 [INFO] PinOutPanel:1499 - setPackage(STM32F072RBTx,LQFP64)
2023-12-11 11:59:53,061 [INFO] UtilMem:75 - Before build in PCC Used Memory: 859544752 Bytes (1073741824)
2023-12-11 11:59:53,219 [INFO] UtilMem:75 - After build in PCC Used Memory: 903584960 Bytes (1073741824)
2023-12-11 11:59:53,233 [INFO] IPUIPlugin:80 - create IPUIPlugin
2023-12-11 11:59:53,233 [INFO] IPUIPlugin:80 - create IPUIPlugin
2023-12-11 11:59:53,233 [INFO] IPUIPlugin:80 - create IPUIPlugin
2023-12-11 11:59:53,233 [INFO] IPUIPlugin:80 - create IPUIPlugin
2023-12-11 11:59:53,233 [INFO] IPUIPlugin:80 - create IPUIPlugin
2023-12-11 11:59:53,233 [INFO] IPUIPlugin:80 - create IPUIPlugin
2023-12-11 11:59:53,233 [INFO] IPUIPlugin:80 - create IPUIPlugin
2023-12-11 11:59:53,233 [INFO] IPUIPlugin:80 - create IPUIPlugin
2023-12-11 11:59:53,234 [INFO] IPUIPlugin:80 - create IPUIPlugin
2023-12-11 11:59:53,234 [INFO] IPUIPlugin:80 - create IPUIPlugin
2023-12-11 11:59:53,234 [INFO] IPUIPlugin:80 - create IPUIPlugin
2023-12-11 11:59:53,234 [INFO] IPUIPlugin:80 - create IPUIPlugin
2023-12-11 11:59:53,234 [INFO] IPUIPlugin:80 - create IPUIPlugin
2023-12-11 11:59:53,234 [INFO] IPUIPlugin:80 - create IPUIPlugin
2023-12-11 11:59:53,234 [INFO] IPUIPlugin:80 - create IPUIPlugin
2023-12-11 11:59:53,234 [INFO] IPUIPlugin:80 - create IPUIPlugin
2023-12-11 11:59:53,234 [INFO] IPUIPlugin:80 - create IPUIPlugin
2023-12-11 11:59:53,234 [INFO] IPUIPlugin:80 - create IPUIPlugin
2023-12-11 11:59:53,235 [INFO] IPUIPlugin:80 - create IPUIPlugin
2023-12-11 11:59:53,235 [INFO] IPUIPlugin:80 - create IPUIPlugin
2023-12-11 11:59:53,235 [INFO] IPUIPlugin:80 - create IPUIPlugin
2023-12-11 11:59:53,235 [INFO] IPUIPlugin:80 - create IPUIPlugin
2023-12-11 11:59:53,235 [INFO] IPUIPlugin:80 - create IPUIPlugin
2023-12-11 11:59:53,235 [INFO] IPUIPlugin:80 - create IPUIPlugin
2023-12-11 11:59:53,235 [INFO] IPUIPlugin:80 - create IPUIPlugin
2023-12-11 11:59:53,236 [INFO] IPUIPlugin:80 - create IPUIPlugin
2023-12-11 11:59:53,236 [INFO] IPUIPlugin:80 - create IPUIPlugin
2023-12-11 11:59:53,236 [INFO] IPUIPlugin:80 - create IPUIPlugin
2023-12-11 11:59:53,236 [INFO] IPUIPlugin:80 - create IPUIPlugin
2023-12-11 11:59:53,236 [INFO] IPUIPlugin:80 - create IPUIPlugin
2023-12-11 11:59:53,236 [INFO] IPUIPlugin:80 - create IPUIPlugin
2023-12-11 11:59:53,236 [INFO] IPUIPlugin:80 - create IPUIPlugin
2023-12-11 11:59:53,237 [INFO] IPUIPlugin:80 - create IPUIPlugin
2023-12-11 11:59:53,237 [INFO] IPUIPlugin:80 - create IPUIPlugin
2023-12-11 11:59:53,237 [INFO] IPUIPlugin:80 - create IPUIPlugin
2023-12-11 11:59:53,237 [INFO] IPUIPlugin:80 - create IPUIPlugin
2023-12-11 11:59:53,238 [INFO] IPUIPlugin:80 - create IPUIPlugin
2023-12-11 11:59:53,238 [INFO] IPUIPlugin:80 - create IPUIPlugin
2023-12-11 11:59:53,238 [INFO] IPUIPlugin:80 - create IPUIPlugin
2023-12-11 11:59:53,238 [INFO] IPUIPlugin:80 - create IPUIPlugin
2023-12-11 11:59:53,239 [INFO] IPUIPlugin:80 - create IPUIPlugin
2023-12-11 11:59:53,284 [INFO] CADModel:165 - CPN selected for project levelSTM32F072RBT6
2023-12-11 11:59:53,284 [INFO] CADModel:114 - Register for checkConnection events
2023-12-11 11:59:53,334 [INFO] OpenFileManager:328 - Restore cursor
