2023-11-13 11:40:05,581 [INFO] Activator:176 - 


2023-11-13 11:40:05,581 [INFO] Activator:177 - !SESSION log4j initialized
2023-11-13 11:40:08,898 [INFO] LogOutputStream:77 - [STDOUT_REDIRECT] 
2023-11-13 11:40:09,110 [ERROR] ConfigurationRetriever:142 - IOException on connection: sw-center.st.com
2023-11-13 11:40:09,110 [ERROR] ConfigurationRetriever:142 - IOException on connection: sw-center.st.com
2023-11-13 11:40:09,111 [ERROR] ConfigurationRetriever:142 - IOException on connection: sw-center.st.com
2023-11-13 11:40:09,553 [INFO] ApplicationProperties:184 - Using Application install path: C:\ST\STM32CubeIDE_1.13.2\STM32CubeIDE\plugins\com.st.stm32cube.common.mx_6.9.2.202309101412
2023-11-13 11:40:09,575 [INFO] DbMcusXml:78 - Set database path to: C:\ST\STM32CubeIDE_1.13.2\STM32CubeIDE\plugins\com.st.stm32cube.common.mx_6.9.2.202309101412\\db\/mcu/
2023-11-13 11:40:09,577 [INFO] ApiDb:274 - Set plugin database path to: C:\ST\STM32CubeIDE_1.13.2\STM32CubeIDE\plugins\com.st.stm32cube.common.mx_6.9.2.202309101412\\db\/plugins/boardmanager/
2023-11-13 11:40:09,577 [WARN] ApiDb:259 - Overriding images path with different value:  => C:\ST\STM32CubeIDE_1.13.2\STM32CubeIDE\plugins\com.st.stm32cube.common.mx_6.9.2.202309101412\\db\/plugins/mcufinder/images/
2023-11-13 11:40:09,589 [INFO] ApiDb:250 - Set database path to: C:\Users\jespe\.stmcufinder\plugins\mcufinder//mcu/
2023-11-13 11:40:09,590 [INFO] DbMcusAds:125 - Set database path to: C:\Users\jespe\.stmcufinder\plugins\mcufinder//mcu/
2023-11-13 11:40:09,592 [INFO] CrossReferenceDbSqlite:203 - Set database path to: C:\Users\jespe\.stmcufinder\plugins\mcufinder//mcu/cs/
2023-11-13 11:40:09,693 [INFO] RulesReader:64 - Compatibility file has been processed (293 Rules)
2023-11-13 11:40:09,779 [INFO] DbMcusXml:78 - Set database path to: C:\ST\STM32CubeIDE_1.13.2\STM32CubeIDE\plugins\com.st.stm32cube.common.mx_6.9.2.202309101412\\db\/mcu/
2023-11-13 11:40:09,779 [INFO] ApiDb:274 - Set plugin database path to: C:\ST\STM32CubeIDE_1.13.2\STM32CubeIDE\plugins\com.st.stm32cube.common.mx_6.9.2.202309101412\\db\/plugins/boardmanager/
2023-11-13 11:40:09,780 [INFO] ApiDb:261 - Set plugin images path to: C:\ST\STM32CubeIDE_1.13.2\STM32CubeIDE\plugins\com.st.stm32cube.common.mx_6.9.2.202309101412\\db\/plugins/mcufinder/images/
2023-11-13 11:40:09,780 [WARN] DbFile:41 - Overriding database path with different value: C:\Users\jespe\.stmcufinder\plugins\mcufinder/ => C:\Users\jespe\.stmcufinder\plugins\mcufinder
2023-11-13 11:40:09,780 [INFO] ApiDb:250 - Set database path to: C:\Users\jespe\.stmcufinder\plugins\mcufinder//mcu/
2023-11-13 11:40:09,780 [WARN] DbFile:41 - Overriding database path with different value: C:\Users\jespe\.stmcufinder\plugins\mcufinder/ => C:\Users\jespe\.stmcufinder\plugins\mcufinder
2023-11-13 11:40:09,780 [INFO] DbMcusAds:125 - Set database path to: C:\Users\jespe\.stmcufinder\plugins\mcufinder//mcu/
2023-11-13 11:40:09,780 [WARN] DbFile:41 - Overriding database path with different value: C:\Users\jespe\.stmcufinder\plugins\mcufinder/ => C:\Users\jespe\.stmcufinder\plugins\mcufinder
2023-11-13 11:40:09,780 [WARN] DbFile:41 - Overriding database path with different value: C:\Users\jespe\.stmcufinder\plugins\mcufinder/ => C:\Users\jespe\.stmcufinder\plugins\mcufinder
2023-11-13 11:40:09,780 [INFO] CrossReferenceDbSqlite:203 - Set database path to: C:\Users\jespe\.stmcufinder\plugins\mcufinder//mcu/cs/
2023-11-13 11:40:09,848 [INFO] MainPanel:262 - HeapMemory: 268435456
2023-11-13 11:40:09,926 [INFO] DbMcusXml:78 - Set database path to: C:\ST\STM32CubeIDE_1.13.2\STM32CubeIDE\plugins\com.st.stm32cube.common.mx_6.9.2.202309101412\\db\/mcu/
2023-11-13 11:40:09,926 [INFO] ApiDb:274 - Set plugin database path to: C:\ST\STM32CubeIDE_1.13.2\STM32CubeIDE\plugins\com.st.stm32cube.common.mx_6.9.2.202309101412\\db\/plugins/boardmanager/
2023-11-13 11:40:09,926 [INFO] ApiDb:261 - Set plugin images path to: C:\ST\STM32CubeIDE_1.13.2\STM32CubeIDE\plugins\com.st.stm32cube.common.mx_6.9.2.202309101412\\db\/plugins/mcufinder/images/
2023-11-13 11:40:09,927 [WARN] DbFile:41 - Overriding database path with different value: C:\Users\jespe\.stmcufinder\plugins\mcufinder/ => C:\Users\jespe\.stmcufinder\plugins\mcufinder
2023-11-13 11:40:09,927 [INFO] ApiDb:250 - Set database path to: C:\Users\jespe\.stmcufinder\plugins\mcufinder//mcu/
2023-11-13 11:40:09,927 [WARN] DbFile:41 - Overriding database path with different value: C:\Users\jespe\.stmcufinder\plugins\mcufinder/ => C:\Users\jespe\.stmcufinder\plugins\mcufinder
2023-11-13 11:40:09,927 [INFO] DbMcusAds:125 - Set database path to: C:\Users\jespe\.stmcufinder\plugins\mcufinder//mcu/
2023-11-13 11:40:09,927 [WARN] DbFile:41 - Overriding database path with different value: C:\Users\jespe\.stmcufinder\plugins\mcufinder/ => C:\Users\jespe\.stmcufinder\plugins\mcufinder
2023-11-13 11:40:09,927 [WARN] DbFile:41 - Overriding database path with different value: C:\Users\jespe\.stmcufinder\plugins\mcufinder/ => C:\Users\jespe\.stmcufinder\plugins\mcufinder
2023-11-13 11:40:09,927 [INFO] CrossReferenceDbSqlite:203 - Set database path to: C:\Users\jespe\.stmcufinder\plugins\mcufinder//mcu/cs/
2023-11-13 11:40:09,943 [INFO] ApplicationProperties:184 - Using Application install path: C:\ST\STM32CubeIDE_1.13.2\STM32CubeIDE\plugins\com.st.stm32cube.common.mx_6.9.2.202309101412
2023-11-13 11:40:09,944 [INFO] PluginManage:196 - Search for loadable plugins [exclusion list=, ]
2023-11-13 11:40:09,945 [INFO] PluginManage:310 - Check plugin analytics
2023-11-13 11:40:10,097 [INFO] AnalyticsPlugin:253 - Accepted Software Licenses: 
2023-11-13 11:40:10,097 [INFO] AnalyticsPlugin:255 - Accepted CMSIS Pack Licenses: 
2023-11-13 11:40:10,098 [INFO] AnalyticsPlugin:257 - Accepted Firmware Licenses: 
2023-11-13 11:40:10,100 [INFO] PluginManage:359 - Loaded plugin analytics (category:tool,tabindex:-1)
2023-11-13 11:40:10,100 [ERROR] ConfigurationRetriever:142 - IOException on connection: sw-center.st.com
2023-11-13 11:40:10,101 [ERROR] ConfigurationRetriever:142 - IOException on connection: sw-center.st.com
2023-11-13 11:40:10,101 [ERROR] ConfigurationRetriever:142 - IOException on connection: sw-center.st.com
2023-11-13 11:40:10,102 [INFO] PluginManage:310 - Check plugin cadmodel
2023-11-13 11:40:10,107 [INFO] CADModel:105 - Init CAD model plugin
2023-11-13 11:40:10,107 [INFO] PluginManage:359 - Loaded plugin cadmodel (category:power,tabindex:5)
2023-11-13 11:40:10,108 [INFO] PluginManage:310 - Check plugin clock
2023-11-13 11:40:10,119 [INFO] PluginManage:359 - Loaded plugin clock (category:base,tabindex:2)
2023-11-13 11:40:10,119 [INFO] PluginManage:310 - Check plugin ddr
2023-11-13 11:40:10,122 [INFO] PluginManage:359 - Loaded plugin ddr (category:tool,tabindex:6)
2023-11-13 11:40:10,122 [INFO] PluginManage:310 - Check plugin filemanager
2023-11-13 11:40:10,245 [INFO] PluginManage:359 - Loaded plugin filemanager (category:base,tabindex:10)
2023-11-13 11:40:10,245 [INFO] PluginManage:310 - Check plugin ipmanager
2023-11-13 11:40:10,252 [INFO] PluginManage:359 - Loaded plugin ipmanager (category:base,tabindex:5)
2023-11-13 11:40:10,252 [INFO] PluginManage:310 - Check plugin lpbam
2023-11-13 11:40:10,260 [INFO] PluginManage:359 - Loaded plugin lpbam (category:base,tabindex:0)
2023-11-13 11:40:10,260 [INFO] PluginManage:310 - Check plugin memorymap
2023-11-13 11:40:10,274 [INFO] PluginManage:359 - Loaded plugin memorymap (category:base,tabindex:4)
2023-11-13 11:40:10,274 [INFO] PluginManage:310 - Check plugin pinoutandconfiguration
2023-11-13 11:40:10,283 [INFO] PluginManage:359 - Loaded plugin pinoutandconfiguration (category:base,tabindex:1)
2023-11-13 11:40:10,283 [INFO] PluginManage:310 - Check plugin pinoutconfig
2023-11-13 11:40:10,364 [WARN] SupportedApi:132 - Cannot load RTOS API schema: s4s-elt-must-match.1: The content of 'definitions' must match (annotation?, (simpleType | complexType)?, (unique | key | keyref)*)). A problem was found starting at: attribute.
2023-11-13 11:40:10,487 [INFO] PluginManage:359 - Loaded plugin pinoutconfig (category:base,tabindex:0)
2023-11-13 11:40:10,487 [INFO] PluginManage:310 - Check plugin power
2023-11-13 11:40:10,502 [INFO] PluginManage:359 - Loaded plugin power (category:power,tabindex:4)
2023-11-13 11:40:10,502 [INFO] PluginManage:310 - Check plugin projectmanager
2023-11-13 11:40:10,515 [INFO] PluginManage:359 - Loaded plugin projectmanager (category:projectmanager,tabindex:3)
2023-11-13 11:40:10,515 [INFO] PluginManage:310 - Check plugin thirdparty
2023-11-13 11:40:10,645 [INFO] PluginManage:359 - Loaded plugin thirdparty (category:base,tabindex:-1)
2023-11-13 11:40:10,645 [WARN] IntegrityCheckThread:84 - waiting for thirdparty lock release [integrity check]
2023-11-13 11:40:10,646 [INFO] PluginManage:310 - Check plugin tools
2023-11-13 11:40:10,646 [INFO] IntegrityCheckThread:86 - entering critical section [integrity check]
2023-11-13 11:40:10,646 [INFO] ThirdPartyUpdaterWithRetryManager:70 - Updater plugin not ready yet. [1/15]
2023-11-13 11:40:10,648 [INFO] PluginManage:359 - Loaded plugin tools (category:base,tabindex:7)
2023-11-13 11:40:10,648 [INFO] PluginManage:310 - Check plugin tutovideos
2023-11-13 11:40:10,800 [INFO] PluginManage:359 - Loaded plugin tutovideos (category:base,tabindex:-1)
2023-11-13 11:40:10,800 [INFO] PluginManage:310 - Check plugin updater
2023-11-13 11:40:10,814 [INFO] PluginManage:359 - Loaded plugin updater (category:base,tabindex:12)
2023-11-13 11:40:10,814 [INFO] PluginManage:310 - Check plugin userauth
2023-11-13 11:40:10,819 [INFO] UserAuth:113 - Init User Auth plugin
2023-11-13 11:40:10,819 [INFO] PluginManage:359 - Loaded plugin userauth (category:base,tabindex:14)
2023-11-13 11:40:10,819 [INFO] PluginManage:283 - PluginManage : Loaded plugins [17]
2023-11-13 11:40:11,025 [INFO] PinOutPanel:1499 - setPackage(No Configuration,No Configuration)
2023-11-13 11:40:11,117 [INFO] CADModel:165 - CPN selected for project level
2023-11-13 11:40:11,117 [INFO] CADModel:114 - Register for checkConnection events
2023-11-13 11:40:11,133 [INFO] IPUIPlugin:80 - create IPUIPlugin
2023-11-13 11:40:11,133 [INFO] PluginManager:220 - loadIPPluginJar : add adc
2023-11-13 11:40:11,136 [INFO] IPUIPlugin:80 - create IPUIPlugin
2023-11-13 11:40:11,136 [INFO] PluginManager:220 - loadIPPluginJar : add aes
2023-11-13 11:40:11,138 [INFO] IPUIPlugin:80 - create IPUIPlugin
2023-11-13 11:40:11,138 [INFO] PluginManager:220 - loadIPPluginJar : add can
2023-11-13 11:40:11,139 [INFO] IPUIPlugin:80 - create IPUIPlugin
2023-11-13 11:40:11,140 [INFO] PluginManager:220 - loadIPPluginJar : add comp
2023-11-13 11:40:11,142 [INFO] IPUIPlugin:80 - create IPUIPlugin
2023-11-13 11:40:11,142 [INFO] PluginManager:220 - loadIPPluginJar : add cryp
2023-11-13 11:40:11,144 [INFO] IPUIPlugin:80 - create IPUIPlugin
2023-11-13 11:40:11,144 [INFO] PluginManager:220 - loadIPPluginJar : add dfsdm
2023-11-13 11:40:11,149 [INFO] IPUIPlugin:80 - create IPUIPlugin
2023-11-13 11:40:11,149 [INFO] PluginManager:220 - loadIPPluginJar : add dma
2023-11-13 11:40:11,151 [INFO] IPUIPlugin:80 - create IPUIPlugin
2023-11-13 11:40:11,151 [INFO] PluginManager:220 - loadIPPluginJar : add dma3
2023-11-13 11:40:11,153 [INFO] IPUIPlugin:80 - create IPUIPlugin
2023-11-13 11:40:11,153 [INFO] PluginManager:220 - loadIPPluginJar : add fatfs
2023-11-13 11:40:11,156 [INFO] IPUIPlugin:80 - create IPUIPlugin
2023-11-13 11:40:11,156 [INFO] PluginManager:220 - loadIPPluginJar : add fmc
2023-11-13 11:40:11,161 [INFO] IPUIPlugin:80 - create IPUIPlugin
2023-11-13 11:40:11,161 [INFO] PluginManager:220 - loadIPPluginJar : add freertos
2023-11-13 11:40:11,162 [INFO] IPUIPlugin:80 - create IPUIPlugin
2023-11-13 11:40:11,162 [INFO] PluginManager:220 - loadIPPluginJar : add genericplugin
2023-11-13 11:40:11,164 [INFO] IPUIPlugin:80 - create IPUIPlugin
2023-11-13 11:40:11,164 [INFO] PluginManager:220 - loadIPPluginJar : add gfxmmu
2023-11-13 11:40:11,168 [INFO] IPUIPlugin:80 - create IPUIPlugin
2023-11-13 11:40:11,168 [INFO] PluginManager:220 - loadIPPluginJar : add gic
2023-11-13 11:40:11,172 [INFO] IPUIPlugin:80 - create IPUIPlugin
2023-11-13 11:40:11,173 [INFO] PluginManager:220 - loadIPPluginJar : add gpio
2023-11-13 11:40:11,175 [INFO] IPUIPlugin:80 - create IPUIPlugin
2023-11-13 11:40:11,175 [INFO] PluginManager:220 - loadIPPluginJar : add gtzc
2023-11-13 11:40:11,177 [INFO] IPUIPlugin:80 - create IPUIPlugin
2023-11-13 11:40:11,177 [INFO] PluginManager:220 - loadIPPluginJar : add hash
2023-11-13 11:40:11,179 [INFO] IPUIPlugin:80 - create IPUIPlugin
2023-11-13 11:40:11,179 [INFO] PluginManager:220 - loadIPPluginJar : add i2c
2023-11-13 11:40:11,181 [INFO] IPUIPlugin:80 - create IPUIPlugin
2023-11-13 11:40:11,181 [INFO] PluginManager:220 - loadIPPluginJar : add i2s
2023-11-13 11:40:11,184 [INFO] IPUIPlugin:80 - create IPUIPlugin
2023-11-13 11:40:11,184 [INFO] PluginManager:220 - loadIPPluginJar : add i3c
2023-11-13 11:40:11,187 [INFO] IPUIPlugin:80 - create IPUIPlugin
2023-11-13 11:40:11,187 [INFO] PluginManager:220 - loadIPPluginJar : add ipddr
2023-11-13 11:40:11,193 [INFO] IPUIPlugin:80 - create IPUIPlugin
2023-11-13 11:40:11,193 [INFO] PluginManager:220 - loadIPPluginJar : add linkedlist
2023-11-13 11:40:11,195 [INFO] IPUIPlugin:80 - create IPUIPlugin
2023-11-13 11:40:11,196 [INFO] PluginManager:220 - loadIPPluginJar : add lorawan
2023-11-13 11:40:11,197 [INFO] IPUIPlugin:80 - create IPUIPlugin
2023-11-13 11:40:11,197 [INFO] PluginManager:220 - loadIPPluginJar : add ltdc
2023-11-13 11:40:11,202 [INFO] IPUIPlugin:80 - create IPUIPlugin
2023-11-13 11:40:11,202 [INFO] PluginManager:220 - loadIPPluginJar : add mdma
2023-11-13 11:40:11,205 [INFO] IPUIPlugin:80 - create IPUIPlugin
2023-11-13 11:40:11,206 [INFO] PluginManager:220 - loadIPPluginJar : add nvic
2023-11-13 11:40:11,208 [INFO] IPUIPlugin:80 - create IPUIPlugin
2023-11-13 11:40:11,208 [INFO] PluginManager:220 - loadIPPluginJar : add opamp
2023-11-13 11:40:11,211 [INFO] IPUIPlugin:80 - create IPUIPlugin
2023-11-13 11:40:11,211 [INFO] PluginManager:220 - loadIPPluginJar : add openamp
2023-11-13 11:40:11,214 [INFO] IPUIPlugin:80 - create IPUIPlugin
2023-11-13 11:40:11,214 [INFO] PluginManager:220 - loadIPPluginJar : add pdm2pcm
2023-11-13 11:40:11,220 [INFO] IPUIPlugin:80 - create IPUIPlugin
2023-11-13 11:40:11,221 [INFO] PluginManager:220 - loadIPPluginJar : add plateformsettings
2023-11-13 11:40:11,223 [INFO] IPUIPlugin:80 - create IPUIPlugin
2023-11-13 11:40:11,223 [INFO] PluginManager:220 - loadIPPluginJar : add quadspi
2023-11-13 11:40:11,227 [INFO] IPUIPlugin:80 - create IPUIPlugin
2023-11-13 11:40:11,227 [INFO] PluginManager:220 - loadIPPluginJar : add resmgrutility
2023-11-13 11:40:11,230 [INFO] IPUIPlugin:80 - create IPUIPlugin
2023-11-13 11:40:11,230 [INFO] PluginManager:220 - loadIPPluginJar : add sai
2023-11-13 11:40:11,232 [INFO] IPUIPlugin:80 - create IPUIPlugin
2023-11-13 11:40:11,232 [INFO] PluginManager:220 - loadIPPluginJar : add spi
2023-11-13 11:40:11,236 [INFO] IPUIPlugin:80 - create IPUIPlugin
2023-11-13 11:40:11,236 [INFO] PluginManager:220 - loadIPPluginJar : add stm32_wpan
2023-11-13 11:40:11,238 [INFO] IPUIPlugin:80 - create IPUIPlugin
2023-11-13 11:40:11,238 [INFO] PluginManager:220 - loadIPPluginJar : add tim
2023-11-13 11:40:11,241 [INFO] IPUIPlugin:80 - create IPUIPlugin
2023-11-13 11:40:11,241 [INFO] PluginManager:220 - loadIPPluginJar : add touchsensing
2023-11-13 11:40:11,243 [INFO] IPUIPlugin:80 - create IPUIPlugin
2023-11-13 11:40:11,244 [INFO] PluginManager:220 - loadIPPluginJar : add tracer_emb
2023-11-13 11:40:11,246 [INFO] IPUIPlugin:80 - create IPUIPlugin
2023-11-13 11:40:11,246 [INFO] PluginManager:220 - loadIPPluginJar : add ts
2023-11-13 11:40:11,247 [INFO] IPUIPlugin:80 - create IPUIPlugin
2023-11-13 11:40:11,247 [INFO] PluginManager:220 - loadIPPluginJar : add tsc
2023-11-13 11:40:11,249 [INFO] IPUIPlugin:80 - create IPUIPlugin
2023-11-13 11:40:11,249 [INFO] PluginManager:220 - loadIPPluginJar : add ucpd
2023-11-13 11:40:11,252 [INFO] IPUIPlugin:80 - create IPUIPlugin
2023-11-13 11:40:11,252 [INFO] PluginManager:220 - loadIPPluginJar : add usart
2023-11-13 11:40:11,255 [INFO] IPUIPlugin:80 - create IPUIPlugin
2023-11-13 11:40:11,255 [INFO] PluginManager:220 - loadIPPluginJar : add usbx
2023-11-13 11:40:11,383 [INFO] CADModel:165 - CPN selected for project level
2023-11-13 11:40:11,383 [INFO] CADModel:114 - Register for checkConnection events
2023-11-13 11:40:11,384 [FATAL] Updater:308 - Updater called before beeing initialized
2023-11-13 11:40:11,384 [ERROR] CADModel:125 - Updater not yet initialized, retry later 
2023-11-13 11:40:11,537 [INFO] CADModel:165 - CPN selected for project level
2023-11-13 11:40:11,537 [INFO] CADModel:114 - Register for checkConnection events
2023-11-13 11:40:11,537 [FATAL] Updater:308 - Updater called before beeing initialized
2023-11-13 11:40:11,537 [ERROR] CADModel:125 - Updater not yet initialized, retry later 
2023-11-13 11:40:11,541 [FATAL] Updater:308 - Updater called before beeing initialized
2023-11-13 11:40:11,630 [FATAL] Updater:308 - Updater called before beeing initialized
2023-11-13 11:40:11,638 [INFO] DbMcusAds:53 - JSON generation date=Tue Mar 07 09:50:55 CET 2023 (1678179055114)
2023-11-13 11:40:11,638 [FATAL] Updater:308 - Updater called before beeing initialized
2023-11-13 11:40:11,678 [WARN] DetailPanel:346 - Failed to get advertising image, set to default
2023-11-13 11:40:11,768 [FATAL] Updater:308 - Updater called before beeing initialized
2023-11-13 11:40:11,770 [FATAL] Updater:308 - Updater called before beeing initialized
2023-11-13 11:40:11,770 [FATAL] Updater:308 - Updater called before beeing initialized
2023-11-13 11:40:11,770 [WARN] DetailPanel:346 - Failed to get advertising image, set to default
2023-11-13 11:40:11,770 [FATAL] Updater:308 - Updater called before beeing initialized
2023-11-13 11:40:11,808 [ERROR] Updater:1120 - MainUpdater not yet initialized. External WinMGr cannot be set.
2023-11-13 11:40:11,810 [INFO] Updater:1056 - Updater Version found : 6.9.2
2023-11-13 11:40:11,826 [INFO] ApplicationProperties:184 - Using Application install path: C:\ST\STM32CubeIDE_1.13.2\STM32CubeIDE\plugins\com.st.stm32cube.common.mx_6.9.2.202309101412
2023-11-13 11:40:11,899 [ERROR] ServerAccessManage:1146 - Warning during Server Connection :  Unknown host sw-center.st.com
2023-11-13 11:40:11,903 [INFO] MainUpdater:2868 - connection check result : 22
2023-11-13 11:40:11,904 [INFO] MainUpdater:285 - Updater Check For Update Now.
2023-11-13 11:40:11,904 [INFO] MicroXplorer:498 - Change Database Version : DB.6.0.92
2023-11-13 11:40:11,911 [INFO] McuFinderGlobals:63 - Set McuFinder mode to 2 (CubeIDE integrated)
2023-11-13 11:40:12,146 [INFO] CheckServerUpdateThread:120 - End of CheckServer Thread
2023-11-13 11:40:13,844 [WARN] PackLoader:240 - Cannot read IP mode file for STMicroelectronics.X-CUBE-SMBUS.2.1.0
2023-11-13 11:40:13,873 [WARN] PackLoader:240 - Cannot read IP mode file for STMicroelectronics.X-CUBE-AZRTOS-F7.1.1.0
2023-11-13 11:40:13,885 [WARN] PackLoader:240 - Cannot read IP mode file for STMicroelectronics.FP-SNS-MOTENV1.4.3.2
2023-11-13 11:40:13,893 [WARN] PackLoader:240 - Cannot read IP mode file for STMicroelectronics.FP-SNS-FLIGHT1.5.0.2
2023-11-13 11:40:13,902 [WARN] PackLoader:240 - Cannot read IP mode file for STMicroelectronics.X-CUBE-DISPLAY.3.0.0
2023-11-13 11:40:13,913 [WARN] PackLoader:240 - Cannot read IP mode file for STMicroelectronics.X-CUBE-BLE1.7.0.0
2023-11-13 11:40:13,919 [WARN] PackLoader:240 - Cannot read IP mode file for emotas.I-CUBE-CANOPEN.1.3.0
2023-11-13 11:40:13,924 [WARN] PackLoader:240 - Cannot read IP mode file for STMicroelectronics.X-CUBE-TOUCHGFX.4.22.0
2023-11-13 11:40:13,926 [WARN] PackLoader:240 - Cannot read IP mode file for STMicroelectronics.X-CUBE-TOUCHGFX.4.22.1
2023-11-13 11:40:13,931 [WARN] PackLoader:240 - Cannot read IP mode file for STMicroelectronics.FP-SNS-SMARTAG2.1.2.0
2023-11-13 11:40:13,941 [INFO] LogOutputStream:77 - [STDOUT_REDIRECT] 1 : Invalid condition id : UX_CORESTACK_Condition cause : null
2023-11-13 11:40:13,942 [INFO] LogOutputStream:77 - [STDOUT_REDIRECT] 1 : Invalid condition id : UX_CORESTACK_Condition cause : null
2023-11-13 11:40:13,943 [INFO] LogOutputStream:77 - [STDOUT_REDIRECT] 1 : Invalid condition id : UX_CORESTACK_Condition cause : null
2023-11-13 11:40:13,944 [INFO] LogOutputStream:77 - [STDOUT_REDIRECT] 1 : Invalid condition id : UX_CORESTACK_Condition cause : null
2023-11-13 11:40:13,945 [INFO] LogOutputStream:77 - [STDOUT_REDIRECT] 1 : Invalid condition id : UX_CORESTACK_Condition cause : null
2023-11-13 11:40:13,948 [WARN] PackLoader:240 - Cannot read IP mode file for STMicroelectronics.X-CUBE-AZRTOS-WL.2.0.0
2023-11-13 11:40:13,956 [WARN] PackLoader:240 - Cannot read IP mode file for WES.I-CUBE-Cesium.1.3.0
2023-11-13 11:40:13,961 [WARN] PackLoader:240 - Cannot read IP mode file for STMicroelectronics.X-CUBE-BLE2.3.3.0
2023-11-13 11:40:13,967 [WARN] PackLoader:240 - Cannot read IP mode file for STMicroelectronics.X-CUBE-ALGOBUILD.1.3.0
2023-11-13 11:40:13,980 [WARN] PackLoader:240 - Cannot read IP mode file for STMicroelectronics.X-CUBE-AZRTOS-G0.1.1.0
2023-11-13 11:40:13,987 [WARN] PackLoader:240 - Cannot read IP mode file for STMicroelectronics.X-CUBE-NFC4.3.0.0
2023-11-13 11:40:13,995 [WARN] PackLoader:240 - Cannot read IP mode file for STMicroelectronics.X-CUBE-BLEMGR.3.0.0
2023-11-13 11:40:14,000 [WARN] PackLoader:240 - Cannot read IP mode file for STMicroelectronics.FP-ATR-SIGFOX1.3.2.0
2023-11-13 11:40:14,022 [WARN] PackLoader:240 - Cannot read IP mode file for SEGGER.I-CUBE-embOS.1.3.1
2023-11-13 11:40:14,054 [WARN] PackLoader:240 - Cannot read IP mode file for STMicroelectronics.X-CUBE-GNSS1.6.0.0
2023-11-13 11:40:14,067 [WARN] PackLoader:240 - Cannot read IP mode file for STMicroelectronics.X-CUBE-AZRTOS-F4.1.1.0
2023-11-13 11:40:14,072 [WARN] PackLoader:240 - Cannot read IP mode file for wolfSSL.I-CUBE-wolfSSL.5.6.3
2023-11-13 11:40:14,086 [WARN] PackLoader:240 - Cannot read IP mode file for STMicroelectronics.X-CUBE-AZRTOS-L5.2.0.0
2023-11-13 11:40:14,113 [WARN] PackLoader:240 - Cannot read IP mode file for STMicroelectronics.X-CUBE-MEMS1.9.6.0
2023-11-13 11:40:14,218 [WARN] PackLoader:240 - Cannot read IP mode file for STMicroelectronics.X-CUBE-EEPRMA1.4.2.0
2023-11-13 11:40:14,224 [WARN] PackLoader:240 - Cannot read IP mode file for ITTIA_DB.I-CUBE-ITTIADB.8.8.0
2023-11-13 11:40:14,229 [WARN] PackLoader:240 - Cannot read IP mode file for STMicroelectronics.X-CUBE-BLEMGR.2.0.0
2023-11-13 11:40:14,242 [WARN] ConditionMgr:438 - getConditionDescription Invalid condition id : UX DEVICE CLASS RTOS Condition cause : null
2023-11-13 11:40:14,242 [WARN] ConditionMgr:438 - getConditionDescription Invalid condition id : UX DEVICE CLASS RTOS Condition cause : null
2023-11-13 11:40:14,244 [WARN] PackLoader:240 - Cannot read IP mode file for STMicroelectronics.X-CUBE-AZRTOS-H7.3.1.0
2023-11-13 11:40:14,245 [WARN] ConditionMgr:1039 - genDependencies : Invalid condition id : UX DEVICE CLASS RTOS Condition cause : null
2023-11-13 11:40:14,245 [WARN] ConditionMgr:1039 - genDependencies : Invalid condition id : UX DEVICE CLASS RTOS Condition cause : null
2023-11-13 11:40:14,246 [WARN] ConditionMgr:1039 - genDependencies : Invalid condition id : UX DEVICE CLASS RTOS Condition cause : null
2023-11-13 11:40:14,246 [WARN] ConditionMgr:1039 - genDependencies : Invalid condition id : UX DEVICE CLASS RTOS Condition cause : null
2023-11-13 11:40:14,246 [WARN] ConditionMgr:1039 - genDependencies : Invalid condition id : UX DEVICE CLASS RTOS Condition cause : null
2023-11-13 11:40:14,252 [WARN] PackLoader:240 - Cannot read IP mode file for STMicroelectronics.X-CUBE-NFC7.1.0.1
2023-11-13 11:40:14,258 [WARN] PackLoader:240 - Cannot read IP mode file for STMicroelectronics.X-CUBE-NFC6.3.0.0
2023-11-13 11:40:14,263 [WARN] PackLoader:240 - Cannot read IP mode file for STMicroelectronics.X-CUBE-EEPRMA1.4.1.0
2023-11-13 11:40:14,272 [WARN] PackLoader:240 - Cannot read IP mode file for STMicroelectronics.X-CUBE-AI.8.1.0
2023-11-13 11:40:14,284 [WARN] ConditionMgr:438 - getConditionDescription Invalid condition id : LAN8742 Phy interface Condition cause : null
2023-11-13 11:40:14,285 [WARN] PackLoader:240 - Cannot read IP mode file for STMicroelectronics.X-CUBE-AZRTOS-L4.2.0.0
2023-11-13 11:40:14,286 [WARN] ConditionMgr:1039 - genDependencies : Invalid condition id : LAN8742 Phy interface Condition cause : null
2023-11-13 11:40:14,286 [WARN] ConditionMgr:1039 - genDependencies : Invalid condition id : LAN8742 Phy interface Condition cause : null
2023-11-13 11:40:14,286 [WARN] ConditionMgr:1039 - genDependencies : Invalid condition id : LAN8742 Phy interface Condition cause : null
2023-11-13 11:40:14,292 [WARN] PackLoader:240 - Cannot read IP mode file for STMicroelectronics.X-CUBE-SFXS2LP1.4.0.0
2023-11-13 11:40:14,296 [WARN] PackLoader:240 - Cannot read IP mode file for STMicroelectronics.X-CUBE-ISPU.1.1.0
2023-11-13 11:40:14,304 [WARN] ConditionMgr:438 - getConditionDescription Invalid condition id : UX DEVICE CLASS RTOS Condition cause : null
2023-11-13 11:40:14,305 [WARN] ConditionMgr:438 - getConditionDescription Invalid condition id : UX DEVICE CLASS RTOS Condition cause : null
2023-11-13 11:40:14,306 [WARN] PackLoader:240 - Cannot read IP mode file for STMicroelectronics.X-CUBE-AZRTOS-WB.2.0.0
2023-11-13 11:40:14,307 [WARN] ConditionMgr:1039 - genDependencies : Invalid condition id : UX DEVICE CLASS RTOS Condition cause : null
2023-11-13 11:40:14,307 [WARN] ConditionMgr:1039 - genDependencies : Invalid condition id : UX DEVICE CLASS RTOS Condition cause : null
2023-11-13 11:40:14,307 [WARN] ConditionMgr:1039 - genDependencies : Invalid condition id : UX DEVICE CLASS RTOS Condition cause : null
2023-11-13 11:40:14,307 [WARN] ConditionMgr:1039 - genDependencies : Invalid condition id : UX DEVICE CLASS RTOS Condition cause : null
2023-11-13 11:40:14,307 [WARN] ConditionMgr:1039 - genDependencies : Invalid condition id : UX DEVICE CLASS RTOS Condition cause : null
2023-11-13 11:40:14,315 [WARN] PackLoader:240 - Cannot read IP mode file for STMicroelectronics.X-CUBE-SUBG2.5.0.0
2023-11-13 11:40:14,325 [WARN] PackLoader:240 - Cannot read IP mode file for STMicroelectronics.X-CUBE-TOF1.3.3.1
2023-11-13 11:40:14,339 [WARN] PackLoader:240 - Cannot read IP mode file for STMicroelectronics.X-CUBE-AZRTOS-G4.2.0.0
2023-11-13 11:40:14,349 [WARN] PackLoader:240 - Cannot read IP mode file for Infineon.AIROC-Wi-Fi-Bluetooth-STM32.1.5.1
2023-11-13 11:40:14,375 [WARN] PackLoader:240 - Cannot read IP mode file for STMicroelectronics.X-CUBE-MEMS1.10.0.0
2023-11-13 11:40:14,449 [WARN] PackLoader:240 - Cannot read IP mode file for STMicroelectronics.X-CUBE-FREERTOS.1.1.0
2023-11-13 11:40:14,453 [WARN] PackLoader:240 - Cannot read IP mode file for portGmbH.I-Cube-SoM-uGOAL.1.1.0
2023-11-13 11:40:14,457 [WARN] PackLoader:240 - Cannot read IP mode file for STMicroelectronics.X-CUBE-ALS.1.0.1
2023-11-13 11:40:14,461 [WARN] PackLoader:240 - Cannot read IP mode file for STMicroelectronics.FP-ATR-ASTRA1.2.0.0
2023-11-13 11:40:14,461 [INFO] ThirdParty:978 - Integrity check success = true
2023-11-13 11:40:14,461 [INFO] IntegrityCheckThread:100 - exiting critical section [integrity check]
2023-11-13 11:40:14,461 [INFO] IntegrityCheckThread:103 - End integrity checks thread
2023-11-13 11:40:24,478 [ERROR] ConfigurationRetriever:142 - IOException on connection: sw-center.st.com
2023-11-13 11:40:24,479 [ERROR] ConfigurationRetriever:142 - IOException on connection: sw-center.st.com
2023-11-13 11:40:24,479 [ERROR] ConfigurationRetriever:142 - IOException on connection: sw-center.st.com
2023-11-13 11:40:32,429 [ERROR] LogOutputStream:75 - [STDERR_REDIRECT] SLF4J: Failed to load class "org.slf4j.impl.StaticLoggerBinder".
2023-11-13 11:40:32,429 [ERROR] LogOutputStream:75 - [STDERR_REDIRECT] SLF4J: Defaulting to no-operation (NOP) logger implementation
2023-11-13 11:40:32,430 [ERROR] LogOutputStream:75 - [STDERR_REDIRECT] SLF4J: See http://www.slf4j.org/codes.html#StaticLoggerBinder for further details.
2023-11-13 11:40:51,184 [ERROR] ConfigurationRetriever:142 - IOException on connection: sw-center.st.com
2023-11-13 11:40:51,185 [ERROR] ConfigurationRetriever:142 - IOException on connection: sw-center.st.com
2023-11-13 11:40:51,186 [ERROR] ConfigurationRetriever:142 - IOException on connection: sw-center.st.com
2023-11-13 11:45:39,456 [INFO] Activator:176 - 


2023-11-13 11:45:39,466 [INFO] Activator:177 - !SESSION log4j initialized
2023-11-13 11:45:43,694 [INFO] LogOutputStream:77 - [STDOUT_REDIRECT] 
2023-11-13 11:45:44,685 [INFO] ApplicationProperties:184 - Using Application install path: C:\ST\STM32CubeIDE_1.13.2\STM32CubeIDE\plugins\com.st.stm32cube.common.mx_6.9.2.202309101412
2023-11-13 11:45:44,702 [INFO] DbMcusXml:78 - Set database path to: C:\ST\STM32CubeIDE_1.13.2\STM32CubeIDE\plugins\com.st.stm32cube.common.mx_6.9.2.202309101412\\db\/mcu/
2023-11-13 11:45:44,702 [INFO] ApiDb:274 - Set plugin database path to: C:\ST\STM32CubeIDE_1.13.2\STM32CubeIDE\plugins\com.st.stm32cube.common.mx_6.9.2.202309101412\\db\/plugins/boardmanager/
2023-11-13 11:45:44,702 [WARN] ApiDb:259 - Overriding images path with different value:  => C:\ST\STM32CubeIDE_1.13.2\STM32CubeIDE\plugins\com.st.stm32cube.common.mx_6.9.2.202309101412\\db\/plugins/mcufinder/images/
2023-11-13 11:45:44,711 [INFO] ApiDb:250 - Set database path to: C:\Users\jespe\.stmcufinder\plugins\mcufinder//mcu/
2023-11-13 11:45:44,712 [INFO] DbMcusAds:125 - Set database path to: C:\Users\jespe\.stmcufinder\plugins\mcufinder//mcu/
2023-11-13 11:45:44,714 [INFO] CrossReferenceDbSqlite:203 - Set database path to: C:\Users\jespe\.stmcufinder\plugins\mcufinder//mcu/cs/
2023-11-13 11:45:44,802 [INFO] RulesReader:64 - Compatibility file has been processed (293 Rules)
2023-11-13 11:45:44,879 [INFO] DbMcusXml:78 - Set database path to: C:\ST\STM32CubeIDE_1.13.2\STM32CubeIDE\plugins\com.st.stm32cube.common.mx_6.9.2.202309101412\\db\/mcu/
2023-11-13 11:45:44,880 [INFO] ApiDb:274 - Set plugin database path to: C:\ST\STM32CubeIDE_1.13.2\STM32CubeIDE\plugins\com.st.stm32cube.common.mx_6.9.2.202309101412\\db\/plugins/boardmanager/
2023-11-13 11:45:44,880 [INFO] ApiDb:261 - Set plugin images path to: C:\ST\STM32CubeIDE_1.13.2\STM32CubeIDE\plugins\com.st.stm32cube.common.mx_6.9.2.202309101412\\db\/plugins/mcufinder/images/
2023-11-13 11:45:44,880 [WARN] DbFile:41 - Overriding database path with different value: C:\Users\jespe\.stmcufinder\plugins\mcufinder/ => C:\Users\jespe\.stmcufinder\plugins\mcufinder
2023-11-13 11:45:44,880 [INFO] ApiDb:250 - Set database path to: C:\Users\jespe\.stmcufinder\plugins\mcufinder//mcu/
2023-11-13 11:45:44,880 [WARN] DbFile:41 - Overriding database path with different value: C:\Users\jespe\.stmcufinder\plugins\mcufinder/ => C:\Users\jespe\.stmcufinder\plugins\mcufinder
2023-11-13 11:45:44,880 [INFO] DbMcusAds:125 - Set database path to: C:\Users\jespe\.stmcufinder\plugins\mcufinder//mcu/
2023-11-13 11:45:44,880 [WARN] DbFile:41 - Overriding database path with different value: C:\Users\jespe\.stmcufinder\plugins\mcufinder/ => C:\Users\jespe\.stmcufinder\plugins\mcufinder
2023-11-13 11:45:44,880 [WARN] DbFile:41 - Overriding database path with different value: C:\Users\jespe\.stmcufinder\plugins\mcufinder/ => C:\Users\jespe\.stmcufinder\plugins\mcufinder
2023-11-13 11:45:44,880 [INFO] CrossReferenceDbSqlite:203 - Set database path to: C:\Users\jespe\.stmcufinder\plugins\mcufinder//mcu/cs/
2023-11-13 11:45:44,951 [INFO] MainPanel:262 - HeapMemory: 268435456
2023-11-13 11:45:45,031 [INFO] DbMcusXml:78 - Set database path to: C:\ST\STM32CubeIDE_1.13.2\STM32CubeIDE\plugins\com.st.stm32cube.common.mx_6.9.2.202309101412\\db\/mcu/
2023-11-13 11:45:45,031 [INFO] ApiDb:274 - Set plugin database path to: C:\ST\STM32CubeIDE_1.13.2\STM32CubeIDE\plugins\com.st.stm32cube.common.mx_6.9.2.202309101412\\db\/plugins/boardmanager/
2023-11-13 11:45:45,031 [INFO] ApiDb:261 - Set plugin images path to: C:\ST\STM32CubeIDE_1.13.2\STM32CubeIDE\plugins\com.st.stm32cube.common.mx_6.9.2.202309101412\\db\/plugins/mcufinder/images/
2023-11-13 11:45:45,031 [WARN] DbFile:41 - Overriding database path with different value: C:\Users\jespe\.stmcufinder\plugins\mcufinder/ => C:\Users\jespe\.stmcufinder\plugins\mcufinder
2023-11-13 11:45:45,032 [INFO] ApiDb:250 - Set database path to: C:\Users\jespe\.stmcufinder\plugins\mcufinder//mcu/
2023-11-13 11:45:45,032 [WARN] DbFile:41 - Overriding database path with different value: C:\Users\jespe\.stmcufinder\plugins\mcufinder/ => C:\Users\jespe\.stmcufinder\plugins\mcufinder
2023-11-13 11:45:45,032 [INFO] DbMcusAds:125 - Set database path to: C:\Users\jespe\.stmcufinder\plugins\mcufinder//mcu/
2023-11-13 11:45:45,032 [WARN] DbFile:41 - Overriding database path with different value: C:\Users\jespe\.stmcufinder\plugins\mcufinder/ => C:\Users\jespe\.stmcufinder\plugins\mcufinder
2023-11-13 11:45:45,032 [WARN] DbFile:41 - Overriding database path with different value: C:\Users\jespe\.stmcufinder\plugins\mcufinder/ => C:\Users\jespe\.stmcufinder\plugins\mcufinder
2023-11-13 11:45:45,032 [INFO] CrossReferenceDbSqlite:203 - Set database path to: C:\Users\jespe\.stmcufinder\plugins\mcufinder//mcu/cs/
2023-11-13 11:45:45,049 [INFO] ApplicationProperties:184 - Using Application install path: C:\ST\STM32CubeIDE_1.13.2\STM32CubeIDE\plugins\com.st.stm32cube.common.mx_6.9.2.202309101412
2023-11-13 11:45:45,050 [INFO] PluginManage:196 - Search for loadable plugins [exclusion list=, ]
2023-11-13 11:45:45,051 [INFO] PluginManage:310 - Check plugin analytics
2023-11-13 11:45:45,215 [INFO] AnalyticsPlugin:253 - Accepted Software Licenses: 
2023-11-13 11:45:45,215 [INFO] AnalyticsPlugin:255 - Accepted CMSIS Pack Licenses: 
2023-11-13 11:45:45,216 [INFO] AnalyticsPlugin:257 - Accepted Firmware Licenses: 
2023-11-13 11:45:45,219 [INFO] PluginManage:359 - Loaded plugin analytics (category:tool,tabindex:-1)
2023-11-13 11:45:45,219 [INFO] PluginManage:310 - Check plugin cadmodel
2023-11-13 11:45:45,225 [INFO] CADModel:105 - Init CAD model plugin
2023-11-13 11:45:45,225 [INFO] PluginManage:359 - Loaded plugin cadmodel (category:power,tabindex:5)
2023-11-13 11:45:45,225 [INFO] PluginManage:310 - Check plugin clock
2023-11-13 11:45:45,236 [INFO] PluginManage:359 - Loaded plugin clock (category:base,tabindex:2)
2023-11-13 11:45:45,236 [INFO] PluginManage:310 - Check plugin ddr
2023-11-13 11:45:45,239 [INFO] PluginManage:359 - Loaded plugin ddr (category:tool,tabindex:6)
2023-11-13 11:45:45,239 [INFO] PluginManage:310 - Check plugin filemanager
2023-11-13 11:45:45,357 [INFO] PluginManage:359 - Loaded plugin filemanager (category:base,tabindex:10)
2023-11-13 11:45:45,358 [INFO] PluginManage:310 - Check plugin ipmanager
2023-11-13 11:45:45,364 [INFO] PluginManage:359 - Loaded plugin ipmanager (category:base,tabindex:5)
2023-11-13 11:45:45,365 [INFO] PluginManage:310 - Check plugin lpbam
2023-11-13 11:45:45,372 [INFO] PluginManage:359 - Loaded plugin lpbam (category:base,tabindex:0)
2023-11-13 11:45:45,373 [INFO] PluginManage:310 - Check plugin memorymap
2023-11-13 11:45:45,385 [INFO] PluginManage:359 - Loaded plugin memorymap (category:base,tabindex:4)
2023-11-13 11:45:45,386 [INFO] PluginManage:310 - Check plugin pinoutandconfiguration
2023-11-13 11:45:45,396 [INFO] PluginManage:359 - Loaded plugin pinoutandconfiguration (category:base,tabindex:1)
2023-11-13 11:45:45,396 [INFO] PluginManage:310 - Check plugin pinoutconfig
2023-11-13 11:45:45,493 [WARN] SupportedApi:132 - Cannot load RTOS API schema: s4s-elt-must-match.1: The content of 'definitions' must match (annotation?, (simpleType | complexType)?, (unique | key | keyref)*)). A problem was found starting at: attribute.
2023-11-13 11:45:45,608 [INFO] PluginManage:359 - Loaded plugin pinoutconfig (category:base,tabindex:0)
2023-11-13 11:45:45,609 [INFO] PluginManage:310 - Check plugin power
2023-11-13 11:45:45,619 [INFO] PluginManage:359 - Loaded plugin power (category:power,tabindex:4)
2023-11-13 11:45:45,619 [INFO] PluginManage:310 - Check plugin projectmanager
2023-11-13 11:45:45,632 [INFO] PluginManage:359 - Loaded plugin projectmanager (category:projectmanager,tabindex:3)
2023-11-13 11:45:45,632 [INFO] PluginManage:310 - Check plugin thirdparty
2023-11-13 11:45:45,748 [WARN] IntegrityCheckThread:84 - waiting for thirdparty lock release [integrity check]
2023-11-13 11:45:45,749 [INFO] IntegrityCheckThread:86 - entering critical section [integrity check]
2023-11-13 11:45:45,749 [INFO] PluginManage:359 - Loaded plugin thirdparty (category:base,tabindex:-1)
2023-11-13 11:45:45,749 [INFO] PluginManage:310 - Check plugin tools
2023-11-13 11:45:45,750 [INFO] ThirdPartyUpdaterWithRetryManager:70 - Updater plugin not ready yet. [1/15]
2023-11-13 11:45:45,753 [INFO] PluginManage:359 - Loaded plugin tools (category:base,tabindex:7)
2023-11-13 11:45:45,753 [INFO] PluginManage:310 - Check plugin tutovideos
2023-11-13 11:45:45,898 [INFO] PluginManage:359 - Loaded plugin tutovideos (category:base,tabindex:-1)
2023-11-13 11:45:45,898 [INFO] PluginManage:310 - Check plugin updater
2023-11-13 11:45:45,909 [INFO] PluginManage:359 - Loaded plugin updater (category:base,tabindex:12)
2023-11-13 11:45:45,909 [INFO] PluginManage:310 - Check plugin userauth
2023-11-13 11:45:45,914 [INFO] UserAuth:113 - Init User Auth plugin
2023-11-13 11:45:45,915 [INFO] PluginManage:359 - Loaded plugin userauth (category:base,tabindex:14)
2023-11-13 11:45:45,915 [INFO] PluginManage:283 - PluginManage : Loaded plugins [17]
2023-11-13 11:45:46,108 [INFO] PinOutPanel:1499 - setPackage(No Configuration,No Configuration)
2023-11-13 11:45:46,213 [INFO] CADModel:165 - CPN selected for project level
2023-11-13 11:45:46,213 [INFO] CADModel:114 - Register for checkConnection events
2023-11-13 11:45:46,230 [INFO] IPUIPlugin:80 - create IPUIPlugin
2023-11-13 11:45:46,231 [INFO] PluginManager:220 - loadIPPluginJar : add adc
2023-11-13 11:45:46,233 [INFO] IPUIPlugin:80 - create IPUIPlugin
2023-11-13 11:45:46,233 [INFO] PluginManager:220 - loadIPPluginJar : add aes
2023-11-13 11:45:46,236 [INFO] IPUIPlugin:80 - create IPUIPlugin
2023-11-13 11:45:46,236 [INFO] PluginManager:220 - loadIPPluginJar : add can
2023-11-13 11:45:46,238 [INFO] IPUIPlugin:80 - create IPUIPlugin
2023-11-13 11:45:46,238 [INFO] PluginManager:220 - loadIPPluginJar : add comp
2023-11-13 11:45:46,240 [INFO] IPUIPlugin:80 - create IPUIPlugin
2023-11-13 11:45:46,240 [INFO] PluginManager:220 - loadIPPluginJar : add cryp
2023-11-13 11:45:46,243 [INFO] IPUIPlugin:80 - create IPUIPlugin
2023-11-13 11:45:46,244 [INFO] PluginManager:220 - loadIPPluginJar : add dfsdm
2023-11-13 11:45:46,249 [INFO] IPUIPlugin:80 - create IPUIPlugin
2023-11-13 11:45:46,249 [INFO] PluginManager:220 - loadIPPluginJar : add dma
2023-11-13 11:45:46,252 [INFO] IPUIPlugin:80 - create IPUIPlugin
2023-11-13 11:45:46,252 [INFO] PluginManager:220 - loadIPPluginJar : add dma3
2023-11-13 11:45:46,254 [INFO] IPUIPlugin:80 - create IPUIPlugin
2023-11-13 11:45:46,254 [INFO] PluginManager:220 - loadIPPluginJar : add fatfs
2023-11-13 11:45:46,258 [INFO] IPUIPlugin:80 - create IPUIPlugin
2023-11-13 11:45:46,258 [INFO] PluginManager:220 - loadIPPluginJar : add fmc
2023-11-13 11:45:46,264 [INFO] IPUIPlugin:80 - create IPUIPlugin
2023-11-13 11:45:46,264 [INFO] PluginManager:220 - loadIPPluginJar : add freertos
2023-11-13 11:45:46,265 [INFO] IPUIPlugin:80 - create IPUIPlugin
2023-11-13 11:45:46,265 [INFO] PluginManager:220 - loadIPPluginJar : add genericplugin
2023-11-13 11:45:46,268 [INFO] IPUIPlugin:80 - create IPUIPlugin
2023-11-13 11:45:46,268 [INFO] PluginManager:220 - loadIPPluginJar : add gfxmmu
2023-11-13 11:45:46,273 [INFO] IPUIPlugin:80 - create IPUIPlugin
2023-11-13 11:45:46,273 [INFO] PluginManager:220 - loadIPPluginJar : add gic
2023-11-13 11:45:46,277 [INFO] IPUIPlugin:80 - create IPUIPlugin
2023-11-13 11:45:46,278 [INFO] PluginManager:220 - loadIPPluginJar : add gpio
2023-11-13 11:45:46,281 [INFO] IPUIPlugin:80 - create IPUIPlugin
2023-11-13 11:45:46,281 [INFO] PluginManager:220 - loadIPPluginJar : add gtzc
2023-11-13 11:45:46,283 [INFO] IPUIPlugin:80 - create IPUIPlugin
2023-11-13 11:45:46,283 [INFO] PluginManager:220 - loadIPPluginJar : add hash
2023-11-13 11:45:46,285 [INFO] IPUIPlugin:80 - create IPUIPlugin
2023-11-13 11:45:46,286 [INFO] PluginManager:220 - loadIPPluginJar : add i2c
2023-11-13 11:45:46,288 [INFO] IPUIPlugin:80 - create IPUIPlugin
2023-11-13 11:45:46,288 [INFO] PluginManager:220 - loadIPPluginJar : add i2s
2023-11-13 11:45:46,291 [INFO] IPUIPlugin:80 - create IPUIPlugin
2023-11-13 11:45:46,291 [INFO] PluginManager:220 - loadIPPluginJar : add i3c
2023-11-13 11:45:46,293 [INFO] IPUIPlugin:80 - create IPUIPlugin
2023-11-13 11:45:46,294 [INFO] PluginManager:220 - loadIPPluginJar : add ipddr
2023-11-13 11:45:46,300 [INFO] IPUIPlugin:80 - create IPUIPlugin
2023-11-13 11:45:46,300 [INFO] PluginManager:220 - loadIPPluginJar : add linkedlist
2023-11-13 11:45:46,301 [ERROR] ConfigurationRetriever:142 - IOException on connection: Connect timed out
2023-11-13 11:45:46,302 [INFO] IPUIPlugin:80 - create IPUIPlugin
2023-11-13 11:45:46,302 [INFO] PluginManager:220 - loadIPPluginJar : add lorawan
2023-11-13 11:45:46,304 [INFO] IPUIPlugin:80 - create IPUIPlugin
2023-11-13 11:45:46,304 [INFO] PluginManager:220 - loadIPPluginJar : add ltdc
2023-11-13 11:45:46,310 [INFO] IPUIPlugin:80 - create IPUIPlugin
2023-11-13 11:45:46,310 [INFO] PluginManager:220 - loadIPPluginJar : add mdma
2023-11-13 11:45:46,314 [INFO] IPUIPlugin:80 - create IPUIPlugin
2023-11-13 11:45:46,314 [INFO] PluginManager:220 - loadIPPluginJar : add nvic
2023-11-13 11:45:46,317 [INFO] IPUIPlugin:80 - create IPUIPlugin
2023-11-13 11:45:46,317 [INFO] PluginManager:220 - loadIPPluginJar : add opamp
2023-11-13 11:45:46,319 [INFO] IPUIPlugin:80 - create IPUIPlugin
2023-11-13 11:45:46,319 [INFO] PluginManager:220 - loadIPPluginJar : add openamp
2023-11-13 11:45:46,322 [INFO] IPUIPlugin:80 - create IPUIPlugin
2023-11-13 11:45:46,322 [INFO] PluginManager:220 - loadIPPluginJar : add pdm2pcm
2023-11-13 11:45:46,329 [INFO] IPUIPlugin:80 - create IPUIPlugin
2023-11-13 11:45:46,331 [INFO] PluginManager:220 - loadIPPluginJar : add plateformsettings
2023-11-13 11:45:46,332 [INFO] IPUIPlugin:80 - create IPUIPlugin
2023-11-13 11:45:46,332 [INFO] PluginManager:220 - loadIPPluginJar : add quadspi
2023-11-13 11:45:46,336 [INFO] IPUIPlugin:80 - create IPUIPlugin
2023-11-13 11:45:46,336 [INFO] PluginManager:220 - loadIPPluginJar : add resmgrutility
2023-11-13 11:45:46,338 [INFO] IPUIPlugin:80 - create IPUIPlugin
2023-11-13 11:45:46,339 [INFO] PluginManager:220 - loadIPPluginJar : add sai
2023-11-13 11:45:46,341 [INFO] IPUIPlugin:80 - create IPUIPlugin
2023-11-13 11:45:46,341 [INFO] PluginManager:220 - loadIPPluginJar : add spi
2023-11-13 11:45:46,345 [INFO] IPUIPlugin:80 - create IPUIPlugin
2023-11-13 11:45:46,345 [INFO] PluginManager:220 - loadIPPluginJar : add stm32_wpan
2023-11-13 11:45:46,346 [INFO] IPUIPlugin:80 - create IPUIPlugin
2023-11-13 11:45:46,347 [INFO] PluginManager:220 - loadIPPluginJar : add tim
2023-11-13 11:45:46,349 [INFO] IPUIPlugin:80 - create IPUIPlugin
2023-11-13 11:45:46,349 [INFO] PluginManager:220 - loadIPPluginJar : add touchsensing
2023-11-13 11:45:46,351 [INFO] IPUIPlugin:80 - create IPUIPlugin
2023-11-13 11:45:46,351 [INFO] PluginManager:220 - loadIPPluginJar : add tracer_emb
2023-11-13 11:45:46,353 [INFO] IPUIPlugin:80 - create IPUIPlugin
2023-11-13 11:45:46,353 [INFO] PluginManager:220 - loadIPPluginJar : add ts
2023-11-13 11:45:46,354 [INFO] IPUIPlugin:80 - create IPUIPlugin
2023-11-13 11:45:46,354 [INFO] PluginManager:220 - loadIPPluginJar : add tsc
2023-11-13 11:45:46,356 [INFO] IPUIPlugin:80 - create IPUIPlugin
2023-11-13 11:45:46,356 [INFO] PluginManager:220 - loadIPPluginJar : add ucpd
2023-11-13 11:45:46,359 [INFO] IPUIPlugin:80 - create IPUIPlugin
2023-11-13 11:45:46,359 [INFO] PluginManager:220 - loadIPPluginJar : add usart
2023-11-13 11:45:46,361 [INFO] IPUIPlugin:80 - create IPUIPlugin
2023-11-13 11:45:46,361 [INFO] PluginManager:220 - loadIPPluginJar : add usbx
2023-11-13 11:45:46,473 [INFO] CADModel:165 - CPN selected for project level
2023-11-13 11:45:46,474 [INFO] CADModel:114 - Register for checkConnection events
2023-11-13 11:45:46,474 [FATAL] Updater:308 - Updater called before beeing initialized
2023-11-13 11:45:46,474 [ERROR] CADModel:125 - Updater not yet initialized, retry later 
2023-11-13 11:45:46,603 [INFO] CADModel:165 - CPN selected for project level
2023-11-13 11:45:46,603 [INFO] CADModel:114 - Register for checkConnection events
2023-11-13 11:45:46,603 [FATAL] Updater:308 - Updater called before beeing initialized
2023-11-13 11:45:46,604 [ERROR] CADModel:125 - Updater not yet initialized, retry later 
2023-11-13 11:45:46,607 [FATAL] Updater:308 - Updater called before beeing initialized
2023-11-13 11:45:46,697 [FATAL] Updater:308 - Updater called before beeing initialized
2023-11-13 11:45:46,702 [INFO] DbMcusAds:53 - JSON generation date=Tue Mar 07 09:50:55 CET 2023 (1678179055114)
2023-11-13 11:45:46,703 [FATAL] Updater:308 - Updater called before beeing initialized
2023-11-13 11:45:46,741 [WARN] DetailPanel:346 - Failed to get advertising image, set to default
2023-11-13 11:45:46,839 [FATAL] Updater:308 - Updater called before beeing initialized
2023-11-13 11:45:46,840 [FATAL] Updater:308 - Updater called before beeing initialized
2023-11-13 11:45:46,841 [FATAL] Updater:308 - Updater called before beeing initialized
2023-11-13 11:45:46,841 [WARN] DetailPanel:346 - Failed to get advertising image, set to default
2023-11-13 11:45:46,841 [FATAL] Updater:308 - Updater called before beeing initialized
2023-11-13 11:45:46,890 [ERROR] Updater:1120 - MainUpdater not yet initialized. External WinMGr cannot be set.
2023-11-13 11:45:46,891 [INFO] Updater:1056 - Updater Version found : 6.9.2
2023-11-13 11:45:46,907 [INFO] ApplicationProperties:184 - Using Application install path: C:\ST\STM32CubeIDE_1.13.2\STM32CubeIDE\plugins\com.st.stm32cube.common.mx_6.9.2.202309101412
2023-11-13 11:45:48,303 [ERROR] ConfigurationRetriever:142 - IOException on connection: Connect timed out
2023-11-13 11:45:48,753 [INFO] ThirdPartyUpdaterWithRetryManager:70 - Updater plugin not ready yet. [2/15]
2023-11-13 11:45:48,984 [WARN] ServerAccessManage:1168 - Warning during Server Connection :  timeout Connect timed out
2023-11-13 11:45:50,220 [ERROR] ConfigurationRetriever:142 - IOException on connection: Connect timed out
2023-11-13 11:45:50,304 [ERROR] ConfigurationRetriever:142 - IOException on connection: Connect timed out
2023-11-13 11:45:50,987 [WARN] ServerAccessManage:1168 - Warning during Server Connection :  timeout Connect timed out
2023-11-13 11:45:50,991 [INFO] MainUpdater:2868 - connection check result : 22
2023-11-13 11:45:50,992 [INFO] MainUpdater:285 - Updater Check For Update Now.
2023-11-13 11:45:50,992 [INFO] MicroXplorer:498 - Change Database Version : DB.6.0.92
2023-11-13 11:45:50,998 [INFO] McuFinderGlobals:63 - Set McuFinder mode to 2 (CubeIDE integrated)
2023-11-13 11:45:51,155 [INFO] CheckServerUpdateThread:120 - End of CheckServer Thread
2023-11-13 11:45:51,916 [WARN] PackLoader:240 - Cannot read IP mode file for STMicroelectronics.X-CUBE-SMBUS.2.1.0
2023-11-13 11:45:51,946 [WARN] PackLoader:240 - Cannot read IP mode file for STMicroelectronics.X-CUBE-AZRTOS-F7.1.1.0
2023-11-13 11:45:51,956 [WARN] PackLoader:240 - Cannot read IP mode file for STMicroelectronics.FP-SNS-MOTENV1.4.3.2
2023-11-13 11:45:51,963 [WARN] PackLoader:240 - Cannot read IP mode file for STMicroelectronics.FP-SNS-FLIGHT1.5.0.2
2023-11-13 11:45:51,972 [WARN] PackLoader:240 - Cannot read IP mode file for STMicroelectronics.X-CUBE-DISPLAY.3.0.0
2023-11-13 11:45:51,987 [WARN] PackLoader:240 - Cannot read IP mode file for STMicroelectronics.X-CUBE-BLE1.7.0.0
2023-11-13 11:45:51,994 [WARN] PackLoader:240 - Cannot read IP mode file for emotas.I-CUBE-CANOPEN.1.3.0
2023-11-13 11:45:52,000 [WARN] PackLoader:240 - Cannot read IP mode file for STMicroelectronics.X-CUBE-TOUCHGFX.4.22.0
2023-11-13 11:45:52,003 [WARN] PackLoader:240 - Cannot read IP mode file for STMicroelectronics.X-CUBE-TOUCHGFX.4.22.1
2023-11-13 11:45:52,007 [WARN] PackLoader:240 - Cannot read IP mode file for STMicroelectronics.FP-SNS-SMARTAG2.1.2.0
2023-11-13 11:45:52,018 [INFO] LogOutputStream:77 - [STDOUT_REDIRECT] 1 : Invalid condition id : UX_CORESTACK_Condition cause : null
2023-11-13 11:45:52,018 [INFO] LogOutputStream:77 - [STDOUT_REDIRECT] 1 : Invalid condition id : UX_CORESTACK_Condition cause : null
2023-11-13 11:45:52,019 [INFO] LogOutputStream:77 - [STDOUT_REDIRECT] 1 : Invalid condition id : UX_CORESTACK_Condition cause : null
2023-11-13 11:45:52,021 [INFO] LogOutputStream:77 - [STDOUT_REDIRECT] 1 : Invalid condition id : UX_CORESTACK_Condition cause : null
2023-11-13 11:45:52,022 [INFO] LogOutputStream:77 - [STDOUT_REDIRECT] 1 : Invalid condition id : UX_CORESTACK_Condition cause : null
2023-11-13 11:45:52,025 [WARN] PackLoader:240 - Cannot read IP mode file for STMicroelectronics.X-CUBE-AZRTOS-WL.2.0.0
2023-11-13 11:45:52,033 [WARN] PackLoader:240 - Cannot read IP mode file for WES.I-CUBE-Cesium.1.3.0
2023-11-13 11:45:52,038 [WARN] PackLoader:240 - Cannot read IP mode file for STMicroelectronics.X-CUBE-BLE2.3.3.0
2023-11-13 11:45:52,043 [WARN] PackLoader:240 - Cannot read IP mode file for STMicroelectronics.X-CUBE-ALGOBUILD.1.3.0
2023-11-13 11:45:52,058 [WARN] PackLoader:240 - Cannot read IP mode file for STMicroelectronics.X-CUBE-AZRTOS-G0.1.1.0
2023-11-13 11:45:52,065 [WARN] PackLoader:240 - Cannot read IP mode file for STMicroelectronics.X-CUBE-NFC4.3.0.0
2023-11-13 11:45:52,075 [WARN] PackLoader:240 - Cannot read IP mode file for STMicroelectronics.X-CUBE-BLEMGR.3.0.0
2023-11-13 11:45:52,080 [WARN] PackLoader:240 - Cannot read IP mode file for STMicroelectronics.FP-ATR-SIGFOX1.3.2.0
2023-11-13 11:45:52,104 [WARN] PackLoader:240 - Cannot read IP mode file for SEGGER.I-CUBE-embOS.1.3.1
2023-11-13 11:45:52,143 [WARN] PackLoader:240 - Cannot read IP mode file for STMicroelectronics.X-CUBE-GNSS1.6.0.0
2023-11-13 11:45:52,172 [WARN] PackLoader:240 - Cannot read IP mode file for STMicroelectronics.X-CUBE-AZRTOS-F4.1.1.0
2023-11-13 11:45:52,180 [WARN] PackLoader:240 - Cannot read IP mode file for wolfSSL.I-CUBE-wolfSSL.5.6.3
2023-11-13 11:45:52,196 [WARN] PackLoader:240 - Cannot read IP mode file for STMicroelectronics.X-CUBE-AZRTOS-L5.2.0.0
2023-11-13 11:45:52,224 [WARN] PackLoader:240 - Cannot read IP mode file for STMicroelectronics.X-CUBE-MEMS1.9.6.0
2023-11-13 11:45:52,347 [WARN] PackLoader:240 - Cannot read IP mode file for STMicroelectronics.X-CUBE-EEPRMA1.4.2.0
2023-11-13 11:45:52,352 [WARN] PackLoader:240 - Cannot read IP mode file for ITTIA_DB.I-CUBE-ITTIADB.8.8.0
2023-11-13 11:45:52,358 [WARN] PackLoader:240 - Cannot read IP mode file for STMicroelectronics.X-CUBE-BLEMGR.2.0.0
2023-11-13 11:45:52,371 [WARN] ConditionMgr:438 - getConditionDescription Invalid condition id : UX DEVICE CLASS RTOS Condition cause : null
2023-11-13 11:45:52,372 [WARN] ConditionMgr:438 - getConditionDescription Invalid condition id : UX DEVICE CLASS RTOS Condition cause : null
2023-11-13 11:45:52,375 [WARN] PackLoader:240 - Cannot read IP mode file for STMicroelectronics.X-CUBE-AZRTOS-H7.3.1.0
2023-11-13 11:45:52,376 [WARN] ConditionMgr:1039 - genDependencies : Invalid condition id : UX DEVICE CLASS RTOS Condition cause : null
2023-11-13 11:45:52,376 [WARN] ConditionMgr:1039 - genDependencies : Invalid condition id : UX DEVICE CLASS RTOS Condition cause : null
2023-11-13 11:45:52,376 [WARN] ConditionMgr:1039 - genDependencies : Invalid condition id : UX DEVICE CLASS RTOS Condition cause : null
2023-11-13 11:45:52,377 [WARN] ConditionMgr:1039 - genDependencies : Invalid condition id : UX DEVICE CLASS RTOS Condition cause : null
2023-11-13 11:45:52,377 [WARN] ConditionMgr:1039 - genDependencies : Invalid condition id : UX DEVICE CLASS RTOS Condition cause : null
2023-11-13 11:45:52,382 [WARN] PackLoader:240 - Cannot read IP mode file for STMicroelectronics.X-CUBE-NFC7.1.0.1
2023-11-13 11:45:52,388 [WARN] PackLoader:240 - Cannot read IP mode file for STMicroelectronics.X-CUBE-NFC6.3.0.0
2023-11-13 11:45:52,393 [WARN] PackLoader:240 - Cannot read IP mode file for STMicroelectronics.X-CUBE-EEPRMA1.4.1.0
2023-11-13 11:45:52,397 [WARN] PackLoader:240 - Cannot read IP mode file for STMicroelectronics.X-CUBE-AI.8.1.0
2023-11-13 11:45:52,410 [WARN] ConditionMgr:438 - getConditionDescription Invalid condition id : LAN8742 Phy interface Condition cause : null
2023-11-13 11:45:52,411 [WARN] PackLoader:240 - Cannot read IP mode file for STMicroelectronics.X-CUBE-AZRTOS-L4.2.0.0
2023-11-13 11:45:52,412 [WARN] ConditionMgr:1039 - genDependencies : Invalid condition id : LAN8742 Phy interface Condition cause : null
2023-11-13 11:45:52,412 [WARN] ConditionMgr:1039 - genDependencies : Invalid condition id : LAN8742 Phy interface Condition cause : null
2023-11-13 11:45:52,413 [WARN] ConditionMgr:1039 - genDependencies : Invalid condition id : LAN8742 Phy interface Condition cause : null
2023-11-13 11:45:52,419 [WARN] PackLoader:240 - Cannot read IP mode file for STMicroelectronics.X-CUBE-SFXS2LP1.4.0.0
2023-11-13 11:45:52,423 [WARN] PackLoader:240 - Cannot read IP mode file for STMicroelectronics.X-CUBE-ISPU.1.1.0
2023-11-13 11:45:52,432 [WARN] ConditionMgr:438 - getConditionDescription Invalid condition id : UX DEVICE CLASS RTOS Condition cause : null
2023-11-13 11:45:52,432 [WARN] ConditionMgr:438 - getConditionDescription Invalid condition id : UX DEVICE CLASS RTOS Condition cause : null
2023-11-13 11:45:52,434 [WARN] PackLoader:240 - Cannot read IP mode file for STMicroelectronics.X-CUBE-AZRTOS-WB.2.0.0
2023-11-13 11:45:52,434 [WARN] ConditionMgr:1039 - genDependencies : Invalid condition id : UX DEVICE CLASS RTOS Condition cause : null
2023-11-13 11:45:52,434 [WARN] ConditionMgr:1039 - genDependencies : Invalid condition id : UX DEVICE CLASS RTOS Condition cause : null
2023-11-13 11:45:52,434 [WARN] ConditionMgr:1039 - genDependencies : Invalid condition id : UX DEVICE CLASS RTOS Condition cause : null
2023-11-13 11:45:52,435 [WARN] ConditionMgr:1039 - genDependencies : Invalid condition id : UX DEVICE CLASS RTOS Condition cause : null
2023-11-13 11:45:52,435 [WARN] ConditionMgr:1039 - genDependencies : Invalid condition id : UX DEVICE CLASS RTOS Condition cause : null
2023-11-13 11:45:52,443 [WARN] PackLoader:240 - Cannot read IP mode file for STMicroelectronics.X-CUBE-SUBG2.5.0.0
2023-11-13 11:45:52,456 [WARN] PackLoader:240 - Cannot read IP mode file for STMicroelectronics.X-CUBE-TOF1.3.3.1
2023-11-13 11:45:52,473 [WARN] PackLoader:240 - Cannot read IP mode file for STMicroelectronics.X-CUBE-AZRTOS-G4.2.0.0
2023-11-13 11:45:52,484 [WARN] PackLoader:240 - Cannot read IP mode file for Infineon.AIROC-Wi-Fi-Bluetooth-STM32.1.5.1
2023-11-13 11:45:52,517 [WARN] PackLoader:240 - Cannot read IP mode file for STMicroelectronics.X-CUBE-MEMS1.10.0.0
2023-11-13 11:45:52,595 [WARN] PackLoader:240 - Cannot read IP mode file for STMicroelectronics.X-CUBE-FREERTOS.1.1.0
2023-11-13 11:45:52,600 [WARN] PackLoader:240 - Cannot read IP mode file for portGmbH.I-Cube-SoM-uGOAL.1.1.0
2023-11-13 11:45:52,604 [WARN] PackLoader:240 - Cannot read IP mode file for STMicroelectronics.X-CUBE-ALS.1.0.1
2023-11-13 11:45:52,607 [WARN] PackLoader:240 - Cannot read IP mode file for STMicroelectronics.FP-ATR-ASTRA1.2.0.0
2023-11-13 11:45:52,608 [INFO] ThirdParty:978 - Integrity check success = true
2023-11-13 11:45:52,608 [INFO] IntegrityCheckThread:100 - exiting critical section [integrity check]
2023-11-13 11:45:52,608 [INFO] IntegrityCheckThread:103 - End integrity checks thread
2023-11-13 11:45:55,222 [ERROR] ConfigurationRetriever:142 - IOException on connection: Connect timed out
2023-11-13 11:46:00,222 [ERROR] ConfigurationRetriever:142 - IOException on connection: Connect timed out
2023-11-13 11:46:11,553 [ERROR] LogOutputStream:75 - [STDERR_REDIRECT] SLF4J: Failed to load class "org.slf4j.impl.StaticLoggerBinder".
2023-11-13 11:46:11,554 [ERROR] LogOutputStream:75 - [STDERR_REDIRECT] SLF4J: Defaulting to no-operation (NOP) logger implementation
2023-11-13 11:46:11,555 [ERROR] LogOutputStream:75 - [STDERR_REDIRECT] SLF4J: See http://www.slf4j.org/codes.html#StaticLoggerBinder for further details.
2023-11-13 11:53:38,057 [INFO] McuFinderGlobals:63 - Set McuFinder mode to 2 (CubeIDE integrated)
2023-11-13 11:53:39,221 [WARN] ServerAccessManage:1168 - Warning during Server Connection :  timeout Connect timed out
2023-11-13 11:53:40,224 [WARN] ServerAccessManage:1168 - Warning during Server Connection :  timeout Connect timed out
2023-11-13 11:53:40,227 [INFO] MainUpdater:2868 - connection check result : 22
2023-11-13 11:53:41,248 [WARN] ServerAccessManage:1168 - Warning during Server Connection :  timeout Connect timed out
2023-11-13 11:53:42,251 [WARN] ServerAccessManage:1168 - Warning during Server Connection :  timeout Connect timed out
2023-11-13 11:53:42,253 [INFO] MainUpdater:2868 - connection check result : 22
2023-11-13 11:53:52,276 [WARN] ServerAccessManage:1168 - Warning during Server Connection :  timeout Connect timed out
2023-11-13 11:53:53,278 [WARN] ServerAccessManage:1168 - Warning during Server Connection :  timeout Connect timed out
2023-11-13 11:53:53,281 [INFO] MainUpdater:2868 - connection check result : 22
2023-11-13 11:54:25,204 [WARN] ServerAccessManage:1168 - Warning during Server Connection :  timeout Connect timed out
2023-11-13 11:54:26,205 [WARN] ServerAccessManage:1168 - Warning during Server Connection :  timeout Connect timed out
2023-11-13 11:54:26,207 [INFO] MainUpdater:2868 - connection check result : 22
2023-11-13 11:54:38,709 [WARN] ServerAccessManage:1168 - Warning during Server Connection :  timeout Connect timed out
2023-11-13 11:54:39,712 [WARN] ServerAccessManage:1168 - Warning during Server Connection :  timeout Connect timed out
2023-11-13 11:54:39,714 [INFO] MainUpdater:2868 - connection check result : 22
2023-11-13 11:54:42,034 [INFO] MicroXplorer:468 - Change Database Path : 
2023-11-13 11:54:42,034 [INFO] MicroXplorer:498 - Change Database Version : DB.6.0.92
2023-11-13 11:54:42,037 [WARN] ThirdParty:871 - waiting for thirdparty lock release [close project]
2023-11-13 11:54:42,037 [INFO] ThirdParty:873 - entering critical section [close project]
2023-11-13 11:54:42,038 [INFO] ThirdParty:883 - exiting critical section [close project]
2023-11-13 11:54:42,039 [INFO] PinOutPanel:1499 - setPackage(No Configuration,No Configuration)
2023-11-13 11:54:42,045 [INFO] UtilMem:75 - Begin LoadConfig() Used Memory: 162929528 Bytes (591396864)
2023-11-13 11:54:42,046 [INFO] MicroXplorer:468 - Change Database Path : 
2023-11-13 11:54:42,046 [INFO] MicroXplorer:498 - Change Database Version : DB.6.0.92
2023-11-13 11:54:42,046 [INFO] OpenFileManager:308 - Change cursor
2023-11-13 11:54:42,081 [INFO] Mcu:1946 - Initializing MCU STM32F072R(8-B)Tx STM32F072RBTx STM32F072RBT6
2023-11-13 11:54:43,235 [INFO] Context:659 - Trying to add GPIOservice into a context  which must be forbidden
2023-11-13 11:54:43,652 [INFO] RtosManager:555 - Registered RTOS mode: class=CMSIS, group=RTOS, mode=CMSIS_V1, owner=FREERTOS
2023-11-13 11:54:43,652 [INFO] RtosManager:555 - Registered RTOS mode: class=CMSIS, group=RTOS2, mode=CMSIS_V2, owner=FREERTOS
2023-11-13 11:54:43,652 [INFO] RtosManager:555 - Registered RTOS mode: class=RTOS, group=Core, mode=CMSIS_V1, owner=FREERTOS
2023-11-13 11:54:43,652 [INFO] RtosManager:555 - Registered RTOS mode: class=RTOS, group=Core, mode=CMSIS_V2, owner=FREERTOS
2023-11-13 11:54:43,652 [WARN] ModelIntegratedComponent:184 - Missing modes for component STMicroelectronics:FreeRTOS:0.0.1:STMicroelectronics:RTOS:FreeRTOS:Core:::10.2.0:
2023-11-13 11:54:43,662 [WARN] ModelIntegratedComponent:63 - No mode defined for component null
2023-11-13 11:54:43,662 [WARN] ModelIntegratedComponent:63 - No mode defined for component null
2023-11-13 11:54:43,662 [WARN] ModelIntegratedComponent:63 - No mode defined for component null
2023-11-13 11:54:43,662 [WARN] ModelIntegratedComponent:63 - No mode defined for component null
2023-11-13 11:54:43,662 [WARN] ModelIntegratedComponent:63 - No mode defined for component null
2023-11-13 11:54:43,662 [WARN] ModelIntegratedComponent:63 - No mode defined for component null
2023-11-13 11:54:43,662 [WARN] ModelIntegratedComponent:63 - No mode defined for component null
2023-11-13 11:54:43,662 [WARN] ModelIntegratedComponent:63 - No mode defined for component null
2023-11-13 11:54:43,662 [WARN] ModelIntegratedComponent:63 - No mode defined for component null
2023-11-13 11:54:43,662 [WARN] ModelIntegratedComponent:63 - No mode defined for component null
2023-11-13 11:54:43,663 [WARN] ModelIntegratedComponent:63 - No mode defined for component null
2023-11-13 11:54:43,663 [WARN] ModelIntegratedComponent:63 - No mode defined for component null
2023-11-13 11:54:43,663 [WARN] ModelIntegratedComponent:63 - No mode defined for component null
2023-11-13 11:54:43,663 [WARN] ModelIntegratedComponent:63 - No mode defined for component null
2023-11-13 11:54:43,663 [WARN] ModelIntegratedComponent:63 - No mode defined for component null
2023-11-13 11:54:43,663 [WARN] ModelIntegratedComponent:63 - No mode defined for component null
2023-11-13 11:54:43,663 [WARN] ModelIntegratedComponent:63 - No mode defined for component null
2023-11-13 11:54:43,663 [WARN] ModelIntegratedComponent:63 - No mode defined for component null
2023-11-13 11:54:43,663 [WARN] ModelIntegratedComponent:63 - No mode defined for component null
2023-11-13 11:54:43,663 [WARN] ModelIntegratedComponent:63 - No mode defined for component null
2023-11-13 11:54:43,663 [WARN] ModelIntegratedComponent:63 - No mode defined for component null
2023-11-13 11:54:43,663 [WARN] ModelIntegratedComponent:63 - No mode defined for component null
2023-11-13 11:54:43,663 [WARN] ModelIntegratedComponent:63 - No mode defined for component null
2023-11-13 11:54:43,663 [WARN] ModelIntegratedComponent:63 - No mode defined for component null
2023-11-13 11:54:43,663 [WARN] ModelIntegratedComponent:63 - No mode defined for component null
2023-11-13 11:54:43,663 [WARN] ModelIntegratedComponent:63 - No mode defined for component null
2023-11-13 11:54:43,663 [WARN] ModelIntegratedComponent:63 - No mode defined for component null
2023-11-13 11:54:43,663 [WARN] ModelIntegratedComponent:63 - No mode defined for component null
2023-11-13 11:54:43,663 [WARN] ModelIntegratedComponent:63 - No mode defined for component null
2023-11-13 11:54:43,664 [WARN] ModelIntegratedComponent:63 - No mode defined for component null
2023-11-13 11:54:43,664 [WARN] ModelIntegratedComponent:63 - No mode defined for component null
2023-11-13 11:54:43,664 [WARN] ModelIntegratedComponent:63 - No mode defined for component null
2023-11-13 11:54:43,664 [WARN] ModelIntegratedComponent:63 - No mode defined for component null
2023-11-13 11:54:43,742 [INFO] ThirdPartyModel:298 - Start build external matchings
2023-11-13 11:54:44,278 [INFO] ThirdPartyModel:316 - End build external matchings
2023-11-13 11:54:44,296 [INFO] ImportTextPane:194 - (OptionalMessage_ERROR) IP (RCC) : Parameter (FLatency) has Id (AdvancedSettings) currently not set
2023-11-13 11:54:44,296 [INFO] ImportTextPane:194 - (OptionalMessage_ERROR) IP (RCC) : Invalid parameter (FamilyName)
2023-11-13 11:54:44,297 [INFO] ImportTextPane:194 - (OptionalMessage_ERROR) IP (RCC) : Invalid parameter (HSICECFreq_Value)
2023-11-13 11:54:44,298 [INFO] ImportTextPane:194 - (OptionalMessage_ERROR) IP (RCC) : Parameter (PREFETCH_ENABLE) has Id (AdvancedSettings) currently not set
2023-11-13 11:54:44,507 [INFO] UtilMem:75 - End LoadConfig() Used Memory: 213881624 Bytes (591396864)
2023-11-13 11:54:44,614 [INFO] ApiDb:581 - Connected to CubeFinder SQLite database (C:\Users\jespe\.stmcufinder\plugins\mcufinder\mcu\cube-finder-db.db)
2023-11-13 11:54:44,689 [INFO] ApiDb:668 - CubeFinder database Data Model version=2.1
2023-11-13 11:54:44,690 [INFO] ApiDb:669 - CubeFinder database Configuration version=3.0.37
2023-11-13 11:54:44,690 [INFO] ApiDb:670 - CubeFinder database generation date=2023-08-09 (1691586011)
2023-11-13 11:54:44,690 [INFO] ApiDb:671 - CubeFinder database FW Pack versions=[FP-ATR-ASTRA1_V2.0.0, FP-SNS-FLIGHT1_V5.0.1, FP-SNS-FLIGHT1_V5.0.2, FP-SNS-MOTENV1_V4.3.1, FP-SNS-MOTENV1_V4.3.2, STM32Cube_FW_C0_V1.1.0, STM32Cube_FW_F4_V1.27.1, STM32Cube_FW_F7_V1.17.0, STM32Cube_FW_G0_V1.6.1, STM32Cube_FW_G4_V1.5.1, STM32Cube_FW_H5_V0.5.1, STM32Cube_FW_H5_V1.1.0, STM32Cube_FW_H7_V1.11.0, STM32Cube_FW_L0_V1.12.2, STM32Cube_FW_L5_V1.5.0, STM32Cube_FW_U5_V1.3.0, STM32Cube_FW_U5_V1.3.0RC4, STM32Cube_FW_WBA_V1.0.0RC1, STM32Cube_FW_WBA_V1.1.0, STM32Cube_FW_WBA_V1.1.0RC1, STM32Cube_FW_WB_V1.15.0RC1, STM32Cube_FW_WB_V1.16.0, STM32Cube_FW_WB_V1.16.0RC2, STM32Cube_FW_WB_V1.17.0, STM32Cube_FW_WL_V1.3.0, X-CUBE-ALGOBUILD_V1.3.0, X-CUBE-ALS_V1.0.1, X-CUBE-AZRTOS-F4_V1.1.0, X-CUBE-AZRTOS-F7_V1.1.0, X-CUBE-AZRTOS-G0_V1.1.0, X-CUBE-AZRTOS-G4_V2.0.0, X-CUBE-AZRTOS-H7_V3.1.0, X-CUBE-AZRTOS-L4_V1.0.0, X-CUBE-AZRTOS-L4_V2.0.0, X-CUBE-AZRTOS-L5_V1.1.0, X-CUBE-AZRTOS-WB_V1.1.0, X-CUBE-AZRTOS-WL_V2.0.0, X-CUBE-BLE1_V7.0.0, X-CUBE-BLE2_V3.3.0, X-CUBE-BLEMGR_V2.0.0, X-CUBE-EEPRMA1_V4.1.0, X-CUBE-FREERTOS_V1.1.0, X-CUBE-GNSS1_V6.0.0, X-CUBE-MEMS1_V9.1.0, X-CUBE-MEMS1_V9.4.0, X-CUBE-MEMS1_V9.6.0, X-CUBE-NFC4_V3.0.0, X-CUBE-NFC7_V1.0.0, X-CUBE-SFXS2LP1_V4.0.0, X-CUBE-SUBG2_V5.0.0, X-CUBE-TOF1_V3.3.1]
2023-11-13 11:54:46,705 [INFO] ApiDb:240 - Found 323 in-development CPN: [B-G473E-ZEST1S, B-WB1M-WPAN1, B-WL5M-SUBG1, NUCLEO-C031C6, NUCLEO-H503RB, NUCLEO-H563ZI, NUCLEO-U545RE-Q, NUCLEO-U5A5ZJ-Q, NUCLEO-WBA52CG, STEVAL-PROTEUS1, STEVAL-SMARTAG2, STEVAL-STWINBX1, STM320518-EVAL, STM32C0116-DK, STM32C011D6Y3TR, STM32C011D6Y6TR, STM32C011F4P3, STM32C011F4P6, STM32C011F4U3, STM32C011F4U6TR, STM32C011F6P3, STM32C011F6P6, STM32C011F6U3, STM32C011F6U6TR, STM32C011J4M3, STM32C011J4M6, STM32C011J6M3, STM32C011J6M6, STM32C0316-DK, STM32C031C4T3, STM32C031C4T6, STM32C031C4U3, STM32C031C4U6, STM32C031C6T3, STM32C031C6T6, STM32C031C6U3, STM32C031C6U6, STM32C031F4P3, STM32C031F4P6, STM32C031F6P3, STM32C031F6P6, STM32C031G4U3, STM32C031G4U6, STM32C031G6U3, STM32C031G6U6, STM32C031K4T3, STM32C031K4T6, STM32C031K4U3, STM32C031K4U6, STM32C031K6T3, STM32C031K6T6, STM32C031K6U3, STM32C031K6U6, STM32G071K8TXN, STM32G071K8UXN, STM32G081GBU6N, STM32G081KBT6N, STM32G081KBUXN, STM32G0B1CCT6N, STM32G0B1KCT6, STM32G0B1NEY6TR, STM32G0B1RCT6N, STM32G0C1CCT6, STM32G0C1CCT6N, STM32G0C1CCU6N, STM32G0C1CET6N, STM32G0C1CEU6N, STM32G0C1KCT6, STM32G0C1NEY6TR, STM32G0C1RCI6N, STM32G0C1RCT6N, STM32G0C1REI6N, STM32G0C1RET6N, STM32G0C1VCI6, STM32G0C1VEI6, STM32G471CCT6, STM32G471CCU6, STM32G471CET3, STM32G471CET6, STM32G471CEU3, STM32G471CEU6, STM32G471MCT6, STM32G471MET3, STM32G471MET6, STM32G471MEY6TR, STM32G471QCT6, STM32G471QET3, STM32G471RCT6, STM32G471RET3, STM32G471RET6, STM32G471VCH6, STM32G471VCI6, STM32G471VCT6, STM32G471VEH3, STM32G471VEH6, STM32G471VEI3, STM32G471VEI6, STM32G471VET3, STM32G471VET6, STM32G474CCT6, STM32H503CBT6, STM32H503CBU6, STM32H503EBY6TR, STM32H503KBU6, STM32H503RBT6, STM32H562AGI6, STM32H562AII6, STM32H562IGK6, STM32H562IGT6, STM32H562IIK6, STM32H562IIT6, STM32H562RGT6, STM32H562RGV6, STM32H562RIT6, STM32H562RIV6, STM32H562VGT6, STM32H562VIT6, STM32H562ZGT6, STM32H562ZIT6, STM32H563AGI6, STM32H563AII3Q, STM32H563AII6, STM32H563IGK6, STM32H563IGT6, STM32H563IIK3Q, STM32H563IIK6, STM32H563IIT3Q, STM32H563IIT6, STM32H563MIY3QTR, STM32H563RGT6, STM32H563RGV6, STM32H563RIT6, STM32H563RIV6, STM32H563VGT6, STM32H563VIT3Q, STM32H563VIT6, STM32H563ZGT6, STM32H563ZIT3Q, STM32H563ZIT6, STM32H573AII3Q, STM32H573AII6, STM32H573I-DK, STM32H573IIK3Q, STM32H573IIK6, STM32H573IIT3Q, STM32H573IIT6, STM32H573MIY3QTR, STM32H573RIT6, STM32H573RIV6, STM32H573VIT3Q, STM32H573VIT6, STM32H573ZIT3Q, STM32H573ZIT6, STM32L4R5QGI6STR, STM32MP131AAE3, STM32MP131AAF3, STM32MP131AAG3, STM32MP131CAE3, STM32MP131CAF3, STM32MP131CAG3, STM32MP131DAE7, STM32MP131DAF7, STM32MP131DAG7, STM32MP131FAE7, STM32MP131FAF7, STM32MP131FAG7, STM32MP133AAE3, STM32MP133AAF3, STM32MP133AAG3, STM32MP133CAE3, STM32MP133CAF3, STM32MP133CAG3, STM32MP133DAE7, STM32MP133DAF7, STM32MP133DAG7, STM32MP133FAE7, STM32MP133FAF7, STM32MP133FAG7, STM32MP135AAE3, STM32MP135AAF3, STM32MP135AAG3, STM32MP135CAE3, STM32MP135CAF3, STM32MP135CAG3, STM32MP135DAE7, STM32MP135DAF7, STM32MP135DAG7, STM32MP135F-DK, STM32MP135FAE7, STM32MP135FAF7, STM32MP135FAF7T, STM32MP135FAF7U, STM32MP135FAG7, STM32U535CBT6, STM32U535CBT6Q, STM32U535CBU6, STM32U535CBU6Q, STM32U535CCT6, STM32U535CCT6Q, STM32U535CCU6, STM32U535CCU6Q, STM32U535CET6, STM32U535CET6Q, STM32U535CEU6, STM32U535CEU6Q, STM32U535JEY6QTR, STM32U535NCY6QTR, STM32U535NEY6QTR, STM32U535RBI6, STM32U535RBI6Q, STM32U535RBT6, STM32U535RBT6Q, STM32U535RCI6, STM32U535RCI6Q, STM32U535RCT6, STM32U535RCT6Q, STM32U535REI6, STM32U535REI6Q, STM32U535RET6, STM32U535RET6Q, STM32U535VCI6, STM32U535VCI6Q, STM32U535VCT6, STM32U535VCT6Q, STM32U535VEI6, STM32U535VEI6Q, STM32U535VET6, STM32U535VET6Q, STM32U545CET6, STM32U545CET6Q, STM32U545CEU6, STM32U545CEU6Q, STM32U545JEY6QTR, STM32U545NEY6QTR, STM32U545REI6, STM32U545REI6Q, STM32U545RET6, STM32U545RET6Q, STM32U545VEI6, STM32U545VEI6Q, STM32U545VET6, STM32U545VET6Q, STM32U595AIH6, STM32U595AIH6Q, STM32U595AJH6, STM32U595AJH6Q, STM32U595QII6, STM32U595QII6Q, STM32U595QJI6, STM32U595QJI6Q, STM32U595RIT6, STM32U595RIT6Q, STM32U595RJT6, STM32U595RJT6Q, STM32U595VIT6, STM32U595VIT6Q, STM32U595VJT6, STM32U595VJT6Q, STM32U595ZIT6, STM32U595ZIT6Q, STM32U595ZIY6QTR, STM32U595ZJT6, STM32U595ZJT6Q, STM32U595ZJY6QTR, STM32U599BJY6QTR, STM32U599NIH6Q, STM32U599NJH6Q, STM32U599VIT6Q, STM32U599VJT6, STM32U599VJT6Q, STM32U599ZIT6Q, STM32U599ZIY6QTR, STM32U599ZJT6Q, STM32U599ZJY6QTR, STM32U5A5AJH6, STM32U5A5AJH6Q, STM32U5A5QJI6, STM32U5A5QJI6Q, STM32U5A5RJT6, STM32U5A5RJT6Q, STM32U5A5VJT6, STM32U5A5VJT6Q, STM32U5A5ZJT6, STM32U5A5ZJT6Q, STM32U5A5ZJY6QTR, STM32U5A9BJY6QTR, STM32U5A9J-DK, STM32U5A9NJH6Q, STM32U5A9VJT6Q, STM32U5A9ZJT6Q, STM32U5A9ZJY6QTR, STM32U5F7VIT6, STM32U5F7VIT6Q, STM32U5F7VJT6, STM32U5F7VJT6Q, STM32U5F9BJY6QTR, STM32U5F9NJH6Q, STM32U5F9VIT6Q, STM32U5F9VJT6Q, STM32U5F9ZIJ6QTR, STM32U5F9ZIT6Q, STM32U5F9ZJJ6QTR, STM32U5F9ZJT6Q, STM32U5G7VJT6, STM32U5G7VJT6Q, STM32U5G9BJY6QTR, STM32U5G9J-DK1, STM32U5G9J-DK2, STM32U5G9NJH6Q, STM32U5G9VJT6Q, STM32U5G9ZJJ6QTR, STM32U5G9ZJT6Q, STM32WB1MMCH6, STM32WBA52CEU6, STM32WBA52CEU6T, STM32WBA52CGU6, STM32WBA52CGU6T, STM32WBA52KEU6, STM32WBA52KEU6T, STM32WBA52KGU6, STM32WBA52KGU6T, STM32WL5MOCH6, STM32WL5MOCH6TR]
2023-11-13 11:54:46,710 [INFO] DbMcus:217 - Found 3848 MCUs, 3848 are supported
2023-11-13 11:54:46,711 [INFO] ApiDb:423 - Load user favorites file C:\Users\jespe/.stm32cubeide/favorites.mcus.txt: 0 item(s)
2023-11-13 11:54:46,711 [INFO] ApiDb:427 - User favorites MCUs=[]
2023-11-13 11:54:46,711 [INFO] DbMcus:223 - Set 0 / 0 favorites MCUs
2023-11-13 11:54:46,997 [WARN] ThirdParty:833 - waiting for thirdparty lock release [change project]
2023-11-13 11:54:46,997 [INFO] ThirdParty:835 - entering critical section [change project]
2023-11-13 11:54:46,997 [INFO] ThirdParty:1030 - CMSIS Pack Vendor :STMicroelectronics X-CUBE-ISPU 1.1.0
2023-11-13 11:54:46,997 [INFO] ThirdParty:1030 - CMSIS Pack Vendor :STMicroelectronics USBPD 4.1
2023-11-13 11:54:46,997 [INFO] ThirdParty:1030 - CMSIS Pack Vendor :STMicroelectronics X-CUBE-GNSS1 6.0.0
2023-11-13 11:54:46,997 [INFO] ThirdParty:1030 - CMSIS Pack Vendor :STMicroelectronics USB_HOST 2.0.0
2023-11-13 11:54:46,997 [INFO] ThirdParty:1030 - CMSIS Pack Vendor :STMicroelectronics X-CUBE-AZRTOS-F4 1.1.0
2023-11-13 11:54:46,997 [INFO] ThirdParty:1030 - CMSIS Pack Vendor :STMicroelectronics LIBJPEG 8.0.0
2023-11-13 11:54:46,997 [INFO] ThirdParty:1030 - CMSIS Pack Vendor :wolfSSL I-CUBE-wolfSSL 5.6.3
2023-11-13 11:54:46,997 [INFO] ThirdParty:1030 - CMSIS Pack Vendor :STMicroelectronics X-CUBE-SMBUS 2.1.0
2023-11-13 11:54:46,997 [INFO] ThirdParty:1030 - CMSIS Pack Vendor :STMicroelectronics USB_DEVICE 3.0.0
2023-11-13 11:54:46,997 [INFO] ThirdParty:1030 - CMSIS Pack Vendor :STMicroelectronics X-CUBE-AZRTOS-WB 2.0.0
2023-11-13 11:54:46,997 [INFO] ThirdParty:1030 - CMSIS Pack Vendor :STMicroelectronics X-CUBE-AZRTOS-F7 1.1.0
2023-11-13 11:54:46,997 [INFO] ThirdParty:1030 - CMSIS Pack Vendor :STMicroelectronics X-CUBE-AZRTOS-L5 2.0.0
2023-11-13 11:54:46,997 [INFO] ThirdParty:1030 - CMSIS Pack Vendor :STMicroelectronics USB_DEVICE 2.0.0
2023-11-13 11:54:46,998 [INFO] ThirdParty:1030 - CMSIS Pack Vendor :STMicroelectronics X-CUBE-MEMS1 9.6.0
2023-11-13 11:54:46,998 [INFO] ThirdParty:1030 - CMSIS Pack Vendor :STMicroelectronics X-CUBE-EEPRMA1 4.2.0
2023-11-13 11:54:46,998 [INFO] ThirdParty:1030 - CMSIS Pack Vendor :ITTIA_DB I-CUBE-ITTIADB 8.8.0
2023-11-13 11:54:46,998 [INFO] ThirdParty:1030 - CMSIS Pack Vendor :STMicroelectronics FP-SNS-MOTENV1 4.3.2
2023-11-13 11:54:46,998 [INFO] ThirdParty:1030 - CMSIS Pack Vendor :STMicroelectronics X-CUBE-ALGOBUILD 1.3.0
2023-11-13 11:54:46,998 [INFO] ThirdParty:1030 - CMSIS Pack Vendor :STMicroelectronics FreeRTOS 0.0.1
2023-11-13 11:54:46,998 [INFO] ThirdParty:1030 - CMSIS Pack Vendor :STMicroelectronics X-CUBE-AZRTOS-G0 1.1.0
2023-11-13 11:54:46,998 [INFO] ThirdParty:1030 - CMSIS Pack Vendor :STMicroelectronics X-CUBE-BLEMGR 2.0.0
2023-11-13 11:54:46,998 [INFO] ThirdParty:1030 - CMSIS Pack Vendor :STMicroelectronics X-CUBE-NFC4 3.0.0
2023-11-13 11:54:46,998 [INFO] ThirdParty:1030 - CMSIS Pack Vendor :STMicroelectronics X-CUBE-SUBG2 5.0.0
2023-11-13 11:54:46,998 [INFO] ThirdParty:1030 - CMSIS Pack Vendor :STMicroelectronics STM32_WPAN 1.0.0
2023-11-13 11:54:46,998 [INFO] ThirdParty:1030 - CMSIS Pack Vendor :STMicroelectronics lwIP 2.0.3
2023-11-13 11:54:46,998 [INFO] ThirdParty:1030 - CMSIS Pack Vendor :STMicroelectronics FP-SNS-FLIGHT1 5.0.2
2023-11-13 11:54:46,998 [INFO] ThirdParty:1030 - CMSIS Pack Vendor :STMicroelectronics USB_HOST 1.0.0
2023-11-13 11:54:46,998 [INFO] ThirdParty:1030 - CMSIS Pack Vendor :STMicroelectronics X-CUBE-TOF1 3.3.1
2023-11-13 11:54:46,998 [INFO] ThirdParty:1030 - CMSIS Pack Vendor :STMicroelectronics X-CUBE-AZRTOS-G4 2.0.0
2023-11-13 11:54:46,998 [INFO] ThirdParty:1030 - CMSIS Pack Vendor :STMicroelectronics PDM2PCM 3.1.0
2023-11-13 11:54:46,998 [INFO] ThirdParty:1030 - CMSIS Pack Vendor :STMicroelectronics X-CUBE-AZRTOS-H7 3.1.0
2023-11-13 11:54:46,998 [INFO] ThirdParty:1030 - CMSIS Pack Vendor :Infineon AIROC-Wi-Fi-Bluetooth-STM32 1.5.1
2023-11-13 11:54:46,998 [INFO] ThirdParty:1030 - CMSIS Pack Vendor :STMicroelectronics X-CUBE-BLEMGR 3.0.0
2023-11-13 11:54:46,999 [INFO] ThirdParty:1030 - CMSIS Pack Vendor :STMicroelectronics PDM2PCM 3.3.0
2023-11-13 11:54:46,999 [INFO] ThirdParty:1030 - CMSIS Pack Vendor :STMicroelectronics X-CUBE-DISPLAY 3.0.0
2023-11-13 11:54:46,999 [INFO] ThirdParty:1030 - CMSIS Pack Vendor :STMicroelectronics X-CUBE-BLE1 7.0.0
2023-11-13 11:54:46,999 [INFO] ThirdParty:1030 - CMSIS Pack Vendor :STMicroelectronics FP-ATR-SIGFOX1 3.2.0
2023-11-13 11:54:46,999 [INFO] ThirdParty:1030 - CMSIS Pack Vendor :STMicroelectronics HAL Drivers 0.0.0
2023-11-13 11:54:46,999 [INFO] ThirdParty:1030 - CMSIS Pack Vendor :STMicroelectronics MBEDTLS 2.16.2
2023-11-13 11:54:46,999 [INFO] ThirdParty:1030 - CMSIS Pack Vendor :emotas I-CUBE-CANOPEN 1.3.0
2023-11-13 11:54:46,999 [INFO] ThirdParty:1030 - CMSIS Pack Vendor :STMicroelectronics X-CUBE-MEMS1 10.0.0
2023-11-13 11:54:46,999 [INFO] ThirdParty:1030 - CMSIS Pack Vendor :STMicroelectronics X-CUBE-FREERTOS 1.1.0
2023-11-13 11:54:46,999 [INFO] ThirdParty:1030 - CMSIS Pack Vendor :STMicroelectronics X-CUBE-TOUCHGFX 4.22.0
2023-11-13 11:54:46,999 [INFO] ThirdParty:1030 - CMSIS Pack Vendor :STMicroelectronics X-CUBE-NFC7 1.0.1
2023-11-13 11:54:46,999 [INFO] ThirdParty:1030 - CMSIS Pack Vendor :STMicroelectronics MBEDTLS 2.14.1
2023-11-13 11:54:46,999 [INFO] ThirdParty:1030 - CMSIS Pack Vendor :STMicroelectronics X-CUBE-TOUCHGFX 4.22.1
2023-11-13 11:54:46,999 [INFO] ThirdParty:1030 - CMSIS Pack Vendor :STMicroelectronics X-CUBE-NFC6 3.0.0
2023-11-13 11:54:46,999 [INFO] ThirdParty:1030 - CMSIS Pack Vendor :STMicroelectronics X-CUBE-EEPRMA1 4.1.0
2023-11-13 11:54:46,999 [INFO] ThirdParty:1030 - CMSIS Pack Vendor :portGmbH I-Cube-SoM-uGOAL 1.1.0
2023-11-13 11:54:46,999 [INFO] ThirdParty:1030 - CMSIS Pack Vendor :STMicroelectronics X-CUBE-ALS 1.0.1
2023-11-13 11:54:46,999 [INFO] ThirdParty:1030 - CMSIS Pack Vendor :STMicroelectronics ThreadX 1.0.0
2023-11-13 11:54:46,999 [INFO] ThirdParty:1030 - CMSIS Pack Vendor :STMicroelectronics FP-SNS-SMARTAG2 1.2.0
2023-11-13 11:54:46,999 [INFO] ThirdParty:1030 - CMSIS Pack Vendor :STMicroelectronics X-CUBE-AZRTOS-WL 2.0.0
2023-11-13 11:54:46,999 [INFO] ThirdParty:1030 - CMSIS Pack Vendor :SEGGER I-CUBE-embOS 1.3.1
2023-11-13 11:54:46,999 [INFO] ThirdParty:1030 - CMSIS Pack Vendor :STMicroelectronics USB_DEVICE 1.0.0
2023-11-13 11:54:47,000 [INFO] ThirdParty:1030 - CMSIS Pack Vendor :STMicroelectronics X-CUBE-AI 8.1.0
2023-11-13 11:54:47,000 [INFO] ThirdParty:1030 - CMSIS Pack Vendor :STMicroelectronics X-CUBE-AZRTOS-L4 2.0.0
2023-11-13 11:54:47,000 [INFO] ThirdParty:1030 - CMSIS Pack Vendor :STMicroelectronics ThreadX 0.0.2
2023-11-13 11:54:47,000 [INFO] ThirdParty:1030 - CMSIS Pack Vendor :WES I-CUBE-Cesium 1.3.0
2023-11-13 11:54:47,000 [INFO] ThirdParty:1030 - CMSIS Pack Vendor :STMicroelectronics FP-ATR-ASTRA1 2.0.0
2023-11-13 11:54:47,000 [INFO] ThirdParty:1030 - CMSIS Pack Vendor :STMicroelectronics lwIP 2.1.2
2023-11-13 11:54:47,000 [INFO] ThirdParty:1030 - CMSIS Pack Vendor :STMicroelectronics X-CUBE-SFXS2LP1 4.0.0
2023-11-13 11:54:47,000 [INFO] ThirdParty:1030 - CMSIS Pack Vendor :STMicroelectronics X-CUBE-BLE2 3.3.0
2023-11-13 11:54:47,000 [INFO] ThirdParty:1030 - CMSIS Pack Vendor :STMicroelectronics PDM2PCM 3.2.0
2023-11-13 11:54:47,000 [INFO] ThirdParty:841 - exiting critical section [change project]
2023-11-13 11:54:47,282 [INFO] PinOutPanel:1499 - setPackage(No Configuration,No Configuration)
2023-11-13 11:54:47,283 [INFO] PinOutPanel:1499 - setPackage(STM32F072RBTx,LQFP64)
2023-11-13 11:54:48,087 [INFO] UtilMem:75 - Before build in PCC Used Memory: 223415360 Bytes (591396864)
2023-11-13 11:54:48,756 [INFO] UtilMem:75 - After build in PCC Used Memory: 308088200 Bytes (591396864)
2023-11-13 11:54:48,784 [INFO] IPUIPlugin:80 - create IPUIPlugin
2023-11-13 11:54:48,785 [INFO] IPUIPlugin:80 - create IPUIPlugin
2023-11-13 11:54:48,785 [INFO] IPUIPlugin:80 - create IPUIPlugin
2023-11-13 11:54:48,785 [INFO] IPUIPlugin:80 - create IPUIPlugin
2023-11-13 11:54:48,785 [INFO] IPUIPlugin:80 - create IPUIPlugin
2023-11-13 11:54:48,785 [INFO] IPUIPlugin:80 - create IPUIPlugin
2023-11-13 11:54:48,785 [INFO] IPUIPlugin:80 - create IPUIPlugin
2023-11-13 11:54:48,785 [INFO] IPUIPlugin:80 - create IPUIPlugin
2023-11-13 11:54:48,786 [INFO] IPUIPlugin:80 - create IPUIPlugin
2023-11-13 11:54:48,786 [INFO] IPUIPlugin:80 - create IPUIPlugin
2023-11-13 11:54:48,786 [INFO] IPUIPlugin:80 - create IPUIPlugin
2023-11-13 11:54:48,786 [INFO] IPUIPlugin:80 - create IPUIPlugin
2023-11-13 11:54:48,786 [INFO] IPUIPlugin:80 - create IPUIPlugin
2023-11-13 11:54:48,787 [INFO] IPUIPlugin:80 - create IPUIPlugin
2023-11-13 11:54:48,787 [INFO] IPUIPlugin:80 - create IPUIPlugin
2023-11-13 11:54:48,787 [INFO] IPUIPlugin:80 - create IPUIPlugin
2023-11-13 11:54:48,787 [INFO] IPUIPlugin:80 - create IPUIPlugin
2023-11-13 11:54:48,787 [INFO] IPUIPlugin:80 - create IPUIPlugin
2023-11-13 11:54:48,787 [INFO] IPUIPlugin:80 - create IPUIPlugin
2023-11-13 11:54:48,788 [INFO] IPUIPlugin:80 - create IPUIPlugin
2023-11-13 11:54:48,788 [INFO] IPUIPlugin:80 - create IPUIPlugin
2023-11-13 11:54:48,788 [INFO] IPUIPlugin:80 - create IPUIPlugin
2023-11-13 11:54:48,788 [INFO] IPUIPlugin:80 - create IPUIPlugin
2023-11-13 11:54:48,788 [INFO] IPUIPlugin:80 - create IPUIPlugin
2023-11-13 11:54:48,789 [INFO] IPUIPlugin:80 - create IPUIPlugin
2023-11-13 11:54:48,789 [INFO] IPUIPlugin:80 - create IPUIPlugin
2023-11-13 11:54:48,789 [INFO] IPUIPlugin:80 - create IPUIPlugin
2023-11-13 11:54:48,789 [INFO] IPUIPlugin:80 - create IPUIPlugin
2023-11-13 11:54:48,789 [INFO] IPUIPlugin:80 - create IPUIPlugin
2023-11-13 11:54:48,789 [INFO] IPUIPlugin:80 - create IPUIPlugin
2023-11-13 11:54:48,790 [INFO] IPUIPlugin:80 - create IPUIPlugin
2023-11-13 11:54:48,790 [INFO] IPUIPlugin:80 - create IPUIPlugin
2023-11-13 11:54:48,790 [INFO] IPUIPlugin:80 - create IPUIPlugin
2023-11-13 11:54:48,790 [INFO] IPUIPlugin:80 - create IPUIPlugin
2023-11-13 11:54:48,791 [INFO] IPUIPlugin:80 - create IPUIPlugin
2023-11-13 11:54:48,791 [INFO] IPUIPlugin:80 - create IPUIPlugin
2023-11-13 11:54:48,791 [INFO] IPUIPlugin:80 - create IPUIPlugin
2023-11-13 11:54:48,791 [INFO] IPUIPlugin:80 - create IPUIPlugin
2023-11-13 11:54:48,792 [INFO] IPUIPlugin:80 - create IPUIPlugin
2023-11-13 11:54:48,792 [INFO] IPUIPlugin:80 - create IPUIPlugin
2023-11-13 11:54:48,792 [INFO] IPUIPlugin:80 - create IPUIPlugin
2023-11-13 11:54:48,978 [INFO] CADModel:165 - CPN selected for project levelSTM32F072RBT6
2023-11-13 11:54:48,978 [INFO] CADModel:114 - Register for checkConnection events
2023-11-13 11:54:49,028 [INFO] OpenFileManager:328 - Restore cursor
