2024-01-10 10:37:56,474 [INFO] Activator:176 - 


2024-01-10 10:37:56,479 [INFO] Activator:177 - !SESSION log4j initialized
2024-01-10 10:38:02,106 [INFO] LogOutputStream:77 - [STDOUT_REDIRECT] 
2024-01-10 10:38:04,736 [INFO] ApplicationProperties:184 - Using Application install path: C:\ST\STM32CubeIDE_1.13.2\STM32CubeIDE\plugins\com.st.stm32cube.common.mx_6.9.2.202309101412
2024-01-10 10:38:04,755 [INFO] DbMcusXml:78 - Set database path to: C:\ST\STM32CubeIDE_1.13.2\STM32CubeIDE\plugins\com.st.stm32cube.common.mx_6.9.2.202309101412\\db\/mcu/
2024-01-10 10:38:04,755 [INFO] ApiDb:274 - Set plugin database path to: C:\ST\STM32CubeIDE_1.13.2\STM32CubeIDE\plugins\com.st.stm32cube.common.mx_6.9.2.202309101412\\db\/plugins/boardmanager/
2024-01-10 10:38:04,756 [WARN] ApiDb:259 - Overriding images path with different value:  => C:\ST\STM32CubeIDE_1.13.2\STM32CubeIDE\plugins\com.st.stm32cube.common.mx_6.9.2.202309101412\\db\/plugins/mcufinder/images/
2024-01-10 10:38:04,768 [INFO] ApiDb:250 - Set database path to: C:\Users\jespe\.stmcufinder\plugins\mcufinder//mcu/
2024-01-10 10:38:04,769 [INFO] DbMcusAds:125 - Set database path to: C:\Users\jespe\.stmcufinder\plugins\mcufinder//mcu/
2024-01-10 10:38:04,772 [INFO] CrossReferenceDbSqlite:203 - Set database path to: C:\Users\jespe\.stmcufinder\plugins\mcufinder//mcu/cs/
2024-01-10 10:38:04,880 [INFO] RulesReader:64 - Compatibility file has been processed (293 Rules)
2024-01-10 10:38:04,974 [INFO] DbMcusXml:78 - Set database path to: C:\ST\STM32CubeIDE_1.13.2\STM32CubeIDE\plugins\com.st.stm32cube.common.mx_6.9.2.202309101412\\db\/mcu/
2024-01-10 10:38:04,974 [INFO] ApiDb:274 - Set plugin database path to: C:\ST\STM32CubeIDE_1.13.2\STM32CubeIDE\plugins\com.st.stm32cube.common.mx_6.9.2.202309101412\\db\/plugins/boardmanager/
2024-01-10 10:38:04,974 [INFO] ApiDb:261 - Set plugin images path to: C:\ST\STM32CubeIDE_1.13.2\STM32CubeIDE\plugins\com.st.stm32cube.common.mx_6.9.2.202309101412\\db\/plugins/mcufinder/images/
2024-01-10 10:38:04,975 [WARN] DbFile:41 - Overriding database path with different value: C:\Users\jespe\.stmcufinder\plugins\mcufinder/ => C:\Users\jespe\.stmcufinder\plugins\mcufinder
2024-01-10 10:38:04,975 [INFO] ApiDb:250 - Set database path to: C:\Users\jespe\.stmcufinder\plugins\mcufinder//mcu/
2024-01-10 10:38:04,975 [WARN] DbFile:41 - Overriding database path with different value: C:\Users\jespe\.stmcufinder\plugins\mcufinder/ => C:\Users\jespe\.stmcufinder\plugins\mcufinder
2024-01-10 10:38:04,975 [INFO] DbMcusAds:125 - Set database path to: C:\Users\jespe\.stmcufinder\plugins\mcufinder//mcu/
2024-01-10 10:38:04,975 [WARN] DbFile:41 - Overriding database path with different value: C:\Users\jespe\.stmcufinder\plugins\mcufinder/ => C:\Users\jespe\.stmcufinder\plugins\mcufinder
2024-01-10 10:38:04,975 [WARN] DbFile:41 - Overriding database path with different value: C:\Users\jespe\.stmcufinder\plugins\mcufinder/ => C:\Users\jespe\.stmcufinder\plugins\mcufinder
2024-01-10 10:38:04,975 [INFO] CrossReferenceDbSqlite:203 - Set database path to: C:\Users\jespe\.stmcufinder\plugins\mcufinder//mcu/cs/
2024-01-10 10:38:05,061 [INFO] MainPanel:262 - HeapMemory: 268435456
2024-01-10 10:38:05,163 [INFO] DbMcusXml:78 - Set database path to: C:\ST\STM32CubeIDE_1.13.2\STM32CubeIDE\plugins\com.st.stm32cube.common.mx_6.9.2.202309101412\\db\/mcu/
2024-01-10 10:38:05,163 [INFO] ApiDb:274 - Set plugin database path to: C:\ST\STM32CubeIDE_1.13.2\STM32CubeIDE\plugins\com.st.stm32cube.common.mx_6.9.2.202309101412\\db\/plugins/boardmanager/
2024-01-10 10:38:05,163 [INFO] ApiDb:261 - Set plugin images path to: C:\ST\STM32CubeIDE_1.13.2\STM32CubeIDE\plugins\com.st.stm32cube.common.mx_6.9.2.202309101412\\db\/plugins/mcufinder/images/
2024-01-10 10:38:05,164 [WARN] DbFile:41 - Overriding database path with different value: C:\Users\jespe\.stmcufinder\plugins\mcufinder/ => C:\Users\jespe\.stmcufinder\plugins\mcufinder
2024-01-10 10:38:05,164 [INFO] ApiDb:250 - Set database path to: C:\Users\jespe\.stmcufinder\plugins\mcufinder//mcu/
2024-01-10 10:38:05,164 [WARN] DbFile:41 - Overriding database path with different value: C:\Users\jespe\.stmcufinder\plugins\mcufinder/ => C:\Users\jespe\.stmcufinder\plugins\mcufinder
2024-01-10 10:38:05,164 [INFO] DbMcusAds:125 - Set database path to: C:\Users\jespe\.stmcufinder\plugins\mcufinder//mcu/
2024-01-10 10:38:05,164 [WARN] DbFile:41 - Overriding database path with different value: C:\Users\jespe\.stmcufinder\plugins\mcufinder/ => C:\Users\jespe\.stmcufinder\plugins\mcufinder
2024-01-10 10:38:05,164 [WARN] DbFile:41 - Overriding database path with different value: C:\Users\jespe\.stmcufinder\plugins\mcufinder/ => C:\Users\jespe\.stmcufinder\plugins\mcufinder
2024-01-10 10:38:05,164 [INFO] CrossReferenceDbSqlite:203 - Set database path to: C:\Users\jespe\.stmcufinder\plugins\mcufinder//mcu/cs/
2024-01-10 10:38:05,185 [INFO] ApplicationProperties:184 - Using Application install path: C:\ST\STM32CubeIDE_1.13.2\STM32CubeIDE\plugins\com.st.stm32cube.common.mx_6.9.2.202309101412
2024-01-10 10:38:05,186 [INFO] PluginManage:196 - Search for loadable plugins [exclusion list=, ]
2024-01-10 10:38:05,187 [INFO] PluginManage:310 - Check plugin analytics
2024-01-10 10:38:05,348 [INFO] AnalyticsPlugin:253 - Accepted Software Licenses: 
2024-01-10 10:38:05,349 [INFO] AnalyticsPlugin:255 - Accepted CMSIS Pack Licenses: 
2024-01-10 10:38:05,349 [INFO] AnalyticsPlugin:257 - Accepted Firmware Licenses: 
2024-01-10 10:38:05,352 [INFO] PluginManage:359 - Loaded plugin analytics (category:tool,tabindex:-1)
2024-01-10 10:38:05,353 [INFO] PluginManage:310 - Check plugin cadmodel
2024-01-10 10:38:05,368 [INFO] CADModel:105 - Init CAD model plugin
2024-01-10 10:38:05,368 [INFO] PluginManage:359 - Loaded plugin cadmodel (category:power,tabindex:5)
2024-01-10 10:38:05,368 [INFO] PluginManage:310 - Check plugin clock
2024-01-10 10:38:05,387 [INFO] PluginManage:359 - Loaded plugin clock (category:base,tabindex:2)
2024-01-10 10:38:05,387 [INFO] PluginManage:310 - Check plugin ddr
2024-01-10 10:38:05,390 [INFO] PluginManage:359 - Loaded plugin ddr (category:tool,tabindex:6)
2024-01-10 10:38:05,390 [INFO] PluginManage:310 - Check plugin filemanager
2024-01-10 10:38:05,513 [INFO] PluginManage:359 - Loaded plugin filemanager (category:base,tabindex:10)
2024-01-10 10:38:05,514 [INFO] PluginManage:310 - Check plugin ipmanager
2024-01-10 10:38:05,521 [INFO] PluginManage:359 - Loaded plugin ipmanager (category:base,tabindex:5)
2024-01-10 10:38:05,521 [INFO] PluginManage:310 - Check plugin lpbam
2024-01-10 10:38:05,537 [INFO] PluginManage:359 - Loaded plugin lpbam (category:base,tabindex:0)
2024-01-10 10:38:05,538 [INFO] PluginManage:310 - Check plugin memorymap
2024-01-10 10:38:05,559 [INFO] PluginManage:359 - Loaded plugin memorymap (category:base,tabindex:4)
2024-01-10 10:38:05,559 [INFO] PluginManage:310 - Check plugin pinoutandconfiguration
2024-01-10 10:38:05,574 [INFO] PluginManage:359 - Loaded plugin pinoutandconfiguration (category:base,tabindex:1)
2024-01-10 10:38:05,574 [INFO] PluginManage:310 - Check plugin pinoutconfig
2024-01-10 10:38:05,658 [WARN] SupportedApi:132 - Cannot load RTOS API schema: s4s-elt-must-match.1: The content of 'definitions' must match (annotation?, (simpleType | complexType)?, (unique | key | keyref)*)). A problem was found starting at: attribute.
2024-01-10 10:38:05,776 [INFO] PluginManage:359 - Loaded plugin pinoutconfig (category:base,tabindex:0)
2024-01-10 10:38:05,776 [INFO] PluginManage:310 - Check plugin power
2024-01-10 10:38:05,797 [INFO] PluginManage:359 - Loaded plugin power (category:power,tabindex:4)
2024-01-10 10:38:05,797 [INFO] PluginManage:310 - Check plugin projectmanager
2024-01-10 10:38:05,813 [INFO] PluginManage:359 - Loaded plugin projectmanager (category:projectmanager,tabindex:3)
2024-01-10 10:38:05,813 [INFO] PluginManage:310 - Check plugin thirdparty
2024-01-10 10:38:06,054 [INFO] PluginManage:359 - Loaded plugin thirdparty (category:base,tabindex:-1)
2024-01-10 10:38:06,054 [WARN] IntegrityCheckThread:84 - waiting for thirdparty lock release [integrity check]
2024-01-10 10:38:06,054 [INFO] PluginManage:310 - Check plugin tools
2024-01-10 10:38:06,054 [INFO] IntegrityCheckThread:86 - entering critical section [integrity check]
2024-01-10 10:38:06,183 [INFO] ThirdPartyUpdaterWithRetryManager:70 - Updater plugin not ready yet. [1/15]
2024-01-10 10:38:06,231 [INFO] PluginManage:359 - Loaded plugin tools (category:base,tabindex:7)
2024-01-10 10:38:06,231 [INFO] PluginManage:310 - Check plugin tutovideos
2024-01-10 10:38:06,430 [INFO] PluginManage:359 - Loaded plugin tutovideos (category:base,tabindex:-1)
2024-01-10 10:38:06,430 [INFO] PluginManage:310 - Check plugin updater
2024-01-10 10:38:06,441 [INFO] PluginManage:359 - Loaded plugin updater (category:base,tabindex:12)
2024-01-10 10:38:06,441 [INFO] PluginManage:310 - Check plugin userauth
2024-01-10 10:38:06,446 [INFO] UserAuth:113 - Init User Auth plugin
2024-01-10 10:38:06,446 [INFO] PluginManage:359 - Loaded plugin userauth (category:base,tabindex:14)
2024-01-10 10:38:06,446 [INFO] PluginManage:283 - PluginManage : Loaded plugins [17]
2024-01-10 10:38:06,648 [INFO] PinOutPanel:1499 - setPackage(No Configuration,No Configuration)
2024-01-10 10:38:06,750 [INFO] CADModel:165 - CPN selected for project level
2024-01-10 10:38:06,750 [INFO] CADModel:114 - Register for checkConnection events
2024-01-10 10:38:06,774 [INFO] IPUIPlugin:80 - create IPUIPlugin
2024-01-10 10:38:06,774 [INFO] PluginManager:220 - loadIPPluginJar : add adc
2024-01-10 10:38:06,803 [INFO] IPUIPlugin:80 - create IPUIPlugin
2024-01-10 10:38:06,804 [INFO] PluginManager:220 - loadIPPluginJar : add aes
2024-01-10 10:38:06,840 [INFO] IPUIPlugin:80 - create IPUIPlugin
2024-01-10 10:38:06,841 [INFO] PluginManager:220 - loadIPPluginJar : add can
2024-01-10 10:38:06,866 [INFO] IPUIPlugin:80 - create IPUIPlugin
2024-01-10 10:38:06,866 [INFO] PluginManager:220 - loadIPPluginJar : add comp
2024-01-10 10:38:06,896 [INFO] IPUIPlugin:80 - create IPUIPlugin
2024-01-10 10:38:06,896 [INFO] PluginManager:220 - loadIPPluginJar : add cryp
2024-01-10 10:38:06,922 [INFO] IPUIPlugin:80 - create IPUIPlugin
2024-01-10 10:38:06,923 [INFO] PluginManager:220 - loadIPPluginJar : add dfsdm
2024-01-10 10:38:06,936 [INFO] IPUIPlugin:80 - create IPUIPlugin
2024-01-10 10:38:06,936 [INFO] PluginManager:220 - loadIPPluginJar : add dma
2024-01-10 10:38:06,974 [INFO] IPUIPlugin:80 - create IPUIPlugin
2024-01-10 10:38:06,974 [INFO] PluginManager:220 - loadIPPluginJar : add dma3
2024-01-10 10:38:06,993 [INFO] IPUIPlugin:80 - create IPUIPlugin
2024-01-10 10:38:06,993 [INFO] PluginManager:220 - loadIPPluginJar : add fatfs
2024-01-10 10:38:07,034 [INFO] IPUIPlugin:80 - create IPUIPlugin
2024-01-10 10:38:07,034 [INFO] PluginManager:220 - loadIPPluginJar : add fmc
2024-01-10 10:38:07,048 [INFO] IPUIPlugin:80 - create IPUIPlugin
2024-01-10 10:38:07,048 [INFO] PluginManager:220 - loadIPPluginJar : add freertos
2024-01-10 10:38:07,068 [INFO] IPUIPlugin:80 - create IPUIPlugin
2024-01-10 10:38:07,068 [INFO] PluginManager:220 - loadIPPluginJar : add genericplugin
2024-01-10 10:38:07,146 [INFO] IPUIPlugin:80 - create IPUIPlugin
2024-01-10 10:38:07,146 [INFO] PluginManager:220 - loadIPPluginJar : add gfxmmu
2024-01-10 10:38:07,252 [INFO] IPUIPlugin:80 - create IPUIPlugin
2024-01-10 10:38:07,252 [INFO] PluginManager:220 - loadIPPluginJar : add gic
2024-01-10 10:38:07,263 [INFO] IPUIPlugin:80 - create IPUIPlugin
2024-01-10 10:38:07,263 [INFO] PluginManager:220 - loadIPPluginJar : add gpio
2024-01-10 10:38:07,333 [INFO] IPUIPlugin:80 - create IPUIPlugin
2024-01-10 10:38:07,333 [INFO] PluginManager:220 - loadIPPluginJar : add gtzc
2024-01-10 10:38:07,358 [INFO] IPUIPlugin:80 - create IPUIPlugin
2024-01-10 10:38:07,358 [INFO] PluginManager:220 - loadIPPluginJar : add hash
2024-01-10 10:38:07,397 [INFO] IPUIPlugin:80 - create IPUIPlugin
2024-01-10 10:38:07,397 [INFO] PluginManager:220 - loadIPPluginJar : add i2c
2024-01-10 10:38:07,427 [INFO] IPUIPlugin:80 - create IPUIPlugin
2024-01-10 10:38:07,427 [INFO] PluginManager:220 - loadIPPluginJar : add i2s
2024-01-10 10:38:07,458 [INFO] IPUIPlugin:80 - create IPUIPlugin
2024-01-10 10:38:07,458 [INFO] PluginManager:220 - loadIPPluginJar : add i3c
2024-01-10 10:38:07,539 [INFO] IPUIPlugin:80 - create IPUIPlugin
2024-01-10 10:38:07,540 [INFO] PluginManager:220 - loadIPPluginJar : add ipddr
2024-01-10 10:38:07,614 [INFO] IPUIPlugin:80 - create IPUIPlugin
2024-01-10 10:38:07,614 [INFO] PluginManager:220 - loadIPPluginJar : add linkedlist
2024-01-10 10:38:07,642 [INFO] IPUIPlugin:80 - create IPUIPlugin
2024-01-10 10:38:07,642 [INFO] PluginManager:220 - loadIPPluginJar : add lorawan
2024-01-10 10:38:07,671 [INFO] IPUIPlugin:80 - create IPUIPlugin
2024-01-10 10:38:07,671 [INFO] PluginManager:220 - loadIPPluginJar : add ltdc
2024-01-10 10:38:07,683 [INFO] IPUIPlugin:80 - create IPUIPlugin
2024-01-10 10:38:07,683 [INFO] PluginManager:220 - loadIPPluginJar : add mdma
2024-01-10 10:38:07,694 [INFO] IPUIPlugin:80 - create IPUIPlugin
2024-01-10 10:38:07,694 [INFO] PluginManager:220 - loadIPPluginJar : add nvic
2024-01-10 10:38:07,722 [INFO] IPUIPlugin:80 - create IPUIPlugin
2024-01-10 10:38:07,722 [INFO] PluginManager:220 - loadIPPluginJar : add opamp
2024-01-10 10:38:07,767 [INFO] IPUIPlugin:80 - create IPUIPlugin
2024-01-10 10:38:07,767 [INFO] PluginManager:220 - loadIPPluginJar : add openamp
2024-01-10 10:38:07,800 [INFO] IPUIPlugin:80 - create IPUIPlugin
2024-01-10 10:38:07,800 [INFO] PluginManager:220 - loadIPPluginJar : add pdm2pcm
2024-01-10 10:38:07,812 [INFO] IPUIPlugin:80 - create IPUIPlugin
2024-01-10 10:38:07,814 [INFO] PluginManager:220 - loadIPPluginJar : add plateformsettings
2024-01-10 10:38:07,831 [INFO] IPUIPlugin:80 - create IPUIPlugin
2024-01-10 10:38:07,831 [INFO] PluginManager:220 - loadIPPluginJar : add quadspi
2024-01-10 10:38:07,843 [INFO] IPUIPlugin:80 - create IPUIPlugin
2024-01-10 10:38:07,843 [INFO] PluginManager:220 - loadIPPluginJar : add resmgrutility
2024-01-10 10:38:07,882 [INFO] IPUIPlugin:80 - create IPUIPlugin
2024-01-10 10:38:07,882 [INFO] PluginManager:220 - loadIPPluginJar : add sai
2024-01-10 10:38:07,910 [INFO] IPUIPlugin:80 - create IPUIPlugin
2024-01-10 10:38:07,911 [INFO] PluginManager:220 - loadIPPluginJar : add spi
2024-01-10 10:38:07,954 [INFO] IPUIPlugin:80 - create IPUIPlugin
2024-01-10 10:38:07,954 [INFO] PluginManager:220 - loadIPPluginJar : add stm32_wpan
2024-01-10 10:38:07,973 [INFO] IPUIPlugin:80 - create IPUIPlugin
2024-01-10 10:38:07,973 [INFO] PluginManager:220 - loadIPPluginJar : add tim
2024-01-10 10:38:08,038 [INFO] IPUIPlugin:80 - create IPUIPlugin
2024-01-10 10:38:08,039 [INFO] PluginManager:220 - loadIPPluginJar : add touchsensing
2024-01-10 10:38:08,060 [INFO] IPUIPlugin:80 - create IPUIPlugin
2024-01-10 10:38:08,060 [INFO] PluginManager:220 - loadIPPluginJar : add tracer_emb
2024-01-10 10:38:08,079 [INFO] IPUIPlugin:80 - create IPUIPlugin
2024-01-10 10:38:08,079 [INFO] PluginManager:220 - loadIPPluginJar : add ts
2024-01-10 10:38:08,096 [INFO] IPUIPlugin:80 - create IPUIPlugin
2024-01-10 10:38:08,096 [INFO] PluginManager:220 - loadIPPluginJar : add tsc
2024-01-10 10:38:08,114 [INFO] IPUIPlugin:80 - create IPUIPlugin
2024-01-10 10:38:08,114 [INFO] PluginManager:220 - loadIPPluginJar : add ucpd
2024-01-10 10:38:08,151 [INFO] IPUIPlugin:80 - create IPUIPlugin
2024-01-10 10:38:08,151 [INFO] PluginManager:220 - loadIPPluginJar : add usart
2024-01-10 10:38:08,187 [INFO] IPUIPlugin:80 - create IPUIPlugin
2024-01-10 10:38:08,187 [INFO] PluginManager:220 - loadIPPluginJar : add usbx
2024-01-10 10:38:08,316 [INFO] CADModel:165 - CPN selected for project level
2024-01-10 10:38:08,316 [INFO] CADModel:114 - Register for checkConnection events
2024-01-10 10:38:08,316 [FATAL] Updater:308 - Updater called before beeing initialized
2024-01-10 10:38:08,316 [ERROR] CADModel:125 - Updater not yet initialized, retry later 
2024-01-10 10:38:08,450 [INFO] CADModel:165 - CPN selected for project level
2024-01-10 10:38:08,450 [INFO] CADModel:114 - Register for checkConnection events
2024-01-10 10:38:08,450 [FATAL] Updater:308 - Updater called before beeing initialized
2024-01-10 10:38:08,450 [ERROR] CADModel:125 - Updater not yet initialized, retry later 
2024-01-10 10:38:08,453 [FATAL] Updater:308 - Updater called before beeing initialized
2024-01-10 10:38:08,551 [FATAL] Updater:308 - Updater called before beeing initialized
2024-01-10 10:38:08,563 [INFO] DbMcusAds:53 - JSON generation date=Tue Mar 07 09:50:55 CET 2023 (1678179055114)
2024-01-10 10:38:08,563 [FATAL] Updater:308 - Updater called before beeing initialized
2024-01-10 10:38:08,635 [WARN] DetailPanel:346 - Failed to get advertising image, set to default
2024-01-10 10:38:08,721 [FATAL] Updater:308 - Updater called before beeing initialized
2024-01-10 10:38:08,722 [FATAL] Updater:308 - Updater called before beeing initialized
2024-01-10 10:38:08,723 [FATAL] Updater:308 - Updater called before beeing initialized
2024-01-10 10:38:08,723 [WARN] DetailPanel:346 - Failed to get advertising image, set to default
2024-01-10 10:38:08,723 [FATAL] Updater:308 - Updater called before beeing initialized
2024-01-10 10:38:08,771 [ERROR] Updater:1120 - MainUpdater not yet initialized. External WinMGr cannot be set.
2024-01-10 10:38:08,780 [INFO] Updater:1056 - Updater Version found : 6.9.2
2024-01-10 10:38:08,795 [INFO] ApplicationProperties:184 - Using Application install path: C:\ST\STM32CubeIDE_1.13.2\STM32CubeIDE\plugins\com.st.stm32cube.common.mx_6.9.2.202309101412
2024-01-10 10:38:08,920 [INFO] MainUpdater:2868 - connection check result : 10
2024-01-10 10:38:08,921 [INFO] MainUpdater:285 - Updater Check For Update Now.
2024-01-10 10:38:08,921 [INFO] MicroXplorer:498 - Change Database Version : DB.6.0.92
2024-01-10 10:38:08,935 [INFO] McuFinderGlobals:63 - Set McuFinder mode to 2 (CubeIDE integrated)
2024-01-10 10:38:09,115 [INFO] CheckServerUpdateThread:120 - End of CheckServer Thread
2024-01-10 10:38:09,359 [WARN] PackLoader:240 - Cannot read IP mode file for STMicroelectronics.X-CUBE-SMBUS.2.1.0
2024-01-10 10:38:09,371 [WARN] PackLoader:240 - Cannot read IP mode file for STMicroelectronics.X-CUBE-TOUCHGFX.4.23.0
2024-01-10 10:38:09,407 [WARN] PackLoader:240 - Cannot read IP mode file for STMicroelectronics.X-CUBE-AZRTOS-F7.1.1.0
2024-01-10 10:38:09,423 [WARN] PackLoader:240 - Cannot read IP mode file for STMicroelectronics.FP-SNS-MOTENV1.4.3.2
2024-01-10 10:38:09,435 [WARN] PackLoader:240 - Cannot read IP mode file for STMicroelectronics.FP-SNS-FLIGHT1.5.0.2
2024-01-10 10:38:09,451 [WARN] PackLoader:240 - Cannot read IP mode file for STMicroelectronics.X-CUBE-DISPLAY.3.0.0
2024-01-10 10:38:09,469 [WARN] PackLoader:240 - Cannot read IP mode file for STMicroelectronics.X-CUBE-BLE1.7.0.0
2024-01-10 10:38:09,481 [WARN] PackLoader:240 - Cannot read IP mode file for emotas.I-CUBE-CANOPEN.1.3.0
2024-01-10 10:38:09,490 [WARN] PackLoader:240 - Cannot read IP mode file for STMicroelectronics.X-CUBE-TOUCHGFX.4.22.0
2024-01-10 10:38:09,499 [WARN] PackLoader:240 - Cannot read IP mode file for STMicroelectronics.X-CUBE-TOUCHGFX.4.22.1
2024-01-10 10:38:09,509 [WARN] PackLoader:240 - Cannot read IP mode file for STMicroelectronics.FP-SNS-SMARTAG2.1.2.0
2024-01-10 10:38:09,527 [INFO] LogOutputStream:77 - [STDOUT_REDIRECT] 1 : Invalid condition id : UX_CORESTACK_Condition cause : null
2024-01-10 10:38:09,527 [INFO] LogOutputStream:77 - [STDOUT_REDIRECT] 1 : Invalid condition id : UX_CORESTACK_Condition cause : null
2024-01-10 10:38:09,528 [INFO] LogOutputStream:77 - [STDOUT_REDIRECT] 1 : Invalid condition id : UX_CORESTACK_Condition cause : null
2024-01-10 10:38:09,529 [INFO] LogOutputStream:77 - [STDOUT_REDIRECT] 1 : Invalid condition id : UX_CORESTACK_Condition cause : null
2024-01-10 10:38:09,529 [INFO] LogOutputStream:77 - [STDOUT_REDIRECT] 1 : Invalid condition id : UX_CORESTACK_Condition cause : null
2024-01-10 10:38:09,532 [WARN] PackLoader:240 - Cannot read IP mode file for STMicroelectronics.X-CUBE-AZRTOS-WL.2.0.0
2024-01-10 10:38:09,546 [WARN] PackLoader:240 - Cannot read IP mode file for WES.I-CUBE-Cesium.1.3.0
2024-01-10 10:38:09,556 [WARN] PackLoader:240 - Cannot read IP mode file for STMicroelectronics.X-CUBE-BLE2.3.3.0
2024-01-10 10:38:09,568 [WARN] PackLoader:240 - Cannot read IP mode file for STMicroelectronics.X-CUBE-ALGOBUILD.1.3.0
2024-01-10 10:38:09,591 [WARN] PackLoader:240 - Cannot read IP mode file for STMicroelectronics.X-CUBE-AZRTOS-G0.1.1.0
2024-01-10 10:38:09,604 [WARN] PackLoader:240 - Cannot read IP mode file for STMicroelectronics.X-CUBE-NFC4.3.0.0
2024-01-10 10:38:09,618 [WARN] PackLoader:240 - Cannot read IP mode file for STMicroelectronics.X-CUBE-BLEMGR.3.0.0
2024-01-10 10:38:09,628 [WARN] PackLoader:240 - Cannot read IP mode file for STMicroelectronics.FP-ATR-SIGFOX1.3.2.0
2024-01-10 10:38:09,664 [WARN] PackLoader:240 - Cannot read IP mode file for SEGGER.I-CUBE-embOS.1.3.1
2024-01-10 10:38:09,717 [WARN] PackLoader:240 - Cannot read IP mode file for STMicroelectronics.X-CUBE-GNSS1.6.0.0
2024-01-10 10:38:09,746 [WARN] PackLoader:240 - Cannot read IP mode file for STMicroelectronics.X-CUBE-AZRTOS-F4.1.1.0
2024-01-10 10:38:09,759 [WARN] PackLoader:240 - Cannot read IP mode file for wolfSSL.I-CUBE-wolfSSL.5.6.3
2024-01-10 10:38:09,784 [WARN] PackLoader:240 - Cannot read IP mode file for STMicroelectronics.X-CUBE-AZRTOS-L5.2.0.0
2024-01-10 10:38:09,824 [WARN] PackLoader:240 - Cannot read IP mode file for STMicroelectronics.X-CUBE-MEMS1.9.6.0
2024-01-10 10:38:09,954 [WARN] PackLoader:240 - Cannot read IP mode file for STMicroelectronics.X-CUBE-EEPRMA1.4.2.0
2024-01-10 10:38:09,969 [WARN] PackLoader:240 - Cannot read IP mode file for ITTIA_DB.I-CUBE-ITTIADB.8.8.0
2024-01-10 10:38:09,984 [WARN] PackLoader:240 - Cannot read IP mode file for STMicroelectronics.X-CUBE-BLEMGR.2.0.0
2024-01-10 10:38:10,009 [WARN] ConditionMgr:438 - getConditionDescription Invalid condition id : UX DEVICE CLASS RTOS Condition cause : null
2024-01-10 10:38:10,009 [WARN] ConditionMgr:438 - getConditionDescription Invalid condition id : UX DEVICE CLASS RTOS Condition cause : null
2024-01-10 10:38:10,011 [WARN] PackLoader:240 - Cannot read IP mode file for STMicroelectronics.X-CUBE-AZRTOS-H7.3.1.0
2024-01-10 10:38:10,012 [WARN] ConditionMgr:1039 - genDependencies : Invalid condition id : UX DEVICE CLASS RTOS Condition cause : null
2024-01-10 10:38:10,012 [WARN] ConditionMgr:1039 - genDependencies : Invalid condition id : UX DEVICE CLASS RTOS Condition cause : null
2024-01-10 10:38:10,012 [WARN] ConditionMgr:1039 - genDependencies : Invalid condition id : UX DEVICE CLASS RTOS Condition cause : null
2024-01-10 10:38:10,013 [WARN] ConditionMgr:1039 - genDependencies : Invalid condition id : UX DEVICE CLASS RTOS Condition cause : null
2024-01-10 10:38:10,013 [WARN] ConditionMgr:1039 - genDependencies : Invalid condition id : UX DEVICE CLASS RTOS Condition cause : null
2024-01-10 10:38:10,025 [WARN] PackLoader:240 - Cannot read IP mode file for STMicroelectronics.X-CUBE-NFC7.1.0.1
2024-01-10 10:38:10,038 [WARN] PackLoader:240 - Cannot read IP mode file for STMicroelectronics.X-CUBE-NFC6.3.0.0
2024-01-10 10:38:10,049 [WARN] PackLoader:240 - Cannot read IP mode file for STMicroelectronics.X-CUBE-EEPRMA1.4.1.0
2024-01-10 10:38:10,060 [WARN] PackLoader:240 - Cannot read IP mode file for STMicroelectronics.X-CUBE-AI.8.1.0
2024-01-10 10:38:10,084 [WARN] ConditionMgr:438 - getConditionDescription Invalid condition id : LAN8742 Phy interface Condition cause : null
2024-01-10 10:38:10,084 [WARN] PackLoader:240 - Cannot read IP mode file for STMicroelectronics.X-CUBE-AZRTOS-L4.2.0.0
2024-01-10 10:38:10,085 [WARN] ConditionMgr:1039 - genDependencies : Invalid condition id : LAN8742 Phy interface Condition cause : null
2024-01-10 10:38:10,085 [WARN] ConditionMgr:1039 - genDependencies : Invalid condition id : LAN8742 Phy interface Condition cause : null
2024-01-10 10:38:10,086 [WARN] ConditionMgr:1039 - genDependencies : Invalid condition id : LAN8742 Phy interface Condition cause : null
2024-01-10 10:38:10,104 [WARN] PackLoader:240 - Cannot read IP mode file for STMicroelectronics.X-CUBE-SFXS2LP1.4.0.0
2024-01-10 10:38:10,116 [WARN] PackLoader:240 - Cannot read IP mode file for STMicroelectronics.X-CUBE-ISPU.1.1.0
2024-01-10 10:38:10,147 [WARN] ConditionMgr:438 - getConditionDescription Invalid condition id : UX DEVICE CLASS RTOS Condition cause : null
2024-01-10 10:38:10,147 [WARN] ConditionMgr:438 - getConditionDescription Invalid condition id : UX DEVICE CLASS RTOS Condition cause : null
2024-01-10 10:38:10,149 [WARN] PackLoader:240 - Cannot read IP mode file for STMicroelectronics.X-CUBE-AZRTOS-WB.2.0.0
2024-01-10 10:38:10,150 [WARN] ConditionMgr:1039 - genDependencies : Invalid condition id : UX DEVICE CLASS RTOS Condition cause : null
2024-01-10 10:38:10,150 [WARN] ConditionMgr:1039 - genDependencies : Invalid condition id : UX DEVICE CLASS RTOS Condition cause : null
2024-01-10 10:38:10,151 [WARN] ConditionMgr:1039 - genDependencies : Invalid condition id : UX DEVICE CLASS RTOS Condition cause : null
2024-01-10 10:38:10,151 [WARN] ConditionMgr:1039 - genDependencies : Invalid condition id : UX DEVICE CLASS RTOS Condition cause : null
2024-01-10 10:38:10,151 [WARN] ConditionMgr:1039 - genDependencies : Invalid condition id : UX DEVICE CLASS RTOS Condition cause : null
2024-01-10 10:38:10,171 [WARN] PackLoader:240 - Cannot read IP mode file for STMicroelectronics.X-CUBE-SUBG2.5.0.0
2024-01-10 10:38:10,189 [WARN] PackLoader:240 - Cannot read IP mode file for STMicroelectronics.X-CUBE-TOF1.3.3.1
2024-01-10 10:38:10,215 [WARN] PackLoader:240 - Cannot read IP mode file for STMicroelectronics.X-CUBE-AZRTOS-G4.2.0.0
2024-01-10 10:38:10,234 [WARN] PackLoader:240 - Cannot read IP mode file for Infineon.AIROC-Wi-Fi-Bluetooth-STM32.1.5.1
2024-01-10 10:38:10,245 [WARN] PackLoader:240 - Cannot read IP mode file for STMicroelectronics.FP-SNS-MOTENVWB1.1.3.0
2024-01-10 10:38:10,255 [WARN] PackLoader:240 - Cannot read IP mode file for STMicroelectronics.FP-SNS-MOTENVWB1.1.3.1
2024-01-10 10:38:10,264 [WARN] PackLoader:240 - Cannot read IP mode file for STMicroelectronics.X-CUBE-ISPU.2.0.0
2024-01-10 10:38:10,301 [WARN] PackLoader:240 - Cannot read IP mode file for STMicroelectronics.X-CUBE-MEMS1.10.0.0
2024-01-10 10:38:10,397 [WARN] PackLoader:240 - Cannot read IP mode file for STMicroelectronics.X-CUBE-FREERTOS.1.1.0
2024-01-10 10:38:10,410 [WARN] PackLoader:240 - Cannot read IP mode file for portGmbH.I-Cube-SoM-uGOAL.1.1.0
2024-01-10 10:38:10,422 [WARN] PackLoader:240 - Cannot read IP mode file for STMicroelectronics.X-CUBE-ALS.1.0.1
2024-01-10 10:38:10,434 [WARN] PackLoader:240 - Cannot read IP mode file for STMicroelectronics.FP-ATR-ASTRA1.2.0.0
2024-01-10 10:38:10,451 [WARN] PackLoader:240 - Cannot read IP mode file for STMicroelectronics.X-CUBE-TOF1.3.4.0
2024-01-10 10:38:10,486 [WARN] PackLoader:240 - Cannot read IP mode file for STMicroelectronics.X-CUBE-AZRTOS-H7.3.2.0
2024-01-10 10:38:10,489 [INFO] ThirdParty:978 - Integrity check success = true
2024-01-10 10:38:10,489 [INFO] IntegrityCheckThread:100 - exiting critical section [integrity check]
2024-01-10 10:38:10,489 [INFO] IntegrityCheckThread:103 - End integrity checks thread
2024-01-10 10:38:30,919 [ERROR] LogOutputStream:75 - [STDERR_REDIRECT] SLF4J: Failed to load class "org.slf4j.impl.StaticLoggerBinder".
2024-01-10 10:38:30,920 [ERROR] LogOutputStream:75 - [STDERR_REDIRECT] SLF4J: Defaulting to no-operation (NOP) logger implementation
2024-01-10 10:38:30,921 [ERROR] LogOutputStream:75 - [STDERR_REDIRECT] SLF4J: See http://www.slf4j.org/codes.html#StaticLoggerBinder for further details.
