2024-01-03 11:09:19,058 [INFO] Activator:176 - 


2024-01-03 11:09:19,058 [INFO] Activator:177 - !SESSION log4j initialized
2024-01-03 11:09:24,574 [INFO] LogOutputStream:77 - [STDOUT_REDIRECT] 
2024-01-03 11:09:26,088 [INFO] ApplicationProperties:184 - Using Application install path: C:\ST\STM32CubeIDE_1.13.2\STM32CubeIDE\plugins\com.st.stm32cube.common.mx_6.9.2.202309101412
2024-01-03 11:09:26,106 [INFO] DbMcusXml:78 - Set database path to: C:\ST\STM32CubeIDE_1.13.2\STM32CubeIDE\plugins\com.st.stm32cube.common.mx_6.9.2.202309101412\\db\/mcu/
2024-01-03 11:09:26,106 [INFO] ApiDb:274 - Set plugin database path to: C:\ST\STM32CubeIDE_1.13.2\STM32CubeIDE\plugins\com.st.stm32cube.common.mx_6.9.2.202309101412\\db\/plugins/boardmanager/
2024-01-03 11:09:26,107 [WARN] ApiDb:259 - Overriding images path with different value:  => C:\ST\STM32CubeIDE_1.13.2\STM32CubeIDE\plugins\com.st.stm32cube.common.mx_6.9.2.202309101412\\db\/plugins/mcufinder/images/
2024-01-03 11:09:26,119 [INFO] ApiDb:250 - Set database path to: C:\Users\jespe\.stmcufinder\plugins\mcufinder//mcu/
2024-01-03 11:09:26,120 [INFO] DbMcusAds:125 - Set database path to: C:\Users\jespe\.stmcufinder\plugins\mcufinder//mcu/
2024-01-03 11:09:26,121 [INFO] CrossReferenceDbSqlite:203 - Set database path to: C:\Users\jespe\.stmcufinder\plugins\mcufinder//mcu/cs/
2024-01-03 11:09:26,216 [INFO] RulesReader:64 - Compatibility file has been processed (293 Rules)
2024-01-03 11:09:26,292 [INFO] DbMcusXml:78 - Set database path to: C:\ST\STM32CubeIDE_1.13.2\STM32CubeIDE\plugins\com.st.stm32cube.common.mx_6.9.2.202309101412\\db\/mcu/
2024-01-03 11:09:26,292 [INFO] ApiDb:274 - Set plugin database path to: C:\ST\STM32CubeIDE_1.13.2\STM32CubeIDE\plugins\com.st.stm32cube.common.mx_6.9.2.202309101412\\db\/plugins/boardmanager/
2024-01-03 11:09:26,292 [INFO] ApiDb:261 - Set plugin images path to: C:\ST\STM32CubeIDE_1.13.2\STM32CubeIDE\plugins\com.st.stm32cube.common.mx_6.9.2.202309101412\\db\/plugins/mcufinder/images/
2024-01-03 11:09:26,293 [WARN] DbFile:41 - Overriding database path with different value: C:\Users\jespe\.stmcufinder\plugins\mcufinder/ => C:\Users\jespe\.stmcufinder\plugins\mcufinder
2024-01-03 11:09:26,293 [INFO] ApiDb:250 - Set database path to: C:\Users\jespe\.stmcufinder\plugins\mcufinder//mcu/
2024-01-03 11:09:26,293 [WARN] DbFile:41 - Overriding database path with different value: C:\Users\jespe\.stmcufinder\plugins\mcufinder/ => C:\Users\jespe\.stmcufinder\plugins\mcufinder
2024-01-03 11:09:26,293 [INFO] DbMcusAds:125 - Set database path to: C:\Users\jespe\.stmcufinder\plugins\mcufinder//mcu/
2024-01-03 11:09:26,293 [WARN] DbFile:41 - Overriding database path with different value: C:\Users\jespe\.stmcufinder\plugins\mcufinder/ => C:\Users\jespe\.stmcufinder\plugins\mcufinder
2024-01-03 11:09:26,293 [WARN] DbFile:41 - Overriding database path with different value: C:\Users\jespe\.stmcufinder\plugins\mcufinder/ => C:\Users\jespe\.stmcufinder\plugins\mcufinder
2024-01-03 11:09:26,293 [INFO] CrossReferenceDbSqlite:203 - Set database path to: C:\Users\jespe\.stmcufinder\plugins\mcufinder//mcu/cs/
2024-01-03 11:09:26,358 [INFO] MainPanel:262 - HeapMemory: 268435456
2024-01-03 11:09:26,438 [INFO] DbMcusXml:78 - Set database path to: C:\ST\STM32CubeIDE_1.13.2\STM32CubeIDE\plugins\com.st.stm32cube.common.mx_6.9.2.202309101412\\db\/mcu/
2024-01-03 11:09:26,438 [INFO] ApiDb:274 - Set plugin database path to: C:\ST\STM32CubeIDE_1.13.2\STM32CubeIDE\plugins\com.st.stm32cube.common.mx_6.9.2.202309101412\\db\/plugins/boardmanager/
2024-01-03 11:09:26,438 [INFO] ApiDb:261 - Set plugin images path to: C:\ST\STM32CubeIDE_1.13.2\STM32CubeIDE\plugins\com.st.stm32cube.common.mx_6.9.2.202309101412\\db\/plugins/mcufinder/images/
2024-01-03 11:09:26,439 [WARN] DbFile:41 - Overriding database path with different value: C:\Users\jespe\.stmcufinder\plugins\mcufinder/ => C:\Users\jespe\.stmcufinder\plugins\mcufinder
2024-01-03 11:09:26,439 [INFO] ApiDb:250 - Set database path to: C:\Users\jespe\.stmcufinder\plugins\mcufinder//mcu/
2024-01-03 11:09:26,439 [WARN] DbFile:41 - Overriding database path with different value: C:\Users\jespe\.stmcufinder\plugins\mcufinder/ => C:\Users\jespe\.stmcufinder\plugins\mcufinder
2024-01-03 11:09:26,439 [INFO] DbMcusAds:125 - Set database path to: C:\Users\jespe\.stmcufinder\plugins\mcufinder//mcu/
2024-01-03 11:09:26,439 [WARN] DbFile:41 - Overriding database path with different value: C:\Users\jespe\.stmcufinder\plugins\mcufinder/ => C:\Users\jespe\.stmcufinder\plugins\mcufinder
2024-01-03 11:09:26,439 [WARN] DbFile:41 - Overriding database path with different value: C:\Users\jespe\.stmcufinder\plugins\mcufinder/ => C:\Users\jespe\.stmcufinder\plugins\mcufinder
2024-01-03 11:09:26,439 [INFO] CrossReferenceDbSqlite:203 - Set database path to: C:\Users\jespe\.stmcufinder\plugins\mcufinder//mcu/cs/
2024-01-03 11:09:26,454 [INFO] ApplicationProperties:184 - Using Application install path: C:\ST\STM32CubeIDE_1.13.2\STM32CubeIDE\plugins\com.st.stm32cube.common.mx_6.9.2.202309101412
2024-01-03 11:09:26,455 [INFO] PluginManage:196 - Search for loadable plugins [exclusion list=, ]
2024-01-03 11:09:26,456 [INFO] PluginManage:310 - Check plugin analytics
2024-01-03 11:09:26,615 [INFO] AnalyticsPlugin:253 - Accepted Software Licenses: 
2024-01-03 11:09:26,615 [INFO] AnalyticsPlugin:255 - Accepted CMSIS Pack Licenses: 
2024-01-03 11:09:26,615 [INFO] AnalyticsPlugin:257 - Accepted Firmware Licenses: 
2024-01-03 11:09:26,618 [INFO] PluginManage:359 - Loaded plugin analytics (category:tool,tabindex:-1)
2024-01-03 11:09:26,619 [INFO] PluginManage:310 - Check plugin cadmodel
2024-01-03 11:09:26,632 [INFO] CADModel:105 - Init CAD model plugin
2024-01-03 11:09:26,632 [INFO] PluginManage:359 - Loaded plugin cadmodel (category:power,tabindex:5)
2024-01-03 11:09:26,632 [INFO] PluginManage:310 - Check plugin clock
2024-01-03 11:09:26,649 [INFO] PluginManage:359 - Loaded plugin clock (category:base,tabindex:2)
2024-01-03 11:09:26,649 [INFO] PluginManage:310 - Check plugin ddr
2024-01-03 11:09:26,651 [INFO] PluginManage:359 - Loaded plugin ddr (category:tool,tabindex:6)
2024-01-03 11:09:26,651 [INFO] PluginManage:310 - Check plugin filemanager
2024-01-03 11:09:26,766 [INFO] PluginManage:359 - Loaded plugin filemanager (category:base,tabindex:10)
2024-01-03 11:09:26,766 [INFO] PluginManage:310 - Check plugin ipmanager
2024-01-03 11:09:26,774 [INFO] PluginManage:359 - Loaded plugin ipmanager (category:base,tabindex:5)
2024-01-03 11:09:26,775 [INFO] PluginManage:310 - Check plugin lpbam
2024-01-03 11:09:26,790 [INFO] PluginManage:359 - Loaded plugin lpbam (category:base,tabindex:0)
2024-01-03 11:09:26,790 [INFO] PluginManage:310 - Check plugin memorymap
2024-01-03 11:09:26,810 [INFO] PluginManage:359 - Loaded plugin memorymap (category:base,tabindex:4)
2024-01-03 11:09:26,810 [INFO] PluginManage:310 - Check plugin pinoutandconfiguration
2024-01-03 11:09:26,824 [INFO] PluginManage:359 - Loaded plugin pinoutandconfiguration (category:base,tabindex:1)
2024-01-03 11:09:26,824 [INFO] PluginManage:310 - Check plugin pinoutconfig
2024-01-03 11:09:26,908 [WARN] SupportedApi:132 - Cannot load RTOS API schema: s4s-elt-must-match.1: The content of 'definitions' must match (annotation?, (simpleType | complexType)?, (unique | key | keyref)*)). A problem was found starting at: attribute.
2024-01-03 11:09:27,019 [INFO] PluginManage:359 - Loaded plugin pinoutconfig (category:base,tabindex:0)
2024-01-03 11:09:27,019 [INFO] PluginManage:310 - Check plugin power
2024-01-03 11:09:27,037 [INFO] PluginManage:359 - Loaded plugin power (category:power,tabindex:4)
2024-01-03 11:09:27,037 [INFO] PluginManage:310 - Check plugin projectmanager
2024-01-03 11:09:27,050 [INFO] PluginManage:359 - Loaded plugin projectmanager (category:projectmanager,tabindex:3)
2024-01-03 11:09:27,050 [INFO] PluginManage:310 - Check plugin thirdparty
2024-01-03 11:09:27,277 [INFO] PluginManage:359 - Loaded plugin thirdparty (category:base,tabindex:-1)
2024-01-03 11:09:27,277 [WARN] IntegrityCheckThread:84 - waiting for thirdparty lock release [integrity check]
2024-01-03 11:09:27,277 [INFO] PluginManage:310 - Check plugin tools
2024-01-03 11:09:27,277 [INFO] IntegrityCheckThread:86 - entering critical section [integrity check]
2024-01-03 11:09:27,378 [INFO] ThirdPartyUpdaterWithRetryManager:70 - Updater plugin not ready yet. [1/15]
2024-01-03 11:09:27,404 [INFO] PluginManage:359 - Loaded plugin tools (category:base,tabindex:7)
2024-01-03 11:09:27,404 [INFO] PluginManage:310 - Check plugin tutovideos
2024-01-03 11:09:27,590 [INFO] PluginManage:359 - Loaded plugin tutovideos (category:base,tabindex:-1)
2024-01-03 11:09:27,590 [INFO] PluginManage:310 - Check plugin updater
2024-01-03 11:09:27,600 [INFO] PluginManage:359 - Loaded plugin updater (category:base,tabindex:12)
2024-01-03 11:09:27,600 [INFO] PluginManage:310 - Check plugin userauth
2024-01-03 11:09:27,604 [INFO] UserAuth:113 - Init User Auth plugin
2024-01-03 11:09:27,605 [INFO] PluginManage:359 - Loaded plugin userauth (category:base,tabindex:14)
2024-01-03 11:09:27,605 [INFO] PluginManage:283 - PluginManage : Loaded plugins [17]
2024-01-03 11:09:27,795 [INFO] PinOutPanel:1499 - setPackage(No Configuration,No Configuration)
2024-01-03 11:09:27,882 [INFO] CADModel:165 - CPN selected for project level
2024-01-03 11:09:27,882 [INFO] CADModel:114 - Register for checkConnection events
2024-01-03 11:09:27,904 [INFO] IPUIPlugin:80 - create IPUIPlugin
2024-01-03 11:09:27,904 [INFO] PluginManager:220 - loadIPPluginJar : add adc
2024-01-03 11:09:27,931 [INFO] IPUIPlugin:80 - create IPUIPlugin
2024-01-03 11:09:27,931 [INFO] PluginManager:220 - loadIPPluginJar : add aes
2024-01-03 11:09:27,961 [INFO] IPUIPlugin:80 - create IPUIPlugin
2024-01-03 11:09:27,961 [INFO] PluginManager:220 - loadIPPluginJar : add can
2024-01-03 11:09:27,977 [INFO] IPUIPlugin:80 - create IPUIPlugin
2024-01-03 11:09:27,977 [INFO] PluginManager:220 - loadIPPluginJar : add comp
2024-01-03 11:09:28,002 [INFO] IPUIPlugin:80 - create IPUIPlugin
2024-01-03 11:09:28,002 [INFO] PluginManager:220 - loadIPPluginJar : add cryp
2024-01-03 11:09:28,024 [INFO] IPUIPlugin:80 - create IPUIPlugin
2024-01-03 11:09:28,024 [INFO] PluginManager:220 - loadIPPluginJar : add dfsdm
2024-01-03 11:09:28,035 [INFO] IPUIPlugin:80 - create IPUIPlugin
2024-01-03 11:09:28,035 [INFO] PluginManager:220 - loadIPPluginJar : add dma
2024-01-03 11:09:28,065 [INFO] IPUIPlugin:80 - create IPUIPlugin
2024-01-03 11:09:28,065 [INFO] PluginManager:220 - loadIPPluginJar : add dma3
2024-01-03 11:09:28,079 [INFO] IPUIPlugin:80 - create IPUIPlugin
2024-01-03 11:09:28,079 [INFO] PluginManager:220 - loadIPPluginJar : add fatfs
2024-01-03 11:09:28,111 [INFO] IPUIPlugin:80 - create IPUIPlugin
2024-01-03 11:09:28,112 [INFO] PluginManager:220 - loadIPPluginJar : add fmc
2024-01-03 11:09:28,124 [INFO] IPUIPlugin:80 - create IPUIPlugin
2024-01-03 11:09:28,124 [INFO] PluginManager:220 - loadIPPluginJar : add freertos
2024-01-03 11:09:28,139 [INFO] IPUIPlugin:80 - create IPUIPlugin
2024-01-03 11:09:28,140 [INFO] PluginManager:220 - loadIPPluginJar : add genericplugin
2024-01-03 11:09:28,206 [INFO] IPUIPlugin:80 - create IPUIPlugin
2024-01-03 11:09:28,206 [INFO] PluginManager:220 - loadIPPluginJar : add gfxmmu
2024-01-03 11:09:28,292 [INFO] IPUIPlugin:80 - create IPUIPlugin
2024-01-03 11:09:28,293 [INFO] PluginManager:220 - loadIPPluginJar : add gic
2024-01-03 11:09:28,302 [INFO] IPUIPlugin:80 - create IPUIPlugin
2024-01-03 11:09:28,302 [INFO] PluginManager:220 - loadIPPluginJar : add gpio
2024-01-03 11:09:28,364 [INFO] IPUIPlugin:80 - create IPUIPlugin
2024-01-03 11:09:28,365 [INFO] PluginManager:220 - loadIPPluginJar : add gtzc
2024-01-03 11:09:28,386 [INFO] IPUIPlugin:80 - create IPUIPlugin
2024-01-03 11:09:28,386 [INFO] PluginManager:220 - loadIPPluginJar : add hash
2024-01-03 11:09:28,420 [INFO] IPUIPlugin:80 - create IPUIPlugin
2024-01-03 11:09:28,420 [INFO] PluginManager:220 - loadIPPluginJar : add i2c
2024-01-03 11:09:28,446 [INFO] IPUIPlugin:80 - create IPUIPlugin
2024-01-03 11:09:28,446 [INFO] PluginManager:220 - loadIPPluginJar : add i2s
2024-01-03 11:09:28,474 [INFO] IPUIPlugin:80 - create IPUIPlugin
2024-01-03 11:09:28,474 [INFO] PluginManager:220 - loadIPPluginJar : add i3c
2024-01-03 11:09:28,551 [INFO] IPUIPlugin:80 - create IPUIPlugin
2024-01-03 11:09:28,552 [INFO] PluginManager:220 - loadIPPluginJar : add ipddr
2024-01-03 11:09:28,612 [INFO] IPUIPlugin:80 - create IPUIPlugin
2024-01-03 11:09:28,612 [INFO] PluginManager:220 - loadIPPluginJar : add linkedlist
2024-01-03 11:09:28,636 [INFO] IPUIPlugin:80 - create IPUIPlugin
2024-01-03 11:09:28,636 [INFO] PluginManager:220 - loadIPPluginJar : add lorawan
2024-01-03 11:09:28,660 [INFO] IPUIPlugin:80 - create IPUIPlugin
2024-01-03 11:09:28,661 [INFO] PluginManager:220 - loadIPPluginJar : add ltdc
2024-01-03 11:09:28,671 [INFO] IPUIPlugin:80 - create IPUIPlugin
2024-01-03 11:09:28,671 [INFO] PluginManager:220 - loadIPPluginJar : add mdma
2024-01-03 11:09:28,680 [INFO] IPUIPlugin:80 - create IPUIPlugin
2024-01-03 11:09:28,680 [INFO] PluginManager:220 - loadIPPluginJar : add nvic
2024-01-03 11:09:28,704 [INFO] IPUIPlugin:80 - create IPUIPlugin
2024-01-03 11:09:28,704 [INFO] PluginManager:220 - loadIPPluginJar : add opamp
2024-01-03 11:09:28,744 [INFO] IPUIPlugin:80 - create IPUIPlugin
2024-01-03 11:09:28,744 [INFO] PluginManager:220 - loadIPPluginJar : add openamp
2024-01-03 11:09:28,774 [INFO] IPUIPlugin:80 - create IPUIPlugin
2024-01-03 11:09:28,774 [INFO] PluginManager:220 - loadIPPluginJar : add pdm2pcm
2024-01-03 11:09:28,784 [INFO] IPUIPlugin:80 - create IPUIPlugin
2024-01-03 11:09:28,786 [INFO] PluginManager:220 - loadIPPluginJar : add plateformsettings
2024-01-03 11:09:28,801 [INFO] IPUIPlugin:80 - create IPUIPlugin
2024-01-03 11:09:28,801 [INFO] PluginManager:220 - loadIPPluginJar : add quadspi
2024-01-03 11:09:28,810 [INFO] IPUIPlugin:80 - create IPUIPlugin
2024-01-03 11:09:28,810 [INFO] PluginManager:220 - loadIPPluginJar : add resmgrutility
2024-01-03 11:09:28,843 [INFO] IPUIPlugin:80 - create IPUIPlugin
2024-01-03 11:09:28,843 [INFO] PluginManager:220 - loadIPPluginJar : add sai
2024-01-03 11:09:28,868 [INFO] IPUIPlugin:80 - create IPUIPlugin
2024-01-03 11:09:28,868 [INFO] PluginManager:220 - loadIPPluginJar : add spi
2024-01-03 11:09:28,907 [INFO] IPUIPlugin:80 - create IPUIPlugin
2024-01-03 11:09:28,907 [INFO] PluginManager:220 - loadIPPluginJar : add stm32_wpan
2024-01-03 11:09:28,922 [INFO] IPUIPlugin:80 - create IPUIPlugin
2024-01-03 11:09:28,923 [INFO] PluginManager:220 - loadIPPluginJar : add tim
2024-01-03 11:09:28,960 [INFO] IPUIPlugin:80 - create IPUIPlugin
2024-01-03 11:09:28,960 [INFO] PluginManager:220 - loadIPPluginJar : add touchsensing
2024-01-03 11:09:28,975 [INFO] IPUIPlugin:80 - create IPUIPlugin
2024-01-03 11:09:28,975 [INFO] PluginManager:220 - loadIPPluginJar : add tracer_emb
2024-01-03 11:09:28,992 [INFO] IPUIPlugin:80 - create IPUIPlugin
2024-01-03 11:09:28,992 [INFO] PluginManager:220 - loadIPPluginJar : add ts
2024-01-03 11:09:29,007 [INFO] IPUIPlugin:80 - create IPUIPlugin
2024-01-03 11:09:29,007 [INFO] PluginManager:220 - loadIPPluginJar : add tsc
2024-01-03 11:09:29,022 [INFO] IPUIPlugin:80 - create IPUIPlugin
2024-01-03 11:09:29,022 [INFO] PluginManager:220 - loadIPPluginJar : add ucpd
2024-01-03 11:09:29,052 [INFO] IPUIPlugin:80 - create IPUIPlugin
2024-01-03 11:09:29,052 [INFO] PluginManager:220 - loadIPPluginJar : add usart
2024-01-03 11:09:29,081 [INFO] IPUIPlugin:80 - create IPUIPlugin
2024-01-03 11:09:29,081 [INFO] PluginManager:220 - loadIPPluginJar : add usbx
2024-01-03 11:09:29,197 [INFO] CADModel:165 - CPN selected for project level
2024-01-03 11:09:29,197 [INFO] CADModel:114 - Register for checkConnection events
2024-01-03 11:09:29,197 [FATAL] Updater:308 - Updater called before beeing initialized
2024-01-03 11:09:29,198 [ERROR] CADModel:125 - Updater not yet initialized, retry later 
2024-01-03 11:09:29,326 [INFO] CADModel:165 - CPN selected for project level
2024-01-03 11:09:29,326 [INFO] CADModel:114 - Register for checkConnection events
2024-01-03 11:09:29,326 [FATAL] Updater:308 - Updater called before beeing initialized
2024-01-03 11:09:29,326 [ERROR] CADModel:125 - Updater not yet initialized, retry later 
2024-01-03 11:09:29,330 [FATAL] Updater:308 - Updater called before beeing initialized
2024-01-03 11:09:29,427 [FATAL] Updater:308 - Updater called before beeing initialized
2024-01-03 11:09:29,436 [INFO] DbMcusAds:53 - JSON generation date=Tue Mar 07 09:50:55 CET 2023 (1678179055114)
2024-01-03 11:09:29,436 [FATAL] Updater:308 - Updater called before beeing initialized
2024-01-03 11:09:29,502 [WARN] DetailPanel:346 - Failed to get advertising image, set to default
2024-01-03 11:09:29,587 [FATAL] Updater:308 - Updater called before beeing initialized
2024-01-03 11:09:29,588 [FATAL] Updater:308 - Updater called before beeing initialized
2024-01-03 11:09:29,588 [FATAL] Updater:308 - Updater called before beeing initialized
2024-01-03 11:09:29,588 [WARN] DetailPanel:346 - Failed to get advertising image, set to default
2024-01-03 11:09:29,589 [FATAL] Updater:308 - Updater called before beeing initialized
2024-01-03 11:09:29,640 [ERROR] Updater:1120 - MainUpdater not yet initialized. External WinMGr cannot be set.
2024-01-03 11:09:29,648 [INFO] Updater:1056 - Updater Version found : 6.9.2
2024-01-03 11:09:29,661 [INFO] ApplicationProperties:184 - Using Application install path: C:\ST\STM32CubeIDE_1.13.2\STM32CubeIDE\plugins\com.st.stm32cube.common.mx_6.9.2.202309101412
2024-01-03 11:09:29,777 [INFO] MainUpdater:2868 - connection check result : 10
2024-01-03 11:09:29,778 [INFO] MainUpdater:285 - Updater Check For Update Now.
2024-01-03 11:09:29,778 [INFO] MicroXplorer:498 - Change Database Version : DB.6.0.92
2024-01-03 11:09:29,795 [INFO] McuFinderGlobals:63 - Set McuFinder mode to 2 (CubeIDE integrated)
2024-01-03 11:09:29,976 [INFO] CheckServerUpdateThread:120 - End of CheckServer Thread
2024-01-03 11:09:30,543 [WARN] PackLoader:240 - Cannot read IP mode file for STMicroelectronics.X-CUBE-SMBUS.2.1.0
2024-01-03 11:09:30,554 [WARN] PackLoader:240 - Cannot read IP mode file for STMicroelectronics.X-CUBE-TOUCHGFX.4.23.0
2024-01-03 11:09:30,592 [WARN] PackLoader:240 - Cannot read IP mode file for STMicroelectronics.X-CUBE-AZRTOS-F7.1.1.0
2024-01-03 11:09:30,607 [WARN] PackLoader:240 - Cannot read IP mode file for STMicroelectronics.FP-SNS-MOTENV1.4.3.2
2024-01-03 11:09:30,620 [WARN] PackLoader:240 - Cannot read IP mode file for STMicroelectronics.FP-SNS-FLIGHT1.5.0.2
2024-01-03 11:09:30,635 [WARN] PackLoader:240 - Cannot read IP mode file for STMicroelectronics.X-CUBE-DISPLAY.3.0.0
2024-01-03 11:09:30,652 [WARN] PackLoader:240 - Cannot read IP mode file for STMicroelectronics.X-CUBE-BLE1.7.0.0
2024-01-03 11:09:30,664 [WARN] PackLoader:240 - Cannot read IP mode file for emotas.I-CUBE-CANOPEN.1.3.0
2024-01-03 11:09:30,673 [WARN] PackLoader:240 - Cannot read IP mode file for STMicroelectronics.X-CUBE-TOUCHGFX.4.22.0
2024-01-03 11:09:30,683 [WARN] PackLoader:240 - Cannot read IP mode file for STMicroelectronics.X-CUBE-TOUCHGFX.4.22.1
2024-01-03 11:09:30,693 [WARN] PackLoader:240 - Cannot read IP mode file for STMicroelectronics.FP-SNS-SMARTAG2.1.2.0
2024-01-03 11:09:30,711 [INFO] LogOutputStream:77 - [STDOUT_REDIRECT] 1 : Invalid condition id : UX_CORESTACK_Condition cause : null
2024-01-03 11:09:30,711 [INFO] LogOutputStream:77 - [STDOUT_REDIRECT] 1 : Invalid condition id : UX_CORESTACK_Condition cause : null
2024-01-03 11:09:30,712 [INFO] LogOutputStream:77 - [STDOUT_REDIRECT] 1 : Invalid condition id : UX_CORESTACK_Condition cause : null
2024-01-03 11:09:30,713 [INFO] LogOutputStream:77 - [STDOUT_REDIRECT] 1 : Invalid condition id : UX_CORESTACK_Condition cause : null
2024-01-03 11:09:30,713 [INFO] LogOutputStream:77 - [STDOUT_REDIRECT] 1 : Invalid condition id : UX_CORESTACK_Condition cause : null
2024-01-03 11:09:30,717 [WARN] PackLoader:240 - Cannot read IP mode file for STMicroelectronics.X-CUBE-AZRTOS-WL.2.0.0
2024-01-03 11:09:30,731 [WARN] PackLoader:240 - Cannot read IP mode file for WES.I-CUBE-Cesium.1.3.0
2024-01-03 11:09:30,741 [WARN] PackLoader:240 - Cannot read IP mode file for STMicroelectronics.X-CUBE-BLE2.3.3.0
2024-01-03 11:09:30,753 [WARN] PackLoader:240 - Cannot read IP mode file for STMicroelectronics.X-CUBE-ALGOBUILD.1.3.0
2024-01-03 11:09:30,776 [WARN] PackLoader:240 - Cannot read IP mode file for STMicroelectronics.X-CUBE-AZRTOS-G0.1.1.0
2024-01-03 11:09:30,788 [WARN] PackLoader:240 - Cannot read IP mode file for STMicroelectronics.X-CUBE-NFC4.3.0.0
2024-01-03 11:09:30,803 [WARN] PackLoader:240 - Cannot read IP mode file for STMicroelectronics.X-CUBE-BLEMGR.3.0.0
2024-01-03 11:09:30,813 [WARN] PackLoader:240 - Cannot read IP mode file for STMicroelectronics.FP-ATR-SIGFOX1.3.2.0
2024-01-03 11:09:30,840 [WARN] PackLoader:240 - Cannot read IP mode file for SEGGER.I-CUBE-embOS.1.3.1
2024-01-03 11:09:30,874 [WARN] PackLoader:240 - Cannot read IP mode file for STMicroelectronics.X-CUBE-GNSS1.6.0.0
2024-01-03 11:09:30,898 [WARN] PackLoader:240 - Cannot read IP mode file for STMicroelectronics.X-CUBE-AZRTOS-F4.1.1.0
2024-01-03 11:09:30,911 [WARN] PackLoader:240 - Cannot read IP mode file for wolfSSL.I-CUBE-wolfSSL.5.6.3
2024-01-03 11:09:30,937 [WARN] PackLoader:240 - Cannot read IP mode file for STMicroelectronics.X-CUBE-AZRTOS-L5.2.0.0
2024-01-03 11:09:30,982 [WARN] PackLoader:240 - Cannot read IP mode file for STMicroelectronics.X-CUBE-MEMS1.9.6.0
2024-01-03 11:09:31,091 [WARN] PackLoader:240 - Cannot read IP mode file for STMicroelectronics.X-CUBE-EEPRMA1.4.2.0
2024-01-03 11:09:31,102 [WARN] PackLoader:240 - Cannot read IP mode file for ITTIA_DB.I-CUBE-ITTIADB.8.8.0
2024-01-03 11:09:31,113 [WARN] PackLoader:240 - Cannot read IP mode file for STMicroelectronics.X-CUBE-BLEMGR.2.0.0
2024-01-03 11:09:31,136 [WARN] ConditionMgr:438 - getConditionDescription Invalid condition id : UX DEVICE CLASS RTOS Condition cause : null
2024-01-03 11:09:31,137 [WARN] ConditionMgr:438 - getConditionDescription Invalid condition id : UX DEVICE CLASS RTOS Condition cause : null
2024-01-03 11:09:31,139 [WARN] PackLoader:240 - Cannot read IP mode file for STMicroelectronics.X-CUBE-AZRTOS-H7.3.1.0
2024-01-03 11:09:31,139 [WARN] ConditionMgr:1039 - genDependencies : Invalid condition id : UX DEVICE CLASS RTOS Condition cause : null
2024-01-03 11:09:31,139 [WARN] ConditionMgr:1039 - genDependencies : Invalid condition id : UX DEVICE CLASS RTOS Condition cause : null
2024-01-03 11:09:31,140 [WARN] ConditionMgr:1039 - genDependencies : Invalid condition id : UX DEVICE CLASS RTOS Condition cause : null
2024-01-03 11:09:31,140 [WARN] ConditionMgr:1039 - genDependencies : Invalid condition id : UX DEVICE CLASS RTOS Condition cause : null
2024-01-03 11:09:31,140 [WARN] ConditionMgr:1039 - genDependencies : Invalid condition id : UX DEVICE CLASS RTOS Condition cause : null
2024-01-03 11:09:31,151 [WARN] PackLoader:240 - Cannot read IP mode file for STMicroelectronics.X-CUBE-NFC7.1.0.1
2024-01-03 11:09:31,163 [WARN] PackLoader:240 - Cannot read IP mode file for STMicroelectronics.X-CUBE-NFC6.3.0.0
2024-01-03 11:09:31,174 [WARN] PackLoader:240 - Cannot read IP mode file for STMicroelectronics.X-CUBE-EEPRMA1.4.1.0
2024-01-03 11:09:31,184 [WARN] PackLoader:240 - Cannot read IP mode file for STMicroelectronics.X-CUBE-AI.8.1.0
2024-01-03 11:09:31,210 [WARN] ConditionMgr:438 - getConditionDescription Invalid condition id : LAN8742 Phy interface Condition cause : null
2024-01-03 11:09:31,210 [WARN] PackLoader:240 - Cannot read IP mode file for STMicroelectronics.X-CUBE-AZRTOS-L4.2.0.0
2024-01-03 11:09:31,211 [WARN] ConditionMgr:1039 - genDependencies : Invalid condition id : LAN8742 Phy interface Condition cause : null
2024-01-03 11:09:31,211 [WARN] ConditionMgr:1039 - genDependencies : Invalid condition id : LAN8742 Phy interface Condition cause : null
2024-01-03 11:09:31,212 [WARN] ConditionMgr:1039 - genDependencies : Invalid condition id : LAN8742 Phy interface Condition cause : null
2024-01-03 11:09:31,223 [WARN] PackLoader:240 - Cannot read IP mode file for STMicroelectronics.X-CUBE-SFXS2LP1.4.0.0
2024-01-03 11:09:31,232 [WARN] PackLoader:240 - Cannot read IP mode file for STMicroelectronics.X-CUBE-ISPU.1.1.0
2024-01-03 11:09:31,250 [WARN] ConditionMgr:438 - getConditionDescription Invalid condition id : UX DEVICE CLASS RTOS Condition cause : null
2024-01-03 11:09:31,250 [WARN] ConditionMgr:438 - getConditionDescription Invalid condition id : UX DEVICE CLASS RTOS Condition cause : null
2024-01-03 11:09:31,251 [WARN] PackLoader:240 - Cannot read IP mode file for STMicroelectronics.X-CUBE-AZRTOS-WB.2.0.0
2024-01-03 11:09:31,252 [WARN] ConditionMgr:1039 - genDependencies : Invalid condition id : UX DEVICE CLASS RTOS Condition cause : null
2024-01-03 11:09:31,252 [WARN] ConditionMgr:1039 - genDependencies : Invalid condition id : UX DEVICE CLASS RTOS Condition cause : null
2024-01-03 11:09:31,252 [WARN] ConditionMgr:1039 - genDependencies : Invalid condition id : UX DEVICE CLASS RTOS Condition cause : null
2024-01-03 11:09:31,252 [WARN] ConditionMgr:1039 - genDependencies : Invalid condition id : UX DEVICE CLASS RTOS Condition cause : null
2024-01-03 11:09:31,252 [WARN] ConditionMgr:1039 - genDependencies : Invalid condition id : UX DEVICE CLASS RTOS Condition cause : null
2024-01-03 11:09:31,267 [WARN] PackLoader:240 - Cannot read IP mode file for STMicroelectronics.X-CUBE-SUBG2.5.0.0
2024-01-03 11:09:31,285 [WARN] PackLoader:240 - Cannot read IP mode file for STMicroelectronics.X-CUBE-TOF1.3.3.1
2024-01-03 11:09:31,309 [WARN] PackLoader:240 - Cannot read IP mode file for STMicroelectronics.X-CUBE-AZRTOS-G4.2.0.0
2024-01-03 11:09:31,326 [WARN] PackLoader:240 - Cannot read IP mode file for Infineon.AIROC-Wi-Fi-Bluetooth-STM32.1.5.1
2024-01-03 11:09:31,337 [WARN] PackLoader:240 - Cannot read IP mode file for STMicroelectronics.FP-SNS-MOTENVWB1.1.3.0
2024-01-03 11:09:31,346 [WARN] PackLoader:240 - Cannot read IP mode file for STMicroelectronics.FP-SNS-MOTENVWB1.1.3.1
2024-01-03 11:09:31,354 [WARN] PackLoader:240 - Cannot read IP mode file for STMicroelectronics.X-CUBE-ISPU.2.0.0
2024-01-03 11:09:31,389 [WARN] PackLoader:240 - Cannot read IP mode file for STMicroelectronics.X-CUBE-MEMS1.10.0.0
2024-01-03 11:09:31,478 [WARN] PackLoader:240 - Cannot read IP mode file for STMicroelectronics.X-CUBE-FREERTOS.1.1.0
2024-01-03 11:09:31,493 [WARN] PackLoader:240 - Cannot read IP mode file for portGmbH.I-Cube-SoM-uGOAL.1.1.0
2024-01-03 11:09:31,512 [WARN] PackLoader:240 - Cannot read IP mode file for STMicroelectronics.X-CUBE-ALS.1.0.1
2024-01-03 11:09:31,526 [WARN] PackLoader:240 - Cannot read IP mode file for STMicroelectronics.FP-ATR-ASTRA1.2.0.0
2024-01-03 11:09:31,542 [WARN] PackLoader:240 - Cannot read IP mode file for STMicroelectronics.X-CUBE-TOF1.3.4.0
2024-01-03 11:09:31,571 [WARN] PackLoader:240 - Cannot read IP mode file for STMicroelectronics.X-CUBE-AZRTOS-H7.3.2.0
2024-01-03 11:09:31,573 [INFO] ThirdParty:978 - Integrity check success = true
2024-01-03 11:09:31,573 [INFO] IntegrityCheckThread:100 - exiting critical section [integrity check]
2024-01-03 11:09:31,573 [INFO] IntegrityCheckThread:103 - End integrity checks thread
2024-01-03 11:09:50,675 [ERROR] LogOutputStream:75 - [STDERR_REDIRECT] SLF4J: Failed to load class "org.slf4j.impl.StaticLoggerBinder".
2024-01-03 11:09:50,676 [ERROR] LogOutputStream:75 - [STDERR_REDIRECT] SLF4J: Defaulting to no-operation (NOP) logger implementation
2024-01-03 11:09:50,677 [ERROR] LogOutputStream:75 - [STDERR_REDIRECT] SLF4J: See http://www.slf4j.org/codes.html#StaticLoggerBinder for further details.
2024-01-03 12:46:47,350 [INFO] Activator:176 - 


2024-01-03 12:46:47,350 [INFO] Activator:177 - !SESSION log4j initialized
2024-01-03 12:46:51,771 [INFO] LogOutputStream:77 - [STDOUT_REDIRECT] 
2024-01-03 12:46:52,601 [INFO] ApplicationProperties:184 - Using Application install path: C:\ST\STM32CubeIDE_1.13.2\STM32CubeIDE\plugins\com.st.stm32cube.common.mx_6.9.2.202309101412
2024-01-03 12:46:52,621 [INFO] DbMcusXml:78 - Set database path to: C:\ST\STM32CubeIDE_1.13.2\STM32CubeIDE\plugins\com.st.stm32cube.common.mx_6.9.2.202309101412\\db\/mcu/
2024-01-03 12:46:52,621 [INFO] ApiDb:274 - Set plugin database path to: C:\ST\STM32CubeIDE_1.13.2\STM32CubeIDE\plugins\com.st.stm32cube.common.mx_6.9.2.202309101412\\db\/plugins/boardmanager/
2024-01-03 12:46:52,621 [WARN] ApiDb:259 - Overriding images path with different value:  => C:\ST\STM32CubeIDE_1.13.2\STM32CubeIDE\plugins\com.st.stm32cube.common.mx_6.9.2.202309101412\\db\/plugins/mcufinder/images/
2024-01-03 12:46:52,632 [INFO] ApiDb:250 - Set database path to: C:\Users\jespe\.stmcufinder\plugins\mcufinder//mcu/
2024-01-03 12:46:52,634 [INFO] DbMcusAds:125 - Set database path to: C:\Users\jespe\.stmcufinder\plugins\mcufinder//mcu/
2024-01-03 12:46:52,636 [INFO] CrossReferenceDbSqlite:203 - Set database path to: C:\Users\jespe\.stmcufinder\plugins\mcufinder//mcu/cs/
2024-01-03 12:46:52,756 [INFO] RulesReader:64 - Compatibility file has been processed (293 Rules)
2024-01-03 12:46:52,829 [INFO] DbMcusXml:78 - Set database path to: C:\ST\STM32CubeIDE_1.13.2\STM32CubeIDE\plugins\com.st.stm32cube.common.mx_6.9.2.202309101412\\db\/mcu/
2024-01-03 12:46:52,830 [INFO] ApiDb:274 - Set plugin database path to: C:\ST\STM32CubeIDE_1.13.2\STM32CubeIDE\plugins\com.st.stm32cube.common.mx_6.9.2.202309101412\\db\/plugins/boardmanager/
2024-01-03 12:46:52,830 [INFO] ApiDb:261 - Set plugin images path to: C:\ST\STM32CubeIDE_1.13.2\STM32CubeIDE\plugins\com.st.stm32cube.common.mx_6.9.2.202309101412\\db\/plugins/mcufinder/images/
2024-01-03 12:46:52,830 [WARN] DbFile:41 - Overriding database path with different value: C:\Users\jespe\.stmcufinder\plugins\mcufinder/ => C:\Users\jespe\.stmcufinder\plugins\mcufinder
2024-01-03 12:46:52,830 [INFO] ApiDb:250 - Set database path to: C:\Users\jespe\.stmcufinder\plugins\mcufinder//mcu/
2024-01-03 12:46:52,830 [WARN] DbFile:41 - Overriding database path with different value: C:\Users\jespe\.stmcufinder\plugins\mcufinder/ => C:\Users\jespe\.stmcufinder\plugins\mcufinder
2024-01-03 12:46:52,830 [INFO] DbMcusAds:125 - Set database path to: C:\Users\jespe\.stmcufinder\plugins\mcufinder//mcu/
2024-01-03 12:46:52,830 [WARN] DbFile:41 - Overriding database path with different value: C:\Users\jespe\.stmcufinder\plugins\mcufinder/ => C:\Users\jespe\.stmcufinder\plugins\mcufinder
2024-01-03 12:46:52,830 [WARN] DbFile:41 - Overriding database path with different value: C:\Users\jespe\.stmcufinder\plugins\mcufinder/ => C:\Users\jespe\.stmcufinder\plugins\mcufinder
2024-01-03 12:46:52,831 [INFO] CrossReferenceDbSqlite:203 - Set database path to: C:\Users\jespe\.stmcufinder\plugins\mcufinder//mcu/cs/
2024-01-03 12:46:52,897 [INFO] MainPanel:262 - HeapMemory: 268435456
2024-01-03 12:46:52,951 [INFO] DbMcusXml:78 - Set database path to: C:\ST\STM32CubeIDE_1.13.2\STM32CubeIDE\plugins\com.st.stm32cube.common.mx_6.9.2.202309101412\\db\/mcu/
2024-01-03 12:46:52,952 [INFO] ApiDb:274 - Set plugin database path to: C:\ST\STM32CubeIDE_1.13.2\STM32CubeIDE\plugins\com.st.stm32cube.common.mx_6.9.2.202309101412\\db\/plugins/boardmanager/
2024-01-03 12:46:52,952 [INFO] ApiDb:261 - Set plugin images path to: C:\ST\STM32CubeIDE_1.13.2\STM32CubeIDE\plugins\com.st.stm32cube.common.mx_6.9.2.202309101412\\db\/plugins/mcufinder/images/
2024-01-03 12:46:52,952 [WARN] DbFile:41 - Overriding database path with different value: C:\Users\jespe\.stmcufinder\plugins\mcufinder/ => C:\Users\jespe\.stmcufinder\plugins\mcufinder
2024-01-03 12:46:52,952 [INFO] ApiDb:250 - Set database path to: C:\Users\jespe\.stmcufinder\plugins\mcufinder//mcu/
2024-01-03 12:46:52,952 [WARN] DbFile:41 - Overriding database path with different value: C:\Users\jespe\.stmcufinder\plugins\mcufinder/ => C:\Users\jespe\.stmcufinder\plugins\mcufinder
2024-01-03 12:46:52,952 [INFO] DbMcusAds:125 - Set database path to: C:\Users\jespe\.stmcufinder\plugins\mcufinder//mcu/
2024-01-03 12:46:52,952 [WARN] DbFile:41 - Overriding database path with different value: C:\Users\jespe\.stmcufinder\plugins\mcufinder/ => C:\Users\jespe\.stmcufinder\plugins\mcufinder
2024-01-03 12:46:52,952 [WARN] DbFile:41 - Overriding database path with different value: C:\Users\jespe\.stmcufinder\plugins\mcufinder/ => C:\Users\jespe\.stmcufinder\plugins\mcufinder
2024-01-03 12:46:52,952 [INFO] CrossReferenceDbSqlite:203 - Set database path to: C:\Users\jespe\.stmcufinder\plugins\mcufinder//mcu/cs/
2024-01-03 12:46:52,966 [INFO] ApplicationProperties:184 - Using Application install path: C:\ST\STM32CubeIDE_1.13.2\STM32CubeIDE\plugins\com.st.stm32cube.common.mx_6.9.2.202309101412
2024-01-03 12:46:52,967 [INFO] PluginManage:196 - Search for loadable plugins [exclusion list=, ]
2024-01-03 12:46:52,968 [INFO] PluginManage:310 - Check plugin analytics
2024-01-03 12:46:53,103 [INFO] AnalyticsPlugin:253 - Accepted Software Licenses: 
2024-01-03 12:46:53,104 [INFO] AnalyticsPlugin:255 - Accepted CMSIS Pack Licenses: 
2024-01-03 12:46:53,104 [INFO] AnalyticsPlugin:257 - Accepted Firmware Licenses: 
2024-01-03 12:46:53,106 [INFO] PluginManage:359 - Loaded plugin analytics (category:tool,tabindex:-1)
2024-01-03 12:46:53,107 [INFO] PluginManage:310 - Check plugin cadmodel
2024-01-03 12:46:53,118 [INFO] CADModel:105 - Init CAD model plugin
2024-01-03 12:46:53,118 [INFO] PluginManage:359 - Loaded plugin cadmodel (category:power,tabindex:5)
2024-01-03 12:46:53,118 [INFO] PluginManage:310 - Check plugin clock
2024-01-03 12:46:53,133 [INFO] PluginManage:359 - Loaded plugin clock (category:base,tabindex:2)
2024-01-03 12:46:53,133 [INFO] PluginManage:310 - Check plugin ddr
2024-01-03 12:46:53,135 [INFO] PluginManage:359 - Loaded plugin ddr (category:tool,tabindex:6)
2024-01-03 12:46:53,135 [INFO] PluginManage:310 - Check plugin filemanager
2024-01-03 12:46:53,249 [INFO] PluginManage:359 - Loaded plugin filemanager (category:base,tabindex:10)
2024-01-03 12:46:53,249 [INFO] PluginManage:310 - Check plugin ipmanager
2024-01-03 12:46:53,255 [INFO] PluginManage:359 - Loaded plugin ipmanager (category:base,tabindex:5)
2024-01-03 12:46:53,256 [INFO] PluginManage:310 - Check plugin lpbam
2024-01-03 12:46:53,270 [INFO] PluginManage:359 - Loaded plugin lpbam (category:base,tabindex:0)
2024-01-03 12:46:53,270 [INFO] PluginManage:310 - Check plugin memorymap
2024-01-03 12:46:53,286 [INFO] PluginManage:359 - Loaded plugin memorymap (category:base,tabindex:4)
2024-01-03 12:46:53,286 [INFO] PluginManage:310 - Check plugin pinoutandconfiguration
2024-01-03 12:46:53,299 [INFO] PluginManage:359 - Loaded plugin pinoutandconfiguration (category:base,tabindex:1)
2024-01-03 12:46:53,299 [INFO] PluginManage:310 - Check plugin pinoutconfig
2024-01-03 12:46:53,376 [WARN] SupportedApi:132 - Cannot load RTOS API schema: s4s-elt-must-match.1: The content of 'definitions' must match (annotation?, (simpleType | complexType)?, (unique | key | keyref)*)). A problem was found starting at: attribute.
2024-01-03 12:46:53,478 [INFO] PluginManage:359 - Loaded plugin pinoutconfig (category:base,tabindex:0)
2024-01-03 12:46:53,478 [INFO] PluginManage:310 - Check plugin power
2024-01-03 12:46:53,492 [INFO] PluginManage:359 - Loaded plugin power (category:power,tabindex:4)
2024-01-03 12:46:53,493 [INFO] PluginManage:310 - Check plugin projectmanager
2024-01-03 12:46:53,505 [INFO] PluginManage:359 - Loaded plugin projectmanager (category:projectmanager,tabindex:3)
2024-01-03 12:46:53,505 [INFO] PluginManage:310 - Check plugin thirdparty
2024-01-03 12:46:53,717 [INFO] PluginManage:359 - Loaded plugin thirdparty (category:base,tabindex:-1)
2024-01-03 12:46:53,717 [INFO] PluginManage:310 - Check plugin tools
2024-01-03 12:46:53,717 [WARN] IntegrityCheckThread:84 - waiting for thirdparty lock release [integrity check]
2024-01-03 12:46:53,717 [INFO] IntegrityCheckThread:86 - entering critical section [integrity check]
2024-01-03 12:46:53,718 [INFO] ThirdPartyUpdaterWithRetryManager:70 - Updater plugin not ready yet. [1/15]
2024-01-03 12:46:53,744 [INFO] PluginManage:359 - Loaded plugin tools (category:base,tabindex:7)
2024-01-03 12:46:53,744 [INFO] PluginManage:310 - Check plugin tutovideos
2024-01-03 12:46:53,882 [INFO] PluginManage:359 - Loaded plugin tutovideos (category:base,tabindex:-1)
2024-01-03 12:46:53,915 [INFO] PluginManage:310 - Check plugin updater
2024-01-03 12:46:53,923 [INFO] PluginManage:359 - Loaded plugin updater (category:base,tabindex:12)
2024-01-03 12:46:53,923 [INFO] PluginManage:310 - Check plugin userauth
2024-01-03 12:46:53,927 [INFO] UserAuth:113 - Init User Auth plugin
2024-01-03 12:46:53,927 [INFO] PluginManage:359 - Loaded plugin userauth (category:base,tabindex:14)
2024-01-03 12:46:53,928 [INFO] PluginManage:283 - PluginManage : Loaded plugins [17]
2024-01-03 12:46:54,086 [INFO] PinOutPanel:1499 - setPackage(No Configuration,No Configuration)
2024-01-03 12:46:54,179 [INFO] CADModel:165 - CPN selected for project level
2024-01-03 12:46:54,179 [INFO] CADModel:114 - Register for checkConnection events
2024-01-03 12:46:54,200 [INFO] IPUIPlugin:80 - create IPUIPlugin
2024-01-03 12:46:54,200 [INFO] PluginManager:220 - loadIPPluginJar : add adc
2024-01-03 12:46:54,228 [INFO] IPUIPlugin:80 - create IPUIPlugin
2024-01-03 12:46:54,228 [INFO] PluginManager:220 - loadIPPluginJar : add aes
2024-01-03 12:46:54,262 [INFO] IPUIPlugin:80 - create IPUIPlugin
2024-01-03 12:46:54,262 [INFO] PluginManager:220 - loadIPPluginJar : add can
2024-01-03 12:46:54,264 [INFO] IPUIPlugin:80 - create IPUIPlugin
2024-01-03 12:46:54,264 [INFO] PluginManager:220 - loadIPPluginJar : add comp
2024-01-03 12:46:54,290 [INFO] IPUIPlugin:80 - create IPUIPlugin
2024-01-03 12:46:54,290 [INFO] PluginManager:220 - loadIPPluginJar : add cryp
2024-01-03 12:46:54,311 [INFO] IPUIPlugin:80 - create IPUIPlugin
2024-01-03 12:46:54,312 [INFO] PluginManager:220 - loadIPPluginJar : add dfsdm
2024-01-03 12:46:54,322 [INFO] IPUIPlugin:80 - create IPUIPlugin
2024-01-03 12:46:54,322 [INFO] PluginManager:220 - loadIPPluginJar : add dma
2024-01-03 12:46:54,353 [INFO] IPUIPlugin:80 - create IPUIPlugin
2024-01-03 12:46:54,353 [INFO] PluginManager:220 - loadIPPluginJar : add dma3
2024-01-03 12:46:54,367 [INFO] IPUIPlugin:80 - create IPUIPlugin
2024-01-03 12:46:54,367 [INFO] PluginManager:220 - loadIPPluginJar : add fatfs
2024-01-03 12:46:54,401 [INFO] IPUIPlugin:80 - create IPUIPlugin
2024-01-03 12:46:54,401 [INFO] PluginManager:220 - loadIPPluginJar : add fmc
2024-01-03 12:46:54,412 [INFO] IPUIPlugin:80 - create IPUIPlugin
2024-01-03 12:46:54,412 [INFO] PluginManager:220 - loadIPPluginJar : add freertos
2024-01-03 12:46:54,414 [INFO] IPUIPlugin:80 - create IPUIPlugin
2024-01-03 12:46:54,414 [INFO] PluginManager:220 - loadIPPluginJar : add genericplugin
2024-01-03 12:46:54,485 [INFO] IPUIPlugin:80 - create IPUIPlugin
2024-01-03 12:46:54,485 [INFO] PluginManager:220 - loadIPPluginJar : add gfxmmu
2024-01-03 12:46:54,576 [INFO] IPUIPlugin:80 - create IPUIPlugin
2024-01-03 12:46:54,576 [INFO] PluginManager:220 - loadIPPluginJar : add gic
2024-01-03 12:46:54,585 [INFO] IPUIPlugin:80 - create IPUIPlugin
2024-01-03 12:46:54,585 [INFO] PluginManager:220 - loadIPPluginJar : add gpio
2024-01-03 12:46:54,649 [INFO] IPUIPlugin:80 - create IPUIPlugin
2024-01-03 12:46:54,649 [INFO] PluginManager:220 - loadIPPluginJar : add gtzc
2024-01-03 12:46:54,671 [INFO] IPUIPlugin:80 - create IPUIPlugin
2024-01-03 12:46:54,671 [INFO] PluginManager:220 - loadIPPluginJar : add hash
2024-01-03 12:46:54,707 [INFO] IPUIPlugin:80 - create IPUIPlugin
2024-01-03 12:46:54,707 [INFO] PluginManager:220 - loadIPPluginJar : add i2c
2024-01-03 12:46:54,734 [INFO] IPUIPlugin:80 - create IPUIPlugin
2024-01-03 12:46:54,734 [INFO] PluginManager:220 - loadIPPluginJar : add i2s
2024-01-03 12:46:54,763 [INFO] IPUIPlugin:80 - create IPUIPlugin
2024-01-03 12:46:54,763 [INFO] PluginManager:220 - loadIPPluginJar : add i3c
2024-01-03 12:46:54,837 [INFO] IPUIPlugin:80 - create IPUIPlugin
2024-01-03 12:46:54,838 [INFO] PluginManager:220 - loadIPPluginJar : add ipddr
2024-01-03 12:46:54,916 [INFO] IPUIPlugin:80 - create IPUIPlugin
2024-01-03 12:46:54,916 [INFO] PluginManager:220 - loadIPPluginJar : add linkedlist
2024-01-03 12:46:54,941 [INFO] IPUIPlugin:80 - create IPUIPlugin
2024-01-03 12:46:54,941 [INFO] PluginManager:220 - loadIPPluginJar : add lorawan
2024-01-03 12:46:54,967 [INFO] IPUIPlugin:80 - create IPUIPlugin
2024-01-03 12:46:54,967 [INFO] PluginManager:220 - loadIPPluginJar : add ltdc
2024-01-03 12:46:54,977 [INFO] IPUIPlugin:80 - create IPUIPlugin
2024-01-03 12:46:54,977 [INFO] PluginManager:220 - loadIPPluginJar : add mdma
2024-01-03 12:46:54,986 [INFO] IPUIPlugin:80 - create IPUIPlugin
2024-01-03 12:46:54,986 [INFO] PluginManager:220 - loadIPPluginJar : add nvic
2024-01-03 12:46:55,012 [INFO] IPUIPlugin:80 - create IPUIPlugin
2024-01-03 12:46:55,012 [INFO] PluginManager:220 - loadIPPluginJar : add opamp
2024-01-03 12:46:55,055 [INFO] IPUIPlugin:80 - create IPUIPlugin
2024-01-03 12:46:55,055 [INFO] PluginManager:220 - loadIPPluginJar : add openamp
2024-01-03 12:46:55,086 [INFO] IPUIPlugin:80 - create IPUIPlugin
2024-01-03 12:46:55,086 [INFO] PluginManager:220 - loadIPPluginJar : add pdm2pcm
2024-01-03 12:46:55,096 [INFO] IPUIPlugin:80 - create IPUIPlugin
2024-01-03 12:46:55,098 [INFO] PluginManager:220 - loadIPPluginJar : add plateformsettings
2024-01-03 12:46:55,113 [INFO] IPUIPlugin:80 - create IPUIPlugin
2024-01-03 12:46:55,114 [INFO] PluginManager:220 - loadIPPluginJar : add quadspi
2024-01-03 12:46:55,122 [INFO] IPUIPlugin:80 - create IPUIPlugin
2024-01-03 12:46:55,122 [INFO] PluginManager:220 - loadIPPluginJar : add resmgrutility
2024-01-03 12:46:55,158 [INFO] IPUIPlugin:80 - create IPUIPlugin
2024-01-03 12:46:55,158 [INFO] PluginManager:220 - loadIPPluginJar : add sai
2024-01-03 12:46:55,185 [INFO] IPUIPlugin:80 - create IPUIPlugin
2024-01-03 12:46:55,185 [INFO] PluginManager:220 - loadIPPluginJar : add spi
2024-01-03 12:46:55,227 [INFO] IPUIPlugin:80 - create IPUIPlugin
2024-01-03 12:46:55,228 [INFO] PluginManager:220 - loadIPPluginJar : add stm32_wpan
2024-01-03 12:46:55,231 [INFO] IPUIPlugin:80 - create IPUIPlugin
2024-01-03 12:46:55,231 [INFO] PluginManager:220 - loadIPPluginJar : add tim
2024-01-03 12:46:55,270 [INFO] IPUIPlugin:80 - create IPUIPlugin
2024-01-03 12:46:55,270 [INFO] PluginManager:220 - loadIPPluginJar : add touchsensing
2024-01-03 12:46:55,286 [INFO] IPUIPlugin:80 - create IPUIPlugin
2024-01-03 12:46:55,286 [INFO] PluginManager:220 - loadIPPluginJar : add tracer_emb
2024-01-03 12:46:55,303 [INFO] IPUIPlugin:80 - create IPUIPlugin
2024-01-03 12:46:55,303 [INFO] PluginManager:220 - loadIPPluginJar : add ts
2024-01-03 12:46:55,318 [INFO] IPUIPlugin:80 - create IPUIPlugin
2024-01-03 12:46:55,318 [INFO] PluginManager:220 - loadIPPluginJar : add tsc
2024-01-03 12:46:55,334 [INFO] IPUIPlugin:80 - create IPUIPlugin
2024-01-03 12:46:55,334 [INFO] PluginManager:220 - loadIPPluginJar : add ucpd
2024-01-03 12:46:55,366 [INFO] IPUIPlugin:80 - create IPUIPlugin
2024-01-03 12:46:55,366 [INFO] PluginManager:220 - loadIPPluginJar : add usart
2024-01-03 12:46:55,398 [INFO] IPUIPlugin:80 - create IPUIPlugin
2024-01-03 12:46:55,398 [INFO] PluginManager:220 - loadIPPluginJar : add usbx
2024-01-03 12:46:55,517 [INFO] CADModel:165 - CPN selected for project level
2024-01-03 12:46:55,517 [INFO] CADModel:114 - Register for checkConnection events
2024-01-03 12:46:55,517 [FATAL] Updater:308 - Updater called before beeing initialized
2024-01-03 12:46:55,518 [ERROR] CADModel:125 - Updater not yet initialized, retry later 
2024-01-03 12:46:55,654 [INFO] CADModel:165 - CPN selected for project level
2024-01-03 12:46:55,654 [INFO] CADModel:114 - Register for checkConnection events
2024-01-03 12:46:55,654 [FATAL] Updater:308 - Updater called before beeing initialized
2024-01-03 12:46:55,654 [ERROR] CADModel:125 - Updater not yet initialized, retry later 
2024-01-03 12:46:55,656 [FATAL] Updater:308 - Updater called before beeing initialized
2024-01-03 12:46:55,741 [FATAL] Updater:308 - Updater called before beeing initialized
2024-01-03 12:46:55,746 [INFO] DbMcusAds:53 - JSON generation date=Tue Mar 07 09:50:55 CET 2023 (1678179055114)
2024-01-03 12:46:55,746 [FATAL] Updater:308 - Updater called before beeing initialized
2024-01-03 12:46:55,805 [WARN] DetailPanel:346 - Failed to get advertising image, set to default
2024-01-03 12:46:55,891 [FATAL] Updater:308 - Updater called before beeing initialized
2024-01-03 12:46:55,893 [FATAL] Updater:308 - Updater called before beeing initialized
2024-01-03 12:46:55,893 [FATAL] Updater:308 - Updater called before beeing initialized
2024-01-03 12:46:55,893 [WARN] DetailPanel:346 - Failed to get advertising image, set to default
2024-01-03 12:46:55,894 [FATAL] Updater:308 - Updater called before beeing initialized
2024-01-03 12:46:55,951 [ERROR] Updater:1120 - MainUpdater not yet initialized. External WinMGr cannot be set.
2024-01-03 12:46:55,961 [INFO] Updater:1056 - Updater Version found : 6.9.2
2024-01-03 12:46:55,975 [INFO] ApplicationProperties:184 - Using Application install path: C:\ST\STM32CubeIDE_1.13.2\STM32CubeIDE\plugins\com.st.stm32cube.common.mx_6.9.2.202309101412
2024-01-03 12:46:56,719 [INFO] ThirdPartyUpdaterWithRetryManager:70 - Updater plugin not ready yet. [2/15]
2024-01-03 12:46:59,720 [FATAL] Updater:308 - Updater called before beeing initialized
2024-01-03 12:46:59,721 [ERROR] IntegrityCheckThread:130 - Cannot retrieve database content from updater: error 21
2024-01-03 12:46:59,722 [INFO] ThirdParty:978 - Integrity check success = false
2024-01-03 12:46:59,723 [INFO] IntegrityCheckThread:100 - exiting critical section [integrity check]
2024-01-03 12:46:59,723 [INFO] IntegrityCheckThread:103 - End integrity checks thread
2024-01-03 12:47:03,163 [INFO] MainUpdater:2868 - connection check result : 10
2024-01-03 12:47:03,164 [INFO] MainUpdater:285 - Updater Check For Update Now.
2024-01-03 12:47:03,164 [INFO] MicroXplorer:498 - Change Database Version : DB.6.0.92
2024-01-03 12:47:03,178 [INFO] McuFinderGlobals:63 - Set McuFinder mode to 2 (CubeIDE integrated)
2024-01-03 12:47:03,352 [INFO] CheckServerUpdateThread:120 - End of CheckServer Thread
2024-01-03 12:47:25,107 [ERROR] LogOutputStream:75 - [STDERR_REDIRECT] SLF4J: Failed to load class "org.slf4j.impl.StaticLoggerBinder".
2024-01-03 12:47:25,108 [ERROR] LogOutputStream:75 - [STDERR_REDIRECT] SLF4J: Defaulting to no-operation (NOP) logger implementation
2024-01-03 12:47:25,109 [ERROR] LogOutputStream:75 - [STDERR_REDIRECT] SLF4J: See http://www.slf4j.org/codes.html#StaticLoggerBinder for further details.
