2023-10-26 15:10:12,535 [INFO] Activator:176 - 


2023-10-26 15:10:12,541 [INFO] Activator:177 - !SESSION log4j initialized
2023-10-26 15:10:18,075 [INFO] LogOutputStream:77 - [STDOUT_REDIRECT] 
2023-10-26 15:10:19,542 [INFO] ApplicationProperties:184 - Using Application install path: C:\ST\STM32CubeIDE_1.13.2\STM32CubeIDE\plugins\com.st.stm32cube.common.mx_6.9.2.202309101412
2023-10-26 15:10:19,558 [INFO] DbMcusXml:78 - Set database path to: C:\ST\STM32CubeIDE_1.13.2\STM32CubeIDE\plugins\com.st.stm32cube.common.mx_6.9.2.202309101412\\db\/mcu/
2023-10-26 15:10:19,558 [INFO] ApiDb:274 - Set plugin database path to: C:\ST\STM32CubeIDE_1.13.2\STM32CubeIDE\plugins\com.st.stm32cube.common.mx_6.9.2.202309101412\\db\/plugins/boardmanager/
2023-10-26 15:10:19,559 [WARN] ApiDb:259 - Overriding images path with different value:  => C:\ST\STM32CubeIDE_1.13.2\STM32CubeIDE\plugins\com.st.stm32cube.common.mx_6.9.2.202309101412\\db\/plugins/mcufinder/images/
2023-10-26 15:10:19,568 [INFO] ApiDb:250 - Set database path to: C:\Users\jespe\.stmcufinder\plugins\mcufinder//mcu/
2023-10-26 15:10:19,569 [INFO] DbMcusAds:125 - Set database path to: C:\Users\jespe\.stmcufinder\plugins\mcufinder//mcu/
2023-10-26 15:10:19,570 [INFO] CrossReferenceDbSqlite:203 - Set database path to: C:\Users\jespe\.stmcufinder\plugins\mcufinder//mcu/cs/
2023-10-26 15:10:19,673 [INFO] RulesReader:64 - Compatibility file has been processed (293 Rules)
2023-10-26 15:10:19,751 [INFO] DbMcusXml:78 - Set database path to: C:\ST\STM32CubeIDE_1.13.2\STM32CubeIDE\plugins\com.st.stm32cube.common.mx_6.9.2.202309101412\\db\/mcu/
2023-10-26 15:10:19,751 [INFO] ApiDb:274 - Set plugin database path to: C:\ST\STM32CubeIDE_1.13.2\STM32CubeIDE\plugins\com.st.stm32cube.common.mx_6.9.2.202309101412\\db\/plugins/boardmanager/
2023-10-26 15:10:19,751 [INFO] ApiDb:261 - Set plugin images path to: C:\ST\STM32CubeIDE_1.13.2\STM32CubeIDE\plugins\com.st.stm32cube.common.mx_6.9.2.202309101412\\db\/plugins/mcufinder/images/
2023-10-26 15:10:19,751 [WARN] DbFile:41 - Overriding database path with different value: C:\Users\jespe\.stmcufinder\plugins\mcufinder/ => C:\Users\jespe\.stmcufinder\plugins\mcufinder
2023-10-26 15:10:19,751 [INFO] ApiDb:250 - Set database path to: C:\Users\jespe\.stmcufinder\plugins\mcufinder//mcu/
2023-10-26 15:10:19,751 [WARN] DbFile:41 - Overriding database path with different value: C:\Users\jespe\.stmcufinder\plugins\mcufinder/ => C:\Users\jespe\.stmcufinder\plugins\mcufinder
2023-10-26 15:10:19,751 [INFO] DbMcusAds:125 - Set database path to: C:\Users\jespe\.stmcufinder\plugins\mcufinder//mcu/
2023-10-26 15:10:19,752 [WARN] DbFile:41 - Overriding database path with different value: C:\Users\jespe\.stmcufinder\plugins\mcufinder/ => C:\Users\jespe\.stmcufinder\plugins\mcufinder
2023-10-26 15:10:19,752 [WARN] DbFile:41 - Overriding database path with different value: C:\Users\jespe\.stmcufinder\plugins\mcufinder/ => C:\Users\jespe\.stmcufinder\plugins\mcufinder
2023-10-26 15:10:19,752 [INFO] CrossReferenceDbSqlite:203 - Set database path to: C:\Users\jespe\.stmcufinder\plugins\mcufinder//mcu/cs/
2023-10-26 15:10:19,822 [INFO] MainPanel:262 - HeapMemory: 268435456
2023-10-26 15:10:19,909 [INFO] DbMcusXml:78 - Set database path to: C:\ST\STM32CubeIDE_1.13.2\STM32CubeIDE\plugins\com.st.stm32cube.common.mx_6.9.2.202309101412\\db\/mcu/
2023-10-26 15:10:19,910 [INFO] ApiDb:274 - Set plugin database path to: C:\ST\STM32CubeIDE_1.13.2\STM32CubeIDE\plugins\com.st.stm32cube.common.mx_6.9.2.202309101412\\db\/plugins/boardmanager/
2023-10-26 15:10:19,910 [INFO] ApiDb:261 - Set plugin images path to: C:\ST\STM32CubeIDE_1.13.2\STM32CubeIDE\plugins\com.st.stm32cube.common.mx_6.9.2.202309101412\\db\/plugins/mcufinder/images/
2023-10-26 15:10:19,910 [WARN] DbFile:41 - Overriding database path with different value: C:\Users\jespe\.stmcufinder\plugins\mcufinder/ => C:\Users\jespe\.stmcufinder\plugins\mcufinder
2023-10-26 15:10:19,910 [INFO] ApiDb:250 - Set database path to: C:\Users\jespe\.stmcufinder\plugins\mcufinder//mcu/
2023-10-26 15:10:19,910 [WARN] DbFile:41 - Overriding database path with different value: C:\Users\jespe\.stmcufinder\plugins\mcufinder/ => C:\Users\jespe\.stmcufinder\plugins\mcufinder
2023-10-26 15:10:19,911 [INFO] DbMcusAds:125 - Set database path to: C:\Users\jespe\.stmcufinder\plugins\mcufinder//mcu/
2023-10-26 15:10:19,911 [WARN] DbFile:41 - Overriding database path with different value: C:\Users\jespe\.stmcufinder\plugins\mcufinder/ => C:\Users\jespe\.stmcufinder\plugins\mcufinder
2023-10-26 15:10:19,911 [WARN] DbFile:41 - Overriding database path with different value: C:\Users\jespe\.stmcufinder\plugins\mcufinder/ => C:\Users\jespe\.stmcufinder\plugins\mcufinder
2023-10-26 15:10:19,911 [INFO] CrossReferenceDbSqlite:203 - Set database path to: C:\Users\jespe\.stmcufinder\plugins\mcufinder//mcu/cs/
2023-10-26 15:10:19,928 [INFO] ApplicationProperties:184 - Using Application install path: C:\ST\STM32CubeIDE_1.13.2\STM32CubeIDE\plugins\com.st.stm32cube.common.mx_6.9.2.202309101412
2023-10-26 15:10:19,929 [INFO] PluginManage:196 - Search for loadable plugins [exclusion list=, ]
2023-10-26 15:10:19,931 [INFO] PluginManage:310 - Check plugin analytics
2023-10-26 15:10:20,092 [INFO] AnalyticsPlugin:253 - Accepted Software Licenses: 
2023-10-26 15:10:20,093 [INFO] AnalyticsPlugin:255 - Accepted CMSIS Pack Licenses: 
2023-10-26 15:10:20,093 [INFO] AnalyticsPlugin:257 - Accepted Firmware Licenses: 
2023-10-26 15:10:20,095 [INFO] PluginManage:359 - Loaded plugin analytics (category:tool,tabindex:-1)
2023-10-26 15:10:20,096 [INFO] PluginManage:310 - Check plugin cadmodel
2023-10-26 15:10:20,109 [INFO] CADModel:105 - Init CAD model plugin
2023-10-26 15:10:20,109 [INFO] PluginManage:359 - Loaded plugin cadmodel (category:power,tabindex:5)
2023-10-26 15:10:20,109 [INFO] PluginManage:310 - Check plugin clock
2023-10-26 15:10:20,126 [INFO] PluginManage:359 - Loaded plugin clock (category:base,tabindex:2)
2023-10-26 15:10:20,127 [INFO] PluginManage:310 - Check plugin ddr
2023-10-26 15:10:20,129 [INFO] PluginManage:359 - Loaded plugin ddr (category:tool,tabindex:6)
2023-10-26 15:10:20,129 [INFO] PluginManage:310 - Check plugin filemanager
2023-10-26 15:10:20,255 [INFO] PluginManage:359 - Loaded plugin filemanager (category:base,tabindex:10)
2023-10-26 15:10:20,255 [INFO] PluginManage:310 - Check plugin ipmanager
2023-10-26 15:10:20,265 [INFO] PluginManage:359 - Loaded plugin ipmanager (category:base,tabindex:5)
2023-10-26 15:10:20,265 [INFO] PluginManage:310 - Check plugin lpbam
2023-10-26 15:10:20,281 [INFO] PluginManage:359 - Loaded plugin lpbam (category:base,tabindex:0)
2023-10-26 15:10:20,281 [INFO] PluginManage:310 - Check plugin memorymap
2023-10-26 15:10:20,301 [INFO] PluginManage:359 - Loaded plugin memorymap (category:base,tabindex:4)
2023-10-26 15:10:20,301 [INFO] PluginManage:310 - Check plugin pinoutandconfiguration
2023-10-26 15:10:20,319 [INFO] PluginManage:359 - Loaded plugin pinoutandconfiguration (category:base,tabindex:1)
2023-10-26 15:10:20,319 [INFO] PluginManage:310 - Check plugin pinoutconfig
2023-10-26 15:10:20,420 [WARN] SupportedApi:132 - Cannot load RTOS API schema: s4s-elt-must-match.1: The content of 'definitions' must match (annotation?, (simpleType | complexType)?, (unique | key | keyref)*)). A problem was found starting at: attribute.
2023-10-26 15:10:20,543 [INFO] PluginManage:359 - Loaded plugin pinoutconfig (category:base,tabindex:0)
2023-10-26 15:10:20,543 [INFO] PluginManage:310 - Check plugin power
2023-10-26 15:10:20,561 [INFO] PluginManage:359 - Loaded plugin power (category:power,tabindex:4)
2023-10-26 15:10:20,561 [INFO] PluginManage:310 - Check plugin projectmanager
2023-10-26 15:10:20,573 [INFO] PluginManage:359 - Loaded plugin projectmanager (category:projectmanager,tabindex:3)
2023-10-26 15:10:20,573 [INFO] PluginManage:310 - Check plugin thirdparty
2023-10-26 15:10:20,821 [INFO] PluginManage:359 - Loaded plugin thirdparty (category:base,tabindex:-1)
2023-10-26 15:10:20,821 [WARN] IntegrityCheckThread:84 - waiting for thirdparty lock release [integrity check]
2023-10-26 15:10:20,821 [INFO] PluginManage:310 - Check plugin tools
2023-10-26 15:10:20,821 [INFO] IntegrityCheckThread:86 - entering critical section [integrity check]
2023-10-26 15:10:20,822 [INFO] ThirdPartyUpdaterWithRetryManager:70 - Updater plugin not ready yet. [1/15]
2023-10-26 15:10:20,850 [INFO] PluginManage:359 - Loaded plugin tools (category:base,tabindex:7)
2023-10-26 15:10:20,850 [INFO] PluginManage:310 - Check plugin tutovideos
2023-10-26 15:10:21,060 [INFO] PluginManage:359 - Loaded plugin tutovideos (category:base,tabindex:-1)
2023-10-26 15:10:21,060 [INFO] PluginManage:310 - Check plugin updater
2023-10-26 15:10:21,072 [INFO] PluginManage:359 - Loaded plugin updater (category:base,tabindex:12)
2023-10-26 15:10:21,072 [INFO] PluginManage:310 - Check plugin userauth
2023-10-26 15:10:21,077 [INFO] UserAuth:113 - Init User Auth plugin
2023-10-26 15:10:21,077 [INFO] PluginManage:359 - Loaded plugin userauth (category:base,tabindex:14)
2023-10-26 15:10:21,078 [INFO] PluginManage:283 - PluginManage : Loaded plugins [17]
2023-10-26 15:10:21,275 [INFO] PinOutPanel:1499 - setPackage(No Configuration,No Configuration)
2023-10-26 15:10:21,370 [INFO] CADModel:165 - CPN selected for project level
2023-10-26 15:10:21,371 [INFO] CADModel:114 - Register for checkConnection events
2023-10-26 15:10:21,392 [INFO] IPUIPlugin:80 - create IPUIPlugin
2023-10-26 15:10:21,392 [INFO] PluginManager:220 - loadIPPluginJar : add adc
2023-10-26 15:10:21,424 [INFO] IPUIPlugin:80 - create IPUIPlugin
2023-10-26 15:10:21,424 [INFO] PluginManager:220 - loadIPPluginJar : add aes
2023-10-26 15:10:21,457 [INFO] IPUIPlugin:80 - create IPUIPlugin
2023-10-26 15:10:21,457 [INFO] PluginManager:220 - loadIPPluginJar : add can
2023-10-26 15:10:21,476 [INFO] IPUIPlugin:80 - create IPUIPlugin
2023-10-26 15:10:21,476 [INFO] PluginManager:220 - loadIPPluginJar : add comp
2023-10-26 15:10:21,502 [INFO] IPUIPlugin:80 - create IPUIPlugin
2023-10-26 15:10:21,503 [INFO] PluginManager:220 - loadIPPluginJar : add cryp
2023-10-26 15:10:21,527 [INFO] IPUIPlugin:80 - create IPUIPlugin
2023-10-26 15:10:21,527 [INFO] PluginManager:220 - loadIPPluginJar : add dfsdm
2023-10-26 15:10:21,538 [INFO] IPUIPlugin:80 - create IPUIPlugin
2023-10-26 15:10:21,539 [INFO] PluginManager:220 - loadIPPluginJar : add dma
2023-10-26 15:10:21,571 [INFO] IPUIPlugin:80 - create IPUIPlugin
2023-10-26 15:10:21,571 [INFO] PluginManager:220 - loadIPPluginJar : add dma3
2023-10-26 15:10:21,590 [INFO] IPUIPlugin:80 - create IPUIPlugin
2023-10-26 15:10:21,590 [INFO] PluginManager:220 - loadIPPluginJar : add fatfs
2023-10-26 15:10:21,627 [INFO] IPUIPlugin:80 - create IPUIPlugin
2023-10-26 15:10:21,627 [INFO] PluginManager:220 - loadIPPluginJar : add fmc
2023-10-26 15:10:21,640 [INFO] IPUIPlugin:80 - create IPUIPlugin
2023-10-26 15:10:21,640 [INFO] PluginManager:220 - loadIPPluginJar : add freertos
2023-10-26 15:10:21,660 [INFO] IPUIPlugin:80 - create IPUIPlugin
2023-10-26 15:10:21,661 [INFO] PluginManager:220 - loadIPPluginJar : add genericplugin
2023-10-26 15:10:21,742 [INFO] IPUIPlugin:80 - create IPUIPlugin
2023-10-26 15:10:21,742 [INFO] PluginManager:220 - loadIPPluginJar : add gfxmmu
2023-10-26 15:10:21,846 [INFO] IPUIPlugin:80 - create IPUIPlugin
2023-10-26 15:10:21,846 [INFO] PluginManager:220 - loadIPPluginJar : add gic
2023-10-26 15:10:21,857 [INFO] IPUIPlugin:80 - create IPUIPlugin
2023-10-26 15:10:21,858 [INFO] PluginManager:220 - loadIPPluginJar : add gpio
2023-10-26 15:10:21,932 [INFO] IPUIPlugin:80 - create IPUIPlugin
2023-10-26 15:10:21,932 [INFO] PluginManager:220 - loadIPPluginJar : add gtzc
2023-10-26 15:10:21,957 [INFO] IPUIPlugin:80 - create IPUIPlugin
2023-10-26 15:10:21,957 [INFO] PluginManager:220 - loadIPPluginJar : add hash
2023-10-26 15:10:21,995 [INFO] IPUIPlugin:80 - create IPUIPlugin
2023-10-26 15:10:21,996 [INFO] PluginManager:220 - loadIPPluginJar : add i2c
2023-10-26 15:10:22,027 [INFO] IPUIPlugin:80 - create IPUIPlugin
2023-10-26 15:10:22,027 [INFO] PluginManager:220 - loadIPPluginJar : add i2s
2023-10-26 15:10:22,064 [INFO] IPUIPlugin:80 - create IPUIPlugin
2023-10-26 15:10:22,064 [INFO] PluginManager:220 - loadIPPluginJar : add i3c
2023-10-26 15:10:22,148 [INFO] IPUIPlugin:80 - create IPUIPlugin
2023-10-26 15:10:22,148 [INFO] PluginManager:220 - loadIPPluginJar : add ipddr
2023-10-26 15:10:22,222 [INFO] IPUIPlugin:80 - create IPUIPlugin
2023-10-26 15:10:22,222 [INFO] PluginManager:220 - loadIPPluginJar : add linkedlist
2023-10-26 15:10:22,250 [INFO] IPUIPlugin:80 - create IPUIPlugin
2023-10-26 15:10:22,251 [INFO] PluginManager:220 - loadIPPluginJar : add lorawan
2023-10-26 15:10:22,279 [INFO] IPUIPlugin:80 - create IPUIPlugin
2023-10-26 15:10:22,279 [INFO] PluginManager:220 - loadIPPluginJar : add ltdc
2023-10-26 15:10:22,290 [INFO] IPUIPlugin:80 - create IPUIPlugin
2023-10-26 15:10:22,291 [INFO] PluginManager:220 - loadIPPluginJar : add mdma
2023-10-26 15:10:22,301 [INFO] IPUIPlugin:80 - create IPUIPlugin
2023-10-26 15:10:22,301 [INFO] PluginManager:220 - loadIPPluginJar : add nvic
2023-10-26 15:10:22,341 [INFO] IPUIPlugin:80 - create IPUIPlugin
2023-10-26 15:10:22,341 [INFO] PluginManager:220 - loadIPPluginJar : add opamp
2023-10-26 15:10:22,396 [INFO] IPUIPlugin:80 - create IPUIPlugin
2023-10-26 15:10:22,396 [INFO] PluginManager:220 - loadIPPluginJar : add openamp
2023-10-26 15:10:22,431 [INFO] IPUIPlugin:80 - create IPUIPlugin
2023-10-26 15:10:22,431 [INFO] PluginManager:220 - loadIPPluginJar : add pdm2pcm
2023-10-26 15:10:22,444 [INFO] IPUIPlugin:80 - create IPUIPlugin
2023-10-26 15:10:22,445 [INFO] PluginManager:220 - loadIPPluginJar : add plateformsettings
2023-10-26 15:10:22,463 [INFO] IPUIPlugin:80 - create IPUIPlugin
2023-10-26 15:10:22,463 [INFO] PluginManager:220 - loadIPPluginJar : add quadspi
2023-10-26 15:10:22,474 [INFO] IPUIPlugin:80 - create IPUIPlugin
2023-10-26 15:10:22,474 [INFO] PluginManager:220 - loadIPPluginJar : add resmgrutility
2023-10-26 15:10:22,517 [INFO] IPUIPlugin:80 - create IPUIPlugin
2023-10-26 15:10:22,517 [INFO] PluginManager:220 - loadIPPluginJar : add sai
2023-10-26 15:10:22,560 [INFO] IPUIPlugin:80 - create IPUIPlugin
2023-10-26 15:10:22,560 [INFO] PluginManager:220 - loadIPPluginJar : add spi
2023-10-26 15:10:22,608 [INFO] IPUIPlugin:80 - create IPUIPlugin
2023-10-26 15:10:22,608 [INFO] PluginManager:220 - loadIPPluginJar : add stm32_wpan
2023-10-26 15:10:22,628 [INFO] IPUIPlugin:80 - create IPUIPlugin
2023-10-26 15:10:22,628 [INFO] PluginManager:220 - loadIPPluginJar : add tim
2023-10-26 15:10:22,673 [INFO] IPUIPlugin:80 - create IPUIPlugin
2023-10-26 15:10:22,673 [INFO] PluginManager:220 - loadIPPluginJar : add touchsensing
2023-10-26 15:10:22,691 [INFO] IPUIPlugin:80 - create IPUIPlugin
2023-10-26 15:10:22,691 [INFO] PluginManager:220 - loadIPPluginJar : add tracer_emb
2023-10-26 15:10:22,709 [INFO] IPUIPlugin:80 - create IPUIPlugin
2023-10-26 15:10:22,709 [INFO] PluginManager:220 - loadIPPluginJar : add ts
2023-10-26 15:10:22,727 [INFO] IPUIPlugin:80 - create IPUIPlugin
2023-10-26 15:10:22,727 [INFO] PluginManager:220 - loadIPPluginJar : add tsc
2023-10-26 15:10:22,746 [INFO] IPUIPlugin:80 - create IPUIPlugin
2023-10-26 15:10:22,746 [INFO] PluginManager:220 - loadIPPluginJar : add ucpd
2023-10-26 15:10:22,780 [INFO] IPUIPlugin:80 - create IPUIPlugin
2023-10-26 15:10:22,780 [INFO] PluginManager:220 - loadIPPluginJar : add usart
2023-10-26 15:10:22,814 [INFO] IPUIPlugin:80 - create IPUIPlugin
2023-10-26 15:10:22,815 [INFO] PluginManager:220 - loadIPPluginJar : add usbx
2023-10-26 15:10:22,930 [INFO] CADModel:165 - CPN selected for project level
2023-10-26 15:10:22,930 [INFO] CADModel:114 - Register for checkConnection events
2023-10-26 15:10:22,931 [FATAL] Updater:308 - Updater called before beeing initialized
2023-10-26 15:10:22,931 [ERROR] CADModel:125 - Updater not yet initialized, retry later 
2023-10-26 15:10:23,066 [INFO] CADModel:165 - CPN selected for project level
2023-10-26 15:10:23,066 [INFO] CADModel:114 - Register for checkConnection events
2023-10-26 15:10:23,066 [FATAL] Updater:308 - Updater called before beeing initialized
2023-10-26 15:10:23,066 [ERROR] CADModel:125 - Updater not yet initialized, retry later 
2023-10-26 15:10:23,069 [FATAL] Updater:308 - Updater called before beeing initialized
2023-10-26 15:10:23,183 [FATAL] Updater:308 - Updater called before beeing initialized
2023-10-26 15:10:23,192 [INFO] DbMcusAds:53 - JSON generation date=Tue Mar 07 09:50:55 CET 2023 (1678179055114)
2023-10-26 15:10:23,193 [FATAL] Updater:308 - Updater called before beeing initialized
2023-10-26 15:10:23,266 [WARN] DetailPanel:346 - Failed to get advertising image, set to default
2023-10-26 15:10:23,362 [FATAL] Updater:308 - Updater called before beeing initialized
2023-10-26 15:10:23,364 [FATAL] Updater:308 - Updater called before beeing initialized
2023-10-26 15:10:23,364 [FATAL] Updater:308 - Updater called before beeing initialized
2023-10-26 15:10:23,364 [WARN] DetailPanel:346 - Failed to get advertising image, set to default
2023-10-26 15:10:23,365 [FATAL] Updater:308 - Updater called before beeing initialized
2023-10-26 15:10:23,437 [ERROR] Updater:1120 - MainUpdater not yet initialized. External WinMGr cannot be set.
2023-10-26 15:10:23,453 [INFO] Updater:1056 - Updater Version found : 6.9.2
2023-10-26 15:10:23,473 [INFO] ApplicationProperties:184 - Using Application install path: C:\ST\STM32CubeIDE_1.13.2\STM32CubeIDE\plugins\com.st.stm32cube.common.mx_6.9.2.202309101412
2023-10-26 15:10:23,624 [INFO] MainUpdater:2868 - connection check result : 10
2023-10-26 15:10:23,625 [INFO] MainUpdater:3562 - Updater definition file requires update
2023-10-26 15:10:23,626 [INFO] MainUpdater:285 - Updater Check For Update Now.
2023-10-26 15:10:23,626 [INFO] MicroXplorer:498 - Change Database Version : DB.6.0.92
2023-10-26 15:10:23,641 [INFO] McuFinderGlobals:63 - Set McuFinder mode to 2 (CubeIDE integrated)
2023-10-26 15:10:23,653 [INFO] ServerAccessManage:473 - Download File updaters.zip
2023-10-26 15:10:23,823 [WARN] MainUpdater:1189 - Updater busy. Cannot search thirdparties
2023-10-26 15:10:23,823 [INFO] ThirdPartyUpdaterWithRetryManager:96 - Updater plugin is busy. [1/15]
2023-10-26 15:10:24,127 [INFO] FileExtend:240 - Unzip File : updaters.zip
2023-10-26 15:10:24,127 [INFO] FileExtend:255 - Standard Zip Deflate
2023-10-26 15:10:24,785 [INFO] ServerAccessManage:473 - Download File PacksControlFlags.xml
2023-10-26 15:10:24,855 [INFO] ServerAccessManage:473 - Download File cubemx.pidx
2023-10-26 15:10:25,404 [INFO] ServerAccessManage:473 - Download File STMicroelectronics.X-CUBE-EEPRMA1.pdsc
2023-10-26 15:10:25,585 [ERROR] ServerAccessManage:1089 - Problem, file not found on Server
2023-10-26 15:10:25,890 [INFO] ServerAccessManage:473 - Download File STMicroelectronics.X-CUBE-MEMS1.pdsc
2023-10-26 15:10:26,824 [WARN] MainUpdater:1189 - Updater busy. Cannot search thirdparties
2023-10-26 15:10:26,824 [INFO] ThirdPartyUpdaterWithRetryManager:96 - Updater plugin is busy. [2/15]
2023-10-26 15:10:28,418 [ERROR] ServerAccessManage:1096 - Problem, Http access forbiden
2023-10-26 15:10:28,419 [ERROR] ServerAccessManage:651 - Problem, Http access forbiden : RoweBots.I-CUBE-UNISONRTOS.pdsc.
2023-10-26 15:10:28,598 [WARN] PackLoader:240 - Cannot read IP mode file for STMicroelectronics.X-CUBE-EEPRMA1.4.2.0
2023-10-26 15:10:28,657 [WARN] PackLoader:240 - Cannot read IP mode file for STMicroelectronics.X-CUBE-MEMS1.10.0.0
2023-10-26 15:10:28,705 [INFO] CheckServerUpdateThread:120 - End of CheckServer Thread
2023-10-26 15:10:28,759 [INFO] PopulateThirdPartyThread:66 - Ending populate Thread
2023-10-26 15:10:28,761 [INFO] ThirdParty:1030 - CMSIS Pack Vendor :STMicroelectronics X-CUBE-MEMS1 10.0.0
2023-10-26 15:10:28,761 [INFO] ThirdParty:1030 - CMSIS Pack Vendor :STMicroelectronics X-CUBE-EEPRMA1 4.2.0
2023-10-26 15:10:28,761 [INFO] LoadServerUpdatesThread:373 - End of LoadServerUpdate Thread
2023-10-26 15:10:29,995 [WARN] PackLoader:240 - Cannot read IP mode file for STMicroelectronics.X-CUBE-SMBUS.2.1.0
2023-10-26 15:10:30,020 [WARN] PackLoader:240 - Cannot read IP mode file for STMicroelectronics.X-CUBE-AZRTOS-F7.1.1.0
2023-10-26 15:10:30,038 [WARN] PackLoader:240 - Cannot read IP mode file for STMicroelectronics.FP-SNS-MOTENV1.4.3.2
2023-10-26 15:10:30,044 [WARN] PackLoader:240 - Cannot read IP mode file for STMicroelectronics.FP-SNS-FLIGHT1.5.0.2
2023-10-26 15:10:30,057 [WARN] PackLoader:240 - Cannot read IP mode file for STMicroelectronics.X-CUBE-DISPLAY.3.0.0
2023-10-26 15:10:30,071 [WARN] PackLoader:240 - Cannot read IP mode file for STMicroelectronics.X-CUBE-BLE1.7.0.0
2023-10-26 15:10:30,082 [WARN] PackLoader:240 - Cannot read IP mode file for emotas.I-CUBE-CANOPEN.1.3.0
2023-10-26 15:10:30,093 [WARN] PackLoader:240 - Cannot read IP mode file for STMicroelectronics.X-CUBE-TOUCHGFX.4.22.0
2023-10-26 15:10:30,102 [WARN] PackLoader:240 - Cannot read IP mode file for STMicroelectronics.X-CUBE-TOUCHGFX.4.22.1
2023-10-26 15:10:30,112 [WARN] PackLoader:240 - Cannot read IP mode file for STMicroelectronics.FP-SNS-SMARTAG2.1.2.0
2023-10-26 15:10:30,129 [INFO] LogOutputStream:77 - [STDOUT_REDIRECT] 1 : Invalid condition id : UX_CORESTACK_Condition cause : null
2023-10-26 15:10:30,130 [INFO] LogOutputStream:77 - [STDOUT_REDIRECT] 1 : Invalid condition id : UX_CORESTACK_Condition cause : null
2023-10-26 15:10:30,131 [INFO] LogOutputStream:77 - [STDOUT_REDIRECT] 1 : Invalid condition id : UX_CORESTACK_Condition cause : null
2023-10-26 15:10:30,132 [INFO] LogOutputStream:77 - [STDOUT_REDIRECT] 1 : Invalid condition id : UX_CORESTACK_Condition cause : null
2023-10-26 15:10:30,133 [INFO] LogOutputStream:77 - [STDOUT_REDIRECT] 1 : Invalid condition id : UX_CORESTACK_Condition cause : null
2023-10-26 15:10:30,135 [WARN] PackLoader:240 - Cannot read IP mode file for STMicroelectronics.X-CUBE-AZRTOS-WL.2.0.0
2023-10-26 15:10:30,148 [WARN] PackLoader:240 - Cannot read IP mode file for WES.I-CUBE-Cesium.1.3.0
2023-10-26 15:10:30,159 [WARN] PackLoader:240 - Cannot read IP mode file for STMicroelectronics.X-CUBE-BLE2.3.3.0
2023-10-26 15:10:30,171 [WARN] PackLoader:240 - Cannot read IP mode file for STMicroelectronics.X-CUBE-ALGOBUILD.1.3.0
2023-10-26 15:10:30,197 [WARN] PackLoader:240 - Cannot read IP mode file for STMicroelectronics.X-CUBE-AZRTOS-G0.1.1.0
2023-10-26 15:10:30,209 [WARN] PackLoader:240 - Cannot read IP mode file for STMicroelectronics.X-CUBE-NFC4.3.0.0
2023-10-26 15:10:30,215 [WARN] PackLoader:240 - Cannot read IP mode file for STMicroelectronics.FP-ATR-SIGFOX1.3.2.0
2023-10-26 15:10:30,246 [WARN] PackLoader:240 - Cannot read IP mode file for SEGGER.I-CUBE-embOS.1.3.1
2023-10-26 15:10:30,280 [WARN] PackLoader:240 - Cannot read IP mode file for STMicroelectronics.X-CUBE-GNSS1.6.0.0
2023-10-26 15:10:30,305 [WARN] PackLoader:240 - Cannot read IP mode file for STMicroelectronics.X-CUBE-AZRTOS-F4.1.1.0
2023-10-26 15:10:30,318 [WARN] PackLoader:240 - Cannot read IP mode file for wolfSSL.I-CUBE-wolfSSL.5.6.3
2023-10-26 15:10:30,341 [WARN] PackLoader:240 - Cannot read IP mode file for STMicroelectronics.X-CUBE-AZRTOS-L5.2.0.0
2023-10-26 15:10:30,384 [WARN] PackLoader:240 - Cannot read IP mode file for STMicroelectronics.X-CUBE-MEMS1.9.6.0
2023-10-26 15:10:30,485 [WARN] PackLoader:240 - Cannot read IP mode file for STMicroelectronics.X-CUBE-EEPRMA1.4.2.0
2023-10-26 15:10:30,497 [WARN] PackLoader:240 - Cannot read IP mode file for ITTIA_DB.I-CUBE-ITTIADB.8.8.0
2023-10-26 15:10:30,509 [WARN] PackLoader:240 - Cannot read IP mode file for STMicroelectronics.X-CUBE-BLEMGR.2.0.0
2023-10-26 15:10:30,533 [WARN] ConditionMgr:438 - getConditionDescription Invalid condition id : UX DEVICE CLASS RTOS Condition cause : null
2023-10-26 15:10:30,533 [WARN] ConditionMgr:438 - getConditionDescription Invalid condition id : UX DEVICE CLASS RTOS Condition cause : null
2023-10-26 15:10:30,536 [WARN] PackLoader:240 - Cannot read IP mode file for STMicroelectronics.X-CUBE-AZRTOS-H7.3.1.0
2023-10-26 15:10:30,536 [WARN] ConditionMgr:1039 - genDependencies : Invalid condition id : UX DEVICE CLASS RTOS Condition cause : null
2023-10-26 15:10:30,536 [WARN] ConditionMgr:1039 - genDependencies : Invalid condition id : UX DEVICE CLASS RTOS Condition cause : null
2023-10-26 15:10:30,537 [WARN] ConditionMgr:1039 - genDependencies : Invalid condition id : UX DEVICE CLASS RTOS Condition cause : null
2023-10-26 15:10:30,537 [WARN] ConditionMgr:1039 - genDependencies : Invalid condition id : UX DEVICE CLASS RTOS Condition cause : null
2023-10-26 15:10:30,537 [WARN] ConditionMgr:1039 - genDependencies : Invalid condition id : UX DEVICE CLASS RTOS Condition cause : null
2023-10-26 15:10:30,548 [WARN] PackLoader:240 - Cannot read IP mode file for STMicroelectronics.X-CUBE-NFC7.1.0.1
2023-10-26 15:10:30,561 [WARN] PackLoader:240 - Cannot read IP mode file for STMicroelectronics.X-CUBE-NFC6.3.0.0
2023-10-26 15:10:30,572 [WARN] PackLoader:240 - Cannot read IP mode file for STMicroelectronics.X-CUBE-EEPRMA1.4.1.0
2023-10-26 15:10:30,582 [WARN] PackLoader:240 - Cannot read IP mode file for STMicroelectronics.X-CUBE-AI.8.1.0
2023-10-26 15:10:30,607 [WARN] ConditionMgr:438 - getConditionDescription Invalid condition id : LAN8742 Phy interface Condition cause : null
2023-10-26 15:10:30,608 [WARN] PackLoader:240 - Cannot read IP mode file for STMicroelectronics.X-CUBE-AZRTOS-L4.2.0.0
2023-10-26 15:10:30,610 [WARN] ConditionMgr:1039 - genDependencies : Invalid condition id : LAN8742 Phy interface Condition cause : null
2023-10-26 15:10:30,610 [WARN] ConditionMgr:1039 - genDependencies : Invalid condition id : LAN8742 Phy interface Condition cause : null
2023-10-26 15:10:30,611 [WARN] ConditionMgr:1039 - genDependencies : Invalid condition id : LAN8742 Phy interface Condition cause : null
2023-10-26 15:10:30,628 [WARN] PackLoader:240 - Cannot read IP mode file for STMicroelectronics.X-CUBE-SFXS2LP1.4.0.0
2023-10-26 15:10:30,641 [WARN] PackLoader:240 - Cannot read IP mode file for STMicroelectronics.X-CUBE-ISPU.1.1.0
2023-10-26 15:10:30,662 [WARN] ConditionMgr:438 - getConditionDescription Invalid condition id : UX DEVICE CLASS RTOS Condition cause : null
2023-10-26 15:10:30,662 [WARN] ConditionMgr:438 - getConditionDescription Invalid condition id : UX DEVICE CLASS RTOS Condition cause : null
2023-10-26 15:10:30,664 [WARN] PackLoader:240 - Cannot read IP mode file for STMicroelectronics.X-CUBE-AZRTOS-WB.2.0.0
2023-10-26 15:10:30,665 [WARN] ConditionMgr:1039 - genDependencies : Invalid condition id : UX DEVICE CLASS RTOS Condition cause : null
2023-10-26 15:10:30,665 [WARN] ConditionMgr:1039 - genDependencies : Invalid condition id : UX DEVICE CLASS RTOS Condition cause : null
2023-10-26 15:10:30,665 [WARN] ConditionMgr:1039 - genDependencies : Invalid condition id : UX DEVICE CLASS RTOS Condition cause : null
2023-10-26 15:10:30,665 [WARN] ConditionMgr:1039 - genDependencies : Invalid condition id : UX DEVICE CLASS RTOS Condition cause : null
2023-10-26 15:10:30,665 [WARN] ConditionMgr:1039 - genDependencies : Invalid condition id : UX DEVICE CLASS RTOS Condition cause : null
2023-10-26 15:10:30,681 [WARN] PackLoader:240 - Cannot read IP mode file for STMicroelectronics.X-CUBE-SUBG2.5.0.0
2023-10-26 15:10:30,702 [WARN] PackLoader:240 - Cannot read IP mode file for STMicroelectronics.X-CUBE-TOF1.3.3.1
2023-10-26 15:10:30,728 [WARN] PackLoader:240 - Cannot read IP mode file for STMicroelectronics.X-CUBE-AZRTOS-G4.2.0.0
2023-10-26 15:10:30,748 [WARN] PackLoader:240 - Cannot read IP mode file for Infineon.AIROC-Wi-Fi-Bluetooth-STM32.1.5.1
2023-10-26 15:10:30,778 [WARN] PackLoader:240 - Cannot read IP mode file for STMicroelectronics.X-CUBE-MEMS1.10.0.0
2023-10-26 15:10:30,852 [WARN] PackLoader:240 - Cannot read IP mode file for STMicroelectronics.X-CUBE-FREERTOS.1.1.0
2023-10-26 15:10:30,864 [WARN] PackLoader:240 - Cannot read IP mode file for portGmbH.I-Cube-SoM-uGOAL.1.1.0
2023-10-26 15:10:30,874 [WARN] PackLoader:240 - Cannot read IP mode file for STMicroelectronics.X-CUBE-ALS.1.0.1
2023-10-26 15:10:30,879 [WARN] PackLoader:240 - Cannot read IP mode file for STMicroelectronics.FP-ATR-ASTRA1.2.0.0
2023-10-26 15:10:30,880 [INFO] ThirdParty:978 - Integrity check success = true
2023-10-26 15:10:30,880 [INFO] IntegrityCheckThread:100 - exiting critical section [integrity check]
2023-10-26 15:10:30,880 [INFO] IntegrityCheckThread:103 - End integrity checks thread
2023-10-26 15:10:41,731 [INFO] McuFinderGlobals:63 - Set McuFinder mode to 2 (CubeIDE integrated)
2023-10-26 15:10:41,749 [INFO] MainUpdater:2868 - connection check result : 10
2023-10-26 15:10:41,754 [INFO] MainUpdater:2868 - connection check result : 10
2023-10-26 15:10:41,906 [INFO] MicroXplorer:468 - Change Database Path : 
2023-10-26 15:10:41,906 [INFO] MicroXplorer:498 - Change Database Version : DB.6.0.92
2023-10-26 15:10:41,909 [WARN] ThirdParty:871 - waiting for thirdparty lock release [close project]
2023-10-26 15:10:41,909 [INFO] ThirdParty:873 - entering critical section [close project]
2023-10-26 15:10:41,910 [INFO] ThirdParty:883 - exiting critical section [close project]
2023-10-26 15:10:41,911 [INFO] PinOutPanel:1499 - setPackage(No Configuration,No Configuration)
2023-10-26 15:10:41,914 [INFO] UtilMem:75 - Begin LoadConfig() Used Memory: 249325736 Bytes (429916160)
2023-10-26 15:10:41,916 [INFO] MicroXplorer:468 - Change Database Path : 
2023-10-26 15:10:41,916 [INFO] MicroXplorer:498 - Change Database Version : DB.6.0.92
2023-10-26 15:10:41,916 [INFO] OpenFileManager:308 - Change cursor
2023-10-26 15:10:41,952 [INFO] Mcu:1946 - Initializing MCU STM32F072R(8-B)Tx STM32F072RBTx STM32F072RBT6
2023-10-26 15:10:43,159 [INFO] Context:659 - Trying to add GPIOservice into a context  which must be forbidden
2023-10-26 15:10:43,591 [INFO] RtosManager:555 - Registered RTOS mode: class=CMSIS, group=RTOS, mode=CMSIS_V1, owner=FREERTOS
2023-10-26 15:10:43,591 [INFO] RtosManager:555 - Registered RTOS mode: class=CMSIS, group=RTOS2, mode=CMSIS_V2, owner=FREERTOS
2023-10-26 15:10:43,591 [INFO] RtosManager:555 - Registered RTOS mode: class=RTOS, group=Core, mode=CMSIS_V1, owner=FREERTOS
2023-10-26 15:10:43,591 [INFO] RtosManager:555 - Registered RTOS mode: class=RTOS, group=Core, mode=CMSIS_V2, owner=FREERTOS
2023-10-26 15:10:43,591 [WARN] ModelIntegratedComponent:184 - Missing modes for component STMicroelectronics:FreeRTOS:0.0.1:STMicroelectronics:RTOS:FreeRTOS:Core:::10.2.0:
2023-10-26 15:10:43,601 [WARN] ModelIntegratedComponent:63 - No mode defined for component null
2023-10-26 15:10:43,601 [WARN] ModelIntegratedComponent:63 - No mode defined for component null
2023-10-26 15:10:43,601 [WARN] ModelIntegratedComponent:63 - No mode defined for component null
2023-10-26 15:10:43,601 [WARN] ModelIntegratedComponent:63 - No mode defined for component null
2023-10-26 15:10:43,601 [WARN] ModelIntegratedComponent:63 - No mode defined for component null
2023-10-26 15:10:43,602 [WARN] ModelIntegratedComponent:63 - No mode defined for component null
2023-10-26 15:10:43,602 [WARN] ModelIntegratedComponent:63 - No mode defined for component null
2023-10-26 15:10:43,602 [WARN] ModelIntegratedComponent:63 - No mode defined for component null
2023-10-26 15:10:43,602 [WARN] ModelIntegratedComponent:63 - No mode defined for component null
2023-10-26 15:10:43,602 [WARN] ModelIntegratedComponent:63 - No mode defined for component null
2023-10-26 15:10:43,602 [WARN] ModelIntegratedComponent:63 - No mode defined for component null
2023-10-26 15:10:43,602 [WARN] ModelIntegratedComponent:63 - No mode defined for component null
2023-10-26 15:10:43,602 [WARN] ModelIntegratedComponent:63 - No mode defined for component null
2023-10-26 15:10:43,602 [WARN] ModelIntegratedComponent:63 - No mode defined for component null
2023-10-26 15:10:43,602 [WARN] ModelIntegratedComponent:63 - No mode defined for component null
2023-10-26 15:10:43,602 [WARN] ModelIntegratedComponent:63 - No mode defined for component null
2023-10-26 15:10:43,602 [WARN] ModelIntegratedComponent:63 - No mode defined for component null
2023-10-26 15:10:43,602 [WARN] ModelIntegratedComponent:63 - No mode defined for component null
2023-10-26 15:10:43,602 [WARN] ModelIntegratedComponent:63 - No mode defined for component null
2023-10-26 15:10:43,602 [WARN] ModelIntegratedComponent:63 - No mode defined for component null
2023-10-26 15:10:43,602 [WARN] ModelIntegratedComponent:63 - No mode defined for component null
2023-10-26 15:10:43,602 [WARN] ModelIntegratedComponent:63 - No mode defined for component null
2023-10-26 15:10:43,602 [WARN] ModelIntegratedComponent:63 - No mode defined for component null
2023-10-26 15:10:43,602 [WARN] ModelIntegratedComponent:63 - No mode defined for component null
2023-10-26 15:10:43,603 [WARN] ModelIntegratedComponent:63 - No mode defined for component null
2023-10-26 15:10:43,603 [WARN] ModelIntegratedComponent:63 - No mode defined for component null
2023-10-26 15:10:43,603 [WARN] ModelIntegratedComponent:63 - No mode defined for component null
2023-10-26 15:10:43,603 [WARN] ModelIntegratedComponent:63 - No mode defined for component null
2023-10-26 15:10:43,603 [WARN] ModelIntegratedComponent:63 - No mode defined for component null
2023-10-26 15:10:43,603 [WARN] ModelIntegratedComponent:63 - No mode defined for component null
2023-10-26 15:10:43,603 [WARN] ModelIntegratedComponent:63 - No mode defined for component null
2023-10-26 15:10:43,603 [WARN] ModelIntegratedComponent:63 - No mode defined for component null
2023-10-26 15:10:43,603 [WARN] ModelIntegratedComponent:63 - No mode defined for component null
2023-10-26 15:10:43,682 [INFO] ThirdPartyModel:298 - Start build external matchings
2023-10-26 15:10:44,154 [INFO] ThirdPartyModel:316 - End build external matchings
2023-10-26 15:10:44,168 [INFO] ImportTextPane:194 - (OptionalMessage_ERROR) IP (RCC) : Parameter (FLatency) has Id (AdvancedSettings) currently not set
2023-10-26 15:10:44,168 [INFO] ImportTextPane:194 - (OptionalMessage_ERROR) IP (RCC) : Invalid parameter (FamilyName)
2023-10-26 15:10:44,168 [INFO] ImportTextPane:194 - (OptionalMessage_ERROR) IP (RCC) : Invalid parameter (HSICECFreq_Value)
2023-10-26 15:10:44,169 [INFO] ImportTextPane:194 - (OptionalMessage_ERROR) IP (RCC) : Parameter (PREFETCH_ENABLE) has Id (AdvancedSettings) currently not set
2023-10-26 15:10:44,381 [INFO] UtilMem:75 - End LoadConfig() Used Memory: 306816720 Bytes (429916160)
2023-10-26 15:10:44,507 [INFO] ApiDb:581 - Connected to CubeFinder SQLite database (C:\Users\jespe\.stmcufinder\plugins\mcufinder\mcu\cube-finder-db.db)
2023-10-26 15:10:44,590 [INFO] ApiDb:668 - CubeFinder database Data Model version=2.1
2023-10-26 15:10:44,590 [INFO] ApiDb:669 - CubeFinder database Configuration version=3.0.37
2023-10-26 15:10:44,591 [INFO] ApiDb:670 - CubeFinder database generation date=2023-08-09 (1691586011)
2023-10-26 15:10:44,591 [INFO] ApiDb:671 - CubeFinder database FW Pack versions=[FP-ATR-ASTRA1_V2.0.0, FP-SNS-FLIGHT1_V5.0.1, FP-SNS-FLIGHT1_V5.0.2, FP-SNS-MOTENV1_V4.3.1, FP-SNS-MOTENV1_V4.3.2, STM32Cube_FW_C0_V1.1.0, STM32Cube_FW_F4_V1.27.1, STM32Cube_FW_F7_V1.17.0, STM32Cube_FW_G0_V1.6.1, STM32Cube_FW_G4_V1.5.1, STM32Cube_FW_H5_V0.5.1, STM32Cube_FW_H5_V1.1.0, STM32Cube_FW_H7_V1.11.0, STM32Cube_FW_L0_V1.12.2, STM32Cube_FW_L5_V1.5.0, STM32Cube_FW_U5_V1.3.0, STM32Cube_FW_U5_V1.3.0RC4, STM32Cube_FW_WBA_V1.0.0RC1, STM32Cube_FW_WBA_V1.1.0, STM32Cube_FW_WBA_V1.1.0RC1, STM32Cube_FW_WB_V1.15.0RC1, STM32Cube_FW_WB_V1.16.0, STM32Cube_FW_WB_V1.16.0RC2, STM32Cube_FW_WB_V1.17.0, STM32Cube_FW_WL_V1.3.0, X-CUBE-ALGOBUILD_V1.3.0, X-CUBE-ALS_V1.0.1, X-CUBE-AZRTOS-F4_V1.1.0, X-CUBE-AZRTOS-F7_V1.1.0, X-CUBE-AZRTOS-G0_V1.1.0, X-CUBE-AZRTOS-G4_V2.0.0, X-CUBE-AZRTOS-H7_V3.1.0, X-CUBE-AZRTOS-L4_V1.0.0, X-CUBE-AZRTOS-L4_V2.0.0, X-CUBE-AZRTOS-L5_V1.1.0, X-CUBE-AZRTOS-WB_V1.1.0, X-CUBE-AZRTOS-WL_V2.0.0, X-CUBE-BLE1_V7.0.0, X-CUBE-BLE2_V3.3.0, X-CUBE-BLEMGR_V2.0.0, X-CUBE-EEPRMA1_V4.1.0, X-CUBE-FREERTOS_V1.1.0, X-CUBE-GNSS1_V6.0.0, X-CUBE-MEMS1_V9.1.0, X-CUBE-MEMS1_V9.4.0, X-CUBE-MEMS1_V9.6.0, X-CUBE-NFC4_V3.0.0, X-CUBE-NFC7_V1.0.0, X-CUBE-SFXS2LP1_V4.0.0, X-CUBE-SUBG2_V5.0.0, X-CUBE-TOF1_V3.3.1]
2023-10-26 15:10:44,932 [ERROR] LogOutputStream:75 - [STDERR_REDIRECT] SLF4J: Failed to load class "org.slf4j.impl.StaticLoggerBinder".
2023-10-26 15:10:44,933 [ERROR] LogOutputStream:75 - [STDERR_REDIRECT] SLF4J: Defaulting to no-operation (NOP) logger implementation
2023-10-26 15:10:44,934 [ERROR] LogOutputStream:75 - [STDERR_REDIRECT] SLF4J: See http://www.slf4j.org/codes.html#StaticLoggerBinder for further details.
2023-10-26 15:10:46,802 [INFO] ApiDb:240 - Found 323 in-development CPN: [B-G473E-ZEST1S, B-WB1M-WPAN1, B-WL5M-SUBG1, NUCLEO-C031C6, NUCLEO-H503RB, NUCLEO-H563ZI, NUCLEO-U545RE-Q, NUCLEO-U5A5ZJ-Q, NUCLEO-WBA52CG, STEVAL-PROTEUS1, STEVAL-SMARTAG2, STEVAL-STWINBX1, STM320518-EVAL, STM32C0116-DK, STM32C011D6Y3TR, STM32C011D6Y6TR, STM32C011F4P3, STM32C011F4P6, STM32C011F4U3, STM32C011F4U6TR, STM32C011F6P3, STM32C011F6P6, STM32C011F6U3, STM32C011F6U6TR, STM32C011J4M3, STM32C011J4M6, STM32C011J6M3, STM32C011J6M6, STM32C0316-DK, STM32C031C4T3, STM32C031C4T6, STM32C031C4U3, STM32C031C4U6, STM32C031C6T3, STM32C031C6T6, STM32C031C6U3, STM32C031C6U6, STM32C031F4P3, STM32C031F4P6, STM32C031F6P3, STM32C031F6P6, STM32C031G4U3, STM32C031G4U6, STM32C031G6U3, STM32C031G6U6, STM32C031K4T3, STM32C031K4T6, STM32C031K4U3, STM32C031K4U6, STM32C031K6T3, STM32C031K6T6, STM32C031K6U3, STM32C031K6U6, STM32G071K8TXN, STM32G071K8UXN, STM32G081GBU6N, STM32G081KBT6N, STM32G081KBUXN, STM32G0B1CCT6N, STM32G0B1KCT6, STM32G0B1NEY6TR, STM32G0B1RCT6N, STM32G0C1CCT6, STM32G0C1CCT6N, STM32G0C1CCU6N, STM32G0C1CET6N, STM32G0C1CEU6N, STM32G0C1KCT6, STM32G0C1NEY6TR, STM32G0C1RCI6N, STM32G0C1RCT6N, STM32G0C1REI6N, STM32G0C1RET6N, STM32G0C1VCI6, STM32G0C1VEI6, STM32G471CCT6, STM32G471CCU6, STM32G471CET3, STM32G471CET6, STM32G471CEU3, STM32G471CEU6, STM32G471MCT6, STM32G471MET3, STM32G471MET6, STM32G471MEY6TR, STM32G471QCT6, STM32G471QET3, STM32G471RCT6, STM32G471RET3, STM32G471RET6, STM32G471VCH6, STM32G471VCI6, STM32G471VCT6, STM32G471VEH3, STM32G471VEH6, STM32G471VEI3, STM32G471VEI6, STM32G471VET3, STM32G471VET6, STM32G474CCT6, STM32H503CBT6, STM32H503CBU6, STM32H503EBY6TR, STM32H503KBU6, STM32H503RBT6, STM32H562AGI6, STM32H562AII6, STM32H562IGK6, STM32H562IGT6, STM32H562IIK6, STM32H562IIT6, STM32H562RGT6, STM32H562RGV6, STM32H562RIT6, STM32H562RIV6, STM32H562VGT6, STM32H562VIT6, STM32H562ZGT6, STM32H562ZIT6, STM32H563AGI6, STM32H563AII3Q, STM32H563AII6, STM32H563IGK6, STM32H563IGT6, STM32H563IIK3Q, STM32H563IIK6, STM32H563IIT3Q, STM32H563IIT6, STM32H563MIY3QTR, STM32H563RGT6, STM32H563RGV6, STM32H563RIT6, STM32H563RIV6, STM32H563VGT6, STM32H563VIT3Q, STM32H563VIT6, STM32H563ZGT6, STM32H563ZIT3Q, STM32H563ZIT6, STM32H573AII3Q, STM32H573AII6, STM32H573I-DK, STM32H573IIK3Q, STM32H573IIK6, STM32H573IIT3Q, STM32H573IIT6, STM32H573MIY3QTR, STM32H573RIT6, STM32H573RIV6, STM32H573VIT3Q, STM32H573VIT6, STM32H573ZIT3Q, STM32H573ZIT6, STM32L4R5QGI6STR, STM32MP131AAE3, STM32MP131AAF3, STM32MP131AAG3, STM32MP131CAE3, STM32MP131CAF3, STM32MP131CAG3, STM32MP131DAE7, STM32MP131DAF7, STM32MP131DAG7, STM32MP131FAE7, STM32MP131FAF7, STM32MP131FAG7, STM32MP133AAE3, STM32MP133AAF3, STM32MP133AAG3, STM32MP133CAE3, STM32MP133CAF3, STM32MP133CAG3, STM32MP133DAE7, STM32MP133DAF7, STM32MP133DAG7, STM32MP133FAE7, STM32MP133FAF7, STM32MP133FAG7, STM32MP135AAE3, STM32MP135AAF3, STM32MP135AAG3, STM32MP135CAE3, STM32MP135CAF3, STM32MP135CAG3, STM32MP135DAE7, STM32MP135DAF7, STM32MP135DAG7, STM32MP135F-DK, STM32MP135FAE7, STM32MP135FAF7, STM32MP135FAF7T, STM32MP135FAF7U, STM32MP135FAG7, STM32U535CBT6, STM32U535CBT6Q, STM32U535CBU6, STM32U535CBU6Q, STM32U535CCT6, STM32U535CCT6Q, STM32U535CCU6, STM32U535CCU6Q, STM32U535CET6, STM32U535CET6Q, STM32U535CEU6, STM32U535CEU6Q, STM32U535JEY6QTR, STM32U535NCY6QTR, STM32U535NEY6QTR, STM32U535RBI6, STM32U535RBI6Q, STM32U535RBT6, STM32U535RBT6Q, STM32U535RCI6, STM32U535RCI6Q, STM32U535RCT6, STM32U535RCT6Q, STM32U535REI6, STM32U535REI6Q, STM32U535RET6, STM32U535RET6Q, STM32U535VCI6, STM32U535VCI6Q, STM32U535VCT6, STM32U535VCT6Q, STM32U535VEI6, STM32U535VEI6Q, STM32U535VET6, STM32U535VET6Q, STM32U545CET6, STM32U545CET6Q, STM32U545CEU6, STM32U545CEU6Q, STM32U545JEY6QTR, STM32U545NEY6QTR, STM32U545REI6, STM32U545REI6Q, STM32U545RET6, STM32U545RET6Q, STM32U545VEI6, STM32U545VEI6Q, STM32U545VET6, STM32U545VET6Q, STM32U595AIH6, STM32U595AIH6Q, STM32U595AJH6, STM32U595AJH6Q, STM32U595QII6, STM32U595QII6Q, STM32U595QJI6, STM32U595QJI6Q, STM32U595RIT6, STM32U595RIT6Q, STM32U595RJT6, STM32U595RJT6Q, STM32U595VIT6, STM32U595VIT6Q, STM32U595VJT6, STM32U595VJT6Q, STM32U595ZIT6, STM32U595ZIT6Q, STM32U595ZIY6QTR, STM32U595ZJT6, STM32U595ZJT6Q, STM32U595ZJY6QTR, STM32U599BJY6QTR, STM32U599NIH6Q, STM32U599NJH6Q, STM32U599VIT6Q, STM32U599VJT6, STM32U599VJT6Q, STM32U599ZIT6Q, STM32U599ZIY6QTR, STM32U599ZJT6Q, STM32U599ZJY6QTR, STM32U5A5AJH6, STM32U5A5AJH6Q, STM32U5A5QJI6, STM32U5A5QJI6Q, STM32U5A5RJT6, STM32U5A5RJT6Q, STM32U5A5VJT6, STM32U5A5VJT6Q, STM32U5A5ZJT6, STM32U5A5ZJT6Q, STM32U5A5ZJY6QTR, STM32U5A9BJY6QTR, STM32U5A9J-DK, STM32U5A9NJH6Q, STM32U5A9VJT6Q, STM32U5A9ZJT6Q, STM32U5A9ZJY6QTR, STM32U5F7VIT6, STM32U5F7VIT6Q, STM32U5F7VJT6, STM32U5F7VJT6Q, STM32U5F9BJY6QTR, STM32U5F9NJH6Q, STM32U5F9VIT6Q, STM32U5F9VJT6Q, STM32U5F9ZIJ6QTR, STM32U5F9ZIT6Q, STM32U5F9ZJJ6QTR, STM32U5F9ZJT6Q, STM32U5G7VJT6, STM32U5G7VJT6Q, STM32U5G9BJY6QTR, STM32U5G9J-DK1, STM32U5G9J-DK2, STM32U5G9NJH6Q, STM32U5G9VJT6Q, STM32U5G9ZJJ6QTR, STM32U5G9ZJT6Q, STM32WB1MMCH6, STM32WBA52CEU6, STM32WBA52CEU6T, STM32WBA52CGU6, STM32WBA52CGU6T, STM32WBA52KEU6, STM32WBA52KEU6T, STM32WBA52KGU6, STM32WBA52KGU6T, STM32WL5MOCH6, STM32WL5MOCH6TR]
2023-10-26 15:10:46,807 [INFO] DbMcus:217 - Found 3848 MCUs, 3848 are supported
2023-10-26 15:10:46,808 [INFO] ApiDb:423 - Load user favorites file C:\Users\jespe/.stm32cubeide/favorites.mcus.txt: 0 item(s)
2023-10-26 15:10:46,808 [INFO] ApiDb:427 - User favorites MCUs=[]
2023-10-26 15:10:46,808 [INFO] DbMcus:223 - Set 0 / 0 favorites MCUs
2023-10-26 15:10:47,123 [WARN] ThirdParty:833 - waiting for thirdparty lock release [change project]
2023-10-26 15:10:47,123 [INFO] ThirdParty:835 - entering critical section [change project]
2023-10-26 15:10:47,123 [INFO] ThirdParty:1030 - CMSIS Pack Vendor :STMicroelectronics X-CUBE-ISPU 1.1.0
2023-10-26 15:10:47,123 [INFO] ThirdParty:1030 - CMSIS Pack Vendor :STMicroelectronics USBPD 4.1
2023-10-26 15:10:47,123 [INFO] ThirdParty:1030 - CMSIS Pack Vendor :STMicroelectronics X-CUBE-GNSS1 6.0.0
2023-10-26 15:10:47,123 [INFO] ThirdParty:1030 - CMSIS Pack Vendor :STMicroelectronics USB_HOST 2.0.0
2023-10-26 15:10:47,123 [INFO] ThirdParty:1030 - CMSIS Pack Vendor :STMicroelectronics X-CUBE-AZRTOS-F4 1.1.0
2023-10-26 15:10:47,123 [INFO] ThirdParty:1030 - CMSIS Pack Vendor :STMicroelectronics LIBJPEG 8.0.0
2023-10-26 15:10:47,123 [INFO] ThirdParty:1030 - CMSIS Pack Vendor :wolfSSL I-CUBE-wolfSSL 5.6.3
2023-10-26 15:10:47,123 [INFO] ThirdParty:1030 - CMSIS Pack Vendor :STMicroelectronics X-CUBE-SMBUS 2.1.0
2023-10-26 15:10:47,123 [INFO] ThirdParty:1030 - CMSIS Pack Vendor :STMicroelectronics USB_DEVICE 3.0.0
2023-10-26 15:10:47,123 [INFO] ThirdParty:1030 - CMSIS Pack Vendor :STMicroelectronics X-CUBE-AZRTOS-WB 2.0.0
2023-10-26 15:10:47,123 [INFO] ThirdParty:1030 - CMSIS Pack Vendor :STMicroelectronics X-CUBE-AZRTOS-F7 1.1.0
2023-10-26 15:10:47,123 [INFO] ThirdParty:1030 - CMSIS Pack Vendor :STMicroelectronics X-CUBE-AZRTOS-L5 2.0.0
2023-10-26 15:10:47,123 [INFO] ThirdParty:1030 - CMSIS Pack Vendor :STMicroelectronics USB_DEVICE 2.0.0
2023-10-26 15:10:47,124 [INFO] ThirdParty:1030 - CMSIS Pack Vendor :STMicroelectronics X-CUBE-MEMS1 9.6.0
2023-10-26 15:10:47,124 [INFO] ThirdParty:1030 - CMSIS Pack Vendor :STMicroelectronics X-CUBE-EEPRMA1 4.2.0
2023-10-26 15:10:47,124 [INFO] ThirdParty:1030 - CMSIS Pack Vendor :ITTIA_DB I-CUBE-ITTIADB 8.8.0
2023-10-26 15:10:47,124 [INFO] ThirdParty:1030 - CMSIS Pack Vendor :STMicroelectronics FP-SNS-MOTENV1 4.3.2
2023-10-26 15:10:47,124 [INFO] ThirdParty:1030 - CMSIS Pack Vendor :STMicroelectronics X-CUBE-ALGOBUILD 1.3.0
2023-10-26 15:10:47,124 [INFO] ThirdParty:1030 - CMSIS Pack Vendor :STMicroelectronics FreeRTOS 0.0.1
2023-10-26 15:10:47,124 [INFO] ThirdParty:1030 - CMSIS Pack Vendor :STMicroelectronics X-CUBE-AZRTOS-G0 1.1.0
2023-10-26 15:10:47,124 [INFO] ThirdParty:1030 - CMSIS Pack Vendor :STMicroelectronics X-CUBE-BLEMGR 2.0.0
2023-10-26 15:10:47,124 [INFO] ThirdParty:1030 - CMSIS Pack Vendor :STMicroelectronics X-CUBE-NFC4 3.0.0
2023-10-26 15:10:47,124 [INFO] ThirdParty:1030 - CMSIS Pack Vendor :STMicroelectronics X-CUBE-SUBG2 5.0.0
2023-10-26 15:10:47,124 [INFO] ThirdParty:1030 - CMSIS Pack Vendor :STMicroelectronics STM32_WPAN 1.0.0
2023-10-26 15:10:47,124 [INFO] ThirdParty:1030 - CMSIS Pack Vendor :STMicroelectronics lwIP 2.0.3
2023-10-26 15:10:47,124 [INFO] ThirdParty:1030 - CMSIS Pack Vendor :STMicroelectronics FP-SNS-FLIGHT1 5.0.2
2023-10-26 15:10:47,124 [INFO] ThirdParty:1030 - CMSIS Pack Vendor :STMicroelectronics USB_HOST 1.0.0
2023-10-26 15:10:47,124 [INFO] ThirdParty:1030 - CMSIS Pack Vendor :STMicroelectronics X-CUBE-TOF1 3.3.1
2023-10-26 15:10:47,124 [INFO] ThirdParty:1030 - CMSIS Pack Vendor :STMicroelectronics X-CUBE-AZRTOS-G4 2.0.0
2023-10-26 15:10:47,124 [INFO] ThirdParty:1030 - CMSIS Pack Vendor :STMicroelectronics PDM2PCM 3.1.0
2023-10-26 15:10:47,124 [INFO] ThirdParty:1030 - CMSIS Pack Vendor :STMicroelectronics X-CUBE-AZRTOS-H7 3.1.0
2023-10-26 15:10:47,124 [INFO] ThirdParty:1030 - CMSIS Pack Vendor :Infineon AIROC-Wi-Fi-Bluetooth-STM32 1.5.1
2023-10-26 15:10:47,124 [INFO] ThirdParty:1030 - CMSIS Pack Vendor :STMicroelectronics PDM2PCM 3.3.0
2023-10-26 15:10:47,124 [INFO] ThirdParty:1030 - CMSIS Pack Vendor :STMicroelectronics X-CUBE-DISPLAY 3.0.0
2023-10-26 15:10:47,124 [INFO] ThirdParty:1030 - CMSIS Pack Vendor :STMicroelectronics X-CUBE-BLE1 7.0.0
2023-10-26 15:10:47,125 [INFO] ThirdParty:1030 - CMSIS Pack Vendor :STMicroelectronics FP-ATR-SIGFOX1 3.2.0
2023-10-26 15:10:47,125 [INFO] ThirdParty:1030 - CMSIS Pack Vendor :STMicroelectronics HAL Drivers 0.0.0
2023-10-26 15:10:47,125 [INFO] ThirdParty:1030 - CMSIS Pack Vendor :STMicroelectronics MBEDTLS 2.16.2
2023-10-26 15:10:47,125 [INFO] ThirdParty:1030 - CMSIS Pack Vendor :emotas I-CUBE-CANOPEN 1.3.0
2023-10-26 15:10:47,125 [INFO] ThirdParty:1030 - CMSIS Pack Vendor :STMicroelectronics X-CUBE-MEMS1 10.0.0
2023-10-26 15:10:47,125 [INFO] ThirdParty:1030 - CMSIS Pack Vendor :STMicroelectronics X-CUBE-FREERTOS 1.1.0
2023-10-26 15:10:47,125 [INFO] ThirdParty:1030 - CMSIS Pack Vendor :STMicroelectronics X-CUBE-TOUCHGFX 4.22.0
2023-10-26 15:10:47,125 [INFO] ThirdParty:1030 - CMSIS Pack Vendor :STMicroelectronics X-CUBE-NFC7 1.0.1
2023-10-26 15:10:47,125 [INFO] ThirdParty:1030 - CMSIS Pack Vendor :STMicroelectronics MBEDTLS 2.14.1
2023-10-26 15:10:47,125 [INFO] ThirdParty:1030 - CMSIS Pack Vendor :STMicroelectronics X-CUBE-TOUCHGFX 4.22.1
2023-10-26 15:10:47,125 [INFO] ThirdParty:1030 - CMSIS Pack Vendor :STMicroelectronics X-CUBE-NFC6 3.0.0
2023-10-26 15:10:47,125 [INFO] ThirdParty:1030 - CMSIS Pack Vendor :STMicroelectronics X-CUBE-EEPRMA1 4.1.0
2023-10-26 15:10:47,125 [INFO] ThirdParty:1030 - CMSIS Pack Vendor :portGmbH I-Cube-SoM-uGOAL 1.1.0
2023-10-26 15:10:47,125 [INFO] ThirdParty:1030 - CMSIS Pack Vendor :STMicroelectronics X-CUBE-ALS 1.0.1
2023-10-26 15:10:47,125 [INFO] ThirdParty:1030 - CMSIS Pack Vendor :STMicroelectronics ThreadX 1.0.0
2023-10-26 15:10:47,125 [INFO] ThirdParty:1030 - CMSIS Pack Vendor :STMicroelectronics FP-SNS-SMARTAG2 1.2.0
2023-10-26 15:10:47,125 [INFO] ThirdParty:1030 - CMSIS Pack Vendor :STMicroelectronics X-CUBE-AZRTOS-WL 2.0.0
2023-10-26 15:10:47,125 [INFO] ThirdParty:1030 - CMSIS Pack Vendor :SEGGER I-CUBE-embOS 1.3.1
2023-10-26 15:10:47,125 [INFO] ThirdParty:1030 - CMSIS Pack Vendor :STMicroelectronics USB_DEVICE 1.0.0
2023-10-26 15:10:47,125 [INFO] ThirdParty:1030 - CMSIS Pack Vendor :STMicroelectronics X-CUBE-AI 8.1.0
2023-10-26 15:10:47,126 [INFO] ThirdParty:1030 - CMSIS Pack Vendor :STMicroelectronics X-CUBE-AZRTOS-L4 2.0.0
2023-10-26 15:10:47,126 [INFO] ThirdParty:1030 - CMSIS Pack Vendor :STMicroelectronics ThreadX 0.0.2
2023-10-26 15:10:47,126 [INFO] ThirdParty:1030 - CMSIS Pack Vendor :WES I-CUBE-Cesium 1.3.0
2023-10-26 15:10:47,126 [INFO] ThirdParty:1030 - CMSIS Pack Vendor :STMicroelectronics FP-ATR-ASTRA1 2.0.0
2023-10-26 15:10:47,126 [INFO] ThirdParty:1030 - CMSIS Pack Vendor :STMicroelectronics lwIP 2.1.2
2023-10-26 15:10:47,126 [INFO] ThirdParty:1030 - CMSIS Pack Vendor :STMicroelectronics X-CUBE-SFXS2LP1 4.0.0
2023-10-26 15:10:47,126 [INFO] ThirdParty:1030 - CMSIS Pack Vendor :STMicroelectronics X-CUBE-BLE2 3.3.0
2023-10-26 15:10:47,126 [INFO] ThirdParty:1030 - CMSIS Pack Vendor :STMicroelectronics PDM2PCM 3.2.0
2023-10-26 15:10:47,126 [INFO] ThirdParty:841 - exiting critical section [change project]
2023-10-26 15:10:47,433 [INFO] PinOutPanel:1499 - setPackage(No Configuration,No Configuration)
2023-10-26 15:10:47,434 [INFO] PinOutPanel:1499 - setPackage(STM32F072RBTx,LQFP64)
2023-10-26 15:10:48,156 [INFO] UtilMem:75 - Before build in PCC Used Memory: 226228736 Bytes (456130560)
2023-10-26 15:10:48,909 [INFO] UtilMem:75 - After build in PCC Used Memory: 229653984 Bytes (456130560)
2023-10-26 15:10:48,939 [INFO] IPUIPlugin:80 - create IPUIPlugin
2023-10-26 15:10:48,939 [INFO] IPUIPlugin:80 - create IPUIPlugin
2023-10-26 15:10:48,939 [INFO] IPUIPlugin:80 - create IPUIPlugin
2023-10-26 15:10:48,939 [INFO] IPUIPlugin:80 - create IPUIPlugin
2023-10-26 15:10:48,939 [INFO] IPUIPlugin:80 - create IPUIPlugin
2023-10-26 15:10:48,939 [INFO] IPUIPlugin:80 - create IPUIPlugin
2023-10-26 15:10:48,939 [INFO] IPUIPlugin:80 - create IPUIPlugin
2023-10-26 15:10:48,939 [INFO] IPUIPlugin:80 - create IPUIPlugin
2023-10-26 15:10:48,940 [INFO] IPUIPlugin:80 - create IPUIPlugin
2023-10-26 15:10:48,940 [INFO] IPUIPlugin:80 - create IPUIPlugin
2023-10-26 15:10:48,940 [INFO] IPUIPlugin:80 - create IPUIPlugin
2023-10-26 15:10:48,940 [INFO] IPUIPlugin:80 - create IPUIPlugin
2023-10-26 15:10:48,940 [INFO] IPUIPlugin:80 - create IPUIPlugin
2023-10-26 15:10:48,940 [INFO] IPUIPlugin:80 - create IPUIPlugin
2023-10-26 15:10:48,940 [INFO] IPUIPlugin:80 - create IPUIPlugin
2023-10-26 15:10:48,940 [INFO] IPUIPlugin:80 - create IPUIPlugin
2023-10-26 15:10:48,941 [INFO] IPUIPlugin:80 - create IPUIPlugin
2023-10-26 15:10:48,941 [INFO] IPUIPlugin:80 - create IPUIPlugin
2023-10-26 15:10:48,941 [INFO] IPUIPlugin:80 - create IPUIPlugin
2023-10-26 15:10:48,941 [INFO] IPUIPlugin:80 - create IPUIPlugin
2023-10-26 15:10:48,942 [INFO] IPUIPlugin:80 - create IPUIPlugin
2023-10-26 15:10:48,942 [INFO] IPUIPlugin:80 - create IPUIPlugin
2023-10-26 15:10:48,942 [INFO] IPUIPlugin:80 - create IPUIPlugin
2023-10-26 15:10:48,942 [INFO] IPUIPlugin:80 - create IPUIPlugin
2023-10-26 15:10:48,942 [INFO] IPUIPlugin:80 - create IPUIPlugin
2023-10-26 15:10:48,942 [INFO] IPUIPlugin:80 - create IPUIPlugin
2023-10-26 15:10:48,943 [INFO] IPUIPlugin:80 - create IPUIPlugin
2023-10-26 15:10:48,943 [INFO] IPUIPlugin:80 - create IPUIPlugin
2023-10-26 15:10:48,943 [INFO] IPUIPlugin:80 - create IPUIPlugin
2023-10-26 15:10:48,943 [INFO] IPUIPlugin:80 - create IPUIPlugin
2023-10-26 15:10:48,943 [INFO] IPUIPlugin:80 - create IPUIPlugin
2023-10-26 15:10:48,944 [INFO] IPUIPlugin:80 - create IPUIPlugin
2023-10-26 15:10:48,944 [INFO] IPUIPlugin:80 - create IPUIPlugin
2023-10-26 15:10:48,944 [INFO] IPUIPlugin:80 - create IPUIPlugin
2023-10-26 15:10:48,944 [INFO] IPUIPlugin:80 - create IPUIPlugin
2023-10-26 15:10:48,944 [INFO] IPUIPlugin:80 - create IPUIPlugin
2023-10-26 15:10:48,947 [INFO] IPUIPlugin:80 - create IPUIPlugin
2023-10-26 15:10:48,948 [INFO] IPUIPlugin:80 - create IPUIPlugin
2023-10-26 15:10:48,948 [INFO] IPUIPlugin:80 - create IPUIPlugin
2023-10-26 15:10:48,949 [INFO] IPUIPlugin:80 - create IPUIPlugin
2023-10-26 15:10:48,949 [INFO] IPUIPlugin:80 - create IPUIPlugin
2023-10-26 15:10:49,148 [INFO] CADModel:165 - CPN selected for project levelSTM32F072RBT6
2023-10-26 15:10:49,148 [INFO] CADModel:114 - Register for checkConnection events
2023-10-26 15:10:49,198 [INFO] OpenFileManager:328 - Restore cursor
2023-10-26 15:11:25,435 [INFO] NvicIntPanel:101 - NVIC parent = com.st.microxplorer.plugins.ip.nvic.MultiNvicIntPanel[,0,0,0x0,invalid,layout=javax.swing.BoxLayout,alignmentX=0.0,alignmentY=0.0,border=,flags=9,maximumSize=,minimumSize=,preferredSize=]
2023-10-26 15:13:43,053 [INFO] UtilMem:75 - End SaveConfig() Used Memory: 831394336 Bytes (1069547520)
2023-10-26 15:13:44,710 [INFO] UtilMem:75 - End SaveConfig() Used Memory: 860737000 Bytes (1069547520)
2023-10-26 15:13:44,895 [INFO] UtilMem:75 - End SaveConfig() Used Memory: 886337176 Bytes (1069547520)
2023-10-26 15:13:45,239 [INFO] BlockDiagram:2759 - set Specific Code input for plugin: NVIC
2023-10-26 15:13:45,239 [INFO] BlockDiagram:2759 - set Specific Code input for plugin: USART
2023-10-26 15:13:45,239 [INFO] BlockDiagram:2759 - set Specific Code input for plugin: USART
2023-10-26 15:13:45,239 [INFO] BlockDiagram:2759 - set Specific Code input for plugin: SYS
2023-10-26 15:13:45,240 [INFO] BlockDiagram:2759 - set Specific Code input for plugin: GPIO
2023-10-26 15:13:45,240 [INFO] BlockDiagram:2759 - set Specific Code input for plugin: RCC
2023-10-26 15:13:45,240 [INFO] BlockDiagram:2759 - set Specific Code input for plugin: I2C
2023-10-26 15:13:45,241 [INFO] CodeGenerator:799 - code generatio: config db path: C:\ST\STM32CubeIDE_1.13.2\STM32CubeIDE\plugins\com.st.stm32cube.common.mx_6.9.2.202309101412\\db\
2023-10-26 15:13:45,572 [INFO] CodeEngine:255 - oldGeneratedFile, C:\Users\jespe\STM32CubeIDE\workspace_1.13.2\test\MXTmpFiles\license.tmp_save
2023-10-26 15:13:45,891 [INFO] CodeEngine:279 - Generated code: C:\Users\jespe\STM32CubeIDE\workspace_1.13.2\test\MXTmpFiles\license.tmp
2023-10-26 15:13:46,008 [INFO] CodeEngine:255 - oldGeneratedFile, C:\Users\jespe\STM32CubeIDE\workspace_1.13.2\test\MXTmpFiles\gpio.tmp_save
2023-10-26 15:13:46,133 [INFO] CodeEngine:279 - Generated code: C:\Users\jespe\STM32CubeIDE\workspace_1.13.2\test\MXTmpFiles\gpio.tmp
2023-10-26 15:13:46,344 [INFO] CodeEngine:255 - oldGeneratedFile, C:\Users\jespe\STM32CubeIDE\workspace_1.13.2\test\Core\Src\stm32f0xx_it.c_save
2023-10-26 15:13:46,451 [INFO] CodeEngine:279 - Generated code: C:\Users\jespe\STM32CubeIDE\workspace_1.13.2\test\Core\Src\stm32f0xx_it.c
2023-10-26 15:13:46,464 [INFO] CodeEngine:255 - oldGeneratedFile, C:\Users\jespe\STM32CubeIDE\workspace_1.13.2\test\Core\Inc\stm32f0xx_it.h_save
2023-10-26 15:13:46,537 [INFO] CodeEngine:279 - Generated code: C:\Users\jespe\STM32CubeIDE\workspace_1.13.2\test\Core\Inc\stm32f0xx_it.h
2023-10-26 15:13:46,564 [INFO] CodeEngine:255 - oldGeneratedFile, C:\Users\jespe\STM32CubeIDE\workspace_1.13.2\test\Core\Src\stm32f0xx_hal_msp.c_save
2023-10-26 15:13:46,696 [INFO] CodeEngine:279 - Generated code: C:\Users\jespe\STM32CubeIDE\workspace_1.13.2\test\Core\Src\stm32f0xx_hal_msp.c
2023-10-26 15:13:46,707 [INFO] CodeEngine:255 - oldGeneratedFile, C:\Users\jespe\STM32CubeIDE\workspace_1.13.2\test\MXTmpFiles\system.tmp_save
2023-10-26 15:13:46,768 [INFO] CodeEngine:279 - Generated code: C:\Users\jespe\STM32CubeIDE\workspace_1.13.2\test\MXTmpFiles\system.tmp
2023-10-26 15:13:46,797 [INFO] CodeEngine:311 - oldGeneratedFile, C:\Users\jespe\STM32CubeIDE\workspace_1.13.2\test\Core\Inc\stm32f0xx_hal_conf.h_save
2023-10-26 15:13:46,889 [INFO] CodeEngine:335 - Generated code: C:\Users\jespe\STM32CubeIDE\workspace_1.13.2\test\Core\Inc\stm32f0xx_hal_conf.h
2023-10-26 15:13:46,936 [INFO] CodeEngine:255 - oldGeneratedFile, C:\Users\jespe\STM32CubeIDE\workspace_1.13.2\test\Core\Inc\main.h_save
2023-10-26 15:13:47,027 [INFO] CodeEngine:279 - Generated code: C:\Users\jespe\STM32CubeIDE\workspace_1.13.2\test\Core\Inc\main.h
2023-10-26 15:13:47,046 [INFO] CodeEngine:255 - oldGeneratedFile, C:\Users\jespe\STM32CubeIDE\workspace_1.13.2\test\Core\Src\main.c_save
2023-10-26 15:13:47,188 [INFO] CodeEngine:279 - Generated code: C:\Users\jespe\STM32CubeIDE\workspace_1.13.2\test\Core\Src\main.c
2023-10-26 15:13:47,558 [INFO] ProjectBuilder:3064 - Time for Copy HAL[2] : 1mS.
2023-10-26 15:13:47,569 [INFO] ProjectBuilder:4404 - Project Generator version: 4.1.0
2023-10-26 15:13:47,782 [INFO] ConfigFileManager:1457 - The Die is : DIE448
2023-10-26 15:13:47,796 [INFO] ApiDbMcu:507 - Load IP Config File for FATFS
2023-10-26 15:13:47,806 [INFO] ApiDbMcu:507 - Load IP Config File for FREERTOS
2023-10-26 15:13:47,823 [INFO] ApiDbMcu:507 - Load IP Config File for TOUCHSENSING
2023-10-26 15:13:47,834 [INFO] ApiDbMcu:507 - Load IP Config File for USB_DEVICE
2023-10-26 15:13:48,778 [INFO] LogOutputStream:77 - [STDOUT_REDIRECT] 
2023-10-26 15:13:50,351 [INFO] ProjectBuilder:4626 - Time for Generating toolchain IDE Files: 2782mS.
2023-10-26 15:13:50,351 [INFO] ProjectBuilder:2935 - Time for Copy CMSIS : 0mS.
2023-10-26 15:13:50,353 [INFO] ProjectBuilder:2935 - Time for Copy CMSIS : 0mS.
