2023-10-31 09:32:24,264 [INFO] Activator:176 - 


2023-10-31 09:32:24,270 [INFO] Activator:177 - !SESSION log4j initialized
2023-10-31 09:32:30,208 [INFO] LogOutputStream:77 - [STDOUT_REDIRECT] 
2023-10-31 09:32:31,682 [INFO] ApplicationProperties:184 - Using Application install path: C:\ST\STM32CubeIDE_1.13.2\STM32CubeIDE\plugins\com.st.stm32cube.common.mx_6.9.2.202309101412
2023-10-31 09:32:31,700 [INFO] DbMcusXml:78 - Set database path to: C:\ST\STM32CubeIDE_1.13.2\STM32CubeIDE\plugins\com.st.stm32cube.common.mx_6.9.2.202309101412\\db\/mcu/
2023-10-31 09:32:31,700 [INFO] ApiDb:274 - Set plugin database path to: C:\ST\STM32CubeIDE_1.13.2\STM32CubeIDE\plugins\com.st.stm32cube.common.mx_6.9.2.202309101412\\db\/plugins/boardmanager/
2023-10-31 09:32:31,701 [WARN] ApiDb:259 - Overriding images path with different value:  => C:\ST\STM32CubeIDE_1.13.2\STM32CubeIDE\plugins\com.st.stm32cube.common.mx_6.9.2.202309101412\\db\/plugins/mcufinder/images/
2023-10-31 09:32:31,711 [INFO] ApiDb:250 - Set database path to: C:\Users\jespe\.stmcufinder\plugins\mcufinder//mcu/
2023-10-31 09:32:31,714 [INFO] DbMcusAds:125 - Set database path to: C:\Users\jespe\.stmcufinder\plugins\mcufinder//mcu/
2023-10-31 09:32:31,715 [INFO] CrossReferenceDbSqlite:203 - Set database path to: C:\Users\jespe\.stmcufinder\plugins\mcufinder//mcu/cs/
2023-10-31 09:32:31,814 [INFO] RulesReader:64 - Compatibility file has been processed (293 Rules)
2023-10-31 09:32:31,896 [INFO] DbMcusXml:78 - Set database path to: C:\ST\STM32CubeIDE_1.13.2\STM32CubeIDE\plugins\com.st.stm32cube.common.mx_6.9.2.202309101412\\db\/mcu/
2023-10-31 09:32:31,896 [INFO] ApiDb:274 - Set plugin database path to: C:\ST\STM32CubeIDE_1.13.2\STM32CubeIDE\plugins\com.st.stm32cube.common.mx_6.9.2.202309101412\\db\/plugins/boardmanager/
2023-10-31 09:32:31,896 [INFO] ApiDb:261 - Set plugin images path to: C:\ST\STM32CubeIDE_1.13.2\STM32CubeIDE\plugins\com.st.stm32cube.common.mx_6.9.2.202309101412\\db\/plugins/mcufinder/images/
2023-10-31 09:32:31,897 [WARN] DbFile:41 - Overriding database path with different value: C:\Users\jespe\.stmcufinder\plugins\mcufinder/ => C:\Users\jespe\.stmcufinder\plugins\mcufinder
2023-10-31 09:32:31,897 [INFO] ApiDb:250 - Set database path to: C:\Users\jespe\.stmcufinder\plugins\mcufinder//mcu/
2023-10-31 09:32:31,897 [WARN] DbFile:41 - Overriding database path with different value: C:\Users\jespe\.stmcufinder\plugins\mcufinder/ => C:\Users\jespe\.stmcufinder\plugins\mcufinder
2023-10-31 09:32:31,897 [INFO] DbMcusAds:125 - Set database path to: C:\Users\jespe\.stmcufinder\plugins\mcufinder//mcu/
2023-10-31 09:32:31,897 [WARN] DbFile:41 - Overriding database path with different value: C:\Users\jespe\.stmcufinder\plugins\mcufinder/ => C:\Users\jespe\.stmcufinder\plugins\mcufinder
2023-10-31 09:32:31,897 [WARN] DbFile:41 - Overriding database path with different value: C:\Users\jespe\.stmcufinder\plugins\mcufinder/ => C:\Users\jespe\.stmcufinder\plugins\mcufinder
2023-10-31 09:32:31,897 [INFO] CrossReferenceDbSqlite:203 - Set database path to: C:\Users\jespe\.stmcufinder\plugins\mcufinder//mcu/cs/
2023-10-31 09:32:31,966 [INFO] MainPanel:262 - HeapMemory: 268435456
2023-10-31 09:32:32,053 [INFO] DbMcusXml:78 - Set database path to: C:\ST\STM32CubeIDE_1.13.2\STM32CubeIDE\plugins\com.st.stm32cube.common.mx_6.9.2.202309101412\\db\/mcu/
2023-10-31 09:32:32,053 [INFO] ApiDb:274 - Set plugin database path to: C:\ST\STM32CubeIDE_1.13.2\STM32CubeIDE\plugins\com.st.stm32cube.common.mx_6.9.2.202309101412\\db\/plugins/boardmanager/
2023-10-31 09:32:32,053 [INFO] ApiDb:261 - Set plugin images path to: C:\ST\STM32CubeIDE_1.13.2\STM32CubeIDE\plugins\com.st.stm32cube.common.mx_6.9.2.202309101412\\db\/plugins/mcufinder/images/
2023-10-31 09:32:32,053 [WARN] DbFile:41 - Overriding database path with different value: C:\Users\jespe\.stmcufinder\plugins\mcufinder/ => C:\Users\jespe\.stmcufinder\plugins\mcufinder
2023-10-31 09:32:32,053 [INFO] ApiDb:250 - Set database path to: C:\Users\jespe\.stmcufinder\plugins\mcufinder//mcu/
2023-10-31 09:32:32,053 [WARN] DbFile:41 - Overriding database path with different value: C:\Users\jespe\.stmcufinder\plugins\mcufinder/ => C:\Users\jespe\.stmcufinder\plugins\mcufinder
2023-10-31 09:32:32,054 [INFO] DbMcusAds:125 - Set database path to: C:\Users\jespe\.stmcufinder\plugins\mcufinder//mcu/
2023-10-31 09:32:32,054 [WARN] DbFile:41 - Overriding database path with different value: C:\Users\jespe\.stmcufinder\plugins\mcufinder/ => C:\Users\jespe\.stmcufinder\plugins\mcufinder
2023-10-31 09:32:32,054 [WARN] DbFile:41 - Overriding database path with different value: C:\Users\jespe\.stmcufinder\plugins\mcufinder/ => C:\Users\jespe\.stmcufinder\plugins\mcufinder
2023-10-31 09:32:32,054 [INFO] CrossReferenceDbSqlite:203 - Set database path to: C:\Users\jespe\.stmcufinder\plugins\mcufinder//mcu/cs/
2023-10-31 09:32:32,070 [INFO] ApplicationProperties:184 - Using Application install path: C:\ST\STM32CubeIDE_1.13.2\STM32CubeIDE\plugins\com.st.stm32cube.common.mx_6.9.2.202309101412
2023-10-31 09:32:32,071 [INFO] PluginManage:196 - Search for loadable plugins [exclusion list=, ]
2023-10-31 09:32:32,073 [INFO] PluginManage:310 - Check plugin analytics
2023-10-31 09:32:32,227 [INFO] AnalyticsPlugin:253 - Accepted Software Licenses: 
2023-10-31 09:32:32,227 [INFO] AnalyticsPlugin:255 - Accepted CMSIS Pack Licenses: 
2023-10-31 09:32:32,228 [INFO] AnalyticsPlugin:257 - Accepted Firmware Licenses: 
2023-10-31 09:32:32,230 [INFO] PluginManage:359 - Loaded plugin analytics (category:tool,tabindex:-1)
2023-10-31 09:32:32,230 [INFO] PluginManage:310 - Check plugin cadmodel
2023-10-31 09:32:32,243 [INFO] CADModel:105 - Init CAD model plugin
2023-10-31 09:32:32,243 [INFO] PluginManage:359 - Loaded plugin cadmodel (category:power,tabindex:5)
2023-10-31 09:32:32,243 [INFO] PluginManage:310 - Check plugin clock
2023-10-31 09:32:32,259 [INFO] PluginManage:359 - Loaded plugin clock (category:base,tabindex:2)
2023-10-31 09:32:32,260 [INFO] PluginManage:310 - Check plugin ddr
2023-10-31 09:32:32,262 [INFO] PluginManage:359 - Loaded plugin ddr (category:tool,tabindex:6)
2023-10-31 09:32:32,262 [INFO] PluginManage:310 - Check plugin filemanager
2023-10-31 09:32:32,384 [INFO] PluginManage:359 - Loaded plugin filemanager (category:base,tabindex:10)
2023-10-31 09:32:32,384 [INFO] PluginManage:310 - Check plugin ipmanager
2023-10-31 09:32:32,392 [INFO] PluginManage:359 - Loaded plugin ipmanager (category:base,tabindex:5)
2023-10-31 09:32:32,392 [INFO] PluginManage:310 - Check plugin lpbam
2023-10-31 09:32:32,408 [INFO] PluginManage:359 - Loaded plugin lpbam (category:base,tabindex:0)
2023-10-31 09:32:32,408 [INFO] PluginManage:310 - Check plugin memorymap
2023-10-31 09:32:32,430 [INFO] PluginManage:359 - Loaded plugin memorymap (category:base,tabindex:4)
2023-10-31 09:32:32,430 [INFO] PluginManage:310 - Check plugin pinoutandconfiguration
2023-10-31 09:32:32,446 [INFO] PluginManage:359 - Loaded plugin pinoutandconfiguration (category:base,tabindex:1)
2023-10-31 09:32:32,446 [INFO] PluginManage:310 - Check plugin pinoutconfig
2023-10-31 09:32:32,542 [WARN] SupportedApi:132 - Cannot load RTOS API schema: s4s-elt-must-match.1: The content of 'definitions' must match (annotation?, (simpleType | complexType)?, (unique | key | keyref)*)). A problem was found starting at: attribute.
2023-10-31 09:32:32,670 [INFO] PluginManage:359 - Loaded plugin pinoutconfig (category:base,tabindex:0)
2023-10-31 09:32:32,671 [INFO] PluginManage:310 - Check plugin power
2023-10-31 09:32:32,688 [INFO] PluginManage:359 - Loaded plugin power (category:power,tabindex:4)
2023-10-31 09:32:32,688 [INFO] PluginManage:310 - Check plugin projectmanager
2023-10-31 09:32:32,699 [INFO] PluginManage:359 - Loaded plugin projectmanager (category:projectmanager,tabindex:3)
2023-10-31 09:32:32,700 [INFO] PluginManage:310 - Check plugin thirdparty
2023-10-31 09:32:32,928 [INFO] PluginManage:359 - Loaded plugin thirdparty (category:base,tabindex:-1)
2023-10-31 09:32:32,928 [WARN] IntegrityCheckThread:84 - waiting for thirdparty lock release [integrity check]
2023-10-31 09:32:32,928 [INFO] PluginManage:310 - Check plugin tools
2023-10-31 09:32:32,928 [INFO] IntegrityCheckThread:86 - entering critical section [integrity check]
2023-10-31 09:32:32,929 [INFO] ThirdPartyUpdaterWithRetryManager:70 - Updater plugin not ready yet. [1/15]
2023-10-31 09:32:32,954 [INFO] PluginManage:359 - Loaded plugin tools (category:base,tabindex:7)
2023-10-31 09:32:32,955 [INFO] PluginManage:310 - Check plugin tutovideos
2023-10-31 09:32:33,129 [INFO] PluginManage:359 - Loaded plugin tutovideos (category:base,tabindex:-1)
2023-10-31 09:32:33,129 [INFO] PluginManage:310 - Check plugin updater
2023-10-31 09:32:33,140 [INFO] PluginManage:359 - Loaded plugin updater (category:base,tabindex:12)
2023-10-31 09:32:33,140 [INFO] PluginManage:310 - Check plugin userauth
2023-10-31 09:32:33,145 [INFO] UserAuth:113 - Init User Auth plugin
2023-10-31 09:32:33,145 [INFO] PluginManage:359 - Loaded plugin userauth (category:base,tabindex:14)
2023-10-31 09:32:33,146 [INFO] PluginManage:283 - PluginManage : Loaded plugins [17]
2023-10-31 09:32:33,351 [INFO] PinOutPanel:1499 - setPackage(No Configuration,No Configuration)
2023-10-31 09:32:33,445 [INFO] CADModel:165 - CPN selected for project level
2023-10-31 09:32:33,445 [INFO] CADModel:114 - Register for checkConnection events
2023-10-31 09:32:33,469 [INFO] IPUIPlugin:80 - create IPUIPlugin
2023-10-31 09:32:33,469 [INFO] PluginManager:220 - loadIPPluginJar : add adc
2023-10-31 09:32:33,496 [INFO] IPUIPlugin:80 - create IPUIPlugin
2023-10-31 09:32:33,496 [INFO] PluginManager:220 - loadIPPluginJar : add aes
2023-10-31 09:32:33,528 [INFO] IPUIPlugin:80 - create IPUIPlugin
2023-10-31 09:32:33,528 [INFO] PluginManager:220 - loadIPPluginJar : add can
2023-10-31 09:32:33,546 [INFO] IPUIPlugin:80 - create IPUIPlugin
2023-10-31 09:32:33,546 [INFO] PluginManager:220 - loadIPPluginJar : add comp
2023-10-31 09:32:33,572 [INFO] IPUIPlugin:80 - create IPUIPlugin
2023-10-31 09:32:33,572 [INFO] PluginManager:220 - loadIPPluginJar : add cryp
2023-10-31 09:32:33,594 [INFO] IPUIPlugin:80 - create IPUIPlugin
2023-10-31 09:32:33,594 [INFO] PluginManager:220 - loadIPPluginJar : add dfsdm
2023-10-31 09:32:33,605 [INFO] IPUIPlugin:80 - create IPUIPlugin
2023-10-31 09:32:33,606 [INFO] PluginManager:220 - loadIPPluginJar : add dma
2023-10-31 09:32:33,638 [INFO] IPUIPlugin:80 - create IPUIPlugin
2023-10-31 09:32:33,638 [INFO] PluginManager:220 - loadIPPluginJar : add dma3
2023-10-31 09:32:33,653 [INFO] IPUIPlugin:80 - create IPUIPlugin
2023-10-31 09:32:33,653 [INFO] PluginManager:220 - loadIPPluginJar : add fatfs
2023-10-31 09:32:33,688 [INFO] IPUIPlugin:80 - create IPUIPlugin
2023-10-31 09:32:33,688 [INFO] PluginManager:220 - loadIPPluginJar : add fmc
2023-10-31 09:32:33,700 [INFO] IPUIPlugin:80 - create IPUIPlugin
2023-10-31 09:32:33,700 [INFO] PluginManager:220 - loadIPPluginJar : add freertos
2023-10-31 09:32:33,715 [INFO] IPUIPlugin:80 - create IPUIPlugin
2023-10-31 09:32:33,715 [INFO] PluginManager:220 - loadIPPluginJar : add genericplugin
2023-10-31 09:32:33,782 [INFO] IPUIPlugin:80 - create IPUIPlugin
2023-10-31 09:32:33,782 [INFO] PluginManager:220 - loadIPPluginJar : add gfxmmu
2023-10-31 09:32:33,879 [INFO] IPUIPlugin:80 - create IPUIPlugin
2023-10-31 09:32:33,880 [INFO] PluginManager:220 - loadIPPluginJar : add gic
2023-10-31 09:32:33,897 [INFO] IPUIPlugin:80 - create IPUIPlugin
2023-10-31 09:32:33,897 [INFO] PluginManager:220 - loadIPPluginJar : add gpio
2023-10-31 09:32:33,964 [INFO] IPUIPlugin:80 - create IPUIPlugin
2023-10-31 09:32:33,964 [INFO] PluginManager:220 - loadIPPluginJar : add gtzc
2023-10-31 09:32:33,988 [INFO] IPUIPlugin:80 - create IPUIPlugin
2023-10-31 09:32:33,988 [INFO] PluginManager:220 - loadIPPluginJar : add hash
2023-10-31 09:32:34,026 [INFO] IPUIPlugin:80 - create IPUIPlugin
2023-10-31 09:32:34,026 [INFO] PluginManager:220 - loadIPPluginJar : add i2c
2023-10-31 09:32:34,055 [INFO] IPUIPlugin:80 - create IPUIPlugin
2023-10-31 09:32:34,055 [INFO] PluginManager:220 - loadIPPluginJar : add i2s
2023-10-31 09:32:34,086 [INFO] IPUIPlugin:80 - create IPUIPlugin
2023-10-31 09:32:34,086 [INFO] PluginManager:220 - loadIPPluginJar : add i3c
2023-10-31 09:32:34,167 [INFO] IPUIPlugin:80 - create IPUIPlugin
2023-10-31 09:32:34,167 [INFO] PluginManager:220 - loadIPPluginJar : add ipddr
2023-10-31 09:32:34,237 [INFO] IPUIPlugin:80 - create IPUIPlugin
2023-10-31 09:32:34,237 [INFO] PluginManager:220 - loadIPPluginJar : add linkedlist
2023-10-31 09:32:34,263 [INFO] IPUIPlugin:80 - create IPUIPlugin
2023-10-31 09:32:34,263 [INFO] PluginManager:220 - loadIPPluginJar : add lorawan
2023-10-31 09:32:34,290 [INFO] IPUIPlugin:80 - create IPUIPlugin
2023-10-31 09:32:34,290 [INFO] PluginManager:220 - loadIPPluginJar : add ltdc
2023-10-31 09:32:34,301 [INFO] IPUIPlugin:80 - create IPUIPlugin
2023-10-31 09:32:34,302 [INFO] PluginManager:220 - loadIPPluginJar : add mdma
2023-10-31 09:32:34,311 [INFO] IPUIPlugin:80 - create IPUIPlugin
2023-10-31 09:32:34,312 [INFO] PluginManager:220 - loadIPPluginJar : add nvic
2023-10-31 09:32:34,338 [INFO] IPUIPlugin:80 - create IPUIPlugin
2023-10-31 09:32:34,338 [INFO] PluginManager:220 - loadIPPluginJar : add opamp
2023-10-31 09:32:34,381 [INFO] IPUIPlugin:80 - create IPUIPlugin
2023-10-31 09:32:34,382 [INFO] PluginManager:220 - loadIPPluginJar : add openamp
2023-10-31 09:32:34,417 [INFO] IPUIPlugin:80 - create IPUIPlugin
2023-10-31 09:32:34,417 [INFO] PluginManager:220 - loadIPPluginJar : add pdm2pcm
2023-10-31 09:32:34,429 [INFO] IPUIPlugin:80 - create IPUIPlugin
2023-10-31 09:32:34,430 [INFO] PluginManager:220 - loadIPPluginJar : add plateformsettings
2023-10-31 09:32:34,446 [INFO] IPUIPlugin:80 - create IPUIPlugin
2023-10-31 09:32:34,446 [INFO] PluginManager:220 - loadIPPluginJar : add quadspi
2023-10-31 09:32:34,456 [INFO] IPUIPlugin:80 - create IPUIPlugin
2023-10-31 09:32:34,457 [INFO] PluginManager:220 - loadIPPluginJar : add resmgrutility
2023-10-31 09:32:34,492 [INFO] IPUIPlugin:80 - create IPUIPlugin
2023-10-31 09:32:34,492 [INFO] PluginManager:220 - loadIPPluginJar : add sai
2023-10-31 09:32:34,522 [INFO] IPUIPlugin:80 - create IPUIPlugin
2023-10-31 09:32:34,522 [INFO] PluginManager:220 - loadIPPluginJar : add spi
2023-10-31 09:32:34,566 [INFO] IPUIPlugin:80 - create IPUIPlugin
2023-10-31 09:32:34,566 [INFO] PluginManager:220 - loadIPPluginJar : add stm32_wpan
2023-10-31 09:32:34,594 [INFO] IPUIPlugin:80 - create IPUIPlugin
2023-10-31 09:32:34,594 [INFO] PluginManager:220 - loadIPPluginJar : add tim
2023-10-31 09:32:34,637 [INFO] IPUIPlugin:80 - create IPUIPlugin
2023-10-31 09:32:34,637 [INFO] PluginManager:220 - loadIPPluginJar : add touchsensing
2023-10-31 09:32:34,657 [INFO] IPUIPlugin:80 - create IPUIPlugin
2023-10-31 09:32:34,657 [INFO] PluginManager:220 - loadIPPluginJar : add tracer_emb
2023-10-31 09:32:34,675 [INFO] IPUIPlugin:80 - create IPUIPlugin
2023-10-31 09:32:34,675 [INFO] PluginManager:220 - loadIPPluginJar : add ts
2023-10-31 09:32:34,692 [INFO] IPUIPlugin:80 - create IPUIPlugin
2023-10-31 09:32:34,692 [INFO] PluginManager:220 - loadIPPluginJar : add tsc
2023-10-31 09:32:34,711 [INFO] IPUIPlugin:80 - create IPUIPlugin
2023-10-31 09:32:34,711 [INFO] PluginManager:220 - loadIPPluginJar : add ucpd
2023-10-31 09:32:34,745 [INFO] IPUIPlugin:80 - create IPUIPlugin
2023-10-31 09:32:34,745 [INFO] PluginManager:220 - loadIPPluginJar : add usart
2023-10-31 09:32:34,778 [INFO] IPUIPlugin:80 - create IPUIPlugin
2023-10-31 09:32:34,778 [INFO] PluginManager:220 - loadIPPluginJar : add usbx
2023-10-31 09:32:34,901 [INFO] CADModel:165 - CPN selected for project level
2023-10-31 09:32:34,901 [INFO] CADModel:114 - Register for checkConnection events
2023-10-31 09:32:34,902 [FATAL] Updater:308 - Updater called before beeing initialized
2023-10-31 09:32:34,902 [ERROR] CADModel:125 - Updater not yet initialized, retry later 
2023-10-31 09:32:35,029 [INFO] CADModel:165 - CPN selected for project level
2023-10-31 09:32:35,029 [INFO] CADModel:114 - Register for checkConnection events
2023-10-31 09:32:35,029 [FATAL] Updater:308 - Updater called before beeing initialized
2023-10-31 09:32:35,029 [ERROR] CADModel:125 - Updater not yet initialized, retry later 
2023-10-31 09:32:35,033 [FATAL] Updater:308 - Updater called before beeing initialized
2023-10-31 09:32:35,120 [FATAL] Updater:308 - Updater called before beeing initialized
2023-10-31 09:32:35,129 [INFO] DbMcusAds:53 - JSON generation date=Tue Mar 07 09:50:55 CET 2023 (1678179055114)
2023-10-31 09:32:35,129 [FATAL] Updater:308 - Updater called before beeing initialized
2023-10-31 09:32:35,195 [WARN] DetailPanel:346 - Failed to get advertising image, set to default
2023-10-31 09:32:35,285 [FATAL] Updater:308 - Updater called before beeing initialized
2023-10-31 09:32:35,287 [FATAL] Updater:308 - Updater called before beeing initialized
2023-10-31 09:32:35,287 [FATAL] Updater:308 - Updater called before beeing initialized
2023-10-31 09:32:35,287 [WARN] DetailPanel:346 - Failed to get advertising image, set to default
2023-10-31 09:32:35,288 [FATAL] Updater:308 - Updater called before beeing initialized
2023-10-31 09:32:35,335 [ERROR] Updater:1120 - MainUpdater not yet initialized. External WinMGr cannot be set.
2023-10-31 09:32:35,344 [INFO] Updater:1056 - Updater Version found : 6.9.2
2023-10-31 09:32:35,360 [INFO] ApplicationProperties:184 - Using Application install path: C:\ST\STM32CubeIDE_1.13.2\STM32CubeIDE\plugins\com.st.stm32cube.common.mx_6.9.2.202309101412
2023-10-31 09:32:35,482 [INFO] MainUpdater:2868 - connection check result : 10
2023-10-31 09:32:35,483 [INFO] MainUpdater:285 - Updater Check For Update Now.
2023-10-31 09:32:35,483 [INFO] MicroXplorer:498 - Change Database Version : DB.6.0.92
2023-10-31 09:32:35,497 [INFO] McuFinderGlobals:63 - Set McuFinder mode to 2 (CubeIDE integrated)
2023-10-31 09:32:35,671 [INFO] CheckServerUpdateThread:120 - End of CheckServer Thread
2023-10-31 09:32:36,103 [WARN] PackLoader:240 - Cannot read IP mode file for STMicroelectronics.X-CUBE-SMBUS.2.1.0
2023-10-31 09:32:36,139 [WARN] PackLoader:240 - Cannot read IP mode file for STMicroelectronics.X-CUBE-AZRTOS-F7.1.1.0
2023-10-31 09:32:36,155 [WARN] PackLoader:240 - Cannot read IP mode file for STMicroelectronics.FP-SNS-MOTENV1.4.3.2
2023-10-31 09:32:36,167 [WARN] PackLoader:240 - Cannot read IP mode file for STMicroelectronics.FP-SNS-FLIGHT1.5.0.2
2023-10-31 09:32:36,183 [WARN] PackLoader:240 - Cannot read IP mode file for STMicroelectronics.X-CUBE-DISPLAY.3.0.0
2023-10-31 09:32:36,200 [WARN] PackLoader:240 - Cannot read IP mode file for STMicroelectronics.X-CUBE-BLE1.7.0.0
2023-10-31 09:32:36,211 [WARN] PackLoader:240 - Cannot read IP mode file for emotas.I-CUBE-CANOPEN.1.3.0
2023-10-31 09:32:36,222 [WARN] PackLoader:240 - Cannot read IP mode file for STMicroelectronics.X-CUBE-TOUCHGFX.4.22.0
2023-10-31 09:32:36,231 [WARN] PackLoader:240 - Cannot read IP mode file for STMicroelectronics.X-CUBE-TOUCHGFX.4.22.1
2023-10-31 09:32:36,241 [WARN] PackLoader:240 - Cannot read IP mode file for STMicroelectronics.FP-SNS-SMARTAG2.1.2.0
2023-10-31 09:32:36,259 [INFO] LogOutputStream:77 - [STDOUT_REDIRECT] 1 : Invalid condition id : UX_CORESTACK_Condition cause : null
2023-10-31 09:32:36,259 [INFO] LogOutputStream:77 - [STDOUT_REDIRECT] 1 : Invalid condition id : UX_CORESTACK_Condition cause : null
2023-10-31 09:32:36,260 [INFO] LogOutputStream:77 - [STDOUT_REDIRECT] 1 : Invalid condition id : UX_CORESTACK_Condition cause : null
2023-10-31 09:32:36,262 [INFO] LogOutputStream:77 - [STDOUT_REDIRECT] 1 : Invalid condition id : UX_CORESTACK_Condition cause : null
2023-10-31 09:32:36,262 [INFO] LogOutputStream:77 - [STDOUT_REDIRECT] 1 : Invalid condition id : UX_CORESTACK_Condition cause : null
2023-10-31 09:32:36,265 [WARN] PackLoader:240 - Cannot read IP mode file for STMicroelectronics.X-CUBE-AZRTOS-WL.2.0.0
2023-10-31 09:32:36,279 [WARN] PackLoader:240 - Cannot read IP mode file for WES.I-CUBE-Cesium.1.3.0
2023-10-31 09:32:36,290 [WARN] PackLoader:240 - Cannot read IP mode file for STMicroelectronics.X-CUBE-BLE2.3.3.0
2023-10-31 09:32:36,302 [WARN] PackLoader:240 - Cannot read IP mode file for STMicroelectronics.X-CUBE-ALGOBUILD.1.3.0
2023-10-31 09:32:36,326 [WARN] PackLoader:240 - Cannot read IP mode file for STMicroelectronics.X-CUBE-AZRTOS-G0.1.1.0
2023-10-31 09:32:36,340 [WARN] PackLoader:240 - Cannot read IP mode file for STMicroelectronics.X-CUBE-NFC4.3.0.0
2023-10-31 09:32:36,351 [WARN] PackLoader:240 - Cannot read IP mode file for STMicroelectronics.FP-ATR-SIGFOX1.3.2.0
2023-10-31 09:32:36,389 [WARN] PackLoader:240 - Cannot read IP mode file for SEGGER.I-CUBE-embOS.1.3.1
2023-10-31 09:32:36,424 [WARN] PackLoader:240 - Cannot read IP mode file for STMicroelectronics.X-CUBE-GNSS1.6.0.0
2023-10-31 09:32:36,449 [WARN] PackLoader:240 - Cannot read IP mode file for STMicroelectronics.X-CUBE-AZRTOS-F4.1.1.0
2023-10-31 09:32:36,460 [WARN] PackLoader:240 - Cannot read IP mode file for wolfSSL.I-CUBE-wolfSSL.5.6.3
2023-10-31 09:32:36,484 [WARN] PackLoader:240 - Cannot read IP mode file for STMicroelectronics.X-CUBE-AZRTOS-L5.2.0.0
2023-10-31 09:32:36,526 [WARN] PackLoader:240 - Cannot read IP mode file for STMicroelectronics.X-CUBE-MEMS1.9.6.0
2023-10-31 09:32:36,650 [WARN] PackLoader:240 - Cannot read IP mode file for STMicroelectronics.X-CUBE-EEPRMA1.4.2.0
2023-10-31 09:32:36,662 [WARN] PackLoader:240 - Cannot read IP mode file for ITTIA_DB.I-CUBE-ITTIADB.8.8.0
2023-10-31 09:32:36,676 [WARN] PackLoader:240 - Cannot read IP mode file for STMicroelectronics.X-CUBE-BLEMGR.2.0.0
2023-10-31 09:32:36,700 [WARN] ConditionMgr:438 - getConditionDescription Invalid condition id : UX DEVICE CLASS RTOS Condition cause : null
2023-10-31 09:32:36,700 [WARN] ConditionMgr:438 - getConditionDescription Invalid condition id : UX DEVICE CLASS RTOS Condition cause : null
2023-10-31 09:32:36,702 [WARN] PackLoader:240 - Cannot read IP mode file for STMicroelectronics.X-CUBE-AZRTOS-H7.3.1.0
2023-10-31 09:32:36,703 [WARN] ConditionMgr:1039 - genDependencies : Invalid condition id : UX DEVICE CLASS RTOS Condition cause : null
2023-10-31 09:32:36,703 [WARN] ConditionMgr:1039 - genDependencies : Invalid condition id : UX DEVICE CLASS RTOS Condition cause : null
2023-10-31 09:32:36,704 [WARN] ConditionMgr:1039 - genDependencies : Invalid condition id : UX DEVICE CLASS RTOS Condition cause : null
2023-10-31 09:32:36,704 [WARN] ConditionMgr:1039 - genDependencies : Invalid condition id : UX DEVICE CLASS RTOS Condition cause : null
2023-10-31 09:32:36,704 [WARN] ConditionMgr:1039 - genDependencies : Invalid condition id : UX DEVICE CLASS RTOS Condition cause : null
2023-10-31 09:32:36,716 [WARN] PackLoader:240 - Cannot read IP mode file for STMicroelectronics.X-CUBE-NFC7.1.0.1
2023-10-31 09:32:36,728 [WARN] PackLoader:240 - Cannot read IP mode file for STMicroelectronics.X-CUBE-NFC6.3.0.0
2023-10-31 09:32:36,740 [WARN] PackLoader:240 - Cannot read IP mode file for STMicroelectronics.X-CUBE-EEPRMA1.4.1.0
2023-10-31 09:32:36,750 [WARN] PackLoader:240 - Cannot read IP mode file for STMicroelectronics.X-CUBE-AI.8.1.0
2023-10-31 09:32:36,781 [WARN] ConditionMgr:438 - getConditionDescription Invalid condition id : LAN8742 Phy interface Condition cause : null
2023-10-31 09:32:36,781 [WARN] PackLoader:240 - Cannot read IP mode file for STMicroelectronics.X-CUBE-AZRTOS-L4.2.0.0
2023-10-31 09:32:36,782 [WARN] ConditionMgr:1039 - genDependencies : Invalid condition id : LAN8742 Phy interface Condition cause : null
2023-10-31 09:32:36,782 [WARN] ConditionMgr:1039 - genDependencies : Invalid condition id : LAN8742 Phy interface Condition cause : null
2023-10-31 09:32:36,783 [WARN] ConditionMgr:1039 - genDependencies : Invalid condition id : LAN8742 Phy interface Condition cause : null
2023-10-31 09:32:36,798 [WARN] PackLoader:240 - Cannot read IP mode file for STMicroelectronics.X-CUBE-SFXS2LP1.4.0.0
2023-10-31 09:32:36,811 [WARN] PackLoader:240 - Cannot read IP mode file for STMicroelectronics.X-CUBE-ISPU.1.1.0
2023-10-31 09:32:36,850 [WARN] ConditionMgr:438 - getConditionDescription Invalid condition id : UX DEVICE CLASS RTOS Condition cause : null
2023-10-31 09:32:36,850 [WARN] ConditionMgr:438 - getConditionDescription Invalid condition id : UX DEVICE CLASS RTOS Condition cause : null
2023-10-31 09:32:36,853 [WARN] PackLoader:240 - Cannot read IP mode file for STMicroelectronics.X-CUBE-AZRTOS-WB.2.0.0
2023-10-31 09:32:36,854 [WARN] ConditionMgr:1039 - genDependencies : Invalid condition id : UX DEVICE CLASS RTOS Condition cause : null
2023-10-31 09:32:36,854 [WARN] ConditionMgr:1039 - genDependencies : Invalid condition id : UX DEVICE CLASS RTOS Condition cause : null
2023-10-31 09:32:36,854 [WARN] ConditionMgr:1039 - genDependencies : Invalid condition id : UX DEVICE CLASS RTOS Condition cause : null
2023-10-31 09:32:36,855 [WARN] ConditionMgr:1039 - genDependencies : Invalid condition id : UX DEVICE CLASS RTOS Condition cause : null
2023-10-31 09:32:36,855 [WARN] ConditionMgr:1039 - genDependencies : Invalid condition id : UX DEVICE CLASS RTOS Condition cause : null
2023-10-31 09:32:36,879 [WARN] PackLoader:240 - Cannot read IP mode file for STMicroelectronics.X-CUBE-SUBG2.5.0.0
2023-10-31 09:32:36,896 [WARN] PackLoader:240 - Cannot read IP mode file for STMicroelectronics.X-CUBE-TOF1.3.3.1
2023-10-31 09:32:36,923 [WARN] PackLoader:240 - Cannot read IP mode file for STMicroelectronics.X-CUBE-AZRTOS-G4.2.0.0
2023-10-31 09:32:36,942 [WARN] PackLoader:240 - Cannot read IP mode file for Infineon.AIROC-Wi-Fi-Bluetooth-STM32.1.5.1
2023-10-31 09:32:36,980 [WARN] PackLoader:240 - Cannot read IP mode file for STMicroelectronics.X-CUBE-MEMS1.10.0.0
2023-10-31 09:32:37,065 [WARN] PackLoader:240 - Cannot read IP mode file for STMicroelectronics.X-CUBE-FREERTOS.1.1.0
2023-10-31 09:32:37,077 [WARN] PackLoader:240 - Cannot read IP mode file for portGmbH.I-Cube-SoM-uGOAL.1.1.0
2023-10-31 09:32:37,087 [WARN] PackLoader:240 - Cannot read IP mode file for STMicroelectronics.X-CUBE-ALS.1.0.1
2023-10-31 09:32:37,096 [WARN] PackLoader:240 - Cannot read IP mode file for STMicroelectronics.FP-ATR-ASTRA1.2.0.0
2023-10-31 09:32:37,097 [INFO] ThirdParty:978 - Integrity check success = true
2023-10-31 09:32:37,097 [INFO] IntegrityCheckThread:100 - exiting critical section [integrity check]
2023-10-31 09:32:37,097 [INFO] IntegrityCheckThread:103 - End integrity checks thread
