2024-01-15 09:32:08,162 [INFO] Activator:176 - 


2024-01-15 09:32:08,167 [INFO] Activator:177 - !SESSION log4j initialized
2024-01-15 09:32:13,630 [INFO] LogOutputStream:77 - [STDOUT_REDIRECT] 
2024-01-15 09:32:15,162 [INFO] ApplicationProperties:184 - Using Application install path: C:\ST\STM32CubeIDE_1.13.2\STM32CubeIDE\plugins\com.st.stm32cube.common.mx_6.9.2.202309101412
2024-01-15 09:32:15,179 [INFO] DbMcusXml:78 - Set database path to: C:\ST\STM32CubeIDE_1.13.2\STM32CubeIDE\plugins\com.st.stm32cube.common.mx_6.9.2.202309101412\\db\/mcu/
2024-01-15 09:32:15,179 [INFO] ApiDb:274 - Set plugin database path to: C:\ST\STM32CubeIDE_1.13.2\STM32CubeIDE\plugins\com.st.stm32cube.common.mx_6.9.2.202309101412\\db\/plugins/boardmanager/
2024-01-15 09:32:15,252 [WARN] ApiDb:259 - Overriding images path with different value:  => C:\ST\STM32CubeIDE_1.13.2\STM32CubeIDE\plugins\com.st.stm32cube.common.mx_6.9.2.202309101412\\db\/plugins/mcufinder/images/
2024-01-15 09:32:15,261 [INFO] ApiDb:250 - Set database path to: C:\Users\jespe\.stmcufinder\plugins\mcufinder//mcu/
2024-01-15 09:32:15,262 [INFO] DbMcusAds:125 - Set database path to: C:\Users\jespe\.stmcufinder\plugins\mcufinder//mcu/
2024-01-15 09:32:15,264 [INFO] CrossReferenceDbSqlite:203 - Set database path to: C:\Users\jespe\.stmcufinder\plugins\mcufinder//mcu/cs/
2024-01-15 09:32:15,367 [INFO] RulesReader:64 - Compatibility file has been processed (293 Rules)
2024-01-15 09:32:15,462 [INFO] DbMcusXml:78 - Set database path to: C:\ST\STM32CubeIDE_1.13.2\STM32CubeIDE\plugins\com.st.stm32cube.common.mx_6.9.2.202309101412\\db\/mcu/
2024-01-15 09:32:15,462 [INFO] ApiDb:274 - Set plugin database path to: C:\ST\STM32CubeIDE_1.13.2\STM32CubeIDE\plugins\com.st.stm32cube.common.mx_6.9.2.202309101412\\db\/plugins/boardmanager/
2024-01-15 09:32:15,463 [INFO] ApiDb:261 - Set plugin images path to: C:\ST\STM32CubeIDE_1.13.2\STM32CubeIDE\plugins\com.st.stm32cube.common.mx_6.9.2.202309101412\\db\/plugins/mcufinder/images/
2024-01-15 09:32:15,463 [WARN] DbFile:41 - Overriding database path with different value: C:\Users\jespe\.stmcufinder\plugins\mcufinder/ => C:\Users\jespe\.stmcufinder\plugins\mcufinder
2024-01-15 09:32:15,463 [INFO] ApiDb:250 - Set database path to: C:\Users\jespe\.stmcufinder\plugins\mcufinder//mcu/
2024-01-15 09:32:15,463 [WARN] DbFile:41 - Overriding database path with different value: C:\Users\jespe\.stmcufinder\plugins\mcufinder/ => C:\Users\jespe\.stmcufinder\plugins\mcufinder
2024-01-15 09:32:15,463 [INFO] DbMcusAds:125 - Set database path to: C:\Users\jespe\.stmcufinder\plugins\mcufinder//mcu/
2024-01-15 09:32:15,463 [WARN] DbFile:41 - Overriding database path with different value: C:\Users\jespe\.stmcufinder\plugins\mcufinder/ => C:\Users\jespe\.stmcufinder\plugins\mcufinder
2024-01-15 09:32:15,463 [WARN] DbFile:41 - Overriding database path with different value: C:\Users\jespe\.stmcufinder\plugins\mcufinder/ => C:\Users\jespe\.stmcufinder\plugins\mcufinder
2024-01-15 09:32:15,463 [INFO] CrossReferenceDbSqlite:203 - Set database path to: C:\Users\jespe\.stmcufinder\plugins\mcufinder//mcu/cs/
2024-01-15 09:32:15,543 [INFO] MainPanel:262 - HeapMemory: 268435456
2024-01-15 09:32:15,630 [INFO] DbMcusXml:78 - Set database path to: C:\ST\STM32CubeIDE_1.13.2\STM32CubeIDE\plugins\com.st.stm32cube.common.mx_6.9.2.202309101412\\db\/mcu/
2024-01-15 09:32:15,630 [INFO] ApiDb:274 - Set plugin database path to: C:\ST\STM32CubeIDE_1.13.2\STM32CubeIDE\plugins\com.st.stm32cube.common.mx_6.9.2.202309101412\\db\/plugins/boardmanager/
2024-01-15 09:32:15,630 [INFO] ApiDb:261 - Set plugin images path to: C:\ST\STM32CubeIDE_1.13.2\STM32CubeIDE\plugins\com.st.stm32cube.common.mx_6.9.2.202309101412\\db\/plugins/mcufinder/images/
2024-01-15 09:32:15,631 [WARN] DbFile:41 - Overriding database path with different value: C:\Users\jespe\.stmcufinder\plugins\mcufinder/ => C:\Users\jespe\.stmcufinder\plugins\mcufinder
2024-01-15 09:32:15,631 [INFO] ApiDb:250 - Set database path to: C:\Users\jespe\.stmcufinder\plugins\mcufinder//mcu/
2024-01-15 09:32:15,631 [WARN] DbFile:41 - Overriding database path with different value: C:\Users\jespe\.stmcufinder\plugins\mcufinder/ => C:\Users\jespe\.stmcufinder\plugins\mcufinder
2024-01-15 09:32:15,631 [INFO] DbMcusAds:125 - Set database path to: C:\Users\jespe\.stmcufinder\plugins\mcufinder//mcu/
2024-01-15 09:32:15,631 [WARN] DbFile:41 - Overriding database path with different value: C:\Users\jespe\.stmcufinder\plugins\mcufinder/ => C:\Users\jespe\.stmcufinder\plugins\mcufinder
2024-01-15 09:32:15,631 [WARN] DbFile:41 - Overriding database path with different value: C:\Users\jespe\.stmcufinder\plugins\mcufinder/ => C:\Users\jespe\.stmcufinder\plugins\mcufinder
2024-01-15 09:32:15,631 [INFO] CrossReferenceDbSqlite:203 - Set database path to: C:\Users\jespe\.stmcufinder\plugins\mcufinder//mcu/cs/
2024-01-15 09:32:15,648 [INFO] ApplicationProperties:184 - Using Application install path: C:\ST\STM32CubeIDE_1.13.2\STM32CubeIDE\plugins\com.st.stm32cube.common.mx_6.9.2.202309101412
2024-01-15 09:32:15,649 [INFO] PluginManage:196 - Search for loadable plugins [exclusion list=, ]
2024-01-15 09:32:15,650 [INFO] PluginManage:310 - Check plugin analytics
2024-01-15 09:32:15,796 [INFO] AnalyticsPlugin:253 - Accepted Software Licenses: 
2024-01-15 09:32:15,796 [INFO] AnalyticsPlugin:255 - Accepted CMSIS Pack Licenses: 
2024-01-15 09:32:15,796 [INFO] AnalyticsPlugin:257 - Accepted Firmware Licenses: 
2024-01-15 09:32:15,799 [INFO] PluginManage:359 - Loaded plugin analytics (category:tool,tabindex:-1)
2024-01-15 09:32:15,800 [INFO] PluginManage:310 - Check plugin cadmodel
2024-01-15 09:32:15,812 [INFO] CADModel:105 - Init CAD model plugin
2024-01-15 09:32:15,813 [INFO] PluginManage:359 - Loaded plugin cadmodel (category:power,tabindex:5)
2024-01-15 09:32:15,813 [INFO] PluginManage:310 - Check plugin clock
2024-01-15 09:32:15,830 [INFO] PluginManage:359 - Loaded plugin clock (category:base,tabindex:2)
2024-01-15 09:32:15,830 [INFO] PluginManage:310 - Check plugin ddr
2024-01-15 09:32:15,833 [INFO] PluginManage:359 - Loaded plugin ddr (category:tool,tabindex:6)
2024-01-15 09:32:15,833 [INFO] PluginManage:310 - Check plugin filemanager
2024-01-15 09:32:15,949 [INFO] PluginManage:359 - Loaded plugin filemanager (category:base,tabindex:10)
2024-01-15 09:32:15,949 [INFO] PluginManage:310 - Check plugin ipmanager
2024-01-15 09:32:15,960 [INFO] PluginManage:359 - Loaded plugin ipmanager (category:base,tabindex:5)
2024-01-15 09:32:15,960 [INFO] PluginManage:310 - Check plugin lpbam
2024-01-15 09:32:15,977 [INFO] PluginManage:359 - Loaded plugin lpbam (category:base,tabindex:0)
2024-01-15 09:32:15,977 [INFO] PluginManage:310 - Check plugin memorymap
2024-01-15 09:32:16,000 [INFO] PluginManage:359 - Loaded plugin memorymap (category:base,tabindex:4)
2024-01-15 09:32:16,000 [INFO] PluginManage:310 - Check plugin pinoutandconfiguration
2024-01-15 09:32:16,016 [INFO] PluginManage:359 - Loaded plugin pinoutandconfiguration (category:base,tabindex:1)
2024-01-15 09:32:16,016 [INFO] PluginManage:310 - Check plugin pinoutconfig
2024-01-15 09:32:16,106 [WARN] SupportedApi:132 - Cannot load RTOS API schema: s4s-elt-must-match.1: The content of 'definitions' must match (annotation?, (simpleType | complexType)?, (unique | key | keyref)*)). A problem was found starting at: attribute.
2024-01-15 09:32:16,227 [INFO] PluginManage:359 - Loaded plugin pinoutconfig (category:base,tabindex:0)
2024-01-15 09:32:16,227 [INFO] PluginManage:310 - Check plugin power
2024-01-15 09:32:16,245 [INFO] PluginManage:359 - Loaded plugin power (category:power,tabindex:4)
2024-01-15 09:32:16,246 [INFO] PluginManage:310 - Check plugin projectmanager
2024-01-15 09:32:16,258 [INFO] PluginManage:359 - Loaded plugin projectmanager (category:projectmanager,tabindex:3)
2024-01-15 09:32:16,259 [INFO] PluginManage:310 - Check plugin thirdparty
2024-01-15 09:32:16,503 [INFO] PluginManage:359 - Loaded plugin thirdparty (category:base,tabindex:-1)
2024-01-15 09:32:16,503 [WARN] IntegrityCheckThread:84 - waiting for thirdparty lock release [integrity check]
2024-01-15 09:32:16,504 [INFO] PluginManage:310 - Check plugin tools
2024-01-15 09:32:16,504 [INFO] IntegrityCheckThread:86 - entering critical section [integrity check]
2024-01-15 09:32:16,504 [INFO] ThirdPartyUpdaterWithRetryManager:70 - Updater plugin not ready yet. [1/15]
2024-01-15 09:32:16,538 [INFO] PluginManage:359 - Loaded plugin tools (category:base,tabindex:7)
2024-01-15 09:32:16,538 [INFO] PluginManage:310 - Check plugin tutovideos
2024-01-15 09:32:16,741 [INFO] PluginManage:359 - Loaded plugin tutovideos (category:base,tabindex:-1)
2024-01-15 09:32:16,741 [INFO] PluginManage:310 - Check plugin updater
2024-01-15 09:32:16,752 [INFO] PluginManage:359 - Loaded plugin updater (category:base,tabindex:12)
2024-01-15 09:32:16,752 [INFO] PluginManage:310 - Check plugin userauth
2024-01-15 09:32:16,757 [INFO] UserAuth:113 - Init User Auth plugin
2024-01-15 09:32:16,757 [INFO] PluginManage:359 - Loaded plugin userauth (category:base,tabindex:14)
2024-01-15 09:32:16,757 [INFO] PluginManage:283 - PluginManage : Loaded plugins [17]
2024-01-15 09:32:16,964 [INFO] PinOutPanel:1499 - setPackage(No Configuration,No Configuration)
2024-01-15 09:32:17,074 [INFO] CADModel:165 - CPN selected for project level
2024-01-15 09:32:17,074 [INFO] CADModel:114 - Register for checkConnection events
2024-01-15 09:32:17,095 [INFO] IPUIPlugin:80 - create IPUIPlugin
2024-01-15 09:32:17,096 [INFO] PluginManager:220 - loadIPPluginJar : add adc
2024-01-15 09:32:17,124 [INFO] IPUIPlugin:80 - create IPUIPlugin
2024-01-15 09:32:17,124 [INFO] PluginManager:220 - loadIPPluginJar : add aes
2024-01-15 09:32:17,157 [INFO] IPUIPlugin:80 - create IPUIPlugin
2024-01-15 09:32:17,157 [INFO] PluginManager:220 - loadIPPluginJar : add can
2024-01-15 09:32:17,177 [INFO] IPUIPlugin:80 - create IPUIPlugin
2024-01-15 09:32:17,178 [INFO] PluginManager:220 - loadIPPluginJar : add comp
2024-01-15 09:32:17,212 [INFO] IPUIPlugin:80 - create IPUIPlugin
2024-01-15 09:32:17,212 [INFO] PluginManager:220 - loadIPPluginJar : add cryp
2024-01-15 09:32:17,240 [INFO] IPUIPlugin:80 - create IPUIPlugin
2024-01-15 09:32:17,240 [INFO] PluginManager:220 - loadIPPluginJar : add dfsdm
2024-01-15 09:32:17,253 [INFO] IPUIPlugin:80 - create IPUIPlugin
2024-01-15 09:32:17,253 [INFO] PluginManager:220 - loadIPPluginJar : add dma
2024-01-15 09:32:17,287 [INFO] IPUIPlugin:80 - create IPUIPlugin
2024-01-15 09:32:17,287 [INFO] PluginManager:220 - loadIPPluginJar : add dma3
2024-01-15 09:32:17,304 [INFO] IPUIPlugin:80 - create IPUIPlugin
2024-01-15 09:32:17,304 [INFO] PluginManager:220 - loadIPPluginJar : add fatfs
2024-01-15 09:32:17,340 [INFO] IPUIPlugin:80 - create IPUIPlugin
2024-01-15 09:32:17,340 [INFO] PluginManager:220 - loadIPPluginJar : add fmc
2024-01-15 09:32:17,353 [INFO] IPUIPlugin:80 - create IPUIPlugin
2024-01-15 09:32:17,353 [INFO] PluginManager:220 - loadIPPluginJar : add freertos
2024-01-15 09:32:17,371 [INFO] IPUIPlugin:80 - create IPUIPlugin
2024-01-15 09:32:17,371 [INFO] PluginManager:220 - loadIPPluginJar : add genericplugin
2024-01-15 09:32:17,447 [INFO] IPUIPlugin:80 - create IPUIPlugin
2024-01-15 09:32:17,447 [INFO] PluginManager:220 - loadIPPluginJar : add gfxmmu
2024-01-15 09:32:17,549 [INFO] IPUIPlugin:80 - create IPUIPlugin
2024-01-15 09:32:17,549 [INFO] PluginManager:220 - loadIPPluginJar : add gic
2024-01-15 09:32:17,562 [INFO] IPUIPlugin:80 - create IPUIPlugin
2024-01-15 09:32:17,562 [INFO] PluginManager:220 - loadIPPluginJar : add gpio
2024-01-15 09:32:17,641 [INFO] IPUIPlugin:80 - create IPUIPlugin
2024-01-15 09:32:17,641 [INFO] PluginManager:220 - loadIPPluginJar : add gtzc
2024-01-15 09:32:17,665 [INFO] IPUIPlugin:80 - create IPUIPlugin
2024-01-15 09:32:17,665 [INFO] PluginManager:220 - loadIPPluginJar : add hash
2024-01-15 09:32:17,705 [INFO] IPUIPlugin:80 - create IPUIPlugin
2024-01-15 09:32:17,705 [INFO] PluginManager:220 - loadIPPluginJar : add i2c
2024-01-15 09:32:17,734 [INFO] IPUIPlugin:80 - create IPUIPlugin
2024-01-15 09:32:17,734 [INFO] PluginManager:220 - loadIPPluginJar : add i2s
2024-01-15 09:32:17,766 [INFO] IPUIPlugin:80 - create IPUIPlugin
2024-01-15 09:32:17,766 [INFO] PluginManager:220 - loadIPPluginJar : add i3c
2024-01-15 09:32:17,846 [INFO] IPUIPlugin:80 - create IPUIPlugin
2024-01-15 09:32:17,846 [INFO] PluginManager:220 - loadIPPluginJar : add ipddr
2024-01-15 09:32:17,918 [INFO] IPUIPlugin:80 - create IPUIPlugin
2024-01-15 09:32:17,918 [INFO] PluginManager:220 - loadIPPluginJar : add linkedlist
2024-01-15 09:32:17,950 [INFO] IPUIPlugin:80 - create IPUIPlugin
2024-01-15 09:32:17,950 [INFO] PluginManager:220 - loadIPPluginJar : add lorawan
2024-01-15 09:32:17,982 [INFO] IPUIPlugin:80 - create IPUIPlugin
2024-01-15 09:32:17,982 [INFO] PluginManager:220 - loadIPPluginJar : add ltdc
2024-01-15 09:32:17,994 [INFO] IPUIPlugin:80 - create IPUIPlugin
2024-01-15 09:32:17,994 [INFO] PluginManager:220 - loadIPPluginJar : add mdma
2024-01-15 09:32:18,004 [INFO] IPUIPlugin:80 - create IPUIPlugin
2024-01-15 09:32:18,004 [INFO] PluginManager:220 - loadIPPluginJar : add nvic
2024-01-15 09:32:18,031 [INFO] IPUIPlugin:80 - create IPUIPlugin
2024-01-15 09:32:18,031 [INFO] PluginManager:220 - loadIPPluginJar : add opamp
2024-01-15 09:32:18,077 [INFO] IPUIPlugin:80 - create IPUIPlugin
2024-01-15 09:32:18,077 [INFO] PluginManager:220 - loadIPPluginJar : add openamp
2024-01-15 09:32:18,110 [INFO] IPUIPlugin:80 - create IPUIPlugin
2024-01-15 09:32:18,110 [INFO] PluginManager:220 - loadIPPluginJar : add pdm2pcm
2024-01-15 09:32:18,121 [INFO] IPUIPlugin:80 - create IPUIPlugin
2024-01-15 09:32:18,123 [INFO] PluginManager:220 - loadIPPluginJar : add plateformsettings
2024-01-15 09:32:18,140 [INFO] IPUIPlugin:80 - create IPUIPlugin
2024-01-15 09:32:18,140 [INFO] PluginManager:220 - loadIPPluginJar : add quadspi
2024-01-15 09:32:18,151 [INFO] IPUIPlugin:80 - create IPUIPlugin
2024-01-15 09:32:18,151 [INFO] PluginManager:220 - loadIPPluginJar : add resmgrutility
2024-01-15 09:32:18,189 [INFO] IPUIPlugin:80 - create IPUIPlugin
2024-01-15 09:32:18,189 [INFO] PluginManager:220 - loadIPPluginJar : add sai
2024-01-15 09:32:18,217 [INFO] IPUIPlugin:80 - create IPUIPlugin
2024-01-15 09:32:18,217 [INFO] PluginManager:220 - loadIPPluginJar : add spi
2024-01-15 09:32:18,262 [INFO] IPUIPlugin:80 - create IPUIPlugin
2024-01-15 09:32:18,262 [INFO] PluginManager:220 - loadIPPluginJar : add stm32_wpan
2024-01-15 09:32:18,283 [INFO] IPUIPlugin:80 - create IPUIPlugin
2024-01-15 09:32:18,283 [INFO] PluginManager:220 - loadIPPluginJar : add tim
2024-01-15 09:32:18,341 [INFO] IPUIPlugin:80 - create IPUIPlugin
2024-01-15 09:32:18,341 [INFO] PluginManager:220 - loadIPPluginJar : add touchsensing
2024-01-15 09:32:18,360 [INFO] IPUIPlugin:80 - create IPUIPlugin
2024-01-15 09:32:18,361 [INFO] PluginManager:220 - loadIPPluginJar : add tracer_emb
2024-01-15 09:32:18,381 [INFO] IPUIPlugin:80 - create IPUIPlugin
2024-01-15 09:32:18,382 [INFO] PluginManager:220 - loadIPPluginJar : add ts
2024-01-15 09:32:18,400 [INFO] IPUIPlugin:80 - create IPUIPlugin
2024-01-15 09:32:18,400 [INFO] PluginManager:220 - loadIPPluginJar : add tsc
2024-01-15 09:32:18,419 [INFO] IPUIPlugin:80 - create IPUIPlugin
2024-01-15 09:32:18,419 [INFO] PluginManager:220 - loadIPPluginJar : add ucpd
2024-01-15 09:32:18,454 [INFO] IPUIPlugin:80 - create IPUIPlugin
2024-01-15 09:32:18,454 [INFO] PluginManager:220 - loadIPPluginJar : add usart
2024-01-15 09:32:18,487 [INFO] IPUIPlugin:80 - create IPUIPlugin
2024-01-15 09:32:18,487 [INFO] PluginManager:220 - loadIPPluginJar : add usbx
2024-01-15 09:32:18,606 [INFO] CADModel:165 - CPN selected for project level
2024-01-15 09:32:18,606 [INFO] CADModel:114 - Register for checkConnection events
2024-01-15 09:32:18,607 [FATAL] Updater:308 - Updater called before beeing initialized
2024-01-15 09:32:18,607 [ERROR] CADModel:125 - Updater not yet initialized, retry later 
2024-01-15 09:32:18,797 [INFO] CADModel:165 - CPN selected for project level
2024-01-15 09:32:18,798 [INFO] CADModel:114 - Register for checkConnection events
2024-01-15 09:32:18,798 [FATAL] Updater:308 - Updater called before beeing initialized
2024-01-15 09:32:18,798 [ERROR] CADModel:125 - Updater not yet initialized, retry later 
2024-01-15 09:32:18,801 [FATAL] Updater:308 - Updater called before beeing initialized
2024-01-15 09:32:18,895 [FATAL] Updater:308 - Updater called before beeing initialized
2024-01-15 09:32:18,906 [INFO] DbMcusAds:53 - JSON generation date=Tue Mar 07 09:50:55 CET 2023 (1678179055114)
2024-01-15 09:32:18,906 [FATAL] Updater:308 - Updater called before beeing initialized
2024-01-15 09:32:18,977 [WARN] DetailPanel:346 - Failed to get advertising image, set to default
2024-01-15 09:32:19,067 [FATAL] Updater:308 - Updater called before beeing initialized
2024-01-15 09:32:19,070 [FATAL] Updater:308 - Updater called before beeing initialized
2024-01-15 09:32:19,070 [FATAL] Updater:308 - Updater called before beeing initialized
2024-01-15 09:32:19,070 [WARN] DetailPanel:346 - Failed to get advertising image, set to default
2024-01-15 09:32:19,071 [FATAL] Updater:308 - Updater called before beeing initialized
2024-01-15 09:32:19,123 [ERROR] Updater:1120 - MainUpdater not yet initialized. External WinMGr cannot be set.
2024-01-15 09:32:19,131 [INFO] Updater:1056 - Updater Version found : 6.9.2
2024-01-15 09:32:19,146 [INFO] ApplicationProperties:184 - Using Application install path: C:\ST\STM32CubeIDE_1.13.2\STM32CubeIDE\plugins\com.st.stm32cube.common.mx_6.9.2.202309101412
2024-01-15 09:32:19,264 [INFO] MainUpdater:2868 - connection check result : 10
2024-01-15 09:32:19,265 [INFO] MainUpdater:285 - Updater Check For Update Now.
2024-01-15 09:32:19,265 [INFO] MicroXplorer:498 - Change Database Version : DB.6.0.92
2024-01-15 09:32:19,280 [INFO] McuFinderGlobals:63 - Set McuFinder mode to 2 (CubeIDE integrated)
2024-01-15 09:32:19,457 [INFO] CheckServerUpdateThread:120 - End of CheckServer Thread
2024-01-15 09:32:19,711 [WARN] PackLoader:240 - Cannot read IP mode file for STMicroelectronics.X-CUBE-SMBUS.2.1.0
2024-01-15 09:32:19,726 [WARN] PackLoader:240 - Cannot read IP mode file for STMicroelectronics.X-CUBE-TOUCHGFX.4.23.0
2024-01-15 09:32:19,763 [WARN] PackLoader:240 - Cannot read IP mode file for STMicroelectronics.X-CUBE-AZRTOS-F7.1.1.0
2024-01-15 09:32:19,781 [WARN] PackLoader:240 - Cannot read IP mode file for STMicroelectronics.FP-SNS-MOTENV1.4.3.2
2024-01-15 09:32:19,795 [WARN] PackLoader:240 - Cannot read IP mode file for STMicroelectronics.FP-SNS-FLIGHT1.5.0.2
2024-01-15 09:32:19,815 [WARN] PackLoader:240 - Cannot read IP mode file for STMicroelectronics.X-CUBE-DISPLAY.3.0.0
2024-01-15 09:32:19,834 [WARN] PackLoader:240 - Cannot read IP mode file for STMicroelectronics.X-CUBE-BLE1.7.0.0
2024-01-15 09:32:19,848 [WARN] PackLoader:240 - Cannot read IP mode file for emotas.I-CUBE-CANOPEN.1.3.0
2024-01-15 09:32:19,860 [WARN] PackLoader:240 - Cannot read IP mode file for STMicroelectronics.X-CUBE-TOUCHGFX.4.22.0
2024-01-15 09:32:19,870 [WARN] PackLoader:240 - Cannot read IP mode file for STMicroelectronics.X-CUBE-TOUCHGFX.4.22.1
2024-01-15 09:32:19,881 [WARN] PackLoader:240 - Cannot read IP mode file for STMicroelectronics.FP-SNS-SMARTAG2.1.2.0
2024-01-15 09:32:19,900 [INFO] LogOutputStream:77 - [STDOUT_REDIRECT] 1 : Invalid condition id : UX_CORESTACK_Condition cause : null
2024-01-15 09:32:19,900 [INFO] LogOutputStream:77 - [STDOUT_REDIRECT] 1 : Invalid condition id : UX_CORESTACK_Condition cause : null
2024-01-15 09:32:19,901 [INFO] LogOutputStream:77 - [STDOUT_REDIRECT] 1 : Invalid condition id : UX_CORESTACK_Condition cause : null
2024-01-15 09:32:19,902 [INFO] LogOutputStream:77 - [STDOUT_REDIRECT] 1 : Invalid condition id : UX_CORESTACK_Condition cause : null
2024-01-15 09:32:19,903 [INFO] LogOutputStream:77 - [STDOUT_REDIRECT] 1 : Invalid condition id : UX_CORESTACK_Condition cause : null
2024-01-15 09:32:19,906 [WARN] PackLoader:240 - Cannot read IP mode file for STMicroelectronics.X-CUBE-AZRTOS-WL.2.0.0
2024-01-15 09:32:19,922 [WARN] PackLoader:240 - Cannot read IP mode file for WES.I-CUBE-Cesium.1.3.0
2024-01-15 09:32:19,934 [WARN] PackLoader:240 - Cannot read IP mode file for STMicroelectronics.X-CUBE-BLE2.3.3.0
2024-01-15 09:32:19,946 [WARN] PackLoader:240 - Cannot read IP mode file for STMicroelectronics.X-CUBE-ALGOBUILD.1.3.0
2024-01-15 09:32:19,974 [WARN] PackLoader:240 - Cannot read IP mode file for STMicroelectronics.X-CUBE-AZRTOS-G0.1.1.0
2024-01-15 09:32:19,988 [WARN] PackLoader:240 - Cannot read IP mode file for STMicroelectronics.X-CUBE-NFC4.3.0.0
2024-01-15 09:32:20,004 [WARN] PackLoader:240 - Cannot read IP mode file for STMicroelectronics.X-CUBE-BLEMGR.3.0.0
2024-01-15 09:32:20,016 [WARN] PackLoader:240 - Cannot read IP mode file for STMicroelectronics.FP-ATR-SIGFOX1.3.2.0
2024-01-15 09:32:20,047 [WARN] PackLoader:240 - Cannot read IP mode file for SEGGER.I-CUBE-embOS.1.3.1
2024-01-15 09:32:20,083 [WARN] PackLoader:240 - Cannot read IP mode file for STMicroelectronics.X-CUBE-GNSS1.6.0.0
2024-01-15 09:32:20,108 [WARN] PackLoader:240 - Cannot read IP mode file for STMicroelectronics.X-CUBE-AZRTOS-F4.1.1.0
2024-01-15 09:32:20,122 [WARN] PackLoader:240 - Cannot read IP mode file for wolfSSL.I-CUBE-wolfSSL.5.6.3
2024-01-15 09:32:20,147 [WARN] PackLoader:240 - Cannot read IP mode file for STMicroelectronics.X-CUBE-AZRTOS-L5.2.0.0
2024-01-15 09:32:20,195 [WARN] PackLoader:240 - Cannot read IP mode file for STMicroelectronics.X-CUBE-MEMS1.9.6.0
2024-01-15 09:32:20,311 [WARN] PackLoader:240 - Cannot read IP mode file for STMicroelectronics.X-CUBE-EEPRMA1.4.2.0
2024-01-15 09:32:20,324 [WARN] PackLoader:240 - Cannot read IP mode file for ITTIA_DB.I-CUBE-ITTIADB.8.8.0
2024-01-15 09:32:20,336 [WARN] PackLoader:240 - Cannot read IP mode file for STMicroelectronics.X-CUBE-BLEMGR.2.0.0
2024-01-15 09:32:20,361 [WARN] ConditionMgr:438 - getConditionDescription Invalid condition id : UX DEVICE CLASS RTOS Condition cause : null
2024-01-15 09:32:20,361 [WARN] ConditionMgr:438 - getConditionDescription Invalid condition id : UX DEVICE CLASS RTOS Condition cause : null
2024-01-15 09:32:20,363 [WARN] PackLoader:240 - Cannot read IP mode file for STMicroelectronics.X-CUBE-AZRTOS-H7.3.1.0
2024-01-15 09:32:20,364 [WARN] ConditionMgr:1039 - genDependencies : Invalid condition id : UX DEVICE CLASS RTOS Condition cause : null
2024-01-15 09:32:20,364 [WARN] ConditionMgr:1039 - genDependencies : Invalid condition id : UX DEVICE CLASS RTOS Condition cause : null
2024-01-15 09:32:20,365 [WARN] ConditionMgr:1039 - genDependencies : Invalid condition id : UX DEVICE CLASS RTOS Condition cause : null
2024-01-15 09:32:20,365 [WARN] ConditionMgr:1039 - genDependencies : Invalid condition id : UX DEVICE CLASS RTOS Condition cause : null
2024-01-15 09:32:20,365 [WARN] ConditionMgr:1039 - genDependencies : Invalid condition id : UX DEVICE CLASS RTOS Condition cause : null
2024-01-15 09:32:20,377 [WARN] PackLoader:240 - Cannot read IP mode file for STMicroelectronics.X-CUBE-NFC7.1.0.1
2024-01-15 09:32:20,390 [WARN] PackLoader:240 - Cannot read IP mode file for STMicroelectronics.X-CUBE-NFC6.3.0.0
2024-01-15 09:32:20,401 [WARN] PackLoader:240 - Cannot read IP mode file for STMicroelectronics.X-CUBE-EEPRMA1.4.1.0
2024-01-15 09:32:20,412 [WARN] PackLoader:240 - Cannot read IP mode file for STMicroelectronics.X-CUBE-AI.8.1.0
2024-01-15 09:32:20,440 [WARN] ConditionMgr:438 - getConditionDescription Invalid condition id : LAN8742 Phy interface Condition cause : null
2024-01-15 09:32:20,441 [WARN] PackLoader:240 - Cannot read IP mode file for STMicroelectronics.X-CUBE-AZRTOS-L4.2.0.0
2024-01-15 09:32:20,442 [WARN] ConditionMgr:1039 - genDependencies : Invalid condition id : LAN8742 Phy interface Condition cause : null
2024-01-15 09:32:20,442 [WARN] ConditionMgr:1039 - genDependencies : Invalid condition id : LAN8742 Phy interface Condition cause : null
2024-01-15 09:32:20,442 [WARN] ConditionMgr:1039 - genDependencies : Invalid condition id : LAN8742 Phy interface Condition cause : null
2024-01-15 09:32:20,455 [WARN] PackLoader:240 - Cannot read IP mode file for STMicroelectronics.X-CUBE-SFXS2LP1.4.0.0
2024-01-15 09:32:20,466 [WARN] PackLoader:240 - Cannot read IP mode file for STMicroelectronics.X-CUBE-ISPU.1.1.0
2024-01-15 09:32:20,501 [WARN] ConditionMgr:438 - getConditionDescription Invalid condition id : UX DEVICE CLASS RTOS Condition cause : null
2024-01-15 09:32:20,501 [WARN] ConditionMgr:438 - getConditionDescription Invalid condition id : UX DEVICE CLASS RTOS Condition cause : null
2024-01-15 09:32:20,504 [WARN] PackLoader:240 - Cannot read IP mode file for STMicroelectronics.X-CUBE-AZRTOS-WB.2.0.0
2024-01-15 09:32:20,504 [WARN] ConditionMgr:1039 - genDependencies : Invalid condition id : UX DEVICE CLASS RTOS Condition cause : null
2024-01-15 09:32:20,505 [WARN] ConditionMgr:1039 - genDependencies : Invalid condition id : UX DEVICE CLASS RTOS Condition cause : null
2024-01-15 09:32:20,505 [WARN] ConditionMgr:1039 - genDependencies : Invalid condition id : UX DEVICE CLASS RTOS Condition cause : null
2024-01-15 09:32:20,505 [WARN] ConditionMgr:1039 - genDependencies : Invalid condition id : UX DEVICE CLASS RTOS Condition cause : null
2024-01-15 09:32:20,505 [WARN] ConditionMgr:1039 - genDependencies : Invalid condition id : UX DEVICE CLASS RTOS Condition cause : null
2024-01-15 09:32:20,531 [WARN] PackLoader:240 - Cannot read IP mode file for STMicroelectronics.X-CUBE-SUBG2.5.0.0
2024-01-15 09:32:20,551 [WARN] PackLoader:240 - Cannot read IP mode file for STMicroelectronics.X-CUBE-TOF1.3.3.1
2024-01-15 09:32:20,578 [WARN] PackLoader:240 - Cannot read IP mode file for STMicroelectronics.X-CUBE-AZRTOS-G4.2.0.0
2024-01-15 09:32:20,598 [WARN] PackLoader:240 - Cannot read IP mode file for Infineon.AIROC-Wi-Fi-Bluetooth-STM32.1.5.1
2024-01-15 09:32:20,612 [WARN] PackLoader:240 - Cannot read IP mode file for STMicroelectronics.FP-SNS-MOTENVWB1.1.3.0
2024-01-15 09:32:20,622 [WARN] PackLoader:240 - Cannot read IP mode file for STMicroelectronics.FP-SNS-MOTENVWB1.1.3.1
2024-01-15 09:32:20,631 [WARN] PackLoader:240 - Cannot read IP mode file for STMicroelectronics.X-CUBE-ISPU.2.0.0
2024-01-15 09:32:20,670 [WARN] PackLoader:240 - Cannot read IP mode file for STMicroelectronics.X-CUBE-MEMS1.10.0.0
2024-01-15 09:32:20,757 [WARN] PackLoader:240 - Cannot read IP mode file for STMicroelectronics.X-CUBE-FREERTOS.1.1.0
2024-01-15 09:32:20,769 [WARN] PackLoader:240 - Cannot read IP mode file for portGmbH.I-Cube-SoM-uGOAL.1.1.0
2024-01-15 09:32:20,779 [WARN] PackLoader:240 - Cannot read IP mode file for STMicroelectronics.X-CUBE-ALS.1.0.1
2024-01-15 09:32:20,789 [WARN] PackLoader:240 - Cannot read IP mode file for STMicroelectronics.FP-ATR-ASTRA1.2.0.0
2024-01-15 09:32:20,804 [WARN] PackLoader:240 - Cannot read IP mode file for STMicroelectronics.X-CUBE-TOF1.3.4.0
2024-01-15 09:32:20,834 [WARN] PackLoader:240 - Cannot read IP mode file for STMicroelectronics.X-CUBE-AZRTOS-H7.3.2.0
2024-01-15 09:32:20,836 [INFO] ThirdParty:978 - Integrity check success = true
2024-01-15 09:32:20,836 [INFO] IntegrityCheckThread:100 - exiting critical section [integrity check]
2024-01-15 09:32:20,836 [INFO] IntegrityCheckThread:103 - End integrity checks thread
2024-01-15 09:32:40,219 [ERROR] LogOutputStream:75 - [STDERR_REDIRECT] SLF4J: Failed to load class "org.slf4j.impl.StaticLoggerBinder".
2024-01-15 09:32:40,219 [ERROR] LogOutputStream:75 - [STDERR_REDIRECT] SLF4J: Defaulting to no-operation (NOP) logger implementation
2024-01-15 09:32:40,220 [ERROR] LogOutputStream:75 - [STDERR_REDIRECT] SLF4J: See http://www.slf4j.org/codes.html#StaticLoggerBinder for further details.
2024-01-15 10:08:36,080 [INFO] McuFinderGlobals:63 - Set McuFinder mode to 2 (CubeIDE integrated)
2024-01-15 10:08:36,097 [INFO] MainUpdater:2868 - connection check result : 10
2024-01-15 10:08:36,102 [INFO] MainUpdater:2868 - connection check result : 10
2024-01-15 10:08:36,263 [INFO] MicroXplorer:468 - Change Database Path : 
2024-01-15 10:08:36,263 [INFO] MicroXplorer:498 - Change Database Version : DB.6.0.92
2024-01-15 10:08:36,266 [WARN] ThirdParty:871 - waiting for thirdparty lock release [close project]
2024-01-15 10:08:36,266 [INFO] ThirdParty:873 - entering critical section [close project]
2024-01-15 10:08:36,267 [INFO] ThirdParty:883 - exiting critical section [close project]
2024-01-15 10:08:36,269 [INFO] PinOutPanel:1499 - setPackage(No Configuration,No Configuration)
2024-01-15 10:08:36,273 [INFO] UtilMem:75 - Begin LoadConfig() Used Memory: 866081024 Bytes (1027604480)
2024-01-15 10:08:36,274 [INFO] MicroXplorer:468 - Change Database Path : 
2024-01-15 10:08:36,274 [INFO] MicroXplorer:498 - Change Database Version : DB.6.0.92
2024-01-15 10:08:36,275 [INFO] OpenFileManager:308 - Change cursor
2024-01-15 10:08:36,306 [INFO] Mcu:1946 - Initializing MCU STM32F072R(8-B)Tx STM32F072RBTx STM32F072RBT6
2024-01-15 10:08:37,434 [INFO] Context:659 - Trying to add GPIOservice into a context  which must be forbidden
2024-01-15 10:08:37,860 [INFO] RtosManager:555 - Registered RTOS mode: class=CMSIS, group=RTOS, mode=CMSIS_V1, owner=FREERTOS
2024-01-15 10:08:37,860 [INFO] RtosManager:555 - Registered RTOS mode: class=CMSIS, group=RTOS2, mode=CMSIS_V2, owner=FREERTOS
2024-01-15 10:08:37,860 [INFO] RtosManager:555 - Registered RTOS mode: class=RTOS, group=Core, mode=CMSIS_V1, owner=FREERTOS
2024-01-15 10:08:37,860 [INFO] RtosManager:555 - Registered RTOS mode: class=RTOS, group=Core, mode=CMSIS_V2, owner=FREERTOS
2024-01-15 10:08:37,860 [WARN] ModelIntegratedComponent:184 - Missing modes for component STMicroelectronics:FreeRTOS:0.0.1:STMicroelectronics:RTOS:FreeRTOS:Core:::10.2.0:
2024-01-15 10:08:37,870 [WARN] ModelIntegratedComponent:63 - No mode defined for component null
2024-01-15 10:08:37,870 [WARN] ModelIntegratedComponent:63 - No mode defined for component null
2024-01-15 10:08:37,871 [WARN] ModelIntegratedComponent:63 - No mode defined for component null
2024-01-15 10:08:37,871 [WARN] ModelIntegratedComponent:63 - No mode defined for component null
2024-01-15 10:08:37,871 [WARN] ModelIntegratedComponent:63 - No mode defined for component null
2024-01-15 10:08:37,871 [WARN] ModelIntegratedComponent:63 - No mode defined for component null
2024-01-15 10:08:37,871 [WARN] ModelIntegratedComponent:63 - No mode defined for component null
2024-01-15 10:08:37,871 [WARN] ModelIntegratedComponent:63 - No mode defined for component null
2024-01-15 10:08:37,871 [WARN] ModelIntegratedComponent:63 - No mode defined for component null
2024-01-15 10:08:37,871 [WARN] ModelIntegratedComponent:63 - No mode defined for component null
2024-01-15 10:08:37,871 [WARN] ModelIntegratedComponent:63 - No mode defined for component null
2024-01-15 10:08:37,871 [WARN] ModelIntegratedComponent:63 - No mode defined for component null
2024-01-15 10:08:37,871 [WARN] ModelIntegratedComponent:63 - No mode defined for component null
2024-01-15 10:08:37,871 [WARN] ModelIntegratedComponent:63 - No mode defined for component null
2024-01-15 10:08:37,871 [WARN] ModelIntegratedComponent:63 - No mode defined for component null
2024-01-15 10:08:37,871 [WARN] ModelIntegratedComponent:63 - No mode defined for component null
2024-01-15 10:08:37,871 [WARN] ModelIntegratedComponent:63 - No mode defined for component null
2024-01-15 10:08:37,871 [WARN] ModelIntegratedComponent:63 - No mode defined for component null
2024-01-15 10:08:37,871 [WARN] ModelIntegratedComponent:63 - No mode defined for component null
2024-01-15 10:08:37,871 [WARN] ModelIntegratedComponent:63 - No mode defined for component null
2024-01-15 10:08:37,872 [WARN] ModelIntegratedComponent:63 - No mode defined for component null
2024-01-15 10:08:37,872 [WARN] ModelIntegratedComponent:63 - No mode defined for component null
2024-01-15 10:08:37,872 [WARN] ModelIntegratedComponent:63 - No mode defined for component null
2024-01-15 10:08:37,872 [WARN] ModelIntegratedComponent:63 - No mode defined for component null
2024-01-15 10:08:37,872 [WARN] ModelIntegratedComponent:63 - No mode defined for component null
2024-01-15 10:08:37,872 [WARN] ModelIntegratedComponent:63 - No mode defined for component null
2024-01-15 10:08:37,872 [WARN] ModelIntegratedComponent:63 - No mode defined for component null
2024-01-15 10:08:37,872 [WARN] ModelIntegratedComponent:63 - No mode defined for component null
2024-01-15 10:08:37,872 [WARN] ModelIntegratedComponent:63 - No mode defined for component null
2024-01-15 10:08:37,872 [WARN] ModelIntegratedComponent:63 - No mode defined for component null
2024-01-15 10:08:37,872 [WARN] ModelIntegratedComponent:63 - No mode defined for component null
2024-01-15 10:08:37,872 [WARN] ModelIntegratedComponent:63 - No mode defined for component null
2024-01-15 10:08:37,872 [WARN] ModelIntegratedComponent:63 - No mode defined for component null
2024-01-15 10:08:37,947 [INFO] ThirdPartyModel:298 - Start build external matchings
2024-01-15 10:08:38,580 [INFO] ThirdPartyModel:316 - End build external matchings
2024-01-15 10:08:38,595 [INFO] ImportTextPane:194 - (OptionalMessage_ERROR) IP (RCC) : Parameter (FLatency) has Id (AdvancedSettings) currently not set
2024-01-15 10:08:38,595 [INFO] ImportTextPane:194 - (OptionalMessage_ERROR) IP (RCC) : Invalid parameter (FamilyName)
2024-01-15 10:08:38,595 [INFO] ImportTextPane:194 - (OptionalMessage_ERROR) IP (RCC) : Invalid parameter (HSICECFreq_Value)
2024-01-15 10:08:38,596 [INFO] ImportTextPane:194 - (OptionalMessage_ERROR) IP (RCC) : Parameter (PREFETCH_ENABLE) has Id (AdvancedSettings) currently not set
2024-01-15 10:08:38,819 [INFO] UtilMem:75 - End LoadConfig() Used Memory: 696845776 Bytes (1073741824)
2024-01-15 10:08:38,925 [INFO] ApiDb:581 - Connected to CubeFinder SQLite database (C:\Users\jespe\.stmcufinder\plugins\mcufinder\mcu\cube-finder-db.db)
2024-01-15 10:08:39,000 [INFO] ApiDb:668 - CubeFinder database Data Model version=2.1
2024-01-15 10:08:39,001 [INFO] ApiDb:669 - CubeFinder database Configuration version=3.0.37
2024-01-15 10:08:39,002 [INFO] ApiDb:670 - CubeFinder database generation date=2023-08-09 (1691586011)
2024-01-15 10:08:39,002 [INFO] ApiDb:671 - CubeFinder database FW Pack versions=[FP-ATR-ASTRA1_V2.0.0, FP-SNS-FLIGHT1_V5.0.1, FP-SNS-FLIGHT1_V5.0.2, FP-SNS-MOTENV1_V4.3.1, FP-SNS-MOTENV1_V4.3.2, STM32Cube_FW_C0_V1.1.0, STM32Cube_FW_F4_V1.27.1, STM32Cube_FW_F7_V1.17.0, STM32Cube_FW_G0_V1.6.1, STM32Cube_FW_G4_V1.5.1, STM32Cube_FW_H5_V0.5.1, STM32Cube_FW_H5_V1.1.0, STM32Cube_FW_H7_V1.11.0, STM32Cube_FW_L0_V1.12.2, STM32Cube_FW_L5_V1.5.0, STM32Cube_FW_U5_V1.3.0, STM32Cube_FW_U5_V1.3.0RC4, STM32Cube_FW_WBA_V1.0.0RC1, STM32Cube_FW_WBA_V1.1.0, STM32Cube_FW_WBA_V1.1.0RC1, STM32Cube_FW_WB_V1.15.0RC1, STM32Cube_FW_WB_V1.16.0, STM32Cube_FW_WB_V1.16.0RC2, STM32Cube_FW_WB_V1.17.0, STM32Cube_FW_WL_V1.3.0, X-CUBE-ALGOBUILD_V1.3.0, X-CUBE-ALS_V1.0.1, X-CUBE-AZRTOS-F4_V1.1.0, X-CUBE-AZRTOS-F7_V1.1.0, X-CUBE-AZRTOS-G0_V1.1.0, X-CUBE-AZRTOS-G4_V2.0.0, X-CUBE-AZRTOS-H7_V3.1.0, X-CUBE-AZRTOS-L4_V1.0.0, X-CUBE-AZRTOS-L4_V2.0.0, X-CUBE-AZRTOS-L5_V1.1.0, X-CUBE-AZRTOS-WB_V1.1.0, X-CUBE-AZRTOS-WL_V2.0.0, X-CUBE-BLE1_V7.0.0, X-CUBE-BLE2_V3.3.0, X-CUBE-BLEMGR_V2.0.0, X-CUBE-EEPRMA1_V4.1.0, X-CUBE-FREERTOS_V1.1.0, X-CUBE-GNSS1_V6.0.0, X-CUBE-MEMS1_V9.1.0, X-CUBE-MEMS1_V9.4.0, X-CUBE-MEMS1_V9.6.0, X-CUBE-NFC4_V3.0.0, X-CUBE-NFC7_V1.0.0, X-CUBE-SFXS2LP1_V4.0.0, X-CUBE-SUBG2_V5.0.0, X-CUBE-TOF1_V3.3.1]
2024-01-15 10:08:41,108 [INFO] ApiDb:240 - Found 323 in-development CPN: [B-G473E-ZEST1S, B-WB1M-WPAN1, B-WL5M-SUBG1, NUCLEO-C031C6, NUCLEO-H503RB, NUCLEO-H563ZI, NUCLEO-U545RE-Q, NUCLEO-U5A5ZJ-Q, NUCLEO-WBA52CG, STEVAL-PROTEUS1, STEVAL-SMARTAG2, STEVAL-STWINBX1, STM320518-EVAL, STM32C0116-DK, STM32C011D6Y3TR, STM32C011D6Y6TR, STM32C011F4P3, STM32C011F4P6, STM32C011F4U3, STM32C011F4U6TR, STM32C011F6P3, STM32C011F6P6, STM32C011F6U3, STM32C011F6U6TR, STM32C011J4M3, STM32C011J4M6, STM32C011J6M3, STM32C011J6M6, STM32C0316-DK, STM32C031C4T3, STM32C031C4T6, STM32C031C4U3, STM32C031C4U6, STM32C031C6T3, STM32C031C6T6, STM32C031C6U3, STM32C031C6U6, STM32C031F4P3, STM32C031F4P6, STM32C031F6P3, STM32C031F6P6, STM32C031G4U3, STM32C031G4U6, STM32C031G6U3, STM32C031G6U6, STM32C031K4T3, STM32C031K4T6, STM32C031K4U3, STM32C031K4U6, STM32C031K6T3, STM32C031K6T6, STM32C031K6U3, STM32C031K6U6, STM32G071K8TXN, STM32G071K8UXN, STM32G081GBU6N, STM32G081KBT6N, STM32G081KBUXN, STM32G0B1CCT6N, STM32G0B1KCT6, STM32G0B1NEY6TR, STM32G0B1RCT6N, STM32G0C1CCT6, STM32G0C1CCT6N, STM32G0C1CCU6N, STM32G0C1CET6N, STM32G0C1CEU6N, STM32G0C1KCT6, STM32G0C1NEY6TR, STM32G0C1RCI6N, STM32G0C1RCT6N, STM32G0C1REI6N, STM32G0C1RET6N, STM32G0C1VCI6, STM32G0C1VEI6, STM32G471CCT6, STM32G471CCU6, STM32G471CET3, STM32G471CET6, STM32G471CEU3, STM32G471CEU6, STM32G471MCT6, STM32G471MET3, STM32G471MET6, STM32G471MEY6TR, STM32G471QCT6, STM32G471QET3, STM32G471RCT6, STM32G471RET3, STM32G471RET6, STM32G471VCH6, STM32G471VCI6, STM32G471VCT6, STM32G471VEH3, STM32G471VEH6, STM32G471VEI3, STM32G471VEI6, STM32G471VET3, STM32G471VET6, STM32G474CCT6, STM32H503CBT6, STM32H503CBU6, STM32H503EBY6TR, STM32H503KBU6, STM32H503RBT6, STM32H562AGI6, STM32H562AII6, STM32H562IGK6, STM32H562IGT6, STM32H562IIK6, STM32H562IIT6, STM32H562RGT6, STM32H562RGV6, STM32H562RIT6, STM32H562RIV6, STM32H562VGT6, STM32H562VIT6, STM32H562ZGT6, STM32H562ZIT6, STM32H563AGI6, STM32H563AII3Q, STM32H563AII6, STM32H563IGK6, STM32H563IGT6, STM32H563IIK3Q, STM32H563IIK6, STM32H563IIT3Q, STM32H563IIT6, STM32H563MIY3QTR, STM32H563RGT6, STM32H563RGV6, STM32H563RIT6, STM32H563RIV6, STM32H563VGT6, STM32H563VIT3Q, STM32H563VIT6, STM32H563ZGT6, STM32H563ZIT3Q, STM32H563ZIT6, STM32H573AII3Q, STM32H573AII6, STM32H573I-DK, STM32H573IIK3Q, STM32H573IIK6, STM32H573IIT3Q, STM32H573IIT6, STM32H573MIY3QTR, STM32H573RIT6, STM32H573RIV6, STM32H573VIT3Q, STM32H573VIT6, STM32H573ZIT3Q, STM32H573ZIT6, STM32L4R5QGI6STR, STM32MP131AAE3, STM32MP131AAF3, STM32MP131AAG3, STM32MP131CAE3, STM32MP131CAF3, STM32MP131CAG3, STM32MP131DAE7, STM32MP131DAF7, STM32MP131DAG7, STM32MP131FAE7, STM32MP131FAF7, STM32MP131FAG7, STM32MP133AAE3, STM32MP133AAF3, STM32MP133AAG3, STM32MP133CAE3, STM32MP133CAF3, STM32MP133CAG3, STM32MP133DAE7, STM32MP133DAF7, STM32MP133DAG7, STM32MP133FAE7, STM32MP133FAF7, STM32MP133FAG7, STM32MP135AAE3, STM32MP135AAF3, STM32MP135AAG3, STM32MP135CAE3, STM32MP135CAF3, STM32MP135CAG3, STM32MP135DAE7, STM32MP135DAF7, STM32MP135DAG7, STM32MP135F-DK, STM32MP135FAE7, STM32MP135FAF7, STM32MP135FAF7T, STM32MP135FAF7U, STM32MP135FAG7, STM32U535CBT6, STM32U535CBT6Q, STM32U535CBU6, STM32U535CBU6Q, STM32U535CCT6, STM32U535CCT6Q, STM32U535CCU6, STM32U535CCU6Q, STM32U535CET6, STM32U535CET6Q, STM32U535CEU6, STM32U535CEU6Q, STM32U535JEY6QTR, STM32U535NCY6QTR, STM32U535NEY6QTR, STM32U535RBI6, STM32U535RBI6Q, STM32U535RBT6, STM32U535RBT6Q, STM32U535RCI6, STM32U535RCI6Q, STM32U535RCT6, STM32U535RCT6Q, STM32U535REI6, STM32U535REI6Q, STM32U535RET6, STM32U535RET6Q, STM32U535VCI6, STM32U535VCI6Q, STM32U535VCT6, STM32U535VCT6Q, STM32U535VEI6, STM32U535VEI6Q, STM32U535VET6, STM32U535VET6Q, STM32U545CET6, STM32U545CET6Q, STM32U545CEU6, STM32U545CEU6Q, STM32U545JEY6QTR, STM32U545NEY6QTR, STM32U545REI6, STM32U545REI6Q, STM32U545RET6, STM32U545RET6Q, STM32U545VEI6, STM32U545VEI6Q, STM32U545VET6, STM32U545VET6Q, STM32U595AIH6, STM32U595AIH6Q, STM32U595AJH6, STM32U595AJH6Q, STM32U595QII6, STM32U595QII6Q, STM32U595QJI6, STM32U595QJI6Q, STM32U595RIT6, STM32U595RIT6Q, STM32U595RJT6, STM32U595RJT6Q, STM32U595VIT6, STM32U595VIT6Q, STM32U595VJT6, STM32U595VJT6Q, STM32U595ZIT6, STM32U595ZIT6Q, STM32U595ZIY6QTR, STM32U595ZJT6, STM32U595ZJT6Q, STM32U595ZJY6QTR, STM32U599BJY6QTR, STM32U599NIH6Q, STM32U599NJH6Q, STM32U599VIT6Q, STM32U599VJT6, STM32U599VJT6Q, STM32U599ZIT6Q, STM32U599ZIY6QTR, STM32U599ZJT6Q, STM32U599ZJY6QTR, STM32U5A5AJH6, STM32U5A5AJH6Q, STM32U5A5QJI6, STM32U5A5QJI6Q, STM32U5A5RJT6, STM32U5A5RJT6Q, STM32U5A5VJT6, STM32U5A5VJT6Q, STM32U5A5ZJT6, STM32U5A5ZJT6Q, STM32U5A5ZJY6QTR, STM32U5A9BJY6QTR, STM32U5A9J-DK, STM32U5A9NJH6Q, STM32U5A9VJT6Q, STM32U5A9ZJT6Q, STM32U5A9ZJY6QTR, STM32U5F7VIT6, STM32U5F7VIT6Q, STM32U5F7VJT6, STM32U5F7VJT6Q, STM32U5F9BJY6QTR, STM32U5F9NJH6Q, STM32U5F9VIT6Q, STM32U5F9VJT6Q, STM32U5F9ZIJ6QTR, STM32U5F9ZIT6Q, STM32U5F9ZJJ6QTR, STM32U5F9ZJT6Q, STM32U5G7VJT6, STM32U5G7VJT6Q, STM32U5G9BJY6QTR, STM32U5G9J-DK1, STM32U5G9J-DK2, STM32U5G9NJH6Q, STM32U5G9VJT6Q, STM32U5G9ZJJ6QTR, STM32U5G9ZJT6Q, STM32WB1MMCH6, STM32WBA52CEU6, STM32WBA52CEU6T, STM32WBA52CGU6, STM32WBA52CGU6T, STM32WBA52KEU6, STM32WBA52KEU6T, STM32WBA52KGU6, STM32WBA52KGU6T, STM32WL5MOCH6, STM32WL5MOCH6TR]
2024-01-15 10:08:41,112 [INFO] DbMcus:217 - Found 3848 MCUs, 3848 are supported
2024-01-15 10:08:41,113 [INFO] ApiDb:423 - Load user favorites file C:\Users\jespe/.stm32cubeide/favorites.mcus.txt: 0 item(s)
2024-01-15 10:08:41,113 [INFO] ApiDb:427 - User favorites MCUs=[]
2024-01-15 10:08:41,113 [INFO] DbMcus:223 - Set 0 / 0 favorites MCUs
2024-01-15 10:08:41,419 [WARN] ThirdParty:833 - waiting for thirdparty lock release [change project]
2024-01-15 10:08:41,419 [INFO] ThirdParty:835 - entering critical section [change project]
2024-01-15 10:08:41,419 [INFO] ThirdParty:1030 - CMSIS Pack Vendor :STMicroelectronics X-CUBE-ISPU 1.1.0
2024-01-15 10:08:41,419 [INFO] ThirdParty:1030 - CMSIS Pack Vendor :STMicroelectronics USBPD 4.1
2024-01-15 10:08:41,419 [INFO] ThirdParty:1030 - CMSIS Pack Vendor :STMicroelectronics X-CUBE-GNSS1 6.0.0
2024-01-15 10:08:41,419 [INFO] ThirdParty:1030 - CMSIS Pack Vendor :STMicroelectronics USB_HOST 2.0.0
2024-01-15 10:08:41,419 [INFO] ThirdParty:1030 - CMSIS Pack Vendor :STMicroelectronics X-CUBE-AZRTOS-F4 1.1.0
2024-01-15 10:08:41,419 [INFO] ThirdParty:1030 - CMSIS Pack Vendor :STMicroelectronics LIBJPEG 8.0.0
2024-01-15 10:08:41,419 [INFO] ThirdParty:1030 - CMSIS Pack Vendor :wolfSSL I-CUBE-wolfSSL 5.6.3
2024-01-15 10:08:41,419 [INFO] ThirdParty:1030 - CMSIS Pack Vendor :STMicroelectronics X-CUBE-SMBUS 2.1.0
2024-01-15 10:08:41,419 [INFO] ThirdParty:1030 - CMSIS Pack Vendor :STMicroelectronics USB_DEVICE 3.0.0
2024-01-15 10:08:41,419 [INFO] ThirdParty:1030 - CMSIS Pack Vendor :STMicroelectronics X-CUBE-AZRTOS-WB 2.0.0
2024-01-15 10:08:41,419 [INFO] ThirdParty:1030 - CMSIS Pack Vendor :STMicroelectronics X-CUBE-TOUCHGFX 4.23.0
2024-01-15 10:08:41,419 [INFO] ThirdParty:1030 - CMSIS Pack Vendor :STMicroelectronics X-CUBE-AZRTOS-F7 1.1.0
2024-01-15 10:08:41,419 [INFO] ThirdParty:1030 - CMSIS Pack Vendor :STMicroelectronics X-CUBE-AZRTOS-L5 2.0.0
2024-01-15 10:08:41,419 [INFO] ThirdParty:1030 - CMSIS Pack Vendor :STMicroelectronics USB_DEVICE 2.0.0
2024-01-15 10:08:41,419 [INFO] ThirdParty:1030 - CMSIS Pack Vendor :STMicroelectronics X-CUBE-MEMS1 9.6.0
2024-01-15 10:08:41,420 [INFO] ThirdParty:1030 - CMSIS Pack Vendor :STMicroelectronics X-CUBE-EEPRMA1 4.2.0
2024-01-15 10:08:41,420 [INFO] ThirdParty:1030 - CMSIS Pack Vendor :ITTIA_DB I-CUBE-ITTIADB 8.8.0
2024-01-15 10:08:41,420 [INFO] ThirdParty:1030 - CMSIS Pack Vendor :STMicroelectronics FP-SNS-MOTENV1 4.3.2
2024-01-15 10:08:41,420 [INFO] ThirdParty:1030 - CMSIS Pack Vendor :STMicroelectronics X-CUBE-ALGOBUILD 1.3.0
2024-01-15 10:08:41,420 [INFO] ThirdParty:1030 - CMSIS Pack Vendor :STMicroelectronics FreeRTOS 0.0.1
2024-01-15 10:08:41,420 [INFO] ThirdParty:1030 - CMSIS Pack Vendor :STMicroelectronics X-CUBE-AZRTOS-G0 1.1.0
2024-01-15 10:08:41,420 [INFO] ThirdParty:1030 - CMSIS Pack Vendor :STMicroelectronics X-CUBE-BLEMGR 2.0.0
2024-01-15 10:08:41,420 [INFO] ThirdParty:1030 - CMSIS Pack Vendor :STMicroelectronics X-CUBE-NFC4 3.0.0
2024-01-15 10:08:41,420 [INFO] ThirdParty:1030 - CMSIS Pack Vendor :STMicroelectronics X-CUBE-SUBG2 5.0.0
2024-01-15 10:08:41,420 [INFO] ThirdParty:1030 - CMSIS Pack Vendor :STMicroelectronics STM32_WPAN 1.0.0
2024-01-15 10:08:41,420 [INFO] ThirdParty:1030 - CMSIS Pack Vendor :STMicroelectronics lwIP 2.0.3
2024-01-15 10:08:41,420 [INFO] ThirdParty:1030 - CMSIS Pack Vendor :STMicroelectronics FP-SNS-FLIGHT1 5.0.2
2024-01-15 10:08:41,420 [INFO] ThirdParty:1030 - CMSIS Pack Vendor :STMicroelectronics USB_HOST 1.0.0
2024-01-15 10:08:41,420 [INFO] ThirdParty:1030 - CMSIS Pack Vendor :STMicroelectronics X-CUBE-TOF1 3.3.1
2024-01-15 10:08:41,420 [INFO] ThirdParty:1030 - CMSIS Pack Vendor :STMicroelectronics X-CUBE-AZRTOS-G4 2.0.0
2024-01-15 10:08:41,420 [INFO] ThirdParty:1030 - CMSIS Pack Vendor :STMicroelectronics PDM2PCM 3.1.0
2024-01-15 10:08:41,420 [INFO] ThirdParty:1030 - CMSIS Pack Vendor :STMicroelectronics X-CUBE-AZRTOS-H7 3.1.0
2024-01-15 10:08:41,420 [INFO] ThirdParty:1030 - CMSIS Pack Vendor :Infineon AIROC-Wi-Fi-Bluetooth-STM32 1.5.1
2024-01-15 10:08:41,420 [INFO] ThirdParty:1030 - CMSIS Pack Vendor :STMicroelectronics X-CUBE-BLEMGR 3.0.0
2024-01-15 10:08:41,420 [INFO] ThirdParty:1030 - CMSIS Pack Vendor :STMicroelectronics PDM2PCM 3.3.0
2024-01-15 10:08:41,420 [INFO] ThirdParty:1030 - CMSIS Pack Vendor :STMicroelectronics X-CUBE-DISPLAY 3.0.0
2024-01-15 10:08:41,420 [INFO] ThirdParty:1030 - CMSIS Pack Vendor :STMicroelectronics FP-SNS-MOTENVWB1 1.3.0
2024-01-15 10:08:41,421 [INFO] ThirdParty:1030 - CMSIS Pack Vendor :STMicroelectronics FP-SNS-MOTENVWB1 1.3.1
2024-01-15 10:08:41,421 [INFO] ThirdParty:1030 - CMSIS Pack Vendor :STMicroelectronics X-CUBE-BLE1 7.0.0
2024-01-15 10:08:41,421 [INFO] ThirdParty:1030 - CMSIS Pack Vendor :STMicroelectronics FP-ATR-SIGFOX1 3.2.0
2024-01-15 10:08:41,421 [INFO] ThirdParty:1030 - CMSIS Pack Vendor :STMicroelectronics X-CUBE-ISPU 2.0.0
2024-01-15 10:08:41,421 [INFO] ThirdParty:1030 - CMSIS Pack Vendor :STMicroelectronics HAL Drivers 0.0.0
2024-01-15 10:08:41,421 [INFO] ThirdParty:1030 - CMSIS Pack Vendor :STMicroelectronics MBEDTLS 2.16.2
2024-01-15 10:08:41,421 [INFO] ThirdParty:1030 - CMSIS Pack Vendor :emotas I-CUBE-CANOPEN 1.3.0
2024-01-15 10:08:41,421 [INFO] ThirdParty:1030 - CMSIS Pack Vendor :STMicroelectronics X-CUBE-MEMS1 10.0.0
2024-01-15 10:08:41,421 [INFO] ThirdParty:1030 - CMSIS Pack Vendor :STMicroelectronics X-CUBE-FREERTOS 1.1.0
2024-01-15 10:08:41,421 [INFO] ThirdParty:1030 - CMSIS Pack Vendor :STMicroelectronics X-CUBE-TOUCHGFX 4.22.0
2024-01-15 10:08:41,421 [INFO] ThirdParty:1030 - CMSIS Pack Vendor :STMicroelectronics X-CUBE-NFC7 1.0.1
2024-01-15 10:08:41,421 [INFO] ThirdParty:1030 - CMSIS Pack Vendor :STMicroelectronics MBEDTLS 2.14.1
2024-01-15 10:08:41,421 [INFO] ThirdParty:1030 - CMSIS Pack Vendor :STMicroelectronics X-CUBE-TOUCHGFX 4.22.1
2024-01-15 10:08:41,421 [INFO] ThirdParty:1030 - CMSIS Pack Vendor :STMicroelectronics X-CUBE-NFC6 3.0.0
2024-01-15 10:08:41,421 [INFO] ThirdParty:1030 - CMSIS Pack Vendor :STMicroelectronics X-CUBE-EEPRMA1 4.1.0
2024-01-15 10:08:41,421 [INFO] ThirdParty:1030 - CMSIS Pack Vendor :portGmbH I-Cube-SoM-uGOAL 1.1.0
2024-01-15 10:08:41,421 [INFO] ThirdParty:1030 - CMSIS Pack Vendor :STMicroelectronics X-CUBE-ALS 1.0.1
2024-01-15 10:08:41,421 [INFO] ThirdParty:1030 - CMSIS Pack Vendor :STMicroelectronics ThreadX 1.0.0
2024-01-15 10:08:41,421 [INFO] ThirdParty:1030 - CMSIS Pack Vendor :STMicroelectronics FP-SNS-SMARTAG2 1.2.0
2024-01-15 10:08:41,422 [INFO] ThirdParty:1030 - CMSIS Pack Vendor :STMicroelectronics X-CUBE-AZRTOS-WL 2.0.0
2024-01-15 10:08:41,422 [INFO] ThirdParty:1030 - CMSIS Pack Vendor :SEGGER I-CUBE-embOS 1.3.1
2024-01-15 10:08:41,422 [INFO] ThirdParty:1030 - CMSIS Pack Vendor :STMicroelectronics USB_DEVICE 1.0.0
2024-01-15 10:08:41,422 [INFO] ThirdParty:1030 - CMSIS Pack Vendor :STMicroelectronics X-CUBE-AI 8.1.0
2024-01-15 10:08:41,422 [INFO] ThirdParty:1030 - CMSIS Pack Vendor :STMicroelectronics X-CUBE-AZRTOS-L4 2.0.0
2024-01-15 10:08:41,422 [INFO] ThirdParty:1030 - CMSIS Pack Vendor :STMicroelectronics ThreadX 0.0.2
2024-01-15 10:08:41,422 [INFO] ThirdParty:1030 - CMSIS Pack Vendor :WES I-CUBE-Cesium 1.3.0
2024-01-15 10:08:41,422 [INFO] ThirdParty:1030 - CMSIS Pack Vendor :STMicroelectronics FP-ATR-ASTRA1 2.0.0
2024-01-15 10:08:41,422 [INFO] ThirdParty:1030 - CMSIS Pack Vendor :STMicroelectronics lwIP 2.1.2
2024-01-15 10:08:41,422 [INFO] ThirdParty:1030 - CMSIS Pack Vendor :STMicroelectronics X-CUBE-SFXS2LP1 4.0.0
2024-01-15 10:08:41,422 [INFO] ThirdParty:1030 - CMSIS Pack Vendor :STMicroelectronics X-CUBE-BLE2 3.3.0
2024-01-15 10:08:41,422 [INFO] ThirdParty:1030 - CMSIS Pack Vendor :STMicroelectronics X-CUBE-TOF1 3.4.0
2024-01-15 10:08:41,422 [INFO] ThirdParty:1030 - CMSIS Pack Vendor :STMicroelectronics X-CUBE-AZRTOS-H7 3.2.0
2024-01-15 10:08:41,422 [INFO] ThirdParty:1030 - CMSIS Pack Vendor :STMicroelectronics PDM2PCM 3.2.0
2024-01-15 10:08:41,422 [INFO] ThirdParty:841 - exiting critical section [change project]
2024-01-15 10:08:41,713 [INFO] PinOutPanel:1499 - setPackage(No Configuration,No Configuration)
2024-01-15 10:08:41,714 [INFO] PinOutPanel:1499 - setPackage(STM32F072RBTx,LQFP64)
2024-01-15 10:08:42,458 [INFO] UtilMem:75 - Before build in PCC Used Memory: 658389792 Bytes (1073741824)
2024-01-15 10:08:43,136 [INFO] UtilMem:75 - After build in PCC Used Memory: 740080952 Bytes (1073741824)
2024-01-15 10:08:43,159 [INFO] IPUIPlugin:80 - create IPUIPlugin
2024-01-15 10:08:43,159 [INFO] IPUIPlugin:80 - create IPUIPlugin
2024-01-15 10:08:43,159 [INFO] IPUIPlugin:80 - create IPUIPlugin
2024-01-15 10:08:43,159 [INFO] IPUIPlugin:80 - create IPUIPlugin
2024-01-15 10:08:43,159 [INFO] IPUIPlugin:80 - create IPUIPlugin
2024-01-15 10:08:43,159 [INFO] IPUIPlugin:80 - create IPUIPlugin
2024-01-15 10:08:43,160 [INFO] IPUIPlugin:80 - create IPUIPlugin
2024-01-15 10:08:43,160 [INFO] IPUIPlugin:80 - create IPUIPlugin
2024-01-15 10:08:43,160 [INFO] IPUIPlugin:80 - create IPUIPlugin
2024-01-15 10:08:43,160 [INFO] IPUIPlugin:80 - create IPUIPlugin
2024-01-15 10:08:43,160 [INFO] IPUIPlugin:80 - create IPUIPlugin
2024-01-15 10:08:43,160 [INFO] IPUIPlugin:80 - create IPUIPlugin
2024-01-15 10:08:43,160 [INFO] IPUIPlugin:80 - create IPUIPlugin
2024-01-15 10:08:43,161 [INFO] IPUIPlugin:80 - create IPUIPlugin
2024-01-15 10:08:43,161 [INFO] IPUIPlugin:80 - create IPUIPlugin
2024-01-15 10:08:43,161 [INFO] IPUIPlugin:80 - create IPUIPlugin
2024-01-15 10:08:43,161 [INFO] IPUIPlugin:80 - create IPUIPlugin
2024-01-15 10:08:43,161 [INFO] IPUIPlugin:80 - create IPUIPlugin
2024-01-15 10:08:43,161 [INFO] IPUIPlugin:80 - create IPUIPlugin
2024-01-15 10:08:43,162 [INFO] IPUIPlugin:80 - create IPUIPlugin
2024-01-15 10:08:43,162 [INFO] IPUIPlugin:80 - create IPUIPlugin
2024-01-15 10:08:43,162 [INFO] IPUIPlugin:80 - create IPUIPlugin
2024-01-15 10:08:43,162 [INFO] IPUIPlugin:80 - create IPUIPlugin
2024-01-15 10:08:43,162 [INFO] IPUIPlugin:80 - create IPUIPlugin
2024-01-15 10:08:43,162 [INFO] IPUIPlugin:80 - create IPUIPlugin
2024-01-15 10:08:43,163 [INFO] IPUIPlugin:80 - create IPUIPlugin
2024-01-15 10:08:43,163 [INFO] IPUIPlugin:80 - create IPUIPlugin
2024-01-15 10:08:43,163 [INFO] IPUIPlugin:80 - create IPUIPlugin
2024-01-15 10:08:43,163 [INFO] IPUIPlugin:80 - create IPUIPlugin
2024-01-15 10:08:43,163 [INFO] IPUIPlugin:80 - create IPUIPlugin
2024-01-15 10:08:43,164 [INFO] IPUIPlugin:80 - create IPUIPlugin
2024-01-15 10:08:43,164 [INFO] IPUIPlugin:80 - create IPUIPlugin
2024-01-15 10:08:43,164 [INFO] IPUIPlugin:80 - create IPUIPlugin
2024-01-15 10:08:43,164 [INFO] IPUIPlugin:80 - create IPUIPlugin
2024-01-15 10:08:43,164 [INFO] IPUIPlugin:80 - create IPUIPlugin
2024-01-15 10:08:43,165 [INFO] IPUIPlugin:80 - create IPUIPlugin
2024-01-15 10:08:43,165 [INFO] IPUIPlugin:80 - create IPUIPlugin
2024-01-15 10:08:43,165 [INFO] IPUIPlugin:80 - create IPUIPlugin
2024-01-15 10:08:43,165 [INFO] IPUIPlugin:80 - create IPUIPlugin
2024-01-15 10:08:43,166 [INFO] IPUIPlugin:80 - create IPUIPlugin
2024-01-15 10:08:43,166 [INFO] IPUIPlugin:80 - create IPUIPlugin
2024-01-15 10:08:43,353 [INFO] CADModel:165 - CPN selected for project levelSTM32F072RBT6
2024-01-15 10:08:43,353 [INFO] CADModel:114 - Register for checkConnection events
2024-01-15 10:08:43,404 [INFO] OpenFileManager:328 - Restore cursor
2024-01-15 10:09:13,945 [INFO] UtilMem:75 - End SaveConfig() Used Memory: 919012944 Bytes (1073741824)
2024-01-15 10:09:15,842 [INFO] UtilMem:75 - End SaveConfig() Used Memory: 944081120 Bytes (1073741824)
2024-01-15 10:09:16,006 [INFO] UtilMem:75 - End SaveConfig() Used Memory: 548110840 Bytes (1073741824)
2024-01-15 10:09:16,365 [INFO] BlockDiagram:2759 - set Specific Code input for plugin: ADC
2024-01-15 10:09:16,365 [INFO] BlockDiagram:2759 - set Specific Code input for plugin: RTC
2024-01-15 10:09:16,366 [INFO] BlockDiagram:2759 - set Specific Code input for plugin: NVIC
2024-01-15 10:09:16,366 [INFO] BlockDiagram:2759 - set Specific Code input for plugin: USART
2024-01-15 10:09:16,366 [INFO] BlockDiagram:2759 - set Specific Code input for plugin: USART
2024-01-15 10:09:16,366 [INFO] BlockDiagram:2759 - set Specific Code input for plugin: SYS
2024-01-15 10:09:16,366 [INFO] BlockDiagram:2759 - set Specific Code input for plugin: GPIO
2024-01-15 10:09:16,366 [INFO] BlockDiagram:2759 - set Specific Code input for plugin: RCC
2024-01-15 10:09:16,366 [INFO] BlockDiagram:2759 - set Specific Code input for plugin: I2C
2024-01-15 10:09:16,367 [INFO] CodeGenerator:799 - code generatio: config db path: C:\ST\STM32CubeIDE_1.13.2\STM32CubeIDE\plugins\com.st.stm32cube.common.mx_6.9.2.202309101412\\db\
2024-01-15 10:09:16,586 [INFO] CodeEngine:255 - oldGeneratedFile, C:\Users\jespe\STM32CubeIDE\workspace_1.13.2\test\MXTmpFiles\license.tmp_save
2024-01-15 10:09:16,891 [INFO] CodeEngine:279 - Generated code: C:\Users\jespe\STM32CubeIDE\workspace_1.13.2\test\MXTmpFiles\license.tmp
2024-01-15 10:09:17,011 [INFO] CodeEngine:255 - oldGeneratedFile, C:\Users\jespe\STM32CubeIDE\workspace_1.13.2\test\MXTmpFiles\gpio.tmp_save
2024-01-15 10:09:17,125 [INFO] CodeEngine:279 - Generated code: C:\Users\jespe\STM32CubeIDE\workspace_1.13.2\test\MXTmpFiles\gpio.tmp
2024-01-15 10:09:17,457 [INFO] CodeEngine:255 - oldGeneratedFile, C:\Users\jespe\STM32CubeIDE\workspace_1.13.2\test\Core\Src\stm32f0xx_it.c_save
2024-01-15 10:09:17,582 [INFO] CodeEngine:279 - Generated code: C:\Users\jespe\STM32CubeIDE\workspace_1.13.2\test\Core\Src\stm32f0xx_it.c
2024-01-15 10:09:17,602 [INFO] CodeEngine:255 - oldGeneratedFile, C:\Users\jespe\STM32CubeIDE\workspace_1.13.2\test\Core\Inc\stm32f0xx_it.h_save
2024-01-15 10:09:17,693 [INFO] CodeEngine:279 - Generated code: C:\Users\jespe\STM32CubeIDE\workspace_1.13.2\test\Core\Inc\stm32f0xx_it.h
2024-01-15 10:09:17,723 [INFO] CodeEngine:255 - oldGeneratedFile, C:\Users\jespe\STM32CubeIDE\workspace_1.13.2\test\Core\Src\stm32f0xx_hal_msp.c_save
2024-01-15 10:09:17,862 [INFO] CodeEngine:279 - Generated code: C:\Users\jespe\STM32CubeIDE\workspace_1.13.2\test\Core\Src\stm32f0xx_hal_msp.c
2024-01-15 10:09:17,878 [INFO] CodeEngine:255 - oldGeneratedFile, C:\Users\jespe\STM32CubeIDE\workspace_1.13.2\test\MXTmpFiles\system.tmp_save
2024-01-15 10:09:17,944 [INFO] CodeEngine:279 - Generated code: C:\Users\jespe\STM32CubeIDE\workspace_1.13.2\test\MXTmpFiles\system.tmp
2024-01-15 10:09:17,970 [INFO] CodeEngine:311 - oldGeneratedFile, C:\Users\jespe\STM32CubeIDE\workspace_1.13.2\test\Core\Inc\stm32f0xx_hal_conf.h_save
2024-01-15 10:09:18,050 [INFO] CodeEngine:335 - Generated code: C:\Users\jespe\STM32CubeIDE\workspace_1.13.2\test\Core\Inc\stm32f0xx_hal_conf.h
2024-01-15 10:09:18,099 [INFO] CodeEngine:255 - oldGeneratedFile, C:\Users\jespe\STM32CubeIDE\workspace_1.13.2\test\Core\Inc\main.h_save
2024-01-15 10:09:18,214 [INFO] CodeEngine:279 - Generated code: C:\Users\jespe\STM32CubeIDE\workspace_1.13.2\test\Core\Inc\main.h
2024-01-15 10:09:18,234 [INFO] CodeEngine:255 - oldGeneratedFile, C:\Users\jespe\STM32CubeIDE\workspace_1.13.2\test\Core\Src\main.c_save
2024-01-15 10:09:18,412 [INFO] CodeEngine:279 - Generated code: C:\Users\jespe\STM32CubeIDE\workspace_1.13.2\test\Core\Src\main.c
2024-01-15 10:09:18,731 [INFO] ProjectBuilder:3064 - Time for Copy HAL[2] : 1mS.
2024-01-15 10:09:18,761 [INFO] ProjectBuilder:4404 - Project Generator version: 4.1.0
2024-01-15 10:09:18,925 [INFO] ConfigFileManager:1457 - The Die is : DIE448
2024-01-15 10:09:18,938 [INFO] ApiDbMcu:507 - Load IP Config File for FATFS
2024-01-15 10:09:18,948 [INFO] ApiDbMcu:507 - Load IP Config File for FREERTOS
2024-01-15 10:09:18,965 [INFO] ApiDbMcu:507 - Load IP Config File for TOUCHSENSING
2024-01-15 10:09:18,975 [INFO] ApiDbMcu:507 - Load IP Config File for USB_DEVICE
2024-01-15 10:09:19,904 [INFO] LogOutputStream:77 - [STDOUT_REDIRECT] 
2024-01-15 10:09:21,517 [INFO] ProjectBuilder:4626 - Time for Generating toolchain IDE Files: 2756mS.
2024-01-15 10:09:21,517 [INFO] ProjectBuilder:2935 - Time for Copy CMSIS : 0mS.
2024-01-15 10:09:21,519 [INFO] ProjectBuilder:2935 - Time for Copy CMSIS : 0mS.
2024-01-15 10:09:48,833 [INFO] Gpio:273 - dependency for GPIO [ADC, I2C1, RCC, SYS, USART1, USART2]
2024-01-15 12:07:23,487 [INFO] Activator:176 - 


2024-01-15 12:07:23,489 [INFO] Activator:177 - !SESSION log4j initialized
2024-01-15 12:07:27,655 [INFO] LogOutputStream:77 - [STDOUT_REDIRECT] 
2024-01-15 12:07:28,231 [INFO] ApplicationProperties:184 - Using Application install path: C:\ST\STM32CubeIDE_1.13.2\STM32CubeIDE\plugins\com.st.stm32cube.common.mx_6.9.2.202309101412
2024-01-15 12:07:28,246 [INFO] DbMcusXml:78 - Set database path to: C:\ST\STM32CubeIDE_1.13.2\STM32CubeIDE\plugins\com.st.stm32cube.common.mx_6.9.2.202309101412\\db\/mcu/
2024-01-15 12:07:28,246 [INFO] ApiDb:274 - Set plugin database path to: C:\ST\STM32CubeIDE_1.13.2\STM32CubeIDE\plugins\com.st.stm32cube.common.mx_6.9.2.202309101412\\db\/plugins/boardmanager/
2024-01-15 12:07:28,246 [WARN] ApiDb:259 - Overriding images path with different value:  => C:\ST\STM32CubeIDE_1.13.2\STM32CubeIDE\plugins\com.st.stm32cube.common.mx_6.9.2.202309101412\\db\/plugins/mcufinder/images/
2024-01-15 12:07:28,255 [INFO] ApiDb:250 - Set database path to: C:\Users\jespe\.stmcufinder\plugins\mcufinder//mcu/
2024-01-15 12:07:28,256 [INFO] DbMcusAds:125 - Set database path to: C:\Users\jespe\.stmcufinder\plugins\mcufinder//mcu/
2024-01-15 12:07:28,258 [INFO] CrossReferenceDbSqlite:203 - Set database path to: C:\Users\jespe\.stmcufinder\plugins\mcufinder//mcu/cs/
2024-01-15 12:07:28,343 [INFO] RulesReader:64 - Compatibility file has been processed (293 Rules)
2024-01-15 12:07:28,413 [INFO] DbMcusXml:78 - Set database path to: C:\ST\STM32CubeIDE_1.13.2\STM32CubeIDE\plugins\com.st.stm32cube.common.mx_6.9.2.202309101412\\db\/mcu/
2024-01-15 12:07:28,413 [INFO] ApiDb:274 - Set plugin database path to: C:\ST\STM32CubeIDE_1.13.2\STM32CubeIDE\plugins\com.st.stm32cube.common.mx_6.9.2.202309101412\\db\/plugins/boardmanager/
2024-01-15 12:07:28,414 [INFO] ApiDb:261 - Set plugin images path to: C:\ST\STM32CubeIDE_1.13.2\STM32CubeIDE\plugins\com.st.stm32cube.common.mx_6.9.2.202309101412\\db\/plugins/mcufinder/images/
2024-01-15 12:07:28,414 [WARN] DbFile:41 - Overriding database path with different value: C:\Users\jespe\.stmcufinder\plugins\mcufinder/ => C:\Users\jespe\.stmcufinder\plugins\mcufinder
2024-01-15 12:07:28,414 [INFO] ApiDb:250 - Set database path to: C:\Users\jespe\.stmcufinder\plugins\mcufinder//mcu/
2024-01-15 12:07:28,414 [WARN] DbFile:41 - Overriding database path with different value: C:\Users\jespe\.stmcufinder\plugins\mcufinder/ => C:\Users\jespe\.stmcufinder\plugins\mcufinder
2024-01-15 12:07:28,414 [INFO] DbMcusAds:125 - Set database path to: C:\Users\jespe\.stmcufinder\plugins\mcufinder//mcu/
2024-01-15 12:07:28,414 [WARN] DbFile:41 - Overriding database path with different value: C:\Users\jespe\.stmcufinder\plugins\mcufinder/ => C:\Users\jespe\.stmcufinder\plugins\mcufinder
2024-01-15 12:07:28,414 [WARN] DbFile:41 - Overriding database path with different value: C:\Users\jespe\.stmcufinder\plugins\mcufinder/ => C:\Users\jespe\.stmcufinder\plugins\mcufinder
2024-01-15 12:07:28,414 [INFO] CrossReferenceDbSqlite:203 - Set database path to: C:\Users\jespe\.stmcufinder\plugins\mcufinder//mcu/cs/
2024-01-15 12:07:28,470 [INFO] MainPanel:262 - HeapMemory: 268435456
2024-01-15 12:07:28,524 [INFO] DbMcusXml:78 - Set database path to: C:\ST\STM32CubeIDE_1.13.2\STM32CubeIDE\plugins\com.st.stm32cube.common.mx_6.9.2.202309101412\\db\/mcu/
2024-01-15 12:07:28,524 [INFO] ApiDb:274 - Set plugin database path to: C:\ST\STM32CubeIDE_1.13.2\STM32CubeIDE\plugins\com.st.stm32cube.common.mx_6.9.2.202309101412\\db\/plugins/boardmanager/
2024-01-15 12:07:28,525 [INFO] ApiDb:261 - Set plugin images path to: C:\ST\STM32CubeIDE_1.13.2\STM32CubeIDE\plugins\com.st.stm32cube.common.mx_6.9.2.202309101412\\db\/plugins/mcufinder/images/
2024-01-15 12:07:28,525 [WARN] DbFile:41 - Overriding database path with different value: C:\Users\jespe\.stmcufinder\plugins\mcufinder/ => C:\Users\jespe\.stmcufinder\plugins\mcufinder
2024-01-15 12:07:28,525 [INFO] ApiDb:250 - Set database path to: C:\Users\jespe\.stmcufinder\plugins\mcufinder//mcu/
2024-01-15 12:07:28,525 [WARN] DbFile:41 - Overriding database path with different value: C:\Users\jespe\.stmcufinder\plugins\mcufinder/ => C:\Users\jespe\.stmcufinder\plugins\mcufinder
2024-01-15 12:07:28,525 [INFO] DbMcusAds:125 - Set database path to: C:\Users\jespe\.stmcufinder\plugins\mcufinder//mcu/
2024-01-15 12:07:28,525 [WARN] DbFile:41 - Overriding database path with different value: C:\Users\jespe\.stmcufinder\plugins\mcufinder/ => C:\Users\jespe\.stmcufinder\plugins\mcufinder
2024-01-15 12:07:28,525 [WARN] DbFile:41 - Overriding database path with different value: C:\Users\jespe\.stmcufinder\plugins\mcufinder/ => C:\Users\jespe\.stmcufinder\plugins\mcufinder
2024-01-15 12:07:28,525 [INFO] CrossReferenceDbSqlite:203 - Set database path to: C:\Users\jespe\.stmcufinder\plugins\mcufinder//mcu/cs/
2024-01-15 12:07:28,538 [INFO] ApplicationProperties:184 - Using Application install path: C:\ST\STM32CubeIDE_1.13.2\STM32CubeIDE\plugins\com.st.stm32cube.common.mx_6.9.2.202309101412
2024-01-15 12:07:28,540 [INFO] PluginManage:196 - Search for loadable plugins [exclusion list=, ]
2024-01-15 12:07:28,540 [INFO] PluginManage:310 - Check plugin analytics
2024-01-15 12:07:28,685 [INFO] AnalyticsPlugin:253 - Accepted Software Licenses: 
2024-01-15 12:07:28,685 [INFO] AnalyticsPlugin:255 - Accepted CMSIS Pack Licenses: 
2024-01-15 12:07:28,685 [INFO] AnalyticsPlugin:257 - Accepted Firmware Licenses: 
2024-01-15 12:07:28,687 [INFO] PluginManage:359 - Loaded plugin analytics (category:tool,tabindex:-1)
2024-01-15 12:07:28,688 [INFO] PluginManage:310 - Check plugin cadmodel
2024-01-15 12:07:28,691 [INFO] CADModel:105 - Init CAD model plugin
2024-01-15 12:07:28,691 [INFO] PluginManage:359 - Loaded plugin cadmodel (category:power,tabindex:5)
2024-01-15 12:07:28,691 [INFO] PluginManage:310 - Check plugin clock
2024-01-15 12:07:28,697 [INFO] PluginManage:359 - Loaded plugin clock (category:base,tabindex:2)
2024-01-15 12:07:28,697 [INFO] PluginManage:310 - Check plugin ddr
2024-01-15 12:07:28,699 [INFO] PluginManage:359 - Loaded plugin ddr (category:tool,tabindex:6)
2024-01-15 12:07:28,699 [INFO] PluginManage:310 - Check plugin filemanager
2024-01-15 12:07:28,792 [INFO] PluginManage:359 - Loaded plugin filemanager (category:base,tabindex:10)
2024-01-15 12:07:28,792 [INFO] PluginManage:310 - Check plugin ipmanager
2024-01-15 12:07:28,799 [INFO] PluginManage:359 - Loaded plugin ipmanager (category:base,tabindex:5)
2024-01-15 12:07:28,799 [INFO] PluginManage:310 - Check plugin lpbam
2024-01-15 12:07:28,805 [INFO] PluginManage:359 - Loaded plugin lpbam (category:base,tabindex:0)
2024-01-15 12:07:28,805 [INFO] PluginManage:310 - Check plugin memorymap
2024-01-15 12:07:28,813 [INFO] PluginManage:359 - Loaded plugin memorymap (category:base,tabindex:4)
2024-01-15 12:07:28,813 [INFO] PluginManage:310 - Check plugin pinoutandconfiguration
2024-01-15 12:07:28,818 [INFO] PluginManage:359 - Loaded plugin pinoutandconfiguration (category:base,tabindex:1)
2024-01-15 12:07:28,818 [INFO] PluginManage:310 - Check plugin pinoutconfig
2024-01-15 12:07:28,889 [WARN] SupportedApi:132 - Cannot load RTOS API schema: s4s-elt-must-match.1: The content of 'definitions' must match (annotation?, (simpleType | complexType)?, (unique | key | keyref)*)). A problem was found starting at: attribute.
2024-01-15 12:07:28,984 [INFO] PluginManage:359 - Loaded plugin pinoutconfig (category:base,tabindex:0)
2024-01-15 12:07:28,984 [INFO] PluginManage:310 - Check plugin power
2024-01-15 12:07:28,992 [INFO] PluginManage:359 - Loaded plugin power (category:power,tabindex:4)
2024-01-15 12:07:28,992 [INFO] PluginManage:310 - Check plugin projectmanager
2024-01-15 12:07:29,003 [INFO] PluginManage:359 - Loaded plugin projectmanager (category:projectmanager,tabindex:3)
2024-01-15 12:07:29,003 [INFO] PluginManage:310 - Check plugin thirdparty
2024-01-15 12:07:29,104 [INFO] PluginManage:359 - Loaded plugin thirdparty (category:base,tabindex:-1)
2024-01-15 12:07:29,104 [INFO] PluginManage:310 - Check plugin tools
2024-01-15 12:07:29,104 [WARN] IntegrityCheckThread:84 - waiting for thirdparty lock release [integrity check]
2024-01-15 12:07:29,105 [INFO] IntegrityCheckThread:86 - entering critical section [integrity check]
2024-01-15 12:07:29,105 [INFO] ThirdPartyUpdaterWithRetryManager:70 - Updater plugin not ready yet. [1/15]
2024-01-15 12:07:29,107 [INFO] PluginManage:359 - Loaded plugin tools (category:base,tabindex:7)
2024-01-15 12:07:29,107 [INFO] PluginManage:310 - Check plugin tutovideos
2024-01-15 12:07:29,236 [INFO] PluginManage:359 - Loaded plugin tutovideos (category:base,tabindex:-1)
2024-01-15 12:07:29,236 [INFO] PluginManage:310 - Check plugin updater
2024-01-15 12:07:29,244 [INFO] PluginManage:359 - Loaded plugin updater (category:base,tabindex:12)
2024-01-15 12:07:29,244 [INFO] PluginManage:310 - Check plugin userauth
2024-01-15 12:07:29,248 [INFO] UserAuth:113 - Init User Auth plugin
2024-01-15 12:07:29,248 [INFO] PluginManage:359 - Loaded plugin userauth (category:base,tabindex:14)
2024-01-15 12:07:29,248 [INFO] PluginManage:283 - PluginManage : Loaded plugins [17]
2024-01-15 12:07:29,419 [INFO] PinOutPanel:1499 - setPackage(No Configuration,No Configuration)
2024-01-15 12:07:29,504 [INFO] CADModel:165 - CPN selected for project level
2024-01-15 12:07:29,504 [INFO] CADModel:114 - Register for checkConnection events
2024-01-15 12:07:29,516 [INFO] IPUIPlugin:80 - create IPUIPlugin
2024-01-15 12:07:29,516 [INFO] PluginManager:220 - loadIPPluginJar : add adc
2024-01-15 12:07:29,518 [INFO] IPUIPlugin:80 - create IPUIPlugin
2024-01-15 12:07:29,518 [INFO] PluginManager:220 - loadIPPluginJar : add aes
2024-01-15 12:07:29,520 [INFO] IPUIPlugin:80 - create IPUIPlugin
2024-01-15 12:07:29,520 [INFO] PluginManager:220 - loadIPPluginJar : add can
2024-01-15 12:07:29,521 [INFO] IPUIPlugin:80 - create IPUIPlugin
2024-01-15 12:07:29,521 [INFO] PluginManager:220 - loadIPPluginJar : add comp
2024-01-15 12:07:29,523 [INFO] IPUIPlugin:80 - create IPUIPlugin
2024-01-15 12:07:29,523 [INFO] PluginManager:220 - loadIPPluginJar : add cryp
2024-01-15 12:07:29,524 [INFO] IPUIPlugin:80 - create IPUIPlugin
2024-01-15 12:07:29,525 [INFO] PluginManager:220 - loadIPPluginJar : add dfsdm
2024-01-15 12:07:29,529 [INFO] IPUIPlugin:80 - create IPUIPlugin
2024-01-15 12:07:29,529 [INFO] PluginManager:220 - loadIPPluginJar : add dma
2024-01-15 12:07:29,531 [INFO] IPUIPlugin:80 - create IPUIPlugin
2024-01-15 12:07:29,531 [INFO] PluginManager:220 - loadIPPluginJar : add dma3
2024-01-15 12:07:29,532 [INFO] IPUIPlugin:80 - create IPUIPlugin
2024-01-15 12:07:29,532 [INFO] PluginManager:220 - loadIPPluginJar : add fatfs
2024-01-15 12:07:29,535 [INFO] IPUIPlugin:80 - create IPUIPlugin
2024-01-15 12:07:29,535 [INFO] PluginManager:220 - loadIPPluginJar : add fmc
2024-01-15 12:07:29,539 [INFO] IPUIPlugin:80 - create IPUIPlugin
2024-01-15 12:07:29,540 [INFO] PluginManager:220 - loadIPPluginJar : add freertos
2024-01-15 12:07:29,541 [INFO] IPUIPlugin:80 - create IPUIPlugin
2024-01-15 12:07:29,541 [INFO] PluginManager:220 - loadIPPluginJar : add genericplugin
2024-01-15 12:07:29,542 [INFO] IPUIPlugin:80 - create IPUIPlugin
2024-01-15 12:07:29,542 [INFO] PluginManager:220 - loadIPPluginJar : add gfxmmu
2024-01-15 12:07:29,546 [INFO] IPUIPlugin:80 - create IPUIPlugin
2024-01-15 12:07:29,546 [INFO] PluginManager:220 - loadIPPluginJar : add gic
2024-01-15 12:07:29,549 [INFO] IPUIPlugin:80 - create IPUIPlugin
2024-01-15 12:07:29,550 [INFO] PluginManager:220 - loadIPPluginJar : add gpio
2024-01-15 12:07:29,552 [INFO] IPUIPlugin:80 - create IPUIPlugin
2024-01-15 12:07:29,552 [INFO] PluginManager:220 - loadIPPluginJar : add gtzc
2024-01-15 12:07:29,553 [INFO] IPUIPlugin:80 - create IPUIPlugin
2024-01-15 12:07:29,554 [INFO] PluginManager:220 - loadIPPluginJar : add hash
2024-01-15 12:07:29,555 [INFO] IPUIPlugin:80 - create IPUIPlugin
2024-01-15 12:07:29,556 [INFO] PluginManager:220 - loadIPPluginJar : add i2c
2024-01-15 12:07:29,557 [INFO] IPUIPlugin:80 - create IPUIPlugin
2024-01-15 12:07:29,558 [INFO] PluginManager:220 - loadIPPluginJar : add i2s
2024-01-15 12:07:29,560 [INFO] IPUIPlugin:80 - create IPUIPlugin
2024-01-15 12:07:29,560 [INFO] PluginManager:220 - loadIPPluginJar : add i3c
2024-01-15 12:07:29,562 [INFO] IPUIPlugin:80 - create IPUIPlugin
2024-01-15 12:07:29,562 [INFO] PluginManager:220 - loadIPPluginJar : add ipddr
2024-01-15 12:07:29,567 [INFO] IPUIPlugin:80 - create IPUIPlugin
2024-01-15 12:07:29,568 [INFO] PluginManager:220 - loadIPPluginJar : add linkedlist
2024-01-15 12:07:29,570 [INFO] IPUIPlugin:80 - create IPUIPlugin
2024-01-15 12:07:29,570 [INFO] PluginManager:220 - loadIPPluginJar : add lorawan
2024-01-15 12:07:29,571 [INFO] IPUIPlugin:80 - create IPUIPlugin
2024-01-15 12:07:29,572 [INFO] PluginManager:220 - loadIPPluginJar : add ltdc
2024-01-15 12:07:29,576 [INFO] IPUIPlugin:80 - create IPUIPlugin
2024-01-15 12:07:29,576 [INFO] PluginManager:220 - loadIPPluginJar : add mdma
2024-01-15 12:07:29,578 [INFO] IPUIPlugin:80 - create IPUIPlugin
2024-01-15 12:07:29,578 [INFO] PluginManager:220 - loadIPPluginJar : add nvic
2024-01-15 12:07:29,580 [INFO] IPUIPlugin:80 - create IPUIPlugin
2024-01-15 12:07:29,580 [INFO] PluginManager:220 - loadIPPluginJar : add opamp
2024-01-15 12:07:29,582 [INFO] IPUIPlugin:80 - create IPUIPlugin
2024-01-15 12:07:29,582 [INFO] PluginManager:220 - loadIPPluginJar : add openamp
2024-01-15 12:07:29,584 [INFO] IPUIPlugin:80 - create IPUIPlugin
2024-01-15 12:07:29,585 [INFO] PluginManager:220 - loadIPPluginJar : add pdm2pcm
2024-01-15 12:07:29,589 [INFO] IPUIPlugin:80 - create IPUIPlugin
2024-01-15 12:07:29,591 [INFO] PluginManager:220 - loadIPPluginJar : add plateformsettings
2024-01-15 12:07:29,593 [INFO] IPUIPlugin:80 - create IPUIPlugin
2024-01-15 12:07:29,593 [INFO] PluginManager:220 - loadIPPluginJar : add quadspi
2024-01-15 12:07:29,596 [INFO] IPUIPlugin:80 - create IPUIPlugin
2024-01-15 12:07:29,596 [INFO] PluginManager:220 - loadIPPluginJar : add resmgrutility
2024-01-15 12:07:29,598 [INFO] IPUIPlugin:80 - create IPUIPlugin
2024-01-15 12:07:29,598 [INFO] PluginManager:220 - loadIPPluginJar : add sai
2024-01-15 12:07:29,600 [INFO] IPUIPlugin:80 - create IPUIPlugin
2024-01-15 12:07:29,600 [INFO] PluginManager:220 - loadIPPluginJar : add spi
2024-01-15 12:07:29,603 [INFO] IPUIPlugin:80 - create IPUIPlugin
2024-01-15 12:07:29,603 [INFO] PluginManager:220 - loadIPPluginJar : add stm32_wpan
2024-01-15 12:07:29,605 [INFO] IPUIPlugin:80 - create IPUIPlugin
2024-01-15 12:07:29,605 [INFO] PluginManager:220 - loadIPPluginJar : add tim
2024-01-15 12:07:29,618 [INFO] IPUIPlugin:80 - create IPUIPlugin
2024-01-15 12:07:29,619 [INFO] PluginManager:220 - loadIPPluginJar : add touchsensing
2024-01-15 12:07:29,621 [INFO] IPUIPlugin:80 - create IPUIPlugin
2024-01-15 12:07:29,621 [INFO] PluginManager:220 - loadIPPluginJar : add tracer_emb
2024-01-15 12:07:29,622 [INFO] IPUIPlugin:80 - create IPUIPlugin
2024-01-15 12:07:29,622 [INFO] PluginManager:220 - loadIPPluginJar : add ts
2024-01-15 12:07:29,624 [INFO] IPUIPlugin:80 - create IPUIPlugin
2024-01-15 12:07:29,624 [INFO] PluginManager:220 - loadIPPluginJar : add tsc
2024-01-15 12:07:29,625 [INFO] IPUIPlugin:80 - create IPUIPlugin
2024-01-15 12:07:29,625 [INFO] PluginManager:220 - loadIPPluginJar : add ucpd
2024-01-15 12:07:29,628 [INFO] IPUIPlugin:80 - create IPUIPlugin
2024-01-15 12:07:29,628 [INFO] PluginManager:220 - loadIPPluginJar : add usart
2024-01-15 12:07:29,630 [INFO] IPUIPlugin:80 - create IPUIPlugin
2024-01-15 12:07:29,631 [INFO] PluginManager:220 - loadIPPluginJar : add usbx
2024-01-15 12:07:29,751 [INFO] CADModel:165 - CPN selected for project level
2024-01-15 12:07:29,751 [INFO] CADModel:114 - Register for checkConnection events
2024-01-15 12:07:29,752 [FATAL] Updater:308 - Updater called before beeing initialized
2024-01-15 12:07:29,752 [ERROR] CADModel:125 - Updater not yet initialized, retry later 
2024-01-15 12:07:29,864 [INFO] CADModel:165 - CPN selected for project level
2024-01-15 12:07:29,864 [INFO] CADModel:114 - Register for checkConnection events
2024-01-15 12:07:29,864 [FATAL] Updater:308 - Updater called before beeing initialized
2024-01-15 12:07:29,864 [ERROR] CADModel:125 - Updater not yet initialized, retry later 
2024-01-15 12:07:29,867 [FATAL] Updater:308 - Updater called before beeing initialized
2024-01-15 12:07:29,961 [FATAL] Updater:308 - Updater called before beeing initialized
2024-01-15 12:07:29,965 [INFO] DbMcusAds:53 - JSON generation date=Tue Mar 07 09:50:55 CET 2023 (1678179055114)
2024-01-15 12:07:29,965 [FATAL] Updater:308 - Updater called before beeing initialized
2024-01-15 12:07:29,995 [WARN] DetailPanel:346 - Failed to get advertising image, set to default
2024-01-15 12:07:30,081 [FATAL] Updater:308 - Updater called before beeing initialized
2024-01-15 12:07:30,082 [FATAL] Updater:308 - Updater called before beeing initialized
2024-01-15 12:07:30,082 [FATAL] Updater:308 - Updater called before beeing initialized
2024-01-15 12:07:30,083 [WARN] DetailPanel:346 - Failed to get advertising image, set to default
2024-01-15 12:07:30,083 [FATAL] Updater:308 - Updater called before beeing initialized
2024-01-15 12:07:30,119 [ERROR] Updater:1120 - MainUpdater not yet initialized. External WinMGr cannot be set.
2024-01-15 12:07:30,120 [INFO] Updater:1056 - Updater Version found : 6.9.2
2024-01-15 12:07:30,136 [INFO] ApplicationProperties:184 - Using Application install path: C:\ST\STM32CubeIDE_1.13.2\STM32CubeIDE\plugins\com.st.stm32cube.common.mx_6.9.2.202309101412
2024-01-15 12:07:30,245 [INFO] MainUpdater:2868 - connection check result : 10
2024-01-15 12:07:30,245 [INFO] MainUpdater:285 - Updater Check For Update Now.
2024-01-15 12:07:30,246 [INFO] MicroXplorer:498 - Change Database Version : DB.6.0.92
2024-01-15 12:07:30,252 [INFO] McuFinderGlobals:63 - Set McuFinder mode to 2 (CubeIDE integrated)
2024-01-15 12:07:30,416 [INFO] CheckServerUpdateThread:120 - End of CheckServer Thread
2024-01-15 12:07:32,289 [WARN] PackLoader:240 - Cannot read IP mode file for STMicroelectronics.X-CUBE-SMBUS.2.1.0
2024-01-15 12:07:32,296 [WARN] PackLoader:240 - Cannot read IP mode file for STMicroelectronics.X-CUBE-TOUCHGFX.4.23.0
2024-01-15 12:07:32,322 [WARN] PackLoader:240 - Cannot read IP mode file for STMicroelectronics.X-CUBE-AZRTOS-F7.1.1.0
2024-01-15 12:07:32,332 [WARN] PackLoader:240 - Cannot read IP mode file for STMicroelectronics.FP-SNS-MOTENV1.4.3.2
2024-01-15 12:07:32,339 [WARN] PackLoader:240 - Cannot read IP mode file for STMicroelectronics.FP-SNS-FLIGHT1.5.0.2
2024-01-15 12:07:32,349 [WARN] PackLoader:240 - Cannot read IP mode file for STMicroelectronics.X-CUBE-DISPLAY.3.0.0
2024-01-15 12:07:32,361 [WARN] PackLoader:240 - Cannot read IP mode file for STMicroelectronics.X-CUBE-BLE1.7.0.0
2024-01-15 12:07:32,368 [WARN] PackLoader:240 - Cannot read IP mode file for emotas.I-CUBE-CANOPEN.1.3.0
2024-01-15 12:07:32,371 [WARN] PackLoader:240 - Cannot read IP mode file for STMicroelectronics.X-CUBE-TOUCHGFX.4.22.0
2024-01-15 12:07:32,375 [WARN] PackLoader:240 - Cannot read IP mode file for STMicroelectronics.X-CUBE-TOUCHGFX.4.22.1
2024-01-15 12:07:32,379 [WARN] PackLoader:240 - Cannot read IP mode file for STMicroelectronics.FP-SNS-SMARTAG2.1.2.0
2024-01-15 12:07:32,391 [INFO] LogOutputStream:77 - [STDOUT_REDIRECT] 1 : Invalid condition id : UX_CORESTACK_Condition cause : null
2024-01-15 12:07:32,391 [INFO] LogOutputStream:77 - [STDOUT_REDIRECT] 1 : Invalid condition id : UX_CORESTACK_Condition cause : null
2024-01-15 12:07:32,392 [INFO] LogOutputStream:77 - [STDOUT_REDIRECT] 1 : Invalid condition id : UX_CORESTACK_Condition cause : null
2024-01-15 12:07:32,393 [INFO] LogOutputStream:77 - [STDOUT_REDIRECT] 1 : Invalid condition id : UX_CORESTACK_Condition cause : null
2024-01-15 12:07:32,394 [INFO] LogOutputStream:77 - [STDOUT_REDIRECT] 1 : Invalid condition id : UX_CORESTACK_Condition cause : null
2024-01-15 12:07:32,397 [WARN] PackLoader:240 - Cannot read IP mode file for STMicroelectronics.X-CUBE-AZRTOS-WL.2.0.0
2024-01-15 12:07:32,405 [WARN] PackLoader:240 - Cannot read IP mode file for WES.I-CUBE-Cesium.1.3.0
2024-01-15 12:07:32,410 [WARN] PackLoader:240 - Cannot read IP mode file for STMicroelectronics.X-CUBE-BLE2.3.3.0
2024-01-15 12:07:32,417 [WARN] PackLoader:240 - Cannot read IP mode file for STMicroelectronics.X-CUBE-ALGOBUILD.1.3.0
2024-01-15 12:07:32,433 [WARN] PackLoader:240 - Cannot read IP mode file for STMicroelectronics.X-CUBE-AZRTOS-G0.1.1.0
2024-01-15 12:07:32,439 [WARN] PackLoader:240 - Cannot read IP mode file for STMicroelectronics.X-CUBE-NFC4.3.0.0
2024-01-15 12:07:32,449 [WARN] PackLoader:240 - Cannot read IP mode file for STMicroelectronics.X-CUBE-BLEMGR.3.0.0
2024-01-15 12:07:32,456 [WARN] PackLoader:240 - Cannot read IP mode file for STMicroelectronics.FP-ATR-SIGFOX1.3.2.0
2024-01-15 12:07:32,491 [WARN] PackLoader:240 - Cannot read IP mode file for SEGGER.I-CUBE-embOS.1.3.1
2024-01-15 12:07:32,523 [WARN] PackLoader:240 - Cannot read IP mode file for STMicroelectronics.X-CUBE-GNSS1.6.0.0
2024-01-15 12:07:32,536 [WARN] PackLoader:240 - Cannot read IP mode file for STMicroelectronics.X-CUBE-AZRTOS-F4.1.1.0
2024-01-15 12:07:32,541 [WARN] PackLoader:240 - Cannot read IP mode file for wolfSSL.I-CUBE-wolfSSL.5.6.3
2024-01-15 12:07:32,553 [WARN] PackLoader:240 - Cannot read IP mode file for STMicroelectronics.X-CUBE-AZRTOS-L5.2.0.0
2024-01-15 12:07:32,583 [WARN] PackLoader:240 - Cannot read IP mode file for STMicroelectronics.X-CUBE-MEMS1.9.6.0
2024-01-15 12:07:32,732 [WARN] PackLoader:240 - Cannot read IP mode file for STMicroelectronics.X-CUBE-EEPRMA1.4.2.0
2024-01-15 12:07:32,737 [WARN] PackLoader:240 - Cannot read IP mode file for ITTIA_DB.I-CUBE-ITTIADB.8.8.0
2024-01-15 12:07:32,743 [WARN] PackLoader:240 - Cannot read IP mode file for STMicroelectronics.X-CUBE-BLEMGR.2.0.0
2024-01-15 12:07:32,756 [WARN] ConditionMgr:438 - getConditionDescription Invalid condition id : UX DEVICE CLASS RTOS Condition cause : null
2024-01-15 12:07:32,756 [WARN] ConditionMgr:438 - getConditionDescription Invalid condition id : UX DEVICE CLASS RTOS Condition cause : null
2024-01-15 12:07:32,758 [WARN] PackLoader:240 - Cannot read IP mode file for STMicroelectronics.X-CUBE-AZRTOS-H7.3.1.0
2024-01-15 12:07:32,759 [WARN] ConditionMgr:1039 - genDependencies : Invalid condition id : UX DEVICE CLASS RTOS Condition cause : null
2024-01-15 12:07:32,759 [WARN] ConditionMgr:1039 - genDependencies : Invalid condition id : UX DEVICE CLASS RTOS Condition cause : null
2024-01-15 12:07:32,760 [WARN] ConditionMgr:1039 - genDependencies : Invalid condition id : UX DEVICE CLASS RTOS Condition cause : null
2024-01-15 12:07:32,760 [WARN] ConditionMgr:1039 - genDependencies : Invalid condition id : UX DEVICE CLASS RTOS Condition cause : null
2024-01-15 12:07:32,760 [WARN] ConditionMgr:1039 - genDependencies : Invalid condition id : UX DEVICE CLASS RTOS Condition cause : null
2024-01-15 12:07:32,765 [WARN] PackLoader:240 - Cannot read IP mode file for STMicroelectronics.X-CUBE-NFC7.1.0.1
2024-01-15 12:07:32,772 [WARN] PackLoader:240 - Cannot read IP mode file for STMicroelectronics.X-CUBE-NFC6.3.0.0
2024-01-15 12:07:32,776 [WARN] PackLoader:240 - Cannot read IP mode file for STMicroelectronics.X-CUBE-EEPRMA1.4.1.0
2024-01-15 12:07:32,781 [WARN] PackLoader:240 - Cannot read IP mode file for STMicroelectronics.X-CUBE-AI.8.1.0
2024-01-15 12:07:32,798 [WARN] ConditionMgr:438 - getConditionDescription Invalid condition id : LAN8742 Phy interface Condition cause : null
2024-01-15 12:07:32,798 [WARN] PackLoader:240 - Cannot read IP mode file for STMicroelectronics.X-CUBE-AZRTOS-L4.2.0.0
2024-01-15 12:07:32,799 [WARN] ConditionMgr:1039 - genDependencies : Invalid condition id : LAN8742 Phy interface Condition cause : null
2024-01-15 12:07:32,800 [WARN] ConditionMgr:1039 - genDependencies : Invalid condition id : LAN8742 Phy interface Condition cause : null
2024-01-15 12:07:32,801 [WARN] ConditionMgr:1039 - genDependencies : Invalid condition id : LAN8742 Phy interface Condition cause : null
2024-01-15 12:07:32,807 [WARN] PackLoader:240 - Cannot read IP mode file for STMicroelectronics.X-CUBE-SFXS2LP1.4.0.0
2024-01-15 12:07:32,812 [WARN] PackLoader:240 - Cannot read IP mode file for STMicroelectronics.X-CUBE-ISPU.1.1.0
2024-01-15 12:07:32,824 [WARN] ConditionMgr:438 - getConditionDescription Invalid condition id : UX DEVICE CLASS RTOS Condition cause : null
2024-01-15 12:07:32,824 [WARN] ConditionMgr:438 - getConditionDescription Invalid condition id : UX DEVICE CLASS RTOS Condition cause : null
2024-01-15 12:07:32,825 [WARN] PackLoader:240 - Cannot read IP mode file for STMicroelectronics.X-CUBE-AZRTOS-WB.2.0.0
2024-01-15 12:07:32,826 [WARN] ConditionMgr:1039 - genDependencies : Invalid condition id : UX DEVICE CLASS RTOS Condition cause : null
2024-01-15 12:07:32,826 [WARN] ConditionMgr:1039 - genDependencies : Invalid condition id : UX DEVICE CLASS RTOS Condition cause : null
2024-01-15 12:07:32,826 [WARN] ConditionMgr:1039 - genDependencies : Invalid condition id : UX DEVICE CLASS RTOS Condition cause : null
2024-01-15 12:07:32,826 [WARN] ConditionMgr:1039 - genDependencies : Invalid condition id : UX DEVICE CLASS RTOS Condition cause : null
2024-01-15 12:07:32,826 [WARN] ConditionMgr:1039 - genDependencies : Invalid condition id : UX DEVICE CLASS RTOS Condition cause : null
2024-01-15 12:07:32,834 [WARN] PackLoader:240 - Cannot read IP mode file for STMicroelectronics.X-CUBE-SUBG2.5.0.0
2024-01-15 12:07:32,844 [WARN] PackLoader:240 - Cannot read IP mode file for STMicroelectronics.X-CUBE-TOF1.3.3.1
2024-01-15 12:07:32,859 [WARN] PackLoader:240 - Cannot read IP mode file for STMicroelectronics.X-CUBE-AZRTOS-G4.2.0.0
2024-01-15 12:07:32,869 [WARN] PackLoader:240 - Cannot read IP mode file for Infineon.AIROC-Wi-Fi-Bluetooth-STM32.1.5.1
2024-01-15 12:07:32,875 [WARN] PackLoader:240 - Cannot read IP mode file for STMicroelectronics.FP-SNS-MOTENVWB1.1.3.0
2024-01-15 12:07:32,878 [WARN] PackLoader:240 - Cannot read IP mode file for STMicroelectronics.FP-SNS-MOTENVWB1.1.3.1
2024-01-15 12:07:32,880 [WARN] PackLoader:240 - Cannot read IP mode file for STMicroelectronics.X-CUBE-ISPU.2.0.0
2024-01-15 12:07:32,906 [WARN] PackLoader:240 - Cannot read IP mode file for STMicroelectronics.X-CUBE-MEMS1.10.0.0
2024-01-15 12:07:33,006 [WARN] PackLoader:240 - Cannot read IP mode file for STMicroelectronics.X-CUBE-FREERTOS.1.1.0
2024-01-15 12:07:33,018 [WARN] PackLoader:240 - Cannot read IP mode file for portGmbH.I-Cube-SoM-uGOAL.1.1.0
2024-01-15 12:07:33,023 [WARN] PackLoader:240 - Cannot read IP mode file for STMicroelectronics.X-CUBE-ALS.1.0.1
2024-01-15 12:07:33,027 [WARN] PackLoader:240 - Cannot read IP mode file for STMicroelectronics.FP-ATR-ASTRA1.2.0.0
2024-01-15 12:07:33,036 [WARN] PackLoader:240 - Cannot read IP mode file for STMicroelectronics.X-CUBE-TOF1.3.4.0
2024-01-15 12:07:33,063 [WARN] PackLoader:240 - Cannot read IP mode file for STMicroelectronics.X-CUBE-AZRTOS-H7.3.2.0
2024-01-15 12:07:33,065 [INFO] ThirdParty:978 - Integrity check success = true
2024-01-15 12:07:33,065 [INFO] IntegrityCheckThread:100 - exiting critical section [integrity check]
2024-01-15 12:07:33,065 [INFO] IntegrityCheckThread:103 - End integrity checks thread
2024-01-15 12:07:50,997 [ERROR] LogOutputStream:75 - [STDERR_REDIRECT] SLF4J: Failed to load class "org.slf4j.impl.StaticLoggerBinder".
2024-01-15 12:07:50,997 [ERROR] LogOutputStream:75 - [STDERR_REDIRECT] SLF4J: Defaulting to no-operation (NOP) logger implementation
2024-01-15 12:07:50,999 [ERROR] LogOutputStream:75 - [STDERR_REDIRECT] SLF4J: See http://www.slf4j.org/codes.html#StaticLoggerBinder for further details.
