2023-12-13 11:09:59,128 [INFO] Activator:176 - 


2023-12-13 11:09:59,128 [INFO] Activator:177 - !SESSION log4j initialized
2023-12-13 11:10:04,680 [INFO] LogOutputStream:77 - [STDOUT_REDIRECT] 
2023-12-13 11:10:06,160 [INFO] ApplicationProperties:184 - Using Application install path: C:\ST\STM32CubeIDE_1.13.2\STM32CubeIDE\plugins\com.st.stm32cube.common.mx_6.9.2.202309101412
2023-12-13 11:10:06,180 [INFO] DbMcusXml:78 - Set database path to: C:\ST\STM32CubeIDE_1.13.2\STM32CubeIDE\plugins\com.st.stm32cube.common.mx_6.9.2.202309101412\\db\/mcu/
2023-12-13 11:10:06,181 [INFO] ApiDb:274 - Set plugin database path to: C:\ST\STM32CubeIDE_1.13.2\STM32CubeIDE\plugins\com.st.stm32cube.common.mx_6.9.2.202309101412\\db\/plugins/boardmanager/
2023-12-13 11:10:06,181 [WARN] ApiDb:259 - Overriding images path with different value:  => C:\ST\STM32CubeIDE_1.13.2\STM32CubeIDE\plugins\com.st.stm32cube.common.mx_6.9.2.202309101412\\db\/plugins/mcufinder/images/
2023-12-13 11:10:06,195 [INFO] ApiDb:250 - Set database path to: C:\Users\jespe\.stmcufinder\plugins\mcufinder//mcu/
2023-12-13 11:10:06,196 [INFO] DbMcusAds:125 - Set database path to: C:\Users\jespe\.stmcufinder\plugins\mcufinder//mcu/
2023-12-13 11:10:06,198 [INFO] CrossReferenceDbSqlite:203 - Set database path to: C:\Users\jespe\.stmcufinder\plugins\mcufinder//mcu/cs/
2023-12-13 11:10:06,308 [INFO] RulesReader:64 - Compatibility file has been processed (293 Rules)
2023-12-13 11:10:06,394 [INFO] DbMcusXml:78 - Set database path to: C:\ST\STM32CubeIDE_1.13.2\STM32CubeIDE\plugins\com.st.stm32cube.common.mx_6.9.2.202309101412\\db\/mcu/
2023-12-13 11:10:06,395 [INFO] ApiDb:274 - Set plugin database path to: C:\ST\STM32CubeIDE_1.13.2\STM32CubeIDE\plugins\com.st.stm32cube.common.mx_6.9.2.202309101412\\db\/plugins/boardmanager/
2023-12-13 11:10:06,395 [INFO] ApiDb:261 - Set plugin images path to: C:\ST\STM32CubeIDE_1.13.2\STM32CubeIDE\plugins\com.st.stm32cube.common.mx_6.9.2.202309101412\\db\/plugins/mcufinder/images/
2023-12-13 11:10:06,395 [WARN] DbFile:41 - Overriding database path with different value: C:\Users\jespe\.stmcufinder\plugins\mcufinder/ => C:\Users\jespe\.stmcufinder\plugins\mcufinder
2023-12-13 11:10:06,395 [INFO] ApiDb:250 - Set database path to: C:\Users\jespe\.stmcufinder\plugins\mcufinder//mcu/
2023-12-13 11:10:06,395 [WARN] DbFile:41 - Overriding database path with different value: C:\Users\jespe\.stmcufinder\plugins\mcufinder/ => C:\Users\jespe\.stmcufinder\plugins\mcufinder
2023-12-13 11:10:06,395 [INFO] DbMcusAds:125 - Set database path to: C:\Users\jespe\.stmcufinder\plugins\mcufinder//mcu/
2023-12-13 11:10:06,395 [WARN] DbFile:41 - Overriding database path with different value: C:\Users\jespe\.stmcufinder\plugins\mcufinder/ => C:\Users\jespe\.stmcufinder\plugins\mcufinder
2023-12-13 11:10:06,395 [WARN] DbFile:41 - Overriding database path with different value: C:\Users\jespe\.stmcufinder\plugins\mcufinder/ => C:\Users\jespe\.stmcufinder\plugins\mcufinder
2023-12-13 11:10:06,396 [INFO] CrossReferenceDbSqlite:203 - Set database path to: C:\Users\jespe\.stmcufinder\plugins\mcufinder//mcu/cs/
2023-12-13 11:10:06,462 [INFO] MainPanel:262 - HeapMemory: 268435456
2023-12-13 11:10:06,546 [INFO] DbMcusXml:78 - Set database path to: C:\ST\STM32CubeIDE_1.13.2\STM32CubeIDE\plugins\com.st.stm32cube.common.mx_6.9.2.202309101412\\db\/mcu/
2023-12-13 11:10:06,547 [INFO] ApiDb:274 - Set plugin database path to: C:\ST\STM32CubeIDE_1.13.2\STM32CubeIDE\plugins\com.st.stm32cube.common.mx_6.9.2.202309101412\\db\/plugins/boardmanager/
2023-12-13 11:10:06,547 [INFO] ApiDb:261 - Set plugin images path to: C:\ST\STM32CubeIDE_1.13.2\STM32CubeIDE\plugins\com.st.stm32cube.common.mx_6.9.2.202309101412\\db\/plugins/mcufinder/images/
2023-12-13 11:10:06,547 [WARN] DbFile:41 - Overriding database path with different value: C:\Users\jespe\.stmcufinder\plugins\mcufinder/ => C:\Users\jespe\.stmcufinder\plugins\mcufinder
2023-12-13 11:10:06,547 [INFO] ApiDb:250 - Set database path to: C:\Users\jespe\.stmcufinder\plugins\mcufinder//mcu/
2023-12-13 11:10:06,547 [WARN] DbFile:41 - Overriding database path with different value: C:\Users\jespe\.stmcufinder\plugins\mcufinder/ => C:\Users\jespe\.stmcufinder\plugins\mcufinder
2023-12-13 11:10:06,547 [INFO] DbMcusAds:125 - Set database path to: C:\Users\jespe\.stmcufinder\plugins\mcufinder//mcu/
2023-12-13 11:10:06,548 [WARN] DbFile:41 - Overriding database path with different value: C:\Users\jespe\.stmcufinder\plugins\mcufinder/ => C:\Users\jespe\.stmcufinder\plugins\mcufinder
2023-12-13 11:10:06,548 [WARN] DbFile:41 - Overriding database path with different value: C:\Users\jespe\.stmcufinder\plugins\mcufinder/ => C:\Users\jespe\.stmcufinder\plugins\mcufinder
2023-12-13 11:10:06,548 [INFO] CrossReferenceDbSqlite:203 - Set database path to: C:\Users\jespe\.stmcufinder\plugins\mcufinder//mcu/cs/
2023-12-13 11:10:06,564 [INFO] ApplicationProperties:184 - Using Application install path: C:\ST\STM32CubeIDE_1.13.2\STM32CubeIDE\plugins\com.st.stm32cube.common.mx_6.9.2.202309101412
2023-12-13 11:10:06,565 [INFO] PluginManage:196 - Search for loadable plugins [exclusion list=, ]
2023-12-13 11:10:06,566 [INFO] PluginManage:310 - Check plugin analytics
2023-12-13 11:10:06,716 [INFO] AnalyticsPlugin:253 - Accepted Software Licenses: 
2023-12-13 11:10:06,716 [INFO] AnalyticsPlugin:255 - Accepted CMSIS Pack Licenses: 
2023-12-13 11:10:06,716 [INFO] AnalyticsPlugin:257 - Accepted Firmware Licenses: 
2023-12-13 11:10:06,720 [INFO] PluginManage:359 - Loaded plugin analytics (category:tool,tabindex:-1)
2023-12-13 11:10:06,721 [INFO] PluginManage:310 - Check plugin cadmodel
2023-12-13 11:10:06,735 [INFO] CADModel:105 - Init CAD model plugin
2023-12-13 11:10:06,735 [INFO] PluginManage:359 - Loaded plugin cadmodel (category:power,tabindex:5)
2023-12-13 11:10:06,735 [INFO] PluginManage:310 - Check plugin clock
2023-12-13 11:10:06,755 [INFO] PluginManage:359 - Loaded plugin clock (category:base,tabindex:2)
2023-12-13 11:10:06,755 [INFO] PluginManage:310 - Check plugin ddr
2023-12-13 11:10:06,757 [INFO] PluginManage:359 - Loaded plugin ddr (category:tool,tabindex:6)
2023-12-13 11:10:06,757 [INFO] PluginManage:310 - Check plugin filemanager
2023-12-13 11:10:06,884 [INFO] PluginManage:359 - Loaded plugin filemanager (category:base,tabindex:10)
2023-12-13 11:10:06,884 [INFO] PluginManage:310 - Check plugin ipmanager
2023-12-13 11:10:06,891 [INFO] PluginManage:359 - Loaded plugin ipmanager (category:base,tabindex:5)
2023-12-13 11:10:06,891 [INFO] PluginManage:310 - Check plugin lpbam
2023-12-13 11:10:06,907 [INFO] PluginManage:359 - Loaded plugin lpbam (category:base,tabindex:0)
2023-12-13 11:10:06,907 [INFO] PluginManage:310 - Check plugin memorymap
2023-12-13 11:10:06,927 [INFO] PluginManage:359 - Loaded plugin memorymap (category:base,tabindex:4)
2023-12-13 11:10:06,928 [INFO] PluginManage:310 - Check plugin pinoutandconfiguration
2023-12-13 11:10:06,942 [INFO] PluginManage:359 - Loaded plugin pinoutandconfiguration (category:base,tabindex:1)
2023-12-13 11:10:06,943 [INFO] PluginManage:310 - Check plugin pinoutconfig
2023-12-13 11:10:07,035 [WARN] SupportedApi:132 - Cannot load RTOS API schema: s4s-elt-must-match.1: The content of 'definitions' must match (annotation?, (simpleType | complexType)?, (unique | key | keyref)*)). A problem was found starting at: attribute.
2023-12-13 11:10:07,146 [INFO] PluginManage:359 - Loaded plugin pinoutconfig (category:base,tabindex:0)
2023-12-13 11:10:07,146 [INFO] PluginManage:310 - Check plugin power
2023-12-13 11:10:07,167 [INFO] PluginManage:359 - Loaded plugin power (category:power,tabindex:4)
2023-12-13 11:10:07,168 [INFO] PluginManage:310 - Check plugin projectmanager
2023-12-13 11:10:07,181 [INFO] PluginManage:359 - Loaded plugin projectmanager (category:projectmanager,tabindex:3)
2023-12-13 11:10:07,181 [INFO] PluginManage:310 - Check plugin thirdparty
2023-12-13 11:10:07,428 [INFO] PluginManage:359 - Loaded plugin thirdparty (category:base,tabindex:-1)
2023-12-13 11:10:07,428 [WARN] IntegrityCheckThread:84 - waiting for thirdparty lock release [integrity check]
2023-12-13 11:10:07,428 [INFO] PluginManage:310 - Check plugin tools
2023-12-13 11:10:07,428 [INFO] IntegrityCheckThread:86 - entering critical section [integrity check]
2023-12-13 11:10:07,428 [INFO] ThirdPartyUpdaterWithRetryManager:70 - Updater plugin not ready yet. [1/15]
2023-12-13 11:10:07,454 [INFO] PluginManage:359 - Loaded plugin tools (category:base,tabindex:7)
2023-12-13 11:10:07,454 [INFO] PluginManage:310 - Check plugin tutovideos
2023-12-13 11:10:07,629 [INFO] PluginManage:359 - Loaded plugin tutovideos (category:base,tabindex:-1)
2023-12-13 11:10:07,630 [INFO] PluginManage:310 - Check plugin updater
2023-12-13 11:10:07,639 [INFO] PluginManage:359 - Loaded plugin updater (category:base,tabindex:12)
2023-12-13 11:10:07,639 [INFO] PluginManage:310 - Check plugin userauth
2023-12-13 11:10:07,644 [INFO] UserAuth:113 - Init User Auth plugin
2023-12-13 11:10:07,644 [INFO] PluginManage:359 - Loaded plugin userauth (category:base,tabindex:14)
2023-12-13 11:10:07,644 [INFO] PluginManage:283 - PluginManage : Loaded plugins [17]
2023-12-13 11:10:07,837 [INFO] PinOutPanel:1499 - setPackage(No Configuration,No Configuration)
2023-12-13 11:10:07,927 [INFO] CADModel:165 - CPN selected for project level
2023-12-13 11:10:07,928 [INFO] CADModel:114 - Register for checkConnection events
2023-12-13 11:10:07,949 [INFO] IPUIPlugin:80 - create IPUIPlugin
2023-12-13 11:10:07,949 [INFO] PluginManager:220 - loadIPPluginJar : add adc
2023-12-13 11:10:07,977 [INFO] IPUIPlugin:80 - create IPUIPlugin
2023-12-13 11:10:07,978 [INFO] PluginManager:220 - loadIPPluginJar : add aes
2023-12-13 11:10:08,009 [INFO] IPUIPlugin:80 - create IPUIPlugin
2023-12-13 11:10:08,009 [INFO] PluginManager:220 - loadIPPluginJar : add can
2023-12-13 11:10:08,026 [INFO] IPUIPlugin:80 - create IPUIPlugin
2023-12-13 11:10:08,026 [INFO] PluginManager:220 - loadIPPluginJar : add comp
2023-12-13 11:10:08,052 [INFO] IPUIPlugin:80 - create IPUIPlugin
2023-12-13 11:10:08,052 [INFO] PluginManager:220 - loadIPPluginJar : add cryp
2023-12-13 11:10:08,074 [INFO] IPUIPlugin:80 - create IPUIPlugin
2023-12-13 11:10:08,075 [INFO] PluginManager:220 - loadIPPluginJar : add dfsdm
2023-12-13 11:10:08,086 [INFO] IPUIPlugin:80 - create IPUIPlugin
2023-12-13 11:10:08,087 [INFO] PluginManager:220 - loadIPPluginJar : add dma
2023-12-13 11:10:08,120 [INFO] IPUIPlugin:80 - create IPUIPlugin
2023-12-13 11:10:08,120 [INFO] PluginManager:220 - loadIPPluginJar : add dma3
2023-12-13 11:10:08,137 [INFO] IPUIPlugin:80 - create IPUIPlugin
2023-12-13 11:10:08,137 [INFO] PluginManager:220 - loadIPPluginJar : add fatfs
2023-12-13 11:10:08,172 [INFO] IPUIPlugin:80 - create IPUIPlugin
2023-12-13 11:10:08,172 [INFO] PluginManager:220 - loadIPPluginJar : add fmc
2023-12-13 11:10:08,186 [INFO] IPUIPlugin:80 - create IPUIPlugin
2023-12-13 11:10:08,187 [INFO] PluginManager:220 - loadIPPluginJar : add freertos
2023-12-13 11:10:08,203 [INFO] IPUIPlugin:80 - create IPUIPlugin
2023-12-13 11:10:08,203 [INFO] PluginManager:220 - loadIPPluginJar : add genericplugin
2023-12-13 11:10:08,271 [INFO] IPUIPlugin:80 - create IPUIPlugin
2023-12-13 11:10:08,272 [INFO] PluginManager:220 - loadIPPluginJar : add gfxmmu
2023-12-13 11:10:08,360 [INFO] IPUIPlugin:80 - create IPUIPlugin
2023-12-13 11:10:08,360 [INFO] PluginManager:220 - loadIPPluginJar : add gic
2023-12-13 11:10:08,372 [INFO] IPUIPlugin:80 - create IPUIPlugin
2023-12-13 11:10:08,372 [INFO] PluginManager:220 - loadIPPluginJar : add gpio
2023-12-13 11:10:08,439 [INFO] IPUIPlugin:80 - create IPUIPlugin
2023-12-13 11:10:08,439 [INFO] PluginManager:220 - loadIPPluginJar : add gtzc
2023-12-13 11:10:08,462 [INFO] IPUIPlugin:80 - create IPUIPlugin
2023-12-13 11:10:08,462 [INFO] PluginManager:220 - loadIPPluginJar : add hash
2023-12-13 11:10:08,499 [INFO] IPUIPlugin:80 - create IPUIPlugin
2023-12-13 11:10:08,499 [INFO] PluginManager:220 - loadIPPluginJar : add i2c
2023-12-13 11:10:08,528 [INFO] IPUIPlugin:80 - create IPUIPlugin
2023-12-13 11:10:08,528 [INFO] PluginManager:220 - loadIPPluginJar : add i2s
2023-12-13 11:10:08,558 [INFO] IPUIPlugin:80 - create IPUIPlugin
2023-12-13 11:10:08,558 [INFO] PluginManager:220 - loadIPPluginJar : add i3c
2023-12-13 11:10:08,637 [INFO] IPUIPlugin:80 - create IPUIPlugin
2023-12-13 11:10:08,637 [INFO] PluginManager:220 - loadIPPluginJar : add ipddr
2023-12-13 11:10:08,701 [INFO] IPUIPlugin:80 - create IPUIPlugin
2023-12-13 11:10:08,701 [INFO] PluginManager:220 - loadIPPluginJar : add linkedlist
2023-12-13 11:10:08,727 [INFO] IPUIPlugin:80 - create IPUIPlugin
2023-12-13 11:10:08,727 [INFO] PluginManager:220 - loadIPPluginJar : add lorawan
2023-12-13 11:10:08,752 [INFO] IPUIPlugin:80 - create IPUIPlugin
2023-12-13 11:10:08,752 [INFO] PluginManager:220 - loadIPPluginJar : add ltdc
2023-12-13 11:10:08,764 [INFO] IPUIPlugin:80 - create IPUIPlugin
2023-12-13 11:10:08,764 [INFO] PluginManager:220 - loadIPPluginJar : add mdma
2023-12-13 11:10:08,774 [INFO] IPUIPlugin:80 - create IPUIPlugin
2023-12-13 11:10:08,774 [INFO] PluginManager:220 - loadIPPluginJar : add nvic
2023-12-13 11:10:08,799 [INFO] IPUIPlugin:80 - create IPUIPlugin
2023-12-13 11:10:08,799 [INFO] PluginManager:220 - loadIPPluginJar : add opamp
2023-12-13 11:10:08,844 [INFO] IPUIPlugin:80 - create IPUIPlugin
2023-12-13 11:10:08,844 [INFO] PluginManager:220 - loadIPPluginJar : add openamp
2023-12-13 11:10:08,875 [INFO] IPUIPlugin:80 - create IPUIPlugin
2023-12-13 11:10:08,876 [INFO] PluginManager:220 - loadIPPluginJar : add pdm2pcm
2023-12-13 11:10:08,887 [INFO] IPUIPlugin:80 - create IPUIPlugin
2023-12-13 11:10:08,889 [INFO] PluginManager:220 - loadIPPluginJar : add plateformsettings
2023-12-13 11:10:08,905 [INFO] IPUIPlugin:80 - create IPUIPlugin
2023-12-13 11:10:08,905 [INFO] PluginManager:220 - loadIPPluginJar : add quadspi
2023-12-13 11:10:08,915 [INFO] IPUIPlugin:80 - create IPUIPlugin
2023-12-13 11:10:08,915 [INFO] PluginManager:220 - loadIPPluginJar : add resmgrutility
2023-12-13 11:10:08,951 [INFO] IPUIPlugin:80 - create IPUIPlugin
2023-12-13 11:10:08,951 [INFO] PluginManager:220 - loadIPPluginJar : add sai
2023-12-13 11:10:08,981 [INFO] IPUIPlugin:80 - create IPUIPlugin
2023-12-13 11:10:08,982 [INFO] PluginManager:220 - loadIPPluginJar : add spi
2023-12-13 11:10:09,023 [INFO] IPUIPlugin:80 - create IPUIPlugin
2023-12-13 11:10:09,023 [INFO] PluginManager:220 - loadIPPluginJar : add stm32_wpan
2023-12-13 11:10:09,040 [INFO] IPUIPlugin:80 - create IPUIPlugin
2023-12-13 11:10:09,040 [INFO] PluginManager:220 - loadIPPluginJar : add tim
2023-12-13 11:10:09,080 [INFO] IPUIPlugin:80 - create IPUIPlugin
2023-12-13 11:10:09,080 [INFO] PluginManager:220 - loadIPPluginJar : add touchsensing
2023-12-13 11:10:09,096 [INFO] IPUIPlugin:80 - create IPUIPlugin
2023-12-13 11:10:09,097 [INFO] PluginManager:220 - loadIPPluginJar : add tracer_emb
2023-12-13 11:10:09,113 [INFO] IPUIPlugin:80 - create IPUIPlugin
2023-12-13 11:10:09,113 [INFO] PluginManager:220 - loadIPPluginJar : add ts
2023-12-13 11:10:09,131 [INFO] IPUIPlugin:80 - create IPUIPlugin
2023-12-13 11:10:09,131 [INFO] PluginManager:220 - loadIPPluginJar : add tsc
2023-12-13 11:10:09,149 [INFO] IPUIPlugin:80 - create IPUIPlugin
2023-12-13 11:10:09,149 [INFO] PluginManager:220 - loadIPPluginJar : add ucpd
2023-12-13 11:10:09,183 [INFO] IPUIPlugin:80 - create IPUIPlugin
2023-12-13 11:10:09,183 [INFO] PluginManager:220 - loadIPPluginJar : add usart
2023-12-13 11:10:09,214 [INFO] IPUIPlugin:80 - create IPUIPlugin
2023-12-13 11:10:09,214 [INFO] PluginManager:220 - loadIPPluginJar : add usbx
2023-12-13 11:10:09,342 [INFO] CADModel:165 - CPN selected for project level
2023-12-13 11:10:09,342 [INFO] CADModel:114 - Register for checkConnection events
2023-12-13 11:10:09,342 [FATAL] Updater:308 - Updater called before beeing initialized
2023-12-13 11:10:09,342 [ERROR] CADModel:125 - Updater not yet initialized, retry later 
2023-12-13 11:10:09,481 [INFO] CADModel:165 - CPN selected for project level
2023-12-13 11:10:09,481 [INFO] CADModel:114 - Register for checkConnection events
2023-12-13 11:10:09,482 [FATAL] Updater:308 - Updater called before beeing initialized
2023-12-13 11:10:09,482 [ERROR] CADModel:125 - Updater not yet initialized, retry later 
2023-12-13 11:10:09,485 [FATAL] Updater:308 - Updater called before beeing initialized
2023-12-13 11:10:09,575 [FATAL] Updater:308 - Updater called before beeing initialized
2023-12-13 11:10:09,585 [INFO] DbMcusAds:53 - JSON generation date=Tue Mar 07 09:50:55 CET 2023 (1678179055114)
2023-12-13 11:10:09,585 [FATAL] Updater:308 - Updater called before beeing initialized
2023-12-13 11:10:09,656 [WARN] DetailPanel:346 - Failed to get advertising image, set to default
2023-12-13 11:10:09,744 [FATAL] Updater:308 - Updater called before beeing initialized
2023-12-13 11:10:09,746 [FATAL] Updater:308 - Updater called before beeing initialized
2023-12-13 11:10:09,746 [FATAL] Updater:308 - Updater called before beeing initialized
2023-12-13 11:10:09,746 [WARN] DetailPanel:346 - Failed to get advertising image, set to default
2023-12-13 11:10:09,747 [FATAL] Updater:308 - Updater called before beeing initialized
2023-12-13 11:10:09,799 [ERROR] Updater:1120 - MainUpdater not yet initialized. External WinMGr cannot be set.
2023-12-13 11:10:09,807 [INFO] Updater:1056 - Updater Version found : 6.9.2
2023-12-13 11:10:09,825 [INFO] ApplicationProperties:184 - Using Application install path: C:\ST\STM32CubeIDE_1.13.2\STM32CubeIDE\plugins\com.st.stm32cube.common.mx_6.9.2.202309101412
2023-12-13 11:10:09,953 [INFO] MainUpdater:2868 - connection check result : 10
2023-12-13 11:10:09,954 [INFO] MainUpdater:285 - Updater Check For Update Now.
2023-12-13 11:10:09,954 [INFO] MicroXplorer:498 - Change Database Version : DB.6.0.92
2023-12-13 11:10:09,970 [INFO] McuFinderGlobals:63 - Set McuFinder mode to 2 (CubeIDE integrated)
2023-12-13 11:10:10,156 [INFO] CheckServerUpdateThread:120 - End of CheckServer Thread
2023-12-13 11:10:10,631 [WARN] PackLoader:240 - Cannot read IP mode file for STMicroelectronics.X-CUBE-SMBUS.2.1.0
2023-12-13 11:10:10,671 [WARN] PackLoader:240 - Cannot read IP mode file for STMicroelectronics.X-CUBE-AZRTOS-F7.1.1.0
2023-12-13 11:10:10,689 [WARN] PackLoader:240 - Cannot read IP mode file for STMicroelectronics.FP-SNS-MOTENV1.4.3.2
2023-12-13 11:10:10,703 [WARN] PackLoader:240 - Cannot read IP mode file for STMicroelectronics.FP-SNS-FLIGHT1.5.0.2
2023-12-13 11:10:10,719 [WARN] PackLoader:240 - Cannot read IP mode file for STMicroelectronics.X-CUBE-DISPLAY.3.0.0
2023-12-13 11:10:10,738 [WARN] PackLoader:240 - Cannot read IP mode file for STMicroelectronics.X-CUBE-BLE1.7.0.0
2023-12-13 11:10:10,751 [WARN] PackLoader:240 - Cannot read IP mode file for emotas.I-CUBE-CANOPEN.1.3.0
2023-12-13 11:10:10,765 [WARN] PackLoader:240 - Cannot read IP mode file for STMicroelectronics.X-CUBE-TOUCHGFX.4.22.0
2023-12-13 11:10:10,775 [WARN] PackLoader:240 - Cannot read IP mode file for STMicroelectronics.X-CUBE-TOUCHGFX.4.22.1
2023-12-13 11:10:10,786 [WARN] PackLoader:240 - Cannot read IP mode file for STMicroelectronics.FP-SNS-SMARTAG2.1.2.0
2023-12-13 11:10:10,804 [INFO] LogOutputStream:77 - [STDOUT_REDIRECT] 1 : Invalid condition id : UX_CORESTACK_Condition cause : null
2023-12-13 11:10:10,805 [INFO] LogOutputStream:77 - [STDOUT_REDIRECT] 1 : Invalid condition id : UX_CORESTACK_Condition cause : null
2023-12-13 11:10:10,806 [INFO] LogOutputStream:77 - [STDOUT_REDIRECT] 1 : Invalid condition id : UX_CORESTACK_Condition cause : null
2023-12-13 11:10:10,807 [INFO] LogOutputStream:77 - [STDOUT_REDIRECT] 1 : Invalid condition id : UX_CORESTACK_Condition cause : null
2023-12-13 11:10:10,807 [INFO] LogOutputStream:77 - [STDOUT_REDIRECT] 1 : Invalid condition id : UX_CORESTACK_Condition cause : null
2023-12-13 11:10:10,810 [WARN] PackLoader:240 - Cannot read IP mode file for STMicroelectronics.X-CUBE-AZRTOS-WL.2.0.0
2023-12-13 11:10:10,825 [WARN] PackLoader:240 - Cannot read IP mode file for WES.I-CUBE-Cesium.1.3.0
2023-12-13 11:10:10,837 [WARN] PackLoader:240 - Cannot read IP mode file for STMicroelectronics.X-CUBE-BLE2.3.3.0
2023-12-13 11:10:10,849 [WARN] PackLoader:240 - Cannot read IP mode file for STMicroelectronics.X-CUBE-ALGOBUILD.1.3.0
2023-12-13 11:10:10,876 [WARN] PackLoader:240 - Cannot read IP mode file for STMicroelectronics.X-CUBE-AZRTOS-G0.1.1.0
2023-12-13 11:10:10,890 [WARN] PackLoader:240 - Cannot read IP mode file for STMicroelectronics.X-CUBE-NFC4.3.0.0
2023-12-13 11:10:10,909 [WARN] PackLoader:240 - Cannot read IP mode file for STMicroelectronics.X-CUBE-BLEMGR.3.0.0
2023-12-13 11:10:10,922 [WARN] PackLoader:240 - Cannot read IP mode file for STMicroelectronics.FP-ATR-SIGFOX1.3.2.0
2023-12-13 11:10:10,967 [WARN] PackLoader:240 - Cannot read IP mode file for SEGGER.I-CUBE-embOS.1.3.1
2023-12-13 11:10:11,057 [WARN] PackLoader:240 - Cannot read IP mode file for STMicroelectronics.X-CUBE-GNSS1.6.0.0
2023-12-13 11:10:11,105 [WARN] PackLoader:240 - Cannot read IP mode file for STMicroelectronics.X-CUBE-AZRTOS-F4.1.1.0
2023-12-13 11:10:11,124 [WARN] PackLoader:240 - Cannot read IP mode file for wolfSSL.I-CUBE-wolfSSL.5.6.3
2023-12-13 11:10:11,154 [WARN] PackLoader:240 - Cannot read IP mode file for STMicroelectronics.X-CUBE-AZRTOS-L5.2.0.0
2023-12-13 11:10:11,204 [WARN] PackLoader:240 - Cannot read IP mode file for STMicroelectronics.X-CUBE-MEMS1.9.6.0
2023-12-13 11:10:11,341 [WARN] PackLoader:240 - Cannot read IP mode file for STMicroelectronics.X-CUBE-EEPRMA1.4.2.0
2023-12-13 11:10:11,352 [WARN] PackLoader:240 - Cannot read IP mode file for ITTIA_DB.I-CUBE-ITTIADB.8.8.0
2023-12-13 11:10:11,364 [WARN] PackLoader:240 - Cannot read IP mode file for STMicroelectronics.X-CUBE-BLEMGR.2.0.0
2023-12-13 11:10:11,388 [WARN] ConditionMgr:438 - getConditionDescription Invalid condition id : UX DEVICE CLASS RTOS Condition cause : null
2023-12-13 11:10:11,388 [WARN] ConditionMgr:438 - getConditionDescription Invalid condition id : UX DEVICE CLASS RTOS Condition cause : null
2023-12-13 11:10:11,391 [WARN] PackLoader:240 - Cannot read IP mode file for STMicroelectronics.X-CUBE-AZRTOS-H7.3.1.0
2023-12-13 11:10:11,391 [WARN] ConditionMgr:1039 - genDependencies : Invalid condition id : UX DEVICE CLASS RTOS Condition cause : null
2023-12-13 11:10:11,391 [WARN] ConditionMgr:1039 - genDependencies : Invalid condition id : UX DEVICE CLASS RTOS Condition cause : null
2023-12-13 11:10:11,392 [WARN] ConditionMgr:1039 - genDependencies : Invalid condition id : UX DEVICE CLASS RTOS Condition cause : null
2023-12-13 11:10:11,392 [WARN] ConditionMgr:1039 - genDependencies : Invalid condition id : UX DEVICE CLASS RTOS Condition cause : null
2023-12-13 11:10:11,392 [WARN] ConditionMgr:1039 - genDependencies : Invalid condition id : UX DEVICE CLASS RTOS Condition cause : null
2023-12-13 11:10:11,404 [WARN] PackLoader:240 - Cannot read IP mode file for STMicroelectronics.X-CUBE-NFC7.1.0.1
2023-12-13 11:10:11,418 [WARN] PackLoader:240 - Cannot read IP mode file for STMicroelectronics.X-CUBE-NFC6.3.0.0
2023-12-13 11:10:11,430 [WARN] PackLoader:240 - Cannot read IP mode file for STMicroelectronics.X-CUBE-EEPRMA1.4.1.0
2023-12-13 11:10:11,441 [WARN] PackLoader:240 - Cannot read IP mode file for STMicroelectronics.X-CUBE-AI.8.1.0
2023-12-13 11:10:11,469 [WARN] ConditionMgr:438 - getConditionDescription Invalid condition id : LAN8742 Phy interface Condition cause : null
2023-12-13 11:10:11,470 [WARN] PackLoader:240 - Cannot read IP mode file for STMicroelectronics.X-CUBE-AZRTOS-L4.2.0.0
2023-12-13 11:10:11,471 [WARN] ConditionMgr:1039 - genDependencies : Invalid condition id : LAN8742 Phy interface Condition cause : null
2023-12-13 11:10:11,472 [WARN] ConditionMgr:1039 - genDependencies : Invalid condition id : LAN8742 Phy interface Condition cause : null
2023-12-13 11:10:11,472 [WARN] ConditionMgr:1039 - genDependencies : Invalid condition id : LAN8742 Phy interface Condition cause : null
2023-12-13 11:10:11,490 [WARN] PackLoader:240 - Cannot read IP mode file for STMicroelectronics.X-CUBE-SFXS2LP1.4.0.0
2023-12-13 11:10:11,504 [WARN] PackLoader:240 - Cannot read IP mode file for STMicroelectronics.X-CUBE-ISPU.1.1.0
2023-12-13 11:10:11,534 [WARN] ConditionMgr:438 - getConditionDescription Invalid condition id : UX DEVICE CLASS RTOS Condition cause : null
2023-12-13 11:10:11,535 [WARN] ConditionMgr:438 - getConditionDescription Invalid condition id : UX DEVICE CLASS RTOS Condition cause : null
2023-12-13 11:10:11,537 [WARN] PackLoader:240 - Cannot read IP mode file for STMicroelectronics.X-CUBE-AZRTOS-WB.2.0.0
2023-12-13 11:10:11,538 [WARN] ConditionMgr:1039 - genDependencies : Invalid condition id : UX DEVICE CLASS RTOS Condition cause : null
2023-12-13 11:10:11,538 [WARN] ConditionMgr:1039 - genDependencies : Invalid condition id : UX DEVICE CLASS RTOS Condition cause : null
2023-12-13 11:10:11,539 [WARN] ConditionMgr:1039 - genDependencies : Invalid condition id : UX DEVICE CLASS RTOS Condition cause : null
2023-12-13 11:10:11,539 [WARN] ConditionMgr:1039 - genDependencies : Invalid condition id : UX DEVICE CLASS RTOS Condition cause : null
2023-12-13 11:10:11,539 [WARN] ConditionMgr:1039 - genDependencies : Invalid condition id : UX DEVICE CLASS RTOS Condition cause : null
2023-12-13 11:10:11,557 [WARN] PackLoader:240 - Cannot read IP mode file for STMicroelectronics.X-CUBE-SUBG2.5.0.0
2023-12-13 11:10:11,575 [WARN] PackLoader:240 - Cannot read IP mode file for STMicroelectronics.X-CUBE-TOF1.3.3.1
2023-12-13 11:10:11,600 [WARN] PackLoader:240 - Cannot read IP mode file for STMicroelectronics.X-CUBE-AZRTOS-G4.2.0.0
2023-12-13 11:10:11,619 [WARN] PackLoader:240 - Cannot read IP mode file for Infineon.AIROC-Wi-Fi-Bluetooth-STM32.1.5.1
2023-12-13 11:10:11,630 [WARN] PackLoader:240 - Cannot read IP mode file for STMicroelectronics.FP-SNS-MOTENVWB1.1.3.0
2023-12-13 11:10:11,640 [WARN] PackLoader:240 - Cannot read IP mode file for STMicroelectronics.FP-SNS-MOTENVWB1.1.3.1
2023-12-13 11:10:11,650 [WARN] PackLoader:240 - Cannot read IP mode file for STMicroelectronics.X-CUBE-ISPU.2.0.0
2023-12-13 11:10:11,688 [WARN] PackLoader:240 - Cannot read IP mode file for STMicroelectronics.X-CUBE-MEMS1.10.0.0
2023-12-13 11:10:11,778 [WARN] PackLoader:240 - Cannot read IP mode file for STMicroelectronics.X-CUBE-FREERTOS.1.1.0
2023-12-13 11:10:11,792 [WARN] PackLoader:240 - Cannot read IP mode file for portGmbH.I-Cube-SoM-uGOAL.1.1.0
2023-12-13 11:10:11,805 [WARN] PackLoader:240 - Cannot read IP mode file for STMicroelectronics.X-CUBE-ALS.1.0.1
2023-12-13 11:10:11,816 [WARN] PackLoader:240 - Cannot read IP mode file for STMicroelectronics.FP-ATR-ASTRA1.2.0.0
2023-12-13 11:10:11,834 [WARN] PackLoader:240 - Cannot read IP mode file for STMicroelectronics.X-CUBE-TOF1.3.4.0
2023-12-13 11:10:11,870 [WARN] PackLoader:240 - Cannot read IP mode file for STMicroelectronics.X-CUBE-AZRTOS-H7.3.2.0
2023-12-13 11:10:11,872 [INFO] ThirdParty:978 - Integrity check success = true
2023-12-13 11:10:11,872 [INFO] IntegrityCheckThread:100 - exiting critical section [integrity check]
2023-12-13 11:10:11,872 [INFO] IntegrityCheckThread:103 - End integrity checks thread
2023-12-13 11:10:30,885 [ERROR] LogOutputStream:75 - [STDERR_REDIRECT] SLF4J: Failed to load class "org.slf4j.impl.StaticLoggerBinder".
2023-12-13 11:10:30,885 [ERROR] LogOutputStream:75 - [STDERR_REDIRECT] SLF4J: Defaulting to no-operation (NOP) logger implementation
2023-12-13 11:10:30,887 [ERROR] LogOutputStream:75 - [STDERR_REDIRECT] SLF4J: See http://www.slf4j.org/codes.html#StaticLoggerBinder for further details.
2023-12-13 11:15:31,402 [INFO] McuFinderGlobals:63 - Set McuFinder mode to 2 (CubeIDE integrated)
2023-12-13 11:15:31,418 [INFO] MainUpdater:2868 - connection check result : 10
2023-12-13 11:15:31,423 [INFO] MainUpdater:2868 - connection check result : 10
2023-12-13 11:15:31,605 [INFO] MicroXplorer:468 - Change Database Path : 
2023-12-13 11:15:31,605 [INFO] MicroXplorer:498 - Change Database Version : DB.6.0.92
2023-12-13 11:15:31,608 [WARN] ThirdParty:871 - waiting for thirdparty lock release [close project]
2023-12-13 11:15:31,608 [INFO] ThirdParty:873 - entering critical section [close project]
2023-12-13 11:15:31,622 [INFO] ThirdParty:883 - exiting critical section [close project]
2023-12-13 11:15:31,624 [INFO] PinOutPanel:1499 - setPackage(No Configuration,No Configuration)
2023-12-13 11:15:31,629 [INFO] UtilMem:75 - Begin LoadConfig() Used Memory: 532163168 Bytes (1045430272)
2023-12-13 11:15:31,630 [INFO] MicroXplorer:468 - Change Database Path : 
2023-12-13 11:15:31,630 [INFO] MicroXplorer:498 - Change Database Version : DB.6.0.92
2023-12-13 11:15:31,630 [INFO] OpenFileManager:308 - Change cursor
2023-12-13 11:15:31,671 [INFO] Mcu:1946 - Initializing MCU STM32F072R(8-B)Tx STM32F072RBTx STM32F072RBT6
2023-12-13 11:15:32,838 [INFO] Context:659 - Trying to add GPIOservice into a context  which must be forbidden
2023-12-13 11:15:33,306 [INFO] RtosManager:555 - Registered RTOS mode: class=CMSIS, group=RTOS, mode=CMSIS_V1, owner=FREERTOS
2023-12-13 11:15:33,306 [INFO] RtosManager:555 - Registered RTOS mode: class=CMSIS, group=RTOS2, mode=CMSIS_V2, owner=FREERTOS
2023-12-13 11:15:33,306 [INFO] RtosManager:555 - Registered RTOS mode: class=RTOS, group=Core, mode=CMSIS_V1, owner=FREERTOS
2023-12-13 11:15:33,306 [INFO] RtosManager:555 - Registered RTOS mode: class=RTOS, group=Core, mode=CMSIS_V2, owner=FREERTOS
2023-12-13 11:15:33,306 [WARN] ModelIntegratedComponent:184 - Missing modes for component STMicroelectronics:FreeRTOS:0.0.1:STMicroelectronics:RTOS:FreeRTOS:Core:::10.2.0:
2023-12-13 11:15:33,316 [WARN] ModelIntegratedComponent:63 - No mode defined for component null
2023-12-13 11:15:33,316 [WARN] ModelIntegratedComponent:63 - No mode defined for component null
2023-12-13 11:15:33,316 [WARN] ModelIntegratedComponent:63 - No mode defined for component null
2023-12-13 11:15:33,316 [WARN] ModelIntegratedComponent:63 - No mode defined for component null
2023-12-13 11:15:33,316 [WARN] ModelIntegratedComponent:63 - No mode defined for component null
2023-12-13 11:15:33,316 [WARN] ModelIntegratedComponent:63 - No mode defined for component null
2023-12-13 11:15:33,316 [WARN] ModelIntegratedComponent:63 - No mode defined for component null
2023-12-13 11:15:33,316 [WARN] ModelIntegratedComponent:63 - No mode defined for component null
2023-12-13 11:15:33,316 [WARN] ModelIntegratedComponent:63 - No mode defined for component null
2023-12-13 11:15:33,316 [WARN] ModelIntegratedComponent:63 - No mode defined for component null
2023-12-13 11:15:33,316 [WARN] ModelIntegratedComponent:63 - No mode defined for component null
2023-12-13 11:15:33,316 [WARN] ModelIntegratedComponent:63 - No mode defined for component null
2023-12-13 11:15:33,316 [WARN] ModelIntegratedComponent:63 - No mode defined for component null
2023-12-13 11:15:33,317 [WARN] ModelIntegratedComponent:63 - No mode defined for component null
2023-12-13 11:15:33,317 [WARN] ModelIntegratedComponent:63 - No mode defined for component null
2023-12-13 11:15:33,317 [WARN] ModelIntegratedComponent:63 - No mode defined for component null
2023-12-13 11:15:33,317 [WARN] ModelIntegratedComponent:63 - No mode defined for component null
2023-12-13 11:15:33,317 [WARN] ModelIntegratedComponent:63 - No mode defined for component null
2023-12-13 11:15:33,317 [WARN] ModelIntegratedComponent:63 - No mode defined for component null
2023-12-13 11:15:33,317 [WARN] ModelIntegratedComponent:63 - No mode defined for component null
2023-12-13 11:15:33,317 [WARN] ModelIntegratedComponent:63 - No mode defined for component null
2023-12-13 11:15:33,317 [WARN] ModelIntegratedComponent:63 - No mode defined for component null
2023-12-13 11:15:33,317 [WARN] ModelIntegratedComponent:63 - No mode defined for component null
2023-12-13 11:15:33,317 [WARN] ModelIntegratedComponent:63 - No mode defined for component null
2023-12-13 11:15:33,317 [WARN] ModelIntegratedComponent:63 - No mode defined for component null
2023-12-13 11:15:33,317 [WARN] ModelIntegratedComponent:63 - No mode defined for component null
2023-12-13 11:15:33,317 [WARN] ModelIntegratedComponent:63 - No mode defined for component null
2023-12-13 11:15:33,317 [WARN] ModelIntegratedComponent:63 - No mode defined for component null
2023-12-13 11:15:33,317 [WARN] ModelIntegratedComponent:63 - No mode defined for component null
2023-12-13 11:15:33,317 [WARN] ModelIntegratedComponent:63 - No mode defined for component null
2023-12-13 11:15:33,317 [WARN] ModelIntegratedComponent:63 - No mode defined for component null
2023-12-13 11:15:33,318 [WARN] ModelIntegratedComponent:63 - No mode defined for component null
2023-12-13 11:15:33,318 [WARN] ModelIntegratedComponent:63 - No mode defined for component null
2023-12-13 11:15:33,392 [INFO] ThirdPartyModel:298 - Start build external matchings
2023-12-13 11:15:34,043 [INFO] ThirdPartyModel:316 - End build external matchings
2023-12-13 11:15:34,058 [INFO] ImportTextPane:194 - (OptionalMessage_ERROR) IP (RCC) : Parameter (FLatency) has Id (AdvancedSettings) currently not set
2023-12-13 11:15:34,058 [INFO] ImportTextPane:194 - (OptionalMessage_ERROR) IP (RCC) : Invalid parameter (FamilyName)
2023-12-13 11:15:34,058 [INFO] ImportTextPane:194 - (OptionalMessage_ERROR) IP (RCC) : Invalid parameter (HSICECFreq_Value)
2023-12-13 11:15:34,060 [INFO] ImportTextPane:194 - (OptionalMessage_ERROR) IP (RCC) : Parameter (PREFETCH_ENABLE) has Id (AdvancedSettings) currently not set
2023-12-13 11:15:34,261 [INFO] UtilMem:75 - End LoadConfig() Used Memory: 693911464 Bytes (1073741824)
2023-12-13 11:15:34,375 [INFO] ApiDb:581 - Connected to CubeFinder SQLite database (C:\Users\jespe\.stmcufinder\plugins\mcufinder\mcu\cube-finder-db.db)
2023-12-13 11:15:34,445 [INFO] ApiDb:668 - CubeFinder database Data Model version=2.1
2023-12-13 11:15:34,445 [INFO] ApiDb:669 - CubeFinder database Configuration version=3.0.37
2023-12-13 11:15:34,445 [INFO] ApiDb:670 - CubeFinder database generation date=2023-08-09 (1691586011)
2023-12-13 11:15:34,445 [INFO] ApiDb:671 - CubeFinder database FW Pack versions=[FP-ATR-ASTRA1_V2.0.0, FP-SNS-FLIGHT1_V5.0.1, FP-SNS-FLIGHT1_V5.0.2, FP-SNS-MOTENV1_V4.3.1, FP-SNS-MOTENV1_V4.3.2, STM32Cube_FW_C0_V1.1.0, STM32Cube_FW_F4_V1.27.1, STM32Cube_FW_F7_V1.17.0, STM32Cube_FW_G0_V1.6.1, STM32Cube_FW_G4_V1.5.1, STM32Cube_FW_H5_V0.5.1, STM32Cube_FW_H5_V1.1.0, STM32Cube_FW_H7_V1.11.0, STM32Cube_FW_L0_V1.12.2, STM32Cube_FW_L5_V1.5.0, STM32Cube_FW_U5_V1.3.0, STM32Cube_FW_U5_V1.3.0RC4, STM32Cube_FW_WBA_V1.0.0RC1, STM32Cube_FW_WBA_V1.1.0, STM32Cube_FW_WBA_V1.1.0RC1, STM32Cube_FW_WB_V1.15.0RC1, STM32Cube_FW_WB_V1.16.0, STM32Cube_FW_WB_V1.16.0RC2, STM32Cube_FW_WB_V1.17.0, STM32Cube_FW_WL_V1.3.0, X-CUBE-ALGOBUILD_V1.3.0, X-CUBE-ALS_V1.0.1, X-CUBE-AZRTOS-F4_V1.1.0, X-CUBE-AZRTOS-F7_V1.1.0, X-CUBE-AZRTOS-G0_V1.1.0, X-CUBE-AZRTOS-G4_V2.0.0, X-CUBE-AZRTOS-H7_V3.1.0, X-CUBE-AZRTOS-L4_V1.0.0, X-CUBE-AZRTOS-L4_V2.0.0, X-CUBE-AZRTOS-L5_V1.1.0, X-CUBE-AZRTOS-WB_V1.1.0, X-CUBE-AZRTOS-WL_V2.0.0, X-CUBE-BLE1_V7.0.0, X-CUBE-BLE2_V3.3.0, X-CUBE-BLEMGR_V2.0.0, X-CUBE-EEPRMA1_V4.1.0, X-CUBE-FREERTOS_V1.1.0, X-CUBE-GNSS1_V6.0.0, X-CUBE-MEMS1_V9.1.0, X-CUBE-MEMS1_V9.4.0, X-CUBE-MEMS1_V9.6.0, X-CUBE-NFC4_V3.0.0, X-CUBE-NFC7_V1.0.0, X-CUBE-SFXS2LP1_V4.0.0, X-CUBE-SUBG2_V5.0.0, X-CUBE-TOF1_V3.3.1]
2023-12-13 11:15:36,477 [INFO] ApiDb:240 - Found 323 in-development CPN: [B-G473E-ZEST1S, B-WB1M-WPAN1, B-WL5M-SUBG1, NUCLEO-C031C6, NUCLEO-H503RB, NUCLEO-H563ZI, NUCLEO-U545RE-Q, NUCLEO-U5A5ZJ-Q, NUCLEO-WBA52CG, STEVAL-PROTEUS1, STEVAL-SMARTAG2, STEVAL-STWINBX1, STM320518-EVAL, STM32C0116-DK, STM32C011D6Y3TR, STM32C011D6Y6TR, STM32C011F4P3, STM32C011F4P6, STM32C011F4U3, STM32C011F4U6TR, STM32C011F6P3, STM32C011F6P6, STM32C011F6U3, STM32C011F6U6TR, STM32C011J4M3, STM32C011J4M6, STM32C011J6M3, STM32C011J6M6, STM32C0316-DK, STM32C031C4T3, STM32C031C4T6, STM32C031C4U3, STM32C031C4U6, STM32C031C6T3, STM32C031C6T6, STM32C031C6U3, STM32C031C6U6, STM32C031F4P3, STM32C031F4P6, STM32C031F6P3, STM32C031F6P6, STM32C031G4U3, STM32C031G4U6, STM32C031G6U3, STM32C031G6U6, STM32C031K4T3, STM32C031K4T6, STM32C031K4U3, STM32C031K4U6, STM32C031K6T3, STM32C031K6T6, STM32C031K6U3, STM32C031K6U6, STM32G071K8TXN, STM32G071K8UXN, STM32G081GBU6N, STM32G081KBT6N, STM32G081KBUXN, STM32G0B1CCT6N, STM32G0B1KCT6, STM32G0B1NEY6TR, STM32G0B1RCT6N, STM32G0C1CCT6, STM32G0C1CCT6N, STM32G0C1CCU6N, STM32G0C1CET6N, STM32G0C1CEU6N, STM32G0C1KCT6, STM32G0C1NEY6TR, STM32G0C1RCI6N, STM32G0C1RCT6N, STM32G0C1REI6N, STM32G0C1RET6N, STM32G0C1VCI6, STM32G0C1VEI6, STM32G471CCT6, STM32G471CCU6, STM32G471CET3, STM32G471CET6, STM32G471CEU3, STM32G471CEU6, STM32G471MCT6, STM32G471MET3, STM32G471MET6, STM32G471MEY6TR, STM32G471QCT6, STM32G471QET3, STM32G471RCT6, STM32G471RET3, STM32G471RET6, STM32G471VCH6, STM32G471VCI6, STM32G471VCT6, STM32G471VEH3, STM32G471VEH6, STM32G471VEI3, STM32G471VEI6, STM32G471VET3, STM32G471VET6, STM32G474CCT6, STM32H503CBT6, STM32H503CBU6, STM32H503EBY6TR, STM32H503KBU6, STM32H503RBT6, STM32H562AGI6, STM32H562AII6, STM32H562IGK6, STM32H562IGT6, STM32H562IIK6, STM32H562IIT6, STM32H562RGT6, STM32H562RGV6, STM32H562RIT6, STM32H562RIV6, STM32H562VGT6, STM32H562VIT6, STM32H562ZGT6, STM32H562ZIT6, STM32H563AGI6, STM32H563AII3Q, STM32H563AII6, STM32H563IGK6, STM32H563IGT6, STM32H563IIK3Q, STM32H563IIK6, STM32H563IIT3Q, STM32H563IIT6, STM32H563MIY3QTR, STM32H563RGT6, STM32H563RGV6, STM32H563RIT6, STM32H563RIV6, STM32H563VGT6, STM32H563VIT3Q, STM32H563VIT6, STM32H563ZGT6, STM32H563ZIT3Q, STM32H563ZIT6, STM32H573AII3Q, STM32H573AII6, STM32H573I-DK, STM32H573IIK3Q, STM32H573IIK6, STM32H573IIT3Q, STM32H573IIT6, STM32H573MIY3QTR, STM32H573RIT6, STM32H573RIV6, STM32H573VIT3Q, STM32H573VIT6, STM32H573ZIT3Q, STM32H573ZIT6, STM32L4R5QGI6STR, STM32MP131AAE3, STM32MP131AAF3, STM32MP131AAG3, STM32MP131CAE3, STM32MP131CAF3, STM32MP131CAG3, STM32MP131DAE7, STM32MP131DAF7, STM32MP131DAG7, STM32MP131FAE7, STM32MP131FAF7, STM32MP131FAG7, STM32MP133AAE3, STM32MP133AAF3, STM32MP133AAG3, STM32MP133CAE3, STM32MP133CAF3, STM32MP133CAG3, STM32MP133DAE7, STM32MP133DAF7, STM32MP133DAG7, STM32MP133FAE7, STM32MP133FAF7, STM32MP133FAG7, STM32MP135AAE3, STM32MP135AAF3, STM32MP135AAG3, STM32MP135CAE3, STM32MP135CAF3, STM32MP135CAG3, STM32MP135DAE7, STM32MP135DAF7, STM32MP135DAG7, STM32MP135F-DK, STM32MP135FAE7, STM32MP135FAF7, STM32MP135FAF7T, STM32MP135FAF7U, STM32MP135FAG7, STM32U535CBT6, STM32U535CBT6Q, STM32U535CBU6, STM32U535CBU6Q, STM32U535CCT6, STM32U535CCT6Q, STM32U535CCU6, STM32U535CCU6Q, STM32U535CET6, STM32U535CET6Q, STM32U535CEU6, STM32U535CEU6Q, STM32U535JEY6QTR, STM32U535NCY6QTR, STM32U535NEY6QTR, STM32U535RBI6, STM32U535RBI6Q, STM32U535RBT6, STM32U535RBT6Q, STM32U535RCI6, STM32U535RCI6Q, STM32U535RCT6, STM32U535RCT6Q, STM32U535REI6, STM32U535REI6Q, STM32U535RET6, STM32U535RET6Q, STM32U535VCI6, STM32U535VCI6Q, STM32U535VCT6, STM32U535VCT6Q, STM32U535VEI6, STM32U535VEI6Q, STM32U535VET6, STM32U535VET6Q, STM32U545CET6, STM32U545CET6Q, STM32U545CEU6, STM32U545CEU6Q, STM32U545JEY6QTR, STM32U545NEY6QTR, STM32U545REI6, STM32U545REI6Q, STM32U545RET6, STM32U545RET6Q, STM32U545VEI6, STM32U545VEI6Q, STM32U545VET6, STM32U545VET6Q, STM32U595AIH6, STM32U595AIH6Q, STM32U595AJH6, STM32U595AJH6Q, STM32U595QII6, STM32U595QII6Q, STM32U595QJI6, STM32U595QJI6Q, STM32U595RIT6, STM32U595RIT6Q, STM32U595RJT6, STM32U595RJT6Q, STM32U595VIT6, STM32U595VIT6Q, STM32U595VJT6, STM32U595VJT6Q, STM32U595ZIT6, STM32U595ZIT6Q, STM32U595ZIY6QTR, STM32U595ZJT6, STM32U595ZJT6Q, STM32U595ZJY6QTR, STM32U599BJY6QTR, STM32U599NIH6Q, STM32U599NJH6Q, STM32U599VIT6Q, STM32U599VJT6, STM32U599VJT6Q, STM32U599ZIT6Q, STM32U599ZIY6QTR, STM32U599ZJT6Q, STM32U599ZJY6QTR, STM32U5A5AJH6, STM32U5A5AJH6Q, STM32U5A5QJI6, STM32U5A5QJI6Q, STM32U5A5RJT6, STM32U5A5RJT6Q, STM32U5A5VJT6, STM32U5A5VJT6Q, STM32U5A5ZJT6, STM32U5A5ZJT6Q, STM32U5A5ZJY6QTR, STM32U5A9BJY6QTR, STM32U5A9J-DK, STM32U5A9NJH6Q, STM32U5A9VJT6Q, STM32U5A9ZJT6Q, STM32U5A9ZJY6QTR, STM32U5F7VIT6, STM32U5F7VIT6Q, STM32U5F7VJT6, STM32U5F7VJT6Q, STM32U5F9BJY6QTR, STM32U5F9NJH6Q, STM32U5F9VIT6Q, STM32U5F9VJT6Q, STM32U5F9ZIJ6QTR, STM32U5F9ZIT6Q, STM32U5F9ZJJ6QTR, STM32U5F9ZJT6Q, STM32U5G7VJT6, STM32U5G7VJT6Q, STM32U5G9BJY6QTR, STM32U5G9J-DK1, STM32U5G9J-DK2, STM32U5G9NJH6Q, STM32U5G9VJT6Q, STM32U5G9ZJJ6QTR, STM32U5G9ZJT6Q, STM32WB1MMCH6, STM32WBA52CEU6, STM32WBA52CEU6T, STM32WBA52CGU6, STM32WBA52CGU6T, STM32WBA52KEU6, STM32WBA52KEU6T, STM32WBA52KGU6, STM32WBA52KGU6T, STM32WL5MOCH6, STM32WL5MOCH6TR]
2023-12-13 11:15:36,480 [INFO] DbMcus:217 - Found 3848 MCUs, 3848 are supported
2023-12-13 11:15:36,481 [INFO] ApiDb:423 - Load user favorites file C:\Users\jespe/.stm32cubeide/favorites.mcus.txt: 0 item(s)
2023-12-13 11:15:36,482 [INFO] ApiDb:427 - User favorites MCUs=[]
2023-12-13 11:15:36,482 [INFO] DbMcus:223 - Set 0 / 0 favorites MCUs
2023-12-13 11:15:36,854 [WARN] ThirdParty:833 - waiting for thirdparty lock release [change project]
2023-12-13 11:15:36,854 [INFO] ThirdParty:835 - entering critical section [change project]
2023-12-13 11:15:36,854 [INFO] ThirdParty:1030 - CMSIS Pack Vendor :STMicroelectronics X-CUBE-ISPU 1.1.0
2023-12-13 11:15:36,854 [INFO] ThirdParty:1030 - CMSIS Pack Vendor :STMicroelectronics USBPD 4.1
2023-12-13 11:15:36,854 [INFO] ThirdParty:1030 - CMSIS Pack Vendor :STMicroelectronics X-CUBE-GNSS1 6.0.0
2023-12-13 11:15:36,854 [INFO] ThirdParty:1030 - CMSIS Pack Vendor :STMicroelectronics USB_HOST 2.0.0
2023-12-13 11:15:36,854 [INFO] ThirdParty:1030 - CMSIS Pack Vendor :STMicroelectronics X-CUBE-AZRTOS-F4 1.1.0
2023-12-13 11:15:36,854 [INFO] ThirdParty:1030 - CMSIS Pack Vendor :STMicroelectronics LIBJPEG 8.0.0
2023-12-13 11:15:36,854 [INFO] ThirdParty:1030 - CMSIS Pack Vendor :wolfSSL I-CUBE-wolfSSL 5.6.3
2023-12-13 11:15:36,855 [INFO] ThirdParty:1030 - CMSIS Pack Vendor :STMicroelectronics X-CUBE-SMBUS 2.1.0
2023-12-13 11:15:36,855 [INFO] ThirdParty:1030 - CMSIS Pack Vendor :STMicroelectronics USB_DEVICE 3.0.0
2023-12-13 11:15:36,855 [INFO] ThirdParty:1030 - CMSIS Pack Vendor :STMicroelectronics X-CUBE-AZRTOS-WB 2.0.0
2023-12-13 11:15:36,855 [INFO] ThirdParty:1030 - CMSIS Pack Vendor :STMicroelectronics X-CUBE-AZRTOS-F7 1.1.0
2023-12-13 11:15:36,855 [INFO] ThirdParty:1030 - CMSIS Pack Vendor :STMicroelectronics X-CUBE-AZRTOS-L5 2.0.0
2023-12-13 11:15:36,855 [INFO] ThirdParty:1030 - CMSIS Pack Vendor :STMicroelectronics USB_DEVICE 2.0.0
2023-12-13 11:15:36,855 [INFO] ThirdParty:1030 - CMSIS Pack Vendor :STMicroelectronics X-CUBE-MEMS1 9.6.0
2023-12-13 11:15:36,855 [INFO] ThirdParty:1030 - CMSIS Pack Vendor :STMicroelectronics X-CUBE-EEPRMA1 4.2.0
2023-12-13 11:15:36,855 [INFO] ThirdParty:1030 - CMSIS Pack Vendor :ITTIA_DB I-CUBE-ITTIADB 8.8.0
2023-12-13 11:15:36,855 [INFO] ThirdParty:1030 - CMSIS Pack Vendor :STMicroelectronics FP-SNS-MOTENV1 4.3.2
2023-12-13 11:15:36,855 [INFO] ThirdParty:1030 - CMSIS Pack Vendor :STMicroelectronics X-CUBE-ALGOBUILD 1.3.0
2023-12-13 11:15:36,855 [INFO] ThirdParty:1030 - CMSIS Pack Vendor :STMicroelectronics FreeRTOS 0.0.1
2023-12-13 11:15:36,855 [INFO] ThirdParty:1030 - CMSIS Pack Vendor :STMicroelectronics X-CUBE-AZRTOS-G0 1.1.0
2023-12-13 11:15:36,855 [INFO] ThirdParty:1030 - CMSIS Pack Vendor :STMicroelectronics X-CUBE-BLEMGR 2.0.0
2023-12-13 11:15:36,855 [INFO] ThirdParty:1030 - CMSIS Pack Vendor :STMicroelectronics X-CUBE-NFC4 3.0.0
2023-12-13 11:15:36,855 [INFO] ThirdParty:1030 - CMSIS Pack Vendor :STMicroelectronics X-CUBE-SUBG2 5.0.0
2023-12-13 11:15:36,855 [INFO] ThirdParty:1030 - CMSIS Pack Vendor :STMicroelectronics STM32_WPAN 1.0.0
2023-12-13 11:15:36,855 [INFO] ThirdParty:1030 - CMSIS Pack Vendor :STMicroelectronics lwIP 2.0.3
2023-12-13 11:15:36,855 [INFO] ThirdParty:1030 - CMSIS Pack Vendor :STMicroelectronics FP-SNS-FLIGHT1 5.0.2
2023-12-13 11:15:36,855 [INFO] ThirdParty:1030 - CMSIS Pack Vendor :STMicroelectronics USB_HOST 1.0.0
2023-12-13 11:15:36,855 [INFO] ThirdParty:1030 - CMSIS Pack Vendor :STMicroelectronics X-CUBE-TOF1 3.3.1
2023-12-13 11:15:36,855 [INFO] ThirdParty:1030 - CMSIS Pack Vendor :STMicroelectronics X-CUBE-AZRTOS-G4 2.0.0
2023-12-13 11:15:36,855 [INFO] ThirdParty:1030 - CMSIS Pack Vendor :STMicroelectronics PDM2PCM 3.1.0
2023-12-13 11:15:36,856 [INFO] ThirdParty:1030 - CMSIS Pack Vendor :STMicroelectronics X-CUBE-AZRTOS-H7 3.1.0
2023-12-13 11:15:36,856 [INFO] ThirdParty:1030 - CMSIS Pack Vendor :Infineon AIROC-Wi-Fi-Bluetooth-STM32 1.5.1
2023-12-13 11:15:36,856 [INFO] ThirdParty:1030 - CMSIS Pack Vendor :STMicroelectronics X-CUBE-BLEMGR 3.0.0
2023-12-13 11:15:36,856 [INFO] ThirdParty:1030 - CMSIS Pack Vendor :STMicroelectronics PDM2PCM 3.3.0
2023-12-13 11:15:36,856 [INFO] ThirdParty:1030 - CMSIS Pack Vendor :STMicroelectronics X-CUBE-DISPLAY 3.0.0
2023-12-13 11:15:36,856 [INFO] ThirdParty:1030 - CMSIS Pack Vendor :STMicroelectronics FP-SNS-MOTENVWB1 1.3.0
2023-12-13 11:15:36,856 [INFO] ThirdParty:1030 - CMSIS Pack Vendor :STMicroelectronics FP-SNS-MOTENVWB1 1.3.1
2023-12-13 11:15:36,856 [INFO] ThirdParty:1030 - CMSIS Pack Vendor :STMicroelectronics X-CUBE-BLE1 7.0.0
2023-12-13 11:15:36,856 [INFO] ThirdParty:1030 - CMSIS Pack Vendor :STMicroelectronics FP-ATR-SIGFOX1 3.2.0
2023-12-13 11:15:36,856 [INFO] ThirdParty:1030 - CMSIS Pack Vendor :STMicroelectronics X-CUBE-ISPU 2.0.0
2023-12-13 11:15:36,856 [INFO] ThirdParty:1030 - CMSIS Pack Vendor :STMicroelectronics HAL Drivers 0.0.0
2023-12-13 11:15:36,856 [INFO] ThirdParty:1030 - CMSIS Pack Vendor :STMicroelectronics MBEDTLS 2.16.2
2023-12-13 11:15:36,856 [INFO] ThirdParty:1030 - CMSIS Pack Vendor :emotas I-CUBE-CANOPEN 1.3.0
2023-12-13 11:15:36,856 [INFO] ThirdParty:1030 - CMSIS Pack Vendor :STMicroelectronics X-CUBE-MEMS1 10.0.0
2023-12-13 11:15:36,856 [INFO] ThirdParty:1030 - CMSIS Pack Vendor :STMicroelectronics X-CUBE-FREERTOS 1.1.0
2023-12-13 11:15:36,856 [INFO] ThirdParty:1030 - CMSIS Pack Vendor :STMicroelectronics X-CUBE-TOUCHGFX 4.22.0
2023-12-13 11:15:36,856 [INFO] ThirdParty:1030 - CMSIS Pack Vendor :STMicroelectronics X-CUBE-NFC7 1.0.1
2023-12-13 11:15:36,856 [INFO] ThirdParty:1030 - CMSIS Pack Vendor :STMicroelectronics MBEDTLS 2.14.1
2023-12-13 11:15:36,856 [INFO] ThirdParty:1030 - CMSIS Pack Vendor :STMicroelectronics X-CUBE-TOUCHGFX 4.22.1
2023-12-13 11:15:36,856 [INFO] ThirdParty:1030 - CMSIS Pack Vendor :STMicroelectronics X-CUBE-NFC6 3.0.0
2023-12-13 11:15:36,856 [INFO] ThirdParty:1030 - CMSIS Pack Vendor :STMicroelectronics X-CUBE-EEPRMA1 4.1.0
2023-12-13 11:15:36,857 [INFO] ThirdParty:1030 - CMSIS Pack Vendor :portGmbH I-Cube-SoM-uGOAL 1.1.0
2023-12-13 11:15:36,857 [INFO] ThirdParty:1030 - CMSIS Pack Vendor :STMicroelectronics X-CUBE-ALS 1.0.1
2023-12-13 11:15:36,857 [INFO] ThirdParty:1030 - CMSIS Pack Vendor :STMicroelectronics ThreadX 1.0.0
2023-12-13 11:15:36,857 [INFO] ThirdParty:1030 - CMSIS Pack Vendor :STMicroelectronics FP-SNS-SMARTAG2 1.2.0
2023-12-13 11:15:36,857 [INFO] ThirdParty:1030 - CMSIS Pack Vendor :STMicroelectronics X-CUBE-AZRTOS-WL 2.0.0
2023-12-13 11:15:36,857 [INFO] ThirdParty:1030 - CMSIS Pack Vendor :SEGGER I-CUBE-embOS 1.3.1
2023-12-13 11:15:36,857 [INFO] ThirdParty:1030 - CMSIS Pack Vendor :STMicroelectronics USB_DEVICE 1.0.0
2023-12-13 11:15:36,857 [INFO] ThirdParty:1030 - CMSIS Pack Vendor :STMicroelectronics X-CUBE-AI 8.1.0
2023-12-13 11:15:36,857 [INFO] ThirdParty:1030 - CMSIS Pack Vendor :STMicroelectronics X-CUBE-AZRTOS-L4 2.0.0
2023-12-13 11:15:36,857 [INFO] ThirdParty:1030 - CMSIS Pack Vendor :STMicroelectronics ThreadX 0.0.2
2023-12-13 11:15:36,857 [INFO] ThirdParty:1030 - CMSIS Pack Vendor :WES I-CUBE-Cesium 1.3.0
2023-12-13 11:15:36,857 [INFO] ThirdParty:1030 - CMSIS Pack Vendor :STMicroelectronics FP-ATR-ASTRA1 2.0.0
2023-12-13 11:15:36,857 [INFO] ThirdParty:1030 - CMSIS Pack Vendor :STMicroelectronics lwIP 2.1.2
2023-12-13 11:15:36,857 [INFO] ThirdParty:1030 - CMSIS Pack Vendor :STMicroelectronics X-CUBE-SFXS2LP1 4.0.0
2023-12-13 11:15:36,857 [INFO] ThirdParty:1030 - CMSIS Pack Vendor :STMicroelectronics X-CUBE-BLE2 3.3.0
2023-12-13 11:15:36,857 [INFO] ThirdParty:1030 - CMSIS Pack Vendor :STMicroelectronics X-CUBE-TOF1 3.4.0
2023-12-13 11:15:36,857 [INFO] ThirdParty:1030 - CMSIS Pack Vendor :STMicroelectronics X-CUBE-AZRTOS-H7 3.2.0
2023-12-13 11:15:36,857 [INFO] ThirdParty:1030 - CMSIS Pack Vendor :STMicroelectronics PDM2PCM 3.2.0
2023-12-13 11:15:36,857 [INFO] ThirdParty:841 - exiting critical section [change project]
2023-12-13 11:15:37,135 [INFO] PinOutPanel:1499 - setPackage(No Configuration,No Configuration)
2023-12-13 11:15:37,136 [INFO] PinOutPanel:1499 - setPackage(STM32F072RBTx,LQFP64)
2023-12-13 11:15:37,878 [INFO] UtilMem:75 - Before build in PCC Used Memory: 669156320 Bytes (1073741824)
2023-12-13 11:15:38,532 [INFO] UtilMem:75 - After build in PCC Used Memory: 754207520 Bytes (1073741824)
2023-12-13 11:15:38,561 [INFO] IPUIPlugin:80 - create IPUIPlugin
2023-12-13 11:15:38,561 [INFO] IPUIPlugin:80 - create IPUIPlugin
2023-12-13 11:15:38,561 [INFO] IPUIPlugin:80 - create IPUIPlugin
2023-12-13 11:15:38,561 [INFO] IPUIPlugin:80 - create IPUIPlugin
2023-12-13 11:15:38,561 [INFO] IPUIPlugin:80 - create IPUIPlugin
2023-12-13 11:15:38,561 [INFO] IPUIPlugin:80 - create IPUIPlugin
2023-12-13 11:15:38,561 [INFO] IPUIPlugin:80 - create IPUIPlugin
2023-12-13 11:15:38,561 [INFO] IPUIPlugin:80 - create IPUIPlugin
2023-12-13 11:15:38,561 [INFO] IPUIPlugin:80 - create IPUIPlugin
2023-12-13 11:15:38,561 [INFO] IPUIPlugin:80 - create IPUIPlugin
2023-12-13 11:15:38,562 [INFO] IPUIPlugin:80 - create IPUIPlugin
2023-12-13 11:15:38,562 [INFO] IPUIPlugin:80 - create IPUIPlugin
2023-12-13 11:15:38,562 [INFO] IPUIPlugin:80 - create IPUIPlugin
2023-12-13 11:15:38,562 [INFO] IPUIPlugin:80 - create IPUIPlugin
2023-12-13 11:15:38,562 [INFO] IPUIPlugin:80 - create IPUIPlugin
2023-12-13 11:15:38,562 [INFO] IPUIPlugin:80 - create IPUIPlugin
2023-12-13 11:15:38,562 [INFO] IPUIPlugin:80 - create IPUIPlugin
2023-12-13 11:15:38,563 [INFO] IPUIPlugin:80 - create IPUIPlugin
2023-12-13 11:15:38,563 [INFO] IPUIPlugin:80 - create IPUIPlugin
2023-12-13 11:15:38,563 [INFO] IPUIPlugin:80 - create IPUIPlugin
2023-12-13 11:15:38,563 [INFO] IPUIPlugin:80 - create IPUIPlugin
2023-12-13 11:15:38,564 [INFO] IPUIPlugin:80 - create IPUIPlugin
2023-12-13 11:15:38,564 [INFO] IPUIPlugin:80 - create IPUIPlugin
2023-12-13 11:15:38,564 [INFO] IPUIPlugin:80 - create IPUIPlugin
2023-12-13 11:15:38,564 [INFO] IPUIPlugin:80 - create IPUIPlugin
2023-12-13 11:15:38,564 [INFO] IPUIPlugin:80 - create IPUIPlugin
2023-12-13 11:15:38,564 [INFO] IPUIPlugin:80 - create IPUIPlugin
2023-12-13 11:15:38,565 [INFO] IPUIPlugin:80 - create IPUIPlugin
2023-12-13 11:15:38,565 [INFO] IPUIPlugin:80 - create IPUIPlugin
2023-12-13 11:15:38,565 [INFO] IPUIPlugin:80 - create IPUIPlugin
2023-12-13 11:15:38,565 [INFO] IPUIPlugin:80 - create IPUIPlugin
2023-12-13 11:15:38,565 [INFO] IPUIPlugin:80 - create IPUIPlugin
2023-12-13 11:15:38,566 [INFO] IPUIPlugin:80 - create IPUIPlugin
2023-12-13 11:15:38,566 [INFO] IPUIPlugin:80 - create IPUIPlugin
2023-12-13 11:15:38,566 [INFO] IPUIPlugin:80 - create IPUIPlugin
2023-12-13 11:15:38,566 [INFO] IPUIPlugin:80 - create IPUIPlugin
2023-12-13 11:15:38,566 [INFO] IPUIPlugin:80 - create IPUIPlugin
2023-12-13 11:15:38,567 [INFO] IPUIPlugin:80 - create IPUIPlugin
2023-12-13 11:15:38,567 [INFO] IPUIPlugin:80 - create IPUIPlugin
2023-12-13 11:15:38,567 [INFO] IPUIPlugin:80 - create IPUIPlugin
2023-12-13 11:15:38,567 [INFO] IPUIPlugin:80 - create IPUIPlugin
2023-12-13 11:15:38,761 [INFO] CADModel:165 - CPN selected for project levelSTM32F072RBT6
2023-12-13 11:15:38,761 [INFO] CADModel:114 - Register for checkConnection events
2023-12-13 11:15:38,810 [INFO] OpenFileManager:328 - Restore cursor
2023-12-13 11:34:45,682 [INFO] MainUpdater:2868 - connection check result : 10
2023-12-13 11:34:45,683 [INFO] MainUpdater:2868 - connection check result : 10
2023-12-13 11:34:45,813 [INFO] I2cTimingTraitement:330 - 0x2000090E
2023-12-13 11:34:45,822 [INFO] MicroXplorer:468 - Change Database Path : 
2023-12-13 11:34:45,822 [INFO] MicroXplorer:498 - Change Database Version : DB.6.0.92
2023-12-13 11:34:45,838 [WARN] ThirdParty:871 - waiting for thirdparty lock release [close project]
2023-12-13 11:34:45,838 [INFO] ThirdParty:873 - entering critical section [close project]
2023-12-13 11:34:45,838 [INFO] ThirdParty:883 - exiting critical section [close project]
2023-12-13 11:34:45,839 [INFO] PinOutPanel:1499 - setPackage(No Configuration,No Configuration)
2023-12-13 11:34:45,844 [INFO] UtilMem:75 - Begin LoadConfig() Used Memory: 857962624 Bytes (1073741824)
2023-12-13 11:34:45,844 [INFO] MicroXplorer:468 - Change Database Path : 
2023-12-13 11:34:45,844 [INFO] MicroXplorer:498 - Change Database Version : DB.6.0.92
2023-12-13 11:34:45,844 [INFO] OpenFileManager:308 - Change cursor
2023-12-13 11:34:45,858 [INFO] Mcu:1946 - Initializing MCU STM32F072R(8-B)Tx STM32F072RBTx STM32F072RBT6
2023-12-13 11:34:46,677 [INFO] Context:659 - Trying to add GPIOservice into a context  which must be forbidden
2023-12-13 11:34:46,968 [INFO] RtosManager:555 - Registered RTOS mode: class=CMSIS, group=RTOS, mode=CMSIS_V1, owner=FREERTOS
2023-12-13 11:34:46,968 [INFO] RtosManager:555 - Registered RTOS mode: class=CMSIS, group=RTOS2, mode=CMSIS_V2, owner=FREERTOS
2023-12-13 11:34:46,968 [INFO] RtosManager:555 - Registered RTOS mode: class=RTOS, group=Core, mode=CMSIS_V1, owner=FREERTOS
2023-12-13 11:34:46,968 [INFO] RtosManager:555 - Registered RTOS mode: class=RTOS, group=Core, mode=CMSIS_V2, owner=FREERTOS
2023-12-13 11:34:46,968 [WARN] ModelIntegratedComponent:184 - Missing modes for component STMicroelectronics:FreeRTOS:0.0.1:STMicroelectronics:RTOS:FreeRTOS:Core:::10.2.0:
2023-12-13 11:34:46,976 [WARN] ModelIntegratedComponent:63 - No mode defined for component null
2023-12-13 11:34:46,976 [WARN] ModelIntegratedComponent:63 - No mode defined for component null
2023-12-13 11:34:46,976 [WARN] ModelIntegratedComponent:63 - No mode defined for component null
2023-12-13 11:34:46,976 [WARN] ModelIntegratedComponent:63 - No mode defined for component null
2023-12-13 11:34:46,976 [WARN] ModelIntegratedComponent:63 - No mode defined for component null
2023-12-13 11:34:46,976 [WARN] ModelIntegratedComponent:63 - No mode defined for component null
2023-12-13 11:34:46,976 [WARN] ModelIntegratedComponent:63 - No mode defined for component null
2023-12-13 11:34:46,976 [WARN] ModelIntegratedComponent:63 - No mode defined for component null
2023-12-13 11:34:46,976 [WARN] ModelIntegratedComponent:63 - No mode defined for component null
2023-12-13 11:34:46,977 [WARN] ModelIntegratedComponent:63 - No mode defined for component null
2023-12-13 11:34:46,977 [WARN] ModelIntegratedComponent:63 - No mode defined for component null
2023-12-13 11:34:46,977 [WARN] ModelIntegratedComponent:63 - No mode defined for component null
2023-12-13 11:34:46,977 [WARN] ModelIntegratedComponent:63 - No mode defined for component null
2023-12-13 11:34:46,977 [WARN] ModelIntegratedComponent:63 - No mode defined for component null
2023-12-13 11:34:46,977 [WARN] ModelIntegratedComponent:63 - No mode defined for component null
2023-12-13 11:34:46,977 [WARN] ModelIntegratedComponent:63 - No mode defined for component null
2023-12-13 11:34:46,977 [WARN] ModelIntegratedComponent:63 - No mode defined for component null
2023-12-13 11:34:46,977 [WARN] ModelIntegratedComponent:63 - No mode defined for component null
2023-12-13 11:34:46,977 [WARN] ModelIntegratedComponent:63 - No mode defined for component null
2023-12-13 11:34:46,977 [WARN] ModelIntegratedComponent:63 - No mode defined for component null
2023-12-13 11:34:46,977 [WARN] ModelIntegratedComponent:63 - No mode defined for component null
2023-12-13 11:34:46,977 [WARN] ModelIntegratedComponent:63 - No mode defined for component null
2023-12-13 11:34:46,977 [WARN] ModelIntegratedComponent:63 - No mode defined for component null
2023-12-13 11:34:46,977 [WARN] ModelIntegratedComponent:63 - No mode defined for component null
2023-12-13 11:34:46,977 [WARN] ModelIntegratedComponent:63 - No mode defined for component null
2023-12-13 11:34:46,977 [WARN] ModelIntegratedComponent:63 - No mode defined for component null
2023-12-13 11:34:46,977 [WARN] ModelIntegratedComponent:63 - No mode defined for component null
2023-12-13 11:34:46,977 [WARN] ModelIntegratedComponent:63 - No mode defined for component null
2023-12-13 11:34:46,977 [WARN] ModelIntegratedComponent:63 - No mode defined for component null
2023-12-13 11:34:46,978 [WARN] ModelIntegratedComponent:63 - No mode defined for component null
2023-12-13 11:34:46,978 [WARN] ModelIntegratedComponent:63 - No mode defined for component null
2023-12-13 11:34:46,978 [WARN] ModelIntegratedComponent:63 - No mode defined for component null
2023-12-13 11:34:46,978 [WARN] ModelIntegratedComponent:63 - No mode defined for component null
2023-12-13 11:34:47,080 [INFO] ThirdPartyModel:298 - Start build external matchings
2023-12-13 11:34:47,732 [INFO] ThirdPartyModel:316 - End build external matchings
2023-12-13 11:34:47,741 [INFO] ImportTextPane:194 - (OptionalMessage_ERROR) IP (RCC) : Parameter (FLatency) has Id (AdvancedSettings) currently not set
2023-12-13 11:34:47,741 [INFO] ImportTextPane:194 - (OptionalMessage_ERROR) IP (RCC) : Invalid parameter (FamilyName)
2023-12-13 11:34:47,741 [INFO] ImportTextPane:194 - (OptionalMessage_ERROR) IP (RCC) : Invalid parameter (HSICECFreq_Value)
2023-12-13 11:34:47,741 [INFO] ImportTextPane:194 - (OptionalMessage_ERROR) IP (RCC) : Parameter (PREFETCH_ENABLE) has Id (AdvancedSettings) currently not set
2023-12-13 11:34:47,909 [INFO] UtilMem:75 - End LoadConfig() Used Memory: 839305000 Bytes (1073741824)
2023-12-13 11:34:47,936 [WARN] ThirdParty:833 - waiting for thirdparty lock release [change project]
2023-12-13 11:34:47,936 [INFO] ThirdParty:835 - entering critical section [change project]
2023-12-13 11:34:47,936 [INFO] ThirdParty:1030 - CMSIS Pack Vendor :STMicroelectronics X-CUBE-ISPU 1.1.0
2023-12-13 11:34:47,936 [INFO] ThirdParty:1030 - CMSIS Pack Vendor :STMicroelectronics USBPD 4.1
2023-12-13 11:34:47,936 [INFO] ThirdParty:1030 - CMSIS Pack Vendor :STMicroelectronics X-CUBE-GNSS1 6.0.0
2023-12-13 11:34:47,936 [INFO] ThirdParty:1030 - CMSIS Pack Vendor :STMicroelectronics USB_HOST 2.0.0
2023-12-13 11:34:47,936 [INFO] ThirdParty:1030 - CMSIS Pack Vendor :STMicroelectronics X-CUBE-AZRTOS-F4 1.1.0
2023-12-13 11:34:47,936 [INFO] ThirdParty:1030 - CMSIS Pack Vendor :STMicroelectronics LIBJPEG 8.0.0
2023-12-13 11:34:47,936 [INFO] ThirdParty:1030 - CMSIS Pack Vendor :wolfSSL I-CUBE-wolfSSL 5.6.3
2023-12-13 11:34:47,936 [INFO] ThirdParty:1030 - CMSIS Pack Vendor :STMicroelectronics X-CUBE-SMBUS 2.1.0
2023-12-13 11:34:47,936 [INFO] ThirdParty:1030 - CMSIS Pack Vendor :STMicroelectronics USB_DEVICE 3.0.0
2023-12-13 11:34:47,936 [INFO] ThirdParty:1030 - CMSIS Pack Vendor :STMicroelectronics X-CUBE-AZRTOS-WB 2.0.0
2023-12-13 11:34:47,936 [INFO] ThirdParty:1030 - CMSIS Pack Vendor :STMicroelectronics X-CUBE-AZRTOS-F7 1.1.0
2023-12-13 11:34:47,936 [INFO] ThirdParty:1030 - CMSIS Pack Vendor :STMicroelectronics X-CUBE-AZRTOS-L5 2.0.0
2023-12-13 11:34:47,936 [INFO] ThirdParty:1030 - CMSIS Pack Vendor :STMicroelectronics USB_DEVICE 2.0.0
2023-12-13 11:34:47,937 [INFO] ThirdParty:1030 - CMSIS Pack Vendor :STMicroelectronics X-CUBE-MEMS1 9.6.0
2023-12-13 11:34:47,937 [INFO] ThirdParty:1030 - CMSIS Pack Vendor :STMicroelectronics X-CUBE-EEPRMA1 4.2.0
2023-12-13 11:34:47,937 [INFO] ThirdParty:1030 - CMSIS Pack Vendor :ITTIA_DB I-CUBE-ITTIADB 8.8.0
2023-12-13 11:34:47,937 [INFO] ThirdParty:1030 - CMSIS Pack Vendor :STMicroelectronics FP-SNS-MOTENV1 4.3.2
2023-12-13 11:34:47,937 [INFO] ThirdParty:1030 - CMSIS Pack Vendor :STMicroelectronics X-CUBE-ALGOBUILD 1.3.0
2023-12-13 11:34:47,937 [INFO] ThirdParty:1030 - CMSIS Pack Vendor :STMicroelectronics FreeRTOS 0.0.1
2023-12-13 11:34:47,937 [INFO] ThirdParty:1030 - CMSIS Pack Vendor :STMicroelectronics X-CUBE-AZRTOS-G0 1.1.0
2023-12-13 11:34:47,937 [INFO] ThirdParty:1030 - CMSIS Pack Vendor :STMicroelectronics X-CUBE-BLEMGR 2.0.0
2023-12-13 11:34:47,937 [INFO] ThirdParty:1030 - CMSIS Pack Vendor :STMicroelectronics X-CUBE-NFC4 3.0.0
2023-12-13 11:34:47,937 [INFO] ThirdParty:1030 - CMSIS Pack Vendor :STMicroelectronics X-CUBE-SUBG2 5.0.0
2023-12-13 11:34:47,937 [INFO] ThirdParty:1030 - CMSIS Pack Vendor :STMicroelectronics STM32_WPAN 1.0.0
2023-12-13 11:34:47,937 [INFO] ThirdParty:1030 - CMSIS Pack Vendor :STMicroelectronics lwIP 2.0.3
2023-12-13 11:34:47,937 [INFO] ThirdParty:1030 - CMSIS Pack Vendor :STMicroelectronics FP-SNS-FLIGHT1 5.0.2
2023-12-13 11:34:47,937 [INFO] ThirdParty:1030 - CMSIS Pack Vendor :STMicroelectronics USB_HOST 1.0.0
2023-12-13 11:34:47,937 [INFO] ThirdParty:1030 - CMSIS Pack Vendor :STMicroelectronics X-CUBE-TOF1 3.3.1
2023-12-13 11:34:47,937 [INFO] ThirdParty:1030 - CMSIS Pack Vendor :STMicroelectronics X-CUBE-AZRTOS-G4 2.0.0
2023-12-13 11:34:47,937 [INFO] ThirdParty:1030 - CMSIS Pack Vendor :STMicroelectronics PDM2PCM 3.1.0
2023-12-13 11:34:47,937 [INFO] ThirdParty:1030 - CMSIS Pack Vendor :STMicroelectronics X-CUBE-AZRTOS-H7 3.1.0
2023-12-13 11:34:47,937 [INFO] ThirdParty:1030 - CMSIS Pack Vendor :Infineon AIROC-Wi-Fi-Bluetooth-STM32 1.5.1
2023-12-13 11:34:47,937 [INFO] ThirdParty:1030 - CMSIS Pack Vendor :STMicroelectronics X-CUBE-BLEMGR 3.0.0
2023-12-13 11:34:47,937 [INFO] ThirdParty:1030 - CMSIS Pack Vendor :STMicroelectronics PDM2PCM 3.3.0
2023-12-13 11:34:47,937 [INFO] ThirdParty:1030 - CMSIS Pack Vendor :STMicroelectronics X-CUBE-DISPLAY 3.0.0
2023-12-13 11:34:47,938 [INFO] ThirdParty:1030 - CMSIS Pack Vendor :STMicroelectronics FP-SNS-MOTENVWB1 1.3.0
2023-12-13 11:34:47,938 [INFO] ThirdParty:1030 - CMSIS Pack Vendor :STMicroelectronics FP-SNS-MOTENVWB1 1.3.1
2023-12-13 11:34:47,938 [INFO] ThirdParty:1030 - CMSIS Pack Vendor :STMicroelectronics X-CUBE-BLE1 7.0.0
2023-12-13 11:34:47,938 [INFO] ThirdParty:1030 - CMSIS Pack Vendor :STMicroelectronics FP-ATR-SIGFOX1 3.2.0
2023-12-13 11:34:47,938 [INFO] ThirdParty:1030 - CMSIS Pack Vendor :STMicroelectronics X-CUBE-ISPU 2.0.0
2023-12-13 11:34:47,938 [INFO] ThirdParty:1030 - CMSIS Pack Vendor :STMicroelectronics HAL Drivers 0.0.0
2023-12-13 11:34:47,938 [INFO] ThirdParty:1030 - CMSIS Pack Vendor :STMicroelectronics MBEDTLS 2.16.2
2023-12-13 11:34:47,938 [INFO] ThirdParty:1030 - CMSIS Pack Vendor :emotas I-CUBE-CANOPEN 1.3.0
2023-12-13 11:34:47,938 [INFO] ThirdParty:1030 - CMSIS Pack Vendor :STMicroelectronics X-CUBE-MEMS1 10.0.0
2023-12-13 11:34:47,938 [INFO] ThirdParty:1030 - CMSIS Pack Vendor :STMicroelectronics X-CUBE-FREERTOS 1.1.0
2023-12-13 11:34:47,938 [INFO] ThirdParty:1030 - CMSIS Pack Vendor :STMicroelectronics X-CUBE-TOUCHGFX 4.22.0
2023-12-13 11:34:47,938 [INFO] ThirdParty:1030 - CMSIS Pack Vendor :STMicroelectronics X-CUBE-NFC7 1.0.1
2023-12-13 11:34:47,938 [INFO] ThirdParty:1030 - CMSIS Pack Vendor :STMicroelectronics MBEDTLS 2.14.1
2023-12-13 11:34:47,938 [INFO] ThirdParty:1030 - CMSIS Pack Vendor :STMicroelectronics X-CUBE-TOUCHGFX 4.22.1
2023-12-13 11:34:47,938 [INFO] ThirdParty:1030 - CMSIS Pack Vendor :STMicroelectronics X-CUBE-NFC6 3.0.0
2023-12-13 11:34:47,938 [INFO] ThirdParty:1030 - CMSIS Pack Vendor :STMicroelectronics X-CUBE-EEPRMA1 4.1.0
2023-12-13 11:34:47,938 [INFO] ThirdParty:1030 - CMSIS Pack Vendor :portGmbH I-Cube-SoM-uGOAL 1.1.0
2023-12-13 11:34:47,938 [INFO] ThirdParty:1030 - CMSIS Pack Vendor :STMicroelectronics X-CUBE-ALS 1.0.1
2023-12-13 11:34:47,938 [INFO] ThirdParty:1030 - CMSIS Pack Vendor :STMicroelectronics ThreadX 1.0.0
2023-12-13 11:34:47,938 [INFO] ThirdParty:1030 - CMSIS Pack Vendor :STMicroelectronics FP-SNS-SMARTAG2 1.2.0
2023-12-13 11:34:47,938 [INFO] ThirdParty:1030 - CMSIS Pack Vendor :STMicroelectronics X-CUBE-AZRTOS-WL 2.0.0
2023-12-13 11:34:47,938 [INFO] ThirdParty:1030 - CMSIS Pack Vendor :SEGGER I-CUBE-embOS 1.3.1
2023-12-13 11:34:47,938 [INFO] ThirdParty:1030 - CMSIS Pack Vendor :STMicroelectronics USB_DEVICE 1.0.0
2023-12-13 11:34:47,938 [INFO] ThirdParty:1030 - CMSIS Pack Vendor :STMicroelectronics X-CUBE-AI 8.1.0
2023-12-13 11:34:47,938 [INFO] ThirdParty:1030 - CMSIS Pack Vendor :STMicroelectronics X-CUBE-AZRTOS-L4 2.0.0
2023-12-13 11:34:47,938 [INFO] ThirdParty:1030 - CMSIS Pack Vendor :STMicroelectronics ThreadX 0.0.2
2023-12-13 11:34:47,939 [INFO] ThirdParty:1030 - CMSIS Pack Vendor :WES I-CUBE-Cesium 1.3.0
2023-12-13 11:34:47,939 [INFO] ThirdParty:1030 - CMSIS Pack Vendor :STMicroelectronics FP-ATR-ASTRA1 2.0.0
2023-12-13 11:34:47,939 [INFO] ThirdParty:1030 - CMSIS Pack Vendor :STMicroelectronics lwIP 2.1.2
2023-12-13 11:34:47,939 [INFO] ThirdParty:1030 - CMSIS Pack Vendor :STMicroelectronics X-CUBE-SFXS2LP1 4.0.0
2023-12-13 11:34:47,939 [INFO] ThirdParty:1030 - CMSIS Pack Vendor :STMicroelectronics X-CUBE-BLE2 3.3.0
2023-12-13 11:34:47,939 [INFO] ThirdParty:1030 - CMSIS Pack Vendor :STMicroelectronics X-CUBE-TOF1 3.4.0
2023-12-13 11:34:47,939 [INFO] ThirdParty:1030 - CMSIS Pack Vendor :STMicroelectronics X-CUBE-AZRTOS-H7 3.2.0
2023-12-13 11:34:47,939 [INFO] ThirdParty:1030 - CMSIS Pack Vendor :STMicroelectronics PDM2PCM 3.2.0
2023-12-13 11:34:47,939 [INFO] ThirdParty:841 - exiting critical section [change project]
2023-12-13 11:34:48,038 [INFO] PinOutPanel:1499 - setPackage(No Configuration,No Configuration)
2023-12-13 11:34:48,039 [INFO] PinOutPanel:1499 - setPackage(STM32F072RBTx,LQFP64)
2023-12-13 11:34:48,508 [INFO] UtilMem:75 - Before build in PCC Used Memory: 655697024 Bytes (1073741824)
2023-12-13 11:34:48,727 [INFO] UtilMem:75 - After build in PCC Used Memory: 699737216 Bytes (1073741824)
2023-12-13 11:34:48,741 [INFO] IPUIPlugin:80 - create IPUIPlugin
2023-12-13 11:34:48,741 [INFO] IPUIPlugin:80 - create IPUIPlugin
2023-12-13 11:34:48,741 [INFO] IPUIPlugin:80 - create IPUIPlugin
2023-12-13 11:34:48,742 [INFO] IPUIPlugin:80 - create IPUIPlugin
2023-12-13 11:34:48,742 [INFO] IPUIPlugin:80 - create IPUIPlugin
2023-12-13 11:34:48,742 [INFO] IPUIPlugin:80 - create IPUIPlugin
2023-12-13 11:34:48,742 [INFO] IPUIPlugin:80 - create IPUIPlugin
2023-12-13 11:34:48,742 [INFO] IPUIPlugin:80 - create IPUIPlugin
2023-12-13 11:34:48,742 [INFO] IPUIPlugin:80 - create IPUIPlugin
2023-12-13 11:34:48,742 [INFO] IPUIPlugin:80 - create IPUIPlugin
2023-12-13 11:34:48,742 [INFO] IPUIPlugin:80 - create IPUIPlugin
2023-12-13 11:34:48,742 [INFO] IPUIPlugin:80 - create IPUIPlugin
2023-12-13 11:34:48,742 [INFO] IPUIPlugin:80 - create IPUIPlugin
2023-12-13 11:34:48,742 [INFO] IPUIPlugin:80 - create IPUIPlugin
2023-12-13 11:34:48,743 [INFO] IPUIPlugin:80 - create IPUIPlugin
2023-12-13 11:34:48,743 [INFO] IPUIPlugin:80 - create IPUIPlugin
2023-12-13 11:34:48,743 [INFO] IPUIPlugin:80 - create IPUIPlugin
2023-12-13 11:34:48,743 [INFO] IPUIPlugin:80 - create IPUIPlugin
2023-12-13 11:34:48,743 [INFO] IPUIPlugin:80 - create IPUIPlugin
2023-12-13 11:34:48,743 [INFO] IPUIPlugin:80 - create IPUIPlugin
2023-12-13 11:34:48,743 [INFO] IPUIPlugin:80 - create IPUIPlugin
2023-12-13 11:34:48,744 [INFO] IPUIPlugin:80 - create IPUIPlugin
2023-12-13 11:34:48,744 [INFO] IPUIPlugin:80 - create IPUIPlugin
2023-12-13 11:34:48,744 [INFO] IPUIPlugin:80 - create IPUIPlugin
2023-12-13 11:34:48,744 [INFO] IPUIPlugin:80 - create IPUIPlugin
2023-12-13 11:34:48,744 [INFO] IPUIPlugin:80 - create IPUIPlugin
2023-12-13 11:34:48,744 [INFO] IPUIPlugin:80 - create IPUIPlugin
2023-12-13 11:34:48,744 [INFO] IPUIPlugin:80 - create IPUIPlugin
2023-12-13 11:34:48,745 [INFO] IPUIPlugin:80 - create IPUIPlugin
2023-12-13 11:34:48,745 [INFO] IPUIPlugin:80 - create IPUIPlugin
2023-12-13 11:34:48,745 [INFO] IPUIPlugin:80 - create IPUIPlugin
2023-12-13 11:34:48,745 [INFO] IPUIPlugin:80 - create IPUIPlugin
2023-12-13 11:34:48,745 [INFO] IPUIPlugin:80 - create IPUIPlugin
2023-12-13 11:34:48,745 [INFO] IPUIPlugin:80 - create IPUIPlugin
2023-12-13 11:34:48,746 [INFO] IPUIPlugin:80 - create IPUIPlugin
2023-12-13 11:34:48,746 [INFO] IPUIPlugin:80 - create IPUIPlugin
2023-12-13 11:34:48,746 [INFO] IPUIPlugin:80 - create IPUIPlugin
2023-12-13 11:34:48,746 [INFO] IPUIPlugin:80 - create IPUIPlugin
2023-12-13 11:34:48,746 [INFO] IPUIPlugin:80 - create IPUIPlugin
2023-12-13 11:34:48,747 [INFO] IPUIPlugin:80 - create IPUIPlugin
2023-12-13 11:34:48,747 [INFO] IPUIPlugin:80 - create IPUIPlugin
2023-12-13 11:34:48,782 [INFO] CADModel:165 - CPN selected for project levelSTM32F072RBT6
2023-12-13 11:34:48,782 [INFO] CADModel:114 - Register for checkConnection events
2023-12-13 11:34:48,832 [INFO] OpenFileManager:328 - Restore cursor
