2023-11-03 10:30:40,916 [INFO] Activator:176 - 


2023-11-03 10:30:40,922 [INFO] Activator:177 - !SESSION log4j initialized
2023-11-03 10:30:46,875 [INFO] LogOutputStream:77 - [STDOUT_REDIRECT] 
2023-11-03 10:30:48,881 [INFO] ApplicationProperties:184 - Using Application install path: C:\ST\STM32CubeIDE_1.13.2\STM32CubeIDE\plugins\com.st.stm32cube.common.mx_6.9.2.202309101412
2023-11-03 10:30:48,904 [INFO] DbMcusXml:78 - Set database path to: C:\ST\STM32CubeIDE_1.13.2\STM32CubeIDE\plugins\com.st.stm32cube.common.mx_6.9.2.202309101412\\db\/mcu/
2023-11-03 10:30:48,905 [INFO] ApiDb:274 - Set plugin database path to: C:\ST\STM32CubeIDE_1.13.2\STM32CubeIDE\plugins\com.st.stm32cube.common.mx_6.9.2.202309101412\\db\/plugins/boardmanager/
2023-11-03 10:30:48,906 [WARN] ApiDb:259 - Overriding images path with different value:  => C:\ST\STM32CubeIDE_1.13.2\STM32CubeIDE\plugins\com.st.stm32cube.common.mx_6.9.2.202309101412\\db\/plugins/mcufinder/images/
2023-11-03 10:30:48,921 [INFO] ApiDb:250 - Set database path to: C:\Users\jespe\.stmcufinder\plugins\mcufinder//mcu/
2023-11-03 10:30:48,922 [INFO] DbMcusAds:125 - Set database path to: C:\Users\jespe\.stmcufinder\plugins\mcufinder//mcu/
2023-11-03 10:30:48,925 [INFO] CrossReferenceDbSqlite:203 - Set database path to: C:\Users\jespe\.stmcufinder\plugins\mcufinder//mcu/cs/
2023-11-03 10:30:49,037 [INFO] RulesReader:64 - Compatibility file has been processed (293 Rules)
2023-11-03 10:30:49,129 [INFO] DbMcusXml:78 - Set database path to: C:\ST\STM32CubeIDE_1.13.2\STM32CubeIDE\plugins\com.st.stm32cube.common.mx_6.9.2.202309101412\\db\/mcu/
2023-11-03 10:30:49,130 [INFO] ApiDb:274 - Set plugin database path to: C:\ST\STM32CubeIDE_1.13.2\STM32CubeIDE\plugins\com.st.stm32cube.common.mx_6.9.2.202309101412\\db\/plugins/boardmanager/
2023-11-03 10:30:49,130 [INFO] ApiDb:261 - Set plugin images path to: C:\ST\STM32CubeIDE_1.13.2\STM32CubeIDE\plugins\com.st.stm32cube.common.mx_6.9.2.202309101412\\db\/plugins/mcufinder/images/
2023-11-03 10:30:49,130 [WARN] DbFile:41 - Overriding database path with different value: C:\Users\jespe\.stmcufinder\plugins\mcufinder/ => C:\Users\jespe\.stmcufinder\plugins\mcufinder
2023-11-03 10:30:49,130 [INFO] ApiDb:250 - Set database path to: C:\Users\jespe\.stmcufinder\plugins\mcufinder//mcu/
2023-11-03 10:30:49,130 [WARN] DbFile:41 - Overriding database path with different value: C:\Users\jespe\.stmcufinder\plugins\mcufinder/ => C:\Users\jespe\.stmcufinder\plugins\mcufinder
2023-11-03 10:30:49,130 [INFO] DbMcusAds:125 - Set database path to: C:\Users\jespe\.stmcufinder\plugins\mcufinder//mcu/
2023-11-03 10:30:49,130 [WARN] DbFile:41 - Overriding database path with different value: C:\Users\jespe\.stmcufinder\plugins\mcufinder/ => C:\Users\jespe\.stmcufinder\plugins\mcufinder
2023-11-03 10:30:49,130 [WARN] DbFile:41 - Overriding database path with different value: C:\Users\jespe\.stmcufinder\plugins\mcufinder/ => C:\Users\jespe\.stmcufinder\plugins\mcufinder
2023-11-03 10:30:49,131 [INFO] CrossReferenceDbSqlite:203 - Set database path to: C:\Users\jespe\.stmcufinder\plugins\mcufinder//mcu/cs/
2023-11-03 10:30:49,199 [INFO] MainPanel:262 - HeapMemory: 268435456
2023-11-03 10:30:49,292 [INFO] DbMcusXml:78 - Set database path to: C:\ST\STM32CubeIDE_1.13.2\STM32CubeIDE\plugins\com.st.stm32cube.common.mx_6.9.2.202309101412\\db\/mcu/
2023-11-03 10:30:49,292 [INFO] ApiDb:274 - Set plugin database path to: C:\ST\STM32CubeIDE_1.13.2\STM32CubeIDE\plugins\com.st.stm32cube.common.mx_6.9.2.202309101412\\db\/plugins/boardmanager/
2023-11-03 10:30:49,292 [INFO] ApiDb:261 - Set plugin images path to: C:\ST\STM32CubeIDE_1.13.2\STM32CubeIDE\plugins\com.st.stm32cube.common.mx_6.9.2.202309101412\\db\/plugins/mcufinder/images/
2023-11-03 10:30:49,292 [WARN] DbFile:41 - Overriding database path with different value: C:\Users\jespe\.stmcufinder\plugins\mcufinder/ => C:\Users\jespe\.stmcufinder\plugins\mcufinder
2023-11-03 10:30:49,293 [INFO] ApiDb:250 - Set database path to: C:\Users\jespe\.stmcufinder\plugins\mcufinder//mcu/
2023-11-03 10:30:49,293 [WARN] DbFile:41 - Overriding database path with different value: C:\Users\jespe\.stmcufinder\plugins\mcufinder/ => C:\Users\jespe\.stmcufinder\plugins\mcufinder
2023-11-03 10:30:49,293 [INFO] DbMcusAds:125 - Set database path to: C:\Users\jespe\.stmcufinder\plugins\mcufinder//mcu/
2023-11-03 10:30:49,293 [WARN] DbFile:41 - Overriding database path with different value: C:\Users\jespe\.stmcufinder\plugins\mcufinder/ => C:\Users\jespe\.stmcufinder\plugins\mcufinder
2023-11-03 10:30:49,293 [WARN] DbFile:41 - Overriding database path with different value: C:\Users\jespe\.stmcufinder\plugins\mcufinder/ => C:\Users\jespe\.stmcufinder\plugins\mcufinder
2023-11-03 10:30:49,293 [INFO] CrossReferenceDbSqlite:203 - Set database path to: C:\Users\jespe\.stmcufinder\plugins\mcufinder//mcu/cs/
2023-11-03 10:30:49,313 [INFO] ApplicationProperties:184 - Using Application install path: C:\ST\STM32CubeIDE_1.13.2\STM32CubeIDE\plugins\com.st.stm32cube.common.mx_6.9.2.202309101412
2023-11-03 10:30:49,314 [INFO] PluginManage:196 - Search for loadable plugins [exclusion list=, ]
2023-11-03 10:30:49,315 [INFO] PluginManage:310 - Check plugin analytics
2023-11-03 10:30:49,469 [INFO] AnalyticsPlugin:253 - Accepted Software Licenses: 
2023-11-03 10:30:49,469 [INFO] AnalyticsPlugin:255 - Accepted CMSIS Pack Licenses: 
2023-11-03 10:30:49,470 [INFO] AnalyticsPlugin:257 - Accepted Firmware Licenses: 
2023-11-03 10:30:49,472 [INFO] PluginManage:359 - Loaded plugin analytics (category:tool,tabindex:-1)
2023-11-03 10:30:49,473 [INFO] PluginManage:310 - Check plugin cadmodel
2023-11-03 10:30:49,485 [INFO] CADModel:105 - Init CAD model plugin
2023-11-03 10:30:49,486 [INFO] PluginManage:359 - Loaded plugin cadmodel (category:power,tabindex:5)
2023-11-03 10:30:49,486 [INFO] PluginManage:310 - Check plugin clock
2023-11-03 10:30:49,501 [INFO] PluginManage:359 - Loaded plugin clock (category:base,tabindex:2)
2023-11-03 10:30:49,502 [INFO] PluginManage:310 - Check plugin ddr
2023-11-03 10:30:49,504 [INFO] PluginManage:359 - Loaded plugin ddr (category:tool,tabindex:6)
2023-11-03 10:30:49,504 [INFO] PluginManage:310 - Check plugin filemanager
2023-11-03 10:30:49,630 [INFO] PluginManage:359 - Loaded plugin filemanager (category:base,tabindex:10)
2023-11-03 10:30:49,630 [INFO] PluginManage:310 - Check plugin ipmanager
2023-11-03 10:30:49,637 [INFO] PluginManage:359 - Loaded plugin ipmanager (category:base,tabindex:5)
2023-11-03 10:30:49,638 [INFO] PluginManage:310 - Check plugin lpbam
2023-11-03 10:30:49,652 [INFO] PluginManage:359 - Loaded plugin lpbam (category:base,tabindex:0)
2023-11-03 10:30:49,653 [INFO] PluginManage:310 - Check plugin memorymap
2023-11-03 10:30:49,674 [INFO] PluginManage:359 - Loaded plugin memorymap (category:base,tabindex:4)
2023-11-03 10:30:49,674 [INFO] PluginManage:310 - Check plugin pinoutandconfiguration
2023-11-03 10:30:49,687 [INFO] PluginManage:359 - Loaded plugin pinoutandconfiguration (category:base,tabindex:1)
2023-11-03 10:30:49,687 [INFO] PluginManage:310 - Check plugin pinoutconfig
2023-11-03 10:30:49,777 [WARN] SupportedApi:132 - Cannot load RTOS API schema: s4s-elt-must-match.1: The content of 'definitions' must match (annotation?, (simpleType | complexType)?, (unique | key | keyref)*)). A problem was found starting at: attribute.
2023-11-03 10:30:49,905 [INFO] PluginManage:359 - Loaded plugin pinoutconfig (category:base,tabindex:0)
2023-11-03 10:30:49,905 [INFO] PluginManage:310 - Check plugin power
2023-11-03 10:30:49,924 [INFO] PluginManage:359 - Loaded plugin power (category:power,tabindex:4)
2023-11-03 10:30:49,924 [INFO] PluginManage:310 - Check plugin projectmanager
2023-11-03 10:30:49,940 [INFO] PluginManage:359 - Loaded plugin projectmanager (category:projectmanager,tabindex:3)
2023-11-03 10:30:49,940 [INFO] PluginManage:310 - Check plugin thirdparty
2023-11-03 10:30:50,177 [INFO] PluginManage:359 - Loaded plugin thirdparty (category:base,tabindex:-1)
2023-11-03 10:30:50,177 [WARN] IntegrityCheckThread:84 - waiting for thirdparty lock release [integrity check]
2023-11-03 10:30:50,177 [INFO] PluginManage:310 - Check plugin tools
2023-11-03 10:30:50,177 [INFO] IntegrityCheckThread:86 - entering critical section [integrity check]
2023-11-03 10:30:50,178 [INFO] ThirdPartyUpdaterWithRetryManager:70 - Updater plugin not ready yet. [1/15]
2023-11-03 10:30:50,207 [INFO] PluginManage:359 - Loaded plugin tools (category:base,tabindex:7)
2023-11-03 10:30:50,207 [INFO] PluginManage:310 - Check plugin tutovideos
2023-11-03 10:30:50,410 [INFO] PluginManage:359 - Loaded plugin tutovideos (category:base,tabindex:-1)
2023-11-03 10:30:50,410 [INFO] PluginManage:310 - Check plugin updater
2023-11-03 10:30:50,422 [INFO] PluginManage:359 - Loaded plugin updater (category:base,tabindex:12)
2023-11-03 10:30:50,422 [INFO] PluginManage:310 - Check plugin userauth
2023-11-03 10:30:50,429 [INFO] UserAuth:113 - Init User Auth plugin
2023-11-03 10:30:50,429 [INFO] PluginManage:359 - Loaded plugin userauth (category:base,tabindex:14)
2023-11-03 10:30:50,429 [INFO] PluginManage:283 - PluginManage : Loaded plugins [17]
2023-11-03 10:30:50,628 [INFO] PinOutPanel:1499 - setPackage(No Configuration,No Configuration)
2023-11-03 10:30:50,727 [INFO] CADModel:165 - CPN selected for project level
2023-11-03 10:30:50,727 [INFO] CADModel:114 - Register for checkConnection events
2023-11-03 10:30:50,751 [INFO] IPUIPlugin:80 - create IPUIPlugin
2023-11-03 10:30:50,751 [INFO] PluginManager:220 - loadIPPluginJar : add adc
2023-11-03 10:30:50,778 [INFO] IPUIPlugin:80 - create IPUIPlugin
2023-11-03 10:30:50,778 [INFO] PluginManager:220 - loadIPPluginJar : add aes
2023-11-03 10:30:50,808 [INFO] IPUIPlugin:80 - create IPUIPlugin
2023-11-03 10:30:50,808 [INFO] PluginManager:220 - loadIPPluginJar : add can
2023-11-03 10:30:50,825 [INFO] IPUIPlugin:80 - create IPUIPlugin
2023-11-03 10:30:50,825 [INFO] PluginManager:220 - loadIPPluginJar : add comp
2023-11-03 10:30:50,850 [INFO] IPUIPlugin:80 - create IPUIPlugin
2023-11-03 10:30:50,850 [INFO] PluginManager:220 - loadIPPluginJar : add cryp
2023-11-03 10:30:50,872 [INFO] IPUIPlugin:80 - create IPUIPlugin
2023-11-03 10:30:50,872 [INFO] PluginManager:220 - loadIPPluginJar : add dfsdm
2023-11-03 10:30:50,884 [INFO] IPUIPlugin:80 - create IPUIPlugin
2023-11-03 10:30:50,884 [INFO] PluginManager:220 - loadIPPluginJar : add dma
2023-11-03 10:30:50,915 [INFO] IPUIPlugin:80 - create IPUIPlugin
2023-11-03 10:30:50,915 [INFO] PluginManager:220 - loadIPPluginJar : add dma3
2023-11-03 10:30:50,930 [INFO] IPUIPlugin:80 - create IPUIPlugin
2023-11-03 10:30:50,930 [INFO] PluginManager:220 - loadIPPluginJar : add fatfs
2023-11-03 10:30:50,964 [INFO] IPUIPlugin:80 - create IPUIPlugin
2023-11-03 10:30:50,964 [INFO] PluginManager:220 - loadIPPluginJar : add fmc
2023-11-03 10:30:50,975 [INFO] IPUIPlugin:80 - create IPUIPlugin
2023-11-03 10:30:50,975 [INFO] PluginManager:220 - loadIPPluginJar : add freertos
2023-11-03 10:30:50,990 [INFO] IPUIPlugin:80 - create IPUIPlugin
2023-11-03 10:30:50,990 [INFO] PluginManager:220 - loadIPPluginJar : add genericplugin
2023-11-03 10:30:51,052 [INFO] IPUIPlugin:80 - create IPUIPlugin
2023-11-03 10:30:51,052 [INFO] PluginManager:220 - loadIPPluginJar : add gfxmmu
2023-11-03 10:30:51,140 [INFO] IPUIPlugin:80 - create IPUIPlugin
2023-11-03 10:30:51,140 [INFO] PluginManager:220 - loadIPPluginJar : add gic
2023-11-03 10:30:51,150 [INFO] IPUIPlugin:80 - create IPUIPlugin
2023-11-03 10:30:51,150 [INFO] PluginManager:220 - loadIPPluginJar : add gpio
2023-11-03 10:30:51,220 [INFO] IPUIPlugin:80 - create IPUIPlugin
2023-11-03 10:30:51,220 [INFO] PluginManager:220 - loadIPPluginJar : add gtzc
2023-11-03 10:30:51,243 [INFO] IPUIPlugin:80 - create IPUIPlugin
2023-11-03 10:30:51,244 [INFO] PluginManager:220 - loadIPPluginJar : add hash
2023-11-03 10:30:51,279 [INFO] IPUIPlugin:80 - create IPUIPlugin
2023-11-03 10:30:51,279 [INFO] PluginManager:220 - loadIPPluginJar : add i2c
2023-11-03 10:30:51,306 [INFO] IPUIPlugin:80 - create IPUIPlugin
2023-11-03 10:30:51,306 [INFO] PluginManager:220 - loadIPPluginJar : add i2s
2023-11-03 10:30:51,335 [INFO] IPUIPlugin:80 - create IPUIPlugin
2023-11-03 10:30:51,335 [INFO] PluginManager:220 - loadIPPluginJar : add i3c
2023-11-03 10:30:51,410 [INFO] IPUIPlugin:80 - create IPUIPlugin
2023-11-03 10:30:51,410 [INFO] PluginManager:220 - loadIPPluginJar : add ipddr
2023-11-03 10:30:51,472 [INFO] IPUIPlugin:80 - create IPUIPlugin
2023-11-03 10:30:51,472 [INFO] PluginManager:220 - loadIPPluginJar : add linkedlist
2023-11-03 10:30:51,496 [INFO] IPUIPlugin:80 - create IPUIPlugin
2023-11-03 10:30:51,496 [INFO] PluginManager:220 - loadIPPluginJar : add lorawan
2023-11-03 10:30:51,521 [INFO] IPUIPlugin:80 - create IPUIPlugin
2023-11-03 10:30:51,522 [INFO] PluginManager:220 - loadIPPluginJar : add ltdc
2023-11-03 10:30:51,533 [INFO] IPUIPlugin:80 - create IPUIPlugin
2023-11-03 10:30:51,533 [INFO] PluginManager:220 - loadIPPluginJar : add mdma
2023-11-03 10:30:51,542 [INFO] IPUIPlugin:80 - create IPUIPlugin
2023-11-03 10:30:51,542 [INFO] PluginManager:220 - loadIPPluginJar : add nvic
2023-11-03 10:30:51,567 [INFO] IPUIPlugin:80 - create IPUIPlugin
2023-11-03 10:30:51,567 [INFO] PluginManager:220 - loadIPPluginJar : add opamp
2023-11-03 10:30:51,609 [INFO] IPUIPlugin:80 - create IPUIPlugin
2023-11-03 10:30:51,609 [INFO] PluginManager:220 - loadIPPluginJar : add openamp
2023-11-03 10:30:51,638 [INFO] IPUIPlugin:80 - create IPUIPlugin
2023-11-03 10:30:51,638 [INFO] PluginManager:220 - loadIPPluginJar : add pdm2pcm
2023-11-03 10:30:51,649 [INFO] IPUIPlugin:80 - create IPUIPlugin
2023-11-03 10:30:51,651 [INFO] PluginManager:220 - loadIPPluginJar : add plateformsettings
2023-11-03 10:30:51,666 [INFO] IPUIPlugin:80 - create IPUIPlugin
2023-11-03 10:30:51,666 [INFO] PluginManager:220 - loadIPPluginJar : add quadspi
2023-11-03 10:30:51,676 [INFO] IPUIPlugin:80 - create IPUIPlugin
2023-11-03 10:30:51,676 [INFO] PluginManager:220 - loadIPPluginJar : add resmgrutility
2023-11-03 10:30:51,710 [INFO] IPUIPlugin:80 - create IPUIPlugin
2023-11-03 10:30:51,710 [INFO] PluginManager:220 - loadIPPluginJar : add sai
2023-11-03 10:30:51,736 [INFO] IPUIPlugin:80 - create IPUIPlugin
2023-11-03 10:30:51,736 [INFO] PluginManager:220 - loadIPPluginJar : add spi
2023-11-03 10:30:51,778 [INFO] IPUIPlugin:80 - create IPUIPlugin
2023-11-03 10:30:51,778 [INFO] PluginManager:220 - loadIPPluginJar : add stm32_wpan
2023-11-03 10:30:51,794 [INFO] IPUIPlugin:80 - create IPUIPlugin
2023-11-03 10:30:51,794 [INFO] PluginManager:220 - loadIPPluginJar : add tim
2023-11-03 10:30:51,833 [INFO] IPUIPlugin:80 - create IPUIPlugin
2023-11-03 10:30:51,833 [INFO] PluginManager:220 - loadIPPluginJar : add touchsensing
2023-11-03 10:30:51,850 [INFO] IPUIPlugin:80 - create IPUIPlugin
2023-11-03 10:30:51,850 [INFO] PluginManager:220 - loadIPPluginJar : add tracer_emb
2023-11-03 10:30:51,866 [INFO] IPUIPlugin:80 - create IPUIPlugin
2023-11-03 10:30:51,866 [INFO] PluginManager:220 - loadIPPluginJar : add ts
2023-11-03 10:30:51,881 [INFO] IPUIPlugin:80 - create IPUIPlugin
2023-11-03 10:30:51,881 [INFO] PluginManager:220 - loadIPPluginJar : add tsc
2023-11-03 10:30:51,896 [INFO] IPUIPlugin:80 - create IPUIPlugin
2023-11-03 10:30:51,896 [INFO] PluginManager:220 - loadIPPluginJar : add ucpd
2023-11-03 10:30:51,927 [INFO] IPUIPlugin:80 - create IPUIPlugin
2023-11-03 10:30:51,927 [INFO] PluginManager:220 - loadIPPluginJar : add usart
2023-11-03 10:30:51,956 [INFO] IPUIPlugin:80 - create IPUIPlugin
2023-11-03 10:30:51,957 [INFO] PluginManager:220 - loadIPPluginJar : add usbx
2023-11-03 10:30:52,071 [INFO] CADModel:165 - CPN selected for project level
2023-11-03 10:30:52,071 [INFO] CADModel:114 - Register for checkConnection events
2023-11-03 10:30:52,072 [FATAL] Updater:308 - Updater called before beeing initialized
2023-11-03 10:30:52,072 [ERROR] CADModel:125 - Updater not yet initialized, retry later 
2023-11-03 10:30:52,201 [INFO] CADModel:165 - CPN selected for project level
2023-11-03 10:30:52,201 [INFO] CADModel:114 - Register for checkConnection events
2023-11-03 10:30:52,201 [FATAL] Updater:308 - Updater called before beeing initialized
2023-11-03 10:30:52,201 [ERROR] CADModel:125 - Updater not yet initialized, retry later 
2023-11-03 10:30:52,204 [FATAL] Updater:308 - Updater called before beeing initialized
2023-11-03 10:30:52,306 [FATAL] Updater:308 - Updater called before beeing initialized
2023-11-03 10:30:52,315 [INFO] DbMcusAds:53 - JSON generation date=Tue Mar 07 09:50:55 CET 2023 (1678179055114)
2023-11-03 10:30:52,315 [FATAL] Updater:308 - Updater called before beeing initialized
2023-11-03 10:30:52,913 [WARN] DetailPanel:346 - Failed to get advertising image, set to default
2023-11-03 10:30:52,998 [FATAL] Updater:308 - Updater called before beeing initialized
2023-11-03 10:30:52,999 [FATAL] Updater:308 - Updater called before beeing initialized
2023-11-03 10:30:53,000 [FATAL] Updater:308 - Updater called before beeing initialized
2023-11-03 10:30:53,000 [WARN] DetailPanel:346 - Failed to get advertising image, set to default
2023-11-03 10:30:53,000 [FATAL] Updater:308 - Updater called before beeing initialized
2023-11-03 10:30:53,051 [ERROR] Updater:1120 - MainUpdater not yet initialized. External WinMGr cannot be set.
2023-11-03 10:30:53,060 [INFO] Updater:1056 - Updater Version found : 6.9.2
2023-11-03 10:30:53,080 [INFO] ApplicationProperties:184 - Using Application install path: C:\ST\STM32CubeIDE_1.13.2\STM32CubeIDE\plugins\com.st.stm32cube.common.mx_6.9.2.202309101412
2023-11-03 10:30:53,180 [INFO] ThirdPartyUpdaterWithRetryManager:70 - Updater plugin not ready yet. [2/15]
2023-11-03 10:30:53,214 [INFO] MainUpdater:2868 - connection check result : 10
2023-11-03 10:30:53,215 [INFO] MainUpdater:3562 - Updater definition file requires update
2023-11-03 10:30:53,216 [INFO] MainUpdater:285 - Updater Check For Update Now.
2023-11-03 10:30:53,216 [INFO] MicroXplorer:498 - Change Database Version : DB.6.0.92
2023-11-03 10:30:53,228 [INFO] McuFinderGlobals:63 - Set McuFinder mode to 2 (CubeIDE integrated)
2023-11-03 10:30:53,235 [INFO] ServerAccessManage:473 - Download File updaters.zip
2023-11-03 10:30:53,294 [INFO] FileExtend:240 - Unzip File : updaters.zip
2023-11-03 10:30:53,294 [INFO] FileExtend:255 - Standard Zip Deflate
2023-11-03 10:30:53,686 [INFO] ServerAccessManage:473 - Download File PacksControlFlags.xml
2023-11-03 10:30:53,761 [INFO] ServerAccessManage:473 - Download File cubemx.pidx
2023-11-03 10:30:54,258 [INFO] ServerAccessManage:473 - Download File STMicroelectronics.X-CUBE-BLEMGR.pdsc
2023-11-03 10:30:55,537 [ERROR] ServerAccessManage:1096 - Problem, Http access forbiden
2023-11-03 10:30:55,537 [ERROR] ServerAccessManage:651 - Problem, Http access forbiden : RoweBots.I-CUBE-UNISONRTOS.pdsc.
2023-11-03 10:30:55,720 [WARN] PackLoader:240 - Cannot read IP mode file for STMicroelectronics.X-CUBE-BLEMGR.3.0.0
2023-11-03 10:30:55,724 [INFO] PopulateThirdPartyThread:66 - Ending populate Thread
2023-11-03 10:30:55,726 [INFO] ThirdParty:1030 - CMSIS Pack Vendor :STMicroelectronics X-CUBE-BLEMGR 3.0.0
2023-11-03 10:30:55,726 [INFO] LoadServerUpdatesThread:373 - End of LoadServerUpdate Thread
2023-11-03 10:30:55,828 [INFO] CheckServerUpdateThread:120 - End of CheckServer Thread
2023-11-03 10:30:56,330 [WARN] PackLoader:240 - Cannot read IP mode file for STMicroelectronics.X-CUBE-SMBUS.2.1.0
2023-11-03 10:30:56,363 [WARN] PackLoader:240 - Cannot read IP mode file for STMicroelectronics.X-CUBE-AZRTOS-F7.1.1.0
2023-11-03 10:30:56,379 [WARN] PackLoader:240 - Cannot read IP mode file for STMicroelectronics.FP-SNS-MOTENV1.4.3.2
2023-11-03 10:30:56,386 [WARN] PackLoader:240 - Cannot read IP mode file for STMicroelectronics.FP-SNS-FLIGHT1.5.0.2
2023-11-03 10:30:56,400 [WARN] PackLoader:240 - Cannot read IP mode file for STMicroelectronics.X-CUBE-DISPLAY.3.0.0
2023-11-03 10:30:56,418 [WARN] PackLoader:240 - Cannot read IP mode file for STMicroelectronics.X-CUBE-BLE1.7.0.0
2023-11-03 10:30:56,430 [WARN] PackLoader:240 - Cannot read IP mode file for emotas.I-CUBE-CANOPEN.1.3.0
2023-11-03 10:30:56,440 [WARN] PackLoader:240 - Cannot read IP mode file for STMicroelectronics.X-CUBE-TOUCHGFX.4.22.0
2023-11-03 10:30:56,448 [WARN] PackLoader:240 - Cannot read IP mode file for STMicroelectronics.X-CUBE-TOUCHGFX.4.22.1
2023-11-03 10:30:56,458 [WARN] PackLoader:240 - Cannot read IP mode file for STMicroelectronics.FP-SNS-SMARTAG2.1.2.0
2023-11-03 10:30:56,475 [INFO] LogOutputStream:77 - [STDOUT_REDIRECT] 1 : Invalid condition id : UX_CORESTACK_Condition cause : null
2023-11-03 10:30:56,476 [INFO] LogOutputStream:77 - [STDOUT_REDIRECT] 1 : Invalid condition id : UX_CORESTACK_Condition cause : null
2023-11-03 10:30:56,477 [INFO] LogOutputStream:77 - [STDOUT_REDIRECT] 1 : Invalid condition id : UX_CORESTACK_Condition cause : null
2023-11-03 10:30:56,478 [INFO] LogOutputStream:77 - [STDOUT_REDIRECT] 1 : Invalid condition id : UX_CORESTACK_Condition cause : null
2023-11-03 10:30:56,479 [INFO] LogOutputStream:77 - [STDOUT_REDIRECT] 1 : Invalid condition id : UX_CORESTACK_Condition cause : null
2023-11-03 10:30:56,482 [WARN] PackLoader:240 - Cannot read IP mode file for STMicroelectronics.X-CUBE-AZRTOS-WL.2.0.0
2023-11-03 10:30:56,495 [WARN] PackLoader:240 - Cannot read IP mode file for WES.I-CUBE-Cesium.1.3.0
2023-11-03 10:30:56,505 [WARN] PackLoader:240 - Cannot read IP mode file for STMicroelectronics.X-CUBE-BLE2.3.3.0
2023-11-03 10:30:56,517 [WARN] PackLoader:240 - Cannot read IP mode file for STMicroelectronics.X-CUBE-ALGOBUILD.1.3.0
2023-11-03 10:30:56,549 [WARN] PackLoader:240 - Cannot read IP mode file for STMicroelectronics.X-CUBE-AZRTOS-G0.1.1.0
2023-11-03 10:30:56,568 [WARN] PackLoader:240 - Cannot read IP mode file for STMicroelectronics.X-CUBE-NFC4.3.0.0
2023-11-03 10:30:56,578 [WARN] PackLoader:240 - Cannot read IP mode file for STMicroelectronics.X-CUBE-BLEMGR.3.0.0
2023-11-03 10:30:56,584 [WARN] PackLoader:240 - Cannot read IP mode file for STMicroelectronics.FP-ATR-SIGFOX1.3.2.0
2023-11-03 10:30:56,630 [WARN] PackLoader:240 - Cannot read IP mode file for SEGGER.I-CUBE-embOS.1.3.1
2023-11-03 10:30:56,672 [WARN] PackLoader:240 - Cannot read IP mode file for STMicroelectronics.X-CUBE-GNSS1.6.0.0
2023-11-03 10:30:56,701 [WARN] PackLoader:240 - Cannot read IP mode file for STMicroelectronics.X-CUBE-AZRTOS-F4.1.1.0
2023-11-03 10:30:56,714 [WARN] PackLoader:240 - Cannot read IP mode file for wolfSSL.I-CUBE-wolfSSL.5.6.3
2023-11-03 10:30:56,738 [WARN] PackLoader:240 - Cannot read IP mode file for STMicroelectronics.X-CUBE-AZRTOS-L5.2.0.0
2023-11-03 10:30:56,786 [WARN] PackLoader:240 - Cannot read IP mode file for STMicroelectronics.X-CUBE-MEMS1.9.6.0
2023-11-03 10:30:56,909 [WARN] PackLoader:240 - Cannot read IP mode file for STMicroelectronics.X-CUBE-EEPRMA1.4.2.0
2023-11-03 10:30:56,919 [WARN] PackLoader:240 - Cannot read IP mode file for ITTIA_DB.I-CUBE-ITTIADB.8.8.0
2023-11-03 10:30:56,931 [WARN] PackLoader:240 - Cannot read IP mode file for STMicroelectronics.X-CUBE-BLEMGR.2.0.0
2023-11-03 10:30:56,954 [WARN] ConditionMgr:438 - getConditionDescription Invalid condition id : UX DEVICE CLASS RTOS Condition cause : null
2023-11-03 10:30:56,954 [WARN] ConditionMgr:438 - getConditionDescription Invalid condition id : UX DEVICE CLASS RTOS Condition cause : null
2023-11-03 10:30:56,956 [WARN] PackLoader:240 - Cannot read IP mode file for STMicroelectronics.X-CUBE-AZRTOS-H7.3.1.0
2023-11-03 10:30:56,957 [WARN] ConditionMgr:1039 - genDependencies : Invalid condition id : UX DEVICE CLASS RTOS Condition cause : null
2023-11-03 10:30:56,957 [WARN] ConditionMgr:1039 - genDependencies : Invalid condition id : UX DEVICE CLASS RTOS Condition cause : null
2023-11-03 10:30:56,957 [WARN] ConditionMgr:1039 - genDependencies : Invalid condition id : UX DEVICE CLASS RTOS Condition cause : null
2023-11-03 10:30:56,958 [WARN] ConditionMgr:1039 - genDependencies : Invalid condition id : UX DEVICE CLASS RTOS Condition cause : null
2023-11-03 10:30:56,958 [WARN] ConditionMgr:1039 - genDependencies : Invalid condition id : UX DEVICE CLASS RTOS Condition cause : null
2023-11-03 10:30:56,969 [WARN] PackLoader:240 - Cannot read IP mode file for STMicroelectronics.X-CUBE-NFC7.1.0.1
2023-11-03 10:30:56,980 [WARN] PackLoader:240 - Cannot read IP mode file for STMicroelectronics.X-CUBE-NFC6.3.0.0
2023-11-03 10:30:56,991 [WARN] PackLoader:240 - Cannot read IP mode file for STMicroelectronics.X-CUBE-EEPRMA1.4.1.0
2023-11-03 10:30:57,000 [WARN] PackLoader:240 - Cannot read IP mode file for STMicroelectronics.X-CUBE-AI.8.1.0
2023-11-03 10:30:57,028 [WARN] ConditionMgr:438 - getConditionDescription Invalid condition id : LAN8742 Phy interface Condition cause : null
2023-11-03 10:30:57,029 [WARN] PackLoader:240 - Cannot read IP mode file for STMicroelectronics.X-CUBE-AZRTOS-L4.2.0.0
2023-11-03 10:30:57,030 [WARN] ConditionMgr:1039 - genDependencies : Invalid condition id : LAN8742 Phy interface Condition cause : null
2023-11-03 10:30:57,030 [WARN] ConditionMgr:1039 - genDependencies : Invalid condition id : LAN8742 Phy interface Condition cause : null
2023-11-03 10:30:57,030 [WARN] ConditionMgr:1039 - genDependencies : Invalid condition id : LAN8742 Phy interface Condition cause : null
2023-11-03 10:30:57,042 [WARN] PackLoader:240 - Cannot read IP mode file for STMicroelectronics.X-CUBE-SFXS2LP1.4.0.0
2023-11-03 10:30:57,052 [WARN] PackLoader:240 - Cannot read IP mode file for STMicroelectronics.X-CUBE-ISPU.1.1.0
2023-11-03 10:30:57,071 [WARN] ConditionMgr:438 - getConditionDescription Invalid condition id : UX DEVICE CLASS RTOS Condition cause : null
2023-11-03 10:30:57,071 [WARN] ConditionMgr:438 - getConditionDescription Invalid condition id : UX DEVICE CLASS RTOS Condition cause : null
2023-11-03 10:30:57,072 [WARN] PackLoader:240 - Cannot read IP mode file for STMicroelectronics.X-CUBE-AZRTOS-WB.2.0.0
2023-11-03 10:30:57,073 [WARN] ConditionMgr:1039 - genDependencies : Invalid condition id : UX DEVICE CLASS RTOS Condition cause : null
2023-11-03 10:30:57,073 [WARN] ConditionMgr:1039 - genDependencies : Invalid condition id : UX DEVICE CLASS RTOS Condition cause : null
2023-11-03 10:30:57,073 [WARN] ConditionMgr:1039 - genDependencies : Invalid condition id : UX DEVICE CLASS RTOS Condition cause : null
2023-11-03 10:30:57,074 [WARN] ConditionMgr:1039 - genDependencies : Invalid condition id : UX DEVICE CLASS RTOS Condition cause : null
2023-11-03 10:30:57,074 [WARN] ConditionMgr:1039 - genDependencies : Invalid condition id : UX DEVICE CLASS RTOS Condition cause : null
2023-11-03 10:30:57,088 [WARN] PackLoader:240 - Cannot read IP mode file for STMicroelectronics.X-CUBE-SUBG2.5.0.0
2023-11-03 10:30:57,105 [WARN] PackLoader:240 - Cannot read IP mode file for STMicroelectronics.X-CUBE-TOF1.3.3.1
2023-11-03 10:30:57,130 [WARN] PackLoader:240 - Cannot read IP mode file for STMicroelectronics.X-CUBE-AZRTOS-G4.2.0.0
2023-11-03 10:30:57,148 [WARN] PackLoader:240 - Cannot read IP mode file for Infineon.AIROC-Wi-Fi-Bluetooth-STM32.1.5.1
2023-11-03 10:30:57,186 [WARN] PackLoader:240 - Cannot read IP mode file for STMicroelectronics.X-CUBE-MEMS1.10.0.0
2023-11-03 10:30:57,267 [WARN] PackLoader:240 - Cannot read IP mode file for STMicroelectronics.X-CUBE-FREERTOS.1.1.0
2023-11-03 10:30:57,278 [WARN] PackLoader:240 - Cannot read IP mode file for portGmbH.I-Cube-SoM-uGOAL.1.1.0
2023-11-03 10:30:57,288 [WARN] PackLoader:240 - Cannot read IP mode file for STMicroelectronics.X-CUBE-ALS.1.0.1
2023-11-03 10:30:57,292 [WARN] PackLoader:240 - Cannot read IP mode file for STMicroelectronics.FP-ATR-ASTRA1.2.0.0
2023-11-03 10:30:57,293 [INFO] ThirdParty:978 - Integrity check success = true
2023-11-03 10:30:57,293 [INFO] IntegrityCheckThread:100 - exiting critical section [integrity check]
2023-11-03 10:30:57,293 [INFO] IntegrityCheckThread:103 - End integrity checks thread
2023-11-03 10:31:14,135 [ERROR] LogOutputStream:75 - [STDERR_REDIRECT] SLF4J: Failed to load class "org.slf4j.impl.StaticLoggerBinder".
2023-11-03 10:31:14,136 [ERROR] LogOutputStream:75 - [STDERR_REDIRECT] SLF4J: Defaulting to no-operation (NOP) logger implementation
2023-11-03 10:31:14,137 [ERROR] LogOutputStream:75 - [STDERR_REDIRECT] SLF4J: See http://www.slf4j.org/codes.html#StaticLoggerBinder for further details.
2023-11-03 10:31:34,899 [INFO] LogOutputStream:77 - [STDOUT_REDIRECT] Exception in update check thread
2023-11-03 10:31:34,901 [ERROR] LogOutputStream:75 - [STDERR_REDIRECT] java.lang.IllegalStateException: bundle org.eclipse.equinox.p2.repositoryis not started
2023-11-03 10:31:34,903 [ERROR] LogOutputStream:75 - [STDERR_REDIRECT] 	at org.eclipse.equinox.internal.p2.repository.Activator.getContext(Activator.java:65)
2023-11-03 10:31:34,905 [ERROR] LogOutputStream:75 - [STDERR_REDIRECT] 	at org.eclipse.equinox.internal.p2.repository.helpers.AbstractRepositoryManager.restoreFromSystemProperty(AbstractRepositoryManager.java:1013)
2023-11-03 10:31:34,907 [ERROR] LogOutputStream:75 - [STDERR_REDIRECT] 	at org.eclipse.equinox.internal.p2.repository.helpers.AbstractRepositoryManager.restoreRepositories(AbstractRepositoryManager.java:1033)
2023-11-03 10:31:34,909 [ERROR] LogOutputStream:75 - [STDERR_REDIRECT] 	at org.eclipse.equinox.internal.p2.repository.helpers.AbstractRepositoryManager.sortSuffixes(AbstractRepositoryManager.java:1112)
2023-11-03 10:31:34,911 [ERROR] LogOutputStream:75 - [STDERR_REDIRECT] 	at org.eclipse.equinox.internal.p2.repository.helpers.AbstractRepositoryManager.loadRepository(AbstractRepositoryManager.java:676)
2023-11-03 10:31:34,912 [ERROR] LogOutputStream:75 - [STDERR_REDIRECT] 	at org.eclipse.equinox.internal.p2.metadata.repository.MetadataRepositoryManager.loadRepository(MetadataRepositoryManager.java:110)
2023-11-03 10:31:34,914 [ERROR] LogOutputStream:75 - [STDERR_REDIRECT] 	at org.eclipse.equinox.internal.p2.metadata.repository.MetadataRepositoryManager.loadRepository(MetadataRepositoryManager.java:105)
2023-11-03 10:31:34,915 [ERROR] LogOutputStream:75 - [STDERR_REDIRECT] 	at org.eclipse.equinox.internal.p2.updatechecker.UpdateChecker.getAvailableRepositories(UpdateChecker.java:152)
2023-11-03 10:31:34,916 [ERROR] LogOutputStream:75 - [STDERR_REDIRECT] 	at org.eclipse.equinox.internal.p2.updatechecker.UpdateChecker.checkForUpdates(UpdateChecker.java:130)
2023-11-03 10:31:34,918 [ERROR] LogOutputStream:75 - [STDERR_REDIRECT] 	at org.eclipse.equinox.internal.p2.updatechecker.UpdateChecker$UpdateCheckThread.run(UpdateChecker.java:78)
