2024-01-17 11:30:39,270 [INFO] Activator:176 - 


2024-01-17 11:30:39,270 [INFO] Activator:177 - !SESSION log4j initialized
2024-01-17 11:30:45,883 [INFO] LogOutputStream:77 - [STDOUT_REDIRECT] 
2024-01-17 11:30:47,474 [INFO] ApplicationProperties:184 - Using Application install path: C:\ST\STM32CubeIDE_1.13.2\STM32CubeIDE\plugins\com.st.stm32cube.common.mx_6.9.2.202309101412
2024-01-17 11:30:47,493 [INFO] DbMcusXml:78 - Set database path to: C:\ST\STM32CubeIDE_1.13.2\STM32CubeIDE\plugins\com.st.stm32cube.common.mx_6.9.2.202309101412\\db\/mcu/
2024-01-17 11:30:47,493 [INFO] ApiDb:274 - Set plugin database path to: C:\ST\STM32CubeIDE_1.13.2\STM32CubeIDE\plugins\com.st.stm32cube.common.mx_6.9.2.202309101412\\db\/plugins/boardmanager/
2024-01-17 11:30:47,494 [WARN] ApiDb:259 - Overriding images path with different value:  => C:\ST\STM32CubeIDE_1.13.2\STM32CubeIDE\plugins\com.st.stm32cube.common.mx_6.9.2.202309101412\\db\/plugins/mcufinder/images/
2024-01-17 11:30:47,508 [INFO] ApiDb:250 - Set database path to: C:\Users\jespe\.stmcufinder\plugins\mcufinder//mcu/
2024-01-17 11:30:47,509 [INFO] DbMcusAds:125 - Set database path to: C:\Users\jespe\.stmcufinder\plugins\mcufinder//mcu/
2024-01-17 11:30:47,511 [INFO] CrossReferenceDbSqlite:203 - Set database path to: C:\Users\jespe\.stmcufinder\plugins\mcufinder//mcu/cs/
2024-01-17 11:30:47,622 [INFO] RulesReader:64 - Compatibility file has been processed (293 Rules)
2024-01-17 11:30:47,706 [INFO] DbMcusXml:78 - Set database path to: C:\ST\STM32CubeIDE_1.13.2\STM32CubeIDE\plugins\com.st.stm32cube.common.mx_6.9.2.202309101412\\db\/mcu/
2024-01-17 11:30:47,707 [INFO] ApiDb:274 - Set plugin database path to: C:\ST\STM32CubeIDE_1.13.2\STM32CubeIDE\plugins\com.st.stm32cube.common.mx_6.9.2.202309101412\\db\/plugins/boardmanager/
2024-01-17 11:30:47,707 [INFO] ApiDb:261 - Set plugin images path to: C:\ST\STM32CubeIDE_1.13.2\STM32CubeIDE\plugins\com.st.stm32cube.common.mx_6.9.2.202309101412\\db\/plugins/mcufinder/images/
2024-01-17 11:30:47,707 [WARN] DbFile:41 - Overriding database path with different value: C:\Users\jespe\.stmcufinder\plugins\mcufinder/ => C:\Users\jespe\.stmcufinder\plugins\mcufinder
2024-01-17 11:30:47,707 [INFO] ApiDb:250 - Set database path to: C:\Users\jespe\.stmcufinder\plugins\mcufinder//mcu/
2024-01-17 11:30:47,707 [WARN] DbFile:41 - Overriding database path with different value: C:\Users\jespe\.stmcufinder\plugins\mcufinder/ => C:\Users\jespe\.stmcufinder\plugins\mcufinder
2024-01-17 11:30:47,707 [INFO] DbMcusAds:125 - Set database path to: C:\Users\jespe\.stmcufinder\plugins\mcufinder//mcu/
2024-01-17 11:30:47,707 [WARN] DbFile:41 - Overriding database path with different value: C:\Users\jespe\.stmcufinder\plugins\mcufinder/ => C:\Users\jespe\.stmcufinder\plugins\mcufinder
2024-01-17 11:30:47,708 [WARN] DbFile:41 - Overriding database path with different value: C:\Users\jespe\.stmcufinder\plugins\mcufinder/ => C:\Users\jespe\.stmcufinder\plugins\mcufinder
2024-01-17 11:30:47,708 [INFO] CrossReferenceDbSqlite:203 - Set database path to: C:\Users\jespe\.stmcufinder\plugins\mcufinder//mcu/cs/
2024-01-17 11:30:47,777 [INFO] MainPanel:262 - HeapMemory: 268435456
2024-01-17 11:30:47,858 [INFO] DbMcusXml:78 - Set database path to: C:\ST\STM32CubeIDE_1.13.2\STM32CubeIDE\plugins\com.st.stm32cube.common.mx_6.9.2.202309101412\\db\/mcu/
2024-01-17 11:30:47,858 [INFO] ApiDb:274 - Set plugin database path to: C:\ST\STM32CubeIDE_1.13.2\STM32CubeIDE\plugins\com.st.stm32cube.common.mx_6.9.2.202309101412\\db\/plugins/boardmanager/
2024-01-17 11:30:47,858 [INFO] ApiDb:261 - Set plugin images path to: C:\ST\STM32CubeIDE_1.13.2\STM32CubeIDE\plugins\com.st.stm32cube.common.mx_6.9.2.202309101412\\db\/plugins/mcufinder/images/
2024-01-17 11:30:47,858 [WARN] DbFile:41 - Overriding database path with different value: C:\Users\jespe\.stmcufinder\plugins\mcufinder/ => C:\Users\jespe\.stmcufinder\plugins\mcufinder
2024-01-17 11:30:47,859 [INFO] ApiDb:250 - Set database path to: C:\Users\jespe\.stmcufinder\plugins\mcufinder//mcu/
2024-01-17 11:30:47,859 [WARN] DbFile:41 - Overriding database path with different value: C:\Users\jespe\.stmcufinder\plugins\mcufinder/ => C:\Users\jespe\.stmcufinder\plugins\mcufinder
2024-01-17 11:30:47,859 [INFO] DbMcusAds:125 - Set database path to: C:\Users\jespe\.stmcufinder\plugins\mcufinder//mcu/
2024-01-17 11:30:47,859 [WARN] DbFile:41 - Overriding database path with different value: C:\Users\jespe\.stmcufinder\plugins\mcufinder/ => C:\Users\jespe\.stmcufinder\plugins\mcufinder
2024-01-17 11:30:47,859 [WARN] DbFile:41 - Overriding database path with different value: C:\Users\jespe\.stmcufinder\plugins\mcufinder/ => C:\Users\jespe\.stmcufinder\plugins\mcufinder
2024-01-17 11:30:47,859 [INFO] CrossReferenceDbSqlite:203 - Set database path to: C:\Users\jespe\.stmcufinder\plugins\mcufinder//mcu/cs/
2024-01-17 11:30:47,876 [INFO] ApplicationProperties:184 - Using Application install path: C:\ST\STM32CubeIDE_1.13.2\STM32CubeIDE\plugins\com.st.stm32cube.common.mx_6.9.2.202309101412
2024-01-17 11:30:47,877 [INFO] PluginManage:196 - Search for loadable plugins [exclusion list=, ]
2024-01-17 11:30:47,878 [INFO] PluginManage:310 - Check plugin analytics
2024-01-17 11:30:48,028 [INFO] AnalyticsPlugin:253 - Accepted Software Licenses: 
2024-01-17 11:30:48,028 [INFO] AnalyticsPlugin:255 - Accepted CMSIS Pack Licenses: 
2024-01-17 11:30:48,028 [INFO] AnalyticsPlugin:257 - Accepted Firmware Licenses: 
2024-01-17 11:30:48,032 [INFO] PluginManage:359 - Loaded plugin analytics (category:tool,tabindex:-1)
2024-01-17 11:30:48,033 [INFO] PluginManage:310 - Check plugin cadmodel
2024-01-17 11:30:48,045 [INFO] CADModel:105 - Init CAD model plugin
2024-01-17 11:30:48,045 [INFO] PluginManage:359 - Loaded plugin cadmodel (category:power,tabindex:5)
2024-01-17 11:30:48,046 [INFO] PluginManage:310 - Check plugin clock
2024-01-17 11:30:48,063 [INFO] PluginManage:359 - Loaded plugin clock (category:base,tabindex:2)
2024-01-17 11:30:48,063 [INFO] PluginManage:310 - Check plugin ddr
2024-01-17 11:30:48,065 [INFO] PluginManage:359 - Loaded plugin ddr (category:tool,tabindex:6)
2024-01-17 11:30:48,065 [INFO] PluginManage:310 - Check plugin filemanager
2024-01-17 11:30:48,175 [INFO] PluginManage:359 - Loaded plugin filemanager (category:base,tabindex:10)
2024-01-17 11:30:48,176 [INFO] PluginManage:310 - Check plugin ipmanager
2024-01-17 11:30:48,183 [INFO] PluginManage:359 - Loaded plugin ipmanager (category:base,tabindex:5)
2024-01-17 11:30:48,183 [INFO] PluginManage:310 - Check plugin lpbam
2024-01-17 11:30:48,198 [INFO] PluginManage:359 - Loaded plugin lpbam (category:base,tabindex:0)
2024-01-17 11:30:48,198 [INFO] PluginManage:310 - Check plugin memorymap
2024-01-17 11:30:48,217 [INFO] PluginManage:359 - Loaded plugin memorymap (category:base,tabindex:4)
2024-01-17 11:30:48,217 [INFO] PluginManage:310 - Check plugin pinoutandconfiguration
2024-01-17 11:30:48,233 [INFO] PluginManage:359 - Loaded plugin pinoutandconfiguration (category:base,tabindex:1)
2024-01-17 11:30:48,233 [INFO] PluginManage:310 - Check plugin pinoutconfig
2024-01-17 11:30:48,318 [WARN] SupportedApi:132 - Cannot load RTOS API schema: s4s-elt-must-match.1: The content of 'definitions' must match (annotation?, (simpleType | complexType)?, (unique | key | keyref)*)). A problem was found starting at: attribute.
2024-01-17 11:30:48,429 [INFO] PluginManage:359 - Loaded plugin pinoutconfig (category:base,tabindex:0)
2024-01-17 11:30:48,429 [INFO] PluginManage:310 - Check plugin power
2024-01-17 11:30:48,454 [INFO] PluginManage:359 - Loaded plugin power (category:power,tabindex:4)
2024-01-17 11:30:48,454 [INFO] PluginManage:310 - Check plugin projectmanager
2024-01-17 11:30:48,468 [INFO] PluginManage:359 - Loaded plugin projectmanager (category:projectmanager,tabindex:3)
2024-01-17 11:30:48,468 [INFO] PluginManage:310 - Check plugin thirdparty
2024-01-17 11:30:48,691 [WARN] IntegrityCheckThread:84 - waiting for thirdparty lock release [integrity check]
2024-01-17 11:30:48,691 [INFO] PluginManage:359 - Loaded plugin thirdparty (category:base,tabindex:-1)
2024-01-17 11:30:48,691 [INFO] IntegrityCheckThread:86 - entering critical section [integrity check]
2024-01-17 11:30:48,691 [INFO] PluginManage:310 - Check plugin tools
2024-01-17 11:30:48,692 [INFO] ThirdPartyUpdaterWithRetryManager:70 - Updater plugin not ready yet. [1/15]
2024-01-17 11:30:48,719 [INFO] PluginManage:359 - Loaded plugin tools (category:base,tabindex:7)
2024-01-17 11:30:48,719 [INFO] PluginManage:310 - Check plugin tutovideos
2024-01-17 11:30:48,913 [INFO] PluginManage:359 - Loaded plugin tutovideos (category:base,tabindex:-1)
2024-01-17 11:30:48,914 [INFO] PluginManage:310 - Check plugin updater
2024-01-17 11:30:48,923 [INFO] PluginManage:359 - Loaded plugin updater (category:base,tabindex:12)
2024-01-17 11:30:48,924 [INFO] PluginManage:310 - Check plugin userauth
2024-01-17 11:30:48,929 [INFO] UserAuth:113 - Init User Auth plugin
2024-01-17 11:30:48,929 [INFO] PluginManage:359 - Loaded plugin userauth (category:base,tabindex:14)
2024-01-17 11:30:48,929 [INFO] PluginManage:283 - PluginManage : Loaded plugins [17]
2024-01-17 11:30:49,109 [INFO] PinOutPanel:1499 - setPackage(No Configuration,No Configuration)
2024-01-17 11:30:49,196 [INFO] CADModel:165 - CPN selected for project level
2024-01-17 11:30:49,197 [INFO] CADModel:114 - Register for checkConnection events
2024-01-17 11:30:49,218 [INFO] IPUIPlugin:80 - create IPUIPlugin
2024-01-17 11:30:49,218 [INFO] PluginManager:220 - loadIPPluginJar : add adc
2024-01-17 11:30:49,245 [INFO] IPUIPlugin:80 - create IPUIPlugin
2024-01-17 11:30:49,245 [INFO] PluginManager:220 - loadIPPluginJar : add aes
2024-01-17 11:30:49,277 [INFO] IPUIPlugin:80 - create IPUIPlugin
2024-01-17 11:30:49,277 [INFO] PluginManager:220 - loadIPPluginJar : add can
2024-01-17 11:30:49,294 [INFO] IPUIPlugin:80 - create IPUIPlugin
2024-01-17 11:30:49,294 [INFO] PluginManager:220 - loadIPPluginJar : add comp
2024-01-17 11:30:49,319 [INFO] IPUIPlugin:80 - create IPUIPlugin
2024-01-17 11:30:49,319 [INFO] PluginManager:220 - loadIPPluginJar : add cryp
2024-01-17 11:30:49,342 [INFO] IPUIPlugin:80 - create IPUIPlugin
2024-01-17 11:30:49,342 [INFO] PluginManager:220 - loadIPPluginJar : add dfsdm
2024-01-17 11:30:49,353 [INFO] IPUIPlugin:80 - create IPUIPlugin
2024-01-17 11:30:49,354 [INFO] PluginManager:220 - loadIPPluginJar : add dma
2024-01-17 11:30:49,384 [INFO] IPUIPlugin:80 - create IPUIPlugin
2024-01-17 11:30:49,385 [INFO] PluginManager:220 - loadIPPluginJar : add dma3
2024-01-17 11:30:49,401 [INFO] IPUIPlugin:80 - create IPUIPlugin
2024-01-17 11:30:49,412 [INFO] PluginManager:220 - loadIPPluginJar : add fatfs
2024-01-17 11:30:49,447 [INFO] IPUIPlugin:80 - create IPUIPlugin
2024-01-17 11:30:49,447 [INFO] PluginManager:220 - loadIPPluginJar : add fmc
2024-01-17 11:30:49,459 [INFO] IPUIPlugin:80 - create IPUIPlugin
2024-01-17 11:30:49,460 [INFO] PluginManager:220 - loadIPPluginJar : add freertos
2024-01-17 11:30:49,476 [INFO] IPUIPlugin:80 - create IPUIPlugin
2024-01-17 11:30:49,476 [INFO] PluginManager:220 - loadIPPluginJar : add genericplugin
2024-01-17 11:30:49,559 [INFO] IPUIPlugin:80 - create IPUIPlugin
2024-01-17 11:30:49,559 [INFO] PluginManager:220 - loadIPPluginJar : add gfxmmu
2024-01-17 11:30:49,653 [INFO] IPUIPlugin:80 - create IPUIPlugin
2024-01-17 11:30:49,653 [INFO] PluginManager:220 - loadIPPluginJar : add gic
2024-01-17 11:30:49,663 [INFO] IPUIPlugin:80 - create IPUIPlugin
2024-01-17 11:30:49,664 [INFO] PluginManager:220 - loadIPPluginJar : add gpio
2024-01-17 11:30:49,728 [INFO] IPUIPlugin:80 - create IPUIPlugin
2024-01-17 11:30:49,728 [INFO] PluginManager:220 - loadIPPluginJar : add gtzc
2024-01-17 11:30:49,750 [INFO] IPUIPlugin:80 - create IPUIPlugin
2024-01-17 11:30:49,750 [INFO] PluginManager:220 - loadIPPluginJar : add hash
2024-01-17 11:30:49,793 [INFO] IPUIPlugin:80 - create IPUIPlugin
2024-01-17 11:30:49,793 [INFO] PluginManager:220 - loadIPPluginJar : add i2c
2024-01-17 11:30:49,821 [INFO] IPUIPlugin:80 - create IPUIPlugin
2024-01-17 11:30:49,821 [INFO] PluginManager:220 - loadIPPluginJar : add i2s
2024-01-17 11:30:49,849 [INFO] IPUIPlugin:80 - create IPUIPlugin
2024-01-17 11:30:49,850 [INFO] PluginManager:220 - loadIPPluginJar : add i3c
2024-01-17 11:30:49,925 [INFO] IPUIPlugin:80 - create IPUIPlugin
2024-01-17 11:30:49,926 [INFO] PluginManager:220 - loadIPPluginJar : add ipddr
2024-01-17 11:30:49,991 [INFO] IPUIPlugin:80 - create IPUIPlugin
2024-01-17 11:30:49,991 [INFO] PluginManager:220 - loadIPPluginJar : add linkedlist
2024-01-17 11:30:50,016 [INFO] IPUIPlugin:80 - create IPUIPlugin
2024-01-17 11:30:50,016 [INFO] PluginManager:220 - loadIPPluginJar : add lorawan
2024-01-17 11:30:50,042 [INFO] IPUIPlugin:80 - create IPUIPlugin
2024-01-17 11:30:50,042 [INFO] PluginManager:220 - loadIPPluginJar : add ltdc
2024-01-17 11:30:50,053 [INFO] IPUIPlugin:80 - create IPUIPlugin
2024-01-17 11:30:50,054 [INFO] PluginManager:220 - loadIPPluginJar : add mdma
2024-01-17 11:30:50,063 [INFO] IPUIPlugin:80 - create IPUIPlugin
2024-01-17 11:30:50,063 [INFO] PluginManager:220 - loadIPPluginJar : add nvic
2024-01-17 11:30:50,089 [INFO] IPUIPlugin:80 - create IPUIPlugin
2024-01-17 11:30:50,089 [INFO] PluginManager:220 - loadIPPluginJar : add opamp
2024-01-17 11:30:50,131 [INFO] IPUIPlugin:80 - create IPUIPlugin
2024-01-17 11:30:50,131 [INFO] PluginManager:220 - loadIPPluginJar : add openamp
2024-01-17 11:30:50,162 [INFO] IPUIPlugin:80 - create IPUIPlugin
2024-01-17 11:30:50,162 [INFO] PluginManager:220 - loadIPPluginJar : add pdm2pcm
2024-01-17 11:30:50,174 [INFO] IPUIPlugin:80 - create IPUIPlugin
2024-01-17 11:30:50,175 [INFO] PluginManager:220 - loadIPPluginJar : add plateformsettings
2024-01-17 11:30:50,191 [INFO] IPUIPlugin:80 - create IPUIPlugin
2024-01-17 11:30:50,191 [INFO] PluginManager:220 - loadIPPluginJar : add quadspi
2024-01-17 11:30:50,201 [INFO] IPUIPlugin:80 - create IPUIPlugin
2024-01-17 11:30:50,201 [INFO] PluginManager:220 - loadIPPluginJar : add resmgrutility
2024-01-17 11:30:50,239 [INFO] IPUIPlugin:80 - create IPUIPlugin
2024-01-17 11:30:50,239 [INFO] PluginManager:220 - loadIPPluginJar : add sai
2024-01-17 11:30:50,265 [INFO] IPUIPlugin:80 - create IPUIPlugin
2024-01-17 11:30:50,265 [INFO] PluginManager:220 - loadIPPluginJar : add spi
2024-01-17 11:30:50,306 [INFO] IPUIPlugin:80 - create IPUIPlugin
2024-01-17 11:30:50,306 [INFO] PluginManager:220 - loadIPPluginJar : add stm32_wpan
2024-01-17 11:30:50,322 [INFO] IPUIPlugin:80 - create IPUIPlugin
2024-01-17 11:30:50,322 [INFO] PluginManager:220 - loadIPPluginJar : add tim
2024-01-17 11:30:50,367 [INFO] IPUIPlugin:80 - create IPUIPlugin
2024-01-17 11:30:50,367 [INFO] PluginManager:220 - loadIPPluginJar : add touchsensing
2024-01-17 11:30:50,383 [INFO] IPUIPlugin:80 - create IPUIPlugin
2024-01-17 11:30:50,383 [INFO] PluginManager:220 - loadIPPluginJar : add tracer_emb
2024-01-17 11:30:50,399 [INFO] IPUIPlugin:80 - create IPUIPlugin
2024-01-17 11:30:50,399 [INFO] PluginManager:220 - loadIPPluginJar : add ts
2024-01-17 11:30:50,414 [INFO] IPUIPlugin:80 - create IPUIPlugin
2024-01-17 11:30:50,415 [INFO] PluginManager:220 - loadIPPluginJar : add tsc
2024-01-17 11:30:50,430 [INFO] IPUIPlugin:80 - create IPUIPlugin
2024-01-17 11:30:50,430 [INFO] PluginManager:220 - loadIPPluginJar : add ucpd
2024-01-17 11:30:50,462 [INFO] IPUIPlugin:80 - create IPUIPlugin
2024-01-17 11:30:50,463 [INFO] PluginManager:220 - loadIPPluginJar : add usart
2024-01-17 11:30:50,493 [INFO] IPUIPlugin:80 - create IPUIPlugin
2024-01-17 11:30:50,493 [INFO] PluginManager:220 - loadIPPluginJar : add usbx
2024-01-17 11:30:50,610 [INFO] CADModel:165 - CPN selected for project level
2024-01-17 11:30:50,611 [INFO] CADModel:114 - Register for checkConnection events
2024-01-17 11:30:50,611 [FATAL] Updater:308 - Updater called before beeing initialized
2024-01-17 11:30:50,612 [ERROR] CADModel:125 - Updater not yet initialized, retry later 
2024-01-17 11:30:50,784 [INFO] CADModel:165 - CPN selected for project level
2024-01-17 11:30:50,784 [INFO] CADModel:114 - Register for checkConnection events
2024-01-17 11:30:50,784 [FATAL] Updater:308 - Updater called before beeing initialized
2024-01-17 11:30:50,784 [ERROR] CADModel:125 - Updater not yet initialized, retry later 
2024-01-17 11:30:50,787 [FATAL] Updater:308 - Updater called before beeing initialized
2024-01-17 11:30:50,875 [FATAL] Updater:308 - Updater called before beeing initialized
2024-01-17 11:30:50,885 [INFO] DbMcusAds:53 - JSON generation date=Tue Mar 07 09:50:55 CET 2023 (1678179055114)
2024-01-17 11:30:50,885 [FATAL] Updater:308 - Updater called before beeing initialized
2024-01-17 11:30:50,951 [WARN] DetailPanel:346 - Failed to get advertising image, set to default
2024-01-17 11:30:51,033 [FATAL] Updater:308 - Updater called before beeing initialized
2024-01-17 11:30:51,034 [FATAL] Updater:308 - Updater called before beeing initialized
2024-01-17 11:30:51,034 [FATAL] Updater:308 - Updater called before beeing initialized
2024-01-17 11:30:51,035 [WARN] DetailPanel:346 - Failed to get advertising image, set to default
2024-01-17 11:30:51,035 [FATAL] Updater:308 - Updater called before beeing initialized
2024-01-17 11:30:51,084 [ERROR] Updater:1120 - MainUpdater not yet initialized. External WinMGr cannot be set.
2024-01-17 11:30:51,093 [INFO] Updater:1056 - Updater Version found : 6.9.2
2024-01-17 11:30:51,106 [INFO] ApplicationProperties:184 - Using Application install path: C:\ST\STM32CubeIDE_1.13.2\STM32CubeIDE\plugins\com.st.stm32cube.common.mx_6.9.2.202309101412
2024-01-17 11:30:51,235 [INFO] MainUpdater:2868 - connection check result : 10
2024-01-17 11:30:51,236 [INFO] MainUpdater:285 - Updater Check For Update Now.
2024-01-17 11:30:51,236 [INFO] MicroXplorer:498 - Change Database Version : DB.6.0.92
2024-01-17 11:30:51,250 [INFO] McuFinderGlobals:63 - Set McuFinder mode to 2 (CubeIDE integrated)
2024-01-17 11:30:51,422 [INFO] CheckServerUpdateThread:120 - End of CheckServer Thread
2024-01-17 11:30:51,859 [WARN] PackLoader:240 - Cannot read IP mode file for STMicroelectronics.X-CUBE-SMBUS.2.1.0
2024-01-17 11:30:51,872 [WARN] PackLoader:240 - Cannot read IP mode file for STMicroelectronics.X-CUBE-TOUCHGFX.4.23.0
2024-01-17 11:30:51,906 [WARN] PackLoader:240 - Cannot read IP mode file for STMicroelectronics.X-CUBE-AZRTOS-F7.1.1.0
2024-01-17 11:30:51,921 [WARN] PackLoader:240 - Cannot read IP mode file for STMicroelectronics.FP-SNS-MOTENV1.4.3.2
2024-01-17 11:30:51,934 [WARN] PackLoader:240 - Cannot read IP mode file for STMicroelectronics.FP-SNS-FLIGHT1.5.0.2
2024-01-17 11:30:51,951 [WARN] PackLoader:240 - Cannot read IP mode file for STMicroelectronics.X-CUBE-DISPLAY.3.0.0
2024-01-17 11:30:51,969 [WARN] PackLoader:240 - Cannot read IP mode file for STMicroelectronics.X-CUBE-BLE1.7.0.0
2024-01-17 11:30:51,981 [WARN] PackLoader:240 - Cannot read IP mode file for emotas.I-CUBE-CANOPEN.1.3.0
2024-01-17 11:30:51,990 [WARN] PackLoader:240 - Cannot read IP mode file for STMicroelectronics.X-CUBE-TOUCHGFX.4.22.0
2024-01-17 11:30:51,999 [WARN] PackLoader:240 - Cannot read IP mode file for STMicroelectronics.X-CUBE-TOUCHGFX.4.22.1
2024-01-17 11:30:52,009 [WARN] PackLoader:240 - Cannot read IP mode file for STMicroelectronics.FP-SNS-SMARTAG2.1.2.0
2024-01-17 11:30:52,027 [INFO] LogOutputStream:77 - [STDOUT_REDIRECT] 1 : Invalid condition id : UX_CORESTACK_Condition cause : null
2024-01-17 11:30:52,028 [INFO] LogOutputStream:77 - [STDOUT_REDIRECT] 1 : Invalid condition id : UX_CORESTACK_Condition cause : null
2024-01-17 11:30:52,028 [INFO] LogOutputStream:77 - [STDOUT_REDIRECT] 1 : Invalid condition id : UX_CORESTACK_Condition cause : null
2024-01-17 11:30:52,029 [INFO] LogOutputStream:77 - [STDOUT_REDIRECT] 1 : Invalid condition id : UX_CORESTACK_Condition cause : null
2024-01-17 11:30:52,030 [INFO] LogOutputStream:77 - [STDOUT_REDIRECT] 1 : Invalid condition id : UX_CORESTACK_Condition cause : null
2024-01-17 11:30:52,033 [WARN] PackLoader:240 - Cannot read IP mode file for STMicroelectronics.X-CUBE-AZRTOS-WL.2.0.0
2024-01-17 11:30:52,047 [WARN] PackLoader:240 - Cannot read IP mode file for WES.I-CUBE-Cesium.1.3.0
2024-01-17 11:30:52,058 [WARN] PackLoader:240 - Cannot read IP mode file for STMicroelectronics.X-CUBE-BLE2.3.3.0
2024-01-17 11:30:52,070 [WARN] PackLoader:240 - Cannot read IP mode file for STMicroelectronics.X-CUBE-ALGOBUILD.1.3.0
2024-01-17 11:30:52,093 [WARN] PackLoader:240 - Cannot read IP mode file for STMicroelectronics.X-CUBE-AZRTOS-G0.1.1.0
2024-01-17 11:30:52,106 [WARN] PackLoader:240 - Cannot read IP mode file for STMicroelectronics.X-CUBE-NFC4.3.0.0
2024-01-17 11:30:52,121 [WARN] PackLoader:240 - Cannot read IP mode file for STMicroelectronics.X-CUBE-BLEMGR.3.0.0
2024-01-17 11:30:52,132 [WARN] PackLoader:240 - Cannot read IP mode file for STMicroelectronics.FP-ATR-SIGFOX1.3.2.0
2024-01-17 11:30:52,172 [WARN] PackLoader:240 - Cannot read IP mode file for SEGGER.I-CUBE-embOS.1.3.1
2024-01-17 11:30:52,208 [WARN] PackLoader:240 - Cannot read IP mode file for STMicroelectronics.X-CUBE-GNSS1.6.0.0
2024-01-17 11:30:52,231 [WARN] PackLoader:240 - Cannot read IP mode file for STMicroelectronics.X-CUBE-AZRTOS-F4.1.1.0
2024-01-17 11:30:52,243 [WARN] PackLoader:240 - Cannot read IP mode file for wolfSSL.I-CUBE-wolfSSL.5.6.3
2024-01-17 11:30:52,266 [WARN] PackLoader:240 - Cannot read IP mode file for STMicroelectronics.X-CUBE-AZRTOS-L5.2.0.0
2024-01-17 11:30:52,305 [WARN] PackLoader:240 - Cannot read IP mode file for STMicroelectronics.X-CUBE-MEMS1.9.6.0
2024-01-17 11:30:52,422 [WARN] PackLoader:240 - Cannot read IP mode file for STMicroelectronics.X-CUBE-EEPRMA1.4.2.0
2024-01-17 11:30:52,435 [WARN] PackLoader:240 - Cannot read IP mode file for ITTIA_DB.I-CUBE-ITTIADB.8.8.0
2024-01-17 11:30:52,447 [WARN] PackLoader:240 - Cannot read IP mode file for STMicroelectronics.X-CUBE-BLEMGR.2.0.0
2024-01-17 11:30:52,472 [WARN] ConditionMgr:438 - getConditionDescription Invalid condition id : UX DEVICE CLASS RTOS Condition cause : null
2024-01-17 11:30:52,472 [WARN] ConditionMgr:438 - getConditionDescription Invalid condition id : UX DEVICE CLASS RTOS Condition cause : null
2024-01-17 11:30:52,474 [WARN] PackLoader:240 - Cannot read IP mode file for STMicroelectronics.X-CUBE-AZRTOS-H7.3.1.0
2024-01-17 11:30:52,474 [WARN] ConditionMgr:1039 - genDependencies : Invalid condition id : UX DEVICE CLASS RTOS Condition cause : null
2024-01-17 11:30:52,475 [WARN] ConditionMgr:1039 - genDependencies : Invalid condition id : UX DEVICE CLASS RTOS Condition cause : null
2024-01-17 11:30:52,475 [WARN] ConditionMgr:1039 - genDependencies : Invalid condition id : UX DEVICE CLASS RTOS Condition cause : null
2024-01-17 11:30:52,475 [WARN] ConditionMgr:1039 - genDependencies : Invalid condition id : UX DEVICE CLASS RTOS Condition cause : null
2024-01-17 11:30:52,475 [WARN] ConditionMgr:1039 - genDependencies : Invalid condition id : UX DEVICE CLASS RTOS Condition cause : null
2024-01-17 11:30:52,487 [WARN] PackLoader:240 - Cannot read IP mode file for STMicroelectronics.X-CUBE-NFC7.1.0.1
2024-01-17 11:30:52,499 [WARN] PackLoader:240 - Cannot read IP mode file for STMicroelectronics.X-CUBE-NFC6.3.0.0
2024-01-17 11:30:52,511 [WARN] PackLoader:240 - Cannot read IP mode file for STMicroelectronics.X-CUBE-EEPRMA1.4.1.0
2024-01-17 11:30:52,523 [WARN] PackLoader:240 - Cannot read IP mode file for STMicroelectronics.X-CUBE-AI.8.1.0
2024-01-17 11:30:52,553 [WARN] ConditionMgr:438 - getConditionDescription Invalid condition id : LAN8742 Phy interface Condition cause : null
2024-01-17 11:30:52,554 [WARN] PackLoader:240 - Cannot read IP mode file for STMicroelectronics.X-CUBE-AZRTOS-L4.2.0.0
2024-01-17 11:30:52,556 [WARN] ConditionMgr:1039 - genDependencies : Invalid condition id : LAN8742 Phy interface Condition cause : null
2024-01-17 11:30:52,556 [WARN] ConditionMgr:1039 - genDependencies : Invalid condition id : LAN8742 Phy interface Condition cause : null
2024-01-17 11:30:52,557 [WARN] ConditionMgr:1039 - genDependencies : Invalid condition id : LAN8742 Phy interface Condition cause : null
2024-01-17 11:30:52,576 [WARN] PackLoader:240 - Cannot read IP mode file for STMicroelectronics.X-CUBE-SFXS2LP1.4.0.0
2024-01-17 11:30:52,589 [WARN] PackLoader:240 - Cannot read IP mode file for STMicroelectronics.X-CUBE-ISPU.1.1.0
2024-01-17 11:30:52,624 [WARN] ConditionMgr:438 - getConditionDescription Invalid condition id : UX DEVICE CLASS RTOS Condition cause : null
2024-01-17 11:30:52,624 [WARN] ConditionMgr:438 - getConditionDescription Invalid condition id : UX DEVICE CLASS RTOS Condition cause : null
2024-01-17 11:30:52,626 [WARN] PackLoader:240 - Cannot read IP mode file for STMicroelectronics.X-CUBE-AZRTOS-WB.2.0.0
2024-01-17 11:30:52,627 [WARN] ConditionMgr:1039 - genDependencies : Invalid condition id : UX DEVICE CLASS RTOS Condition cause : null
2024-01-17 11:30:52,627 [WARN] ConditionMgr:1039 - genDependencies : Invalid condition id : UX DEVICE CLASS RTOS Condition cause : null
2024-01-17 11:30:52,628 [WARN] ConditionMgr:1039 - genDependencies : Invalid condition id : UX DEVICE CLASS RTOS Condition cause : null
2024-01-17 11:30:52,628 [WARN] ConditionMgr:1039 - genDependencies : Invalid condition id : UX DEVICE CLASS RTOS Condition cause : null
2024-01-17 11:30:52,628 [WARN] ConditionMgr:1039 - genDependencies : Invalid condition id : UX DEVICE CLASS RTOS Condition cause : null
2024-01-17 11:30:52,657 [WARN] PackLoader:240 - Cannot read IP mode file for STMicroelectronics.X-CUBE-SUBG2.5.0.0
2024-01-17 11:30:52,682 [WARN] PackLoader:240 - Cannot read IP mode file for STMicroelectronics.X-CUBE-TOF1.3.3.1
2024-01-17 11:30:52,709 [WARN] PackLoader:240 - Cannot read IP mode file for STMicroelectronics.X-CUBE-AZRTOS-G4.2.0.0
2024-01-17 11:30:52,730 [WARN] PackLoader:240 - Cannot read IP mode file for Infineon.AIROC-Wi-Fi-Bluetooth-STM32.1.5.1
2024-01-17 11:30:52,737 [WARN] PackLoader:240 - Cannot read IP mode file for STMicroelectronics.FP-SNS-MOTENVWB1.1.3.0
2024-01-17 11:30:52,747 [WARN] PackLoader:240 - Cannot read IP mode file for STMicroelectronics.FP-SNS-MOTENVWB1.1.3.1
2024-01-17 11:30:52,757 [WARN] PackLoader:240 - Cannot read IP mode file for STMicroelectronics.X-CUBE-ISPU.2.0.0
2024-01-17 11:30:52,794 [WARN] PackLoader:240 - Cannot read IP mode file for STMicroelectronics.X-CUBE-MEMS1.10.0.0
2024-01-17 11:30:52,883 [WARN] PackLoader:240 - Cannot read IP mode file for STMicroelectronics.X-CUBE-FREERTOS.1.1.0
2024-01-17 11:30:52,894 [WARN] PackLoader:240 - Cannot read IP mode file for portGmbH.I-Cube-SoM-uGOAL.1.1.0
2024-01-17 11:30:52,904 [WARN] PackLoader:240 - Cannot read IP mode file for STMicroelectronics.X-CUBE-ALS.1.0.1
2024-01-17 11:30:52,913 [WARN] PackLoader:240 - Cannot read IP mode file for STMicroelectronics.FP-ATR-ASTRA1.2.0.0
2024-01-17 11:30:52,928 [WARN] PackLoader:240 - Cannot read IP mode file for STMicroelectronics.X-CUBE-TOF1.3.4.0
2024-01-17 11:30:52,957 [WARN] PackLoader:240 - Cannot read IP mode file for STMicroelectronics.X-CUBE-AZRTOS-H7.3.2.0
2024-01-17 11:30:52,959 [INFO] ThirdParty:978 - Integrity check success = true
2024-01-17 11:30:52,960 [INFO] IntegrityCheckThread:100 - exiting critical section [integrity check]
2024-01-17 11:30:52,960 [INFO] IntegrityCheckThread:103 - End integrity checks thread
2024-01-17 11:31:13,129 [ERROR] LogOutputStream:75 - [STDERR_REDIRECT] SLF4J: Failed to load class "org.slf4j.impl.StaticLoggerBinder".
2024-01-17 11:31:13,130 [ERROR] LogOutputStream:75 - [STDERR_REDIRECT] SLF4J: Defaulting to no-operation (NOP) logger implementation
2024-01-17 11:31:13,130 [ERROR] LogOutputStream:75 - [STDERR_REDIRECT] SLF4J: See http://www.slf4j.org/codes.html#StaticLoggerBinder for further details.
2024-01-17 11:34:32,533 [INFO] McuFinderGlobals:63 - Set McuFinder mode to 2 (CubeIDE integrated)
2024-01-17 11:34:32,550 [INFO] MainUpdater:2868 - connection check result : 10
2024-01-17 11:34:32,557 [INFO] MainUpdater:2868 - connection check result : 10
2024-01-17 11:34:32,714 [INFO] MicroXplorer:468 - Change Database Path : 
2024-01-17 11:34:32,714 [INFO] MicroXplorer:498 - Change Database Version : DB.6.0.92
2024-01-17 11:34:32,717 [WARN] ThirdParty:871 - waiting for thirdparty lock release [close project]
2024-01-17 11:34:32,717 [INFO] ThirdParty:873 - entering critical section [close project]
2024-01-17 11:34:32,717 [INFO] ThirdParty:883 - exiting critical section [close project]
2024-01-17 11:34:32,718 [INFO] PinOutPanel:1499 - setPackage(No Configuration,No Configuration)
2024-01-17 11:34:32,723 [INFO] UtilMem:75 - Begin LoadConfig() Used Memory: 561419088 Bytes (935329792)
2024-01-17 11:34:32,724 [INFO] MicroXplorer:468 - Change Database Path : 
2024-01-17 11:34:32,724 [INFO] MicroXplorer:498 - Change Database Version : DB.6.0.92
2024-01-17 11:34:32,724 [INFO] OpenFileManager:308 - Change cursor
2024-01-17 11:34:32,754 [INFO] Mcu:1946 - Initializing MCU STM32F072R(8-B)Tx STM32F072RBTx STM32F072RBT6
2024-01-17 11:34:33,940 [INFO] Context:659 - Trying to add GPIOservice into a context  which must be forbidden
2024-01-17 11:34:34,387 [INFO] RtosManager:555 - Registered RTOS mode: class=CMSIS, group=RTOS, mode=CMSIS_V1, owner=FREERTOS
2024-01-17 11:34:34,387 [INFO] RtosManager:555 - Registered RTOS mode: class=CMSIS, group=RTOS2, mode=CMSIS_V2, owner=FREERTOS
2024-01-17 11:34:34,387 [INFO] RtosManager:555 - Registered RTOS mode: class=RTOS, group=Core, mode=CMSIS_V1, owner=FREERTOS
2024-01-17 11:34:34,388 [INFO] RtosManager:555 - Registered RTOS mode: class=RTOS, group=Core, mode=CMSIS_V2, owner=FREERTOS
2024-01-17 11:34:34,388 [WARN] ModelIntegratedComponent:184 - Missing modes for component STMicroelectronics:FreeRTOS:0.0.1:STMicroelectronics:RTOS:FreeRTOS:Core:::10.2.0:
2024-01-17 11:34:34,411 [WARN] ModelIntegratedComponent:63 - No mode defined for component null
2024-01-17 11:34:34,411 [WARN] ModelIntegratedComponent:63 - No mode defined for component null
2024-01-17 11:34:34,411 [WARN] ModelIntegratedComponent:63 - No mode defined for component null
2024-01-17 11:34:34,411 [WARN] ModelIntegratedComponent:63 - No mode defined for component null
2024-01-17 11:34:34,412 [WARN] ModelIntegratedComponent:63 - No mode defined for component null
2024-01-17 11:34:34,412 [WARN] ModelIntegratedComponent:63 - No mode defined for component null
2024-01-17 11:34:34,412 [WARN] ModelIntegratedComponent:63 - No mode defined for component null
2024-01-17 11:34:34,412 [WARN] ModelIntegratedComponent:63 - No mode defined for component null
2024-01-17 11:34:34,412 [WARN] ModelIntegratedComponent:63 - No mode defined for component null
2024-01-17 11:34:34,412 [WARN] ModelIntegratedComponent:63 - No mode defined for component null
2024-01-17 11:34:34,412 [WARN] ModelIntegratedComponent:63 - No mode defined for component null
2024-01-17 11:34:34,412 [WARN] ModelIntegratedComponent:63 - No mode defined for component null
2024-01-17 11:34:34,412 [WARN] ModelIntegratedComponent:63 - No mode defined for component null
2024-01-17 11:34:34,412 [WARN] ModelIntegratedComponent:63 - No mode defined for component null
2024-01-17 11:34:34,412 [WARN] ModelIntegratedComponent:63 - No mode defined for component null
2024-01-17 11:34:34,412 [WARN] ModelIntegratedComponent:63 - No mode defined for component null
2024-01-17 11:34:34,412 [WARN] ModelIntegratedComponent:63 - No mode defined for component null
2024-01-17 11:34:34,412 [WARN] ModelIntegratedComponent:63 - No mode defined for component null
2024-01-17 11:34:34,412 [WARN] ModelIntegratedComponent:63 - No mode defined for component null
2024-01-17 11:34:34,412 [WARN] ModelIntegratedComponent:63 - No mode defined for component null
2024-01-17 11:34:34,412 [WARN] ModelIntegratedComponent:63 - No mode defined for component null
2024-01-17 11:34:34,413 [WARN] ModelIntegratedComponent:63 - No mode defined for component null
2024-01-17 11:34:34,413 [WARN] ModelIntegratedComponent:63 - No mode defined for component null
2024-01-17 11:34:34,413 [WARN] ModelIntegratedComponent:63 - No mode defined for component null
2024-01-17 11:34:34,413 [WARN] ModelIntegratedComponent:63 - No mode defined for component null
2024-01-17 11:34:34,413 [WARN] ModelIntegratedComponent:63 - No mode defined for component null
2024-01-17 11:34:34,413 [WARN] ModelIntegratedComponent:63 - No mode defined for component null
2024-01-17 11:34:34,413 [WARN] ModelIntegratedComponent:63 - No mode defined for component null
2024-01-17 11:34:34,413 [WARN] ModelIntegratedComponent:63 - No mode defined for component null
2024-01-17 11:34:34,413 [WARN] ModelIntegratedComponent:63 - No mode defined for component null
2024-01-17 11:34:34,413 [WARN] ModelIntegratedComponent:63 - No mode defined for component null
2024-01-17 11:34:34,413 [WARN] ModelIntegratedComponent:63 - No mode defined for component null
2024-01-17 11:34:34,413 [WARN] ModelIntegratedComponent:63 - No mode defined for component null
2024-01-17 11:34:34,504 [INFO] ThirdPartyModel:298 - Start build external matchings
2024-01-17 11:34:35,127 [INFO] ThirdPartyModel:316 - End build external matchings
2024-01-17 11:34:35,144 [INFO] ImportTextPane:194 - (OptionalMessage_ERROR) IP (RCC) : Parameter (FLatency) has Id (AdvancedSettings) currently not set
2024-01-17 11:34:35,144 [INFO] ImportTextPane:194 - (OptionalMessage_ERROR) IP (RCC) : Invalid parameter (FamilyName)
2024-01-17 11:34:35,144 [INFO] ImportTextPane:194 - (OptionalMessage_ERROR) IP (RCC) : Invalid parameter (HSICECFreq_Value)
2024-01-17 11:34:35,146 [INFO] ImportTextPane:194 - (OptionalMessage_ERROR) IP (RCC) : Parameter (PREFETCH_ENABLE) has Id (AdvancedSettings) currently not set
2024-01-17 11:34:35,364 [INFO] UtilMem:75 - End LoadConfig() Used Memory: 548791712 Bytes (1027604480)
2024-01-17 11:34:35,472 [INFO] ApiDb:581 - Connected to CubeFinder SQLite database (C:\Users\jespe\.stmcufinder\plugins\mcufinder\mcu\cube-finder-db.db)
2024-01-17 11:34:35,541 [INFO] ApiDb:668 - CubeFinder database Data Model version=2.1
2024-01-17 11:34:35,542 [INFO] ApiDb:669 - CubeFinder database Configuration version=3.0.37
2024-01-17 11:34:35,542 [INFO] ApiDb:670 - CubeFinder database generation date=2023-08-09 (1691586011)
2024-01-17 11:34:35,542 [INFO] ApiDb:671 - CubeFinder database FW Pack versions=[FP-ATR-ASTRA1_V2.0.0, FP-SNS-FLIGHT1_V5.0.1, FP-SNS-FLIGHT1_V5.0.2, FP-SNS-MOTENV1_V4.3.1, FP-SNS-MOTENV1_V4.3.2, STM32Cube_FW_C0_V1.1.0, STM32Cube_FW_F4_V1.27.1, STM32Cube_FW_F7_V1.17.0, STM32Cube_FW_G0_V1.6.1, STM32Cube_FW_G4_V1.5.1, STM32Cube_FW_H5_V0.5.1, STM32Cube_FW_H5_V1.1.0, STM32Cube_FW_H7_V1.11.0, STM32Cube_FW_L0_V1.12.2, STM32Cube_FW_L5_V1.5.0, STM32Cube_FW_U5_V1.3.0, STM32Cube_FW_U5_V1.3.0RC4, STM32Cube_FW_WBA_V1.0.0RC1, STM32Cube_FW_WBA_V1.1.0, STM32Cube_FW_WBA_V1.1.0RC1, STM32Cube_FW_WB_V1.15.0RC1, STM32Cube_FW_WB_V1.16.0, STM32Cube_FW_WB_V1.16.0RC2, STM32Cube_FW_WB_V1.17.0, STM32Cube_FW_WL_V1.3.0, X-CUBE-ALGOBUILD_V1.3.0, X-CUBE-ALS_V1.0.1, X-CUBE-AZRTOS-F4_V1.1.0, X-CUBE-AZRTOS-F7_V1.1.0, X-CUBE-AZRTOS-G0_V1.1.0, X-CUBE-AZRTOS-G4_V2.0.0, X-CUBE-AZRTOS-H7_V3.1.0, X-CUBE-AZRTOS-L4_V1.0.0, X-CUBE-AZRTOS-L4_V2.0.0, X-CUBE-AZRTOS-L5_V1.1.0, X-CUBE-AZRTOS-WB_V1.1.0, X-CUBE-AZRTOS-WL_V2.0.0, X-CUBE-BLE1_V7.0.0, X-CUBE-BLE2_V3.3.0, X-CUBE-BLEMGR_V2.0.0, X-CUBE-EEPRMA1_V4.1.0, X-CUBE-FREERTOS_V1.1.0, X-CUBE-GNSS1_V6.0.0, X-CUBE-MEMS1_V9.1.0, X-CUBE-MEMS1_V9.4.0, X-CUBE-MEMS1_V9.6.0, X-CUBE-NFC4_V3.0.0, X-CUBE-NFC7_V1.0.0, X-CUBE-SFXS2LP1_V4.0.0, X-CUBE-SUBG2_V5.0.0, X-CUBE-TOF1_V3.3.1]
2024-01-17 11:34:37,653 [INFO] ApiDb:240 - Found 323 in-development CPN: [B-G473E-ZEST1S, B-WB1M-WPAN1, B-WL5M-SUBG1, NUCLEO-C031C6, NUCLEO-H503RB, NUCLEO-H563ZI, NUCLEO-U545RE-Q, NUCLEO-U5A5ZJ-Q, NUCLEO-WBA52CG, STEVAL-PROTEUS1, STEVAL-SMARTAG2, STEVAL-STWINBX1, STM320518-EVAL, STM32C0116-DK, STM32C011D6Y3TR, STM32C011D6Y6TR, STM32C011F4P3, STM32C011F4P6, STM32C011F4U3, STM32C011F4U6TR, STM32C011F6P3, STM32C011F6P6, STM32C011F6U3, STM32C011F6U6TR, STM32C011J4M3, STM32C011J4M6, STM32C011J6M3, STM32C011J6M6, STM32C0316-DK, STM32C031C4T3, STM32C031C4T6, STM32C031C4U3, STM32C031C4U6, STM32C031C6T3, STM32C031C6T6, STM32C031C6U3, STM32C031C6U6, STM32C031F4P3, STM32C031F4P6, STM32C031F6P3, STM32C031F6P6, STM32C031G4U3, STM32C031G4U6, STM32C031G6U3, STM32C031G6U6, STM32C031K4T3, STM32C031K4T6, STM32C031K4U3, STM32C031K4U6, STM32C031K6T3, STM32C031K6T6, STM32C031K6U3, STM32C031K6U6, STM32G071K8TXN, STM32G071K8UXN, STM32G081GBU6N, STM32G081KBT6N, STM32G081KBUXN, STM32G0B1CCT6N, STM32G0B1KCT6, STM32G0B1NEY6TR, STM32G0B1RCT6N, STM32G0C1CCT6, STM32G0C1CCT6N, STM32G0C1CCU6N, STM32G0C1CET6N, STM32G0C1CEU6N, STM32G0C1KCT6, STM32G0C1NEY6TR, STM32G0C1RCI6N, STM32G0C1RCT6N, STM32G0C1REI6N, STM32G0C1RET6N, STM32G0C1VCI6, STM32G0C1VEI6, STM32G471CCT6, STM32G471CCU6, STM32G471CET3, STM32G471CET6, STM32G471CEU3, STM32G471CEU6, STM32G471MCT6, STM32G471MET3, STM32G471MET6, STM32G471MEY6TR, STM32G471QCT6, STM32G471QET3, STM32G471RCT6, STM32G471RET3, STM32G471RET6, STM32G471VCH6, STM32G471VCI6, STM32G471VCT6, STM32G471VEH3, STM32G471VEH6, STM32G471VEI3, STM32G471VEI6, STM32G471VET3, STM32G471VET6, STM32G474CCT6, STM32H503CBT6, STM32H503CBU6, STM32H503EBY6TR, STM32H503KBU6, STM32H503RBT6, STM32H562AGI6, STM32H562AII6, STM32H562IGK6, STM32H562IGT6, STM32H562IIK6, STM32H562IIT6, STM32H562RGT6, STM32H562RGV6, STM32H562RIT6, STM32H562RIV6, STM32H562VGT6, STM32H562VIT6, STM32H562ZGT6, STM32H562ZIT6, STM32H563AGI6, STM32H563AII3Q, STM32H563AII6, STM32H563IGK6, STM32H563IGT6, STM32H563IIK3Q, STM32H563IIK6, STM32H563IIT3Q, STM32H563IIT6, STM32H563MIY3QTR, STM32H563RGT6, STM32H563RGV6, STM32H563RIT6, STM32H563RIV6, STM32H563VGT6, STM32H563VIT3Q, STM32H563VIT6, STM32H563ZGT6, STM32H563ZIT3Q, STM32H563ZIT6, STM32H573AII3Q, STM32H573AII6, STM32H573I-DK, STM32H573IIK3Q, STM32H573IIK6, STM32H573IIT3Q, STM32H573IIT6, STM32H573MIY3QTR, STM32H573RIT6, STM32H573RIV6, STM32H573VIT3Q, STM32H573VIT6, STM32H573ZIT3Q, STM32H573ZIT6, STM32L4R5QGI6STR, STM32MP131AAE3, STM32MP131AAF3, STM32MP131AAG3, STM32MP131CAE3, STM32MP131CAF3, STM32MP131CAG3, STM32MP131DAE7, STM32MP131DAF7, STM32MP131DAG7, STM32MP131FAE7, STM32MP131FAF7, STM32MP131FAG7, STM32MP133AAE3, STM32MP133AAF3, STM32MP133AAG3, STM32MP133CAE3, STM32MP133CAF3, STM32MP133CAG3, STM32MP133DAE7, STM32MP133DAF7, STM32MP133DAG7, STM32MP133FAE7, STM32MP133FAF7, STM32MP133FAG7, STM32MP135AAE3, STM32MP135AAF3, STM32MP135AAG3, STM32MP135CAE3, STM32MP135CAF3, STM32MP135CAG3, STM32MP135DAE7, STM32MP135DAF7, STM32MP135DAG7, STM32MP135F-DK, STM32MP135FAE7, STM32MP135FAF7, STM32MP135FAF7T, STM32MP135FAF7U, STM32MP135FAG7, STM32U535CBT6, STM32U535CBT6Q, STM32U535CBU6, STM32U535CBU6Q, STM32U535CCT6, STM32U535CCT6Q, STM32U535CCU6, STM32U535CCU6Q, STM32U535CET6, STM32U535CET6Q, STM32U535CEU6, STM32U535CEU6Q, STM32U535JEY6QTR, STM32U535NCY6QTR, STM32U535NEY6QTR, STM32U535RBI6, STM32U535RBI6Q, STM32U535RBT6, STM32U535RBT6Q, STM32U535RCI6, STM32U535RCI6Q, STM32U535RCT6, STM32U535RCT6Q, STM32U535REI6, STM32U535REI6Q, STM32U535RET6, STM32U535RET6Q, STM32U535VCI6, STM32U535VCI6Q, STM32U535VCT6, STM32U535VCT6Q, STM32U535VEI6, STM32U535VEI6Q, STM32U535VET6, STM32U535VET6Q, STM32U545CET6, STM32U545CET6Q, STM32U545CEU6, STM32U545CEU6Q, STM32U545JEY6QTR, STM32U545NEY6QTR, STM32U545REI6, STM32U545REI6Q, STM32U545RET6, STM32U545RET6Q, STM32U545VEI6, STM32U545VEI6Q, STM32U545VET6, STM32U545VET6Q, STM32U595AIH6, STM32U595AIH6Q, STM32U595AJH6, STM32U595AJH6Q, STM32U595QII6, STM32U595QII6Q, STM32U595QJI6, STM32U595QJI6Q, STM32U595RIT6, STM32U595RIT6Q, STM32U595RJT6, STM32U595RJT6Q, STM32U595VIT6, STM32U595VIT6Q, STM32U595VJT6, STM32U595VJT6Q, STM32U595ZIT6, STM32U595ZIT6Q, STM32U595ZIY6QTR, STM32U595ZJT6, STM32U595ZJT6Q, STM32U595ZJY6QTR, STM32U599BJY6QTR, STM32U599NIH6Q, STM32U599NJH6Q, STM32U599VIT6Q, STM32U599VJT6, STM32U599VJT6Q, STM32U599ZIT6Q, STM32U599ZIY6QTR, STM32U599ZJT6Q, STM32U599ZJY6QTR, STM32U5A5AJH6, STM32U5A5AJH6Q, STM32U5A5QJI6, STM32U5A5QJI6Q, STM32U5A5RJT6, STM32U5A5RJT6Q, STM32U5A5VJT6, STM32U5A5VJT6Q, STM32U5A5ZJT6, STM32U5A5ZJT6Q, STM32U5A5ZJY6QTR, STM32U5A9BJY6QTR, STM32U5A9J-DK, STM32U5A9NJH6Q, STM32U5A9VJT6Q, STM32U5A9ZJT6Q, STM32U5A9ZJY6QTR, STM32U5F7VIT6, STM32U5F7VIT6Q, STM32U5F7VJT6, STM32U5F7VJT6Q, STM32U5F9BJY6QTR, STM32U5F9NJH6Q, STM32U5F9VIT6Q, STM32U5F9VJT6Q, STM32U5F9ZIJ6QTR, STM32U5F9ZIT6Q, STM32U5F9ZJJ6QTR, STM32U5F9ZJT6Q, STM32U5G7VJT6, STM32U5G7VJT6Q, STM32U5G9BJY6QTR, STM32U5G9J-DK1, STM32U5G9J-DK2, STM32U5G9NJH6Q, STM32U5G9VJT6Q, STM32U5G9ZJJ6QTR, STM32U5G9ZJT6Q, STM32WB1MMCH6, STM32WBA52CEU6, STM32WBA52CEU6T, STM32WBA52CGU6, STM32WBA52CGU6T, STM32WBA52KEU6, STM32WBA52KEU6T, STM32WBA52KGU6, STM32WBA52KGU6T, STM32WL5MOCH6, STM32WL5MOCH6TR]
2024-01-17 11:34:37,658 [INFO] DbMcus:217 - Found 3848 MCUs, 3848 are supported
2024-01-17 11:34:37,660 [INFO] ApiDb:423 - Load user favorites file C:\Users\jespe/.stm32cubeide/favorites.mcus.txt: 0 item(s)
2024-01-17 11:34:37,660 [INFO] ApiDb:427 - User favorites MCUs=[]
2024-01-17 11:34:37,660 [INFO] DbMcus:223 - Set 0 / 0 favorites MCUs
2024-01-17 11:34:37,960 [WARN] ThirdParty:833 - waiting for thirdparty lock release [change project]
2024-01-17 11:34:37,960 [INFO] ThirdParty:835 - entering critical section [change project]
2024-01-17 11:34:37,961 [INFO] ThirdParty:1030 - CMSIS Pack Vendor :STMicroelectronics X-CUBE-ISPU 1.1.0
2024-01-17 11:34:37,961 [INFO] ThirdParty:1030 - CMSIS Pack Vendor :STMicroelectronics USBPD 4.1
2024-01-17 11:34:37,961 [INFO] ThirdParty:1030 - CMSIS Pack Vendor :STMicroelectronics X-CUBE-GNSS1 6.0.0
2024-01-17 11:34:37,961 [INFO] ThirdParty:1030 - CMSIS Pack Vendor :STMicroelectronics USB_HOST 2.0.0
2024-01-17 11:34:37,961 [INFO] ThirdParty:1030 - CMSIS Pack Vendor :STMicroelectronics X-CUBE-AZRTOS-F4 1.1.0
2024-01-17 11:34:37,961 [INFO] ThirdParty:1030 - CMSIS Pack Vendor :STMicroelectronics LIBJPEG 8.0.0
2024-01-17 11:34:37,961 [INFO] ThirdParty:1030 - CMSIS Pack Vendor :wolfSSL I-CUBE-wolfSSL 5.6.3
2024-01-17 11:34:37,961 [INFO] ThirdParty:1030 - CMSIS Pack Vendor :STMicroelectronics X-CUBE-SMBUS 2.1.0
2024-01-17 11:34:37,961 [INFO] ThirdParty:1030 - CMSIS Pack Vendor :STMicroelectronics USB_DEVICE 3.0.0
2024-01-17 11:34:37,961 [INFO] ThirdParty:1030 - CMSIS Pack Vendor :STMicroelectronics X-CUBE-AZRTOS-WB 2.0.0
2024-01-17 11:34:37,961 [INFO] ThirdParty:1030 - CMSIS Pack Vendor :STMicroelectronics X-CUBE-TOUCHGFX 4.23.0
2024-01-17 11:34:37,961 [INFO] ThirdParty:1030 - CMSIS Pack Vendor :STMicroelectronics X-CUBE-AZRTOS-F7 1.1.0
2024-01-17 11:34:37,961 [INFO] ThirdParty:1030 - CMSIS Pack Vendor :STMicroelectronics X-CUBE-AZRTOS-L5 2.0.0
2024-01-17 11:34:37,961 [INFO] ThirdParty:1030 - CMSIS Pack Vendor :STMicroelectronics USB_DEVICE 2.0.0
2024-01-17 11:34:37,961 [INFO] ThirdParty:1030 - CMSIS Pack Vendor :STMicroelectronics X-CUBE-MEMS1 9.6.0
2024-01-17 11:34:37,961 [INFO] ThirdParty:1030 - CMSIS Pack Vendor :STMicroelectronics X-CUBE-EEPRMA1 4.2.0
2024-01-17 11:34:37,961 [INFO] ThirdParty:1030 - CMSIS Pack Vendor :ITTIA_DB I-CUBE-ITTIADB 8.8.0
2024-01-17 11:34:37,961 [INFO] ThirdParty:1030 - CMSIS Pack Vendor :STMicroelectronics FP-SNS-MOTENV1 4.3.2
2024-01-17 11:34:37,961 [INFO] ThirdParty:1030 - CMSIS Pack Vendor :STMicroelectronics X-CUBE-ALGOBUILD 1.3.0
2024-01-17 11:34:37,961 [INFO] ThirdParty:1030 - CMSIS Pack Vendor :STMicroelectronics FreeRTOS 0.0.1
2024-01-17 11:34:37,962 [INFO] ThirdParty:1030 - CMSIS Pack Vendor :STMicroelectronics X-CUBE-AZRTOS-G0 1.1.0
2024-01-17 11:34:37,962 [INFO] ThirdParty:1030 - CMSIS Pack Vendor :STMicroelectronics X-CUBE-BLEMGR 2.0.0
2024-01-17 11:34:37,962 [INFO] ThirdParty:1030 - CMSIS Pack Vendor :STMicroelectronics X-CUBE-NFC4 3.0.0
2024-01-17 11:34:37,962 [INFO] ThirdParty:1030 - CMSIS Pack Vendor :STMicroelectronics X-CUBE-SUBG2 5.0.0
2024-01-17 11:34:37,962 [INFO] ThirdParty:1030 - CMSIS Pack Vendor :STMicroelectronics STM32_WPAN 1.0.0
2024-01-17 11:34:37,962 [INFO] ThirdParty:1030 - CMSIS Pack Vendor :STMicroelectronics lwIP 2.0.3
2024-01-17 11:34:37,962 [INFO] ThirdParty:1030 - CMSIS Pack Vendor :STMicroelectronics FP-SNS-FLIGHT1 5.0.2
2024-01-17 11:34:37,962 [INFO] ThirdParty:1030 - CMSIS Pack Vendor :STMicroelectronics USB_HOST 1.0.0
2024-01-17 11:34:37,962 [INFO] ThirdParty:1030 - CMSIS Pack Vendor :STMicroelectronics X-CUBE-TOF1 3.3.1
2024-01-17 11:34:37,962 [INFO] ThirdParty:1030 - CMSIS Pack Vendor :STMicroelectronics X-CUBE-AZRTOS-G4 2.0.0
2024-01-17 11:34:37,962 [INFO] ThirdParty:1030 - CMSIS Pack Vendor :STMicroelectronics PDM2PCM 3.1.0
2024-01-17 11:34:37,962 [INFO] ThirdParty:1030 - CMSIS Pack Vendor :STMicroelectronics X-CUBE-AZRTOS-H7 3.1.0
2024-01-17 11:34:37,962 [INFO] ThirdParty:1030 - CMSIS Pack Vendor :Infineon AIROC-Wi-Fi-Bluetooth-STM32 1.5.1
2024-01-17 11:34:37,962 [INFO] ThirdParty:1030 - CMSIS Pack Vendor :STMicroelectronics X-CUBE-BLEMGR 3.0.0
2024-01-17 11:34:37,962 [INFO] ThirdParty:1030 - CMSIS Pack Vendor :STMicroelectronics PDM2PCM 3.3.0
2024-01-17 11:34:37,962 [INFO] ThirdParty:1030 - CMSIS Pack Vendor :STMicroelectronics X-CUBE-DISPLAY 3.0.0
2024-01-17 11:34:37,962 [INFO] ThirdParty:1030 - CMSIS Pack Vendor :STMicroelectronics FP-SNS-MOTENVWB1 1.3.0
2024-01-17 11:34:37,962 [INFO] ThirdParty:1030 - CMSIS Pack Vendor :STMicroelectronics FP-SNS-MOTENVWB1 1.3.1
2024-01-17 11:34:37,963 [INFO] ThirdParty:1030 - CMSIS Pack Vendor :STMicroelectronics X-CUBE-BLE1 7.0.0
2024-01-17 11:34:37,963 [INFO] ThirdParty:1030 - CMSIS Pack Vendor :STMicroelectronics FP-ATR-SIGFOX1 3.2.0
2024-01-17 11:34:37,963 [INFO] ThirdParty:1030 - CMSIS Pack Vendor :STMicroelectronics X-CUBE-ISPU 2.0.0
2024-01-17 11:34:37,963 [INFO] ThirdParty:1030 - CMSIS Pack Vendor :STMicroelectronics HAL Drivers 0.0.0
2024-01-17 11:34:37,963 [INFO] ThirdParty:1030 - CMSIS Pack Vendor :STMicroelectronics MBEDTLS 2.16.2
2024-01-17 11:34:37,963 [INFO] ThirdParty:1030 - CMSIS Pack Vendor :emotas I-CUBE-CANOPEN 1.3.0
2024-01-17 11:34:37,963 [INFO] ThirdParty:1030 - CMSIS Pack Vendor :STMicroelectronics X-CUBE-MEMS1 10.0.0
2024-01-17 11:34:37,963 [INFO] ThirdParty:1030 - CMSIS Pack Vendor :STMicroelectronics X-CUBE-FREERTOS 1.1.0
2024-01-17 11:34:37,963 [INFO] ThirdParty:1030 - CMSIS Pack Vendor :STMicroelectronics X-CUBE-TOUCHGFX 4.22.0
2024-01-17 11:34:37,963 [INFO] ThirdParty:1030 - CMSIS Pack Vendor :STMicroelectronics X-CUBE-NFC7 1.0.1
2024-01-17 11:34:37,963 [INFO] ThirdParty:1030 - CMSIS Pack Vendor :STMicroelectronics MBEDTLS 2.14.1
2024-01-17 11:34:37,963 [INFO] ThirdParty:1030 - CMSIS Pack Vendor :STMicroelectronics X-CUBE-TOUCHGFX 4.22.1
2024-01-17 11:34:37,963 [INFO] ThirdParty:1030 - CMSIS Pack Vendor :STMicroelectronics X-CUBE-NFC6 3.0.0
2024-01-17 11:34:37,963 [INFO] ThirdParty:1030 - CMSIS Pack Vendor :STMicroelectronics X-CUBE-EEPRMA1 4.1.0
2024-01-17 11:34:37,963 [INFO] ThirdParty:1030 - CMSIS Pack Vendor :portGmbH I-Cube-SoM-uGOAL 1.1.0
2024-01-17 11:34:37,964 [INFO] ThirdParty:1030 - CMSIS Pack Vendor :STMicroelectronics X-CUBE-ALS 1.0.1
2024-01-17 11:34:37,964 [INFO] ThirdParty:1030 - CMSIS Pack Vendor :STMicroelectronics ThreadX 1.0.0
2024-01-17 11:34:37,964 [INFO] ThirdParty:1030 - CMSIS Pack Vendor :STMicroelectronics FP-SNS-SMARTAG2 1.2.0
2024-01-17 11:34:37,964 [INFO] ThirdParty:1030 - CMSIS Pack Vendor :STMicroelectronics X-CUBE-AZRTOS-WL 2.0.0
2024-01-17 11:34:37,964 [INFO] ThirdParty:1030 - CMSIS Pack Vendor :SEGGER I-CUBE-embOS 1.3.1
2024-01-17 11:34:37,964 [INFO] ThirdParty:1030 - CMSIS Pack Vendor :STMicroelectronics USB_DEVICE 1.0.0
2024-01-17 11:34:37,964 [INFO] ThirdParty:1030 - CMSIS Pack Vendor :STMicroelectronics X-CUBE-AI 8.1.0
2024-01-17 11:34:37,964 [INFO] ThirdParty:1030 - CMSIS Pack Vendor :STMicroelectronics X-CUBE-AZRTOS-L4 2.0.0
2024-01-17 11:34:37,964 [INFO] ThirdParty:1030 - CMSIS Pack Vendor :STMicroelectronics ThreadX 0.0.2
2024-01-17 11:34:37,964 [INFO] ThirdParty:1030 - CMSIS Pack Vendor :WES I-CUBE-Cesium 1.3.0
2024-01-17 11:34:37,964 [INFO] ThirdParty:1030 - CMSIS Pack Vendor :STMicroelectronics FP-ATR-ASTRA1 2.0.0
2024-01-17 11:34:37,964 [INFO] ThirdParty:1030 - CMSIS Pack Vendor :STMicroelectronics lwIP 2.1.2
2024-01-17 11:34:37,964 [INFO] ThirdParty:1030 - CMSIS Pack Vendor :STMicroelectronics X-CUBE-SFXS2LP1 4.0.0
2024-01-17 11:34:37,964 [INFO] ThirdParty:1030 - CMSIS Pack Vendor :STMicroelectronics X-CUBE-BLE2 3.3.0
2024-01-17 11:34:37,964 [INFO] ThirdParty:1030 - CMSIS Pack Vendor :STMicroelectronics X-CUBE-TOF1 3.4.0
2024-01-17 11:34:37,964 [INFO] ThirdParty:1030 - CMSIS Pack Vendor :STMicroelectronics X-CUBE-AZRTOS-H7 3.2.0
2024-01-17 11:34:37,964 [INFO] ThirdParty:1030 - CMSIS Pack Vendor :STMicroelectronics PDM2PCM 3.2.0
2024-01-17 11:34:37,964 [INFO] ThirdParty:841 - exiting critical section [change project]
2024-01-17 11:34:38,248 [INFO] PinOutPanel:1499 - setPackage(No Configuration,No Configuration)
2024-01-17 11:34:38,250 [INFO] PinOutPanel:1499 - setPackage(STM32F072RBTx,LQFP64)
2024-01-17 11:34:38,937 [INFO] UtilMem:75 - Before build in PCC Used Memory: 656417600 Bytes (1027604480)
2024-01-17 11:34:39,572 [INFO] UtilMem:75 - After build in PCC Used Memory: 740187248 Bytes (1027604480)
2024-01-17 11:34:39,593 [INFO] IPUIPlugin:80 - create IPUIPlugin
2024-01-17 11:34:39,594 [INFO] IPUIPlugin:80 - create IPUIPlugin
2024-01-17 11:34:39,594 [INFO] IPUIPlugin:80 - create IPUIPlugin
2024-01-17 11:34:39,594 [INFO] IPUIPlugin:80 - create IPUIPlugin
2024-01-17 11:34:39,594 [INFO] IPUIPlugin:80 - create IPUIPlugin
2024-01-17 11:34:39,594 [INFO] IPUIPlugin:80 - create IPUIPlugin
2024-01-17 11:34:39,594 [INFO] IPUIPlugin:80 - create IPUIPlugin
2024-01-17 11:34:39,594 [INFO] IPUIPlugin:80 - create IPUIPlugin
2024-01-17 11:34:39,594 [INFO] IPUIPlugin:80 - create IPUIPlugin
2024-01-17 11:34:39,594 [INFO] IPUIPlugin:80 - create IPUIPlugin
2024-01-17 11:34:39,595 [INFO] IPUIPlugin:80 - create IPUIPlugin
2024-01-17 11:34:39,595 [INFO] IPUIPlugin:80 - create IPUIPlugin
2024-01-17 11:34:39,595 [INFO] IPUIPlugin:80 - create IPUIPlugin
2024-01-17 11:34:39,595 [INFO] IPUIPlugin:80 - create IPUIPlugin
2024-01-17 11:34:39,595 [INFO] IPUIPlugin:80 - create IPUIPlugin
2024-01-17 11:34:39,595 [INFO] IPUIPlugin:80 - create IPUIPlugin
2024-01-17 11:34:39,595 [INFO] IPUIPlugin:80 - create IPUIPlugin
2024-01-17 11:34:39,595 [INFO] IPUIPlugin:80 - create IPUIPlugin
2024-01-17 11:34:39,596 [INFO] IPUIPlugin:80 - create IPUIPlugin
2024-01-17 11:34:39,596 [INFO] IPUIPlugin:80 - create IPUIPlugin
2024-01-17 11:34:39,596 [INFO] IPUIPlugin:80 - create IPUIPlugin
2024-01-17 11:34:39,596 [INFO] IPUIPlugin:80 - create IPUIPlugin
2024-01-17 11:34:39,596 [INFO] IPUIPlugin:80 - create IPUIPlugin
2024-01-17 11:34:39,596 [INFO] IPUIPlugin:80 - create IPUIPlugin
2024-01-17 11:34:39,597 [INFO] IPUIPlugin:80 - create IPUIPlugin
2024-01-17 11:34:39,597 [INFO] IPUIPlugin:80 - create IPUIPlugin
2024-01-17 11:34:39,597 [INFO] IPUIPlugin:80 - create IPUIPlugin
2024-01-17 11:34:39,597 [INFO] IPUIPlugin:80 - create IPUIPlugin
2024-01-17 11:34:39,597 [INFO] IPUIPlugin:80 - create IPUIPlugin
2024-01-17 11:34:39,598 [INFO] IPUIPlugin:80 - create IPUIPlugin
2024-01-17 11:34:39,598 [INFO] IPUIPlugin:80 - create IPUIPlugin
2024-01-17 11:34:39,598 [INFO] IPUIPlugin:80 - create IPUIPlugin
2024-01-17 11:34:39,598 [INFO] IPUIPlugin:80 - create IPUIPlugin
2024-01-17 11:34:39,598 [INFO] IPUIPlugin:80 - create IPUIPlugin
2024-01-17 11:34:39,599 [INFO] IPUIPlugin:80 - create IPUIPlugin
2024-01-17 11:34:39,599 [INFO] IPUIPlugin:80 - create IPUIPlugin
2024-01-17 11:34:39,599 [INFO] IPUIPlugin:80 - create IPUIPlugin
2024-01-17 11:34:39,599 [INFO] IPUIPlugin:80 - create IPUIPlugin
2024-01-17 11:34:39,600 [INFO] IPUIPlugin:80 - create IPUIPlugin
2024-01-17 11:34:39,600 [INFO] IPUIPlugin:80 - create IPUIPlugin
2024-01-17 11:34:39,600 [INFO] IPUIPlugin:80 - create IPUIPlugin
2024-01-17 11:34:39,784 [INFO] CADModel:165 - CPN selected for project levelSTM32F072RBT6
2024-01-17 11:34:39,784 [INFO] CADModel:114 - Register for checkConnection events
2024-01-17 11:34:39,834 [INFO] OpenFileManager:328 - Restore cursor
2024-01-17 11:34:51,575 [INFO] NvicIntPanel:101 - NVIC parent = com.st.microxplorer.plugins.ip.nvic.MultiNvicIntPanel[,0,0,450x146,layout=javax.swing.BoxLayout,alignmentX=0.0,alignmentY=0.0,border=,flags=9,maximumSize=,minimumSize=,preferredSize=]
2024-01-17 11:36:26,494 [INFO] NvicIntPanel:101 - NVIC parent = com.st.microxplorer.plugins.ip.nvic.MultiNvicIntPanel[,0,0,0x0,invalid,layout=javax.swing.BoxLayout,alignmentX=0.0,alignmentY=0.0,border=,flags=9,maximumSize=,minimumSize=,preferredSize=]
2024-01-17 11:39:29,014 [INFO] UtilMem:75 - End SaveConfig() Used Memory: 792238776 Bytes (1027604480)
2024-01-17 11:39:30,391 [INFO] UtilMem:75 - End SaveConfig() Used Memory: 819981728 Bytes (1027604480)
2024-01-17 11:39:30,691 [INFO] UtilMem:75 - End SaveConfig() Used Memory: 842001824 Bytes (1027604480)
2024-01-17 11:39:31,042 [INFO] BlockDiagram:2759 - set Specific Code input for plugin: ADC
2024-01-17 11:39:31,042 [INFO] BlockDiagram:2759 - set Specific Code input for plugin: RTC
2024-01-17 11:39:31,042 [INFO] BlockDiagram:2759 - set Specific Code input for plugin: NVIC
2024-01-17 11:39:31,042 [INFO] BlockDiagram:2759 - set Specific Code input for plugin: USART
2024-01-17 11:39:31,042 [INFO] BlockDiagram:2759 - set Specific Code input for plugin: USART
2024-01-17 11:39:31,042 [INFO] BlockDiagram:2759 - set Specific Code input for plugin: DMA
2024-01-17 11:39:31,042 [INFO] BlockDiagram:2759 - set Specific Code input for plugin: SYS
2024-01-17 11:39:31,043 [INFO] BlockDiagram:2759 - set Specific Code input for plugin: GPIO
2024-01-17 11:39:31,043 [INFO] BlockDiagram:2759 - set Specific Code input for plugin: RCC
2024-01-17 11:39:31,043 [INFO] BlockDiagram:2759 - set Specific Code input for plugin: I2C
2024-01-17 11:39:31,044 [INFO] CodeGenerator:799 - code generatio: config db path: C:\ST\STM32CubeIDE_1.13.2\STM32CubeIDE\plugins\com.st.stm32cube.common.mx_6.9.2.202309101412\\db\
2024-01-17 11:39:31,337 [INFO] CodeEngine:255 - oldGeneratedFile, C:\Users\jespe\STM32CubeIDE\workspace_1.13.2\test\MXTmpFiles\license.tmp_save
2024-01-17 11:39:31,705 [INFO] CodeEngine:279 - Generated code: C:\Users\jespe\STM32CubeIDE\workspace_1.13.2\test\MXTmpFiles\license.tmp
2024-01-17 11:39:31,831 [INFO] CodeEngine:255 - oldGeneratedFile, C:\Users\jespe\STM32CubeIDE\workspace_1.13.2\test\MXTmpFiles\gpio.tmp_save
2024-01-17 11:39:31,942 [INFO] CodeEngine:279 - Generated code: C:\Users\jespe\STM32CubeIDE\workspace_1.13.2\test\MXTmpFiles\gpio.tmp
2024-01-17 11:39:32,301 [INFO] CodeEngine:255 - oldGeneratedFile, C:\Users\jespe\STM32CubeIDE\workspace_1.13.2\test\MXTmpFiles\dma.tmp_save
2024-01-17 11:39:32,379 [INFO] CodeEngine:279 - Generated code: C:\Users\jespe\STM32CubeIDE\workspace_1.13.2\test\MXTmpFiles\dma.tmp
2024-01-17 11:39:32,388 [INFO] CodeEngine:255 - oldGeneratedFile, C:\Users\jespe\STM32CubeIDE\workspace_1.13.2\test\MXTmpFiles\dma_GV.tmp_save
2024-01-17 11:39:32,447 [INFO] CodeEngine:279 - Generated code: C:\Users\jespe\STM32CubeIDE\workspace_1.13.2\test\MXTmpFiles\dma_GV.tmp
2024-01-17 11:39:32,476 [INFO] CodeEngine:255 - oldGeneratedFile, C:\Users\jespe\STM32CubeIDE\workspace_1.13.2\test\Core\Src\stm32f0xx_it.c_save
2024-01-17 11:39:32,608 [INFO] CodeEngine:279 - Generated code: C:\Users\jespe\STM32CubeIDE\workspace_1.13.2\test\Core\Src\stm32f0xx_it.c
2024-01-17 11:39:32,634 [INFO] CodeEngine:255 - oldGeneratedFile, C:\Users\jespe\STM32CubeIDE\workspace_1.13.2\test\Core\Inc\stm32f0xx_it.h_save
2024-01-17 11:39:32,746 [INFO] CodeEngine:279 - Generated code: C:\Users\jespe\STM32CubeIDE\workspace_1.13.2\test\Core\Inc\stm32f0xx_it.h
2024-01-17 11:39:32,777 [INFO] CodeEngine:255 - oldGeneratedFile, C:\Users\jespe\STM32CubeIDE\workspace_1.13.2\test\Core\Src\stm32f0xx_hal_msp.c_save
2024-01-17 11:39:32,912 [INFO] CodeEngine:279 - Generated code: C:\Users\jespe\STM32CubeIDE\workspace_1.13.2\test\Core\Src\stm32f0xx_hal_msp.c
2024-01-17 11:39:32,926 [INFO] CodeEngine:255 - oldGeneratedFile, C:\Users\jespe\STM32CubeIDE\workspace_1.13.2\test\MXTmpFiles\system.tmp_save
2024-01-17 11:39:32,991 [INFO] CodeEngine:279 - Generated code: C:\Users\jespe\STM32CubeIDE\workspace_1.13.2\test\MXTmpFiles\system.tmp
2024-01-17 11:39:33,016 [INFO] CodeEngine:311 - oldGeneratedFile, C:\Users\jespe\STM32CubeIDE\workspace_1.13.2\test\Core\Inc\stm32f0xx_hal_conf.h_save
2024-01-17 11:39:33,097 [INFO] CodeEngine:335 - Generated code: C:\Users\jespe\STM32CubeIDE\workspace_1.13.2\test\Core\Inc\stm32f0xx_hal_conf.h
2024-01-17 11:39:33,146 [INFO] CodeEngine:255 - oldGeneratedFile, C:\Users\jespe\STM32CubeIDE\workspace_1.13.2\test\Core\Inc\main.h_save
2024-01-17 11:39:33,245 [INFO] CodeEngine:279 - Generated code: C:\Users\jespe\STM32CubeIDE\workspace_1.13.2\test\Core\Inc\main.h
2024-01-17 11:39:33,263 [INFO] CodeEngine:255 - oldGeneratedFile, C:\Users\jespe\STM32CubeIDE\workspace_1.13.2\test\Core\Src\main.c_save
2024-01-17 11:39:33,432 [INFO] CodeEngine:279 - Generated code: C:\Users\jespe\STM32CubeIDE\workspace_1.13.2\test\Core\Src\main.c
2024-01-17 11:39:33,748 [INFO] ProjectBuilder:3064 - Time for Copy HAL[2] : 0mS.
2024-01-17 11:39:33,757 [INFO] ProjectBuilder:4404 - Project Generator version: 4.1.0
2024-01-17 11:39:33,968 [INFO] ConfigFileManager:1457 - The Die is : DIE448
2024-01-17 11:39:33,981 [INFO] ApiDbMcu:507 - Load IP Config File for FATFS
2024-01-17 11:39:33,991 [INFO] ApiDbMcu:507 - Load IP Config File for FREERTOS
2024-01-17 11:39:34,008 [INFO] ApiDbMcu:507 - Load IP Config File for TOUCHSENSING
2024-01-17 11:39:34,018 [INFO] ApiDbMcu:507 - Load IP Config File for USB_DEVICE
2024-01-17 11:39:35,023 [INFO] LogOutputStream:77 - [STDOUT_REDIRECT] 
2024-01-17 11:39:37,147 [INFO] ProjectBuilder:4626 - Time for Generating toolchain IDE Files: 3389mS.
2024-01-17 11:39:37,147 [INFO] ProjectBuilder:2935 - Time for Copy CMSIS : 0mS.
2024-01-17 11:39:37,151 [INFO] ProjectBuilder:2935 - Time for Copy CMSIS : 0mS.
2024-01-17 12:05:55,510 [INFO] NvicIntPanel:101 - NVIC parent = com.st.microxplorer.plugins.ip.nvic.MultiNvicIntPanel[,0,0,515x173,layout=javax.swing.BoxLayout,alignmentX=0.0,alignmentY=0.0,border=,flags=9,maximumSize=,minimumSize=,preferredSize=]
2024-01-17 12:07:26,991 [INFO] Gpio:273 - dependency for GPIO [I2C1, RCC, SYS, USART1, USART2]
2024-01-17 12:07:27,956 [INFO] Gpio:273 - dependency for GPIO [I2C1, RCC, SYS, USART1, USART2]
2024-01-17 12:07:28,000 [INFO] NvicIntPanel:101 - NVIC parent = com.st.microxplorer.plugins.ip.nvic.MultiNvicIntPanel[,0,0,0x0,invalid,layout=javax.swing.BoxLayout,alignmentX=0.0,alignmentY=0.0,border=,flags=9,maximumSize=,minimumSize=,preferredSize=]
2024-01-17 12:07:30,150 [INFO] Gpio:273 - dependency for GPIO [I2C1, RCC, SYS, USART1, USART2]
2024-01-17 12:07:30,180 [INFO] NvicIntPanel:101 - NVIC parent = com.st.microxplorer.plugins.ip.nvic.MultiNvicIntPanel[,0,0,0x0,invalid,layout=javax.swing.BoxLayout,alignmentX=0.0,alignmentY=0.0,border=,flags=9,maximumSize=,minimumSize=,preferredSize=]
2024-01-17 12:09:10,396 [INFO] I2cTimingTraitement:330 - 0x2000090E
2024-01-17 12:09:16,231 [INFO] NvicIntPanel:101 - NVIC parent = com.st.microxplorer.plugins.ip.nvic.MultiNvicIntPanel[,0,0,0x0,invalid,layout=javax.swing.BoxLayout,alignmentX=0.0,alignmentY=0.0,border=,flags=9,maximumSize=,minimumSize=,preferredSize=]
2024-01-17 12:09:21,148 [INFO] NvicIntPanel:101 - NVIC parent = com.st.microxplorer.plugins.ip.nvic.MultiNvicIntPanel[,0,0,0x0,invalid,layout=javax.swing.BoxLayout,alignmentX=0.0,alignmentY=0.0,border=,flags=9,maximumSize=,minimumSize=,preferredSize=]
2024-01-17 12:09:44,523 [INFO] NvicIntPanel:101 - NVIC parent = com.st.microxplorer.plugins.ip.nvic.MultiNvicIntPanel[,0,0,0x0,invalid,layout=javax.swing.BoxLayout,alignmentX=0.0,alignmentY=0.0,border=,flags=9,maximumSize=,minimumSize=,preferredSize=]
2024-01-17 12:09:47,635 [INFO] NvicIntPanel:101 - NVIC parent = com.st.microxplorer.plugins.ip.nvic.MultiNvicIntPanel[,0,0,0x0,invalid,layout=javax.swing.BoxLayout,alignmentX=0.0,alignmentY=0.0,border=,flags=9,maximumSize=,minimumSize=,preferredSize=]
2024-01-17 12:09:52,055 [INFO] NvicIntPanel:101 - NVIC parent = com.st.microxplorer.plugins.ip.nvic.MultiNvicIntPanel[,0,0,0x0,invalid,layout=javax.swing.BoxLayout,alignmentX=0.0,alignmentY=0.0,border=,flags=9,maximumSize=,minimumSize=,preferredSize=]
2024-01-17 12:11:08,189 [INFO] UtilMem:75 - End SaveConfig() Used Memory: 626426136 Bytes (1073741824)
2024-01-17 12:11:09,610 [INFO] UtilMem:75 - End SaveConfig() Used Memory: 648968472 Bytes (1073741824)
2024-01-17 12:11:09,736 [INFO] UtilMem:75 - End SaveConfig() Used Memory: 671514904 Bytes (1073741824)
2024-01-17 12:11:09,896 [INFO] BlockDiagram:2759 - set Specific Code input for plugin: ADC
2024-01-17 12:11:09,896 [INFO] BlockDiagram:2759 - set Specific Code input for plugin: RTC
2024-01-17 12:11:09,896 [INFO] BlockDiagram:2759 - set Specific Code input for plugin: NVIC
2024-01-17 12:11:09,896 [INFO] BlockDiagram:2759 - set Specific Code input for plugin: USART
2024-01-17 12:11:09,896 [INFO] BlockDiagram:2759 - set Specific Code input for plugin: USART
2024-01-17 12:11:09,896 [INFO] BlockDiagram:2759 - set Specific Code input for plugin: DMA
2024-01-17 12:11:09,896 [INFO] BlockDiagram:2759 - set Specific Code input for plugin: SYS
2024-01-17 12:11:09,897 [INFO] BlockDiagram:2759 - set Specific Code input for plugin: GPIO
2024-01-17 12:11:09,897 [INFO] BlockDiagram:2759 - set Specific Code input for plugin: RCC
2024-01-17 12:11:09,897 [INFO] BlockDiagram:2759 - set Specific Code input for plugin: I2C
2024-01-17 12:11:09,899 [INFO] CodeGenerator:799 - code generatio: config db path: C:\ST\STM32CubeIDE_1.13.2\STM32CubeIDE\plugins\com.st.stm32cube.common.mx_6.9.2.202309101412\\db\
2024-01-17 12:11:09,900 [INFO] Argument:319 - Argument : hdmavalue: null
2024-01-17 12:11:09,900 [INFO] Argument:321 - 	 sub Args: 
2024-01-17 12:11:09,901 [INFO] Argument:319 - Argument : Instancevalue: DMA1_Channel1
2024-01-17 12:11:09,901 [INFO] Argument:329 - Argument : Instancevalue: DMA1_Channel1
2024-01-17 12:11:09,901 [INFO] Argument:319 - Argument : Initvalue: null
2024-01-17 12:11:09,901 [INFO] Argument:321 - 	 sub Args: 
2024-01-17 12:11:09,901 [INFO] Argument:319 - Argument : Directionvalue: DMA_PERIPH_TO_MEMORY
2024-01-17 12:11:09,901 [INFO] Argument:329 - Argument : Directionvalue: DMA_PERIPH_TO_MEMORY
2024-01-17 12:11:09,901 [INFO] Argument:319 - Argument : PeriphIncvalue: DMA_PINC_DISABLE
2024-01-17 12:11:09,901 [INFO] Argument:329 - Argument : PeriphIncvalue: DMA_PINC_DISABLE
2024-01-17 12:11:09,901 [INFO] Argument:319 - Argument : MemIncvalue: DMA_MINC_ENABLE
2024-01-17 12:11:09,901 [INFO] Argument:329 - Argument : MemIncvalue: DMA_MINC_ENABLE
2024-01-17 12:11:09,901 [INFO] Argument:319 - Argument : PeriphDataAlignmentvalue: DMA_PDATAALIGN_HALFWORD
2024-01-17 12:11:09,901 [INFO] Argument:329 - Argument : PeriphDataAlignmentvalue: DMA_PDATAALIGN_HALFWORD
2024-01-17 12:11:09,901 [INFO] Argument:319 - Argument : MemDataAlignmentvalue: DMA_MDATAALIGN_HALFWORD
2024-01-17 12:11:09,901 [INFO] Argument:329 - Argument : MemDataAlignmentvalue: DMA_MDATAALIGN_HALFWORD
2024-01-17 12:11:09,901 [INFO] Argument:319 - Argument : Modevalue: DMA_NORMAL
2024-01-17 12:11:09,901 [INFO] Argument:329 - Argument : Modevalue: DMA_NORMAL
2024-01-17 12:11:09,901 [INFO] Argument:319 - Argument : Priorityvalue: DMA_PRIORITY_LOW
2024-01-17 12:11:09,901 [INFO] Argument:329 - Argument : Priorityvalue: DMA_PRIORITY_LOW
2024-01-17 12:11:09,901 [INFO] Argument:319 - Argument : Lockvalue: null
2024-01-17 12:11:09,901 [INFO] Argument:329 - Argument : Lockvalue: null
2024-01-17 12:11:09,901 [INFO] Argument:319 - Argument : Statevalue: null
2024-01-17 12:11:09,901 [INFO] Argument:329 - Argument : Statevalue: null
2024-01-17 12:11:09,902 [INFO] Argument:319 - Argument : Parentvalue: null
2024-01-17 12:11:09,902 [INFO] Argument:329 - Argument : Parentvalue: null
2024-01-17 12:11:09,902 [INFO] Argument:319 - Argument : XferCpltCallbackvalue: null
2024-01-17 12:11:09,902 [INFO] Argument:329 - Argument : XferCpltCallbackvalue: null
2024-01-17 12:11:09,902 [INFO] Argument:319 - Argument : XferHalfCpltCallbackvalue: null
2024-01-17 12:11:09,902 [INFO] Argument:329 - Argument : XferHalfCpltCallbackvalue: null
2024-01-17 12:11:09,902 [INFO] Argument:319 - Argument : XferErrorCallbackvalue: null
2024-01-17 12:11:09,902 [INFO] Argument:329 - Argument : XferErrorCallbackvalue: null
2024-01-17 12:11:09,902 [INFO] Argument:319 - Argument : ErrorCodevalue: null
2024-01-17 12:11:09,902 [INFO] Argument:329 - Argument : ErrorCodevalue: null
2024-01-17 12:11:09,902 [INFO] Argument:319 - Argument : DMA_Remapvalue: null
2024-01-17 12:11:09,902 [INFO] Argument:329 - Argument : DMA_Remapvalue: null
2024-01-17 12:11:10,002 [INFO] CodeEngine:255 - oldGeneratedFile, C:\Users\jespe\STM32CubeIDE\workspace_1.13.2\test\MXTmpFiles\license.tmp_save
2024-01-17 12:11:10,091 [INFO] CodeEngine:279 - Generated code: C:\Users\jespe\STM32CubeIDE\workspace_1.13.2\test\MXTmpFiles\license.tmp
2024-01-17 12:11:10,128 [INFO] CodeEngine:255 - oldGeneratedFile, C:\Users\jespe\STM32CubeIDE\workspace_1.13.2\test\MXTmpFiles\gpio.tmp_save
2024-01-17 12:11:10,221 [INFO] CodeEngine:279 - Generated code: C:\Users\jespe\STM32CubeIDE\workspace_1.13.2\test\MXTmpFiles\gpio.tmp
2024-01-17 12:11:10,536 [INFO] CodeEngine:255 - oldGeneratedFile, C:\Users\jespe\STM32CubeIDE\workspace_1.13.2\test\MXTmpFiles\dma.tmp_save
2024-01-17 12:11:10,624 [INFO] CodeEngine:279 - Generated code: C:\Users\jespe\STM32CubeIDE\workspace_1.13.2\test\MXTmpFiles\dma.tmp
2024-01-17 12:11:10,629 [INFO] CodeEngine:255 - oldGeneratedFile, C:\Users\jespe\STM32CubeIDE\workspace_1.13.2\test\MXTmpFiles\dma_GV.tmp_save
2024-01-17 12:11:10,682 [INFO] CodeEngine:279 - Generated code: C:\Users\jespe\STM32CubeIDE\workspace_1.13.2\test\MXTmpFiles\dma_GV.tmp
2024-01-17 12:11:10,705 [INFO] CodeEngine:255 - oldGeneratedFile, C:\Users\jespe\STM32CubeIDE\workspace_1.13.2\test\Core\Src\stm32f0xx_it.c_save
2024-01-17 12:11:10,869 [INFO] CodeEngine:279 - Generated code: C:\Users\jespe\STM32CubeIDE\workspace_1.13.2\test\Core\Src\stm32f0xx_it.c
2024-01-17 12:11:10,881 [INFO] CodeEngine:255 - oldGeneratedFile, C:\Users\jespe\STM32CubeIDE\workspace_1.13.2\test\Core\Inc\stm32f0xx_it.h_save
2024-01-17 12:11:10,946 [INFO] CodeEngine:279 - Generated code: C:\Users\jespe\STM32CubeIDE\workspace_1.13.2\test\Core\Inc\stm32f0xx_it.h
2024-01-17 12:11:10,970 [INFO] CodeEngine:255 - oldGeneratedFile, C:\Users\jespe\STM32CubeIDE\workspace_1.13.2\test\Core\Src\stm32f0xx_hal_msp.c_save
2024-01-17 12:11:11,094 [INFO] CodeEngine:279 - Generated code: C:\Users\jespe\STM32CubeIDE\workspace_1.13.2\test\Core\Src\stm32f0xx_hal_msp.c
2024-01-17 12:11:11,103 [INFO] CodeEngine:255 - oldGeneratedFile, C:\Users\jespe\STM32CubeIDE\workspace_1.13.2\test\MXTmpFiles\system.tmp_save
2024-01-17 12:11:11,155 [INFO] CodeEngine:279 - Generated code: C:\Users\jespe\STM32CubeIDE\workspace_1.13.2\test\MXTmpFiles\system.tmp
2024-01-17 12:11:11,169 [INFO] CodeEngine:311 - oldGeneratedFile, C:\Users\jespe\STM32CubeIDE\workspace_1.13.2\test\Core\Inc\stm32f0xx_hal_conf.h_save
2024-01-17 12:11:11,250 [INFO] CodeEngine:335 - Generated code: C:\Users\jespe\STM32CubeIDE\workspace_1.13.2\test\Core\Inc\stm32f0xx_hal_conf.h
2024-01-17 12:11:11,292 [INFO] CodeEngine:255 - oldGeneratedFile, C:\Users\jespe\STM32CubeIDE\workspace_1.13.2\test\Core\Inc\main.h_save
2024-01-17 12:11:11,379 [INFO] CodeEngine:279 - Generated code: C:\Users\jespe\STM32CubeIDE\workspace_1.13.2\test\Core\Inc\main.h
2024-01-17 12:11:11,391 [INFO] CodeEngine:255 - oldGeneratedFile, C:\Users\jespe\STM32CubeIDE\workspace_1.13.2\test\Core\Src\main.c_save
2024-01-17 12:11:11,535 [INFO] CodeEngine:279 - Generated code: C:\Users\jespe\STM32CubeIDE\workspace_1.13.2\test\Core\Src\main.c
2024-01-17 12:11:11,814 [INFO] ProjectBuilder:3064 - Time for Copy HAL[2] : 1mS.
2024-01-17 12:11:11,818 [INFO] ProjectBuilder:4404 - Project Generator version: 4.1.0
2024-01-17 12:11:12,000 [INFO] ConfigFileManager:1457 - The Die is : DIE448
2024-01-17 12:11:13,425 [INFO] ProjectBuilder:4626 - Time for Generating toolchain IDE Files: 1607mS.
2024-01-17 12:11:13,425 [INFO] ProjectBuilder:2935 - Time for Copy CMSIS : 0mS.
2024-01-17 12:11:13,430 [INFO] ProjectBuilder:2935 - Time for Copy CMSIS : 0mS.
