2024-01-11 10:45:37,005 [INFO] Activator:176 - 


2024-01-11 10:45:37,005 [INFO] Activator:177 - !SESSION log4j initialized
2024-01-11 10:45:42,438 [INFO] LogOutputStream:77 - [STDOUT_REDIRECT] 
2024-01-11 10:45:43,442 [INFO] ApplicationProperties:184 - Using Application install path: C:\ST\STM32CubeIDE_1.13.2\STM32CubeIDE\plugins\com.st.stm32cube.common.mx_6.9.2.202309101412
2024-01-11 10:45:43,466 [INFO] DbMcusXml:78 - Set database path to: C:\ST\STM32CubeIDE_1.13.2\STM32CubeIDE\plugins\com.st.stm32cube.common.mx_6.9.2.202309101412\\db\/mcu/
2024-01-11 10:45:43,467 [INFO] ApiDb:274 - Set plugin database path to: C:\ST\STM32CubeIDE_1.13.2\STM32CubeIDE\plugins\com.st.stm32cube.common.mx_6.9.2.202309101412\\db\/plugins/boardmanager/
2024-01-11 10:45:43,468 [WARN] ApiDb:259 - Overriding images path with different value:  => C:\ST\STM32CubeIDE_1.13.2\STM32CubeIDE\plugins\com.st.stm32cube.common.mx_6.9.2.202309101412\\db\/plugins/mcufinder/images/
2024-01-11 10:45:43,484 [INFO] ApiDb:250 - Set database path to: C:\Users\jespe\.stmcufinder\plugins\mcufinder//mcu/
2024-01-11 10:45:43,486 [INFO] DbMcusAds:125 - Set database path to: C:\Users\jespe\.stmcufinder\plugins\mcufinder//mcu/
2024-01-11 10:45:43,488 [INFO] CrossReferenceDbSqlite:203 - Set database path to: C:\Users\jespe\.stmcufinder\plugins\mcufinder//mcu/cs/
2024-01-11 10:45:43,671 [INFO] RulesReader:64 - Compatibility file has been processed (293 Rules)
2024-01-11 10:45:43,773 [INFO] DbMcusXml:78 - Set database path to: C:\ST\STM32CubeIDE_1.13.2\STM32CubeIDE\plugins\com.st.stm32cube.common.mx_6.9.2.202309101412\\db\/mcu/
2024-01-11 10:45:43,773 [INFO] ApiDb:274 - Set plugin database path to: C:\ST\STM32CubeIDE_1.13.2\STM32CubeIDE\plugins\com.st.stm32cube.common.mx_6.9.2.202309101412\\db\/plugins/boardmanager/
2024-01-11 10:45:43,773 [INFO] ApiDb:261 - Set plugin images path to: C:\ST\STM32CubeIDE_1.13.2\STM32CubeIDE\plugins\com.st.stm32cube.common.mx_6.9.2.202309101412\\db\/plugins/mcufinder/images/
2024-01-11 10:45:43,773 [WARN] DbFile:41 - Overriding database path with different value: C:\Users\jespe\.stmcufinder\plugins\mcufinder/ => C:\Users\jespe\.stmcufinder\plugins\mcufinder
2024-01-11 10:45:43,773 [INFO] ApiDb:250 - Set database path to: C:\Users\jespe\.stmcufinder\plugins\mcufinder//mcu/
2024-01-11 10:45:43,773 [WARN] DbFile:41 - Overriding database path with different value: C:\Users\jespe\.stmcufinder\plugins\mcufinder/ => C:\Users\jespe\.stmcufinder\plugins\mcufinder
2024-01-11 10:45:43,773 [INFO] DbMcusAds:125 - Set database path to: C:\Users\jespe\.stmcufinder\plugins\mcufinder//mcu/
2024-01-11 10:45:43,773 [WARN] DbFile:41 - Overriding database path with different value: C:\Users\jespe\.stmcufinder\plugins\mcufinder/ => C:\Users\jespe\.stmcufinder\plugins\mcufinder
2024-01-11 10:45:43,774 [WARN] DbFile:41 - Overriding database path with different value: C:\Users\jespe\.stmcufinder\plugins\mcufinder/ => C:\Users\jespe\.stmcufinder\plugins\mcufinder
2024-01-11 10:45:43,774 [INFO] CrossReferenceDbSqlite:203 - Set database path to: C:\Users\jespe\.stmcufinder\plugins\mcufinder//mcu/cs/
2024-01-11 10:45:43,860 [INFO] MainPanel:262 - HeapMemory: 268435456
2024-01-11 10:45:43,981 [INFO] DbMcusXml:78 - Set database path to: C:\ST\STM32CubeIDE_1.13.2\STM32CubeIDE\plugins\com.st.stm32cube.common.mx_6.9.2.202309101412\\db\/mcu/
2024-01-11 10:45:43,981 [INFO] ApiDb:274 - Set plugin database path to: C:\ST\STM32CubeIDE_1.13.2\STM32CubeIDE\plugins\com.st.stm32cube.common.mx_6.9.2.202309101412\\db\/plugins/boardmanager/
2024-01-11 10:45:43,981 [INFO] ApiDb:261 - Set plugin images path to: C:\ST\STM32CubeIDE_1.13.2\STM32CubeIDE\plugins\com.st.stm32cube.common.mx_6.9.2.202309101412\\db\/plugins/mcufinder/images/
2024-01-11 10:45:43,982 [WARN] DbFile:41 - Overriding database path with different value: C:\Users\jespe\.stmcufinder\plugins\mcufinder/ => C:\Users\jespe\.stmcufinder\plugins\mcufinder
2024-01-11 10:45:43,982 [INFO] ApiDb:250 - Set database path to: C:\Users\jespe\.stmcufinder\plugins\mcufinder//mcu/
2024-01-11 10:45:43,982 [WARN] DbFile:41 - Overriding database path with different value: C:\Users\jespe\.stmcufinder\plugins\mcufinder/ => C:\Users\jespe\.stmcufinder\plugins\mcufinder
2024-01-11 10:45:43,982 [INFO] DbMcusAds:125 - Set database path to: C:\Users\jespe\.stmcufinder\plugins\mcufinder//mcu/
2024-01-11 10:45:43,982 [WARN] DbFile:41 - Overriding database path with different value: C:\Users\jespe\.stmcufinder\plugins\mcufinder/ => C:\Users\jespe\.stmcufinder\plugins\mcufinder
2024-01-11 10:45:43,982 [WARN] DbFile:41 - Overriding database path with different value: C:\Users\jespe\.stmcufinder\plugins\mcufinder/ => C:\Users\jespe\.stmcufinder\plugins\mcufinder
2024-01-11 10:45:43,983 [INFO] CrossReferenceDbSqlite:203 - Set database path to: C:\Users\jespe\.stmcufinder\plugins\mcufinder//mcu/cs/
2024-01-11 10:45:44,004 [INFO] ApplicationProperties:184 - Using Application install path: C:\ST\STM32CubeIDE_1.13.2\STM32CubeIDE\plugins\com.st.stm32cube.common.mx_6.9.2.202309101412
2024-01-11 10:45:44,005 [INFO] PluginManage:196 - Search for loadable plugins [exclusion list=, ]
2024-01-11 10:45:44,007 [INFO] PluginManage:310 - Check plugin analytics
2024-01-11 10:45:44,176 [INFO] AnalyticsPlugin:253 - Accepted Software Licenses: 
2024-01-11 10:45:44,177 [INFO] AnalyticsPlugin:255 - Accepted CMSIS Pack Licenses: 
2024-01-11 10:45:44,177 [INFO] AnalyticsPlugin:257 - Accepted Firmware Licenses: 
2024-01-11 10:45:44,179 [INFO] PluginManage:359 - Loaded plugin analytics (category:tool,tabindex:-1)
2024-01-11 10:45:44,179 [INFO] PluginManage:310 - Check plugin cadmodel
2024-01-11 10:45:44,193 [INFO] CADModel:105 - Init CAD model plugin
2024-01-11 10:45:44,194 [INFO] PluginManage:359 - Loaded plugin cadmodel (category:power,tabindex:5)
2024-01-11 10:45:44,194 [INFO] PluginManage:310 - Check plugin clock
2024-01-11 10:45:44,214 [INFO] PluginManage:359 - Loaded plugin clock (category:base,tabindex:2)
2024-01-11 10:45:44,214 [INFO] PluginManage:310 - Check plugin ddr
2024-01-11 10:45:44,216 [INFO] PluginManage:359 - Loaded plugin ddr (category:tool,tabindex:6)
2024-01-11 10:45:44,217 [INFO] PluginManage:310 - Check plugin filemanager
2024-01-11 10:45:44,328 [INFO] PluginManage:359 - Loaded plugin filemanager (category:base,tabindex:10)
2024-01-11 10:45:44,328 [INFO] PluginManage:310 - Check plugin ipmanager
2024-01-11 10:45:44,339 [INFO] PluginManage:359 - Loaded plugin ipmanager (category:base,tabindex:5)
2024-01-11 10:45:44,340 [INFO] PluginManage:310 - Check plugin lpbam
2024-01-11 10:45:44,355 [INFO] PluginManage:359 - Loaded plugin lpbam (category:base,tabindex:0)
2024-01-11 10:45:44,355 [INFO] PluginManage:310 - Check plugin memorymap
2024-01-11 10:45:44,382 [INFO] PluginManage:359 - Loaded plugin memorymap (category:base,tabindex:4)
2024-01-11 10:45:44,382 [INFO] PluginManage:310 - Check plugin pinoutandconfiguration
2024-01-11 10:45:44,397 [INFO] PluginManage:359 - Loaded plugin pinoutandconfiguration (category:base,tabindex:1)
2024-01-11 10:45:44,397 [INFO] PluginManage:310 - Check plugin pinoutconfig
2024-01-11 10:45:44,477 [WARN] SupportedApi:132 - Cannot load RTOS API schema: s4s-elt-must-match.1: The content of 'definitions' must match (annotation?, (simpleType | complexType)?, (unique | key | keyref)*)). A problem was found starting at: attribute.
2024-01-11 10:45:44,605 [INFO] PluginManage:359 - Loaded plugin pinoutconfig (category:base,tabindex:0)
2024-01-11 10:45:44,605 [INFO] PluginManage:310 - Check plugin power
2024-01-11 10:45:44,623 [INFO] PluginManage:359 - Loaded plugin power (category:power,tabindex:4)
2024-01-11 10:45:44,623 [INFO] PluginManage:310 - Check plugin projectmanager
2024-01-11 10:45:44,635 [INFO] PluginManage:359 - Loaded plugin projectmanager (category:projectmanager,tabindex:3)
2024-01-11 10:45:44,635 [INFO] PluginManage:310 - Check plugin thirdparty
2024-01-11 10:45:44,920 [INFO] PluginManage:359 - Loaded plugin thirdparty (category:base,tabindex:-1)
2024-01-11 10:45:44,920 [INFO] PluginManage:310 - Check plugin tools
2024-01-11 10:45:44,920 [WARN] IntegrityCheckThread:84 - waiting for thirdparty lock release [integrity check]
2024-01-11 10:45:44,920 [INFO] IntegrityCheckThread:86 - entering critical section [integrity check]
2024-01-11 10:45:44,921 [INFO] ThirdPartyUpdaterWithRetryManager:70 - Updater plugin not ready yet. [1/15]
2024-01-11 10:45:44,955 [INFO] PluginManage:359 - Loaded plugin tools (category:base,tabindex:7)
2024-01-11 10:45:44,956 [INFO] PluginManage:310 - Check plugin tutovideos
2024-01-11 10:45:45,187 [INFO] PluginManage:359 - Loaded plugin tutovideos (category:base,tabindex:-1)
2024-01-11 10:45:45,187 [INFO] PluginManage:310 - Check plugin updater
2024-01-11 10:45:45,199 [INFO] PluginManage:359 - Loaded plugin updater (category:base,tabindex:12)
2024-01-11 10:45:45,199 [INFO] PluginManage:310 - Check plugin userauth
2024-01-11 10:45:45,205 [INFO] UserAuth:113 - Init User Auth plugin
2024-01-11 10:45:45,205 [INFO] PluginManage:359 - Loaded plugin userauth (category:base,tabindex:14)
2024-01-11 10:45:45,206 [INFO] PluginManage:283 - PluginManage : Loaded plugins [17]
2024-01-11 10:45:45,444 [INFO] PinOutPanel:1499 - setPackage(No Configuration,No Configuration)
2024-01-11 10:45:45,554 [INFO] CADModel:165 - CPN selected for project level
2024-01-11 10:45:45,554 [INFO] CADModel:114 - Register for checkConnection events
2024-01-11 10:45:45,581 [INFO] IPUIPlugin:80 - create IPUIPlugin
2024-01-11 10:45:45,581 [INFO] PluginManager:220 - loadIPPluginJar : add adc
2024-01-11 10:45:45,614 [INFO] IPUIPlugin:80 - create IPUIPlugin
2024-01-11 10:45:45,615 [INFO] PluginManager:220 - loadIPPluginJar : add aes
2024-01-11 10:45:45,652 [INFO] IPUIPlugin:80 - create IPUIPlugin
2024-01-11 10:45:45,652 [INFO] PluginManager:220 - loadIPPluginJar : add can
2024-01-11 10:45:45,672 [INFO] IPUIPlugin:80 - create IPUIPlugin
2024-01-11 10:45:45,672 [INFO] PluginManager:220 - loadIPPluginJar : add comp
2024-01-11 10:45:45,703 [INFO] IPUIPlugin:80 - create IPUIPlugin
2024-01-11 10:45:45,703 [INFO] PluginManager:220 - loadIPPluginJar : add cryp
2024-01-11 10:45:45,729 [INFO] IPUIPlugin:80 - create IPUIPlugin
2024-01-11 10:45:45,729 [INFO] PluginManager:220 - loadIPPluginJar : add dfsdm
2024-01-11 10:45:45,742 [INFO] IPUIPlugin:80 - create IPUIPlugin
2024-01-11 10:45:45,743 [INFO] PluginManager:220 - loadIPPluginJar : add dma
2024-01-11 10:45:45,781 [INFO] IPUIPlugin:80 - create IPUIPlugin
2024-01-11 10:45:45,782 [INFO] PluginManager:220 - loadIPPluginJar : add dma3
2024-01-11 10:45:45,784 [INFO] IPUIPlugin:80 - create IPUIPlugin
2024-01-11 10:45:45,785 [INFO] PluginManager:220 - loadIPPluginJar : add fatfs
2024-01-11 10:45:45,830 [INFO] IPUIPlugin:80 - create IPUIPlugin
2024-01-11 10:45:45,830 [INFO] PluginManager:220 - loadIPPluginJar : add fmc
2024-01-11 10:45:45,846 [INFO] IPUIPlugin:80 - create IPUIPlugin
2024-01-11 10:45:45,846 [INFO] PluginManager:220 - loadIPPluginJar : add freertos
2024-01-11 10:45:45,864 [INFO] IPUIPlugin:80 - create IPUIPlugin
2024-01-11 10:45:45,865 [INFO] PluginManager:220 - loadIPPluginJar : add genericplugin
2024-01-11 10:45:45,945 [INFO] IPUIPlugin:80 - create IPUIPlugin
2024-01-11 10:45:45,945 [INFO] PluginManager:220 - loadIPPluginJar : add gfxmmu
2024-01-11 10:45:46,050 [INFO] IPUIPlugin:80 - create IPUIPlugin
2024-01-11 10:45:46,051 [INFO] PluginManager:220 - loadIPPluginJar : add gic
2024-01-11 10:45:46,062 [INFO] IPUIPlugin:80 - create IPUIPlugin
2024-01-11 10:45:46,062 [INFO] PluginManager:220 - loadIPPluginJar : add gpio
2024-01-11 10:45:46,129 [INFO] IPUIPlugin:80 - create IPUIPlugin
2024-01-11 10:45:46,129 [INFO] PluginManager:220 - loadIPPluginJar : add gtzc
2024-01-11 10:45:46,152 [INFO] IPUIPlugin:80 - create IPUIPlugin
2024-01-11 10:45:46,152 [INFO] PluginManager:220 - loadIPPluginJar : add hash
2024-01-11 10:45:46,189 [INFO] IPUIPlugin:80 - create IPUIPlugin
2024-01-11 10:45:46,189 [INFO] PluginManager:220 - loadIPPluginJar : add i2c
2024-01-11 10:45:46,218 [INFO] IPUIPlugin:80 - create IPUIPlugin
2024-01-11 10:45:46,218 [INFO] PluginManager:220 - loadIPPluginJar : add i2s
2024-01-11 10:45:46,249 [INFO] IPUIPlugin:80 - create IPUIPlugin
2024-01-11 10:45:46,249 [INFO] PluginManager:220 - loadIPPluginJar : add i3c
2024-01-11 10:45:46,350 [INFO] IPUIPlugin:80 - create IPUIPlugin
2024-01-11 10:45:46,350 [INFO] PluginManager:220 - loadIPPluginJar : add ipddr
2024-01-11 10:45:46,433 [INFO] IPUIPlugin:80 - create IPUIPlugin
2024-01-11 10:45:46,433 [INFO] PluginManager:220 - loadIPPluginJar : add linkedlist
2024-01-11 10:45:46,460 [INFO] IPUIPlugin:80 - create IPUIPlugin
2024-01-11 10:45:46,460 [INFO] PluginManager:220 - loadIPPluginJar : add lorawan
2024-01-11 10:45:46,488 [INFO] IPUIPlugin:80 - create IPUIPlugin
2024-01-11 10:45:46,488 [INFO] PluginManager:220 - loadIPPluginJar : add ltdc
2024-01-11 10:45:46,499 [INFO] IPUIPlugin:80 - create IPUIPlugin
2024-01-11 10:45:46,500 [INFO] PluginManager:220 - loadIPPluginJar : add mdma
2024-01-11 10:45:46,510 [INFO] IPUIPlugin:80 - create IPUIPlugin
2024-01-11 10:45:46,510 [INFO] PluginManager:220 - loadIPPluginJar : add nvic
2024-01-11 10:45:46,536 [INFO] IPUIPlugin:80 - create IPUIPlugin
2024-01-11 10:45:46,536 [INFO] PluginManager:220 - loadIPPluginJar : add opamp
2024-01-11 10:45:46,578 [INFO] IPUIPlugin:80 - create IPUIPlugin
2024-01-11 10:45:46,579 [INFO] PluginManager:220 - loadIPPluginJar : add openamp
2024-01-11 10:45:46,609 [INFO] IPUIPlugin:80 - create IPUIPlugin
2024-01-11 10:45:46,610 [INFO] PluginManager:220 - loadIPPluginJar : add pdm2pcm
2024-01-11 10:45:46,621 [INFO] IPUIPlugin:80 - create IPUIPlugin
2024-01-11 10:45:46,623 [INFO] PluginManager:220 - loadIPPluginJar : add plateformsettings
2024-01-11 10:45:46,639 [INFO] IPUIPlugin:80 - create IPUIPlugin
2024-01-11 10:45:46,639 [INFO] PluginManager:220 - loadIPPluginJar : add quadspi
2024-01-11 10:45:46,650 [INFO] IPUIPlugin:80 - create IPUIPlugin
2024-01-11 10:45:46,650 [INFO] PluginManager:220 - loadIPPluginJar : add resmgrutility
2024-01-11 10:45:46,688 [INFO] IPUIPlugin:80 - create IPUIPlugin
2024-01-11 10:45:46,688 [INFO] PluginManager:220 - loadIPPluginJar : add sai
2024-01-11 10:45:46,715 [INFO] IPUIPlugin:80 - create IPUIPlugin
2024-01-11 10:45:46,716 [INFO] PluginManager:220 - loadIPPluginJar : add spi
2024-01-11 10:45:46,759 [INFO] IPUIPlugin:80 - create IPUIPlugin
2024-01-11 10:45:46,759 [INFO] PluginManager:220 - loadIPPluginJar : add stm32_wpan
2024-01-11 10:45:46,776 [INFO] IPUIPlugin:80 - create IPUIPlugin
2024-01-11 10:45:46,776 [INFO] PluginManager:220 - loadIPPluginJar : add tim
2024-01-11 10:45:46,828 [INFO] IPUIPlugin:80 - create IPUIPlugin
2024-01-11 10:45:46,828 [INFO] PluginManager:220 - loadIPPluginJar : add touchsensing
2024-01-11 10:45:46,849 [INFO] IPUIPlugin:80 - create IPUIPlugin
2024-01-11 10:45:46,849 [INFO] PluginManager:220 - loadIPPluginJar : add tracer_emb
2024-01-11 10:45:46,870 [INFO] IPUIPlugin:80 - create IPUIPlugin
2024-01-11 10:45:46,870 [INFO] PluginManager:220 - loadIPPluginJar : add ts
2024-01-11 10:45:46,891 [INFO] IPUIPlugin:80 - create IPUIPlugin
2024-01-11 10:45:46,891 [INFO] PluginManager:220 - loadIPPluginJar : add tsc
2024-01-11 10:45:46,911 [INFO] IPUIPlugin:80 - create IPUIPlugin
2024-01-11 10:45:46,911 [INFO] PluginManager:220 - loadIPPluginJar : add ucpd
2024-01-11 10:45:46,948 [INFO] IPUIPlugin:80 - create IPUIPlugin
2024-01-11 10:45:46,949 [INFO] PluginManager:220 - loadIPPluginJar : add usart
2024-01-11 10:45:46,984 [INFO] IPUIPlugin:80 - create IPUIPlugin
2024-01-11 10:45:46,984 [INFO] PluginManager:220 - loadIPPluginJar : add usbx
2024-01-11 10:45:47,098 [INFO] CADModel:165 - CPN selected for project level
2024-01-11 10:45:47,098 [INFO] CADModel:114 - Register for checkConnection events
2024-01-11 10:45:47,098 [FATAL] Updater:308 - Updater called before beeing initialized
2024-01-11 10:45:47,099 [ERROR] CADModel:125 - Updater not yet initialized, retry later 
2024-01-11 10:45:47,276 [INFO] CADModel:165 - CPN selected for project level
2024-01-11 10:45:47,276 [INFO] CADModel:114 - Register for checkConnection events
2024-01-11 10:45:47,276 [FATAL] Updater:308 - Updater called before beeing initialized
2024-01-11 10:45:47,276 [ERROR] CADModel:125 - Updater not yet initialized, retry later 
2024-01-11 10:45:47,280 [FATAL] Updater:308 - Updater called before beeing initialized
2024-01-11 10:45:47,390 [FATAL] Updater:308 - Updater called before beeing initialized
2024-01-11 10:45:47,399 [INFO] DbMcusAds:53 - JSON generation date=Tue Mar 07 09:50:55 CET 2023 (1678179055114)
2024-01-11 10:45:47,399 [FATAL] Updater:308 - Updater called before beeing initialized
2024-01-11 10:45:47,467 [WARN] DetailPanel:346 - Failed to get advertising image, set to default
2024-01-11 10:45:47,555 [FATAL] Updater:308 - Updater called before beeing initialized
2024-01-11 10:45:47,557 [FATAL] Updater:308 - Updater called before beeing initialized
2024-01-11 10:45:47,557 [FATAL] Updater:308 - Updater called before beeing initialized
2024-01-11 10:45:47,557 [WARN] DetailPanel:346 - Failed to get advertising image, set to default
2024-01-11 10:45:47,558 [FATAL] Updater:308 - Updater called before beeing initialized
2024-01-11 10:45:47,604 [ERROR] Updater:1120 - MainUpdater not yet initialized. External WinMGr cannot be set.
2024-01-11 10:45:47,613 [INFO] Updater:1056 - Updater Version found : 6.9.2
2024-01-11 10:45:47,625 [INFO] ApplicationProperties:184 - Using Application install path: C:\ST\STM32CubeIDE_1.13.2\STM32CubeIDE\plugins\com.st.stm32cube.common.mx_6.9.2.202309101412
2024-01-11 10:45:47,803 [INFO] MainUpdater:2868 - connection check result : 10
2024-01-11 10:45:47,803 [INFO] MainUpdater:3562 - Updater definition file requires update
2024-01-11 10:45:47,804 [INFO] MainUpdater:285 - Updater Check For Update Now.
2024-01-11 10:45:47,805 [INFO] MicroXplorer:498 - Change Database Version : DB.6.0.92
2024-01-11 10:45:47,819 [INFO] McuFinderGlobals:63 - Set McuFinder mode to 2 (CubeIDE integrated)
2024-01-11 10:45:47,831 [INFO] ServerAccessManage:473 - Download File updaters.zip
2024-01-11 10:45:47,924 [WARN] MainUpdater:1189 - Updater busy. Cannot search thirdparties
2024-01-11 10:45:47,924 [INFO] ThirdPartyUpdaterWithRetryManager:96 - Updater plugin is busy. [1/15]
2024-01-11 10:45:48,017 [INFO] FileExtend:240 - Unzip File : updaters.zip
2024-01-11 10:45:48,017 [INFO] FileExtend:255 - Standard Zip Deflate
2024-01-11 10:45:48,426 [INFO] ServerAccessManage:473 - Download File PacksControlFlags.xml
2024-01-11 10:45:48,519 [INFO] ServerAccessManage:473 - Download File cubemx.pidx
2024-01-11 10:45:48,655 [INFO] LoadServerUpdatesThread:373 - End of LoadServerUpdate Thread
2024-01-11 10:45:48,846 [INFO] CheckServerUpdateThread:120 - End of CheckServer Thread
2024-01-11 10:45:51,123 [WARN] PackLoader:240 - Cannot read IP mode file for STMicroelectronics.X-CUBE-SMBUS.2.1.0
2024-01-11 10:45:51,137 [WARN] PackLoader:240 - Cannot read IP mode file for STMicroelectronics.X-CUBE-TOUCHGFX.4.23.0
2024-01-11 10:45:51,177 [WARN] PackLoader:240 - Cannot read IP mode file for STMicroelectronics.X-CUBE-AZRTOS-F7.1.1.0
2024-01-11 10:45:51,193 [WARN] PackLoader:240 - Cannot read IP mode file for STMicroelectronics.FP-SNS-MOTENV1.4.3.2
2024-01-11 10:45:51,200 [WARN] PackLoader:240 - Cannot read IP mode file for STMicroelectronics.FP-SNS-FLIGHT1.5.0.2
2024-01-11 10:45:51,215 [WARN] PackLoader:240 - Cannot read IP mode file for STMicroelectronics.X-CUBE-DISPLAY.3.0.0
2024-01-11 10:45:51,232 [WARN] PackLoader:240 - Cannot read IP mode file for STMicroelectronics.X-CUBE-BLE1.7.0.0
2024-01-11 10:45:51,245 [WARN] PackLoader:240 - Cannot read IP mode file for emotas.I-CUBE-CANOPEN.1.3.0
2024-01-11 10:45:51,256 [WARN] PackLoader:240 - Cannot read IP mode file for STMicroelectronics.X-CUBE-TOUCHGFX.4.22.0
2024-01-11 10:45:51,267 [WARN] PackLoader:240 - Cannot read IP mode file for STMicroelectronics.X-CUBE-TOUCHGFX.4.22.1
2024-01-11 10:45:51,278 [WARN] PackLoader:240 - Cannot read IP mode file for STMicroelectronics.FP-SNS-SMARTAG2.1.2.0
2024-01-11 10:45:51,297 [INFO] LogOutputStream:77 - [STDOUT_REDIRECT] 1 : Invalid condition id : UX_CORESTACK_Condition cause : null
2024-01-11 10:45:51,297 [INFO] LogOutputStream:77 - [STDOUT_REDIRECT] 1 : Invalid condition id : UX_CORESTACK_Condition cause : null
2024-01-11 10:45:51,298 [INFO] LogOutputStream:77 - [STDOUT_REDIRECT] 1 : Invalid condition id : UX_CORESTACK_Condition cause : null
2024-01-11 10:45:51,299 [INFO] LogOutputStream:77 - [STDOUT_REDIRECT] 1 : Invalid condition id : UX_CORESTACK_Condition cause : null
2024-01-11 10:45:51,300 [INFO] LogOutputStream:77 - [STDOUT_REDIRECT] 1 : Invalid condition id : UX_CORESTACK_Condition cause : null
2024-01-11 10:45:51,303 [WARN] PackLoader:240 - Cannot read IP mode file for STMicroelectronics.X-CUBE-AZRTOS-WL.2.0.0
2024-01-11 10:45:51,317 [WARN] PackLoader:240 - Cannot read IP mode file for WES.I-CUBE-Cesium.1.3.0
2024-01-11 10:45:51,329 [WARN] PackLoader:240 - Cannot read IP mode file for STMicroelectronics.X-CUBE-BLE2.3.3.0
2024-01-11 10:45:51,341 [WARN] PackLoader:240 - Cannot read IP mode file for STMicroelectronics.X-CUBE-ALGOBUILD.1.3.0
2024-01-11 10:45:51,367 [WARN] PackLoader:240 - Cannot read IP mode file for STMicroelectronics.X-CUBE-AZRTOS-G0.1.1.0
2024-01-11 10:45:51,380 [WARN] PackLoader:240 - Cannot read IP mode file for STMicroelectronics.X-CUBE-NFC4.3.0.0
2024-01-11 10:45:51,399 [WARN] PackLoader:240 - Cannot read IP mode file for STMicroelectronics.X-CUBE-BLEMGR.3.0.0
2024-01-11 10:45:51,410 [WARN] PackLoader:240 - Cannot read IP mode file for STMicroelectronics.FP-ATR-SIGFOX1.3.2.0
2024-01-11 10:45:51,440 [WARN] PackLoader:240 - Cannot read IP mode file for SEGGER.I-CUBE-embOS.1.3.1
2024-01-11 10:45:51,477 [WARN] PackLoader:240 - Cannot read IP mode file for STMicroelectronics.X-CUBE-GNSS1.6.0.0
2024-01-11 10:45:51,501 [WARN] PackLoader:240 - Cannot read IP mode file for STMicroelectronics.X-CUBE-AZRTOS-F4.1.1.0
2024-01-11 10:45:51,514 [WARN] PackLoader:240 - Cannot read IP mode file for wolfSSL.I-CUBE-wolfSSL.5.6.3
2024-01-11 10:45:51,536 [WARN] PackLoader:240 - Cannot read IP mode file for STMicroelectronics.X-CUBE-AZRTOS-L5.2.0.0
2024-01-11 10:45:51,576 [WARN] PackLoader:240 - Cannot read IP mode file for STMicroelectronics.X-CUBE-MEMS1.9.6.0
2024-01-11 10:45:51,688 [WARN] PackLoader:240 - Cannot read IP mode file for STMicroelectronics.X-CUBE-EEPRMA1.4.2.0
2024-01-11 10:45:51,698 [WARN] PackLoader:240 - Cannot read IP mode file for ITTIA_DB.I-CUBE-ITTIADB.8.8.0
2024-01-11 10:45:51,711 [WARN] PackLoader:240 - Cannot read IP mode file for STMicroelectronics.X-CUBE-BLEMGR.2.0.0
2024-01-11 10:45:51,735 [WARN] ConditionMgr:438 - getConditionDescription Invalid condition id : UX DEVICE CLASS RTOS Condition cause : null
2024-01-11 10:45:51,735 [WARN] ConditionMgr:438 - getConditionDescription Invalid condition id : UX DEVICE CLASS RTOS Condition cause : null
2024-01-11 10:45:51,737 [WARN] PackLoader:240 - Cannot read IP mode file for STMicroelectronics.X-CUBE-AZRTOS-H7.3.1.0
2024-01-11 10:45:51,738 [WARN] ConditionMgr:1039 - genDependencies : Invalid condition id : UX DEVICE CLASS RTOS Condition cause : null
2024-01-11 10:45:51,738 [WARN] ConditionMgr:1039 - genDependencies : Invalid condition id : UX DEVICE CLASS RTOS Condition cause : null
2024-01-11 10:45:51,739 [WARN] ConditionMgr:1039 - genDependencies : Invalid condition id : UX DEVICE CLASS RTOS Condition cause : null
2024-01-11 10:45:51,739 [WARN] ConditionMgr:1039 - genDependencies : Invalid condition id : UX DEVICE CLASS RTOS Condition cause : null
2024-01-11 10:45:51,739 [WARN] ConditionMgr:1039 - genDependencies : Invalid condition id : UX DEVICE CLASS RTOS Condition cause : null
2024-01-11 10:45:51,752 [WARN] PackLoader:240 - Cannot read IP mode file for STMicroelectronics.X-CUBE-NFC7.1.0.1
2024-01-11 10:45:51,764 [WARN] PackLoader:240 - Cannot read IP mode file for STMicroelectronics.X-CUBE-NFC6.3.0.0
2024-01-11 10:45:51,775 [WARN] PackLoader:240 - Cannot read IP mode file for STMicroelectronics.X-CUBE-EEPRMA1.4.1.0
2024-01-11 10:45:51,787 [WARN] PackLoader:240 - Cannot read IP mode file for STMicroelectronics.X-CUBE-AI.8.1.0
2024-01-11 10:45:51,812 [WARN] ConditionMgr:438 - getConditionDescription Invalid condition id : LAN8742 Phy interface Condition cause : null
2024-01-11 10:45:51,813 [WARN] PackLoader:240 - Cannot read IP mode file for STMicroelectronics.X-CUBE-AZRTOS-L4.2.0.0
2024-01-11 10:45:51,813 [WARN] ConditionMgr:1039 - genDependencies : Invalid condition id : LAN8742 Phy interface Condition cause : null
2024-01-11 10:45:51,814 [WARN] ConditionMgr:1039 - genDependencies : Invalid condition id : LAN8742 Phy interface Condition cause : null
2024-01-11 10:45:51,814 [WARN] ConditionMgr:1039 - genDependencies : Invalid condition id : LAN8742 Phy interface Condition cause : null
2024-01-11 10:45:51,827 [WARN] PackLoader:240 - Cannot read IP mode file for STMicroelectronics.X-CUBE-SFXS2LP1.4.0.0
2024-01-11 10:45:51,838 [WARN] PackLoader:240 - Cannot read IP mode file for STMicroelectronics.X-CUBE-ISPU.1.1.0
2024-01-11 10:45:51,860 [WARN] ConditionMgr:438 - getConditionDescription Invalid condition id : UX DEVICE CLASS RTOS Condition cause : null
2024-01-11 10:45:51,860 [WARN] ConditionMgr:438 - getConditionDescription Invalid condition id : UX DEVICE CLASS RTOS Condition cause : null
2024-01-11 10:45:51,861 [WARN] PackLoader:240 - Cannot read IP mode file for STMicroelectronics.X-CUBE-AZRTOS-WB.2.0.0
2024-01-11 10:45:51,862 [WARN] ConditionMgr:1039 - genDependencies : Invalid condition id : UX DEVICE CLASS RTOS Condition cause : null
2024-01-11 10:45:51,862 [WARN] ConditionMgr:1039 - genDependencies : Invalid condition id : UX DEVICE CLASS RTOS Condition cause : null
2024-01-11 10:45:51,862 [WARN] ConditionMgr:1039 - genDependencies : Invalid condition id : UX DEVICE CLASS RTOS Condition cause : null
2024-01-11 10:45:51,862 [WARN] ConditionMgr:1039 - genDependencies : Invalid condition id : UX DEVICE CLASS RTOS Condition cause : null
2024-01-11 10:45:51,862 [WARN] ConditionMgr:1039 - genDependencies : Invalid condition id : UX DEVICE CLASS RTOS Condition cause : null
2024-01-11 10:45:51,878 [WARN] PackLoader:240 - Cannot read IP mode file for STMicroelectronics.X-CUBE-SUBG2.5.0.0
2024-01-11 10:45:51,895 [WARN] PackLoader:240 - Cannot read IP mode file for STMicroelectronics.X-CUBE-TOF1.3.3.1
2024-01-11 10:45:51,920 [WARN] PackLoader:240 - Cannot read IP mode file for STMicroelectronics.X-CUBE-AZRTOS-G4.2.0.0
2024-01-11 10:45:51,937 [WARN] PackLoader:240 - Cannot read IP mode file for Infineon.AIROC-Wi-Fi-Bluetooth-STM32.1.5.1
2024-01-11 10:45:51,949 [WARN] PackLoader:240 - Cannot read IP mode file for STMicroelectronics.FP-SNS-MOTENVWB1.1.3.0
2024-01-11 10:45:51,958 [WARN] PackLoader:240 - Cannot read IP mode file for STMicroelectronics.FP-SNS-MOTENVWB1.1.3.1
2024-01-11 10:45:51,967 [WARN] PackLoader:240 - Cannot read IP mode file for STMicroelectronics.X-CUBE-ISPU.2.0.0
2024-01-11 10:45:52,003 [WARN] PackLoader:240 - Cannot read IP mode file for STMicroelectronics.X-CUBE-MEMS1.10.0.0
2024-01-11 10:45:52,083 [WARN] PackLoader:240 - Cannot read IP mode file for STMicroelectronics.X-CUBE-FREERTOS.1.1.0
2024-01-11 10:45:52,095 [WARN] PackLoader:240 - Cannot read IP mode file for portGmbH.I-Cube-SoM-uGOAL.1.1.0
2024-01-11 10:45:52,105 [WARN] PackLoader:240 - Cannot read IP mode file for STMicroelectronics.X-CUBE-ALS.1.0.1
2024-01-11 10:45:52,110 [WARN] PackLoader:240 - Cannot read IP mode file for STMicroelectronics.FP-ATR-ASTRA1.2.0.0
2024-01-11 10:45:52,126 [WARN] PackLoader:240 - Cannot read IP mode file for STMicroelectronics.X-CUBE-TOF1.3.4.0
2024-01-11 10:45:52,156 [WARN] PackLoader:240 - Cannot read IP mode file for STMicroelectronics.X-CUBE-AZRTOS-H7.3.2.0
2024-01-11 10:45:52,158 [INFO] ThirdParty:978 - Integrity check success = true
2024-01-11 10:45:52,158 [INFO] IntegrityCheckThread:100 - exiting critical section [integrity check]
2024-01-11 10:45:52,158 [INFO] IntegrityCheckThread:103 - End integrity checks thread
2024-01-11 10:46:08,772 [ERROR] LogOutputStream:75 - [STDERR_REDIRECT] SLF4J: Failed to load class "org.slf4j.impl.StaticLoggerBinder".
2024-01-11 10:46:08,772 [ERROR] LogOutputStream:75 - [STDERR_REDIRECT] SLF4J: Defaulting to no-operation (NOP) logger implementation
2024-01-11 10:46:08,773 [ERROR] LogOutputStream:75 - [STDERR_REDIRECT] SLF4J: See http://www.slf4j.org/codes.html#StaticLoggerBinder for further details.
2024-01-11 10:49:37,765 [INFO] McuFinderGlobals:63 - Set McuFinder mode to 2 (CubeIDE integrated)
2024-01-11 10:49:37,781 [INFO] MainUpdater:2868 - connection check result : 10
2024-01-11 10:49:37,785 [INFO] MainUpdater:2868 - connection check result : 10
2024-01-11 10:49:37,933 [INFO] MicroXplorer:468 - Change Database Path : 
2024-01-11 10:49:37,933 [INFO] MicroXplorer:498 - Change Database Version : DB.6.0.92
2024-01-11 10:49:37,936 [WARN] ThirdParty:871 - waiting for thirdparty lock release [close project]
2024-01-11 10:49:37,936 [INFO] ThirdParty:873 - entering critical section [close project]
2024-01-11 10:49:37,937 [INFO] ThirdParty:883 - exiting critical section [close project]
2024-01-11 10:49:37,938 [INFO] PinOutPanel:1499 - setPackage(No Configuration,No Configuration)
2024-01-11 10:49:37,942 [INFO] UtilMem:75 - Begin LoadConfig() Used Memory: 604460128 Bytes (989855744)
2024-01-11 10:49:37,943 [INFO] MicroXplorer:468 - Change Database Path : 
2024-01-11 10:49:37,943 [INFO] MicroXplorer:498 - Change Database Version : DB.6.0.92
2024-01-11 10:49:37,944 [INFO] OpenFileManager:308 - Change cursor
2024-01-11 10:49:37,973 [INFO] Mcu:1946 - Initializing MCU STM32F072R(8-B)Tx STM32F072RBTx STM32F072RBT6
2024-01-11 10:49:39,143 [INFO] Context:659 - Trying to add GPIOservice into a context  which must be forbidden
2024-01-11 10:49:39,572 [INFO] RtosManager:555 - Registered RTOS mode: class=CMSIS, group=RTOS, mode=CMSIS_V1, owner=FREERTOS
2024-01-11 10:49:39,572 [INFO] RtosManager:555 - Registered RTOS mode: class=CMSIS, group=RTOS2, mode=CMSIS_V2, owner=FREERTOS
2024-01-11 10:49:39,572 [INFO] RtosManager:555 - Registered RTOS mode: class=RTOS, group=Core, mode=CMSIS_V1, owner=FREERTOS
2024-01-11 10:49:39,572 [INFO] RtosManager:555 - Registered RTOS mode: class=RTOS, group=Core, mode=CMSIS_V2, owner=FREERTOS
2024-01-11 10:49:39,572 [WARN] ModelIntegratedComponent:184 - Missing modes for component STMicroelectronics:FreeRTOS:0.0.1:STMicroelectronics:RTOS:FreeRTOS:Core:::10.2.0:
2024-01-11 10:49:39,583 [WARN] ModelIntegratedComponent:63 - No mode defined for component null
2024-01-11 10:49:39,583 [WARN] ModelIntegratedComponent:63 - No mode defined for component null
2024-01-11 10:49:39,583 [WARN] ModelIntegratedComponent:63 - No mode defined for component null
2024-01-11 10:49:39,583 [WARN] ModelIntegratedComponent:63 - No mode defined for component null
2024-01-11 10:49:39,583 [WARN] ModelIntegratedComponent:63 - No mode defined for component null
2024-01-11 10:49:39,583 [WARN] ModelIntegratedComponent:63 - No mode defined for component null
2024-01-11 10:49:39,583 [WARN] ModelIntegratedComponent:63 - No mode defined for component null
2024-01-11 10:49:39,583 [WARN] ModelIntegratedComponent:63 - No mode defined for component null
2024-01-11 10:49:39,583 [WARN] ModelIntegratedComponent:63 - No mode defined for component null
2024-01-11 10:49:39,583 [WARN] ModelIntegratedComponent:63 - No mode defined for component null
2024-01-11 10:49:39,583 [WARN] ModelIntegratedComponent:63 - No mode defined for component null
2024-01-11 10:49:39,583 [WARN] ModelIntegratedComponent:63 - No mode defined for component null
2024-01-11 10:49:39,584 [WARN] ModelIntegratedComponent:63 - No mode defined for component null
2024-01-11 10:49:39,584 [WARN] ModelIntegratedComponent:63 - No mode defined for component null
2024-01-11 10:49:39,584 [WARN] ModelIntegratedComponent:63 - No mode defined for component null
2024-01-11 10:49:39,584 [WARN] ModelIntegratedComponent:63 - No mode defined for component null
2024-01-11 10:49:39,584 [WARN] ModelIntegratedComponent:63 - No mode defined for component null
2024-01-11 10:49:39,584 [WARN] ModelIntegratedComponent:63 - No mode defined for component null
2024-01-11 10:49:39,584 [WARN] ModelIntegratedComponent:63 - No mode defined for component null
2024-01-11 10:49:39,584 [WARN] ModelIntegratedComponent:63 - No mode defined for component null
2024-01-11 10:49:39,584 [WARN] ModelIntegratedComponent:63 - No mode defined for component null
2024-01-11 10:49:39,584 [WARN] ModelIntegratedComponent:63 - No mode defined for component null
2024-01-11 10:49:39,584 [WARN] ModelIntegratedComponent:63 - No mode defined for component null
2024-01-11 10:49:39,584 [WARN] ModelIntegratedComponent:63 - No mode defined for component null
2024-01-11 10:49:39,584 [WARN] ModelIntegratedComponent:63 - No mode defined for component null
2024-01-11 10:49:39,584 [WARN] ModelIntegratedComponent:63 - No mode defined for component null
2024-01-11 10:49:39,584 [WARN] ModelIntegratedComponent:63 - No mode defined for component null
2024-01-11 10:49:39,584 [WARN] ModelIntegratedComponent:63 - No mode defined for component null
2024-01-11 10:49:39,584 [WARN] ModelIntegratedComponent:63 - No mode defined for component null
2024-01-11 10:49:39,584 [WARN] ModelIntegratedComponent:63 - No mode defined for component null
2024-01-11 10:49:39,585 [WARN] ModelIntegratedComponent:63 - No mode defined for component null
2024-01-11 10:49:39,585 [WARN] ModelIntegratedComponent:63 - No mode defined for component null
2024-01-11 10:49:39,585 [WARN] ModelIntegratedComponent:63 - No mode defined for component null
2024-01-11 10:49:39,659 [INFO] ThirdPartyModel:298 - Start build external matchings
2024-01-11 10:49:40,208 [INFO] ThirdPartyModel:316 - End build external matchings
2024-01-11 10:49:40,223 [INFO] ImportTextPane:194 - (OptionalMessage_ERROR) IP (RCC) : Parameter (FLatency) has Id (AdvancedSettings) currently not set
2024-01-11 10:49:40,224 [INFO] ImportTextPane:194 - (OptionalMessage_ERROR) IP (RCC) : Invalid parameter (FamilyName)
2024-01-11 10:49:40,224 [INFO] ImportTextPane:194 - (OptionalMessage_ERROR) IP (RCC) : Invalid parameter (HSICECFreq_Value)
2024-01-11 10:49:40,225 [INFO] ImportTextPane:194 - (OptionalMessage_ERROR) IP (RCC) : Parameter (PREFETCH_ENABLE) has Id (AdvancedSettings) currently not set
2024-01-11 10:49:40,438 [INFO] UtilMem:75 - End LoadConfig() Used Memory: 740437720 Bytes (1073741824)
2024-01-11 10:49:40,554 [INFO] ApiDb:581 - Connected to CubeFinder SQLite database (C:\Users\jespe\.stmcufinder\plugins\mcufinder\mcu\cube-finder-db.db)
2024-01-11 10:49:40,627 [INFO] ApiDb:668 - CubeFinder database Data Model version=2.1
2024-01-11 10:49:40,627 [INFO] ApiDb:669 - CubeFinder database Configuration version=3.0.37
2024-01-11 10:49:40,627 [INFO] ApiDb:670 - CubeFinder database generation date=2023-08-09 (1691586011)
2024-01-11 10:49:40,627 [INFO] ApiDb:671 - CubeFinder database FW Pack versions=[FP-ATR-ASTRA1_V2.0.0, FP-SNS-FLIGHT1_V5.0.1, FP-SNS-FLIGHT1_V5.0.2, FP-SNS-MOTENV1_V4.3.1, FP-SNS-MOTENV1_V4.3.2, STM32Cube_FW_C0_V1.1.0, STM32Cube_FW_F4_V1.27.1, STM32Cube_FW_F7_V1.17.0, STM32Cube_FW_G0_V1.6.1, STM32Cube_FW_G4_V1.5.1, STM32Cube_FW_H5_V0.5.1, STM32Cube_FW_H5_V1.1.0, STM32Cube_FW_H7_V1.11.0, STM32Cube_FW_L0_V1.12.2, STM32Cube_FW_L5_V1.5.0, STM32Cube_FW_U5_V1.3.0, STM32Cube_FW_U5_V1.3.0RC4, STM32Cube_FW_WBA_V1.0.0RC1, STM32Cube_FW_WBA_V1.1.0, STM32Cube_FW_WBA_V1.1.0RC1, STM32Cube_FW_WB_V1.15.0RC1, STM32Cube_FW_WB_V1.16.0, STM32Cube_FW_WB_V1.16.0RC2, STM32Cube_FW_WB_V1.17.0, STM32Cube_FW_WL_V1.3.0, X-CUBE-ALGOBUILD_V1.3.0, X-CUBE-ALS_V1.0.1, X-CUBE-AZRTOS-F4_V1.1.0, X-CUBE-AZRTOS-F7_V1.1.0, X-CUBE-AZRTOS-G0_V1.1.0, X-CUBE-AZRTOS-G4_V2.0.0, X-CUBE-AZRTOS-H7_V3.1.0, X-CUBE-AZRTOS-L4_V1.0.0, X-CUBE-AZRTOS-L4_V2.0.0, X-CUBE-AZRTOS-L5_V1.1.0, X-CUBE-AZRTOS-WB_V1.1.0, X-CUBE-AZRTOS-WL_V2.0.0, X-CUBE-BLE1_V7.0.0, X-CUBE-BLE2_V3.3.0, X-CUBE-BLEMGR_V2.0.0, X-CUBE-EEPRMA1_V4.1.0, X-CUBE-FREERTOS_V1.1.0, X-CUBE-GNSS1_V6.0.0, X-CUBE-MEMS1_V9.1.0, X-CUBE-MEMS1_V9.4.0, X-CUBE-MEMS1_V9.6.0, X-CUBE-NFC4_V3.0.0, X-CUBE-NFC7_V1.0.0, X-CUBE-SFXS2LP1_V4.0.0, X-CUBE-SUBG2_V5.0.0, X-CUBE-TOF1_V3.3.1]
2024-01-11 10:49:42,729 [INFO] ApiDb:240 - Found 323 in-development CPN: [B-G473E-ZEST1S, B-WB1M-WPAN1, B-WL5M-SUBG1, NUCLEO-C031C6, NUCLEO-H503RB, NUCLEO-H563ZI, NUCLEO-U545RE-Q, NUCLEO-U5A5ZJ-Q, NUCLEO-WBA52CG, STEVAL-PROTEUS1, STEVAL-SMARTAG2, STEVAL-STWINBX1, STM320518-EVAL, STM32C0116-DK, STM32C011D6Y3TR, STM32C011D6Y6TR, STM32C011F4P3, STM32C011F4P6, STM32C011F4U3, STM32C011F4U6TR, STM32C011F6P3, STM32C011F6P6, STM32C011F6U3, STM32C011F6U6TR, STM32C011J4M3, STM32C011J4M6, STM32C011J6M3, STM32C011J6M6, STM32C0316-DK, STM32C031C4T3, STM32C031C4T6, STM32C031C4U3, STM32C031C4U6, STM32C031C6T3, STM32C031C6T6, STM32C031C6U3, STM32C031C6U6, STM32C031F4P3, STM32C031F4P6, STM32C031F6P3, STM32C031F6P6, STM32C031G4U3, STM32C031G4U6, STM32C031G6U3, STM32C031G6U6, STM32C031K4T3, STM32C031K4T6, STM32C031K4U3, STM32C031K4U6, STM32C031K6T3, STM32C031K6T6, STM32C031K6U3, STM32C031K6U6, STM32G071K8TXN, STM32G071K8UXN, STM32G081GBU6N, STM32G081KBT6N, STM32G081KBUXN, STM32G0B1CCT6N, STM32G0B1KCT6, STM32G0B1NEY6TR, STM32G0B1RCT6N, STM32G0C1CCT6, STM32G0C1CCT6N, STM32G0C1CCU6N, STM32G0C1CET6N, STM32G0C1CEU6N, STM32G0C1KCT6, STM32G0C1NEY6TR, STM32G0C1RCI6N, STM32G0C1RCT6N, STM32G0C1REI6N, STM32G0C1RET6N, STM32G0C1VCI6, STM32G0C1VEI6, STM32G471CCT6, STM32G471CCU6, STM32G471CET3, STM32G471CET6, STM32G471CEU3, STM32G471CEU6, STM32G471MCT6, STM32G471MET3, STM32G471MET6, STM32G471MEY6TR, STM32G471QCT6, STM32G471QET3, STM32G471RCT6, STM32G471RET3, STM32G471RET6, STM32G471VCH6, STM32G471VCI6, STM32G471VCT6, STM32G471VEH3, STM32G471VEH6, STM32G471VEI3, STM32G471VEI6, STM32G471VET3, STM32G471VET6, STM32G474CCT6, STM32H503CBT6, STM32H503CBU6, STM32H503EBY6TR, STM32H503KBU6, STM32H503RBT6, STM32H562AGI6, STM32H562AII6, STM32H562IGK6, STM32H562IGT6, STM32H562IIK6, STM32H562IIT6, STM32H562RGT6, STM32H562RGV6, STM32H562RIT6, STM32H562RIV6, STM32H562VGT6, STM32H562VIT6, STM32H562ZGT6, STM32H562ZIT6, STM32H563AGI6, STM32H563AII3Q, STM32H563AII6, STM32H563IGK6, STM32H563IGT6, STM32H563IIK3Q, STM32H563IIK6, STM32H563IIT3Q, STM32H563IIT6, STM32H563MIY3QTR, STM32H563RGT6, STM32H563RGV6, STM32H563RIT6, STM32H563RIV6, STM32H563VGT6, STM32H563VIT3Q, STM32H563VIT6, STM32H563ZGT6, STM32H563ZIT3Q, STM32H563ZIT6, STM32H573AII3Q, STM32H573AII6, STM32H573I-DK, STM32H573IIK3Q, STM32H573IIK6, STM32H573IIT3Q, STM32H573IIT6, STM32H573MIY3QTR, STM32H573RIT6, STM32H573RIV6, STM32H573VIT3Q, STM32H573VIT6, STM32H573ZIT3Q, STM32H573ZIT6, STM32L4R5QGI6STR, STM32MP131AAE3, STM32MP131AAF3, STM32MP131AAG3, STM32MP131CAE3, STM32MP131CAF3, STM32MP131CAG3, STM32MP131DAE7, STM32MP131DAF7, STM32MP131DAG7, STM32MP131FAE7, STM32MP131FAF7, STM32MP131FAG7, STM32MP133AAE3, STM32MP133AAF3, STM32MP133AAG3, STM32MP133CAE3, STM32MP133CAF3, STM32MP133CAG3, STM32MP133DAE7, STM32MP133DAF7, STM32MP133DAG7, STM32MP133FAE7, STM32MP133FAF7, STM32MP133FAG7, STM32MP135AAE3, STM32MP135AAF3, STM32MP135AAG3, STM32MP135CAE3, STM32MP135CAF3, STM32MP135CAG3, STM32MP135DAE7, STM32MP135DAF7, STM32MP135DAG7, STM32MP135F-DK, STM32MP135FAE7, STM32MP135FAF7, STM32MP135FAF7T, STM32MP135FAF7U, STM32MP135FAG7, STM32U535CBT6, STM32U535CBT6Q, STM32U535CBU6, STM32U535CBU6Q, STM32U535CCT6, STM32U535CCT6Q, STM32U535CCU6, STM32U535CCU6Q, STM32U535CET6, STM32U535CET6Q, STM32U535CEU6, STM32U535CEU6Q, STM32U535JEY6QTR, STM32U535NCY6QTR, STM32U535NEY6QTR, STM32U535RBI6, STM32U535RBI6Q, STM32U535RBT6, STM32U535RBT6Q, STM32U535RCI6, STM32U535RCI6Q, STM32U535RCT6, STM32U535RCT6Q, STM32U535REI6, STM32U535REI6Q, STM32U535RET6, STM32U535RET6Q, STM32U535VCI6, STM32U535VCI6Q, STM32U535VCT6, STM32U535VCT6Q, STM32U535VEI6, STM32U535VEI6Q, STM32U535VET6, STM32U535VET6Q, STM32U545CET6, STM32U545CET6Q, STM32U545CEU6, STM32U545CEU6Q, STM32U545JEY6QTR, STM32U545NEY6QTR, STM32U545REI6, STM32U545REI6Q, STM32U545RET6, STM32U545RET6Q, STM32U545VEI6, STM32U545VEI6Q, STM32U545VET6, STM32U545VET6Q, STM32U595AIH6, STM32U595AIH6Q, STM32U595AJH6, STM32U595AJH6Q, STM32U595QII6, STM32U595QII6Q, STM32U595QJI6, STM32U595QJI6Q, STM32U595RIT6, STM32U595RIT6Q, STM32U595RJT6, STM32U595RJT6Q, STM32U595VIT6, STM32U595VIT6Q, STM32U595VJT6, STM32U595VJT6Q, STM32U595ZIT6, STM32U595ZIT6Q, STM32U595ZIY6QTR, STM32U595ZJT6, STM32U595ZJT6Q, STM32U595ZJY6QTR, STM32U599BJY6QTR, STM32U599NIH6Q, STM32U599NJH6Q, STM32U599VIT6Q, STM32U599VJT6, STM32U599VJT6Q, STM32U599ZIT6Q, STM32U599ZIY6QTR, STM32U599ZJT6Q, STM32U599ZJY6QTR, STM32U5A5AJH6, STM32U5A5AJH6Q, STM32U5A5QJI6, STM32U5A5QJI6Q, STM32U5A5RJT6, STM32U5A5RJT6Q, STM32U5A5VJT6, STM32U5A5VJT6Q, STM32U5A5ZJT6, STM32U5A5ZJT6Q, STM32U5A5ZJY6QTR, STM32U5A9BJY6QTR, STM32U5A9J-DK, STM32U5A9NJH6Q, STM32U5A9VJT6Q, STM32U5A9ZJT6Q, STM32U5A9ZJY6QTR, STM32U5F7VIT6, STM32U5F7VIT6Q, STM32U5F7VJT6, STM32U5F7VJT6Q, STM32U5F9BJY6QTR, STM32U5F9NJH6Q, STM32U5F9VIT6Q, STM32U5F9VJT6Q, STM32U5F9ZIJ6QTR, STM32U5F9ZIT6Q, STM32U5F9ZJJ6QTR, STM32U5F9ZJT6Q, STM32U5G7VJT6, STM32U5G7VJT6Q, STM32U5G9BJY6QTR, STM32U5G9J-DK1, STM32U5G9J-DK2, STM32U5G9NJH6Q, STM32U5G9VJT6Q, STM32U5G9ZJJ6QTR, STM32U5G9ZJT6Q, STM32WB1MMCH6, STM32WBA52CEU6, STM32WBA52CEU6T, STM32WBA52CGU6, STM32WBA52CGU6T, STM32WBA52KEU6, STM32WBA52KEU6T, STM32WBA52KGU6, STM32WBA52KGU6T, STM32WL5MOCH6, STM32WL5MOCH6TR]
2024-01-11 10:49:42,732 [INFO] DbMcus:217 - Found 3848 MCUs, 3848 are supported
2024-01-11 10:49:42,732 [INFO] ApiDb:423 - Load user favorites file C:\Users\jespe/.stm32cubeide/favorites.mcus.txt: 0 item(s)
2024-01-11 10:49:42,733 [INFO] ApiDb:427 - User favorites MCUs=[]
2024-01-11 10:49:42,733 [INFO] DbMcus:223 - Set 0 / 0 favorites MCUs
2024-01-11 10:49:43,027 [WARN] ThirdParty:833 - waiting for thirdparty lock release [change project]
2024-01-11 10:49:43,027 [INFO] ThirdParty:835 - entering critical section [change project]
2024-01-11 10:49:43,027 [INFO] ThirdParty:1030 - CMSIS Pack Vendor :STMicroelectronics X-CUBE-ISPU 1.1.0
2024-01-11 10:49:43,027 [INFO] ThirdParty:1030 - CMSIS Pack Vendor :STMicroelectronics USBPD 4.1
2024-01-11 10:49:43,027 [INFO] ThirdParty:1030 - CMSIS Pack Vendor :STMicroelectronics X-CUBE-GNSS1 6.0.0
2024-01-11 10:49:43,027 [INFO] ThirdParty:1030 - CMSIS Pack Vendor :STMicroelectronics USB_HOST 2.0.0
2024-01-11 10:49:43,027 [INFO] ThirdParty:1030 - CMSIS Pack Vendor :STMicroelectronics X-CUBE-AZRTOS-F4 1.1.0
2024-01-11 10:49:43,027 [INFO] ThirdParty:1030 - CMSIS Pack Vendor :STMicroelectronics LIBJPEG 8.0.0
2024-01-11 10:49:43,027 [INFO] ThirdParty:1030 - CMSIS Pack Vendor :wolfSSL I-CUBE-wolfSSL 5.6.3
2024-01-11 10:49:43,028 [INFO] ThirdParty:1030 - CMSIS Pack Vendor :STMicroelectronics X-CUBE-SMBUS 2.1.0
2024-01-11 10:49:43,028 [INFO] ThirdParty:1030 - CMSIS Pack Vendor :STMicroelectronics USB_DEVICE 3.0.0
2024-01-11 10:49:43,028 [INFO] ThirdParty:1030 - CMSIS Pack Vendor :STMicroelectronics X-CUBE-AZRTOS-WB 2.0.0
2024-01-11 10:49:43,028 [INFO] ThirdParty:1030 - CMSIS Pack Vendor :STMicroelectronics X-CUBE-TOUCHGFX 4.23.0
2024-01-11 10:49:43,028 [INFO] ThirdParty:1030 - CMSIS Pack Vendor :STMicroelectronics X-CUBE-AZRTOS-F7 1.1.0
2024-01-11 10:49:43,028 [INFO] ThirdParty:1030 - CMSIS Pack Vendor :STMicroelectronics X-CUBE-AZRTOS-L5 2.0.0
2024-01-11 10:49:43,028 [INFO] ThirdParty:1030 - CMSIS Pack Vendor :STMicroelectronics USB_DEVICE 2.0.0
2024-01-11 10:49:43,028 [INFO] ThirdParty:1030 - CMSIS Pack Vendor :STMicroelectronics X-CUBE-MEMS1 9.6.0
2024-01-11 10:49:43,028 [INFO] ThirdParty:1030 - CMSIS Pack Vendor :STMicroelectronics X-CUBE-EEPRMA1 4.2.0
2024-01-11 10:49:43,028 [INFO] ThirdParty:1030 - CMSIS Pack Vendor :ITTIA_DB I-CUBE-ITTIADB 8.8.0
2024-01-11 10:49:43,028 [INFO] ThirdParty:1030 - CMSIS Pack Vendor :STMicroelectronics FP-SNS-MOTENV1 4.3.2
2024-01-11 10:49:43,028 [INFO] ThirdParty:1030 - CMSIS Pack Vendor :STMicroelectronics X-CUBE-ALGOBUILD 1.3.0
2024-01-11 10:49:43,028 [INFO] ThirdParty:1030 - CMSIS Pack Vendor :STMicroelectronics FreeRTOS 0.0.1
2024-01-11 10:49:43,028 [INFO] ThirdParty:1030 - CMSIS Pack Vendor :STMicroelectronics X-CUBE-AZRTOS-G0 1.1.0
2024-01-11 10:49:43,028 [INFO] ThirdParty:1030 - CMSIS Pack Vendor :STMicroelectronics X-CUBE-BLEMGR 2.0.0
2024-01-11 10:49:43,028 [INFO] ThirdParty:1030 - CMSIS Pack Vendor :STMicroelectronics X-CUBE-NFC4 3.0.0
2024-01-11 10:49:43,028 [INFO] ThirdParty:1030 - CMSIS Pack Vendor :STMicroelectronics X-CUBE-SUBG2 5.0.0
2024-01-11 10:49:43,028 [INFO] ThirdParty:1030 - CMSIS Pack Vendor :STMicroelectronics STM32_WPAN 1.0.0
2024-01-11 10:49:43,028 [INFO] ThirdParty:1030 - CMSIS Pack Vendor :STMicroelectronics lwIP 2.0.3
2024-01-11 10:49:43,028 [INFO] ThirdParty:1030 - CMSIS Pack Vendor :STMicroelectronics FP-SNS-FLIGHT1 5.0.2
2024-01-11 10:49:43,028 [INFO] ThirdParty:1030 - CMSIS Pack Vendor :STMicroelectronics USB_HOST 1.0.0
2024-01-11 10:49:43,028 [INFO] ThirdParty:1030 - CMSIS Pack Vendor :STMicroelectronics X-CUBE-TOF1 3.3.1
2024-01-11 10:49:43,028 [INFO] ThirdParty:1030 - CMSIS Pack Vendor :STMicroelectronics X-CUBE-AZRTOS-G4 2.0.0
2024-01-11 10:49:43,029 [INFO] ThirdParty:1030 - CMSIS Pack Vendor :STMicroelectronics PDM2PCM 3.1.0
2024-01-11 10:49:43,029 [INFO] ThirdParty:1030 - CMSIS Pack Vendor :STMicroelectronics X-CUBE-AZRTOS-H7 3.1.0
2024-01-11 10:49:43,029 [INFO] ThirdParty:1030 - CMSIS Pack Vendor :Infineon AIROC-Wi-Fi-Bluetooth-STM32 1.5.1
2024-01-11 10:49:43,029 [INFO] ThirdParty:1030 - CMSIS Pack Vendor :STMicroelectronics X-CUBE-BLEMGR 3.0.0
2024-01-11 10:49:43,029 [INFO] ThirdParty:1030 - CMSIS Pack Vendor :STMicroelectronics PDM2PCM 3.3.0
2024-01-11 10:49:43,029 [INFO] ThirdParty:1030 - CMSIS Pack Vendor :STMicroelectronics X-CUBE-DISPLAY 3.0.0
2024-01-11 10:49:43,029 [INFO] ThirdParty:1030 - CMSIS Pack Vendor :STMicroelectronics FP-SNS-MOTENVWB1 1.3.0
2024-01-11 10:49:43,029 [INFO] ThirdParty:1030 - CMSIS Pack Vendor :STMicroelectronics FP-SNS-MOTENVWB1 1.3.1
2024-01-11 10:49:43,029 [INFO] ThirdParty:1030 - CMSIS Pack Vendor :STMicroelectronics X-CUBE-BLE1 7.0.0
2024-01-11 10:49:43,029 [INFO] ThirdParty:1030 - CMSIS Pack Vendor :STMicroelectronics FP-ATR-SIGFOX1 3.2.0
2024-01-11 10:49:43,029 [INFO] ThirdParty:1030 - CMSIS Pack Vendor :STMicroelectronics X-CUBE-ISPU 2.0.0
2024-01-11 10:49:43,029 [INFO] ThirdParty:1030 - CMSIS Pack Vendor :STMicroelectronics HAL Drivers 0.0.0
2024-01-11 10:49:43,029 [INFO] ThirdParty:1030 - CMSIS Pack Vendor :STMicroelectronics MBEDTLS 2.16.2
2024-01-11 10:49:43,029 [INFO] ThirdParty:1030 - CMSIS Pack Vendor :emotas I-CUBE-CANOPEN 1.3.0
2024-01-11 10:49:43,029 [INFO] ThirdParty:1030 - CMSIS Pack Vendor :STMicroelectronics X-CUBE-MEMS1 10.0.0
2024-01-11 10:49:43,029 [INFO] ThirdParty:1030 - CMSIS Pack Vendor :STMicroelectronics X-CUBE-FREERTOS 1.1.0
2024-01-11 10:49:43,029 [INFO] ThirdParty:1030 - CMSIS Pack Vendor :STMicroelectronics X-CUBE-TOUCHGFX 4.22.0
2024-01-11 10:49:43,029 [INFO] ThirdParty:1030 - CMSIS Pack Vendor :STMicroelectronics X-CUBE-NFC7 1.0.1
2024-01-11 10:49:43,029 [INFO] ThirdParty:1030 - CMSIS Pack Vendor :STMicroelectronics MBEDTLS 2.14.1
2024-01-11 10:49:43,029 [INFO] ThirdParty:1030 - CMSIS Pack Vendor :STMicroelectronics X-CUBE-TOUCHGFX 4.22.1
2024-01-11 10:49:43,029 [INFO] ThirdParty:1030 - CMSIS Pack Vendor :STMicroelectronics X-CUBE-NFC6 3.0.0
2024-01-11 10:49:43,029 [INFO] ThirdParty:1030 - CMSIS Pack Vendor :STMicroelectronics X-CUBE-EEPRMA1 4.1.0
2024-01-11 10:49:43,029 [INFO] ThirdParty:1030 - CMSIS Pack Vendor :portGmbH I-Cube-SoM-uGOAL 1.1.0
2024-01-11 10:49:43,029 [INFO] ThirdParty:1030 - CMSIS Pack Vendor :STMicroelectronics X-CUBE-ALS 1.0.1
2024-01-11 10:49:43,029 [INFO] ThirdParty:1030 - CMSIS Pack Vendor :STMicroelectronics ThreadX 1.0.0
2024-01-11 10:49:43,030 [INFO] ThirdParty:1030 - CMSIS Pack Vendor :STMicroelectronics FP-SNS-SMARTAG2 1.2.0
2024-01-11 10:49:43,030 [INFO] ThirdParty:1030 - CMSIS Pack Vendor :STMicroelectronics X-CUBE-AZRTOS-WL 2.0.0
2024-01-11 10:49:43,030 [INFO] ThirdParty:1030 - CMSIS Pack Vendor :SEGGER I-CUBE-embOS 1.3.1
2024-01-11 10:49:43,030 [INFO] ThirdParty:1030 - CMSIS Pack Vendor :STMicroelectronics USB_DEVICE 1.0.0
2024-01-11 10:49:43,030 [INFO] ThirdParty:1030 - CMSIS Pack Vendor :STMicroelectronics X-CUBE-AI 8.1.0
2024-01-11 10:49:43,030 [INFO] ThirdParty:1030 - CMSIS Pack Vendor :STMicroelectronics X-CUBE-AZRTOS-L4 2.0.0
2024-01-11 10:49:43,030 [INFO] ThirdParty:1030 - CMSIS Pack Vendor :STMicroelectronics ThreadX 0.0.2
2024-01-11 10:49:43,030 [INFO] ThirdParty:1030 - CMSIS Pack Vendor :WES I-CUBE-Cesium 1.3.0
2024-01-11 10:49:43,030 [INFO] ThirdParty:1030 - CMSIS Pack Vendor :STMicroelectronics FP-ATR-ASTRA1 2.0.0
2024-01-11 10:49:43,030 [INFO] ThirdParty:1030 - CMSIS Pack Vendor :STMicroelectronics lwIP 2.1.2
2024-01-11 10:49:43,030 [INFO] ThirdParty:1030 - CMSIS Pack Vendor :STMicroelectronics X-CUBE-SFXS2LP1 4.0.0
2024-01-11 10:49:43,030 [INFO] ThirdParty:1030 - CMSIS Pack Vendor :STMicroelectronics X-CUBE-BLE2 3.3.0
2024-01-11 10:49:43,030 [INFO] ThirdParty:1030 - CMSIS Pack Vendor :STMicroelectronics X-CUBE-TOF1 3.4.0
2024-01-11 10:49:43,030 [INFO] ThirdParty:1030 - CMSIS Pack Vendor :STMicroelectronics X-CUBE-AZRTOS-H7 3.2.0
2024-01-11 10:49:43,030 [INFO] ThirdParty:1030 - CMSIS Pack Vendor :STMicroelectronics PDM2PCM 3.2.0
2024-01-11 10:49:43,030 [INFO] ThirdParty:841 - exiting critical section [change project]
2024-01-11 10:49:43,309 [INFO] PinOutPanel:1499 - setPackage(No Configuration,No Configuration)
2024-01-11 10:49:43,310 [INFO] PinOutPanel:1499 - setPackage(STM32F072RBTx,LQFP64)
2024-01-11 10:49:43,993 [INFO] UtilMem:75 - Before build in PCC Used Memory: 708532216 Bytes (1073741824)
2024-01-11 10:49:44,611 [INFO] UtilMem:75 - After build in PCC Used Memory: 796445448 Bytes (1073741824)
2024-01-11 10:49:44,635 [INFO] IPUIPlugin:80 - create IPUIPlugin
2024-01-11 10:49:44,635 [INFO] IPUIPlugin:80 - create IPUIPlugin
2024-01-11 10:49:44,635 [INFO] IPUIPlugin:80 - create IPUIPlugin
2024-01-11 10:49:44,635 [INFO] IPUIPlugin:80 - create IPUIPlugin
2024-01-11 10:49:44,636 [INFO] IPUIPlugin:80 - create IPUIPlugin
2024-01-11 10:49:44,636 [INFO] IPUIPlugin:80 - create IPUIPlugin
2024-01-11 10:49:44,636 [INFO] IPUIPlugin:80 - create IPUIPlugin
2024-01-11 10:49:44,636 [INFO] IPUIPlugin:80 - create IPUIPlugin
2024-01-11 10:49:44,636 [INFO] IPUIPlugin:80 - create IPUIPlugin
2024-01-11 10:49:44,636 [INFO] IPUIPlugin:80 - create IPUIPlugin
2024-01-11 10:49:44,636 [INFO] IPUIPlugin:80 - create IPUIPlugin
2024-01-11 10:49:44,636 [INFO] IPUIPlugin:80 - create IPUIPlugin
2024-01-11 10:49:44,636 [INFO] IPUIPlugin:80 - create IPUIPlugin
2024-01-11 10:49:44,637 [INFO] IPUIPlugin:80 - create IPUIPlugin
2024-01-11 10:49:44,637 [INFO] IPUIPlugin:80 - create IPUIPlugin
2024-01-11 10:49:44,637 [INFO] IPUIPlugin:80 - create IPUIPlugin
2024-01-11 10:49:44,637 [INFO] IPUIPlugin:80 - create IPUIPlugin
2024-01-11 10:49:44,637 [INFO] IPUIPlugin:80 - create IPUIPlugin
2024-01-11 10:49:44,637 [INFO] IPUIPlugin:80 - create IPUIPlugin
2024-01-11 10:49:44,637 [INFO] IPUIPlugin:80 - create IPUIPlugin
2024-01-11 10:49:44,638 [INFO] IPUIPlugin:80 - create IPUIPlugin
2024-01-11 10:49:44,638 [INFO] IPUIPlugin:80 - create IPUIPlugin
2024-01-11 10:49:44,638 [INFO] IPUIPlugin:80 - create IPUIPlugin
2024-01-11 10:49:44,638 [INFO] IPUIPlugin:80 - create IPUIPlugin
2024-01-11 10:49:44,638 [INFO] IPUIPlugin:80 - create IPUIPlugin
2024-01-11 10:49:44,638 [INFO] IPUIPlugin:80 - create IPUIPlugin
2024-01-11 10:49:44,639 [INFO] IPUIPlugin:80 - create IPUIPlugin
2024-01-11 10:49:44,639 [INFO] IPUIPlugin:80 - create IPUIPlugin
2024-01-11 10:49:44,639 [INFO] IPUIPlugin:80 - create IPUIPlugin
2024-01-11 10:49:44,639 [INFO] IPUIPlugin:80 - create IPUIPlugin
2024-01-11 10:49:44,639 [INFO] IPUIPlugin:80 - create IPUIPlugin
2024-01-11 10:49:44,639 [INFO] IPUIPlugin:80 - create IPUIPlugin
2024-01-11 10:49:44,640 [INFO] IPUIPlugin:80 - create IPUIPlugin
2024-01-11 10:49:44,640 [INFO] IPUIPlugin:80 - create IPUIPlugin
2024-01-11 10:49:44,640 [INFO] IPUIPlugin:80 - create IPUIPlugin
2024-01-11 10:49:44,640 [INFO] IPUIPlugin:80 - create IPUIPlugin
2024-01-11 10:49:44,641 [INFO] IPUIPlugin:80 - create IPUIPlugin
2024-01-11 10:49:44,641 [INFO] IPUIPlugin:80 - create IPUIPlugin
2024-01-11 10:49:44,641 [INFO] IPUIPlugin:80 - create IPUIPlugin
2024-01-11 10:49:44,641 [INFO] IPUIPlugin:80 - create IPUIPlugin
2024-01-11 10:49:44,642 [INFO] IPUIPlugin:80 - create IPUIPlugin
2024-01-11 10:49:44,826 [INFO] CADModel:165 - CPN selected for project levelSTM32F072RBT6
2024-01-11 10:49:44,826 [INFO] CADModel:114 - Register for checkConnection events
2024-01-11 10:49:44,876 [INFO] OpenFileManager:328 - Restore cursor
2024-01-11 10:49:52,023 [INFO] I2cTimingTraitement:330 - 0x2000090E
2024-01-11 10:50:28,675 [INFO] NvicIntPanel:101 - NVIC parent = com.st.microxplorer.plugins.ip.nvic.MultiNvicIntPanel[,0,0,0x0,invalid,layout=javax.swing.BoxLayout,alignmentX=0.0,alignmentY=0.0,border=,flags=9,maximumSize=,minimumSize=,preferredSize=]
2024-01-11 10:50:28,810 [INFO] I2cTimingTraitement:330 - 0x2000090E
2024-01-11 10:50:35,986 [INFO] NvicIntPanel:101 - NVIC parent = com.st.microxplorer.plugins.ip.nvic.MultiNvicIntPanel[,0,0,0x0,invalid,layout=javax.swing.BoxLayout,alignmentX=0.0,alignmentY=0.0,border=,flags=9,maximumSize=,minimumSize=,preferredSize=]
2024-01-11 10:50:36,034 [INFO] I2cTimingTraitement:330 - 0x2000090E
2024-01-11 10:51:06,429 [INFO] UtilMem:75 - End SaveConfig() Used Memory: 639459688 Bytes (1073741824)
2024-01-11 10:51:08,539 [INFO] UtilMem:75 - End SaveConfig() Used Memory: 664099176 Bytes (1073741824)
2024-01-11 10:51:12,523 [INFO] UtilMem:75 - End SaveConfig() Used Memory: 736996136 Bytes (1073741824)
2024-01-11 10:51:12,844 [INFO] BlockDiagram:2759 - set Specific Code input for plugin: ADC
2024-01-11 10:51:12,844 [INFO] BlockDiagram:2759 - set Specific Code input for plugin: NVIC
2024-01-11 10:51:12,844 [INFO] BlockDiagram:2759 - set Specific Code input for plugin: USART
2024-01-11 10:51:12,844 [INFO] BlockDiagram:2759 - set Specific Code input for plugin: USART
2024-01-11 10:51:12,844 [INFO] BlockDiagram:2759 - set Specific Code input for plugin: TIM1_8F0
2024-01-11 10:51:12,844 [INFO] BlockDiagram:2759 - set Specific Code input for plugin: TIM1_8F0
2024-01-11 10:51:12,844 [INFO] BlockDiagram:2759 - set Specific Code input for plugin: SYS
2024-01-11 10:51:12,845 [INFO] BlockDiagram:2759 - set Specific Code input for plugin: GPIO
2024-01-11 10:51:12,845 [INFO] BlockDiagram:2759 - set Specific Code input for plugin: RCC
2024-01-11 10:51:12,845 [INFO] BlockDiagram:2759 - set Specific Code input for plugin: I2C
2024-01-11 10:51:12,846 [INFO] CodeGenerator:799 - code generatio: config db path: C:\ST\STM32CubeIDE_1.13.2\STM32CubeIDE\plugins\com.st.stm32cube.common.mx_6.9.2.202309101412\\db\
2024-01-11 10:51:13,089 [INFO] CodeEngine:255 - oldGeneratedFile, C:\Users\jespe\STM32CubeIDE\workspace_1.13.2\test\MXTmpFiles\license.tmp_save
2024-01-11 10:51:13,396 [INFO] CodeEngine:279 - Generated code: C:\Users\jespe\STM32CubeIDE\workspace_1.13.2\test\MXTmpFiles\license.tmp
2024-01-11 10:51:13,577 [INFO] CodeEngine:255 - oldGeneratedFile, C:\Users\jespe\STM32CubeIDE\workspace_1.13.2\test\MXTmpFiles\gpio.tmp_save
2024-01-11 10:51:13,697 [INFO] CodeEngine:279 - Generated code: C:\Users\jespe\STM32CubeIDE\workspace_1.13.2\test\MXTmpFiles\gpio.tmp
2024-01-11 10:51:14,080 [INFO] CodeEngine:255 - oldGeneratedFile, C:\Users\jespe\STM32CubeIDE\workspace_1.13.2\test\Core\Src\stm32f0xx_it.c_save
2024-01-11 10:51:14,204 [INFO] CodeEngine:279 - Generated code: C:\Users\jespe\STM32CubeIDE\workspace_1.13.2\test\Core\Src\stm32f0xx_it.c
2024-01-11 10:51:14,222 [INFO] CodeEngine:255 - oldGeneratedFile, C:\Users\jespe\STM32CubeIDE\workspace_1.13.2\test\Core\Inc\stm32f0xx_it.h_save
2024-01-11 10:51:14,309 [INFO] CodeEngine:279 - Generated code: C:\Users\jespe\STM32CubeIDE\workspace_1.13.2\test\Core\Inc\stm32f0xx_it.h
2024-01-11 10:51:14,335 [INFO] CodeEngine:255 - oldGeneratedFile, C:\Users\jespe\STM32CubeIDE\workspace_1.13.2\test\Core\Src\stm32f0xx_hal_msp.c_save
2024-01-11 10:51:14,493 [INFO] CodeEngine:279 - Generated code: C:\Users\jespe\STM32CubeIDE\workspace_1.13.2\test\Core\Src\stm32f0xx_hal_msp.c
2024-01-11 10:51:14,510 [INFO] CodeEngine:255 - oldGeneratedFile, C:\Users\jespe\STM32CubeIDE\workspace_1.13.2\test\MXTmpFiles\system.tmp_save
2024-01-11 10:51:14,579 [INFO] CodeEngine:279 - Generated code: C:\Users\jespe\STM32CubeIDE\workspace_1.13.2\test\MXTmpFiles\system.tmp
2024-01-11 10:51:14,609 [INFO] CodeEngine:311 - oldGeneratedFile, C:\Users\jespe\STM32CubeIDE\workspace_1.13.2\test\Core\Inc\stm32f0xx_hal_conf.h_save
2024-01-11 10:51:14,703 [INFO] CodeEngine:335 - Generated code: C:\Users\jespe\STM32CubeIDE\workspace_1.13.2\test\Core\Inc\stm32f0xx_hal_conf.h
2024-01-11 10:51:14,734 [WARN] IPConfigManager:3431 - IP not found : TIM
2024-01-11 10:51:14,735 [WARN] CodeGenerator:3764 - IP not found : null
2024-01-11 10:51:14,762 [INFO] CodeEngine:255 - oldGeneratedFile, C:\Users\jespe\STM32CubeIDE\workspace_1.13.2\test\Core\Inc\main.h_save
2024-01-11 10:51:14,893 [INFO] CodeEngine:279 - Generated code: C:\Users\jespe\STM32CubeIDE\workspace_1.13.2\test\Core\Inc\main.h
2024-01-11 10:51:14,912 [INFO] CodeEngine:255 - oldGeneratedFile, C:\Users\jespe\STM32CubeIDE\workspace_1.13.2\test\Core\Src\main.c_save
2024-01-11 10:51:15,073 [INFO] CodeEngine:279 - Generated code: C:\Users\jespe\STM32CubeIDE\workspace_1.13.2\test\Core\Src\main.c
2024-01-11 10:51:15,337 [INFO] ProjectBuilder:3064 - Time for Copy HAL[2] : 1mS.
2024-01-11 10:51:15,343 [INFO] ProjectBuilder:4404 - Project Generator version: 4.1.0
2024-01-11 10:51:15,589 [INFO] ConfigFileManager:1457 - The Die is : DIE448
2024-01-11 10:51:15,608 [INFO] ApiDbMcu:507 - Load IP Config File for FATFS
2024-01-11 10:51:15,618 [INFO] ApiDbMcu:507 - Load IP Config File for FREERTOS
2024-01-11 10:51:15,636 [INFO] ApiDbMcu:507 - Load IP Config File for TOUCHSENSING
2024-01-11 10:51:15,647 [INFO] ApiDbMcu:507 - Load IP Config File for USB_DEVICE
2024-01-11 10:51:16,719 [INFO] LogOutputStream:77 - [STDOUT_REDIRECT] 
2024-01-11 10:51:19,016 [INFO] ProjectBuilder:4626 - Time for Generating toolchain IDE Files: 3672mS.
2024-01-11 10:51:19,016 [INFO] ProjectBuilder:2935 - Time for Copy CMSIS : 0mS.
2024-01-11 10:51:19,019 [INFO] ProjectBuilder:2935 - Time for Copy CMSIS : 0mS.
2024-01-11 11:24:09,208 [INFO] MainUpdater:2868 - connection check result : 10
2024-01-11 11:24:09,209 [INFO] MainUpdater:2868 - connection check result : 10
2024-01-11 11:24:09,375 [INFO] I2cTimingTraitement:330 - 0x2000090E
2024-01-11 11:24:09,379 [INFO] MicroXplorer:468 - Change Database Path : 
2024-01-11 11:24:09,379 [INFO] MicroXplorer:498 - Change Database Version : DB.6.0.92
2024-01-11 11:24:09,399 [WARN] ThirdParty:871 - waiting for thirdparty lock release [close project]
2024-01-11 11:24:09,400 [INFO] ThirdParty:873 - entering critical section [close project]
2024-01-11 11:24:09,400 [INFO] ThirdParty:883 - exiting critical section [close project]
2024-01-11 11:24:09,401 [INFO] PinOutPanel:1499 - setPackage(No Configuration,No Configuration)
2024-01-11 11:24:09,406 [INFO] UtilMem:75 - Begin LoadConfig() Used Memory: 606279040 Bytes (1073741824)
2024-01-11 11:24:09,407 [INFO] MicroXplorer:468 - Change Database Path : 
2024-01-11 11:24:09,407 [INFO] MicroXplorer:498 - Change Database Version : DB.6.0.92
2024-01-11 11:24:09,407 [INFO] OpenFileManager:308 - Change cursor
2024-01-11 11:24:09,431 [INFO] RulesReader:64 - Compatibility file has been processed (293 Rules)
2024-01-11 11:24:09,436 [INFO] Mcu:1946 - Initializing MCU STM32F072R(8-B)Tx STM32F072RBTx STM32F072RBT6
2024-01-11 11:24:10,189 [INFO] Context:659 - Trying to add GPIOservice into a context  which must be forbidden
2024-01-11 11:24:10,436 [INFO] RtosManager:555 - Registered RTOS mode: class=CMSIS, group=RTOS, mode=CMSIS_V1, owner=FREERTOS
2024-01-11 11:24:10,437 [INFO] RtosManager:555 - Registered RTOS mode: class=CMSIS, group=RTOS2, mode=CMSIS_V2, owner=FREERTOS
2024-01-11 11:24:10,437 [INFO] RtosManager:555 - Registered RTOS mode: class=RTOS, group=Core, mode=CMSIS_V1, owner=FREERTOS
2024-01-11 11:24:10,437 [INFO] RtosManager:555 - Registered RTOS mode: class=RTOS, group=Core, mode=CMSIS_V2, owner=FREERTOS
2024-01-11 11:24:10,437 [WARN] ModelIntegratedComponent:184 - Missing modes for component STMicroelectronics:FreeRTOS:0.0.1:STMicroelectronics:RTOS:FreeRTOS:Core:::10.2.0:
2024-01-11 11:24:10,444 [WARN] ModelIntegratedComponent:63 - No mode defined for component null
2024-01-11 11:24:10,445 [WARN] ModelIntegratedComponent:63 - No mode defined for component null
2024-01-11 11:24:10,445 [WARN] ModelIntegratedComponent:63 - No mode defined for component null
2024-01-11 11:24:10,445 [WARN] ModelIntegratedComponent:63 - No mode defined for component null
2024-01-11 11:24:10,445 [WARN] ModelIntegratedComponent:63 - No mode defined for component null
2024-01-11 11:24:10,445 [WARN] ModelIntegratedComponent:63 - No mode defined for component null
2024-01-11 11:24:10,445 [WARN] ModelIntegratedComponent:63 - No mode defined for component null
2024-01-11 11:24:10,445 [WARN] ModelIntegratedComponent:63 - No mode defined for component null
2024-01-11 11:24:10,445 [WARN] ModelIntegratedComponent:63 - No mode defined for component null
2024-01-11 11:24:10,445 [WARN] ModelIntegratedComponent:63 - No mode defined for component null
2024-01-11 11:24:10,445 [WARN] ModelIntegratedComponent:63 - No mode defined for component null
2024-01-11 11:24:10,445 [WARN] ModelIntegratedComponent:63 - No mode defined for component null
2024-01-11 11:24:10,445 [WARN] ModelIntegratedComponent:63 - No mode defined for component null
2024-01-11 11:24:10,445 [WARN] ModelIntegratedComponent:63 - No mode defined for component null
2024-01-11 11:24:10,445 [WARN] ModelIntegratedComponent:63 - No mode defined for component null
2024-01-11 11:24:10,445 [WARN] ModelIntegratedComponent:63 - No mode defined for component null
2024-01-11 11:24:10,445 [WARN] ModelIntegratedComponent:63 - No mode defined for component null
2024-01-11 11:24:10,445 [WARN] ModelIntegratedComponent:63 - No mode defined for component null
2024-01-11 11:24:10,445 [WARN] ModelIntegratedComponent:63 - No mode defined for component null
2024-01-11 11:24:10,445 [WARN] ModelIntegratedComponent:63 - No mode defined for component null
2024-01-11 11:24:10,445 [WARN] ModelIntegratedComponent:63 - No mode defined for component null
2024-01-11 11:24:10,445 [WARN] ModelIntegratedComponent:63 - No mode defined for component null
2024-01-11 11:24:10,446 [WARN] ModelIntegratedComponent:63 - No mode defined for component null
2024-01-11 11:24:10,446 [WARN] ModelIntegratedComponent:63 - No mode defined for component null
2024-01-11 11:24:10,446 [WARN] ModelIntegratedComponent:63 - No mode defined for component null
2024-01-11 11:24:10,446 [WARN] ModelIntegratedComponent:63 - No mode defined for component null
2024-01-11 11:24:10,446 [WARN] ModelIntegratedComponent:63 - No mode defined for component null
2024-01-11 11:24:10,446 [WARN] ModelIntegratedComponent:63 - No mode defined for component null
2024-01-11 11:24:10,446 [WARN] ModelIntegratedComponent:63 - No mode defined for component null
2024-01-11 11:24:10,446 [WARN] ModelIntegratedComponent:63 - No mode defined for component null
2024-01-11 11:24:10,446 [WARN] ModelIntegratedComponent:63 - No mode defined for component null
2024-01-11 11:24:10,446 [WARN] ModelIntegratedComponent:63 - No mode defined for component null
2024-01-11 11:24:10,446 [WARN] ModelIntegratedComponent:63 - No mode defined for component null
2024-01-11 11:24:10,514 [INFO] ThirdPartyModel:298 - Start build external matchings
2024-01-11 11:24:11,184 [INFO] ThirdPartyModel:316 - End build external matchings
2024-01-11 11:24:11,194 [INFO] ImportTextPane:194 - (OptionalMessage_ERROR) IP (RCC) : Parameter (FLatency) has Id (AdvancedSettings) currently not set
2024-01-11 11:24:11,194 [INFO] ImportTextPane:194 - (OptionalMessage_ERROR) IP (RCC) : Invalid parameter (FamilyName)
2024-01-11 11:24:11,194 [INFO] ImportTextPane:194 - (OptionalMessage_ERROR) IP (RCC) : Invalid parameter (HSICECFreq_Value)
2024-01-11 11:24:11,195 [INFO] ImportTextPane:194 - (OptionalMessage_ERROR) IP (RCC) : Parameter (PREFETCH_ENABLE) has Id (AdvancedSettings) currently not set
2024-01-11 11:24:11,406 [INFO] UtilMem:75 - End LoadConfig() Used Memory: 695305816 Bytes (1073741824)
2024-01-11 11:24:11,434 [WARN] ThirdParty:833 - waiting for thirdparty lock release [change project]
2024-01-11 11:24:11,434 [INFO] ThirdParty:835 - entering critical section [change project]
2024-01-11 11:24:11,434 [INFO] ThirdParty:1030 - CMSIS Pack Vendor :STMicroelectronics X-CUBE-ISPU 1.1.0
2024-01-11 11:24:11,435 [INFO] ThirdParty:1030 - CMSIS Pack Vendor :STMicroelectronics USBPD 4.1
2024-01-11 11:24:11,435 [INFO] ThirdParty:1030 - CMSIS Pack Vendor :STMicroelectronics X-CUBE-GNSS1 6.0.0
2024-01-11 11:24:11,435 [INFO] ThirdParty:1030 - CMSIS Pack Vendor :STMicroelectronics USB_HOST 2.0.0
2024-01-11 11:24:11,435 [INFO] ThirdParty:1030 - CMSIS Pack Vendor :STMicroelectronics X-CUBE-AZRTOS-F4 1.1.0
2024-01-11 11:24:11,435 [INFO] ThirdParty:1030 - CMSIS Pack Vendor :STMicroelectronics LIBJPEG 8.0.0
2024-01-11 11:24:11,435 [INFO] ThirdParty:1030 - CMSIS Pack Vendor :wolfSSL I-CUBE-wolfSSL 5.6.3
2024-01-11 11:24:11,435 [INFO] ThirdParty:1030 - CMSIS Pack Vendor :STMicroelectronics X-CUBE-SMBUS 2.1.0
2024-01-11 11:24:11,435 [INFO] ThirdParty:1030 - CMSIS Pack Vendor :STMicroelectronics USB_DEVICE 3.0.0
2024-01-11 11:24:11,435 [INFO] ThirdParty:1030 - CMSIS Pack Vendor :STMicroelectronics X-CUBE-AZRTOS-WB 2.0.0
2024-01-11 11:24:11,435 [INFO] ThirdParty:1030 - CMSIS Pack Vendor :STMicroelectronics X-CUBE-TOUCHGFX 4.23.0
2024-01-11 11:24:11,435 [INFO] ThirdParty:1030 - CMSIS Pack Vendor :STMicroelectronics X-CUBE-AZRTOS-F7 1.1.0
2024-01-11 11:24:11,435 [INFO] ThirdParty:1030 - CMSIS Pack Vendor :STMicroelectronics X-CUBE-AZRTOS-L5 2.0.0
2024-01-11 11:24:11,435 [INFO] ThirdParty:1030 - CMSIS Pack Vendor :STMicroelectronics USB_DEVICE 2.0.0
2024-01-11 11:24:11,435 [INFO] ThirdParty:1030 - CMSIS Pack Vendor :STMicroelectronics X-CUBE-MEMS1 9.6.0
2024-01-11 11:24:11,435 [INFO] ThirdParty:1030 - CMSIS Pack Vendor :STMicroelectronics X-CUBE-EEPRMA1 4.2.0
2024-01-11 11:24:11,435 [INFO] ThirdParty:1030 - CMSIS Pack Vendor :ITTIA_DB I-CUBE-ITTIADB 8.8.0
2024-01-11 11:24:11,435 [INFO] ThirdParty:1030 - CMSIS Pack Vendor :STMicroelectronics FP-SNS-MOTENV1 4.3.2
2024-01-11 11:24:11,435 [INFO] ThirdParty:1030 - CMSIS Pack Vendor :STMicroelectronics X-CUBE-ALGOBUILD 1.3.0
2024-01-11 11:24:11,435 [INFO] ThirdParty:1030 - CMSIS Pack Vendor :STMicroelectronics FreeRTOS 0.0.1
2024-01-11 11:24:11,435 [INFO] ThirdParty:1030 - CMSIS Pack Vendor :STMicroelectronics X-CUBE-AZRTOS-G0 1.1.0
2024-01-11 11:24:11,435 [INFO] ThirdParty:1030 - CMSIS Pack Vendor :STMicroelectronics X-CUBE-BLEMGR 2.0.0
2024-01-11 11:24:11,435 [INFO] ThirdParty:1030 - CMSIS Pack Vendor :STMicroelectronics X-CUBE-NFC4 3.0.0
2024-01-11 11:24:11,435 [INFO] ThirdParty:1030 - CMSIS Pack Vendor :STMicroelectronics X-CUBE-SUBG2 5.0.0
2024-01-11 11:24:11,435 [INFO] ThirdParty:1030 - CMSIS Pack Vendor :STMicroelectronics STM32_WPAN 1.0.0
2024-01-11 11:24:11,435 [INFO] ThirdParty:1030 - CMSIS Pack Vendor :STMicroelectronics lwIP 2.0.3
2024-01-11 11:24:11,436 [INFO] ThirdParty:1030 - CMSIS Pack Vendor :STMicroelectronics FP-SNS-FLIGHT1 5.0.2
2024-01-11 11:24:11,436 [INFO] ThirdParty:1030 - CMSIS Pack Vendor :STMicroelectronics USB_HOST 1.0.0
2024-01-11 11:24:11,436 [INFO] ThirdParty:1030 - CMSIS Pack Vendor :STMicroelectronics X-CUBE-TOF1 3.3.1
2024-01-11 11:24:11,436 [INFO] ThirdParty:1030 - CMSIS Pack Vendor :STMicroelectronics X-CUBE-AZRTOS-G4 2.0.0
2024-01-11 11:24:11,436 [INFO] ThirdParty:1030 - CMSIS Pack Vendor :STMicroelectronics PDM2PCM 3.1.0
2024-01-11 11:24:11,436 [INFO] ThirdParty:1030 - CMSIS Pack Vendor :STMicroelectronics X-CUBE-AZRTOS-H7 3.1.0
2024-01-11 11:24:11,436 [INFO] ThirdParty:1030 - CMSIS Pack Vendor :Infineon AIROC-Wi-Fi-Bluetooth-STM32 1.5.1
2024-01-11 11:24:11,436 [INFO] ThirdParty:1030 - CMSIS Pack Vendor :STMicroelectronics X-CUBE-BLEMGR 3.0.0
2024-01-11 11:24:11,436 [INFO] ThirdParty:1030 - CMSIS Pack Vendor :STMicroelectronics PDM2PCM 3.3.0
2024-01-11 11:24:11,436 [INFO] ThirdParty:1030 - CMSIS Pack Vendor :STMicroelectronics X-CUBE-DISPLAY 3.0.0
2024-01-11 11:24:11,436 [INFO] ThirdParty:1030 - CMSIS Pack Vendor :STMicroelectronics FP-SNS-MOTENVWB1 1.3.0
2024-01-11 11:24:11,436 [INFO] ThirdParty:1030 - CMSIS Pack Vendor :STMicroelectronics FP-SNS-MOTENVWB1 1.3.1
2024-01-11 11:24:11,436 [INFO] ThirdParty:1030 - CMSIS Pack Vendor :STMicroelectronics X-CUBE-BLE1 7.0.0
2024-01-11 11:24:11,436 [INFO] ThirdParty:1030 - CMSIS Pack Vendor :STMicroelectronics FP-ATR-SIGFOX1 3.2.0
2024-01-11 11:24:11,436 [INFO] ThirdParty:1030 - CMSIS Pack Vendor :STMicroelectronics X-CUBE-ISPU 2.0.0
2024-01-11 11:24:11,436 [INFO] ThirdParty:1030 - CMSIS Pack Vendor :STMicroelectronics HAL Drivers 0.0.0
2024-01-11 11:24:11,436 [INFO] ThirdParty:1030 - CMSIS Pack Vendor :STMicroelectronics MBEDTLS 2.16.2
2024-01-11 11:24:11,436 [INFO] ThirdParty:1030 - CMSIS Pack Vendor :emotas I-CUBE-CANOPEN 1.3.0
2024-01-11 11:24:11,436 [INFO] ThirdParty:1030 - CMSIS Pack Vendor :STMicroelectronics X-CUBE-MEMS1 10.0.0
2024-01-11 11:24:11,436 [INFO] ThirdParty:1030 - CMSIS Pack Vendor :STMicroelectronics X-CUBE-FREERTOS 1.1.0
2024-01-11 11:24:11,436 [INFO] ThirdParty:1030 - CMSIS Pack Vendor :STMicroelectronics X-CUBE-TOUCHGFX 4.22.0
2024-01-11 11:24:11,436 [INFO] ThirdParty:1030 - CMSIS Pack Vendor :STMicroelectronics X-CUBE-NFC7 1.0.1
2024-01-11 11:24:11,436 [INFO] ThirdParty:1030 - CMSIS Pack Vendor :STMicroelectronics MBEDTLS 2.14.1
2024-01-11 11:24:11,436 [INFO] ThirdParty:1030 - CMSIS Pack Vendor :STMicroelectronics X-CUBE-TOUCHGFX 4.22.1
2024-01-11 11:24:11,437 [INFO] ThirdParty:1030 - CMSIS Pack Vendor :STMicroelectronics X-CUBE-NFC6 3.0.0
2024-01-11 11:24:11,437 [INFO] ThirdParty:1030 - CMSIS Pack Vendor :STMicroelectronics X-CUBE-EEPRMA1 4.1.0
2024-01-11 11:24:11,437 [INFO] ThirdParty:1030 - CMSIS Pack Vendor :portGmbH I-Cube-SoM-uGOAL 1.1.0
2024-01-11 11:24:11,437 [INFO] ThirdParty:1030 - CMSIS Pack Vendor :STMicroelectronics X-CUBE-ALS 1.0.1
2024-01-11 11:24:11,437 [INFO] ThirdParty:1030 - CMSIS Pack Vendor :STMicroelectronics ThreadX 1.0.0
2024-01-11 11:24:11,437 [INFO] ThirdParty:1030 - CMSIS Pack Vendor :STMicroelectronics FP-SNS-SMARTAG2 1.2.0
2024-01-11 11:24:11,437 [INFO] ThirdParty:1030 - CMSIS Pack Vendor :STMicroelectronics X-CUBE-AZRTOS-WL 2.0.0
2024-01-11 11:24:11,437 [INFO] ThirdParty:1030 - CMSIS Pack Vendor :SEGGER I-CUBE-embOS 1.3.1
2024-01-11 11:24:11,437 [INFO] ThirdParty:1030 - CMSIS Pack Vendor :STMicroelectronics USB_DEVICE 1.0.0
2024-01-11 11:24:11,437 [INFO] ThirdParty:1030 - CMSIS Pack Vendor :STMicroelectronics X-CUBE-AI 8.1.0
2024-01-11 11:24:11,437 [INFO] ThirdParty:1030 - CMSIS Pack Vendor :STMicroelectronics X-CUBE-AZRTOS-L4 2.0.0
2024-01-11 11:24:11,437 [INFO] ThirdParty:1030 - CMSIS Pack Vendor :STMicroelectronics ThreadX 0.0.2
2024-01-11 11:24:11,437 [INFO] ThirdParty:1030 - CMSIS Pack Vendor :WES I-CUBE-Cesium 1.3.0
2024-01-11 11:24:11,437 [INFO] ThirdParty:1030 - CMSIS Pack Vendor :STMicroelectronics FP-ATR-ASTRA1 2.0.0
2024-01-11 11:24:11,437 [INFO] ThirdParty:1030 - CMSIS Pack Vendor :STMicroelectronics lwIP 2.1.2
2024-01-11 11:24:11,437 [INFO] ThirdParty:1030 - CMSIS Pack Vendor :STMicroelectronics X-CUBE-SFXS2LP1 4.0.0
2024-01-11 11:24:11,437 [INFO] ThirdParty:1030 - CMSIS Pack Vendor :STMicroelectronics X-CUBE-BLE2 3.3.0
2024-01-11 11:24:11,437 [INFO] ThirdParty:1030 - CMSIS Pack Vendor :STMicroelectronics X-CUBE-TOF1 3.4.0
2024-01-11 11:24:11,437 [INFO] ThirdParty:1030 - CMSIS Pack Vendor :STMicroelectronics X-CUBE-AZRTOS-H7 3.2.0
2024-01-11 11:24:11,437 [INFO] ThirdParty:1030 - CMSIS Pack Vendor :STMicroelectronics PDM2PCM 3.2.0
2024-01-11 11:24:11,437 [INFO] ThirdParty:841 - exiting critical section [change project]
2024-01-11 11:24:11,564 [INFO] PinOutPanel:1499 - setPackage(No Configuration,No Configuration)
2024-01-11 11:24:11,565 [INFO] PinOutPanel:1499 - setPackage(STM32F072RBTx,LQFP64)
2024-01-11 11:24:12,020 [INFO] UtilMem:75 - Before build in PCC Used Memory: 899834600 Bytes (1073741824)
2024-01-11 11:24:12,205 [INFO] UtilMem:75 - After build in PCC Used Memory: 943874792 Bytes (1073741824)
2024-01-11 11:24:12,232 [INFO] IPUIPlugin:80 - create IPUIPlugin
2024-01-11 11:24:12,232 [INFO] IPUIPlugin:80 - create IPUIPlugin
2024-01-11 11:24:12,232 [INFO] IPUIPlugin:80 - create IPUIPlugin
2024-01-11 11:24:12,232 [INFO] IPUIPlugin:80 - create IPUIPlugin
2024-01-11 11:24:12,232 [INFO] IPUIPlugin:80 - create IPUIPlugin
2024-01-11 11:24:12,232 [INFO] IPUIPlugin:80 - create IPUIPlugin
2024-01-11 11:24:12,232 [INFO] IPUIPlugin:80 - create IPUIPlugin
2024-01-11 11:24:12,233 [INFO] IPUIPlugin:80 - create IPUIPlugin
2024-01-11 11:24:12,233 [INFO] IPUIPlugin:80 - create IPUIPlugin
2024-01-11 11:24:12,233 [INFO] IPUIPlugin:80 - create IPUIPlugin
2024-01-11 11:24:12,233 [INFO] IPUIPlugin:80 - create IPUIPlugin
2024-01-11 11:24:12,233 [INFO] IPUIPlugin:80 - create IPUIPlugin
2024-01-11 11:24:12,233 [INFO] IPUIPlugin:80 - create IPUIPlugin
2024-01-11 11:24:12,233 [INFO] IPUIPlugin:80 - create IPUIPlugin
2024-01-11 11:24:12,233 [INFO] IPUIPlugin:80 - create IPUIPlugin
2024-01-11 11:24:12,233 [INFO] IPUIPlugin:80 - create IPUIPlugin
2024-01-11 11:24:12,233 [INFO] IPUIPlugin:80 - create IPUIPlugin
2024-01-11 11:24:12,234 [INFO] IPUIPlugin:80 - create IPUIPlugin
2024-01-11 11:24:12,234 [INFO] IPUIPlugin:80 - create IPUIPlugin
2024-01-11 11:24:12,234 [INFO] IPUIPlugin:80 - create IPUIPlugin
2024-01-11 11:24:12,234 [INFO] IPUIPlugin:80 - create IPUIPlugin
2024-01-11 11:24:12,234 [INFO] IPUIPlugin:80 - create IPUIPlugin
2024-01-11 11:24:12,234 [INFO] IPUIPlugin:80 - create IPUIPlugin
2024-01-11 11:24:12,234 [INFO] IPUIPlugin:80 - create IPUIPlugin
2024-01-11 11:24:12,235 [INFO] IPUIPlugin:80 - create IPUIPlugin
2024-01-11 11:24:12,235 [INFO] IPUIPlugin:80 - create IPUIPlugin
2024-01-11 11:24:12,235 [INFO] IPUIPlugin:80 - create IPUIPlugin
2024-01-11 11:24:12,235 [INFO] IPUIPlugin:80 - create IPUIPlugin
2024-01-11 11:24:12,235 [INFO] IPUIPlugin:80 - create IPUIPlugin
2024-01-11 11:24:12,235 [INFO] IPUIPlugin:80 - create IPUIPlugin
2024-01-11 11:24:12,236 [INFO] IPUIPlugin:80 - create IPUIPlugin
2024-01-11 11:24:12,236 [INFO] IPUIPlugin:80 - create IPUIPlugin
2024-01-11 11:24:12,236 [INFO] IPUIPlugin:80 - create IPUIPlugin
2024-01-11 11:24:12,236 [INFO] IPUIPlugin:80 - create IPUIPlugin
2024-01-11 11:24:12,236 [INFO] IPUIPlugin:80 - create IPUIPlugin
2024-01-11 11:24:12,237 [INFO] IPUIPlugin:80 - create IPUIPlugin
2024-01-11 11:24:12,237 [INFO] IPUIPlugin:80 - create IPUIPlugin
2024-01-11 11:24:12,237 [INFO] IPUIPlugin:80 - create IPUIPlugin
2024-01-11 11:24:12,237 [INFO] IPUIPlugin:80 - create IPUIPlugin
2024-01-11 11:24:12,237 [INFO] IPUIPlugin:80 - create IPUIPlugin
2024-01-11 11:24:12,238 [INFO] IPUIPlugin:80 - create IPUIPlugin
2024-01-11 11:24:12,284 [INFO] CADModel:165 - CPN selected for project levelSTM32F072RBT6
2024-01-11 11:24:12,285 [INFO] CADModel:114 - Register for checkConnection events
2024-01-11 11:24:12,321 [INFO] OpenFileManager:328 - Restore cursor
2024-01-11 11:52:59,319 [INFO] Gpio:273 - dependency for GPIO [ADC, I2C1, RCC, SYS, TIM1, USART1, USART2]
2024-01-11 11:53:17,505 [INFO] UtilMem:75 - End SaveConfig() Used Memory: 685032080 Bytes (1073741824)
2024-01-11 11:53:19,429 [INFO] UtilMem:75 - End SaveConfig() Used Memory: 708675552 Bytes (1073741824)
2024-01-11 11:53:20,526 [INFO] UtilMem:75 - End SaveConfig() Used Memory: 818759792 Bytes (1073741824)
2024-01-11 11:53:20,677 [INFO] BlockDiagram:2759 - set Specific Code input for plugin: ADC
2024-01-11 11:53:20,677 [INFO] BlockDiagram:2759 - set Specific Code input for plugin: NVIC
2024-01-11 11:53:20,677 [INFO] BlockDiagram:2759 - set Specific Code input for plugin: USART
2024-01-11 11:53:20,677 [INFO] BlockDiagram:2759 - set Specific Code input for plugin: USART
2024-01-11 11:53:20,677 [INFO] BlockDiagram:2759 - set Specific Code input for plugin: TIM1_8F0
2024-01-11 11:53:20,677 [INFO] BlockDiagram:2759 - set Specific Code input for plugin: TIM1_8F0
2024-01-11 11:53:20,677 [INFO] BlockDiagram:2759 - set Specific Code input for plugin: SYS
2024-01-11 11:53:20,677 [INFO] BlockDiagram:2759 - set Specific Code input for plugin: GPIO
2024-01-11 11:53:20,677 [INFO] BlockDiagram:2759 - set Specific Code input for plugin: RCC
2024-01-11 11:53:20,677 [INFO] BlockDiagram:2759 - set Specific Code input for plugin: I2C
2024-01-11 11:53:20,678 [INFO] CodeGenerator:799 - code generatio: config db path: C:\ST\STM32CubeIDE_1.13.2\STM32CubeIDE\plugins\com.st.stm32cube.common.mx_6.9.2.202309101412\\db\
2024-01-11 11:53:20,837 [INFO] CodeEngine:255 - oldGeneratedFile, C:\Users\jespe\STM32CubeIDE\workspace_1.13.2\test\MXTmpFiles\license.tmp_save
2024-01-11 11:53:21,005 [INFO] CodeEngine:279 - Generated code: C:\Users\jespe\STM32CubeIDE\workspace_1.13.2\test\MXTmpFiles\license.tmp
2024-01-11 11:53:21,067 [INFO] CodeEngine:255 - oldGeneratedFile, C:\Users\jespe\STM32CubeIDE\workspace_1.13.2\test\MXTmpFiles\gpio.tmp_save
2024-01-11 11:53:21,156 [INFO] CodeEngine:279 - Generated code: C:\Users\jespe\STM32CubeIDE\workspace_1.13.2\test\MXTmpFiles\gpio.tmp
2024-01-11 11:53:21,469 [INFO] CodeEngine:255 - oldGeneratedFile, C:\Users\jespe\STM32CubeIDE\workspace_1.13.2\test\Core\Src\stm32f0xx_it.c_save
2024-01-11 11:53:21,647 [INFO] CodeEngine:279 - Generated code: C:\Users\jespe\STM32CubeIDE\workspace_1.13.2\test\Core\Src\stm32f0xx_it.c
2024-01-11 11:53:21,668 [INFO] CodeEngine:255 - oldGeneratedFile, C:\Users\jespe\STM32CubeIDE\workspace_1.13.2\test\Core\Inc\stm32f0xx_it.h_save
2024-01-11 11:53:21,741 [INFO] CodeEngine:279 - Generated code: C:\Users\jespe\STM32CubeIDE\workspace_1.13.2\test\Core\Inc\stm32f0xx_it.h
2024-01-11 11:53:21,778 [INFO] CodeEngine:255 - oldGeneratedFile, C:\Users\jespe\STM32CubeIDE\workspace_1.13.2\test\Core\Src\stm32f0xx_hal_msp.c_save
2024-01-11 11:53:21,915 [INFO] CodeEngine:279 - Generated code: C:\Users\jespe\STM32CubeIDE\workspace_1.13.2\test\Core\Src\stm32f0xx_hal_msp.c
2024-01-11 11:53:21,932 [INFO] CodeEngine:255 - oldGeneratedFile, C:\Users\jespe\STM32CubeIDE\workspace_1.13.2\test\MXTmpFiles\system.tmp_save
2024-01-11 11:53:21,993 [INFO] CodeEngine:279 - Generated code: C:\Users\jespe\STM32CubeIDE\workspace_1.13.2\test\MXTmpFiles\system.tmp
2024-01-11 11:53:22,015 [INFO] CodeEngine:311 - oldGeneratedFile, C:\Users\jespe\STM32CubeIDE\workspace_1.13.2\test\Core\Inc\stm32f0xx_hal_conf.h_save
2024-01-11 11:53:22,092 [INFO] CodeEngine:335 - Generated code: C:\Users\jespe\STM32CubeIDE\workspace_1.13.2\test\Core\Inc\stm32f0xx_hal_conf.h
2024-01-11 11:53:22,111 [WARN] IPConfigManager:3431 - IP not found : TIM
2024-01-11 11:53:22,112 [WARN] CodeGenerator:3764 - IP not found : null
2024-01-11 11:53:22,132 [INFO] CodeEngine:255 - oldGeneratedFile, C:\Users\jespe\STM32CubeIDE\workspace_1.13.2\test\Core\Inc\main.h_save
2024-01-11 11:53:22,221 [INFO] CodeEngine:279 - Generated code: C:\Users\jespe\STM32CubeIDE\workspace_1.13.2\test\Core\Inc\main.h
2024-01-11 11:53:22,239 [INFO] CodeEngine:255 - oldGeneratedFile, C:\Users\jespe\STM32CubeIDE\workspace_1.13.2\test\Core\Src\main.c_save
2024-01-11 11:53:22,365 [INFO] CodeEngine:279 - Generated code: C:\Users\jespe\STM32CubeIDE\workspace_1.13.2\test\Core\Src\main.c
2024-01-11 11:53:22,655 [INFO] ProjectBuilder:3064 - Time for Copy HAL[2] : 0mS.
2024-01-11 11:53:22,660 [INFO] ProjectBuilder:4404 - Project Generator version: 4.1.0
2024-01-11 11:53:22,877 [INFO] ConfigFileManager:1457 - The Die is : DIE448
2024-01-11 11:53:22,885 [INFO] ApiDbMcu:507 - Load IP Config File for FATFS
2024-01-11 11:53:22,895 [INFO] ApiDbMcu:507 - Load IP Config File for FREERTOS
2024-01-11 11:53:22,915 [INFO] ApiDbMcu:507 - Load IP Config File for TOUCHSENSING
2024-01-11 11:53:22,925 [INFO] ApiDbMcu:507 - Load IP Config File for USB_DEVICE
2024-01-11 11:53:24,492 [INFO] ProjectBuilder:4626 - Time for Generating toolchain IDE Files: 1832mS.
2024-01-11 11:53:24,492 [INFO] ProjectBuilder:2935 - Time for Copy CMSIS : 0mS.
2024-01-11 11:53:24,496 [INFO] ProjectBuilder:2935 - Time for Copy CMSIS : 0mS.
