2024-01-12 10:55:18,709 [INFO] Activator:176 - 


2024-01-12 10:55:18,714 [INFO] Activator:177 - !SESSION log4j initialized
2024-01-12 10:55:24,328 [INFO] LogOutputStream:77 - [STDOUT_REDIRECT] 
2024-01-12 10:55:25,325 [INFO] ApplicationProperties:184 - Using Application install path: C:\ST\STM32CubeIDE_1.13.2\STM32CubeIDE\plugins\com.st.stm32cube.common.mx_6.9.2.202309101412
2024-01-12 10:55:25,344 [INFO] DbMcusXml:78 - Set database path to: C:\ST\STM32CubeIDE_1.13.2\STM32CubeIDE\plugins\com.st.stm32cube.common.mx_6.9.2.202309101412\\db\/mcu/
2024-01-12 10:55:25,344 [INFO] ApiDb:274 - Set plugin database path to: C:\ST\STM32CubeIDE_1.13.2\STM32CubeIDE\plugins\com.st.stm32cube.common.mx_6.9.2.202309101412\\db\/plugins/boardmanager/
2024-01-12 10:55:25,345 [WARN] ApiDb:259 - Overriding images path with different value:  => C:\ST\STM32CubeIDE_1.13.2\STM32CubeIDE\plugins\com.st.stm32cube.common.mx_6.9.2.202309101412\\db\/plugins/mcufinder/images/
2024-01-12 10:55:25,356 [INFO] ApiDb:250 - Set database path to: C:\Users\jespe\.stmcufinder\plugins\mcufinder//mcu/
2024-01-12 10:55:25,357 [INFO] DbMcusAds:125 - Set database path to: C:\Users\jespe\.stmcufinder\plugins\mcufinder//mcu/
2024-01-12 10:55:25,359 [INFO] CrossReferenceDbSqlite:203 - Set database path to: C:\Users\jespe\.stmcufinder\plugins\mcufinder//mcu/cs/
2024-01-12 10:55:25,461 [INFO] RulesReader:64 - Compatibility file has been processed (293 Rules)
2024-01-12 10:55:25,537 [INFO] DbMcusXml:78 - Set database path to: C:\ST\STM32CubeIDE_1.13.2\STM32CubeIDE\plugins\com.st.stm32cube.common.mx_6.9.2.202309101412\\db\/mcu/
2024-01-12 10:55:25,537 [INFO] ApiDb:274 - Set plugin database path to: C:\ST\STM32CubeIDE_1.13.2\STM32CubeIDE\plugins\com.st.stm32cube.common.mx_6.9.2.202309101412\\db\/plugins/boardmanager/
2024-01-12 10:55:25,537 [INFO] ApiDb:261 - Set plugin images path to: C:\ST\STM32CubeIDE_1.13.2\STM32CubeIDE\plugins\com.st.stm32cube.common.mx_6.9.2.202309101412\\db\/plugins/mcufinder/images/
2024-01-12 10:55:25,538 [WARN] DbFile:41 - Overriding database path with different value: C:\Users\jespe\.stmcufinder\plugins\mcufinder/ => C:\Users\jespe\.stmcufinder\plugins\mcufinder
2024-01-12 10:55:25,538 [INFO] ApiDb:250 - Set database path to: C:\Users\jespe\.stmcufinder\plugins\mcufinder//mcu/
2024-01-12 10:55:25,538 [WARN] DbFile:41 - Overriding database path with different value: C:\Users\jespe\.stmcufinder\plugins\mcufinder/ => C:\Users\jespe\.stmcufinder\plugins\mcufinder
2024-01-12 10:55:25,538 [INFO] DbMcusAds:125 - Set database path to: C:\Users\jespe\.stmcufinder\plugins\mcufinder//mcu/
2024-01-12 10:55:25,538 [WARN] DbFile:41 - Overriding database path with different value: C:\Users\jespe\.stmcufinder\plugins\mcufinder/ => C:\Users\jespe\.stmcufinder\plugins\mcufinder
2024-01-12 10:55:25,538 [WARN] DbFile:41 - Overriding database path with different value: C:\Users\jespe\.stmcufinder\plugins\mcufinder/ => C:\Users\jespe\.stmcufinder\plugins\mcufinder
2024-01-12 10:55:25,538 [INFO] CrossReferenceDbSqlite:203 - Set database path to: C:\Users\jespe\.stmcufinder\plugins\mcufinder//mcu/cs/
2024-01-12 10:55:25,613 [INFO] MainPanel:262 - HeapMemory: 268435456
2024-01-12 10:55:25,696 [INFO] DbMcusXml:78 - Set database path to: C:\ST\STM32CubeIDE_1.13.2\STM32CubeIDE\plugins\com.st.stm32cube.common.mx_6.9.2.202309101412\\db\/mcu/
2024-01-12 10:55:25,696 [INFO] ApiDb:274 - Set plugin database path to: C:\ST\STM32CubeIDE_1.13.2\STM32CubeIDE\plugins\com.st.stm32cube.common.mx_6.9.2.202309101412\\db\/plugins/boardmanager/
2024-01-12 10:55:25,696 [INFO] ApiDb:261 - Set plugin images path to: C:\ST\STM32CubeIDE_1.13.2\STM32CubeIDE\plugins\com.st.stm32cube.common.mx_6.9.2.202309101412\\db\/plugins/mcufinder/images/
2024-01-12 10:55:25,697 [WARN] DbFile:41 - Overriding database path with different value: C:\Users\jespe\.stmcufinder\plugins\mcufinder/ => C:\Users\jespe\.stmcufinder\plugins\mcufinder
2024-01-12 10:55:25,697 [INFO] ApiDb:250 - Set database path to: C:\Users\jespe\.stmcufinder\plugins\mcufinder//mcu/
2024-01-12 10:55:25,697 [WARN] DbFile:41 - Overriding database path with different value: C:\Users\jespe\.stmcufinder\plugins\mcufinder/ => C:\Users\jespe\.stmcufinder\plugins\mcufinder
2024-01-12 10:55:25,697 [INFO] DbMcusAds:125 - Set database path to: C:\Users\jespe\.stmcufinder\plugins\mcufinder//mcu/
2024-01-12 10:55:25,697 [WARN] DbFile:41 - Overriding database path with different value: C:\Users\jespe\.stmcufinder\plugins\mcufinder/ => C:\Users\jespe\.stmcufinder\plugins\mcufinder
2024-01-12 10:55:25,697 [WARN] DbFile:41 - Overriding database path with different value: C:\Users\jespe\.stmcufinder\plugins\mcufinder/ => C:\Users\jespe\.stmcufinder\plugins\mcufinder
2024-01-12 10:55:25,697 [INFO] CrossReferenceDbSqlite:203 - Set database path to: C:\Users\jespe\.stmcufinder\plugins\mcufinder//mcu/cs/
2024-01-12 10:55:25,713 [INFO] ApplicationProperties:184 - Using Application install path: C:\ST\STM32CubeIDE_1.13.2\STM32CubeIDE\plugins\com.st.stm32cube.common.mx_6.9.2.202309101412
2024-01-12 10:55:25,714 [INFO] PluginManage:196 - Search for loadable plugins [exclusion list=, ]
2024-01-12 10:55:25,715 [INFO] PluginManage:310 - Check plugin analytics
2024-01-12 10:55:25,865 [INFO] AnalyticsPlugin:253 - Accepted Software Licenses: 
2024-01-12 10:55:25,865 [INFO] AnalyticsPlugin:255 - Accepted CMSIS Pack Licenses: 
2024-01-12 10:55:25,866 [INFO] AnalyticsPlugin:257 - Accepted Firmware Licenses: 
2024-01-12 10:55:25,868 [INFO] PluginManage:359 - Loaded plugin analytics (category:tool,tabindex:-1)
2024-01-12 10:55:25,868 [INFO] PluginManage:310 - Check plugin cadmodel
2024-01-12 10:55:25,881 [INFO] CADModel:105 - Init CAD model plugin
2024-01-12 10:55:25,881 [INFO] PluginManage:359 - Loaded plugin cadmodel (category:power,tabindex:5)
2024-01-12 10:55:25,881 [INFO] PluginManage:310 - Check plugin clock
2024-01-12 10:55:25,899 [INFO] PluginManage:359 - Loaded plugin clock (category:base,tabindex:2)
2024-01-12 10:55:25,899 [INFO] PluginManage:310 - Check plugin ddr
2024-01-12 10:55:25,903 [INFO] PluginManage:359 - Loaded plugin ddr (category:tool,tabindex:6)
2024-01-12 10:55:25,903 [INFO] PluginManage:310 - Check plugin filemanager
2024-01-12 10:55:26,019 [INFO] PluginManage:359 - Loaded plugin filemanager (category:base,tabindex:10)
2024-01-12 10:55:26,019 [INFO] PluginManage:310 - Check plugin ipmanager
2024-01-12 10:55:26,027 [INFO] PluginManage:359 - Loaded plugin ipmanager (category:base,tabindex:5)
2024-01-12 10:55:26,027 [INFO] PluginManage:310 - Check plugin lpbam
2024-01-12 10:55:26,043 [INFO] PluginManage:359 - Loaded plugin lpbam (category:base,tabindex:0)
2024-01-12 10:55:26,043 [INFO] PluginManage:310 - Check plugin memorymap
2024-01-12 10:55:26,064 [INFO] PluginManage:359 - Loaded plugin memorymap (category:base,tabindex:4)
2024-01-12 10:55:26,065 [INFO] PluginManage:310 - Check plugin pinoutandconfiguration
2024-01-12 10:55:26,083 [INFO] PluginManage:359 - Loaded plugin pinoutandconfiguration (category:base,tabindex:1)
2024-01-12 10:55:26,083 [INFO] PluginManage:310 - Check plugin pinoutconfig
2024-01-12 10:55:26,166 [WARN] SupportedApi:132 - Cannot load RTOS API schema: s4s-elt-must-match.1: The content of 'definitions' must match (annotation?, (simpleType | complexType)?, (unique | key | keyref)*)). A problem was found starting at: attribute.
2024-01-12 10:55:26,278 [INFO] PluginManage:359 - Loaded plugin pinoutconfig (category:base,tabindex:0)
2024-01-12 10:55:26,278 [INFO] PluginManage:310 - Check plugin power
2024-01-12 10:55:26,300 [INFO] PluginManage:359 - Loaded plugin power (category:power,tabindex:4)
2024-01-12 10:55:26,300 [INFO] PluginManage:310 - Check plugin projectmanager
2024-01-12 10:55:26,315 [INFO] PluginManage:359 - Loaded plugin projectmanager (category:projectmanager,tabindex:3)
2024-01-12 10:55:26,315 [INFO] PluginManage:310 - Check plugin thirdparty
2024-01-12 10:55:26,553 [INFO] PluginManage:359 - Loaded plugin thirdparty (category:base,tabindex:-1)
2024-01-12 10:55:26,553 [WARN] IntegrityCheckThread:84 - waiting for thirdparty lock release [integrity check]
2024-01-12 10:55:26,553 [INFO] PluginManage:310 - Check plugin tools
2024-01-12 10:55:26,554 [INFO] IntegrityCheckThread:86 - entering critical section [integrity check]
2024-01-12 10:55:26,554 [INFO] ThirdPartyUpdaterWithRetryManager:70 - Updater plugin not ready yet. [1/15]
2024-01-12 10:55:26,583 [INFO] PluginManage:359 - Loaded plugin tools (category:base,tabindex:7)
2024-01-12 10:55:26,583 [INFO] PluginManage:310 - Check plugin tutovideos
2024-01-12 10:55:26,747 [INFO] PluginManage:359 - Loaded plugin tutovideos (category:base,tabindex:-1)
2024-01-12 10:55:26,747 [INFO] PluginManage:310 - Check plugin updater
2024-01-12 10:55:26,756 [INFO] PluginManage:359 - Loaded plugin updater (category:base,tabindex:12)
2024-01-12 10:55:26,756 [INFO] PluginManage:310 - Check plugin userauth
2024-01-12 10:55:26,762 [INFO] UserAuth:113 - Init User Auth plugin
2024-01-12 10:55:26,762 [INFO] PluginManage:359 - Loaded plugin userauth (category:base,tabindex:14)
2024-01-12 10:55:26,762 [INFO] PluginManage:283 - PluginManage : Loaded plugins [17]
2024-01-12 10:55:26,959 [INFO] PinOutPanel:1499 - setPackage(No Configuration,No Configuration)
2024-01-12 10:55:27,054 [INFO] CADModel:165 - CPN selected for project level
2024-01-12 10:55:27,054 [INFO] CADModel:114 - Register for checkConnection events
2024-01-12 10:55:27,077 [INFO] IPUIPlugin:80 - create IPUIPlugin
2024-01-12 10:55:27,077 [INFO] PluginManager:220 - loadIPPluginJar : add adc
2024-01-12 10:55:27,106 [INFO] IPUIPlugin:80 - create IPUIPlugin
2024-01-12 10:55:27,106 [INFO] PluginManager:220 - loadIPPluginJar : add aes
2024-01-12 10:55:27,138 [INFO] IPUIPlugin:80 - create IPUIPlugin
2024-01-12 10:55:27,138 [INFO] PluginManager:220 - loadIPPluginJar : add can
2024-01-12 10:55:27,157 [INFO] IPUIPlugin:80 - create IPUIPlugin
2024-01-12 10:55:27,157 [INFO] PluginManager:220 - loadIPPluginJar : add comp
2024-01-12 10:55:27,183 [INFO] IPUIPlugin:80 - create IPUIPlugin
2024-01-12 10:55:27,183 [INFO] PluginManager:220 - loadIPPluginJar : add cryp
2024-01-12 10:55:27,206 [INFO] IPUIPlugin:80 - create IPUIPlugin
2024-01-12 10:55:27,206 [INFO] PluginManager:220 - loadIPPluginJar : add dfsdm
2024-01-12 10:55:27,217 [INFO] IPUIPlugin:80 - create IPUIPlugin
2024-01-12 10:55:27,217 [INFO] PluginManager:220 - loadIPPluginJar : add dma
2024-01-12 10:55:27,249 [INFO] IPUIPlugin:80 - create IPUIPlugin
2024-01-12 10:55:27,249 [INFO] PluginManager:220 - loadIPPluginJar : add dma3
2024-01-12 10:55:27,269 [INFO] IPUIPlugin:80 - create IPUIPlugin
2024-01-12 10:55:27,269 [INFO] PluginManager:220 - loadIPPluginJar : add fatfs
2024-01-12 10:55:27,312 [INFO] IPUIPlugin:80 - create IPUIPlugin
2024-01-12 10:55:27,312 [INFO] PluginManager:220 - loadIPPluginJar : add fmc
2024-01-12 10:55:27,325 [INFO] IPUIPlugin:80 - create IPUIPlugin
2024-01-12 10:55:27,326 [INFO] PluginManager:220 - loadIPPluginJar : add freertos
2024-01-12 10:55:27,344 [INFO] IPUIPlugin:80 - create IPUIPlugin
2024-01-12 10:55:27,344 [INFO] PluginManager:220 - loadIPPluginJar : add genericplugin
2024-01-12 10:55:27,435 [INFO] IPUIPlugin:80 - create IPUIPlugin
2024-01-12 10:55:27,435 [INFO] PluginManager:220 - loadIPPluginJar : add gfxmmu
2024-01-12 10:55:27,547 [INFO] IPUIPlugin:80 - create IPUIPlugin
2024-01-12 10:55:27,547 [INFO] PluginManager:220 - loadIPPluginJar : add gic
2024-01-12 10:55:27,560 [INFO] IPUIPlugin:80 - create IPUIPlugin
2024-01-12 10:55:27,560 [INFO] PluginManager:220 - loadIPPluginJar : add gpio
2024-01-12 10:55:27,663 [INFO] IPUIPlugin:80 - create IPUIPlugin
2024-01-12 10:55:27,663 [INFO] PluginManager:220 - loadIPPluginJar : add gtzc
2024-01-12 10:55:27,703 [INFO] IPUIPlugin:80 - create IPUIPlugin
2024-01-12 10:55:27,703 [INFO] PluginManager:220 - loadIPPluginJar : add hash
2024-01-12 10:55:27,792 [INFO] IPUIPlugin:80 - create IPUIPlugin
2024-01-12 10:55:27,792 [INFO] PluginManager:220 - loadIPPluginJar : add i2c
2024-01-12 10:55:27,833 [INFO] IPUIPlugin:80 - create IPUIPlugin
2024-01-12 10:55:27,833 [INFO] PluginManager:220 - loadIPPluginJar : add i2s
2024-01-12 10:55:27,878 [INFO] IPUIPlugin:80 - create IPUIPlugin
2024-01-12 10:55:27,878 [INFO] PluginManager:220 - loadIPPluginJar : add i3c
2024-01-12 10:55:27,993 [INFO] IPUIPlugin:80 - create IPUIPlugin
2024-01-12 10:55:27,994 [INFO] PluginManager:220 - loadIPPluginJar : add ipddr
2024-01-12 10:55:28,091 [INFO] IPUIPlugin:80 - create IPUIPlugin
2024-01-12 10:55:28,091 [INFO] PluginManager:220 - loadIPPluginJar : add linkedlist
2024-01-12 10:55:28,123 [INFO] IPUIPlugin:80 - create IPUIPlugin
2024-01-12 10:55:28,123 [INFO] PluginManager:220 - loadIPPluginJar : add lorawan
2024-01-12 10:55:28,155 [INFO] IPUIPlugin:80 - create IPUIPlugin
2024-01-12 10:55:28,155 [INFO] PluginManager:220 - loadIPPluginJar : add ltdc
2024-01-12 10:55:28,169 [INFO] IPUIPlugin:80 - create IPUIPlugin
2024-01-12 10:55:28,169 [INFO] PluginManager:220 - loadIPPluginJar : add mdma
2024-01-12 10:55:28,181 [INFO] IPUIPlugin:80 - create IPUIPlugin
2024-01-12 10:55:28,181 [INFO] PluginManager:220 - loadIPPluginJar : add nvic
2024-01-12 10:55:28,211 [INFO] IPUIPlugin:80 - create IPUIPlugin
2024-01-12 10:55:28,211 [INFO] PluginManager:220 - loadIPPluginJar : add opamp
2024-01-12 10:55:28,259 [INFO] IPUIPlugin:80 - create IPUIPlugin
2024-01-12 10:55:28,260 [INFO] PluginManager:220 - loadIPPluginJar : add openamp
2024-01-12 10:55:28,293 [INFO] IPUIPlugin:80 - create IPUIPlugin
2024-01-12 10:55:28,294 [INFO] PluginManager:220 - loadIPPluginJar : add pdm2pcm
2024-01-12 10:55:28,306 [INFO] IPUIPlugin:80 - create IPUIPlugin
2024-01-12 10:55:28,308 [INFO] PluginManager:220 - loadIPPluginJar : add plateformsettings
2024-01-12 10:55:28,326 [INFO] IPUIPlugin:80 - create IPUIPlugin
2024-01-12 10:55:28,326 [INFO] PluginManager:220 - loadIPPluginJar : add quadspi
2024-01-12 10:55:28,338 [INFO] IPUIPlugin:80 - create IPUIPlugin
2024-01-12 10:55:28,338 [INFO] PluginManager:220 - loadIPPluginJar : add resmgrutility
2024-01-12 10:55:28,377 [INFO] IPUIPlugin:80 - create IPUIPlugin
2024-01-12 10:55:28,377 [INFO] PluginManager:220 - loadIPPluginJar : add sai
2024-01-12 10:55:28,407 [INFO] IPUIPlugin:80 - create IPUIPlugin
2024-01-12 10:55:28,407 [INFO] PluginManager:220 - loadIPPluginJar : add spi
2024-01-12 10:55:28,452 [INFO] IPUIPlugin:80 - create IPUIPlugin
2024-01-12 10:55:28,452 [INFO] PluginManager:220 - loadIPPluginJar : add stm32_wpan
2024-01-12 10:55:28,471 [INFO] IPUIPlugin:80 - create IPUIPlugin
2024-01-12 10:55:28,471 [INFO] PluginManager:220 - loadIPPluginJar : add tim
2024-01-12 10:55:28,513 [INFO] IPUIPlugin:80 - create IPUIPlugin
2024-01-12 10:55:28,513 [INFO] PluginManager:220 - loadIPPluginJar : add touchsensing
2024-01-12 10:55:28,530 [INFO] IPUIPlugin:80 - create IPUIPlugin
2024-01-12 10:55:28,530 [INFO] PluginManager:220 - loadIPPluginJar : add tracer_emb
2024-01-12 10:55:28,548 [INFO] IPUIPlugin:80 - create IPUIPlugin
2024-01-12 10:55:28,548 [INFO] PluginManager:220 - loadIPPluginJar : add ts
2024-01-12 10:55:28,564 [INFO] IPUIPlugin:80 - create IPUIPlugin
2024-01-12 10:55:28,565 [INFO] PluginManager:220 - loadIPPluginJar : add tsc
2024-01-12 10:55:28,581 [INFO] IPUIPlugin:80 - create IPUIPlugin
2024-01-12 10:55:28,581 [INFO] PluginManager:220 - loadIPPluginJar : add ucpd
2024-01-12 10:55:28,614 [INFO] IPUIPlugin:80 - create IPUIPlugin
2024-01-12 10:55:28,614 [INFO] PluginManager:220 - loadIPPluginJar : add usart
2024-01-12 10:55:28,646 [INFO] IPUIPlugin:80 - create IPUIPlugin
2024-01-12 10:55:28,646 [INFO] PluginManager:220 - loadIPPluginJar : add usbx
2024-01-12 10:55:28,762 [INFO] CADModel:165 - CPN selected for project level
2024-01-12 10:55:28,762 [INFO] CADModel:114 - Register for checkConnection events
2024-01-12 10:55:28,763 [FATAL] Updater:308 - Updater called before beeing initialized
2024-01-12 10:55:28,763 [ERROR] CADModel:125 - Updater not yet initialized, retry later 
2024-01-12 10:55:28,951 [INFO] CADModel:165 - CPN selected for project level
2024-01-12 10:55:28,952 [INFO] CADModel:114 - Register for checkConnection events
2024-01-12 10:55:28,952 [FATAL] Updater:308 - Updater called before beeing initialized
2024-01-12 10:55:28,952 [ERROR] CADModel:125 - Updater not yet initialized, retry later 
2024-01-12 10:55:28,955 [FATAL] Updater:308 - Updater called before beeing initialized
2024-01-12 10:55:29,045 [FATAL] Updater:308 - Updater called before beeing initialized
2024-01-12 10:55:29,056 [INFO] DbMcusAds:53 - JSON generation date=Tue Mar 07 09:50:55 CET 2023 (1678179055114)
2024-01-12 10:55:29,056 [FATAL] Updater:308 - Updater called before beeing initialized
2024-01-12 10:55:29,132 [WARN] DetailPanel:346 - Failed to get advertising image, set to default
2024-01-12 10:55:29,241 [FATAL] Updater:308 - Updater called before beeing initialized
2024-01-12 10:55:29,243 [FATAL] Updater:308 - Updater called before beeing initialized
2024-01-12 10:55:29,243 [FATAL] Updater:308 - Updater called before beeing initialized
2024-01-12 10:55:29,243 [WARN] DetailPanel:346 - Failed to get advertising image, set to default
2024-01-12 10:55:29,243 [FATAL] Updater:308 - Updater called before beeing initialized
2024-01-12 10:55:29,287 [ERROR] Updater:1120 - MainUpdater not yet initialized. External WinMGr cannot be set.
2024-01-12 10:55:29,295 [INFO] Updater:1056 - Updater Version found : 6.9.2
2024-01-12 10:55:29,308 [INFO] ApplicationProperties:184 - Using Application install path: C:\ST\STM32CubeIDE_1.13.2\STM32CubeIDE\plugins\com.st.stm32cube.common.mx_6.9.2.202309101412
2024-01-12 10:55:29,427 [INFO] MainUpdater:2868 - connection check result : 10
2024-01-12 10:55:29,428 [INFO] MainUpdater:285 - Updater Check For Update Now.
2024-01-12 10:55:29,428 [INFO] MicroXplorer:498 - Change Database Version : DB.6.0.92
2024-01-12 10:55:29,445 [INFO] McuFinderGlobals:63 - Set McuFinder mode to 2 (CubeIDE integrated)
2024-01-12 10:55:29,555 [WARN] MainUpdater:1189 - Updater busy. Cannot search thirdparties
2024-01-12 10:55:29,555 [INFO] ThirdPartyUpdaterWithRetryManager:96 - Updater plugin is busy. [1/15]
2024-01-12 10:55:29,626 [INFO] CheckServerUpdateThread:120 - End of CheckServer Thread
2024-01-12 10:55:32,726 [WARN] PackLoader:240 - Cannot read IP mode file for STMicroelectronics.X-CUBE-SMBUS.2.1.0
2024-01-12 10:55:32,738 [WARN] PackLoader:240 - Cannot read IP mode file for STMicroelectronics.X-CUBE-TOUCHGFX.4.23.0
2024-01-12 10:55:32,772 [WARN] PackLoader:240 - Cannot read IP mode file for STMicroelectronics.X-CUBE-AZRTOS-F7.1.1.0
2024-01-12 10:55:32,789 [WARN] PackLoader:240 - Cannot read IP mode file for STMicroelectronics.FP-SNS-MOTENV1.4.3.2
2024-01-12 10:55:32,803 [WARN] PackLoader:240 - Cannot read IP mode file for STMicroelectronics.FP-SNS-FLIGHT1.5.0.2
2024-01-12 10:55:32,820 [WARN] PackLoader:240 - Cannot read IP mode file for STMicroelectronics.X-CUBE-DISPLAY.3.0.0
2024-01-12 10:55:32,837 [WARN] PackLoader:240 - Cannot read IP mode file for STMicroelectronics.X-CUBE-BLE1.7.0.0
2024-01-12 10:55:32,849 [WARN] PackLoader:240 - Cannot read IP mode file for emotas.I-CUBE-CANOPEN.1.3.0
2024-01-12 10:55:32,859 [WARN] PackLoader:240 - Cannot read IP mode file for STMicroelectronics.X-CUBE-TOUCHGFX.4.22.0
2024-01-12 10:55:32,868 [WARN] PackLoader:240 - Cannot read IP mode file for STMicroelectronics.X-CUBE-TOUCHGFX.4.22.1
2024-01-12 10:55:32,879 [WARN] PackLoader:240 - Cannot read IP mode file for STMicroelectronics.FP-SNS-SMARTAG2.1.2.0
2024-01-12 10:55:32,898 [INFO] LogOutputStream:77 - [STDOUT_REDIRECT] 1 : Invalid condition id : UX_CORESTACK_Condition cause : null
2024-01-12 10:55:32,899 [INFO] LogOutputStream:77 - [STDOUT_REDIRECT] 1 : Invalid condition id : UX_CORESTACK_Condition cause : null
2024-01-12 10:55:32,900 [INFO] LogOutputStream:77 - [STDOUT_REDIRECT] 1 : Invalid condition id : UX_CORESTACK_Condition cause : null
2024-01-12 10:55:32,901 [INFO] LogOutputStream:77 - [STDOUT_REDIRECT] 1 : Invalid condition id : UX_CORESTACK_Condition cause : null
2024-01-12 10:55:32,902 [INFO] LogOutputStream:77 - [STDOUT_REDIRECT] 1 : Invalid condition id : UX_CORESTACK_Condition cause : null
2024-01-12 10:55:32,905 [WARN] PackLoader:240 - Cannot read IP mode file for STMicroelectronics.X-CUBE-AZRTOS-WL.2.0.0
2024-01-12 10:55:32,920 [WARN] PackLoader:240 - Cannot read IP mode file for WES.I-CUBE-Cesium.1.3.0
2024-01-12 10:55:32,932 [WARN] PackLoader:240 - Cannot read IP mode file for STMicroelectronics.X-CUBE-BLE2.3.3.0
2024-01-12 10:55:32,945 [WARN] PackLoader:240 - Cannot read IP mode file for STMicroelectronics.X-CUBE-ALGOBUILD.1.3.0
2024-01-12 10:55:32,969 [WARN] PackLoader:240 - Cannot read IP mode file for STMicroelectronics.X-CUBE-AZRTOS-G0.1.1.0
2024-01-12 10:55:32,982 [WARN] PackLoader:240 - Cannot read IP mode file for STMicroelectronics.X-CUBE-NFC4.3.0.0
2024-01-12 10:55:32,997 [WARN] PackLoader:240 - Cannot read IP mode file for STMicroelectronics.X-CUBE-BLEMGR.3.0.0
2024-01-12 10:55:33,008 [WARN] PackLoader:240 - Cannot read IP mode file for STMicroelectronics.FP-ATR-SIGFOX1.3.2.0
2024-01-12 10:55:33,040 [WARN] PackLoader:240 - Cannot read IP mode file for SEGGER.I-CUBE-embOS.1.3.1
2024-01-12 10:55:33,090 [WARN] PackLoader:240 - Cannot read IP mode file for STMicroelectronics.X-CUBE-GNSS1.6.0.0
2024-01-12 10:55:33,118 [WARN] PackLoader:240 - Cannot read IP mode file for STMicroelectronics.X-CUBE-AZRTOS-F4.1.1.0
2024-01-12 10:55:33,138 [WARN] PackLoader:240 - Cannot read IP mode file for wolfSSL.I-CUBE-wolfSSL.5.6.3
2024-01-12 10:55:33,169 [WARN] PackLoader:240 - Cannot read IP mode file for STMicroelectronics.X-CUBE-AZRTOS-L5.2.0.0
2024-01-12 10:55:33,214 [WARN] PackLoader:240 - Cannot read IP mode file for STMicroelectronics.X-CUBE-MEMS1.9.6.0
2024-01-12 10:55:33,369 [WARN] PackLoader:240 - Cannot read IP mode file for STMicroelectronics.X-CUBE-EEPRMA1.4.2.0
2024-01-12 10:55:33,385 [WARN] PackLoader:240 - Cannot read IP mode file for ITTIA_DB.I-CUBE-ITTIADB.8.8.0
2024-01-12 10:55:33,402 [WARN] PackLoader:240 - Cannot read IP mode file for STMicroelectronics.X-CUBE-BLEMGR.2.0.0
2024-01-12 10:55:33,434 [WARN] ConditionMgr:438 - getConditionDescription Invalid condition id : UX DEVICE CLASS RTOS Condition cause : null
2024-01-12 10:55:33,434 [WARN] ConditionMgr:438 - getConditionDescription Invalid condition id : UX DEVICE CLASS RTOS Condition cause : null
2024-01-12 10:55:33,437 [WARN] PackLoader:240 - Cannot read IP mode file for STMicroelectronics.X-CUBE-AZRTOS-H7.3.1.0
2024-01-12 10:55:33,437 [WARN] ConditionMgr:1039 - genDependencies : Invalid condition id : UX DEVICE CLASS RTOS Condition cause : null
2024-01-12 10:55:33,437 [WARN] ConditionMgr:1039 - genDependencies : Invalid condition id : UX DEVICE CLASS RTOS Condition cause : null
2024-01-12 10:55:33,438 [WARN] ConditionMgr:1039 - genDependencies : Invalid condition id : UX DEVICE CLASS RTOS Condition cause : null
2024-01-12 10:55:33,438 [WARN] ConditionMgr:1039 - genDependencies : Invalid condition id : UX DEVICE CLASS RTOS Condition cause : null
2024-01-12 10:55:33,438 [WARN] ConditionMgr:1039 - genDependencies : Invalid condition id : UX DEVICE CLASS RTOS Condition cause : null
2024-01-12 10:55:33,450 [WARN] PackLoader:240 - Cannot read IP mode file for STMicroelectronics.X-CUBE-NFC7.1.0.1
2024-01-12 10:55:33,463 [WARN] PackLoader:240 - Cannot read IP mode file for STMicroelectronics.X-CUBE-NFC6.3.0.0
2024-01-12 10:55:33,473 [WARN] PackLoader:240 - Cannot read IP mode file for STMicroelectronics.X-CUBE-EEPRMA1.4.1.0
2024-01-12 10:55:33,484 [WARN] PackLoader:240 - Cannot read IP mode file for STMicroelectronics.X-CUBE-AI.8.1.0
2024-01-12 10:55:33,507 [WARN] ConditionMgr:438 - getConditionDescription Invalid condition id : LAN8742 Phy interface Condition cause : null
2024-01-12 10:55:33,508 [WARN] PackLoader:240 - Cannot read IP mode file for STMicroelectronics.X-CUBE-AZRTOS-L4.2.0.0
2024-01-12 10:55:33,509 [WARN] ConditionMgr:1039 - genDependencies : Invalid condition id : LAN8742 Phy interface Condition cause : null
2024-01-12 10:55:33,509 [WARN] ConditionMgr:1039 - genDependencies : Invalid condition id : LAN8742 Phy interface Condition cause : null
2024-01-12 10:55:33,509 [WARN] ConditionMgr:1039 - genDependencies : Invalid condition id : LAN8742 Phy interface Condition cause : null
2024-01-12 10:55:33,523 [WARN] PackLoader:240 - Cannot read IP mode file for STMicroelectronics.X-CUBE-SFXS2LP1.4.0.0
2024-01-12 10:55:33,534 [WARN] PackLoader:240 - Cannot read IP mode file for STMicroelectronics.X-CUBE-ISPU.1.1.0
2024-01-12 10:55:33,554 [WARN] ConditionMgr:438 - getConditionDescription Invalid condition id : UX DEVICE CLASS RTOS Condition cause : null
2024-01-12 10:55:33,554 [WARN] ConditionMgr:438 - getConditionDescription Invalid condition id : UX DEVICE CLASS RTOS Condition cause : null
2024-01-12 10:55:33,556 [WARN] PackLoader:240 - Cannot read IP mode file for STMicroelectronics.X-CUBE-AZRTOS-WB.2.0.0
2024-01-12 10:55:33,556 [WARN] ConditionMgr:1039 - genDependencies : Invalid condition id : UX DEVICE CLASS RTOS Condition cause : null
2024-01-12 10:55:33,557 [WARN] ConditionMgr:1039 - genDependencies : Invalid condition id : UX DEVICE CLASS RTOS Condition cause : null
2024-01-12 10:55:33,557 [WARN] ConditionMgr:1039 - genDependencies : Invalid condition id : UX DEVICE CLASS RTOS Condition cause : null
2024-01-12 10:55:33,557 [WARN] ConditionMgr:1039 - genDependencies : Invalid condition id : UX DEVICE CLASS RTOS Condition cause : null
2024-01-12 10:55:33,557 [WARN] ConditionMgr:1039 - genDependencies : Invalid condition id : UX DEVICE CLASS RTOS Condition cause : null
2024-01-12 10:55:33,577 [WARN] PackLoader:240 - Cannot read IP mode file for STMicroelectronics.X-CUBE-SUBG2.5.0.0
2024-01-12 10:55:33,599 [WARN] PackLoader:240 - Cannot read IP mode file for STMicroelectronics.X-CUBE-TOF1.3.3.1
2024-01-12 10:55:33,629 [WARN] PackLoader:240 - Cannot read IP mode file for STMicroelectronics.X-CUBE-AZRTOS-G4.2.0.0
2024-01-12 10:55:33,653 [WARN] PackLoader:240 - Cannot read IP mode file for Infineon.AIROC-Wi-Fi-Bluetooth-STM32.1.5.1
2024-01-12 10:55:33,670 [WARN] PackLoader:240 - Cannot read IP mode file for STMicroelectronics.FP-SNS-MOTENVWB1.1.3.0
2024-01-12 10:55:33,682 [WARN] PackLoader:240 - Cannot read IP mode file for STMicroelectronics.FP-SNS-MOTENVWB1.1.3.1
2024-01-12 10:55:33,697 [WARN] PackLoader:240 - Cannot read IP mode file for STMicroelectronics.X-CUBE-ISPU.2.0.0
2024-01-12 10:55:33,742 [WARN] PackLoader:240 - Cannot read IP mode file for STMicroelectronics.X-CUBE-MEMS1.10.0.0
2024-01-12 10:55:33,853 [WARN] PackLoader:240 - Cannot read IP mode file for STMicroelectronics.X-CUBE-FREERTOS.1.1.0
2024-01-12 10:55:33,869 [WARN] PackLoader:240 - Cannot read IP mode file for portGmbH.I-Cube-SoM-uGOAL.1.1.0
2024-01-12 10:55:33,881 [WARN] PackLoader:240 - Cannot read IP mode file for STMicroelectronics.X-CUBE-ALS.1.0.1
2024-01-12 10:55:33,893 [WARN] PackLoader:240 - Cannot read IP mode file for STMicroelectronics.FP-ATR-ASTRA1.2.0.0
2024-01-12 10:55:33,913 [WARN] PackLoader:240 - Cannot read IP mode file for STMicroelectronics.X-CUBE-TOF1.3.4.0
2024-01-12 10:55:33,944 [WARN] PackLoader:240 - Cannot read IP mode file for STMicroelectronics.X-CUBE-AZRTOS-H7.3.2.0
2024-01-12 10:55:33,946 [INFO] ThirdParty:978 - Integrity check success = true
2024-01-12 10:55:33,946 [INFO] IntegrityCheckThread:100 - exiting critical section [integrity check]
2024-01-12 10:55:33,946 [INFO] IntegrityCheckThread:103 - End integrity checks thread
2024-01-12 11:04:14,433 [ERROR] LogOutputStream:75 - [STDERR_REDIRECT] SLF4J: Failed to load class "org.slf4j.impl.StaticLoggerBinder".
2024-01-12 11:04:14,433 [ERROR] LogOutputStream:75 - [STDERR_REDIRECT] SLF4J: Defaulting to no-operation (NOP) logger implementation
2024-01-12 11:04:14,435 [ERROR] LogOutputStream:75 - [STDERR_REDIRECT] SLF4J: See http://www.slf4j.org/codes.html#StaticLoggerBinder for further details.
2024-01-12 12:13:30,521 [INFO] McuFinderGlobals:63 - Set McuFinder mode to 2 (CubeIDE integrated)
2024-01-12 12:13:30,537 [INFO] MainUpdater:2868 - connection check result : 10
2024-01-12 12:13:30,543 [INFO] MainUpdater:2868 - connection check result : 10
2024-01-12 12:13:30,720 [INFO] MicroXplorer:468 - Change Database Path : 
2024-01-12 12:13:30,720 [INFO] MicroXplorer:498 - Change Database Version : DB.6.0.92
2024-01-12 12:13:30,724 [WARN] ThirdParty:871 - waiting for thirdparty lock release [close project]
2024-01-12 12:13:30,724 [INFO] ThirdParty:873 - entering critical section [close project]
2024-01-12 12:13:30,739 [INFO] ThirdParty:883 - exiting critical section [close project]
2024-01-12 12:13:30,741 [INFO] PinOutPanel:1499 - setPackage(No Configuration,No Configuration)
2024-01-12 12:13:30,748 [INFO] UtilMem:75 - Begin LoadConfig() Used Memory: 775256800 Bytes (953155584)
2024-01-12 12:13:30,749 [INFO] MicroXplorer:468 - Change Database Path : 
2024-01-12 12:13:30,749 [INFO] MicroXplorer:498 - Change Database Version : DB.6.0.92
2024-01-12 12:13:30,749 [INFO] OpenFileManager:308 - Change cursor
2024-01-12 12:13:30,801 [INFO] Mcu:1946 - Initializing MCU STM32F072R(8-B)Tx STM32F072RBTx STM32F072RBT6
2024-01-12 12:13:31,965 [INFO] Context:659 - Trying to add GPIOservice into a context  which must be forbidden
2024-01-12 12:13:32,473 [INFO] RtosManager:555 - Registered RTOS mode: class=CMSIS, group=RTOS, mode=CMSIS_V1, owner=FREERTOS
2024-01-12 12:13:32,473 [INFO] RtosManager:555 - Registered RTOS mode: class=CMSIS, group=RTOS2, mode=CMSIS_V2, owner=FREERTOS
2024-01-12 12:13:32,473 [INFO] RtosManager:555 - Registered RTOS mode: class=RTOS, group=Core, mode=CMSIS_V1, owner=FREERTOS
2024-01-12 12:13:32,474 [INFO] RtosManager:555 - Registered RTOS mode: class=RTOS, group=Core, mode=CMSIS_V2, owner=FREERTOS
2024-01-12 12:13:32,474 [WARN] ModelIntegratedComponent:184 - Missing modes for component STMicroelectronics:FreeRTOS:0.0.1:STMicroelectronics:RTOS:FreeRTOS:Core:::10.2.0:
2024-01-12 12:13:32,491 [WARN] ModelIntegratedComponent:63 - No mode defined for component null
2024-01-12 12:13:32,491 [WARN] ModelIntegratedComponent:63 - No mode defined for component null
2024-01-12 12:13:32,491 [WARN] ModelIntegratedComponent:63 - No mode defined for component null
2024-01-12 12:13:32,491 [WARN] ModelIntegratedComponent:63 - No mode defined for component null
2024-01-12 12:13:32,491 [WARN] ModelIntegratedComponent:63 - No mode defined for component null
2024-01-12 12:13:32,491 [WARN] ModelIntegratedComponent:63 - No mode defined for component null
2024-01-12 12:13:32,491 [WARN] ModelIntegratedComponent:63 - No mode defined for component null
2024-01-12 12:13:32,491 [WARN] ModelIntegratedComponent:63 - No mode defined for component null
2024-01-12 12:13:32,491 [WARN] ModelIntegratedComponent:63 - No mode defined for component null
2024-01-12 12:13:32,491 [WARN] ModelIntegratedComponent:63 - No mode defined for component null
2024-01-12 12:13:32,492 [WARN] ModelIntegratedComponent:63 - No mode defined for component null
2024-01-12 12:13:32,492 [WARN] ModelIntegratedComponent:63 - No mode defined for component null
2024-01-12 12:13:32,492 [WARN] ModelIntegratedComponent:63 - No mode defined for component null
2024-01-12 12:13:32,492 [WARN] ModelIntegratedComponent:63 - No mode defined for component null
2024-01-12 12:13:32,492 [WARN] ModelIntegratedComponent:63 - No mode defined for component null
2024-01-12 12:13:32,492 [WARN] ModelIntegratedComponent:63 - No mode defined for component null
2024-01-12 12:13:32,492 [WARN] ModelIntegratedComponent:63 - No mode defined for component null
2024-01-12 12:13:32,492 [WARN] ModelIntegratedComponent:63 - No mode defined for component null
2024-01-12 12:13:32,492 [WARN] ModelIntegratedComponent:63 - No mode defined for component null
2024-01-12 12:13:32,492 [WARN] ModelIntegratedComponent:63 - No mode defined for component null
2024-01-12 12:13:32,492 [WARN] ModelIntegratedComponent:63 - No mode defined for component null
2024-01-12 12:13:32,492 [WARN] ModelIntegratedComponent:63 - No mode defined for component null
2024-01-12 12:13:32,492 [WARN] ModelIntegratedComponent:63 - No mode defined for component null
2024-01-12 12:13:32,492 [WARN] ModelIntegratedComponent:63 - No mode defined for component null
2024-01-12 12:13:32,493 [WARN] ModelIntegratedComponent:63 - No mode defined for component null
2024-01-12 12:13:32,493 [WARN] ModelIntegratedComponent:63 - No mode defined for component null
2024-01-12 12:13:32,493 [WARN] ModelIntegratedComponent:63 - No mode defined for component null
2024-01-12 12:13:32,493 [WARN] ModelIntegratedComponent:63 - No mode defined for component null
2024-01-12 12:13:32,493 [WARN] ModelIntegratedComponent:63 - No mode defined for component null
2024-01-12 12:13:32,493 [WARN] ModelIntegratedComponent:63 - No mode defined for component null
2024-01-12 12:13:32,493 [WARN] ModelIntegratedComponent:63 - No mode defined for component null
2024-01-12 12:13:32,493 [WARN] ModelIntegratedComponent:63 - No mode defined for component null
2024-01-12 12:13:32,493 [WARN] ModelIntegratedComponent:63 - No mode defined for component null
2024-01-12 12:13:32,616 [INFO] ThirdPartyModel:298 - Start build external matchings
2024-01-12 12:13:33,228 [INFO] ThirdPartyModel:316 - End build external matchings
2024-01-12 12:13:33,248 [INFO] ImportTextPane:194 - (OptionalMessage_ERROR) IP (RCC) : Parameter (FLatency) has Id (AdvancedSettings) currently not set
2024-01-12 12:13:33,248 [INFO] ImportTextPane:194 - (OptionalMessage_ERROR) IP (RCC) : Invalid parameter (FamilyName)
2024-01-12 12:13:33,248 [INFO] ImportTextPane:194 - (OptionalMessage_ERROR) IP (RCC) : Invalid parameter (HSICECFreq_Value)
2024-01-12 12:13:33,249 [INFO] ImportTextPane:194 - (OptionalMessage_ERROR) IP (RCC) : Parameter (PREFETCH_ENABLE) has Id (AdvancedSettings) currently not set
2024-01-12 12:13:33,478 [INFO] UtilMem:75 - End LoadConfig() Used Memory: 899361832 Bytes (1073741824)
2024-01-12 12:13:33,586 [INFO] ApiDb:581 - Connected to CubeFinder SQLite database (C:\Users\jespe\.stmcufinder\plugins\mcufinder\mcu\cube-finder-db.db)
2024-01-12 12:13:33,660 [INFO] ApiDb:668 - CubeFinder database Data Model version=2.1
2024-01-12 12:13:33,660 [INFO] ApiDb:669 - CubeFinder database Configuration version=3.0.37
2024-01-12 12:13:33,661 [INFO] ApiDb:670 - CubeFinder database generation date=2023-08-09 (1691586011)
2024-01-12 12:13:33,661 [INFO] ApiDb:671 - CubeFinder database FW Pack versions=[FP-ATR-ASTRA1_V2.0.0, FP-SNS-FLIGHT1_V5.0.1, FP-SNS-FLIGHT1_V5.0.2, FP-SNS-MOTENV1_V4.3.1, FP-SNS-MOTENV1_V4.3.2, STM32Cube_FW_C0_V1.1.0, STM32Cube_FW_F4_V1.27.1, STM32Cube_FW_F7_V1.17.0, STM32Cube_FW_G0_V1.6.1, STM32Cube_FW_G4_V1.5.1, STM32Cube_FW_H5_V0.5.1, STM32Cube_FW_H5_V1.1.0, STM32Cube_FW_H7_V1.11.0, STM32Cube_FW_L0_V1.12.2, STM32Cube_FW_L5_V1.5.0, STM32Cube_FW_U5_V1.3.0, STM32Cube_FW_U5_V1.3.0RC4, STM32Cube_FW_WBA_V1.0.0RC1, STM32Cube_FW_WBA_V1.1.0, STM32Cube_FW_WBA_V1.1.0RC1, STM32Cube_FW_WB_V1.15.0RC1, STM32Cube_FW_WB_V1.16.0, STM32Cube_FW_WB_V1.16.0RC2, STM32Cube_FW_WB_V1.17.0, STM32Cube_FW_WL_V1.3.0, X-CUBE-ALGOBUILD_V1.3.0, X-CUBE-ALS_V1.0.1, X-CUBE-AZRTOS-F4_V1.1.0, X-CUBE-AZRTOS-F7_V1.1.0, X-CUBE-AZRTOS-G0_V1.1.0, X-CUBE-AZRTOS-G4_V2.0.0, X-CUBE-AZRTOS-H7_V3.1.0, X-CUBE-AZRTOS-L4_V1.0.0, X-CUBE-AZRTOS-L4_V2.0.0, X-CUBE-AZRTOS-L5_V1.1.0, X-CUBE-AZRTOS-WB_V1.1.0, X-CUBE-AZRTOS-WL_V2.0.0, X-CUBE-BLE1_V7.0.0, X-CUBE-BLE2_V3.3.0, X-CUBE-BLEMGR_V2.0.0, X-CUBE-EEPRMA1_V4.1.0, X-CUBE-FREERTOS_V1.1.0, X-CUBE-GNSS1_V6.0.0, X-CUBE-MEMS1_V9.1.0, X-CUBE-MEMS1_V9.4.0, X-CUBE-MEMS1_V9.6.0, X-CUBE-NFC4_V3.0.0, X-CUBE-NFC7_V1.0.0, X-CUBE-SFXS2LP1_V4.0.0, X-CUBE-SUBG2_V5.0.0, X-CUBE-TOF1_V3.3.1]
2024-01-12 12:13:35,616 [INFO] ApiDb:240 - Found 323 in-development CPN: [B-G473E-ZEST1S, B-WB1M-WPAN1, B-WL5M-SUBG1, NUCLEO-C031C6, NUCLEO-H503RB, NUCLEO-H563ZI, NUCLEO-U545RE-Q, NUCLEO-U5A5ZJ-Q, NUCLEO-WBA52CG, STEVAL-PROTEUS1, STEVAL-SMARTAG2, STEVAL-STWINBX1, STM320518-EVAL, STM32C0116-DK, STM32C011D6Y3TR, STM32C011D6Y6TR, STM32C011F4P3, STM32C011F4P6, STM32C011F4U3, STM32C011F4U6TR, STM32C011F6P3, STM32C011F6P6, STM32C011F6U3, STM32C011F6U6TR, STM32C011J4M3, STM32C011J4M6, STM32C011J6M3, STM32C011J6M6, STM32C0316-DK, STM32C031C4T3, STM32C031C4T6, STM32C031C4U3, STM32C031C4U6, STM32C031C6T3, STM32C031C6T6, STM32C031C6U3, STM32C031C6U6, STM32C031F4P3, STM32C031F4P6, STM32C031F6P3, STM32C031F6P6, STM32C031G4U3, STM32C031G4U6, STM32C031G6U3, STM32C031G6U6, STM32C031K4T3, STM32C031K4T6, STM32C031K4U3, STM32C031K4U6, STM32C031K6T3, STM32C031K6T6, STM32C031K6U3, STM32C031K6U6, STM32G071K8TXN, STM32G071K8UXN, STM32G081GBU6N, STM32G081KBT6N, STM32G081KBUXN, STM32G0B1CCT6N, STM32G0B1KCT6, STM32G0B1NEY6TR, STM32G0B1RCT6N, STM32G0C1CCT6, STM32G0C1CCT6N, STM32G0C1CCU6N, STM32G0C1CET6N, STM32G0C1CEU6N, STM32G0C1KCT6, STM32G0C1NEY6TR, STM32G0C1RCI6N, STM32G0C1RCT6N, STM32G0C1REI6N, STM32G0C1RET6N, STM32G0C1VCI6, STM32G0C1VEI6, STM32G471CCT6, STM32G471CCU6, STM32G471CET3, STM32G471CET6, STM32G471CEU3, STM32G471CEU6, STM32G471MCT6, STM32G471MET3, STM32G471MET6, STM32G471MEY6TR, STM32G471QCT6, STM32G471QET3, STM32G471RCT6, STM32G471RET3, STM32G471RET6, STM32G471VCH6, STM32G471VCI6, STM32G471VCT6, STM32G471VEH3, STM32G471VEH6, STM32G471VEI3, STM32G471VEI6, STM32G471VET3, STM32G471VET6, STM32G474CCT6, STM32H503CBT6, STM32H503CBU6, STM32H503EBY6TR, STM32H503KBU6, STM32H503RBT6, STM32H562AGI6, STM32H562AII6, STM32H562IGK6, STM32H562IGT6, STM32H562IIK6, STM32H562IIT6, STM32H562RGT6, STM32H562RGV6, STM32H562RIT6, STM32H562RIV6, STM32H562VGT6, STM32H562VIT6, STM32H562ZGT6, STM32H562ZIT6, STM32H563AGI6, STM32H563AII3Q, STM32H563AII6, STM32H563IGK6, STM32H563IGT6, STM32H563IIK3Q, STM32H563IIK6, STM32H563IIT3Q, STM32H563IIT6, STM32H563MIY3QTR, STM32H563RGT6, STM32H563RGV6, STM32H563RIT6, STM32H563RIV6, STM32H563VGT6, STM32H563VIT3Q, STM32H563VIT6, STM32H563ZGT6, STM32H563ZIT3Q, STM32H563ZIT6, STM32H573AII3Q, STM32H573AII6, STM32H573I-DK, STM32H573IIK3Q, STM32H573IIK6, STM32H573IIT3Q, STM32H573IIT6, STM32H573MIY3QTR, STM32H573RIT6, STM32H573RIV6, STM32H573VIT3Q, STM32H573VIT6, STM32H573ZIT3Q, STM32H573ZIT6, STM32L4R5QGI6STR, STM32MP131AAE3, STM32MP131AAF3, STM32MP131AAG3, STM32MP131CAE3, STM32MP131CAF3, STM32MP131CAG3, STM32MP131DAE7, STM32MP131DAF7, STM32MP131DAG7, STM32MP131FAE7, STM32MP131FAF7, STM32MP131FAG7, STM32MP133AAE3, STM32MP133AAF3, STM32MP133AAG3, STM32MP133CAE3, STM32MP133CAF3, STM32MP133CAG3, STM32MP133DAE7, STM32MP133DAF7, STM32MP133DAG7, STM32MP133FAE7, STM32MP133FAF7, STM32MP133FAG7, STM32MP135AAE3, STM32MP135AAF3, STM32MP135AAG3, STM32MP135CAE3, STM32MP135CAF3, STM32MP135CAG3, STM32MP135DAE7, STM32MP135DAF7, STM32MP135DAG7, STM32MP135F-DK, STM32MP135FAE7, STM32MP135FAF7, STM32MP135FAF7T, STM32MP135FAF7U, STM32MP135FAG7, STM32U535CBT6, STM32U535CBT6Q, STM32U535CBU6, STM32U535CBU6Q, STM32U535CCT6, STM32U535CCT6Q, STM32U535CCU6, STM32U535CCU6Q, STM32U535CET6, STM32U535CET6Q, STM32U535CEU6, STM32U535CEU6Q, STM32U535JEY6QTR, STM32U535NCY6QTR, STM32U535NEY6QTR, STM32U535RBI6, STM32U535RBI6Q, STM32U535RBT6, STM32U535RBT6Q, STM32U535RCI6, STM32U535RCI6Q, STM32U535RCT6, STM32U535RCT6Q, STM32U535REI6, STM32U535REI6Q, STM32U535RET6, STM32U535RET6Q, STM32U535VCI6, STM32U535VCI6Q, STM32U535VCT6, STM32U535VCT6Q, STM32U535VEI6, STM32U535VEI6Q, STM32U535VET6, STM32U535VET6Q, STM32U545CET6, STM32U545CET6Q, STM32U545CEU6, STM32U545CEU6Q, STM32U545JEY6QTR, STM32U545NEY6QTR, STM32U545REI6, STM32U545REI6Q, STM32U545RET6, STM32U545RET6Q, STM32U545VEI6, STM32U545VEI6Q, STM32U545VET6, STM32U545VET6Q, STM32U595AIH6, STM32U595AIH6Q, STM32U595AJH6, STM32U595AJH6Q, STM32U595QII6, STM32U595QII6Q, STM32U595QJI6, STM32U595QJI6Q, STM32U595RIT6, STM32U595RIT6Q, STM32U595RJT6, STM32U595RJT6Q, STM32U595VIT6, STM32U595VIT6Q, STM32U595VJT6, STM32U595VJT6Q, STM32U595ZIT6, STM32U595ZIT6Q, STM32U595ZIY6QTR, STM32U595ZJT6, STM32U595ZJT6Q, STM32U595ZJY6QTR, STM32U599BJY6QTR, STM32U599NIH6Q, STM32U599NJH6Q, STM32U599VIT6Q, STM32U599VJT6, STM32U599VJT6Q, STM32U599ZIT6Q, STM32U599ZIY6QTR, STM32U599ZJT6Q, STM32U599ZJY6QTR, STM32U5A5AJH6, STM32U5A5AJH6Q, STM32U5A5QJI6, STM32U5A5QJI6Q, STM32U5A5RJT6, STM32U5A5RJT6Q, STM32U5A5VJT6, STM32U5A5VJT6Q, STM32U5A5ZJT6, STM32U5A5ZJT6Q, STM32U5A5ZJY6QTR, STM32U5A9BJY6QTR, STM32U5A9J-DK, STM32U5A9NJH6Q, STM32U5A9VJT6Q, STM32U5A9ZJT6Q, STM32U5A9ZJY6QTR, STM32U5F7VIT6, STM32U5F7VIT6Q, STM32U5F7VJT6, STM32U5F7VJT6Q, STM32U5F9BJY6QTR, STM32U5F9NJH6Q, STM32U5F9VIT6Q, STM32U5F9VJT6Q, STM32U5F9ZIJ6QTR, STM32U5F9ZIT6Q, STM32U5F9ZJJ6QTR, STM32U5F9ZJT6Q, STM32U5G7VJT6, STM32U5G7VJT6Q, STM32U5G9BJY6QTR, STM32U5G9J-DK1, STM32U5G9J-DK2, STM32U5G9NJH6Q, STM32U5G9VJT6Q, STM32U5G9ZJJ6QTR, STM32U5G9ZJT6Q, STM32WB1MMCH6, STM32WBA52CEU6, STM32WBA52CEU6T, STM32WBA52CGU6, STM32WBA52CGU6T, STM32WBA52KEU6, STM32WBA52KEU6T, STM32WBA52KGU6, STM32WBA52KGU6T, STM32WL5MOCH6, STM32WL5MOCH6TR]
2024-01-12 12:13:35,619 [INFO] DbMcus:217 - Found 3848 MCUs, 3848 are supported
2024-01-12 12:13:35,620 [INFO] ApiDb:423 - Load user favorites file C:\Users\jespe/.stm32cubeide/favorites.mcus.txt: 0 item(s)
2024-01-12 12:13:35,620 [INFO] ApiDb:427 - User favorites MCUs=[]
2024-01-12 12:13:35,620 [INFO] DbMcus:223 - Set 0 / 0 favorites MCUs
2024-01-12 12:13:35,981 [WARN] ThirdParty:833 - waiting for thirdparty lock release [change project]
2024-01-12 12:13:35,981 [INFO] ThirdParty:835 - entering critical section [change project]
2024-01-12 12:13:35,981 [INFO] ThirdParty:1030 - CMSIS Pack Vendor :STMicroelectronics X-CUBE-ISPU 1.1.0
2024-01-12 12:13:35,981 [INFO] ThirdParty:1030 - CMSIS Pack Vendor :STMicroelectronics USBPD 4.1
2024-01-12 12:13:35,981 [INFO] ThirdParty:1030 - CMSIS Pack Vendor :STMicroelectronics X-CUBE-GNSS1 6.0.0
2024-01-12 12:13:35,981 [INFO] ThirdParty:1030 - CMSIS Pack Vendor :STMicroelectronics USB_HOST 2.0.0
2024-01-12 12:13:35,981 [INFO] ThirdParty:1030 - CMSIS Pack Vendor :STMicroelectronics X-CUBE-AZRTOS-F4 1.1.0
2024-01-12 12:13:35,982 [INFO] ThirdParty:1030 - CMSIS Pack Vendor :STMicroelectronics LIBJPEG 8.0.0
2024-01-12 12:13:35,982 [INFO] ThirdParty:1030 - CMSIS Pack Vendor :wolfSSL I-CUBE-wolfSSL 5.6.3
2024-01-12 12:13:35,982 [INFO] ThirdParty:1030 - CMSIS Pack Vendor :STMicroelectronics X-CUBE-SMBUS 2.1.0
2024-01-12 12:13:35,982 [INFO] ThirdParty:1030 - CMSIS Pack Vendor :STMicroelectronics USB_DEVICE 3.0.0
2024-01-12 12:13:35,982 [INFO] ThirdParty:1030 - CMSIS Pack Vendor :STMicroelectronics X-CUBE-AZRTOS-WB 2.0.0
2024-01-12 12:13:35,982 [INFO] ThirdParty:1030 - CMSIS Pack Vendor :STMicroelectronics X-CUBE-TOUCHGFX 4.23.0
2024-01-12 12:13:35,982 [INFO] ThirdParty:1030 - CMSIS Pack Vendor :STMicroelectronics X-CUBE-AZRTOS-F7 1.1.0
2024-01-12 12:13:35,982 [INFO] ThirdParty:1030 - CMSIS Pack Vendor :STMicroelectronics X-CUBE-AZRTOS-L5 2.0.0
2024-01-12 12:13:35,982 [INFO] ThirdParty:1030 - CMSIS Pack Vendor :STMicroelectronics USB_DEVICE 2.0.0
2024-01-12 12:13:35,982 [INFO] ThirdParty:1030 - CMSIS Pack Vendor :STMicroelectronics X-CUBE-MEMS1 9.6.0
2024-01-12 12:13:35,982 [INFO] ThirdParty:1030 - CMSIS Pack Vendor :STMicroelectronics X-CUBE-EEPRMA1 4.2.0
2024-01-12 12:13:35,982 [INFO] ThirdParty:1030 - CMSIS Pack Vendor :ITTIA_DB I-CUBE-ITTIADB 8.8.0
2024-01-12 12:13:35,982 [INFO] ThirdParty:1030 - CMSIS Pack Vendor :STMicroelectronics FP-SNS-MOTENV1 4.3.2
2024-01-12 12:13:35,982 [INFO] ThirdParty:1030 - CMSIS Pack Vendor :STMicroelectronics X-CUBE-ALGOBUILD 1.3.0
2024-01-12 12:13:35,982 [INFO] ThirdParty:1030 - CMSIS Pack Vendor :STMicroelectronics FreeRTOS 0.0.1
2024-01-12 12:13:35,982 [INFO] ThirdParty:1030 - CMSIS Pack Vendor :STMicroelectronics X-CUBE-AZRTOS-G0 1.1.0
2024-01-12 12:13:35,982 [INFO] ThirdParty:1030 - CMSIS Pack Vendor :STMicroelectronics X-CUBE-BLEMGR 2.0.0
2024-01-12 12:13:35,982 [INFO] ThirdParty:1030 - CMSIS Pack Vendor :STMicroelectronics X-CUBE-NFC4 3.0.0
2024-01-12 12:13:35,982 [INFO] ThirdParty:1030 - CMSIS Pack Vendor :STMicroelectronics X-CUBE-SUBG2 5.0.0
2024-01-12 12:13:35,982 [INFO] ThirdParty:1030 - CMSIS Pack Vendor :STMicroelectronics STM32_WPAN 1.0.0
2024-01-12 12:13:35,983 [INFO] ThirdParty:1030 - CMSIS Pack Vendor :STMicroelectronics lwIP 2.0.3
2024-01-12 12:13:35,983 [INFO] ThirdParty:1030 - CMSIS Pack Vendor :STMicroelectronics FP-SNS-FLIGHT1 5.0.2
2024-01-12 12:13:35,983 [INFO] ThirdParty:1030 - CMSIS Pack Vendor :STMicroelectronics USB_HOST 1.0.0
2024-01-12 12:13:35,983 [INFO] ThirdParty:1030 - CMSIS Pack Vendor :STMicroelectronics X-CUBE-TOF1 3.3.1
2024-01-12 12:13:35,983 [INFO] ThirdParty:1030 - CMSIS Pack Vendor :STMicroelectronics X-CUBE-AZRTOS-G4 2.0.0
2024-01-12 12:13:35,983 [INFO] ThirdParty:1030 - CMSIS Pack Vendor :STMicroelectronics PDM2PCM 3.1.0
2024-01-12 12:13:35,983 [INFO] ThirdParty:1030 - CMSIS Pack Vendor :STMicroelectronics X-CUBE-AZRTOS-H7 3.1.0
2024-01-12 12:13:35,983 [INFO] ThirdParty:1030 - CMSIS Pack Vendor :Infineon AIROC-Wi-Fi-Bluetooth-STM32 1.5.1
2024-01-12 12:13:35,983 [INFO] ThirdParty:1030 - CMSIS Pack Vendor :STMicroelectronics X-CUBE-BLEMGR 3.0.0
2024-01-12 12:13:35,983 [INFO] ThirdParty:1030 - CMSIS Pack Vendor :STMicroelectronics PDM2PCM 3.3.0
2024-01-12 12:13:35,983 [INFO] ThirdParty:1030 - CMSIS Pack Vendor :STMicroelectronics X-CUBE-DISPLAY 3.0.0
2024-01-12 12:13:35,983 [INFO] ThirdParty:1030 - CMSIS Pack Vendor :STMicroelectronics FP-SNS-MOTENVWB1 1.3.0
2024-01-12 12:13:35,983 [INFO] ThirdParty:1030 - CMSIS Pack Vendor :STMicroelectronics FP-SNS-MOTENVWB1 1.3.1
2024-01-12 12:13:35,983 [INFO] ThirdParty:1030 - CMSIS Pack Vendor :STMicroelectronics X-CUBE-BLE1 7.0.0
2024-01-12 12:13:35,983 [INFO] ThirdParty:1030 - CMSIS Pack Vendor :STMicroelectronics FP-ATR-SIGFOX1 3.2.0
2024-01-12 12:13:35,983 [INFO] ThirdParty:1030 - CMSIS Pack Vendor :STMicroelectronics X-CUBE-ISPU 2.0.0
2024-01-12 12:13:35,983 [INFO] ThirdParty:1030 - CMSIS Pack Vendor :STMicroelectronics HAL Drivers 0.0.0
2024-01-12 12:13:35,983 [INFO] ThirdParty:1030 - CMSIS Pack Vendor :STMicroelectronics MBEDTLS 2.16.2
2024-01-12 12:13:35,983 [INFO] ThirdParty:1030 - CMSIS Pack Vendor :emotas I-CUBE-CANOPEN 1.3.0
2024-01-12 12:13:35,983 [INFO] ThirdParty:1030 - CMSIS Pack Vendor :STMicroelectronics X-CUBE-MEMS1 10.0.0
2024-01-12 12:13:35,983 [INFO] ThirdParty:1030 - CMSIS Pack Vendor :STMicroelectronics X-CUBE-FREERTOS 1.1.0
2024-01-12 12:13:35,984 [INFO] ThirdParty:1030 - CMSIS Pack Vendor :STMicroelectronics X-CUBE-TOUCHGFX 4.22.0
2024-01-12 12:13:35,984 [INFO] ThirdParty:1030 - CMSIS Pack Vendor :STMicroelectronics X-CUBE-NFC7 1.0.1
2024-01-12 12:13:35,984 [INFO] ThirdParty:1030 - CMSIS Pack Vendor :STMicroelectronics MBEDTLS 2.14.1
2024-01-12 12:13:35,984 [INFO] ThirdParty:1030 - CMSIS Pack Vendor :STMicroelectronics X-CUBE-TOUCHGFX 4.22.1
2024-01-12 12:13:35,984 [INFO] ThirdParty:1030 - CMSIS Pack Vendor :STMicroelectronics X-CUBE-NFC6 3.0.0
2024-01-12 12:13:35,984 [INFO] ThirdParty:1030 - CMSIS Pack Vendor :STMicroelectronics X-CUBE-EEPRMA1 4.1.0
2024-01-12 12:13:35,984 [INFO] ThirdParty:1030 - CMSIS Pack Vendor :portGmbH I-Cube-SoM-uGOAL 1.1.0
2024-01-12 12:13:35,984 [INFO] ThirdParty:1030 - CMSIS Pack Vendor :STMicroelectronics X-CUBE-ALS 1.0.1
2024-01-12 12:13:35,984 [INFO] ThirdParty:1030 - CMSIS Pack Vendor :STMicroelectronics ThreadX 1.0.0
2024-01-12 12:13:35,984 [INFO] ThirdParty:1030 - CMSIS Pack Vendor :STMicroelectronics FP-SNS-SMARTAG2 1.2.0
2024-01-12 12:13:35,984 [INFO] ThirdParty:1030 - CMSIS Pack Vendor :STMicroelectronics X-CUBE-AZRTOS-WL 2.0.0
2024-01-12 12:13:35,984 [INFO] ThirdParty:1030 - CMSIS Pack Vendor :SEGGER I-CUBE-embOS 1.3.1
2024-01-12 12:13:35,984 [INFO] ThirdParty:1030 - CMSIS Pack Vendor :STMicroelectronics USB_DEVICE 1.0.0
2024-01-12 12:13:35,984 [INFO] ThirdParty:1030 - CMSIS Pack Vendor :STMicroelectronics X-CUBE-AI 8.1.0
2024-01-12 12:13:35,984 [INFO] ThirdParty:1030 - CMSIS Pack Vendor :STMicroelectronics X-CUBE-AZRTOS-L4 2.0.0
2024-01-12 12:13:35,984 [INFO] ThirdParty:1030 - CMSIS Pack Vendor :STMicroelectronics ThreadX 0.0.2
2024-01-12 12:13:35,984 [INFO] ThirdParty:1030 - CMSIS Pack Vendor :WES I-CUBE-Cesium 1.3.0
2024-01-12 12:13:35,984 [INFO] ThirdParty:1030 - CMSIS Pack Vendor :STMicroelectronics FP-ATR-ASTRA1 2.0.0
2024-01-12 12:13:35,984 [INFO] ThirdParty:1030 - CMSIS Pack Vendor :STMicroelectronics lwIP 2.1.2
2024-01-12 12:13:35,984 [INFO] ThirdParty:1030 - CMSIS Pack Vendor :STMicroelectronics X-CUBE-SFXS2LP1 4.0.0
2024-01-12 12:13:35,985 [INFO] ThirdParty:1030 - CMSIS Pack Vendor :STMicroelectronics X-CUBE-BLE2 3.3.0
2024-01-12 12:13:35,985 [INFO] ThirdParty:1030 - CMSIS Pack Vendor :STMicroelectronics X-CUBE-TOF1 3.4.0
2024-01-12 12:13:35,985 [INFO] ThirdParty:1030 - CMSIS Pack Vendor :STMicroelectronics X-CUBE-AZRTOS-H7 3.2.0
2024-01-12 12:13:35,985 [INFO] ThirdParty:1030 - CMSIS Pack Vendor :STMicroelectronics PDM2PCM 3.2.0
2024-01-12 12:13:35,985 [INFO] ThirdParty:841 - exiting critical section [change project]
2024-01-12 12:13:36,271 [INFO] PinOutPanel:1499 - setPackage(No Configuration,No Configuration)
2024-01-12 12:13:36,273 [INFO] PinOutPanel:1499 - setPackage(STM32F072RBTx,LQFP64)
2024-01-12 12:13:36,956 [INFO] UtilMem:75 - Before build in PCC Used Memory: 660448048 Bytes (1073741824)
2024-01-12 12:13:37,588 [INFO] UtilMem:75 - After build in PCC Used Memory: 747623592 Bytes (1073741824)
2024-01-12 12:13:37,610 [INFO] IPUIPlugin:80 - create IPUIPlugin
2024-01-12 12:13:37,610 [INFO] IPUIPlugin:80 - create IPUIPlugin
2024-01-12 12:13:37,610 [INFO] IPUIPlugin:80 - create IPUIPlugin
2024-01-12 12:13:37,610 [INFO] IPUIPlugin:80 - create IPUIPlugin
2024-01-12 12:13:37,611 [INFO] IPUIPlugin:80 - create IPUIPlugin
2024-01-12 12:13:37,611 [INFO] IPUIPlugin:80 - create IPUIPlugin
2024-01-12 12:13:37,611 [INFO] IPUIPlugin:80 - create IPUIPlugin
2024-01-12 12:13:37,611 [INFO] IPUIPlugin:80 - create IPUIPlugin
2024-01-12 12:13:37,611 [INFO] IPUIPlugin:80 - create IPUIPlugin
2024-01-12 12:13:37,611 [INFO] IPUIPlugin:80 - create IPUIPlugin
2024-01-12 12:13:37,611 [INFO] IPUIPlugin:80 - create IPUIPlugin
2024-01-12 12:13:37,612 [INFO] IPUIPlugin:80 - create IPUIPlugin
2024-01-12 12:13:37,612 [INFO] IPUIPlugin:80 - create IPUIPlugin
2024-01-12 12:13:37,612 [INFO] IPUIPlugin:80 - create IPUIPlugin
2024-01-12 12:13:37,612 [INFO] IPUIPlugin:80 - create IPUIPlugin
2024-01-12 12:13:37,612 [INFO] IPUIPlugin:80 - create IPUIPlugin
2024-01-12 12:13:37,612 [INFO] IPUIPlugin:80 - create IPUIPlugin
2024-01-12 12:13:37,612 [INFO] IPUIPlugin:80 - create IPUIPlugin
2024-01-12 12:13:37,612 [INFO] IPUIPlugin:80 - create IPUIPlugin
2024-01-12 12:13:37,613 [INFO] IPUIPlugin:80 - create IPUIPlugin
2024-01-12 12:13:37,613 [INFO] IPUIPlugin:80 - create IPUIPlugin
2024-01-12 12:13:37,613 [INFO] IPUIPlugin:80 - create IPUIPlugin
2024-01-12 12:13:37,613 [INFO] IPUIPlugin:80 - create IPUIPlugin
2024-01-12 12:13:37,613 [INFO] IPUIPlugin:80 - create IPUIPlugin
2024-01-12 12:13:37,614 [INFO] IPUIPlugin:80 - create IPUIPlugin
2024-01-12 12:13:37,614 [INFO] IPUIPlugin:80 - create IPUIPlugin
2024-01-12 12:13:37,614 [INFO] IPUIPlugin:80 - create IPUIPlugin
2024-01-12 12:13:37,614 [INFO] IPUIPlugin:80 - create IPUIPlugin
2024-01-12 12:13:37,614 [INFO] IPUIPlugin:80 - create IPUIPlugin
2024-01-12 12:13:37,614 [INFO] IPUIPlugin:80 - create IPUIPlugin
2024-01-12 12:13:37,615 [INFO] IPUIPlugin:80 - create IPUIPlugin
2024-01-12 12:13:37,615 [INFO] IPUIPlugin:80 - create IPUIPlugin
2024-01-12 12:13:37,615 [INFO] IPUIPlugin:80 - create IPUIPlugin
2024-01-12 12:13:37,615 [INFO] IPUIPlugin:80 - create IPUIPlugin
2024-01-12 12:13:37,616 [INFO] IPUIPlugin:80 - create IPUIPlugin
2024-01-12 12:13:37,616 [INFO] IPUIPlugin:80 - create IPUIPlugin
2024-01-12 12:13:37,616 [INFO] IPUIPlugin:80 - create IPUIPlugin
2024-01-12 12:13:37,616 [INFO] IPUIPlugin:80 - create IPUIPlugin
2024-01-12 12:13:37,617 [INFO] IPUIPlugin:80 - create IPUIPlugin
2024-01-12 12:13:37,617 [INFO] IPUIPlugin:80 - create IPUIPlugin
2024-01-12 12:13:37,617 [INFO] IPUIPlugin:80 - create IPUIPlugin
2024-01-12 12:13:37,801 [INFO] CADModel:165 - CPN selected for project levelSTM32F072RBT6
2024-01-12 12:13:37,801 [INFO] CADModel:114 - Register for checkConnection events
2024-01-12 12:13:37,851 [INFO] OpenFileManager:328 - Restore cursor
2024-01-12 12:33:29,062 [INFO] MainUpdater:2868 - connection check result : 10
2024-01-12 12:33:29,062 [INFO] MainUpdater:2868 - connection check result : 10
2024-01-12 12:33:29,180 [INFO] I2cTimingTraitement:330 - 0x2000090E
2024-01-12 12:33:29,188 [INFO] MicroXplorer:468 - Change Database Path : 
2024-01-12 12:33:29,189 [INFO] MicroXplorer:498 - Change Database Version : DB.6.0.92
2024-01-12 12:33:29,215 [WARN] ThirdParty:871 - waiting for thirdparty lock release [close project]
2024-01-12 12:33:29,216 [INFO] ThirdParty:873 - entering critical section [close project]
2024-01-12 12:33:29,216 [INFO] ThirdParty:883 - exiting critical section [close project]
2024-01-12 12:33:29,217 [INFO] PinOutPanel:1499 - setPackage(No Configuration,No Configuration)
2024-01-12 12:33:29,221 [INFO] UtilMem:75 - Begin LoadConfig() Used Memory: 911010816 Bytes (1073741824)
2024-01-12 12:33:29,221 [INFO] MicroXplorer:468 - Change Database Path : 
2024-01-12 12:33:29,221 [INFO] MicroXplorer:498 - Change Database Version : DB.6.0.92
2024-01-12 12:33:29,221 [INFO] OpenFileManager:308 - Change cursor
2024-01-12 12:33:29,233 [INFO] Mcu:1946 - Initializing MCU STM32F072R(8-B)Tx STM32F072RBTx STM32F072RBT6
2024-01-12 12:33:30,073 [INFO] Context:659 - Trying to add GPIOservice into a context  which must be forbidden
2024-01-12 12:33:30,351 [INFO] RtosManager:555 - Registered RTOS mode: class=CMSIS, group=RTOS, mode=CMSIS_V1, owner=FREERTOS
2024-01-12 12:33:30,351 [INFO] RtosManager:555 - Registered RTOS mode: class=CMSIS, group=RTOS2, mode=CMSIS_V2, owner=FREERTOS
2024-01-12 12:33:30,351 [INFO] RtosManager:555 - Registered RTOS mode: class=RTOS, group=Core, mode=CMSIS_V1, owner=FREERTOS
2024-01-12 12:33:30,351 [INFO] RtosManager:555 - Registered RTOS mode: class=RTOS, group=Core, mode=CMSIS_V2, owner=FREERTOS
2024-01-12 12:33:30,351 [WARN] ModelIntegratedComponent:184 - Missing modes for component STMicroelectronics:FreeRTOS:0.0.1:STMicroelectronics:RTOS:FreeRTOS:Core:::10.2.0:
2024-01-12 12:33:30,359 [WARN] ModelIntegratedComponent:63 - No mode defined for component null
2024-01-12 12:33:30,359 [WARN] ModelIntegratedComponent:63 - No mode defined for component null
2024-01-12 12:33:30,359 [WARN] ModelIntegratedComponent:63 - No mode defined for component null
2024-01-12 12:33:30,359 [WARN] ModelIntegratedComponent:63 - No mode defined for component null
2024-01-12 12:33:30,359 [WARN] ModelIntegratedComponent:63 - No mode defined for component null
2024-01-12 12:33:30,359 [WARN] ModelIntegratedComponent:63 - No mode defined for component null
2024-01-12 12:33:30,359 [WARN] ModelIntegratedComponent:63 - No mode defined for component null
2024-01-12 12:33:30,359 [WARN] ModelIntegratedComponent:63 - No mode defined for component null
2024-01-12 12:33:30,359 [WARN] ModelIntegratedComponent:63 - No mode defined for component null
2024-01-12 12:33:30,359 [WARN] ModelIntegratedComponent:63 - No mode defined for component null
2024-01-12 12:33:30,359 [WARN] ModelIntegratedComponent:63 - No mode defined for component null
2024-01-12 12:33:30,359 [WARN] ModelIntegratedComponent:63 - No mode defined for component null
2024-01-12 12:33:30,359 [WARN] ModelIntegratedComponent:63 - No mode defined for component null
2024-01-12 12:33:30,359 [WARN] ModelIntegratedComponent:63 - No mode defined for component null
2024-01-12 12:33:30,359 [WARN] ModelIntegratedComponent:63 - No mode defined for component null
2024-01-12 12:33:30,359 [WARN] ModelIntegratedComponent:63 - No mode defined for component null
2024-01-12 12:33:30,359 [WARN] ModelIntegratedComponent:63 - No mode defined for component null
2024-01-12 12:33:30,359 [WARN] ModelIntegratedComponent:63 - No mode defined for component null
2024-01-12 12:33:30,360 [WARN] ModelIntegratedComponent:63 - No mode defined for component null
2024-01-12 12:33:30,360 [WARN] ModelIntegratedComponent:63 - No mode defined for component null
2024-01-12 12:33:30,360 [WARN] ModelIntegratedComponent:63 - No mode defined for component null
2024-01-12 12:33:30,360 [WARN] ModelIntegratedComponent:63 - No mode defined for component null
2024-01-12 12:33:30,360 [WARN] ModelIntegratedComponent:63 - No mode defined for component null
2024-01-12 12:33:30,360 [WARN] ModelIntegratedComponent:63 - No mode defined for component null
2024-01-12 12:33:30,360 [WARN] ModelIntegratedComponent:63 - No mode defined for component null
2024-01-12 12:33:30,360 [WARN] ModelIntegratedComponent:63 - No mode defined for component null
2024-01-12 12:33:30,360 [WARN] ModelIntegratedComponent:63 - No mode defined for component null
2024-01-12 12:33:30,360 [WARN] ModelIntegratedComponent:63 - No mode defined for component null
2024-01-12 12:33:30,360 [WARN] ModelIntegratedComponent:63 - No mode defined for component null
2024-01-12 12:33:30,360 [WARN] ModelIntegratedComponent:63 - No mode defined for component null
2024-01-12 12:33:30,360 [WARN] ModelIntegratedComponent:63 - No mode defined for component null
2024-01-12 12:33:30,360 [WARN] ModelIntegratedComponent:63 - No mode defined for component null
2024-01-12 12:33:30,360 [WARN] ModelIntegratedComponent:63 - No mode defined for component null
2024-01-12 12:33:30,441 [INFO] ThirdPartyModel:298 - Start build external matchings
2024-01-12 12:33:31,069 [INFO] ThirdPartyModel:316 - End build external matchings
2024-01-12 12:33:31,079 [INFO] ImportTextPane:194 - (OptionalMessage_ERROR) IP (RCC) : Parameter (FLatency) has Id (AdvancedSettings) currently not set
2024-01-12 12:33:31,079 [INFO] ImportTextPane:194 - (OptionalMessage_ERROR) IP (RCC) : Invalid parameter (FamilyName)
2024-01-12 12:33:31,079 [INFO] ImportTextPane:194 - (OptionalMessage_ERROR) IP (RCC) : Invalid parameter (HSICECFreq_Value)
2024-01-12 12:33:31,080 [INFO] ImportTextPane:194 - (OptionalMessage_ERROR) IP (RCC) : Parameter (PREFETCH_ENABLE) has Id (AdvancedSettings) currently not set
2024-01-12 12:33:31,273 [INFO] UtilMem:75 - End LoadConfig() Used Memory: 886194976 Bytes (1073741824)
2024-01-12 12:33:31,312 [WARN] ThirdParty:833 - waiting for thirdparty lock release [change project]
2024-01-12 12:33:31,313 [INFO] ThirdParty:835 - entering critical section [change project]
2024-01-12 12:33:31,313 [INFO] ThirdParty:1030 - CMSIS Pack Vendor :STMicroelectronics X-CUBE-ISPU 1.1.0
2024-01-12 12:33:31,313 [INFO] ThirdParty:1030 - CMSIS Pack Vendor :STMicroelectronics USBPD 4.1
2024-01-12 12:33:31,313 [INFO] ThirdParty:1030 - CMSIS Pack Vendor :STMicroelectronics X-CUBE-GNSS1 6.0.0
2024-01-12 12:33:31,313 [INFO] ThirdParty:1030 - CMSIS Pack Vendor :STMicroelectronics USB_HOST 2.0.0
2024-01-12 12:33:31,313 [INFO] ThirdParty:1030 - CMSIS Pack Vendor :STMicroelectronics X-CUBE-AZRTOS-F4 1.1.0
2024-01-12 12:33:31,313 [INFO] ThirdParty:1030 - CMSIS Pack Vendor :STMicroelectronics LIBJPEG 8.0.0
2024-01-12 12:33:31,313 [INFO] ThirdParty:1030 - CMSIS Pack Vendor :wolfSSL I-CUBE-wolfSSL 5.6.3
2024-01-12 12:33:31,313 [INFO] ThirdParty:1030 - CMSIS Pack Vendor :STMicroelectronics X-CUBE-SMBUS 2.1.0
2024-01-12 12:33:31,313 [INFO] ThirdParty:1030 - CMSIS Pack Vendor :STMicroelectronics USB_DEVICE 3.0.0
2024-01-12 12:33:31,313 [INFO] ThirdParty:1030 - CMSIS Pack Vendor :STMicroelectronics X-CUBE-AZRTOS-WB 2.0.0
2024-01-12 12:33:31,313 [INFO] ThirdParty:1030 - CMSIS Pack Vendor :STMicroelectronics X-CUBE-TOUCHGFX 4.23.0
2024-01-12 12:33:31,313 [INFO] ThirdParty:1030 - CMSIS Pack Vendor :STMicroelectronics X-CUBE-AZRTOS-F7 1.1.0
2024-01-12 12:33:31,313 [INFO] ThirdParty:1030 - CMSIS Pack Vendor :STMicroelectronics X-CUBE-AZRTOS-L5 2.0.0
2024-01-12 12:33:31,313 [INFO] ThirdParty:1030 - CMSIS Pack Vendor :STMicroelectronics USB_DEVICE 2.0.0
2024-01-12 12:33:31,313 [INFO] ThirdParty:1030 - CMSIS Pack Vendor :STMicroelectronics X-CUBE-MEMS1 9.6.0
2024-01-12 12:33:31,313 [INFO] ThirdParty:1030 - CMSIS Pack Vendor :STMicroelectronics X-CUBE-EEPRMA1 4.2.0
2024-01-12 12:33:31,313 [INFO] ThirdParty:1030 - CMSIS Pack Vendor :ITTIA_DB I-CUBE-ITTIADB 8.8.0
2024-01-12 12:33:31,313 [INFO] ThirdParty:1030 - CMSIS Pack Vendor :STMicroelectronics FP-SNS-MOTENV1 4.3.2
2024-01-12 12:33:31,314 [INFO] ThirdParty:1030 - CMSIS Pack Vendor :STMicroelectronics X-CUBE-ALGOBUILD 1.3.0
2024-01-12 12:33:31,314 [INFO] ThirdParty:1030 - CMSIS Pack Vendor :STMicroelectronics FreeRTOS 0.0.1
2024-01-12 12:33:31,314 [INFO] ThirdParty:1030 - CMSIS Pack Vendor :STMicroelectronics X-CUBE-AZRTOS-G0 1.1.0
2024-01-12 12:33:31,314 [INFO] ThirdParty:1030 - CMSIS Pack Vendor :STMicroelectronics X-CUBE-BLEMGR 2.0.0
2024-01-12 12:33:31,314 [INFO] ThirdParty:1030 - CMSIS Pack Vendor :STMicroelectronics X-CUBE-NFC4 3.0.0
2024-01-12 12:33:31,314 [INFO] ThirdParty:1030 - CMSIS Pack Vendor :STMicroelectronics X-CUBE-SUBG2 5.0.0
2024-01-12 12:33:31,314 [INFO] ThirdParty:1030 - CMSIS Pack Vendor :STMicroelectronics STM32_WPAN 1.0.0
2024-01-12 12:33:31,314 [INFO] ThirdParty:1030 - CMSIS Pack Vendor :STMicroelectronics lwIP 2.0.3
2024-01-12 12:33:31,314 [INFO] ThirdParty:1030 - CMSIS Pack Vendor :STMicroelectronics FP-SNS-FLIGHT1 5.0.2
2024-01-12 12:33:31,314 [INFO] ThirdParty:1030 - CMSIS Pack Vendor :STMicroelectronics USB_HOST 1.0.0
2024-01-12 12:33:31,314 [INFO] ThirdParty:1030 - CMSIS Pack Vendor :STMicroelectronics X-CUBE-TOF1 3.3.1
2024-01-12 12:33:31,314 [INFO] ThirdParty:1030 - CMSIS Pack Vendor :STMicroelectronics X-CUBE-AZRTOS-G4 2.0.0
2024-01-12 12:33:31,314 [INFO] ThirdParty:1030 - CMSIS Pack Vendor :STMicroelectronics PDM2PCM 3.1.0
2024-01-12 12:33:31,314 [INFO] ThirdParty:1030 - CMSIS Pack Vendor :STMicroelectronics X-CUBE-AZRTOS-H7 3.1.0
2024-01-12 12:33:31,314 [INFO] ThirdParty:1030 - CMSIS Pack Vendor :Infineon AIROC-Wi-Fi-Bluetooth-STM32 1.5.1
2024-01-12 12:33:31,314 [INFO] ThirdParty:1030 - CMSIS Pack Vendor :STMicroelectronics X-CUBE-BLEMGR 3.0.0
2024-01-12 12:33:31,314 [INFO] ThirdParty:1030 - CMSIS Pack Vendor :STMicroelectronics PDM2PCM 3.3.0
2024-01-12 12:33:31,314 [INFO] ThirdParty:1030 - CMSIS Pack Vendor :STMicroelectronics X-CUBE-DISPLAY 3.0.0
2024-01-12 12:33:31,314 [INFO] ThirdParty:1030 - CMSIS Pack Vendor :STMicroelectronics FP-SNS-MOTENVWB1 1.3.0
2024-01-12 12:33:31,314 [INFO] ThirdParty:1030 - CMSIS Pack Vendor :STMicroelectronics FP-SNS-MOTENVWB1 1.3.1
2024-01-12 12:33:31,314 [INFO] ThirdParty:1030 - CMSIS Pack Vendor :STMicroelectronics X-CUBE-BLE1 7.0.0
2024-01-12 12:33:31,315 [INFO] ThirdParty:1030 - CMSIS Pack Vendor :STMicroelectronics FP-ATR-SIGFOX1 3.2.0
2024-01-12 12:33:31,315 [INFO] ThirdParty:1030 - CMSIS Pack Vendor :STMicroelectronics X-CUBE-ISPU 2.0.0
2024-01-12 12:33:31,315 [INFO] ThirdParty:1030 - CMSIS Pack Vendor :STMicroelectronics HAL Drivers 0.0.0
2024-01-12 12:33:31,315 [INFO] ThirdParty:1030 - CMSIS Pack Vendor :STMicroelectronics MBEDTLS 2.16.2
2024-01-12 12:33:31,315 [INFO] ThirdParty:1030 - CMSIS Pack Vendor :emotas I-CUBE-CANOPEN 1.3.0
2024-01-12 12:33:31,315 [INFO] ThirdParty:1030 - CMSIS Pack Vendor :STMicroelectronics X-CUBE-MEMS1 10.0.0
2024-01-12 12:33:31,315 [INFO] ThirdParty:1030 - CMSIS Pack Vendor :STMicroelectronics X-CUBE-FREERTOS 1.1.0
2024-01-12 12:33:31,315 [INFO] ThirdParty:1030 - CMSIS Pack Vendor :STMicroelectronics X-CUBE-TOUCHGFX 4.22.0
2024-01-12 12:33:31,315 [INFO] ThirdParty:1030 - CMSIS Pack Vendor :STMicroelectronics X-CUBE-NFC7 1.0.1
2024-01-12 12:33:31,315 [INFO] ThirdParty:1030 - CMSIS Pack Vendor :STMicroelectronics MBEDTLS 2.14.1
2024-01-12 12:33:31,315 [INFO] ThirdParty:1030 - CMSIS Pack Vendor :STMicroelectronics X-CUBE-TOUCHGFX 4.22.1
2024-01-12 12:33:31,315 [INFO] ThirdParty:1030 - CMSIS Pack Vendor :STMicroelectronics X-CUBE-NFC6 3.0.0
2024-01-12 12:33:31,315 [INFO] ThirdParty:1030 - CMSIS Pack Vendor :STMicroelectronics X-CUBE-EEPRMA1 4.1.0
2024-01-12 12:33:31,315 [INFO] ThirdParty:1030 - CMSIS Pack Vendor :portGmbH I-Cube-SoM-uGOAL 1.1.0
2024-01-12 12:33:31,315 [INFO] ThirdParty:1030 - CMSIS Pack Vendor :STMicroelectronics X-CUBE-ALS 1.0.1
2024-01-12 12:33:31,315 [INFO] ThirdParty:1030 - CMSIS Pack Vendor :STMicroelectronics ThreadX 1.0.0
2024-01-12 12:33:31,315 [INFO] ThirdParty:1030 - CMSIS Pack Vendor :STMicroelectronics FP-SNS-SMARTAG2 1.2.0
2024-01-12 12:33:31,315 [INFO] ThirdParty:1030 - CMSIS Pack Vendor :STMicroelectronics X-CUBE-AZRTOS-WL 2.0.0
2024-01-12 12:33:31,315 [INFO] ThirdParty:1030 - CMSIS Pack Vendor :SEGGER I-CUBE-embOS 1.3.1
2024-01-12 12:33:31,315 [INFO] ThirdParty:1030 - CMSIS Pack Vendor :STMicroelectronics USB_DEVICE 1.0.0
2024-01-12 12:33:31,315 [INFO] ThirdParty:1030 - CMSIS Pack Vendor :STMicroelectronics X-CUBE-AI 8.1.0
2024-01-12 12:33:31,316 [INFO] ThirdParty:1030 - CMSIS Pack Vendor :STMicroelectronics X-CUBE-AZRTOS-L4 2.0.0
2024-01-12 12:33:31,316 [INFO] ThirdParty:1030 - CMSIS Pack Vendor :STMicroelectronics ThreadX 0.0.2
2024-01-12 12:33:31,316 [INFO] ThirdParty:1030 - CMSIS Pack Vendor :WES I-CUBE-Cesium 1.3.0
2024-01-12 12:33:31,316 [INFO] ThirdParty:1030 - CMSIS Pack Vendor :STMicroelectronics FP-ATR-ASTRA1 2.0.0
2024-01-12 12:33:31,316 [INFO] ThirdParty:1030 - CMSIS Pack Vendor :STMicroelectronics lwIP 2.1.2
2024-01-12 12:33:31,316 [INFO] ThirdParty:1030 - CMSIS Pack Vendor :STMicroelectronics X-CUBE-SFXS2LP1 4.0.0
2024-01-12 12:33:31,316 [INFO] ThirdParty:1030 - CMSIS Pack Vendor :STMicroelectronics X-CUBE-BLE2 3.3.0
2024-01-12 12:33:31,316 [INFO] ThirdParty:1030 - CMSIS Pack Vendor :STMicroelectronics X-CUBE-TOF1 3.4.0
2024-01-12 12:33:31,316 [INFO] ThirdParty:1030 - CMSIS Pack Vendor :STMicroelectronics X-CUBE-AZRTOS-H7 3.2.0
2024-01-12 12:33:31,316 [INFO] ThirdParty:1030 - CMSIS Pack Vendor :STMicroelectronics PDM2PCM 3.2.0
2024-01-12 12:33:31,316 [INFO] ThirdParty:841 - exiting critical section [change project]
2024-01-12 12:33:31,449 [INFO] PinOutPanel:1499 - setPackage(No Configuration,No Configuration)
2024-01-12 12:33:31,449 [INFO] PinOutPanel:1499 - setPackage(STM32F072RBTx,LQFP64)
2024-01-12 12:33:31,883 [INFO] UtilMem:75 - Before build in PCC Used Memory: 662269432 Bytes (1073741824)
2024-01-12 12:33:32,110 [INFO] UtilMem:75 - After build in PCC Used Memory: 705787384 Bytes (1073741824)
2024-01-12 12:33:32,126 [INFO] IPUIPlugin:80 - create IPUIPlugin
2024-01-12 12:33:32,126 [INFO] IPUIPlugin:80 - create IPUIPlugin
2024-01-12 12:33:32,126 [INFO] IPUIPlugin:80 - create IPUIPlugin
2024-01-12 12:33:32,127 [INFO] IPUIPlugin:80 - create IPUIPlugin
2024-01-12 12:33:32,127 [INFO] IPUIPlugin:80 - create IPUIPlugin
2024-01-12 12:33:32,127 [INFO] IPUIPlugin:80 - create IPUIPlugin
2024-01-12 12:33:32,127 [INFO] IPUIPlugin:80 - create IPUIPlugin
2024-01-12 12:33:32,127 [INFO] IPUIPlugin:80 - create IPUIPlugin
2024-01-12 12:33:32,127 [INFO] IPUIPlugin:80 - create IPUIPlugin
2024-01-12 12:33:32,127 [INFO] IPUIPlugin:80 - create IPUIPlugin
2024-01-12 12:33:32,127 [INFO] IPUIPlugin:80 - create IPUIPlugin
2024-01-12 12:33:32,127 [INFO] IPUIPlugin:80 - create IPUIPlugin
2024-01-12 12:33:32,127 [INFO] IPUIPlugin:80 - create IPUIPlugin
2024-01-12 12:33:32,127 [INFO] IPUIPlugin:80 - create IPUIPlugin
2024-01-12 12:33:32,128 [INFO] IPUIPlugin:80 - create IPUIPlugin
2024-01-12 12:33:32,128 [INFO] IPUIPlugin:80 - create IPUIPlugin
2024-01-12 12:33:32,128 [INFO] IPUIPlugin:80 - create IPUIPlugin
2024-01-12 12:33:32,128 [INFO] IPUIPlugin:80 - create IPUIPlugin
2024-01-12 12:33:32,128 [INFO] IPUIPlugin:80 - create IPUIPlugin
2024-01-12 12:33:32,128 [INFO] IPUIPlugin:80 - create IPUIPlugin
2024-01-12 12:33:32,128 [INFO] IPUIPlugin:80 - create IPUIPlugin
2024-01-12 12:33:32,128 [INFO] IPUIPlugin:80 - create IPUIPlugin
2024-01-12 12:33:32,129 [INFO] IPUIPlugin:80 - create IPUIPlugin
2024-01-12 12:33:32,129 [INFO] IPUIPlugin:80 - create IPUIPlugin
2024-01-12 12:33:32,129 [INFO] IPUIPlugin:80 - create IPUIPlugin
2024-01-12 12:33:32,129 [INFO] IPUIPlugin:80 - create IPUIPlugin
2024-01-12 12:33:32,129 [INFO] IPUIPlugin:80 - create IPUIPlugin
2024-01-12 12:33:32,129 [INFO] IPUIPlugin:80 - create IPUIPlugin
2024-01-12 12:33:32,129 [INFO] IPUIPlugin:80 - create IPUIPlugin
2024-01-12 12:33:32,130 [INFO] IPUIPlugin:80 - create IPUIPlugin
2024-01-12 12:33:32,130 [INFO] IPUIPlugin:80 - create IPUIPlugin
2024-01-12 12:33:32,130 [INFO] IPUIPlugin:80 - create IPUIPlugin
2024-01-12 12:33:32,130 [INFO] IPUIPlugin:80 - create IPUIPlugin
2024-01-12 12:33:32,130 [INFO] IPUIPlugin:80 - create IPUIPlugin
2024-01-12 12:33:32,130 [INFO] IPUIPlugin:80 - create IPUIPlugin
2024-01-12 12:33:32,131 [INFO] IPUIPlugin:80 - create IPUIPlugin
2024-01-12 12:33:32,131 [INFO] IPUIPlugin:80 - create IPUIPlugin
2024-01-12 12:33:32,131 [INFO] IPUIPlugin:80 - create IPUIPlugin
2024-01-12 12:33:32,131 [INFO] IPUIPlugin:80 - create IPUIPlugin
2024-01-12 12:33:32,132 [INFO] IPUIPlugin:80 - create IPUIPlugin
2024-01-12 12:33:32,132 [INFO] IPUIPlugin:80 - create IPUIPlugin
2024-01-12 12:33:32,169 [INFO] CADModel:165 - CPN selected for project levelSTM32F072RBT6
2024-01-12 12:33:32,169 [INFO] CADModel:114 - Register for checkConnection events
2024-01-12 12:33:32,221 [INFO] OpenFileManager:328 - Restore cursor
2024-01-12 12:34:05,391 [INFO] NvicIntPanel:101 - NVIC parent = com.st.microxplorer.plugins.ip.nvic.MultiNvicIntPanel[,0,0,450x146,layout=javax.swing.BoxLayout,alignmentX=0.0,alignmentY=0.0,border=,flags=9,maximumSize=,minimumSize=,preferredSize=]
2024-01-12 12:34:14,481 [INFO] UtilMem:75 - End SaveConfig() Used Memory: 900144352 Bytes (1073741824)
2024-01-12 12:34:16,058 [INFO] UtilMem:75 - End SaveConfig() Used Memory: 924787936 Bytes (1073741824)
2024-01-12 12:34:16,225 [INFO] UtilMem:75 - End SaveConfig() Used Memory: 590839072 Bytes (1073741824)
2024-01-12 12:34:16,610 [INFO] BlockDiagram:2759 - set Specific Code input for plugin: ADC
2024-01-12 12:34:16,611 [INFO] BlockDiagram:2759 - set Specific Code input for plugin: NVIC
2024-01-12 12:34:16,611 [INFO] BlockDiagram:2759 - set Specific Code input for plugin: USART
2024-01-12 12:34:16,611 [INFO] BlockDiagram:2759 - set Specific Code input for plugin: USART
2024-01-12 12:34:16,611 [INFO] BlockDiagram:2759 - set Specific Code input for plugin: TIM1_8F0
2024-01-12 12:34:16,611 [INFO] BlockDiagram:2759 - set Specific Code input for plugin: TIM1_8F0
2024-01-12 12:34:16,611 [INFO] BlockDiagram:2759 - set Specific Code input for plugin: SYS
2024-01-12 12:34:16,611 [INFO] BlockDiagram:2759 - set Specific Code input for plugin: GPIO
2024-01-12 12:34:16,611 [INFO] BlockDiagram:2759 - set Specific Code input for plugin: RCC
2024-01-12 12:34:16,611 [INFO] BlockDiagram:2759 - set Specific Code input for plugin: I2C
2024-01-12 12:34:16,613 [INFO] CodeGenerator:799 - code generatio: config db path: C:\ST\STM32CubeIDE_1.13.2\STM32CubeIDE\plugins\com.st.stm32cube.common.mx_6.9.2.202309101412\\db\
2024-01-12 12:34:16,801 [INFO] CodeEngine:255 - oldGeneratedFile, C:\Users\jespe\STM32CubeIDE\workspace_1.13.2\test\MXTmpFiles\license.tmp_save
2024-01-12 12:34:17,223 [INFO] CodeEngine:279 - Generated code: C:\Users\jespe\STM32CubeIDE\workspace_1.13.2\test\MXTmpFiles\license.tmp
2024-01-12 12:34:17,343 [INFO] CodeEngine:255 - oldGeneratedFile, C:\Users\jespe\STM32CubeIDE\workspace_1.13.2\test\MXTmpFiles\gpio.tmp_save
2024-01-12 12:34:17,463 [INFO] CodeEngine:279 - Generated code: C:\Users\jespe\STM32CubeIDE\workspace_1.13.2\test\MXTmpFiles\gpio.tmp
2024-01-12 12:34:17,896 [INFO] CodeEngine:255 - oldGeneratedFile, C:\Users\jespe\STM32CubeIDE\workspace_1.13.2\test\Core\Src\stm32f0xx_it.c_save
2024-01-12 12:34:18,034 [INFO] CodeEngine:279 - Generated code: C:\Users\jespe\STM32CubeIDE\workspace_1.13.2\test\Core\Src\stm32f0xx_it.c
2024-01-12 12:34:18,052 [INFO] CodeEngine:255 - oldGeneratedFile, C:\Users\jespe\STM32CubeIDE\workspace_1.13.2\test\Core\Inc\stm32f0xx_it.h_save
2024-01-12 12:34:18,135 [INFO] CodeEngine:279 - Generated code: C:\Users\jespe\STM32CubeIDE\workspace_1.13.2\test\Core\Inc\stm32f0xx_it.h
2024-01-12 12:34:18,163 [INFO] CodeEngine:255 - oldGeneratedFile, C:\Users\jespe\STM32CubeIDE\workspace_1.13.2\test\Core\Src\stm32f0xx_hal_msp.c_save
2024-01-12 12:34:18,301 [INFO] CodeEngine:279 - Generated code: C:\Users\jespe\STM32CubeIDE\workspace_1.13.2\test\Core\Src\stm32f0xx_hal_msp.c
2024-01-12 12:34:18,315 [INFO] CodeEngine:255 - oldGeneratedFile, C:\Users\jespe\STM32CubeIDE\workspace_1.13.2\test\MXTmpFiles\system.tmp_save
2024-01-12 12:34:18,375 [INFO] CodeEngine:279 - Generated code: C:\Users\jespe\STM32CubeIDE\workspace_1.13.2\test\MXTmpFiles\system.tmp
2024-01-12 12:34:18,399 [INFO] CodeEngine:311 - oldGeneratedFile, C:\Users\jespe\STM32CubeIDE\workspace_1.13.2\test\Core\Inc\stm32f0xx_hal_conf.h_save
2024-01-12 12:34:18,476 [INFO] CodeEngine:335 - Generated code: C:\Users\jespe\STM32CubeIDE\workspace_1.13.2\test\Core\Inc\stm32f0xx_hal_conf.h
2024-01-12 12:34:18,498 [WARN] IPConfigManager:3431 - IP not found : TIM
2024-01-12 12:34:18,500 [WARN] CodeGenerator:3764 - IP not found : null
2024-01-12 12:34:18,519 [INFO] CodeEngine:255 - oldGeneratedFile, C:\Users\jespe\STM32CubeIDE\workspace_1.13.2\test\Core\Inc\main.h_save
2024-01-12 12:34:18,609 [INFO] CodeEngine:279 - Generated code: C:\Users\jespe\STM32CubeIDE\workspace_1.13.2\test\Core\Inc\main.h
2024-01-12 12:34:18,628 [INFO] CodeEngine:255 - oldGeneratedFile, C:\Users\jespe\STM32CubeIDE\workspace_1.13.2\test\Core\Src\main.c_save
2024-01-12 12:34:18,797 [INFO] CodeEngine:279 - Generated code: C:\Users\jespe\STM32CubeIDE\workspace_1.13.2\test\Core\Src\main.c
2024-01-12 12:34:19,099 [INFO] ProjectBuilder:3064 - Time for Copy HAL[2] : 0mS.
2024-01-12 12:34:19,107 [INFO] ProjectBuilder:4404 - Project Generator version: 4.1.0
2024-01-12 12:34:19,298 [INFO] ConfigFileManager:1457 - The Die is : DIE448
2024-01-12 12:34:19,312 [INFO] ApiDbMcu:507 - Load IP Config File for FATFS
2024-01-12 12:34:19,322 [INFO] ApiDbMcu:507 - Load IP Config File for FREERTOS
2024-01-12 12:34:19,339 [INFO] ApiDbMcu:507 - Load IP Config File for TOUCHSENSING
2024-01-12 12:34:19,350 [INFO] ApiDbMcu:507 - Load IP Config File for USB_DEVICE
2024-01-12 12:34:20,286 [INFO] LogOutputStream:77 - [STDOUT_REDIRECT] 
2024-01-12 12:34:21,860 [INFO] ProjectBuilder:4626 - Time for Generating toolchain IDE Files: 2753mS.
2024-01-12 12:34:21,860 [INFO] ProjectBuilder:2935 - Time for Copy CMSIS : 0mS.
2024-01-12 12:34:21,863 [INFO] ProjectBuilder:2935 - Time for Copy CMSIS : 0mS.
2024-01-12 13:35:14,917 [INFO] MainUpdater:2868 - connection check result : 10
2024-01-12 13:35:14,917 [INFO] MainUpdater:2868 - connection check result : 10
2024-01-12 13:35:15,055 [INFO] I2cTimingTraitement:330 - 0x2000090E
2024-01-12 13:35:15,058 [INFO] MicroXplorer:468 - Change Database Path : 
2024-01-12 13:35:15,058 [INFO] MicroXplorer:498 - Change Database Version : DB.6.0.92
2024-01-12 13:35:15,074 [WARN] ThirdParty:871 - waiting for thirdparty lock release [close project]
2024-01-12 13:35:15,075 [INFO] ThirdParty:873 - entering critical section [close project]
2024-01-12 13:35:15,075 [INFO] ThirdParty:883 - exiting critical section [close project]
2024-01-12 13:35:15,076 [INFO] PinOutPanel:1499 - setPackage(No Configuration,No Configuration)
2024-01-12 13:35:15,079 [INFO] UtilMem:75 - Begin LoadConfig() Used Memory: 644266328 Bytes (1073741824)
2024-01-12 13:35:15,079 [INFO] MicroXplorer:468 - Change Database Path : 
2024-01-12 13:35:15,079 [INFO] MicroXplorer:498 - Change Database Version : DB.6.0.92
2024-01-12 13:35:15,080 [INFO] OpenFileManager:308 - Change cursor
2024-01-12 13:35:15,096 [INFO] RulesReader:64 - Compatibility file has been processed (293 Rules)
2024-01-12 13:35:15,098 [INFO] Mcu:1946 - Initializing MCU STM32F072R(8-B)Tx STM32F072RBTx STM32F072RBT6
2024-01-12 13:35:15,743 [INFO] Context:659 - Trying to add GPIOservice into a context  which must be forbidden
2024-01-12 13:35:15,968 [INFO] RtosManager:555 - Registered RTOS mode: class=CMSIS, group=RTOS, mode=CMSIS_V1, owner=FREERTOS
2024-01-12 13:35:15,969 [INFO] RtosManager:555 - Registered RTOS mode: class=CMSIS, group=RTOS2, mode=CMSIS_V2, owner=FREERTOS
2024-01-12 13:35:15,969 [INFO] RtosManager:555 - Registered RTOS mode: class=RTOS, group=Core, mode=CMSIS_V1, owner=FREERTOS
2024-01-12 13:35:15,969 [INFO] RtosManager:555 - Registered RTOS mode: class=RTOS, group=Core, mode=CMSIS_V2, owner=FREERTOS
2024-01-12 13:35:15,969 [WARN] ModelIntegratedComponent:184 - Missing modes for component STMicroelectronics:FreeRTOS:0.0.1:STMicroelectronics:RTOS:FreeRTOS:Core:::10.2.0:
2024-01-12 13:35:15,975 [WARN] ModelIntegratedComponent:63 - No mode defined for component null
2024-01-12 13:35:15,975 [WARN] ModelIntegratedComponent:63 - No mode defined for component null
2024-01-12 13:35:15,976 [WARN] ModelIntegratedComponent:63 - No mode defined for component null
2024-01-12 13:35:15,976 [WARN] ModelIntegratedComponent:63 - No mode defined for component null
2024-01-12 13:35:15,976 [WARN] ModelIntegratedComponent:63 - No mode defined for component null
2024-01-12 13:35:15,976 [WARN] ModelIntegratedComponent:63 - No mode defined for component null
2024-01-12 13:35:15,976 [WARN] ModelIntegratedComponent:63 - No mode defined for component null
2024-01-12 13:35:15,976 [WARN] ModelIntegratedComponent:63 - No mode defined for component null
2024-01-12 13:35:15,976 [WARN] ModelIntegratedComponent:63 - No mode defined for component null
2024-01-12 13:35:15,976 [WARN] ModelIntegratedComponent:63 - No mode defined for component null
2024-01-12 13:35:15,976 [WARN] ModelIntegratedComponent:63 - No mode defined for component null
2024-01-12 13:35:15,976 [WARN] ModelIntegratedComponent:63 - No mode defined for component null
2024-01-12 13:35:15,976 [WARN] ModelIntegratedComponent:63 - No mode defined for component null
2024-01-12 13:35:15,976 [WARN] ModelIntegratedComponent:63 - No mode defined for component null
2024-01-12 13:35:15,976 [WARN] ModelIntegratedComponent:63 - No mode defined for component null
2024-01-12 13:35:15,976 [WARN] ModelIntegratedComponent:63 - No mode defined for component null
2024-01-12 13:35:15,976 [WARN] ModelIntegratedComponent:63 - No mode defined for component null
2024-01-12 13:35:15,976 [WARN] ModelIntegratedComponent:63 - No mode defined for component null
2024-01-12 13:35:15,976 [WARN] ModelIntegratedComponent:63 - No mode defined for component null
2024-01-12 13:35:15,976 [WARN] ModelIntegratedComponent:63 - No mode defined for component null
2024-01-12 13:35:15,976 [WARN] ModelIntegratedComponent:63 - No mode defined for component null
2024-01-12 13:35:15,976 [WARN] ModelIntegratedComponent:63 - No mode defined for component null
2024-01-12 13:35:15,976 [WARN] ModelIntegratedComponent:63 - No mode defined for component null
2024-01-12 13:35:15,976 [WARN] ModelIntegratedComponent:63 - No mode defined for component null
2024-01-12 13:35:15,976 [WARN] ModelIntegratedComponent:63 - No mode defined for component null
2024-01-12 13:35:15,976 [WARN] ModelIntegratedComponent:63 - No mode defined for component null
2024-01-12 13:35:15,976 [WARN] ModelIntegratedComponent:63 - No mode defined for component null
2024-01-12 13:35:15,976 [WARN] ModelIntegratedComponent:63 - No mode defined for component null
2024-01-12 13:35:15,976 [WARN] ModelIntegratedComponent:63 - No mode defined for component null
2024-01-12 13:35:15,977 [WARN] ModelIntegratedComponent:63 - No mode defined for component null
2024-01-12 13:35:15,977 [WARN] ModelIntegratedComponent:63 - No mode defined for component null
2024-01-12 13:35:15,977 [WARN] ModelIntegratedComponent:63 - No mode defined for component null
2024-01-12 13:35:15,977 [WARN] ModelIntegratedComponent:63 - No mode defined for component null
2024-01-12 13:35:16,042 [INFO] ThirdPartyModel:298 - Start build external matchings
2024-01-12 13:35:16,744 [INFO] ThirdPartyModel:316 - End build external matchings
2024-01-12 13:35:16,754 [INFO] ImportTextPane:194 - (OptionalMessage_ERROR) IP (RCC) : Parameter (FLatency) has Id (AdvancedSettings) currently not set
2024-01-12 13:35:16,754 [INFO] ImportTextPane:194 - (OptionalMessage_ERROR) IP (RCC) : Invalid parameter (FamilyName)
2024-01-12 13:35:16,754 [INFO] ImportTextPane:194 - (OptionalMessage_ERROR) IP (RCC) : Invalid parameter (HSICECFreq_Value)
2024-01-12 13:35:16,754 [INFO] ImportTextPane:194 - (OptionalMessage_ERROR) IP (RCC) : Parameter (PREFETCH_ENABLE) has Id (AdvancedSettings) currently not set
2024-01-12 13:35:16,937 [INFO] UtilMem:75 - End LoadConfig() Used Memory: 814394248 Bytes (1073741824)
2024-01-12 13:35:16,966 [WARN] ThirdParty:833 - waiting for thirdparty lock release [change project]
2024-01-12 13:35:16,966 [INFO] ThirdParty:835 - entering critical section [change project]
2024-01-12 13:35:16,966 [INFO] ThirdParty:1030 - CMSIS Pack Vendor :STMicroelectronics X-CUBE-ISPU 1.1.0
2024-01-12 13:35:16,966 [INFO] ThirdParty:1030 - CMSIS Pack Vendor :STMicroelectronics USBPD 4.1
2024-01-12 13:35:16,966 [INFO] ThirdParty:1030 - CMSIS Pack Vendor :STMicroelectronics X-CUBE-GNSS1 6.0.0
2024-01-12 13:35:16,966 [INFO] ThirdParty:1030 - CMSIS Pack Vendor :STMicroelectronics USB_HOST 2.0.0
2024-01-12 13:35:16,967 [INFO] ThirdParty:1030 - CMSIS Pack Vendor :STMicroelectronics X-CUBE-AZRTOS-F4 1.1.0
2024-01-12 13:35:16,967 [INFO] ThirdParty:1030 - CMSIS Pack Vendor :STMicroelectronics LIBJPEG 8.0.0
2024-01-12 13:35:16,967 [INFO] ThirdParty:1030 - CMSIS Pack Vendor :wolfSSL I-CUBE-wolfSSL 5.6.3
2024-01-12 13:35:16,967 [INFO] ThirdParty:1030 - CMSIS Pack Vendor :STMicroelectronics X-CUBE-SMBUS 2.1.0
2024-01-12 13:35:16,967 [INFO] ThirdParty:1030 - CMSIS Pack Vendor :STMicroelectronics USB_DEVICE 3.0.0
2024-01-12 13:35:16,967 [INFO] ThirdParty:1030 - CMSIS Pack Vendor :STMicroelectronics X-CUBE-AZRTOS-WB 2.0.0
2024-01-12 13:35:16,967 [INFO] ThirdParty:1030 - CMSIS Pack Vendor :STMicroelectronics X-CUBE-TOUCHGFX 4.23.0
2024-01-12 13:35:16,967 [INFO] ThirdParty:1030 - CMSIS Pack Vendor :STMicroelectronics X-CUBE-AZRTOS-F7 1.1.0
2024-01-12 13:35:16,967 [INFO] ThirdParty:1030 - CMSIS Pack Vendor :STMicroelectronics X-CUBE-AZRTOS-L5 2.0.0
2024-01-12 13:35:16,967 [INFO] ThirdParty:1030 - CMSIS Pack Vendor :STMicroelectronics USB_DEVICE 2.0.0
2024-01-12 13:35:16,967 [INFO] ThirdParty:1030 - CMSIS Pack Vendor :STMicroelectronics X-CUBE-MEMS1 9.6.0
2024-01-12 13:35:16,967 [INFO] ThirdParty:1030 - CMSIS Pack Vendor :STMicroelectronics X-CUBE-EEPRMA1 4.2.0
2024-01-12 13:35:16,967 [INFO] ThirdParty:1030 - CMSIS Pack Vendor :ITTIA_DB I-CUBE-ITTIADB 8.8.0
2024-01-12 13:35:16,967 [INFO] ThirdParty:1030 - CMSIS Pack Vendor :STMicroelectronics FP-SNS-MOTENV1 4.3.2
2024-01-12 13:35:16,967 [INFO] ThirdParty:1030 - CMSIS Pack Vendor :STMicroelectronics X-CUBE-ALGOBUILD 1.3.0
2024-01-12 13:35:16,967 [INFO] ThirdParty:1030 - CMSIS Pack Vendor :STMicroelectronics FreeRTOS 0.0.1
2024-01-12 13:35:16,967 [INFO] ThirdParty:1030 - CMSIS Pack Vendor :STMicroelectronics X-CUBE-AZRTOS-G0 1.1.0
2024-01-12 13:35:16,967 [INFO] ThirdParty:1030 - CMSIS Pack Vendor :STMicroelectronics X-CUBE-BLEMGR 2.0.0
2024-01-12 13:35:16,967 [INFO] ThirdParty:1030 - CMSIS Pack Vendor :STMicroelectronics X-CUBE-NFC4 3.0.0
2024-01-12 13:35:16,967 [INFO] ThirdParty:1030 - CMSIS Pack Vendor :STMicroelectronics X-CUBE-SUBG2 5.0.0
2024-01-12 13:35:16,967 [INFO] ThirdParty:1030 - CMSIS Pack Vendor :STMicroelectronics STM32_WPAN 1.0.0
2024-01-12 13:35:16,967 [INFO] ThirdParty:1030 - CMSIS Pack Vendor :STMicroelectronics lwIP 2.0.3
2024-01-12 13:35:16,967 [INFO] ThirdParty:1030 - CMSIS Pack Vendor :STMicroelectronics FP-SNS-FLIGHT1 5.0.2
2024-01-12 13:35:16,967 [INFO] ThirdParty:1030 - CMSIS Pack Vendor :STMicroelectronics USB_HOST 1.0.0
2024-01-12 13:35:16,967 [INFO] ThirdParty:1030 - CMSIS Pack Vendor :STMicroelectronics X-CUBE-TOF1 3.3.1
2024-01-12 13:35:16,967 [INFO] ThirdParty:1030 - CMSIS Pack Vendor :STMicroelectronics X-CUBE-AZRTOS-G4 2.0.0
2024-01-12 13:35:16,967 [INFO] ThirdParty:1030 - CMSIS Pack Vendor :STMicroelectronics PDM2PCM 3.1.0
2024-01-12 13:35:16,967 [INFO] ThirdParty:1030 - CMSIS Pack Vendor :STMicroelectronics X-CUBE-AZRTOS-H7 3.1.0
2024-01-12 13:35:16,967 [INFO] ThirdParty:1030 - CMSIS Pack Vendor :Infineon AIROC-Wi-Fi-Bluetooth-STM32 1.5.1
2024-01-12 13:35:16,968 [INFO] ThirdParty:1030 - CMSIS Pack Vendor :STMicroelectronics X-CUBE-BLEMGR 3.0.0
2024-01-12 13:35:16,968 [INFO] ThirdParty:1030 - CMSIS Pack Vendor :STMicroelectronics PDM2PCM 3.3.0
2024-01-12 13:35:16,968 [INFO] ThirdParty:1030 - CMSIS Pack Vendor :STMicroelectronics X-CUBE-DISPLAY 3.0.0
2024-01-12 13:35:16,968 [INFO] ThirdParty:1030 - CMSIS Pack Vendor :STMicroelectronics FP-SNS-MOTENVWB1 1.3.0
2024-01-12 13:35:16,968 [INFO] ThirdParty:1030 - CMSIS Pack Vendor :STMicroelectronics FP-SNS-MOTENVWB1 1.3.1
2024-01-12 13:35:16,968 [INFO] ThirdParty:1030 - CMSIS Pack Vendor :STMicroelectronics X-CUBE-BLE1 7.0.0
2024-01-12 13:35:16,968 [INFO] ThirdParty:1030 - CMSIS Pack Vendor :STMicroelectronics FP-ATR-SIGFOX1 3.2.0
2024-01-12 13:35:16,968 [INFO] ThirdParty:1030 - CMSIS Pack Vendor :STMicroelectronics X-CUBE-ISPU 2.0.0
2024-01-12 13:35:16,968 [INFO] ThirdParty:1030 - CMSIS Pack Vendor :STMicroelectronics HAL Drivers 0.0.0
2024-01-12 13:35:16,968 [INFO] ThirdParty:1030 - CMSIS Pack Vendor :STMicroelectronics MBEDTLS 2.16.2
2024-01-12 13:35:16,968 [INFO] ThirdParty:1030 - CMSIS Pack Vendor :emotas I-CUBE-CANOPEN 1.3.0
2024-01-12 13:35:16,968 [INFO] ThirdParty:1030 - CMSIS Pack Vendor :STMicroelectronics X-CUBE-MEMS1 10.0.0
2024-01-12 13:35:16,968 [INFO] ThirdParty:1030 - CMSIS Pack Vendor :STMicroelectronics X-CUBE-FREERTOS 1.1.0
2024-01-12 13:35:16,968 [INFO] ThirdParty:1030 - CMSIS Pack Vendor :STMicroelectronics X-CUBE-TOUCHGFX 4.22.0
2024-01-12 13:35:16,968 [INFO] ThirdParty:1030 - CMSIS Pack Vendor :STMicroelectronics X-CUBE-NFC7 1.0.1
2024-01-12 13:35:16,968 [INFO] ThirdParty:1030 - CMSIS Pack Vendor :STMicroelectronics MBEDTLS 2.14.1
2024-01-12 13:35:16,968 [INFO] ThirdParty:1030 - CMSIS Pack Vendor :STMicroelectronics X-CUBE-TOUCHGFX 4.22.1
2024-01-12 13:35:16,968 [INFO] ThirdParty:1030 - CMSIS Pack Vendor :STMicroelectronics X-CUBE-NFC6 3.0.0
2024-01-12 13:35:16,968 [INFO] ThirdParty:1030 - CMSIS Pack Vendor :STMicroelectronics X-CUBE-EEPRMA1 4.1.0
2024-01-12 13:35:16,968 [INFO] ThirdParty:1030 - CMSIS Pack Vendor :portGmbH I-Cube-SoM-uGOAL 1.1.0
2024-01-12 13:35:16,968 [INFO] ThirdParty:1030 - CMSIS Pack Vendor :STMicroelectronics X-CUBE-ALS 1.0.1
2024-01-12 13:35:16,968 [INFO] ThirdParty:1030 - CMSIS Pack Vendor :STMicroelectronics ThreadX 1.0.0
2024-01-12 13:35:16,968 [INFO] ThirdParty:1030 - CMSIS Pack Vendor :STMicroelectronics FP-SNS-SMARTAG2 1.2.0
2024-01-12 13:35:16,968 [INFO] ThirdParty:1030 - CMSIS Pack Vendor :STMicroelectronics X-CUBE-AZRTOS-WL 2.0.0
2024-01-12 13:35:16,968 [INFO] ThirdParty:1030 - CMSIS Pack Vendor :SEGGER I-CUBE-embOS 1.3.1
2024-01-12 13:35:16,968 [INFO] ThirdParty:1030 - CMSIS Pack Vendor :STMicroelectronics USB_DEVICE 1.0.0
2024-01-12 13:35:16,968 [INFO] ThirdParty:1030 - CMSIS Pack Vendor :STMicroelectronics X-CUBE-AI 8.1.0
2024-01-12 13:35:16,968 [INFO] ThirdParty:1030 - CMSIS Pack Vendor :STMicroelectronics X-CUBE-AZRTOS-L4 2.0.0
2024-01-12 13:35:16,968 [INFO] ThirdParty:1030 - CMSIS Pack Vendor :STMicroelectronics ThreadX 0.0.2
2024-01-12 13:35:16,968 [INFO] ThirdParty:1030 - CMSIS Pack Vendor :WES I-CUBE-Cesium 1.3.0
2024-01-12 13:35:16,969 [INFO] ThirdParty:1030 - CMSIS Pack Vendor :STMicroelectronics FP-ATR-ASTRA1 2.0.0
2024-01-12 13:35:16,969 [INFO] ThirdParty:1030 - CMSIS Pack Vendor :STMicroelectronics lwIP 2.1.2
2024-01-12 13:35:16,969 [INFO] ThirdParty:1030 - CMSIS Pack Vendor :STMicroelectronics X-CUBE-SFXS2LP1 4.0.0
2024-01-12 13:35:16,969 [INFO] ThirdParty:1030 - CMSIS Pack Vendor :STMicroelectronics X-CUBE-BLE2 3.3.0
2024-01-12 13:35:16,969 [INFO] ThirdParty:1030 - CMSIS Pack Vendor :STMicroelectronics X-CUBE-TOF1 3.4.0
2024-01-12 13:35:16,969 [INFO] ThirdParty:1030 - CMSIS Pack Vendor :STMicroelectronics X-CUBE-AZRTOS-H7 3.2.0
2024-01-12 13:35:16,969 [INFO] ThirdParty:1030 - CMSIS Pack Vendor :STMicroelectronics PDM2PCM 3.2.0
2024-01-12 13:35:16,969 [INFO] ThirdParty:841 - exiting critical section [change project]
2024-01-12 13:35:17,070 [INFO] PinOutPanel:1499 - setPackage(No Configuration,No Configuration)
2024-01-12 13:35:17,070 [INFO] PinOutPanel:1499 - setPackage(STM32F072RBTx,LQFP64)
2024-01-12 13:35:17,430 [INFO] UtilMem:75 - Before build in PCC Used Memory: 645251584 Bytes (1073741824)
2024-01-12 13:35:17,593 [INFO] UtilMem:75 - After build in PCC Used Memory: 689291776 Bytes (1073741824)
2024-01-12 13:35:17,608 [INFO] IPUIPlugin:80 - create IPUIPlugin
2024-01-12 13:35:17,608 [INFO] IPUIPlugin:80 - create IPUIPlugin
2024-01-12 13:35:17,608 [INFO] IPUIPlugin:80 - create IPUIPlugin
2024-01-12 13:35:17,608 [INFO] IPUIPlugin:80 - create IPUIPlugin
2024-01-12 13:35:17,608 [INFO] IPUIPlugin:80 - create IPUIPlugin
2024-01-12 13:35:17,609 [INFO] IPUIPlugin:80 - create IPUIPlugin
2024-01-12 13:35:17,609 [INFO] IPUIPlugin:80 - create IPUIPlugin
2024-01-12 13:35:17,609 [INFO] IPUIPlugin:80 - create IPUIPlugin
2024-01-12 13:35:17,609 [INFO] IPUIPlugin:80 - create IPUIPlugin
2024-01-12 13:35:17,609 [INFO] IPUIPlugin:80 - create IPUIPlugin
2024-01-12 13:35:17,609 [INFO] IPUIPlugin:80 - create IPUIPlugin
2024-01-12 13:35:17,609 [INFO] IPUIPlugin:80 - create IPUIPlugin
2024-01-12 13:35:17,609 [INFO] IPUIPlugin:80 - create IPUIPlugin
2024-01-12 13:35:17,609 [INFO] IPUIPlugin:80 - create IPUIPlugin
2024-01-12 13:35:17,609 [INFO] IPUIPlugin:80 - create IPUIPlugin
2024-01-12 13:35:17,609 [INFO] IPUIPlugin:80 - create IPUIPlugin
2024-01-12 13:35:17,610 [INFO] IPUIPlugin:80 - create IPUIPlugin
2024-01-12 13:35:17,610 [INFO] IPUIPlugin:80 - create IPUIPlugin
2024-01-12 13:35:17,610 [INFO] IPUIPlugin:80 - create IPUIPlugin
2024-01-12 13:35:17,610 [INFO] IPUIPlugin:80 - create IPUIPlugin
2024-01-12 13:35:17,610 [INFO] IPUIPlugin:80 - create IPUIPlugin
2024-01-12 13:35:17,610 [INFO] IPUIPlugin:80 - create IPUIPlugin
2024-01-12 13:35:17,610 [INFO] IPUIPlugin:80 - create IPUIPlugin
2024-01-12 13:35:17,611 [INFO] IPUIPlugin:80 - create IPUIPlugin
2024-01-12 13:35:17,611 [INFO] IPUIPlugin:80 - create IPUIPlugin
2024-01-12 13:35:17,611 [INFO] IPUIPlugin:80 - create IPUIPlugin
2024-01-12 13:35:17,611 [INFO] IPUIPlugin:80 - create IPUIPlugin
2024-01-12 13:35:17,611 [INFO] IPUIPlugin:80 - create IPUIPlugin
2024-01-12 13:35:17,611 [INFO] IPUIPlugin:80 - create IPUIPlugin
2024-01-12 13:35:17,611 [INFO] IPUIPlugin:80 - create IPUIPlugin
2024-01-12 13:35:17,612 [INFO] IPUIPlugin:80 - create IPUIPlugin
2024-01-12 13:35:17,612 [INFO] IPUIPlugin:80 - create IPUIPlugin
2024-01-12 13:35:17,612 [INFO] IPUIPlugin:80 - create IPUIPlugin
2024-01-12 13:35:17,612 [INFO] IPUIPlugin:80 - create IPUIPlugin
2024-01-12 13:35:17,612 [INFO] IPUIPlugin:80 - create IPUIPlugin
2024-01-12 13:35:17,613 [INFO] IPUIPlugin:80 - create IPUIPlugin
2024-01-12 13:35:17,613 [INFO] IPUIPlugin:80 - create IPUIPlugin
2024-01-12 13:35:17,613 [INFO] IPUIPlugin:80 - create IPUIPlugin
2024-01-12 13:35:17,613 [INFO] IPUIPlugin:80 - create IPUIPlugin
2024-01-12 13:35:17,613 [INFO] IPUIPlugin:80 - create IPUIPlugin
2024-01-12 13:35:17,614 [INFO] IPUIPlugin:80 - create IPUIPlugin
2024-01-12 13:35:17,650 [INFO] CADModel:165 - CPN selected for project levelSTM32F072RBT6
2024-01-12 13:35:17,650 [INFO] CADModel:114 - Register for checkConnection events
2024-01-12 13:35:17,708 [INFO] OpenFileManager:328 - Restore cursor
