2024-01-08 09:15:31,052 [INFO] Activator:176 - 


2024-01-08 09:15:31,052 [INFO] Activator:177 - !SESSION log4j initialized
2024-01-08 09:15:36,388 [INFO] LogOutputStream:77 - [STDOUT_REDIRECT] 
2024-01-08 09:15:37,319 [INFO] ApplicationProperties:184 - Using Application install path: C:\ST\STM32CubeIDE_1.13.2\STM32CubeIDE\plugins\com.st.stm32cube.common.mx_6.9.2.202309101412
2024-01-08 09:15:37,340 [INFO] DbMcusXml:78 - Set database path to: C:\ST\STM32CubeIDE_1.13.2\STM32CubeIDE\plugins\com.st.stm32cube.common.mx_6.9.2.202309101412\\db\/mcu/
2024-01-08 09:15:37,340 [INFO] ApiDb:274 - Set plugin database path to: C:\ST\STM32CubeIDE_1.13.2\STM32CubeIDE\plugins\com.st.stm32cube.common.mx_6.9.2.202309101412\\db\/plugins/boardmanager/
2024-01-08 09:15:37,341 [WARN] ApiDb:259 - Overriding images path with different value:  => C:\ST\STM32CubeIDE_1.13.2\STM32CubeIDE\plugins\com.st.stm32cube.common.mx_6.9.2.202309101412\\db\/plugins/mcufinder/images/
2024-01-08 09:15:37,356 [INFO] ApiDb:250 - Set database path to: C:\Users\jespe\.stmcufinder\plugins\mcufinder//mcu/
2024-01-08 09:15:37,357 [INFO] DbMcusAds:125 - Set database path to: C:\Users\jespe\.stmcufinder\plugins\mcufinder//mcu/
2024-01-08 09:15:37,360 [INFO] CrossReferenceDbSqlite:203 - Set database path to: C:\Users\jespe\.stmcufinder\plugins\mcufinder//mcu/cs/
2024-01-08 09:15:37,479 [INFO] RulesReader:64 - Compatibility file has been processed (293 Rules)
2024-01-08 09:15:37,564 [INFO] DbMcusXml:78 - Set database path to: C:\ST\STM32CubeIDE_1.13.2\STM32CubeIDE\plugins\com.st.stm32cube.common.mx_6.9.2.202309101412\\db\/mcu/
2024-01-08 09:15:37,564 [INFO] ApiDb:274 - Set plugin database path to: C:\ST\STM32CubeIDE_1.13.2\STM32CubeIDE\plugins\com.st.stm32cube.common.mx_6.9.2.202309101412\\db\/plugins/boardmanager/
2024-01-08 09:15:37,565 [INFO] ApiDb:261 - Set plugin images path to: C:\ST\STM32CubeIDE_1.13.2\STM32CubeIDE\plugins\com.st.stm32cube.common.mx_6.9.2.202309101412\\db\/plugins/mcufinder/images/
2024-01-08 09:15:37,565 [WARN] DbFile:41 - Overriding database path with different value: C:\Users\jespe\.stmcufinder\plugins\mcufinder/ => C:\Users\jespe\.stmcufinder\plugins\mcufinder
2024-01-08 09:15:37,565 [INFO] ApiDb:250 - Set database path to: C:\Users\jespe\.stmcufinder\plugins\mcufinder//mcu/
2024-01-08 09:15:37,565 [WARN] DbFile:41 - Overriding database path with different value: C:\Users\jespe\.stmcufinder\plugins\mcufinder/ => C:\Users\jespe\.stmcufinder\plugins\mcufinder
2024-01-08 09:15:37,565 [INFO] DbMcusAds:125 - Set database path to: C:\Users\jespe\.stmcufinder\plugins\mcufinder//mcu/
2024-01-08 09:15:37,565 [WARN] DbFile:41 - Overriding database path with different value: C:\Users\jespe\.stmcufinder\plugins\mcufinder/ => C:\Users\jespe\.stmcufinder\plugins\mcufinder
2024-01-08 09:15:37,565 [WARN] DbFile:41 - Overriding database path with different value: C:\Users\jespe\.stmcufinder\plugins\mcufinder/ => C:\Users\jespe\.stmcufinder\plugins\mcufinder
2024-01-08 09:15:37,565 [INFO] CrossReferenceDbSqlite:203 - Set database path to: C:\Users\jespe\.stmcufinder\plugins\mcufinder//mcu/cs/
2024-01-08 09:15:37,630 [INFO] MainPanel:262 - HeapMemory: 268435456
2024-01-08 09:15:37,716 [INFO] DbMcusXml:78 - Set database path to: C:\ST\STM32CubeIDE_1.13.2\STM32CubeIDE\plugins\com.st.stm32cube.common.mx_6.9.2.202309101412\\db\/mcu/
2024-01-08 09:15:37,716 [INFO] ApiDb:274 - Set plugin database path to: C:\ST\STM32CubeIDE_1.13.2\STM32CubeIDE\plugins\com.st.stm32cube.common.mx_6.9.2.202309101412\\db\/plugins/boardmanager/
2024-01-08 09:15:37,716 [INFO] ApiDb:261 - Set plugin images path to: C:\ST\STM32CubeIDE_1.13.2\STM32CubeIDE\plugins\com.st.stm32cube.common.mx_6.9.2.202309101412\\db\/plugins/mcufinder/images/
2024-01-08 09:15:37,717 [WARN] DbFile:41 - Overriding database path with different value: C:\Users\jespe\.stmcufinder\plugins\mcufinder/ => C:\Users\jespe\.stmcufinder\plugins\mcufinder
2024-01-08 09:15:37,717 [INFO] ApiDb:250 - Set database path to: C:\Users\jespe\.stmcufinder\plugins\mcufinder//mcu/
2024-01-08 09:15:37,717 [WARN] DbFile:41 - Overriding database path with different value: C:\Users\jespe\.stmcufinder\plugins\mcufinder/ => C:\Users\jespe\.stmcufinder\plugins\mcufinder
2024-01-08 09:15:37,717 [INFO] DbMcusAds:125 - Set database path to: C:\Users\jespe\.stmcufinder\plugins\mcufinder//mcu/
2024-01-08 09:15:37,717 [WARN] DbFile:41 - Overriding database path with different value: C:\Users\jespe\.stmcufinder\plugins\mcufinder/ => C:\Users\jespe\.stmcufinder\plugins\mcufinder
2024-01-08 09:15:37,717 [WARN] DbFile:41 - Overriding database path with different value: C:\Users\jespe\.stmcufinder\plugins\mcufinder/ => C:\Users\jespe\.stmcufinder\plugins\mcufinder
2024-01-08 09:15:37,717 [INFO] CrossReferenceDbSqlite:203 - Set database path to: C:\Users\jespe\.stmcufinder\plugins\mcufinder//mcu/cs/
2024-01-08 09:15:37,734 [INFO] ApplicationProperties:184 - Using Application install path: C:\ST\STM32CubeIDE_1.13.2\STM32CubeIDE\plugins\com.st.stm32cube.common.mx_6.9.2.202309101412
2024-01-08 09:15:37,736 [INFO] PluginManage:196 - Search for loadable plugins [exclusion list=, ]
2024-01-08 09:15:37,738 [INFO] PluginManage:310 - Check plugin analytics
2024-01-08 09:15:37,881 [INFO] AnalyticsPlugin:253 - Accepted Software Licenses: 
2024-01-08 09:15:37,882 [INFO] AnalyticsPlugin:255 - Accepted CMSIS Pack Licenses: 
2024-01-08 09:15:37,882 [INFO] AnalyticsPlugin:257 - Accepted Firmware Licenses: 
2024-01-08 09:15:37,884 [INFO] PluginManage:359 - Loaded plugin analytics (category:tool,tabindex:-1)
2024-01-08 09:15:37,885 [INFO] PluginManage:310 - Check plugin cadmodel
2024-01-08 09:15:37,897 [INFO] CADModel:105 - Init CAD model plugin
2024-01-08 09:15:37,897 [INFO] PluginManage:359 - Loaded plugin cadmodel (category:power,tabindex:5)
2024-01-08 09:15:37,897 [INFO] PluginManage:310 - Check plugin clock
2024-01-08 09:15:37,913 [INFO] PluginManage:359 - Loaded plugin clock (category:base,tabindex:2)
2024-01-08 09:15:37,913 [INFO] PluginManage:310 - Check plugin ddr
2024-01-08 09:15:37,916 [INFO] PluginManage:359 - Loaded plugin ddr (category:tool,tabindex:6)
2024-01-08 09:15:37,916 [INFO] PluginManage:310 - Check plugin filemanager
2024-01-08 09:15:38,034 [INFO] PluginManage:359 - Loaded plugin filemanager (category:base,tabindex:10)
2024-01-08 09:15:38,034 [INFO] PluginManage:310 - Check plugin ipmanager
2024-01-08 09:15:38,041 [INFO] PluginManage:359 - Loaded plugin ipmanager (category:base,tabindex:5)
2024-01-08 09:15:38,042 [INFO] PluginManage:310 - Check plugin lpbam
2024-01-08 09:15:38,056 [INFO] PluginManage:359 - Loaded plugin lpbam (category:base,tabindex:0)
2024-01-08 09:15:38,056 [INFO] PluginManage:310 - Check plugin memorymap
2024-01-08 09:15:38,076 [INFO] PluginManage:359 - Loaded plugin memorymap (category:base,tabindex:4)
2024-01-08 09:15:38,077 [INFO] PluginManage:310 - Check plugin pinoutandconfiguration
2024-01-08 09:15:38,092 [INFO] PluginManage:359 - Loaded plugin pinoutandconfiguration (category:base,tabindex:1)
2024-01-08 09:15:38,093 [INFO] PluginManage:310 - Check plugin pinoutconfig
2024-01-08 09:15:38,186 [WARN] SupportedApi:132 - Cannot load RTOS API schema: s4s-elt-must-match.1: The content of 'definitions' must match (annotation?, (simpleType | complexType)?, (unique | key | keyref)*)). A problem was found starting at: attribute.
2024-01-08 09:15:38,296 [INFO] PluginManage:359 - Loaded plugin pinoutconfig (category:base,tabindex:0)
2024-01-08 09:15:38,296 [INFO] PluginManage:310 - Check plugin power
2024-01-08 09:15:38,314 [INFO] PluginManage:359 - Loaded plugin power (category:power,tabindex:4)
2024-01-08 09:15:38,314 [INFO] PluginManage:310 - Check plugin projectmanager
2024-01-08 09:15:38,329 [INFO] PluginManage:359 - Loaded plugin projectmanager (category:projectmanager,tabindex:3)
2024-01-08 09:15:38,329 [INFO] PluginManage:310 - Check plugin thirdparty
2024-01-08 09:15:38,553 [INFO] PluginManage:359 - Loaded plugin thirdparty (category:base,tabindex:-1)
2024-01-08 09:15:38,553 [INFO] PluginManage:310 - Check plugin tools
2024-01-08 09:15:38,553 [WARN] IntegrityCheckThread:84 - waiting for thirdparty lock release [integrity check]
2024-01-08 09:15:38,553 [INFO] IntegrityCheckThread:86 - entering critical section [integrity check]
2024-01-08 09:15:38,554 [INFO] ThirdPartyUpdaterWithRetryManager:70 - Updater plugin not ready yet. [1/15]
2024-01-08 09:15:38,588 [INFO] PluginManage:359 - Loaded plugin tools (category:base,tabindex:7)
2024-01-08 09:15:38,588 [INFO] PluginManage:310 - Check plugin tutovideos
2024-01-08 09:15:38,768 [INFO] PluginManage:359 - Loaded plugin tutovideos (category:base,tabindex:-1)
2024-01-08 09:15:38,768 [INFO] PluginManage:310 - Check plugin updater
2024-01-08 09:15:38,777 [INFO] PluginManage:359 - Loaded plugin updater (category:base,tabindex:12)
2024-01-08 09:15:38,778 [INFO] PluginManage:310 - Check plugin userauth
2024-01-08 09:15:38,782 [INFO] UserAuth:113 - Init User Auth plugin
2024-01-08 09:15:38,783 [INFO] PluginManage:359 - Loaded plugin userauth (category:base,tabindex:14)
2024-01-08 09:15:38,783 [INFO] PluginManage:283 - PluginManage : Loaded plugins [17]
2024-01-08 09:15:38,964 [INFO] PinOutPanel:1499 - setPackage(No Configuration,No Configuration)
2024-01-08 09:15:39,054 [INFO] CADModel:165 - CPN selected for project level
2024-01-08 09:15:39,054 [INFO] CADModel:114 - Register for checkConnection events
2024-01-08 09:15:39,076 [INFO] IPUIPlugin:80 - create IPUIPlugin
2024-01-08 09:15:39,076 [INFO] PluginManager:220 - loadIPPluginJar : add adc
2024-01-08 09:15:39,102 [INFO] IPUIPlugin:80 - create IPUIPlugin
2024-01-08 09:15:39,102 [INFO] PluginManager:220 - loadIPPluginJar : add aes
2024-01-08 09:15:39,132 [INFO] IPUIPlugin:80 - create IPUIPlugin
2024-01-08 09:15:39,132 [INFO] PluginManager:220 - loadIPPluginJar : add can
2024-01-08 09:15:39,134 [INFO] IPUIPlugin:80 - create IPUIPlugin
2024-01-08 09:15:39,134 [INFO] PluginManager:220 - loadIPPluginJar : add comp
2024-01-08 09:15:39,158 [INFO] IPUIPlugin:80 - create IPUIPlugin
2024-01-08 09:15:39,158 [INFO] PluginManager:220 - loadIPPluginJar : add cryp
2024-01-08 09:15:39,179 [INFO] IPUIPlugin:80 - create IPUIPlugin
2024-01-08 09:15:39,179 [INFO] PluginManager:220 - loadIPPluginJar : add dfsdm
2024-01-08 09:15:39,190 [INFO] IPUIPlugin:80 - create IPUIPlugin
2024-01-08 09:15:39,190 [INFO] PluginManager:220 - loadIPPluginJar : add dma
2024-01-08 09:15:39,220 [INFO] IPUIPlugin:80 - create IPUIPlugin
2024-01-08 09:15:39,220 [INFO] PluginManager:220 - loadIPPluginJar : add dma3
2024-01-08 09:15:39,235 [INFO] IPUIPlugin:80 - create IPUIPlugin
2024-01-08 09:15:39,236 [INFO] PluginManager:220 - loadIPPluginJar : add fatfs
2024-01-08 09:15:39,268 [INFO] IPUIPlugin:80 - create IPUIPlugin
2024-01-08 09:15:39,269 [INFO] PluginManager:220 - loadIPPluginJar : add fmc
2024-01-08 09:15:39,281 [INFO] IPUIPlugin:80 - create IPUIPlugin
2024-01-08 09:15:39,281 [INFO] PluginManager:220 - loadIPPluginJar : add freertos
2024-01-08 09:15:39,297 [INFO] IPUIPlugin:80 - create IPUIPlugin
2024-01-08 09:15:39,297 [INFO] PluginManager:220 - loadIPPluginJar : add genericplugin
2024-01-08 09:15:39,360 [INFO] IPUIPlugin:80 - create IPUIPlugin
2024-01-08 09:15:39,360 [INFO] PluginManager:220 - loadIPPluginJar : add gfxmmu
2024-01-08 09:15:39,447 [INFO] IPUIPlugin:80 - create IPUIPlugin
2024-01-08 09:15:39,448 [INFO] PluginManager:220 - loadIPPluginJar : add gic
2024-01-08 09:15:39,458 [INFO] IPUIPlugin:80 - create IPUIPlugin
2024-01-08 09:15:39,458 [INFO] PluginManager:220 - loadIPPluginJar : add gpio
2024-01-08 09:15:39,521 [INFO] IPUIPlugin:80 - create IPUIPlugin
2024-01-08 09:15:39,521 [INFO] PluginManager:220 - loadIPPluginJar : add gtzc
2024-01-08 09:15:39,543 [INFO] IPUIPlugin:80 - create IPUIPlugin
2024-01-08 09:15:39,543 [INFO] PluginManager:220 - loadIPPluginJar : add hash
2024-01-08 09:15:39,587 [INFO] IPUIPlugin:80 - create IPUIPlugin
2024-01-08 09:15:39,587 [INFO] PluginManager:220 - loadIPPluginJar : add i2c
2024-01-08 09:15:39,620 [INFO] IPUIPlugin:80 - create IPUIPlugin
2024-01-08 09:15:39,620 [INFO] PluginManager:220 - loadIPPluginJar : add i2s
2024-01-08 09:15:39,651 [INFO] IPUIPlugin:80 - create IPUIPlugin
2024-01-08 09:15:39,651 [INFO] PluginManager:220 - loadIPPluginJar : add i3c
2024-01-08 09:15:39,738 [INFO] IPUIPlugin:80 - create IPUIPlugin
2024-01-08 09:15:39,738 [INFO] PluginManager:220 - loadIPPluginJar : add ipddr
2024-01-08 09:15:39,825 [INFO] IPUIPlugin:80 - create IPUIPlugin
2024-01-08 09:15:39,825 [INFO] PluginManager:220 - loadIPPluginJar : add linkedlist
2024-01-08 09:15:39,875 [INFO] IPUIPlugin:80 - create IPUIPlugin
2024-01-08 09:15:39,875 [INFO] PluginManager:220 - loadIPPluginJar : add lorawan
2024-01-08 09:15:39,922 [INFO] IPUIPlugin:80 - create IPUIPlugin
2024-01-08 09:15:39,922 [INFO] PluginManager:220 - loadIPPluginJar : add ltdc
2024-01-08 09:15:39,937 [INFO] IPUIPlugin:80 - create IPUIPlugin
2024-01-08 09:15:39,937 [INFO] PluginManager:220 - loadIPPluginJar : add mdma
2024-01-08 09:15:39,950 [INFO] IPUIPlugin:80 - create IPUIPlugin
2024-01-08 09:15:39,951 [INFO] PluginManager:220 - loadIPPluginJar : add nvic
2024-01-08 09:15:39,989 [INFO] IPUIPlugin:80 - create IPUIPlugin
2024-01-08 09:15:39,989 [INFO] PluginManager:220 - loadIPPluginJar : add opamp
2024-01-08 09:15:40,054 [INFO] IPUIPlugin:80 - create IPUIPlugin
2024-01-08 09:15:40,055 [INFO] PluginManager:220 - loadIPPluginJar : add openamp
2024-01-08 09:15:40,095 [INFO] IPUIPlugin:80 - create IPUIPlugin
2024-01-08 09:15:40,096 [INFO] PluginManager:220 - loadIPPluginJar : add pdm2pcm
2024-01-08 09:15:40,109 [INFO] IPUIPlugin:80 - create IPUIPlugin
2024-01-08 09:15:40,112 [INFO] PluginManager:220 - loadIPPluginJar : add plateformsettings
2024-01-08 09:15:40,131 [INFO] IPUIPlugin:80 - create IPUIPlugin
2024-01-08 09:15:40,131 [INFO] PluginManager:220 - loadIPPluginJar : add quadspi
2024-01-08 09:15:40,153 [INFO] IPUIPlugin:80 - create IPUIPlugin
2024-01-08 09:15:40,153 [INFO] PluginManager:220 - loadIPPluginJar : add resmgrutility
2024-01-08 09:15:40,197 [INFO] IPUIPlugin:80 - create IPUIPlugin
2024-01-08 09:15:40,197 [INFO] PluginManager:220 - loadIPPluginJar : add sai
2024-01-08 09:15:40,229 [INFO] IPUIPlugin:80 - create IPUIPlugin
2024-01-08 09:15:40,230 [INFO] PluginManager:220 - loadIPPluginJar : add spi
2024-01-08 09:15:40,293 [INFO] IPUIPlugin:80 - create IPUIPlugin
2024-01-08 09:15:40,293 [INFO] PluginManager:220 - loadIPPluginJar : add stm32_wpan
2024-01-08 09:15:40,314 [INFO] IPUIPlugin:80 - create IPUIPlugin
2024-01-08 09:15:40,314 [INFO] PluginManager:220 - loadIPPluginJar : add tim
2024-01-08 09:15:40,367 [INFO] IPUIPlugin:80 - create IPUIPlugin
2024-01-08 09:15:40,367 [INFO] PluginManager:220 - loadIPPluginJar : add touchsensing
2024-01-08 09:15:40,387 [INFO] IPUIPlugin:80 - create IPUIPlugin
2024-01-08 09:15:40,387 [INFO] PluginManager:220 - loadIPPluginJar : add tracer_emb
2024-01-08 09:15:40,408 [INFO] IPUIPlugin:80 - create IPUIPlugin
2024-01-08 09:15:40,408 [INFO] PluginManager:220 - loadIPPluginJar : add ts
2024-01-08 09:15:40,411 [INFO] IPUIPlugin:80 - create IPUIPlugin
2024-01-08 09:15:40,411 [INFO] PluginManager:220 - loadIPPluginJar : add tsc
2024-01-08 09:15:40,429 [INFO] IPUIPlugin:80 - create IPUIPlugin
2024-01-08 09:15:40,430 [INFO] PluginManager:220 - loadIPPluginJar : add ucpd
2024-01-08 09:15:40,464 [INFO] IPUIPlugin:80 - create IPUIPlugin
2024-01-08 09:15:40,464 [INFO] PluginManager:220 - loadIPPluginJar : add usart
2024-01-08 09:15:40,499 [INFO] IPUIPlugin:80 - create IPUIPlugin
2024-01-08 09:15:40,500 [INFO] PluginManager:220 - loadIPPluginJar : add usbx
2024-01-08 09:15:40,615 [INFO] CADModel:165 - CPN selected for project level
2024-01-08 09:15:40,616 [INFO] CADModel:114 - Register for checkConnection events
2024-01-08 09:15:40,616 [FATAL] Updater:308 - Updater called before beeing initialized
2024-01-08 09:15:40,616 [ERROR] CADModel:125 - Updater not yet initialized, retry later 
2024-01-08 09:15:40,748 [INFO] CADModel:165 - CPN selected for project level
2024-01-08 09:15:40,748 [INFO] CADModel:114 - Register for checkConnection events
2024-01-08 09:15:40,748 [FATAL] Updater:308 - Updater called before beeing initialized
2024-01-08 09:15:40,748 [ERROR] CADModel:125 - Updater not yet initialized, retry later 
2024-01-08 09:15:40,752 [FATAL] Updater:308 - Updater called before beeing initialized
2024-01-08 09:15:40,848 [FATAL] Updater:308 - Updater called before beeing initialized
2024-01-08 09:15:40,858 [INFO] DbMcusAds:53 - JSON generation date=Tue Mar 07 09:50:55 CET 2023 (1678179055114)
2024-01-08 09:15:40,858 [FATAL] Updater:308 - Updater called before beeing initialized
2024-01-08 09:15:40,924 [WARN] DetailPanel:346 - Failed to get advertising image, set to default
2024-01-08 09:15:41,010 [FATAL] Updater:308 - Updater called before beeing initialized
2024-01-08 09:15:41,011 [FATAL] Updater:308 - Updater called before beeing initialized
2024-01-08 09:15:41,011 [FATAL] Updater:308 - Updater called before beeing initialized
2024-01-08 09:15:41,011 [WARN] DetailPanel:346 - Failed to get advertising image, set to default
2024-01-08 09:15:41,012 [FATAL] Updater:308 - Updater called before beeing initialized
2024-01-08 09:15:41,086 [ERROR] Updater:1120 - MainUpdater not yet initialized. External WinMGr cannot be set.
2024-01-08 09:15:41,095 [INFO] Updater:1056 - Updater Version found : 6.9.2
2024-01-08 09:15:41,112 [INFO] ApplicationProperties:184 - Using Application install path: C:\ST\STM32CubeIDE_1.13.2\STM32CubeIDE\plugins\com.st.stm32cube.common.mx_6.9.2.202309101412
2024-01-08 09:15:41,237 [INFO] MainUpdater:2868 - connection check result : 10
2024-01-08 09:15:41,238 [INFO] MainUpdater:285 - Updater Check For Update Now.
2024-01-08 09:15:41,238 [INFO] MicroXplorer:498 - Change Database Version : DB.6.0.92
2024-01-08 09:15:41,263 [INFO] McuFinderGlobals:63 - Set McuFinder mode to 2 (CubeIDE integrated)
2024-01-08 09:15:41,445 [INFO] CheckServerUpdateThread:120 - End of CheckServer Thread
2024-01-08 09:15:42,059 [WARN] PackLoader:240 - Cannot read IP mode file for STMicroelectronics.X-CUBE-SMBUS.2.1.0
2024-01-08 09:15:42,079 [WARN] PackLoader:240 - Cannot read IP mode file for STMicroelectronics.X-CUBE-TOUCHGFX.4.23.0
2024-01-08 09:15:42,125 [WARN] PackLoader:240 - Cannot read IP mode file for STMicroelectronics.X-CUBE-AZRTOS-F7.1.1.0
2024-01-08 09:15:42,148 [WARN] PackLoader:240 - Cannot read IP mode file for STMicroelectronics.FP-SNS-MOTENV1.4.3.2
2024-01-08 09:15:42,166 [WARN] PackLoader:240 - Cannot read IP mode file for STMicroelectronics.FP-SNS-FLIGHT1.5.0.2
2024-01-08 09:15:42,184 [WARN] PackLoader:240 - Cannot read IP mode file for STMicroelectronics.X-CUBE-DISPLAY.3.0.0
2024-01-08 09:15:42,204 [WARN] PackLoader:240 - Cannot read IP mode file for STMicroelectronics.X-CUBE-BLE1.7.0.0
2024-01-08 09:15:42,218 [WARN] PackLoader:240 - Cannot read IP mode file for emotas.I-CUBE-CANOPEN.1.3.0
2024-01-08 09:15:42,230 [WARN] PackLoader:240 - Cannot read IP mode file for STMicroelectronics.X-CUBE-TOUCHGFX.4.22.0
2024-01-08 09:15:42,239 [WARN] PackLoader:240 - Cannot read IP mode file for STMicroelectronics.X-CUBE-TOUCHGFX.4.22.1
2024-01-08 09:15:42,250 [WARN] PackLoader:240 - Cannot read IP mode file for STMicroelectronics.FP-SNS-SMARTAG2.1.2.0
2024-01-08 09:15:42,273 [INFO] LogOutputStream:77 - [STDOUT_REDIRECT] 1 : Invalid condition id : UX_CORESTACK_Condition cause : null
2024-01-08 09:15:42,274 [INFO] LogOutputStream:77 - [STDOUT_REDIRECT] 1 : Invalid condition id : UX_CORESTACK_Condition cause : null
2024-01-08 09:15:42,275 [INFO] LogOutputStream:77 - [STDOUT_REDIRECT] 1 : Invalid condition id : UX_CORESTACK_Condition cause : null
2024-01-08 09:15:42,275 [INFO] LogOutputStream:77 - [STDOUT_REDIRECT] 1 : Invalid condition id : UX_CORESTACK_Condition cause : null
2024-01-08 09:15:42,276 [INFO] LogOutputStream:77 - [STDOUT_REDIRECT] 1 : Invalid condition id : UX_CORESTACK_Condition cause : null
2024-01-08 09:15:42,280 [WARN] PackLoader:240 - Cannot read IP mode file for STMicroelectronics.X-CUBE-AZRTOS-WL.2.0.0
2024-01-08 09:15:42,294 [WARN] PackLoader:240 - Cannot read IP mode file for WES.I-CUBE-Cesium.1.3.0
2024-01-08 09:15:42,305 [WARN] PackLoader:240 - Cannot read IP mode file for STMicroelectronics.X-CUBE-BLE2.3.3.0
2024-01-08 09:15:42,319 [WARN] PackLoader:240 - Cannot read IP mode file for STMicroelectronics.X-CUBE-ALGOBUILD.1.3.0
2024-01-08 09:15:42,352 [WARN] PackLoader:240 - Cannot read IP mode file for STMicroelectronics.X-CUBE-AZRTOS-G0.1.1.0
2024-01-08 09:15:42,370 [WARN] PackLoader:240 - Cannot read IP mode file for STMicroelectronics.X-CUBE-NFC4.3.0.0
2024-01-08 09:15:42,396 [WARN] PackLoader:240 - Cannot read IP mode file for STMicroelectronics.X-CUBE-BLEMGR.3.0.0
2024-01-08 09:15:42,419 [WARN] PackLoader:240 - Cannot read IP mode file for STMicroelectronics.FP-ATR-SIGFOX1.3.2.0
2024-01-08 09:15:42,481 [WARN] PackLoader:240 - Cannot read IP mode file for SEGGER.I-CUBE-embOS.1.3.1
2024-01-08 09:15:42,561 [WARN] PackLoader:240 - Cannot read IP mode file for STMicroelectronics.X-CUBE-GNSS1.6.0.0
2024-01-08 09:15:42,597 [WARN] PackLoader:240 - Cannot read IP mode file for STMicroelectronics.X-CUBE-AZRTOS-F4.1.1.0
2024-01-08 09:15:42,615 [WARN] PackLoader:240 - Cannot read IP mode file for wolfSSL.I-CUBE-wolfSSL.5.6.3
2024-01-08 09:15:42,643 [WARN] PackLoader:240 - Cannot read IP mode file for STMicroelectronics.X-CUBE-AZRTOS-L5.2.0.0
2024-01-08 09:15:42,698 [WARN] PackLoader:240 - Cannot read IP mode file for STMicroelectronics.X-CUBE-MEMS1.9.6.0
2024-01-08 09:15:42,850 [WARN] PackLoader:240 - Cannot read IP mode file for STMicroelectronics.X-CUBE-EEPRMA1.4.2.0
2024-01-08 09:15:42,863 [WARN] PackLoader:240 - Cannot read IP mode file for ITTIA_DB.I-CUBE-ITTIADB.8.8.0
2024-01-08 09:15:42,875 [WARN] PackLoader:240 - Cannot read IP mode file for STMicroelectronics.X-CUBE-BLEMGR.2.0.0
2024-01-08 09:15:42,903 [WARN] ConditionMgr:438 - getConditionDescription Invalid condition id : UX DEVICE CLASS RTOS Condition cause : null
2024-01-08 09:15:42,904 [WARN] ConditionMgr:438 - getConditionDescription Invalid condition id : UX DEVICE CLASS RTOS Condition cause : null
2024-01-08 09:15:42,908 [WARN] PackLoader:240 - Cannot read IP mode file for STMicroelectronics.X-CUBE-AZRTOS-H7.3.1.0
2024-01-08 09:15:42,908 [WARN] ConditionMgr:1039 - genDependencies : Invalid condition id : UX DEVICE CLASS RTOS Condition cause : null
2024-01-08 09:15:42,908 [WARN] ConditionMgr:1039 - genDependencies : Invalid condition id : UX DEVICE CLASS RTOS Condition cause : null
2024-01-08 09:15:42,909 [WARN] ConditionMgr:1039 - genDependencies : Invalid condition id : UX DEVICE CLASS RTOS Condition cause : null
2024-01-08 09:15:42,909 [WARN] ConditionMgr:1039 - genDependencies : Invalid condition id : UX DEVICE CLASS RTOS Condition cause : null
2024-01-08 09:15:42,909 [WARN] ConditionMgr:1039 - genDependencies : Invalid condition id : UX DEVICE CLASS RTOS Condition cause : null
2024-01-08 09:15:42,921 [WARN] PackLoader:240 - Cannot read IP mode file for STMicroelectronics.X-CUBE-NFC7.1.0.1
2024-01-08 09:15:42,937 [WARN] PackLoader:240 - Cannot read IP mode file for STMicroelectronics.X-CUBE-NFC6.3.0.0
2024-01-08 09:15:42,948 [WARN] PackLoader:240 - Cannot read IP mode file for STMicroelectronics.X-CUBE-EEPRMA1.4.1.0
2024-01-08 09:15:42,960 [WARN] PackLoader:240 - Cannot read IP mode file for STMicroelectronics.X-CUBE-AI.8.1.0
2024-01-08 09:15:42,993 [WARN] ConditionMgr:438 - getConditionDescription Invalid condition id : LAN8742 Phy interface Condition cause : null
2024-01-08 09:15:42,994 [WARN] PackLoader:240 - Cannot read IP mode file for STMicroelectronics.X-CUBE-AZRTOS-L4.2.0.0
2024-01-08 09:15:42,995 [WARN] ConditionMgr:1039 - genDependencies : Invalid condition id : LAN8742 Phy interface Condition cause : null
2024-01-08 09:15:42,995 [WARN] ConditionMgr:1039 - genDependencies : Invalid condition id : LAN8742 Phy interface Condition cause : null
2024-01-08 09:15:42,996 [WARN] ConditionMgr:1039 - genDependencies : Invalid condition id : LAN8742 Phy interface Condition cause : null
2024-01-08 09:15:43,012 [WARN] PackLoader:240 - Cannot read IP mode file for STMicroelectronics.X-CUBE-SFXS2LP1.4.0.0
2024-01-08 09:15:43,023 [WARN] PackLoader:240 - Cannot read IP mode file for STMicroelectronics.X-CUBE-ISPU.1.1.0
2024-01-08 09:15:43,048 [WARN] ConditionMgr:438 - getConditionDescription Invalid condition id : UX DEVICE CLASS RTOS Condition cause : null
2024-01-08 09:15:43,048 [WARN] ConditionMgr:438 - getConditionDescription Invalid condition id : UX DEVICE CLASS RTOS Condition cause : null
2024-01-08 09:15:43,050 [WARN] PackLoader:240 - Cannot read IP mode file for STMicroelectronics.X-CUBE-AZRTOS-WB.2.0.0
2024-01-08 09:15:43,051 [WARN] ConditionMgr:1039 - genDependencies : Invalid condition id : UX DEVICE CLASS RTOS Condition cause : null
2024-01-08 09:15:43,051 [WARN] ConditionMgr:1039 - genDependencies : Invalid condition id : UX DEVICE CLASS RTOS Condition cause : null
2024-01-08 09:15:43,051 [WARN] ConditionMgr:1039 - genDependencies : Invalid condition id : UX DEVICE CLASS RTOS Condition cause : null
2024-01-08 09:15:43,052 [WARN] ConditionMgr:1039 - genDependencies : Invalid condition id : UX DEVICE CLASS RTOS Condition cause : null
2024-01-08 09:15:43,052 [WARN] ConditionMgr:1039 - genDependencies : Invalid condition id : UX DEVICE CLASS RTOS Condition cause : null
2024-01-08 09:15:43,077 [WARN] PackLoader:240 - Cannot read IP mode file for STMicroelectronics.X-CUBE-SUBG2.5.0.0
2024-01-08 09:15:43,099 [WARN] PackLoader:240 - Cannot read IP mode file for STMicroelectronics.X-CUBE-TOF1.3.3.1
2024-01-08 09:15:43,124 [WARN] PackLoader:240 - Cannot read IP mode file for STMicroelectronics.X-CUBE-AZRTOS-G4.2.0.0
2024-01-08 09:15:43,143 [WARN] PackLoader:240 - Cannot read IP mode file for Infineon.AIROC-Wi-Fi-Bluetooth-STM32.1.5.1
2024-01-08 09:15:43,155 [WARN] PackLoader:240 - Cannot read IP mode file for STMicroelectronics.FP-SNS-MOTENVWB1.1.3.0
2024-01-08 09:15:43,164 [WARN] PackLoader:240 - Cannot read IP mode file for STMicroelectronics.FP-SNS-MOTENVWB1.1.3.1
2024-01-08 09:15:43,173 [WARN] PackLoader:240 - Cannot read IP mode file for STMicroelectronics.X-CUBE-ISPU.2.0.0
2024-01-08 09:15:43,210 [WARN] PackLoader:240 - Cannot read IP mode file for STMicroelectronics.X-CUBE-MEMS1.10.0.0
2024-01-08 09:15:43,310 [WARN] PackLoader:240 - Cannot read IP mode file for STMicroelectronics.X-CUBE-FREERTOS.1.1.0
2024-01-08 09:15:43,321 [WARN] PackLoader:240 - Cannot read IP mode file for portGmbH.I-Cube-SoM-uGOAL.1.1.0
2024-01-08 09:15:43,332 [WARN] PackLoader:240 - Cannot read IP mode file for STMicroelectronics.X-CUBE-ALS.1.0.1
2024-01-08 09:15:43,341 [WARN] PackLoader:240 - Cannot read IP mode file for STMicroelectronics.FP-ATR-ASTRA1.2.0.0
2024-01-08 09:15:43,357 [WARN] PackLoader:240 - Cannot read IP mode file for STMicroelectronics.X-CUBE-TOF1.3.4.0
2024-01-08 09:15:43,387 [WARN] PackLoader:240 - Cannot read IP mode file for STMicroelectronics.X-CUBE-AZRTOS-H7.3.2.0
2024-01-08 09:15:43,389 [INFO] ThirdParty:978 - Integrity check success = true
2024-01-08 09:15:43,389 [INFO] IntegrityCheckThread:100 - exiting critical section [integrity check]
2024-01-08 09:15:43,390 [INFO] IntegrityCheckThread:103 - End integrity checks thread
2024-01-08 09:16:02,208 [ERROR] LogOutputStream:75 - [STDERR_REDIRECT] SLF4J: Failed to load class "org.slf4j.impl.StaticLoggerBinder".
2024-01-08 09:16:02,209 [ERROR] LogOutputStream:75 - [STDERR_REDIRECT] SLF4J: Defaulting to no-operation (NOP) logger implementation
2024-01-08 09:16:02,210 [ERROR] LogOutputStream:75 - [STDERR_REDIRECT] SLF4J: See http://www.slf4j.org/codes.html#StaticLoggerBinder for further details.
2024-01-08 09:32:05,893 [INFO] Activator:176 - 


2024-01-08 09:32:05,895 [INFO] Activator:177 - !SESSION log4j initialized
2024-01-08 09:32:10,266 [INFO] LogOutputStream:77 - [STDOUT_REDIRECT] 
2024-01-08 09:32:11,067 [INFO] ApplicationProperties:184 - Using Application install path: C:\ST\STM32CubeIDE_1.13.2\STM32CubeIDE\plugins\com.st.stm32cube.common.mx_6.9.2.202309101412
2024-01-08 09:32:11,079 [INFO] DbMcusXml:78 - Set database path to: C:\ST\STM32CubeIDE_1.13.2\STM32CubeIDE\plugins\com.st.stm32cube.common.mx_6.9.2.202309101412\\db\/mcu/
2024-01-08 09:32:11,080 [INFO] ApiDb:274 - Set plugin database path to: C:\ST\STM32CubeIDE_1.13.2\STM32CubeIDE\plugins\com.st.stm32cube.common.mx_6.9.2.202309101412\\db\/plugins/boardmanager/
2024-01-08 09:32:11,080 [WARN] ApiDb:259 - Overriding images path with different value:  => C:\ST\STM32CubeIDE_1.13.2\STM32CubeIDE\plugins\com.st.stm32cube.common.mx_6.9.2.202309101412\\db\/plugins/mcufinder/images/
2024-01-08 09:32:11,086 [INFO] ApiDb:250 - Set database path to: C:\Users\jespe\.stmcufinder\plugins\mcufinder//mcu/
2024-01-08 09:32:11,089 [INFO] DbMcusAds:125 - Set database path to: C:\Users\jespe\.stmcufinder\plugins\mcufinder//mcu/
2024-01-08 09:32:11,091 [INFO] CrossReferenceDbSqlite:203 - Set database path to: C:\Users\jespe\.stmcufinder\plugins\mcufinder//mcu/cs/
2024-01-08 09:32:11,186 [INFO] RulesReader:64 - Compatibility file has been processed (293 Rules)
2024-01-08 09:32:11,241 [INFO] DbMcusXml:78 - Set database path to: C:\ST\STM32CubeIDE_1.13.2\STM32CubeIDE\plugins\com.st.stm32cube.common.mx_6.9.2.202309101412\\db\/mcu/
2024-01-08 09:32:11,242 [INFO] ApiDb:274 - Set plugin database path to: C:\ST\STM32CubeIDE_1.13.2\STM32CubeIDE\plugins\com.st.stm32cube.common.mx_6.9.2.202309101412\\db\/plugins/boardmanager/
2024-01-08 09:32:11,242 [INFO] ApiDb:261 - Set plugin images path to: C:\ST\STM32CubeIDE_1.13.2\STM32CubeIDE\plugins\com.st.stm32cube.common.mx_6.9.2.202309101412\\db\/plugins/mcufinder/images/
2024-01-08 09:32:11,242 [WARN] DbFile:41 - Overriding database path with different value: C:\Users\jespe\.stmcufinder\plugins\mcufinder/ => C:\Users\jespe\.stmcufinder\plugins\mcufinder
2024-01-08 09:32:11,242 [INFO] ApiDb:250 - Set database path to: C:\Users\jespe\.stmcufinder\plugins\mcufinder//mcu/
2024-01-08 09:32:11,242 [WARN] DbFile:41 - Overriding database path with different value: C:\Users\jespe\.stmcufinder\plugins\mcufinder/ => C:\Users\jespe\.stmcufinder\plugins\mcufinder
2024-01-08 09:32:11,242 [INFO] DbMcusAds:125 - Set database path to: C:\Users\jespe\.stmcufinder\plugins\mcufinder//mcu/
2024-01-08 09:32:11,242 [WARN] DbFile:41 - Overriding database path with different value: C:\Users\jespe\.stmcufinder\plugins\mcufinder/ => C:\Users\jespe\.stmcufinder\plugins\mcufinder
2024-01-08 09:32:11,242 [WARN] DbFile:41 - Overriding database path with different value: C:\Users\jespe\.stmcufinder\plugins\mcufinder/ => C:\Users\jespe\.stmcufinder\plugins\mcufinder
2024-01-08 09:32:11,242 [INFO] CrossReferenceDbSqlite:203 - Set database path to: C:\Users\jespe\.stmcufinder\plugins\mcufinder//mcu/cs/
2024-01-08 09:32:11,298 [INFO] MainPanel:262 - HeapMemory: 268435456
2024-01-08 09:32:11,364 [INFO] DbMcusXml:78 - Set database path to: C:\ST\STM32CubeIDE_1.13.2\STM32CubeIDE\plugins\com.st.stm32cube.common.mx_6.9.2.202309101412\\db\/mcu/
2024-01-08 09:32:11,364 [INFO] ApiDb:274 - Set plugin database path to: C:\ST\STM32CubeIDE_1.13.2\STM32CubeIDE\plugins\com.st.stm32cube.common.mx_6.9.2.202309101412\\db\/plugins/boardmanager/
2024-01-08 09:32:11,364 [INFO] ApiDb:261 - Set plugin images path to: C:\ST\STM32CubeIDE_1.13.2\STM32CubeIDE\plugins\com.st.stm32cube.common.mx_6.9.2.202309101412\\db\/plugins/mcufinder/images/
2024-01-08 09:32:11,364 [WARN] DbFile:41 - Overriding database path with different value: C:\Users\jespe\.stmcufinder\plugins\mcufinder/ => C:\Users\jespe\.stmcufinder\plugins\mcufinder
2024-01-08 09:32:11,365 [INFO] ApiDb:250 - Set database path to: C:\Users\jespe\.stmcufinder\plugins\mcufinder//mcu/
2024-01-08 09:32:11,365 [WARN] DbFile:41 - Overriding database path with different value: C:\Users\jespe\.stmcufinder\plugins\mcufinder/ => C:\Users\jespe\.stmcufinder\plugins\mcufinder
2024-01-08 09:32:11,365 [INFO] DbMcusAds:125 - Set database path to: C:\Users\jespe\.stmcufinder\plugins\mcufinder//mcu/
2024-01-08 09:32:11,365 [WARN] DbFile:41 - Overriding database path with different value: C:\Users\jespe\.stmcufinder\plugins\mcufinder/ => C:\Users\jespe\.stmcufinder\plugins\mcufinder
2024-01-08 09:32:11,365 [WARN] DbFile:41 - Overriding database path with different value: C:\Users\jespe\.stmcufinder\plugins\mcufinder/ => C:\Users\jespe\.stmcufinder\plugins\mcufinder
2024-01-08 09:32:11,365 [INFO] CrossReferenceDbSqlite:203 - Set database path to: C:\Users\jespe\.stmcufinder\plugins\mcufinder//mcu/cs/
2024-01-08 09:32:11,380 [INFO] ApplicationProperties:184 - Using Application install path: C:\ST\STM32CubeIDE_1.13.2\STM32CubeIDE\plugins\com.st.stm32cube.common.mx_6.9.2.202309101412
2024-01-08 09:32:11,382 [INFO] PluginManage:196 - Search for loadable plugins [exclusion list=, ]
2024-01-08 09:32:11,382 [INFO] PluginManage:310 - Check plugin analytics
2024-01-08 09:32:11,520 [INFO] AnalyticsPlugin:253 - Accepted Software Licenses: 
2024-01-08 09:32:11,520 [INFO] AnalyticsPlugin:255 - Accepted CMSIS Pack Licenses: 
2024-01-08 09:32:11,521 [INFO] AnalyticsPlugin:257 - Accepted Firmware Licenses: 
2024-01-08 09:32:11,523 [INFO] PluginManage:359 - Loaded plugin analytics (category:tool,tabindex:-1)
2024-01-08 09:32:11,524 [INFO] PluginManage:310 - Check plugin cadmodel
2024-01-08 09:32:11,536 [INFO] CADModel:105 - Init CAD model plugin
2024-01-08 09:32:11,536 [INFO] PluginManage:359 - Loaded plugin cadmodel (category:power,tabindex:5)
2024-01-08 09:32:11,537 [INFO] PluginManage:310 - Check plugin clock
2024-01-08 09:32:11,550 [INFO] PluginManage:359 - Loaded plugin clock (category:base,tabindex:2)
2024-01-08 09:32:11,550 [INFO] PluginManage:310 - Check plugin ddr
2024-01-08 09:32:11,552 [INFO] PluginManage:359 - Loaded plugin ddr (category:tool,tabindex:6)
2024-01-08 09:32:11,552 [INFO] PluginManage:310 - Check plugin filemanager
2024-01-08 09:32:11,649 [INFO] PluginManage:359 - Loaded plugin filemanager (category:base,tabindex:10)
2024-01-08 09:32:11,649 [INFO] PluginManage:310 - Check plugin ipmanager
2024-01-08 09:32:11,656 [INFO] PluginManage:359 - Loaded plugin ipmanager (category:base,tabindex:5)
2024-01-08 09:32:11,656 [INFO] PluginManage:310 - Check plugin lpbam
2024-01-08 09:32:11,669 [INFO] PluginManage:359 - Loaded plugin lpbam (category:base,tabindex:0)
2024-01-08 09:32:11,670 [INFO] PluginManage:310 - Check plugin memorymap
2024-01-08 09:32:11,685 [INFO] PluginManage:359 - Loaded plugin memorymap (category:base,tabindex:4)
2024-01-08 09:32:11,685 [INFO] PluginManage:310 - Check plugin pinoutandconfiguration
2024-01-08 09:32:11,699 [INFO] PluginManage:359 - Loaded plugin pinoutandconfiguration (category:base,tabindex:1)
2024-01-08 09:32:11,699 [INFO] PluginManage:310 - Check plugin pinoutconfig
2024-01-08 09:32:11,787 [WARN] SupportedApi:132 - Cannot load RTOS API schema: s4s-elt-must-match.1: The content of 'definitions' must match (annotation?, (simpleType | complexType)?, (unique | key | keyref)*)). A problem was found starting at: attribute.
2024-01-08 09:32:11,882 [INFO] PluginManage:359 - Loaded plugin pinoutconfig (category:base,tabindex:0)
2024-01-08 09:32:11,883 [INFO] PluginManage:310 - Check plugin power
2024-01-08 09:32:11,897 [INFO] PluginManage:359 - Loaded plugin power (category:power,tabindex:4)
2024-01-08 09:32:11,897 [INFO] PluginManage:310 - Check plugin projectmanager
2024-01-08 09:32:11,910 [INFO] PluginManage:359 - Loaded plugin projectmanager (category:projectmanager,tabindex:3)
2024-01-08 09:32:11,910 [INFO] PluginManage:310 - Check plugin thirdparty
2024-01-08 09:32:12,124 [INFO] PluginManage:359 - Loaded plugin thirdparty (category:base,tabindex:-1)
2024-01-08 09:32:12,124 [INFO] PluginManage:310 - Check plugin tools
2024-01-08 09:32:12,124 [WARN] IntegrityCheckThread:84 - waiting for thirdparty lock release [integrity check]
2024-01-08 09:32:12,124 [INFO] IntegrityCheckThread:86 - entering critical section [integrity check]
2024-01-08 09:32:12,124 [INFO] ThirdPartyUpdaterWithRetryManager:70 - Updater plugin not ready yet. [1/15]
2024-01-08 09:32:12,154 [INFO] PluginManage:359 - Loaded plugin tools (category:base,tabindex:7)
2024-01-08 09:32:12,154 [INFO] PluginManage:310 - Check plugin tutovideos
2024-01-08 09:32:12,285 [INFO] PluginManage:359 - Loaded plugin tutovideos (category:base,tabindex:-1)
2024-01-08 09:32:12,285 [INFO] PluginManage:310 - Check plugin updater
2024-01-08 09:32:12,291 [INFO] PluginManage:359 - Loaded plugin updater (category:base,tabindex:12)
2024-01-08 09:32:12,291 [INFO] PluginManage:310 - Check plugin userauth
2024-01-08 09:32:12,295 [INFO] UserAuth:113 - Init User Auth plugin
2024-01-08 09:32:12,295 [INFO] PluginManage:359 - Loaded plugin userauth (category:base,tabindex:14)
2024-01-08 09:32:12,295 [INFO] PluginManage:283 - PluginManage : Loaded plugins [17]
2024-01-08 09:32:12,463 [INFO] PinOutPanel:1499 - setPackage(No Configuration,No Configuration)
2024-01-08 09:32:12,546 [INFO] CADModel:165 - CPN selected for project level
2024-01-08 09:32:12,546 [INFO] CADModel:114 - Register for checkConnection events
2024-01-08 09:32:12,564 [INFO] IPUIPlugin:80 - create IPUIPlugin
2024-01-08 09:32:12,565 [INFO] PluginManager:220 - loadIPPluginJar : add adc
2024-01-08 09:32:12,598 [INFO] IPUIPlugin:80 - create IPUIPlugin
2024-01-08 09:32:12,598 [INFO] PluginManager:220 - loadIPPluginJar : add aes
2024-01-08 09:32:12,642 [INFO] IPUIPlugin:80 - create IPUIPlugin
2024-01-08 09:32:12,642 [INFO] PluginManager:220 - loadIPPluginJar : add can
2024-01-08 09:32:12,671 [INFO] IPUIPlugin:80 - create IPUIPlugin
2024-01-08 09:32:12,671 [INFO] PluginManager:220 - loadIPPluginJar : add comp
2024-01-08 09:32:12,706 [INFO] IPUIPlugin:80 - create IPUIPlugin
2024-01-08 09:32:12,706 [INFO] PluginManager:220 - loadIPPluginJar : add cryp
2024-01-08 09:32:12,740 [INFO] IPUIPlugin:80 - create IPUIPlugin
2024-01-08 09:32:12,740 [INFO] PluginManager:220 - loadIPPluginJar : add dfsdm
2024-01-08 09:32:12,753 [INFO] IPUIPlugin:80 - create IPUIPlugin
2024-01-08 09:32:12,753 [INFO] PluginManager:220 - loadIPPluginJar : add dma
2024-01-08 09:32:12,794 [INFO] IPUIPlugin:80 - create IPUIPlugin
2024-01-08 09:32:12,794 [INFO] PluginManager:220 - loadIPPluginJar : add dma3
2024-01-08 09:32:12,813 [INFO] IPUIPlugin:80 - create IPUIPlugin
2024-01-08 09:32:12,813 [INFO] PluginManager:220 - loadIPPluginJar : add fatfs
2024-01-08 09:32:12,864 [INFO] IPUIPlugin:80 - create IPUIPlugin
2024-01-08 09:32:12,864 [INFO] PluginManager:220 - loadIPPluginJar : add fmc
2024-01-08 09:32:12,877 [INFO] IPUIPlugin:80 - create IPUIPlugin
2024-01-08 09:32:12,878 [INFO] PluginManager:220 - loadIPPluginJar : add freertos
2024-01-08 09:32:12,898 [INFO] IPUIPlugin:80 - create IPUIPlugin
2024-01-08 09:32:12,899 [INFO] PluginManager:220 - loadIPPluginJar : add genericplugin
2024-01-08 09:32:12,997 [INFO] IPUIPlugin:80 - create IPUIPlugin
2024-01-08 09:32:12,998 [INFO] PluginManager:220 - loadIPPluginJar : add gfxmmu
2024-01-08 09:32:13,139 [INFO] IPUIPlugin:80 - create IPUIPlugin
2024-01-08 09:32:13,139 [INFO] PluginManager:220 - loadIPPluginJar : add gic
2024-01-08 09:32:13,149 [INFO] IPUIPlugin:80 - create IPUIPlugin
2024-01-08 09:32:13,149 [INFO] PluginManager:220 - loadIPPluginJar : add gpio
2024-01-08 09:32:13,226 [INFO] IPUIPlugin:80 - create IPUIPlugin
2024-01-08 09:32:13,226 [INFO] PluginManager:220 - loadIPPluginJar : add gtzc
2024-01-08 09:32:13,264 [INFO] IPUIPlugin:80 - create IPUIPlugin
2024-01-08 09:32:13,264 [INFO] PluginManager:220 - loadIPPluginJar : add hash
2024-01-08 09:32:13,317 [INFO] IPUIPlugin:80 - create IPUIPlugin
2024-01-08 09:32:13,318 [INFO] PluginManager:220 - loadIPPluginJar : add i2c
2024-01-08 09:32:13,356 [INFO] IPUIPlugin:80 - create IPUIPlugin
2024-01-08 09:32:13,356 [INFO] PluginManager:220 - loadIPPluginJar : add i2s
2024-01-08 09:32:13,393 [INFO] IPUIPlugin:80 - create IPUIPlugin
2024-01-08 09:32:13,393 [INFO] PluginManager:220 - loadIPPluginJar : add i3c
2024-01-08 09:32:13,482 [INFO] IPUIPlugin:80 - create IPUIPlugin
2024-01-08 09:32:13,482 [INFO] PluginManager:220 - loadIPPluginJar : add ipddr
2024-01-08 09:32:13,559 [INFO] IPUIPlugin:80 - create IPUIPlugin
2024-01-08 09:32:13,559 [INFO] PluginManager:220 - loadIPPluginJar : add linkedlist
2024-01-08 09:32:13,593 [INFO] IPUIPlugin:80 - create IPUIPlugin
2024-01-08 09:32:13,593 [INFO] PluginManager:220 - loadIPPluginJar : add lorawan
2024-01-08 09:32:13,632 [INFO] IPUIPlugin:80 - create IPUIPlugin
2024-01-08 09:32:13,632 [INFO] PluginManager:220 - loadIPPluginJar : add ltdc
2024-01-08 09:32:13,645 [INFO] IPUIPlugin:80 - create IPUIPlugin
2024-01-08 09:32:13,645 [INFO] PluginManager:220 - loadIPPluginJar : add mdma
2024-01-08 09:32:13,656 [INFO] IPUIPlugin:80 - create IPUIPlugin
2024-01-08 09:32:13,656 [INFO] PluginManager:220 - loadIPPluginJar : add nvic
2024-01-08 09:32:13,702 [INFO] IPUIPlugin:80 - create IPUIPlugin
2024-01-08 09:32:13,702 [INFO] PluginManager:220 - loadIPPluginJar : add opamp
2024-01-08 09:32:13,757 [INFO] IPUIPlugin:80 - create IPUIPlugin
2024-01-08 09:32:13,757 [INFO] PluginManager:220 - loadIPPluginJar : add openamp
2024-01-08 09:32:13,794 [INFO] IPUIPlugin:80 - create IPUIPlugin
2024-01-08 09:32:13,795 [INFO] PluginManager:220 - loadIPPluginJar : add pdm2pcm
2024-01-08 09:32:13,806 [INFO] IPUIPlugin:80 - create IPUIPlugin
2024-01-08 09:32:13,808 [INFO] PluginManager:220 - loadIPPluginJar : add plateformsettings
2024-01-08 09:32:13,827 [INFO] IPUIPlugin:80 - create IPUIPlugin
2024-01-08 09:32:13,827 [INFO] PluginManager:220 - loadIPPluginJar : add quadspi
2024-01-08 09:32:13,841 [INFO] IPUIPlugin:80 - create IPUIPlugin
2024-01-08 09:32:13,841 [INFO] PluginManager:220 - loadIPPluginJar : add resmgrutility
2024-01-08 09:32:13,881 [INFO] IPUIPlugin:80 - create IPUIPlugin
2024-01-08 09:32:13,881 [INFO] PluginManager:220 - loadIPPluginJar : add sai
2024-01-08 09:32:13,911 [INFO] IPUIPlugin:80 - create IPUIPlugin
2024-01-08 09:32:13,911 [INFO] PluginManager:220 - loadIPPluginJar : add spi
2024-01-08 09:32:13,958 [INFO] IPUIPlugin:80 - create IPUIPlugin
2024-01-08 09:32:13,958 [INFO] PluginManager:220 - loadIPPluginJar : add stm32_wpan
2024-01-08 09:32:13,978 [INFO] IPUIPlugin:80 - create IPUIPlugin
2024-01-08 09:32:13,978 [INFO] PluginManager:220 - loadIPPluginJar : add tim
2024-01-08 09:32:14,022 [INFO] IPUIPlugin:80 - create IPUIPlugin
2024-01-08 09:32:14,022 [INFO] PluginManager:220 - loadIPPluginJar : add touchsensing
2024-01-08 09:32:14,039 [INFO] IPUIPlugin:80 - create IPUIPlugin
2024-01-08 09:32:14,039 [INFO] PluginManager:220 - loadIPPluginJar : add tracer_emb
2024-01-08 09:32:14,057 [INFO] IPUIPlugin:80 - create IPUIPlugin
2024-01-08 09:32:14,057 [INFO] PluginManager:220 - loadIPPluginJar : add ts
2024-01-08 09:32:14,074 [INFO] IPUIPlugin:80 - create IPUIPlugin
2024-01-08 09:32:14,074 [INFO] PluginManager:220 - loadIPPluginJar : add tsc
2024-01-08 09:32:14,090 [INFO] IPUIPlugin:80 - create IPUIPlugin
2024-01-08 09:32:14,090 [INFO] PluginManager:220 - loadIPPluginJar : add ucpd
2024-01-08 09:32:14,123 [INFO] IPUIPlugin:80 - create IPUIPlugin
2024-01-08 09:32:14,123 [INFO] PluginManager:220 - loadIPPluginJar : add usart
2024-01-08 09:32:14,156 [INFO] IPUIPlugin:80 - create IPUIPlugin
2024-01-08 09:32:14,156 [INFO] PluginManager:220 - loadIPPluginJar : add usbx
2024-01-08 09:32:14,271 [INFO] CADModel:165 - CPN selected for project level
2024-01-08 09:32:14,272 [INFO] CADModel:114 - Register for checkConnection events
2024-01-08 09:32:14,272 [FATAL] Updater:308 - Updater called before beeing initialized
2024-01-08 09:32:14,273 [ERROR] CADModel:125 - Updater not yet initialized, retry later 
2024-01-08 09:32:14,410 [INFO] CADModel:165 - CPN selected for project level
2024-01-08 09:32:14,410 [INFO] CADModel:114 - Register for checkConnection events
2024-01-08 09:32:14,410 [FATAL] Updater:308 - Updater called before beeing initialized
2024-01-08 09:32:14,410 [ERROR] CADModel:125 - Updater not yet initialized, retry later 
2024-01-08 09:32:14,412 [FATAL] Updater:308 - Updater called before beeing initialized
2024-01-08 09:32:14,492 [FATAL] Updater:308 - Updater called before beeing initialized
2024-01-08 09:32:14,503 [INFO] DbMcusAds:53 - JSON generation date=Tue Mar 07 09:50:55 CET 2023 (1678179055114)
2024-01-08 09:32:14,503 [FATAL] Updater:308 - Updater called before beeing initialized
2024-01-08 09:32:14,563 [WARN] DetailPanel:346 - Failed to get advertising image, set to default
2024-01-08 09:32:14,667 [FATAL] Updater:308 - Updater called before beeing initialized
2024-01-08 09:32:14,669 [FATAL] Updater:308 - Updater called before beeing initialized
2024-01-08 09:32:14,669 [FATAL] Updater:308 - Updater called before beeing initialized
2024-01-08 09:32:14,669 [WARN] DetailPanel:346 - Failed to get advertising image, set to default
2024-01-08 09:32:14,670 [FATAL] Updater:308 - Updater called before beeing initialized
2024-01-08 09:32:14,716 [ERROR] Updater:1120 - MainUpdater not yet initialized. External WinMGr cannot be set.
2024-01-08 09:32:14,725 [INFO] Updater:1056 - Updater Version found : 6.9.2
2024-01-08 09:32:14,737 [INFO] ApplicationProperties:184 - Using Application install path: C:\ST\STM32CubeIDE_1.13.2\STM32CubeIDE\plugins\com.st.stm32cube.common.mx_6.9.2.202309101412
2024-01-08 09:32:14,852 [INFO] MainUpdater:2868 - connection check result : 10
2024-01-08 09:32:14,853 [INFO] MainUpdater:285 - Updater Check For Update Now.
2024-01-08 09:32:14,853 [INFO] MicroXplorer:498 - Change Database Version : DB.6.0.92
2024-01-08 09:32:14,867 [INFO] McuFinderGlobals:63 - Set McuFinder mode to 2 (CubeIDE integrated)
2024-01-08 09:32:15,039 [INFO] CheckServerUpdateThread:120 - End of CheckServer Thread
2024-01-08 09:32:15,290 [WARN] PackLoader:240 - Cannot read IP mode file for STMicroelectronics.X-CUBE-SMBUS.2.1.0
2024-01-08 09:32:15,302 [WARN] PackLoader:240 - Cannot read IP mode file for STMicroelectronics.X-CUBE-TOUCHGFX.4.23.0
2024-01-08 09:32:15,340 [WARN] PackLoader:240 - Cannot read IP mode file for STMicroelectronics.X-CUBE-AZRTOS-F7.1.1.0
2024-01-08 09:32:15,355 [WARN] PackLoader:240 - Cannot read IP mode file for STMicroelectronics.FP-SNS-MOTENV1.4.3.2
2024-01-08 09:32:15,368 [WARN] PackLoader:240 - Cannot read IP mode file for STMicroelectronics.FP-SNS-FLIGHT1.5.0.2
2024-01-08 09:32:15,382 [WARN] PackLoader:240 - Cannot read IP mode file for STMicroelectronics.X-CUBE-DISPLAY.3.0.0
2024-01-08 09:32:15,398 [WARN] PackLoader:240 - Cannot read IP mode file for STMicroelectronics.X-CUBE-BLE1.7.0.0
2024-01-08 09:32:15,409 [WARN] PackLoader:240 - Cannot read IP mode file for emotas.I-CUBE-CANOPEN.1.3.0
2024-01-08 09:32:15,419 [WARN] PackLoader:240 - Cannot read IP mode file for STMicroelectronics.X-CUBE-TOUCHGFX.4.22.0
2024-01-08 09:32:15,427 [WARN] PackLoader:240 - Cannot read IP mode file for STMicroelectronics.X-CUBE-TOUCHGFX.4.22.1
2024-01-08 09:32:15,436 [WARN] PackLoader:240 - Cannot read IP mode file for STMicroelectronics.FP-SNS-SMARTAG2.1.2.0
2024-01-08 09:32:15,453 [INFO] LogOutputStream:77 - [STDOUT_REDIRECT] 1 : Invalid condition id : UX_CORESTACK_Condition cause : null
2024-01-08 09:32:15,454 [INFO] LogOutputStream:77 - [STDOUT_REDIRECT] 1 : Invalid condition id : UX_CORESTACK_Condition cause : null
2024-01-08 09:32:15,455 [INFO] LogOutputStream:77 - [STDOUT_REDIRECT] 1 : Invalid condition id : UX_CORESTACK_Condition cause : null
2024-01-08 09:32:15,455 [INFO] LogOutputStream:77 - [STDOUT_REDIRECT] 1 : Invalid condition id : UX_CORESTACK_Condition cause : null
2024-01-08 09:32:15,456 [INFO] LogOutputStream:77 - [STDOUT_REDIRECT] 1 : Invalid condition id : UX_CORESTACK_Condition cause : null
2024-01-08 09:32:15,459 [WARN] PackLoader:240 - Cannot read IP mode file for STMicroelectronics.X-CUBE-AZRTOS-WL.2.0.0
2024-01-08 09:32:15,472 [WARN] PackLoader:240 - Cannot read IP mode file for WES.I-CUBE-Cesium.1.3.0
2024-01-08 09:32:15,482 [WARN] PackLoader:240 - Cannot read IP mode file for STMicroelectronics.X-CUBE-BLE2.3.3.0
2024-01-08 09:32:15,493 [WARN] PackLoader:240 - Cannot read IP mode file for STMicroelectronics.X-CUBE-ALGOBUILD.1.3.0
2024-01-08 09:32:15,515 [WARN] PackLoader:240 - Cannot read IP mode file for STMicroelectronics.X-CUBE-AZRTOS-G0.1.1.0
2024-01-08 09:32:15,527 [WARN] PackLoader:240 - Cannot read IP mode file for STMicroelectronics.X-CUBE-NFC4.3.0.0
2024-01-08 09:32:15,540 [WARN] PackLoader:240 - Cannot read IP mode file for STMicroelectronics.X-CUBE-BLEMGR.3.0.0
2024-01-08 09:32:15,551 [WARN] PackLoader:240 - Cannot read IP mode file for STMicroelectronics.FP-ATR-SIGFOX1.3.2.0
2024-01-08 09:32:15,586 [WARN] PackLoader:240 - Cannot read IP mode file for SEGGER.I-CUBE-embOS.1.3.1
2024-01-08 09:32:15,633 [WARN] PackLoader:240 - Cannot read IP mode file for STMicroelectronics.X-CUBE-GNSS1.6.0.0
2024-01-08 09:32:15,655 [WARN] PackLoader:240 - Cannot read IP mode file for STMicroelectronics.X-CUBE-AZRTOS-F4.1.1.0
2024-01-08 09:32:15,666 [WARN] PackLoader:240 - Cannot read IP mode file for wolfSSL.I-CUBE-wolfSSL.5.6.3
2024-01-08 09:32:15,687 [WARN] PackLoader:240 - Cannot read IP mode file for STMicroelectronics.X-CUBE-AZRTOS-L5.2.0.0
2024-01-08 09:32:15,727 [WARN] PackLoader:240 - Cannot read IP mode file for STMicroelectronics.X-CUBE-MEMS1.9.6.0
2024-01-08 09:32:15,858 [WARN] PackLoader:240 - Cannot read IP mode file for STMicroelectronics.X-CUBE-EEPRMA1.4.2.0
2024-01-08 09:32:15,873 [WARN] PackLoader:240 - Cannot read IP mode file for ITTIA_DB.I-CUBE-ITTIADB.8.8.0
2024-01-08 09:32:15,896 [WARN] PackLoader:240 - Cannot read IP mode file for STMicroelectronics.X-CUBE-BLEMGR.2.0.0
2024-01-08 09:32:15,935 [WARN] ConditionMgr:438 - getConditionDescription Invalid condition id : UX DEVICE CLASS RTOS Condition cause : null
2024-01-08 09:32:15,936 [WARN] ConditionMgr:438 - getConditionDescription Invalid condition id : UX DEVICE CLASS RTOS Condition cause : null
2024-01-08 09:32:15,939 [WARN] PackLoader:240 - Cannot read IP mode file for STMicroelectronics.X-CUBE-AZRTOS-H7.3.1.0
2024-01-08 09:32:15,940 [WARN] ConditionMgr:1039 - genDependencies : Invalid condition id : UX DEVICE CLASS RTOS Condition cause : null
2024-01-08 09:32:15,940 [WARN] ConditionMgr:1039 - genDependencies : Invalid condition id : UX DEVICE CLASS RTOS Condition cause : null
2024-01-08 09:32:15,941 [WARN] ConditionMgr:1039 - genDependencies : Invalid condition id : UX DEVICE CLASS RTOS Condition cause : null
2024-01-08 09:32:15,941 [WARN] ConditionMgr:1039 - genDependencies : Invalid condition id : UX DEVICE CLASS RTOS Condition cause : null
2024-01-08 09:32:15,941 [WARN] ConditionMgr:1039 - genDependencies : Invalid condition id : UX DEVICE CLASS RTOS Condition cause : null
2024-01-08 09:32:15,956 [WARN] PackLoader:240 - Cannot read IP mode file for STMicroelectronics.X-CUBE-NFC7.1.0.1
2024-01-08 09:32:15,970 [WARN] PackLoader:240 - Cannot read IP mode file for STMicroelectronics.X-CUBE-NFC6.3.0.0
2024-01-08 09:32:15,983 [WARN] PackLoader:240 - Cannot read IP mode file for STMicroelectronics.X-CUBE-EEPRMA1.4.1.0
2024-01-08 09:32:15,994 [WARN] PackLoader:240 - Cannot read IP mode file for STMicroelectronics.X-CUBE-AI.8.1.0
2024-01-08 09:32:16,017 [WARN] ConditionMgr:438 - getConditionDescription Invalid condition id : LAN8742 Phy interface Condition cause : null
2024-01-08 09:32:16,018 [WARN] PackLoader:240 - Cannot read IP mode file for STMicroelectronics.X-CUBE-AZRTOS-L4.2.0.0
2024-01-08 09:32:16,018 [WARN] ConditionMgr:1039 - genDependencies : Invalid condition id : LAN8742 Phy interface Condition cause : null
2024-01-08 09:32:16,019 [WARN] ConditionMgr:1039 - genDependencies : Invalid condition id : LAN8742 Phy interface Condition cause : null
2024-01-08 09:32:16,019 [WARN] ConditionMgr:1039 - genDependencies : Invalid condition id : LAN8742 Phy interface Condition cause : null
2024-01-08 09:32:16,031 [WARN] PackLoader:240 - Cannot read IP mode file for STMicroelectronics.X-CUBE-SFXS2LP1.4.0.0
2024-01-08 09:32:16,041 [WARN] PackLoader:240 - Cannot read IP mode file for STMicroelectronics.X-CUBE-ISPU.1.1.0
2024-01-08 09:32:16,063 [WARN] ConditionMgr:438 - getConditionDescription Invalid condition id : UX DEVICE CLASS RTOS Condition cause : null
2024-01-08 09:32:16,063 [WARN] ConditionMgr:438 - getConditionDescription Invalid condition id : UX DEVICE CLASS RTOS Condition cause : null
2024-01-08 09:32:16,064 [WARN] PackLoader:240 - Cannot read IP mode file for STMicroelectronics.X-CUBE-AZRTOS-WB.2.0.0
2024-01-08 09:32:16,065 [WARN] ConditionMgr:1039 - genDependencies : Invalid condition id : UX DEVICE CLASS RTOS Condition cause : null
2024-01-08 09:32:16,065 [WARN] ConditionMgr:1039 - genDependencies : Invalid condition id : UX DEVICE CLASS RTOS Condition cause : null
2024-01-08 09:32:16,065 [WARN] ConditionMgr:1039 - genDependencies : Invalid condition id : UX DEVICE CLASS RTOS Condition cause : null
2024-01-08 09:32:16,066 [WARN] ConditionMgr:1039 - genDependencies : Invalid condition id : UX DEVICE CLASS RTOS Condition cause : null
2024-01-08 09:32:16,066 [WARN] ConditionMgr:1039 - genDependencies : Invalid condition id : UX DEVICE CLASS RTOS Condition cause : null
2024-01-08 09:32:16,080 [WARN] PackLoader:240 - Cannot read IP mode file for STMicroelectronics.X-CUBE-SUBG2.5.0.0
2024-01-08 09:32:16,101 [WARN] PackLoader:240 - Cannot read IP mode file for STMicroelectronics.X-CUBE-TOF1.3.3.1
2024-01-08 09:32:16,124 [WARN] PackLoader:240 - Cannot read IP mode file for STMicroelectronics.X-CUBE-AZRTOS-G4.2.0.0
2024-01-08 09:32:16,142 [WARN] PackLoader:240 - Cannot read IP mode file for Infineon.AIROC-Wi-Fi-Bluetooth-STM32.1.5.1
2024-01-08 09:32:16,153 [WARN] PackLoader:240 - Cannot read IP mode file for STMicroelectronics.FP-SNS-MOTENVWB1.1.3.0
2024-01-08 09:32:16,163 [WARN] PackLoader:240 - Cannot read IP mode file for STMicroelectronics.FP-SNS-MOTENVWB1.1.3.1
2024-01-08 09:32:16,171 [WARN] PackLoader:240 - Cannot read IP mode file for STMicroelectronics.X-CUBE-ISPU.2.0.0
2024-01-08 09:32:16,205 [WARN] PackLoader:240 - Cannot read IP mode file for STMicroelectronics.X-CUBE-MEMS1.10.0.0
2024-01-08 09:32:16,296 [WARN] PackLoader:240 - Cannot read IP mode file for STMicroelectronics.X-CUBE-FREERTOS.1.1.0
2024-01-08 09:32:16,308 [WARN] PackLoader:240 - Cannot read IP mode file for portGmbH.I-Cube-SoM-uGOAL.1.1.0
2024-01-08 09:32:16,319 [WARN] PackLoader:240 - Cannot read IP mode file for STMicroelectronics.X-CUBE-ALS.1.0.1
2024-01-08 09:32:16,330 [WARN] PackLoader:240 - Cannot read IP mode file for STMicroelectronics.FP-ATR-ASTRA1.2.0.0
2024-01-08 09:32:16,353 [WARN] PackLoader:240 - Cannot read IP mode file for STMicroelectronics.X-CUBE-TOF1.3.4.0
2024-01-08 09:32:16,386 [WARN] PackLoader:240 - Cannot read IP mode file for STMicroelectronics.X-CUBE-AZRTOS-H7.3.2.0
2024-01-08 09:32:16,388 [INFO] ThirdParty:978 - Integrity check success = true
2024-01-08 09:32:16,389 [INFO] IntegrityCheckThread:100 - exiting critical section [integrity check]
2024-01-08 09:32:16,389 [INFO] IntegrityCheckThread:103 - End integrity checks thread
2024-01-08 09:32:35,639 [ERROR] LogOutputStream:75 - [STDERR_REDIRECT] SLF4J: Failed to load class "org.slf4j.impl.StaticLoggerBinder".
2024-01-08 09:32:35,639 [ERROR] LogOutputStream:75 - [STDERR_REDIRECT] SLF4J: Defaulting to no-operation (NOP) logger implementation
2024-01-08 09:32:35,640 [ERROR] LogOutputStream:75 - [STDERR_REDIRECT] SLF4J: See http://www.slf4j.org/codes.html#StaticLoggerBinder for further details.
2024-01-08 12:24:31,905 [INFO] McuFinderGlobals:63 - Set McuFinder mode to 2 (CubeIDE integrated)
2024-01-08 12:24:31,921 [INFO] MainUpdater:2868 - connection check result : 10
2024-01-08 12:24:31,927 [INFO] MainUpdater:2868 - connection check result : 10
2024-01-08 12:24:32,091 [INFO] MicroXplorer:468 - Change Database Path : 
2024-01-08 12:24:32,091 [INFO] MicroXplorer:498 - Change Database Version : DB.6.0.92
2024-01-08 12:24:32,095 [WARN] ThirdParty:871 - waiting for thirdparty lock release [close project]
2024-01-08 12:24:32,095 [INFO] ThirdParty:873 - entering critical section [close project]
2024-01-08 12:24:32,099 [INFO] ThirdParty:883 - exiting critical section [close project]
2024-01-08 12:24:32,101 [INFO] PinOutPanel:1499 - setPackage(No Configuration,No Configuration)
2024-01-08 12:24:32,108 [INFO] UtilMem:75 - Begin LoadConfig() Used Memory: 865509504 Bytes (1061158912)
2024-01-08 12:24:32,109 [INFO] MicroXplorer:468 - Change Database Path : 
2024-01-08 12:24:32,109 [INFO] MicroXplorer:498 - Change Database Version : DB.6.0.92
2024-01-08 12:24:32,109 [INFO] OpenFileManager:308 - Change cursor
2024-01-08 12:24:32,153 [INFO] Mcu:1946 - Initializing MCU STM32F072R(8-B)Tx STM32F072RBTx STM32F072RBT6
2024-01-08 12:24:33,272 [INFO] Context:659 - Trying to add GPIOservice into a context  which must be forbidden
2024-01-08 12:24:33,753 [INFO] RtosManager:555 - Registered RTOS mode: class=CMSIS, group=RTOS, mode=CMSIS_V1, owner=FREERTOS
2024-01-08 12:24:33,753 [INFO] RtosManager:555 - Registered RTOS mode: class=CMSIS, group=RTOS2, mode=CMSIS_V2, owner=FREERTOS
2024-01-08 12:24:33,753 [INFO] RtosManager:555 - Registered RTOS mode: class=RTOS, group=Core, mode=CMSIS_V1, owner=FREERTOS
2024-01-08 12:24:33,753 [INFO] RtosManager:555 - Registered RTOS mode: class=RTOS, group=Core, mode=CMSIS_V2, owner=FREERTOS
2024-01-08 12:24:33,753 [WARN] ModelIntegratedComponent:184 - Missing modes for component STMicroelectronics:FreeRTOS:0.0.1:STMicroelectronics:RTOS:FreeRTOS:Core:::10.2.0:
2024-01-08 12:24:33,763 [WARN] ModelIntegratedComponent:63 - No mode defined for component null
2024-01-08 12:24:33,764 [WARN] ModelIntegratedComponent:63 - No mode defined for component null
2024-01-08 12:24:33,764 [WARN] ModelIntegratedComponent:63 - No mode defined for component null
2024-01-08 12:24:33,764 [WARN] ModelIntegratedComponent:63 - No mode defined for component null
2024-01-08 12:24:33,764 [WARN] ModelIntegratedComponent:63 - No mode defined for component null
2024-01-08 12:24:33,764 [WARN] ModelIntegratedComponent:63 - No mode defined for component null
2024-01-08 12:24:33,764 [WARN] ModelIntegratedComponent:63 - No mode defined for component null
2024-01-08 12:24:33,764 [WARN] ModelIntegratedComponent:63 - No mode defined for component null
2024-01-08 12:24:33,764 [WARN] ModelIntegratedComponent:63 - No mode defined for component null
2024-01-08 12:24:33,764 [WARN] ModelIntegratedComponent:63 - No mode defined for component null
2024-01-08 12:24:33,764 [WARN] ModelIntegratedComponent:63 - No mode defined for component null
2024-01-08 12:24:33,764 [WARN] ModelIntegratedComponent:63 - No mode defined for component null
2024-01-08 12:24:33,764 [WARN] ModelIntegratedComponent:63 - No mode defined for component null
2024-01-08 12:24:33,764 [WARN] ModelIntegratedComponent:63 - No mode defined for component null
2024-01-08 12:24:33,764 [WARN] ModelIntegratedComponent:63 - No mode defined for component null
2024-01-08 12:24:33,764 [WARN] ModelIntegratedComponent:63 - No mode defined for component null
2024-01-08 12:24:33,764 [WARN] ModelIntegratedComponent:63 - No mode defined for component null
2024-01-08 12:24:33,764 [WARN] ModelIntegratedComponent:63 - No mode defined for component null
2024-01-08 12:24:33,764 [WARN] ModelIntegratedComponent:63 - No mode defined for component null
2024-01-08 12:24:33,765 [WARN] ModelIntegratedComponent:63 - No mode defined for component null
2024-01-08 12:24:33,765 [WARN] ModelIntegratedComponent:63 - No mode defined for component null
2024-01-08 12:24:33,765 [WARN] ModelIntegratedComponent:63 - No mode defined for component null
2024-01-08 12:24:33,765 [WARN] ModelIntegratedComponent:63 - No mode defined for component null
2024-01-08 12:24:33,765 [WARN] ModelIntegratedComponent:63 - No mode defined for component null
2024-01-08 12:24:33,765 [WARN] ModelIntegratedComponent:63 - No mode defined for component null
2024-01-08 12:24:33,765 [WARN] ModelIntegratedComponent:63 - No mode defined for component null
2024-01-08 12:24:33,765 [WARN] ModelIntegratedComponent:63 - No mode defined for component null
2024-01-08 12:24:33,765 [WARN] ModelIntegratedComponent:63 - No mode defined for component null
2024-01-08 12:24:33,765 [WARN] ModelIntegratedComponent:63 - No mode defined for component null
2024-01-08 12:24:33,765 [WARN] ModelIntegratedComponent:63 - No mode defined for component null
2024-01-08 12:24:33,765 [WARN] ModelIntegratedComponent:63 - No mode defined for component null
2024-01-08 12:24:33,765 [WARN] ModelIntegratedComponent:63 - No mode defined for component null
2024-01-08 12:24:33,765 [WARN] ModelIntegratedComponent:63 - No mode defined for component null
2024-01-08 12:24:33,848 [INFO] ThirdPartyModel:298 - Start build external matchings
2024-01-08 12:24:34,476 [INFO] ThirdPartyModel:316 - End build external matchings
2024-01-08 12:24:34,491 [INFO] ImportTextPane:194 - (OptionalMessage_ERROR) IP (RCC) : Parameter (FLatency) has Id (AdvancedSettings) currently not set
2024-01-08 12:24:34,492 [INFO] ImportTextPane:194 - (OptionalMessage_ERROR) IP (RCC) : Invalid parameter (FamilyName)
2024-01-08 12:24:34,492 [INFO] ImportTextPane:194 - (OptionalMessage_ERROR) IP (RCC) : Invalid parameter (HSICECFreq_Value)
2024-01-08 12:24:34,494 [INFO] ImportTextPane:194 - (OptionalMessage_ERROR) IP (RCC) : Parameter (PREFETCH_ENABLE) has Id (AdvancedSettings) currently not set
2024-01-08 12:24:34,707 [INFO] UtilMem:75 - End LoadConfig() Used Memory: 635716168 Bytes (1073741824)
2024-01-08 12:24:34,828 [INFO] ApiDb:581 - Connected to CubeFinder SQLite database (C:\Users\jespe\.stmcufinder\plugins\mcufinder\mcu\cube-finder-db.db)
2024-01-08 12:24:34,899 [INFO] ApiDb:668 - CubeFinder database Data Model version=2.1
2024-01-08 12:24:34,899 [INFO] ApiDb:669 - CubeFinder database Configuration version=3.0.37
2024-01-08 12:24:34,900 [INFO] ApiDb:670 - CubeFinder database generation date=2023-08-09 (1691586011)
2024-01-08 12:24:34,900 [INFO] ApiDb:671 - CubeFinder database FW Pack versions=[FP-ATR-ASTRA1_V2.0.0, FP-SNS-FLIGHT1_V5.0.1, FP-SNS-FLIGHT1_V5.0.2, FP-SNS-MOTENV1_V4.3.1, FP-SNS-MOTENV1_V4.3.2, STM32Cube_FW_C0_V1.1.0, STM32Cube_FW_F4_V1.27.1, STM32Cube_FW_F7_V1.17.0, STM32Cube_FW_G0_V1.6.1, STM32Cube_FW_G4_V1.5.1, STM32Cube_FW_H5_V0.5.1, STM32Cube_FW_H5_V1.1.0, STM32Cube_FW_H7_V1.11.0, STM32Cube_FW_L0_V1.12.2, STM32Cube_FW_L5_V1.5.0, STM32Cube_FW_U5_V1.3.0, STM32Cube_FW_U5_V1.3.0RC4, STM32Cube_FW_WBA_V1.0.0RC1, STM32Cube_FW_WBA_V1.1.0, STM32Cube_FW_WBA_V1.1.0RC1, STM32Cube_FW_WB_V1.15.0RC1, STM32Cube_FW_WB_V1.16.0, STM32Cube_FW_WB_V1.16.0RC2, STM32Cube_FW_WB_V1.17.0, STM32Cube_FW_WL_V1.3.0, X-CUBE-ALGOBUILD_V1.3.0, X-CUBE-ALS_V1.0.1, X-CUBE-AZRTOS-F4_V1.1.0, X-CUBE-AZRTOS-F7_V1.1.0, X-CUBE-AZRTOS-G0_V1.1.0, X-CUBE-AZRTOS-G4_V2.0.0, X-CUBE-AZRTOS-H7_V3.1.0, X-CUBE-AZRTOS-L4_V1.0.0, X-CUBE-AZRTOS-L4_V2.0.0, X-CUBE-AZRTOS-L5_V1.1.0, X-CUBE-AZRTOS-WB_V1.1.0, X-CUBE-AZRTOS-WL_V2.0.0, X-CUBE-BLE1_V7.0.0, X-CUBE-BLE2_V3.3.0, X-CUBE-BLEMGR_V2.0.0, X-CUBE-EEPRMA1_V4.1.0, X-CUBE-FREERTOS_V1.1.0, X-CUBE-GNSS1_V6.0.0, X-CUBE-MEMS1_V9.1.0, X-CUBE-MEMS1_V9.4.0, X-CUBE-MEMS1_V9.6.0, X-CUBE-NFC4_V3.0.0, X-CUBE-NFC7_V1.0.0, X-CUBE-SFXS2LP1_V4.0.0, X-CUBE-SUBG2_V5.0.0, X-CUBE-TOF1_V3.3.1]
2024-01-08 12:24:36,910 [INFO] ApiDb:240 - Found 323 in-development CPN: [B-G473E-ZEST1S, B-WB1M-WPAN1, B-WL5M-SUBG1, NUCLEO-C031C6, NUCLEO-H503RB, NUCLEO-H563ZI, NUCLEO-U545RE-Q, NUCLEO-U5A5ZJ-Q, NUCLEO-WBA52CG, STEVAL-PROTEUS1, STEVAL-SMARTAG2, STEVAL-STWINBX1, STM320518-EVAL, STM32C0116-DK, STM32C011D6Y3TR, STM32C011D6Y6TR, STM32C011F4P3, STM32C011F4P6, STM32C011F4U3, STM32C011F4U6TR, STM32C011F6P3, STM32C011F6P6, STM32C011F6U3, STM32C011F6U6TR, STM32C011J4M3, STM32C011J4M6, STM32C011J6M3, STM32C011J6M6, STM32C0316-DK, STM32C031C4T3, STM32C031C4T6, STM32C031C4U3, STM32C031C4U6, STM32C031C6T3, STM32C031C6T6, STM32C031C6U3, STM32C031C6U6, STM32C031F4P3, STM32C031F4P6, STM32C031F6P3, STM32C031F6P6, STM32C031G4U3, STM32C031G4U6, STM32C031G6U3, STM32C031G6U6, STM32C031K4T3, STM32C031K4T6, STM32C031K4U3, STM32C031K4U6, STM32C031K6T3, STM32C031K6T6, STM32C031K6U3, STM32C031K6U6, STM32G071K8TXN, STM32G071K8UXN, STM32G081GBU6N, STM32G081KBT6N, STM32G081KBUXN, STM32G0B1CCT6N, STM32G0B1KCT6, STM32G0B1NEY6TR, STM32G0B1RCT6N, STM32G0C1CCT6, STM32G0C1CCT6N, STM32G0C1CCU6N, STM32G0C1CET6N, STM32G0C1CEU6N, STM32G0C1KCT6, STM32G0C1NEY6TR, STM32G0C1RCI6N, STM32G0C1RCT6N, STM32G0C1REI6N, STM32G0C1RET6N, STM32G0C1VCI6, STM32G0C1VEI6, STM32G471CCT6, STM32G471CCU6, STM32G471CET3, STM32G471CET6, STM32G471CEU3, STM32G471CEU6, STM32G471MCT6, STM32G471MET3, STM32G471MET6, STM32G471MEY6TR, STM32G471QCT6, STM32G471QET3, STM32G471RCT6, STM32G471RET3, STM32G471RET6, STM32G471VCH6, STM32G471VCI6, STM32G471VCT6, STM32G471VEH3, STM32G471VEH6, STM32G471VEI3, STM32G471VEI6, STM32G471VET3, STM32G471VET6, STM32G474CCT6, STM32H503CBT6, STM32H503CBU6, STM32H503EBY6TR, STM32H503KBU6, STM32H503RBT6, STM32H562AGI6, STM32H562AII6, STM32H562IGK6, STM32H562IGT6, STM32H562IIK6, STM32H562IIT6, STM32H562RGT6, STM32H562RGV6, STM32H562RIT6, STM32H562RIV6, STM32H562VGT6, STM32H562VIT6, STM32H562ZGT6, STM32H562ZIT6, STM32H563AGI6, STM32H563AII3Q, STM32H563AII6, STM32H563IGK6, STM32H563IGT6, STM32H563IIK3Q, STM32H563IIK6, STM32H563IIT3Q, STM32H563IIT6, STM32H563MIY3QTR, STM32H563RGT6, STM32H563RGV6, STM32H563RIT6, STM32H563RIV6, STM32H563VGT6, STM32H563VIT3Q, STM32H563VIT6, STM32H563ZGT6, STM32H563ZIT3Q, STM32H563ZIT6, STM32H573AII3Q, STM32H573AII6, STM32H573I-DK, STM32H573IIK3Q, STM32H573IIK6, STM32H573IIT3Q, STM32H573IIT6, STM32H573MIY3QTR, STM32H573RIT6, STM32H573RIV6, STM32H573VIT3Q, STM32H573VIT6, STM32H573ZIT3Q, STM32H573ZIT6, STM32L4R5QGI6STR, STM32MP131AAE3, STM32MP131AAF3, STM32MP131AAG3, STM32MP131CAE3, STM32MP131CAF3, STM32MP131CAG3, STM32MP131DAE7, STM32MP131DAF7, STM32MP131DAG7, STM32MP131FAE7, STM32MP131FAF7, STM32MP131FAG7, STM32MP133AAE3, STM32MP133AAF3, STM32MP133AAG3, STM32MP133CAE3, STM32MP133CAF3, STM32MP133CAG3, STM32MP133DAE7, STM32MP133DAF7, STM32MP133DAG7, STM32MP133FAE7, STM32MP133FAF7, STM32MP133FAG7, STM32MP135AAE3, STM32MP135AAF3, STM32MP135AAG3, STM32MP135CAE3, STM32MP135CAF3, STM32MP135CAG3, STM32MP135DAE7, STM32MP135DAF7, STM32MP135DAG7, STM32MP135F-DK, STM32MP135FAE7, STM32MP135FAF7, STM32MP135FAF7T, STM32MP135FAF7U, STM32MP135FAG7, STM32U535CBT6, STM32U535CBT6Q, STM32U535CBU6, STM32U535CBU6Q, STM32U535CCT6, STM32U535CCT6Q, STM32U535CCU6, STM32U535CCU6Q, STM32U535CET6, STM32U535CET6Q, STM32U535CEU6, STM32U535CEU6Q, STM32U535JEY6QTR, STM32U535NCY6QTR, STM32U535NEY6QTR, STM32U535RBI6, STM32U535RBI6Q, STM32U535RBT6, STM32U535RBT6Q, STM32U535RCI6, STM32U535RCI6Q, STM32U535RCT6, STM32U535RCT6Q, STM32U535REI6, STM32U535REI6Q, STM32U535RET6, STM32U535RET6Q, STM32U535VCI6, STM32U535VCI6Q, STM32U535VCT6, STM32U535VCT6Q, STM32U535VEI6, STM32U535VEI6Q, STM32U535VET6, STM32U535VET6Q, STM32U545CET6, STM32U545CET6Q, STM32U545CEU6, STM32U545CEU6Q, STM32U545JEY6QTR, STM32U545NEY6QTR, STM32U545REI6, STM32U545REI6Q, STM32U545RET6, STM32U545RET6Q, STM32U545VEI6, STM32U545VEI6Q, STM32U545VET6, STM32U545VET6Q, STM32U595AIH6, STM32U595AIH6Q, STM32U595AJH6, STM32U595AJH6Q, STM32U595QII6, STM32U595QII6Q, STM32U595QJI6, STM32U595QJI6Q, STM32U595RIT6, STM32U595RIT6Q, STM32U595RJT6, STM32U595RJT6Q, STM32U595VIT6, STM32U595VIT6Q, STM32U595VJT6, STM32U595VJT6Q, STM32U595ZIT6, STM32U595ZIT6Q, STM32U595ZIY6QTR, STM32U595ZJT6, STM32U595ZJT6Q, STM32U595ZJY6QTR, STM32U599BJY6QTR, STM32U599NIH6Q, STM32U599NJH6Q, STM32U599VIT6Q, STM32U599VJT6, STM32U599VJT6Q, STM32U599ZIT6Q, STM32U599ZIY6QTR, STM32U599ZJT6Q, STM32U599ZJY6QTR, STM32U5A5AJH6, STM32U5A5AJH6Q, STM32U5A5QJI6, STM32U5A5QJI6Q, STM32U5A5RJT6, STM32U5A5RJT6Q, STM32U5A5VJT6, STM32U5A5VJT6Q, STM32U5A5ZJT6, STM32U5A5ZJT6Q, STM32U5A5ZJY6QTR, STM32U5A9BJY6QTR, STM32U5A9J-DK, STM32U5A9NJH6Q, STM32U5A9VJT6Q, STM32U5A9ZJT6Q, STM32U5A9ZJY6QTR, STM32U5F7VIT6, STM32U5F7VIT6Q, STM32U5F7VJT6, STM32U5F7VJT6Q, STM32U5F9BJY6QTR, STM32U5F9NJH6Q, STM32U5F9VIT6Q, STM32U5F9VJT6Q, STM32U5F9ZIJ6QTR, STM32U5F9ZIT6Q, STM32U5F9ZJJ6QTR, STM32U5F9ZJT6Q, STM32U5G7VJT6, STM32U5G7VJT6Q, STM32U5G9BJY6QTR, STM32U5G9J-DK1, STM32U5G9J-DK2, STM32U5G9NJH6Q, STM32U5G9VJT6Q, STM32U5G9ZJJ6QTR, STM32U5G9ZJT6Q, STM32WB1MMCH6, STM32WBA52CEU6, STM32WBA52CEU6T, STM32WBA52CGU6, STM32WBA52CGU6T, STM32WBA52KEU6, STM32WBA52KEU6T, STM32WBA52KGU6, STM32WBA52KGU6T, STM32WL5MOCH6, STM32WL5MOCH6TR]
2024-01-08 12:24:36,913 [INFO] DbMcus:217 - Found 3848 MCUs, 3848 are supported
2024-01-08 12:24:36,914 [INFO] ApiDb:423 - Load user favorites file C:\Users\jespe/.stm32cubeide/favorites.mcus.txt: 0 item(s)
2024-01-08 12:24:36,914 [INFO] ApiDb:427 - User favorites MCUs=[]
2024-01-08 12:24:36,914 [INFO] DbMcus:223 - Set 0 / 0 favorites MCUs
2024-01-08 12:24:37,224 [WARN] ThirdParty:833 - waiting for thirdparty lock release [change project]
2024-01-08 12:24:37,224 [INFO] ThirdParty:835 - entering critical section [change project]
2024-01-08 12:24:37,225 [INFO] ThirdParty:1030 - CMSIS Pack Vendor :STMicroelectronics X-CUBE-ISPU 1.1.0
2024-01-08 12:24:37,225 [INFO] ThirdParty:1030 - CMSIS Pack Vendor :STMicroelectronics USBPD 4.1
2024-01-08 12:24:37,225 [INFO] ThirdParty:1030 - CMSIS Pack Vendor :STMicroelectronics X-CUBE-GNSS1 6.0.0
2024-01-08 12:24:37,225 [INFO] ThirdParty:1030 - CMSIS Pack Vendor :STMicroelectronics USB_HOST 2.0.0
2024-01-08 12:24:37,225 [INFO] ThirdParty:1030 - CMSIS Pack Vendor :STMicroelectronics X-CUBE-AZRTOS-F4 1.1.0
2024-01-08 12:24:37,225 [INFO] ThirdParty:1030 - CMSIS Pack Vendor :STMicroelectronics LIBJPEG 8.0.0
2024-01-08 12:24:37,225 [INFO] ThirdParty:1030 - CMSIS Pack Vendor :wolfSSL I-CUBE-wolfSSL 5.6.3
2024-01-08 12:24:37,225 [INFO] ThirdParty:1030 - CMSIS Pack Vendor :STMicroelectronics X-CUBE-SMBUS 2.1.0
2024-01-08 12:24:37,225 [INFO] ThirdParty:1030 - CMSIS Pack Vendor :STMicroelectronics USB_DEVICE 3.0.0
2024-01-08 12:24:37,225 [INFO] ThirdParty:1030 - CMSIS Pack Vendor :STMicroelectronics X-CUBE-AZRTOS-WB 2.0.0
2024-01-08 12:24:37,225 [INFO] ThirdParty:1030 - CMSIS Pack Vendor :STMicroelectronics X-CUBE-TOUCHGFX 4.23.0
2024-01-08 12:24:37,225 [INFO] ThirdParty:1030 - CMSIS Pack Vendor :STMicroelectronics X-CUBE-AZRTOS-F7 1.1.0
2024-01-08 12:24:37,225 [INFO] ThirdParty:1030 - CMSIS Pack Vendor :STMicroelectronics X-CUBE-AZRTOS-L5 2.0.0
2024-01-08 12:24:37,225 [INFO] ThirdParty:1030 - CMSIS Pack Vendor :STMicroelectronics USB_DEVICE 2.0.0
2024-01-08 12:24:37,225 [INFO] ThirdParty:1030 - CMSIS Pack Vendor :STMicroelectronics X-CUBE-MEMS1 9.6.0
2024-01-08 12:24:37,225 [INFO] ThirdParty:1030 - CMSIS Pack Vendor :STMicroelectronics X-CUBE-EEPRMA1 4.2.0
2024-01-08 12:24:37,225 [INFO] ThirdParty:1030 - CMSIS Pack Vendor :ITTIA_DB I-CUBE-ITTIADB 8.8.0
2024-01-08 12:24:37,225 [INFO] ThirdParty:1030 - CMSIS Pack Vendor :STMicroelectronics FP-SNS-MOTENV1 4.3.2
2024-01-08 12:24:37,225 [INFO] ThirdParty:1030 - CMSIS Pack Vendor :STMicroelectronics X-CUBE-ALGOBUILD 1.3.0
2024-01-08 12:24:37,225 [INFO] ThirdParty:1030 - CMSIS Pack Vendor :STMicroelectronics FreeRTOS 0.0.1
2024-01-08 12:24:37,226 [INFO] ThirdParty:1030 - CMSIS Pack Vendor :STMicroelectronics X-CUBE-AZRTOS-G0 1.1.0
2024-01-08 12:24:37,226 [INFO] ThirdParty:1030 - CMSIS Pack Vendor :STMicroelectronics X-CUBE-BLEMGR 2.0.0
2024-01-08 12:24:37,226 [INFO] ThirdParty:1030 - CMSIS Pack Vendor :STMicroelectronics X-CUBE-NFC4 3.0.0
2024-01-08 12:24:37,226 [INFO] ThirdParty:1030 - CMSIS Pack Vendor :STMicroelectronics X-CUBE-SUBG2 5.0.0
2024-01-08 12:24:37,226 [INFO] ThirdParty:1030 - CMSIS Pack Vendor :STMicroelectronics STM32_WPAN 1.0.0
2024-01-08 12:24:37,226 [INFO] ThirdParty:1030 - CMSIS Pack Vendor :STMicroelectronics lwIP 2.0.3
2024-01-08 12:24:37,226 [INFO] ThirdParty:1030 - CMSIS Pack Vendor :STMicroelectronics FP-SNS-FLIGHT1 5.0.2
2024-01-08 12:24:37,226 [INFO] ThirdParty:1030 - CMSIS Pack Vendor :STMicroelectronics USB_HOST 1.0.0
2024-01-08 12:24:37,226 [INFO] ThirdParty:1030 - CMSIS Pack Vendor :STMicroelectronics X-CUBE-TOF1 3.3.1
2024-01-08 12:24:37,226 [INFO] ThirdParty:1030 - CMSIS Pack Vendor :STMicroelectronics X-CUBE-AZRTOS-G4 2.0.0
2024-01-08 12:24:37,226 [INFO] ThirdParty:1030 - CMSIS Pack Vendor :STMicroelectronics PDM2PCM 3.1.0
2024-01-08 12:24:37,226 [INFO] ThirdParty:1030 - CMSIS Pack Vendor :STMicroelectronics X-CUBE-AZRTOS-H7 3.1.0
2024-01-08 12:24:37,226 [INFO] ThirdParty:1030 - CMSIS Pack Vendor :Infineon AIROC-Wi-Fi-Bluetooth-STM32 1.5.1
2024-01-08 12:24:37,226 [INFO] ThirdParty:1030 - CMSIS Pack Vendor :STMicroelectronics X-CUBE-BLEMGR 3.0.0
2024-01-08 12:24:37,226 [INFO] ThirdParty:1030 - CMSIS Pack Vendor :STMicroelectronics PDM2PCM 3.3.0
2024-01-08 12:24:37,226 [INFO] ThirdParty:1030 - CMSIS Pack Vendor :STMicroelectronics X-CUBE-DISPLAY 3.0.0
2024-01-08 12:24:37,226 [INFO] ThirdParty:1030 - CMSIS Pack Vendor :STMicroelectronics FP-SNS-MOTENVWB1 1.3.0
2024-01-08 12:24:37,226 [INFO] ThirdParty:1030 - CMSIS Pack Vendor :STMicroelectronics FP-SNS-MOTENVWB1 1.3.1
2024-01-08 12:24:37,227 [INFO] ThirdParty:1030 - CMSIS Pack Vendor :STMicroelectronics X-CUBE-BLE1 7.0.0
2024-01-08 12:24:37,227 [INFO] ThirdParty:1030 - CMSIS Pack Vendor :STMicroelectronics FP-ATR-SIGFOX1 3.2.0
2024-01-08 12:24:37,227 [INFO] ThirdParty:1030 - CMSIS Pack Vendor :STMicroelectronics X-CUBE-ISPU 2.0.0
2024-01-08 12:24:37,227 [INFO] ThirdParty:1030 - CMSIS Pack Vendor :STMicroelectronics HAL Drivers 0.0.0
2024-01-08 12:24:37,227 [INFO] ThirdParty:1030 - CMSIS Pack Vendor :STMicroelectronics MBEDTLS 2.16.2
2024-01-08 12:24:37,227 [INFO] ThirdParty:1030 - CMSIS Pack Vendor :emotas I-CUBE-CANOPEN 1.3.0
2024-01-08 12:24:37,227 [INFO] ThirdParty:1030 - CMSIS Pack Vendor :STMicroelectronics X-CUBE-MEMS1 10.0.0
2024-01-08 12:24:37,227 [INFO] ThirdParty:1030 - CMSIS Pack Vendor :STMicroelectronics X-CUBE-FREERTOS 1.1.0
2024-01-08 12:24:37,227 [INFO] ThirdParty:1030 - CMSIS Pack Vendor :STMicroelectronics X-CUBE-TOUCHGFX 4.22.0
2024-01-08 12:24:37,227 [INFO] ThirdParty:1030 - CMSIS Pack Vendor :STMicroelectronics X-CUBE-NFC7 1.0.1
2024-01-08 12:24:37,227 [INFO] ThirdParty:1030 - CMSIS Pack Vendor :STMicroelectronics MBEDTLS 2.14.1
2024-01-08 12:24:37,227 [INFO] ThirdParty:1030 - CMSIS Pack Vendor :STMicroelectronics X-CUBE-TOUCHGFX 4.22.1
2024-01-08 12:24:37,227 [INFO] ThirdParty:1030 - CMSIS Pack Vendor :STMicroelectronics X-CUBE-NFC6 3.0.0
2024-01-08 12:24:37,227 [INFO] ThirdParty:1030 - CMSIS Pack Vendor :STMicroelectronics X-CUBE-EEPRMA1 4.1.0
2024-01-08 12:24:37,227 [INFO] ThirdParty:1030 - CMSIS Pack Vendor :portGmbH I-Cube-SoM-uGOAL 1.1.0
2024-01-08 12:24:37,227 [INFO] ThirdParty:1030 - CMSIS Pack Vendor :STMicroelectronics X-CUBE-ALS 1.0.1
2024-01-08 12:24:37,227 [INFO] ThirdParty:1030 - CMSIS Pack Vendor :STMicroelectronics ThreadX 1.0.0
2024-01-08 12:24:37,228 [INFO] ThirdParty:1030 - CMSIS Pack Vendor :STMicroelectronics FP-SNS-SMARTAG2 1.2.0
2024-01-08 12:24:37,228 [INFO] ThirdParty:1030 - CMSIS Pack Vendor :STMicroelectronics X-CUBE-AZRTOS-WL 2.0.0
2024-01-08 12:24:37,228 [INFO] ThirdParty:1030 - CMSIS Pack Vendor :SEGGER I-CUBE-embOS 1.3.1
2024-01-08 12:24:37,228 [INFO] ThirdParty:1030 - CMSIS Pack Vendor :STMicroelectronics USB_DEVICE 1.0.0
2024-01-08 12:24:37,228 [INFO] ThirdParty:1030 - CMSIS Pack Vendor :STMicroelectronics X-CUBE-AI 8.1.0
2024-01-08 12:24:37,228 [INFO] ThirdParty:1030 - CMSIS Pack Vendor :STMicroelectronics X-CUBE-AZRTOS-L4 2.0.0
2024-01-08 12:24:37,228 [INFO] ThirdParty:1030 - CMSIS Pack Vendor :STMicroelectronics ThreadX 0.0.2
2024-01-08 12:24:37,228 [INFO] ThirdParty:1030 - CMSIS Pack Vendor :WES I-CUBE-Cesium 1.3.0
2024-01-08 12:24:37,228 [INFO] ThirdParty:1030 - CMSIS Pack Vendor :STMicroelectronics FP-ATR-ASTRA1 2.0.0
2024-01-08 12:24:37,228 [INFO] ThirdParty:1030 - CMSIS Pack Vendor :STMicroelectronics lwIP 2.1.2
2024-01-08 12:24:37,228 [INFO] ThirdParty:1030 - CMSIS Pack Vendor :STMicroelectronics X-CUBE-SFXS2LP1 4.0.0
2024-01-08 12:24:37,228 [INFO] ThirdParty:1030 - CMSIS Pack Vendor :STMicroelectronics X-CUBE-BLE2 3.3.0
2024-01-08 12:24:37,228 [INFO] ThirdParty:1030 - CMSIS Pack Vendor :STMicroelectronics X-CUBE-TOF1 3.4.0
2024-01-08 12:24:37,228 [INFO] ThirdParty:1030 - CMSIS Pack Vendor :STMicroelectronics X-CUBE-AZRTOS-H7 3.2.0
2024-01-08 12:24:37,228 [INFO] ThirdParty:1030 - CMSIS Pack Vendor :STMicroelectronics PDM2PCM 3.2.0
2024-01-08 12:24:37,228 [INFO] ThirdParty:841 - exiting critical section [change project]
2024-01-08 12:24:37,522 [INFO] PinOutPanel:1499 - setPackage(No Configuration,No Configuration)
2024-01-08 12:24:37,524 [INFO] PinOutPanel:1499 - setPackage(STM32F072RBTx,LQFP64)
2024-01-08 12:24:38,225 [INFO] UtilMem:75 - Before build in PCC Used Memory: 669981528 Bytes (1073741824)
2024-01-08 12:24:38,884 [INFO] UtilMem:75 - After build in PCC Used Memory: 754916184 Bytes (1073741824)
2024-01-08 12:24:38,908 [INFO] IPUIPlugin:80 - create IPUIPlugin
2024-01-08 12:24:38,908 [INFO] IPUIPlugin:80 - create IPUIPlugin
2024-01-08 12:24:38,908 [INFO] IPUIPlugin:80 - create IPUIPlugin
2024-01-08 12:24:38,909 [INFO] IPUIPlugin:80 - create IPUIPlugin
2024-01-08 12:24:38,909 [INFO] IPUIPlugin:80 - create IPUIPlugin
2024-01-08 12:24:38,909 [INFO] IPUIPlugin:80 - create IPUIPlugin
2024-01-08 12:24:38,909 [INFO] IPUIPlugin:80 - create IPUIPlugin
2024-01-08 12:24:38,909 [INFO] IPUIPlugin:80 - create IPUIPlugin
2024-01-08 12:24:38,909 [INFO] IPUIPlugin:80 - create IPUIPlugin
2024-01-08 12:24:38,909 [INFO] IPUIPlugin:80 - create IPUIPlugin
2024-01-08 12:24:38,909 [INFO] IPUIPlugin:80 - create IPUIPlugin
2024-01-08 12:24:38,910 [INFO] IPUIPlugin:80 - create IPUIPlugin
2024-01-08 12:24:38,910 [INFO] IPUIPlugin:80 - create IPUIPlugin
2024-01-08 12:24:38,910 [INFO] IPUIPlugin:80 - create IPUIPlugin
2024-01-08 12:24:38,910 [INFO] IPUIPlugin:80 - create IPUIPlugin
2024-01-08 12:24:38,910 [INFO] IPUIPlugin:80 - create IPUIPlugin
2024-01-08 12:24:38,910 [INFO] IPUIPlugin:80 - create IPUIPlugin
2024-01-08 12:24:38,910 [INFO] IPUIPlugin:80 - create IPUIPlugin
2024-01-08 12:24:38,910 [INFO] IPUIPlugin:80 - create IPUIPlugin
2024-01-08 12:24:38,911 [INFO] IPUIPlugin:80 - create IPUIPlugin
2024-01-08 12:24:38,911 [INFO] IPUIPlugin:80 - create IPUIPlugin
2024-01-08 12:24:38,911 [INFO] IPUIPlugin:80 - create IPUIPlugin
2024-01-08 12:24:38,911 [INFO] IPUIPlugin:80 - create IPUIPlugin
2024-01-08 12:24:38,911 [INFO] IPUIPlugin:80 - create IPUIPlugin
2024-01-08 12:24:38,911 [INFO] IPUIPlugin:80 - create IPUIPlugin
2024-01-08 12:24:38,912 [INFO] IPUIPlugin:80 - create IPUIPlugin
2024-01-08 12:24:38,912 [INFO] IPUIPlugin:80 - create IPUIPlugin
2024-01-08 12:24:38,912 [INFO] IPUIPlugin:80 - create IPUIPlugin
2024-01-08 12:24:38,912 [INFO] IPUIPlugin:80 - create IPUIPlugin
2024-01-08 12:24:38,913 [INFO] IPUIPlugin:80 - create IPUIPlugin
2024-01-08 12:24:38,913 [INFO] IPUIPlugin:80 - create IPUIPlugin
2024-01-08 12:24:38,913 [INFO] IPUIPlugin:80 - create IPUIPlugin
2024-01-08 12:24:38,913 [INFO] IPUIPlugin:80 - create IPUIPlugin
2024-01-08 12:24:38,914 [INFO] IPUIPlugin:80 - create IPUIPlugin
2024-01-08 12:24:38,914 [INFO] IPUIPlugin:80 - create IPUIPlugin
2024-01-08 12:24:38,914 [INFO] IPUIPlugin:80 - create IPUIPlugin
2024-01-08 12:24:38,914 [INFO] IPUIPlugin:80 - create IPUIPlugin
2024-01-08 12:24:38,915 [INFO] IPUIPlugin:80 - create IPUIPlugin
2024-01-08 12:24:38,915 [INFO] IPUIPlugin:80 - create IPUIPlugin
2024-01-08 12:24:38,915 [INFO] IPUIPlugin:80 - create IPUIPlugin
2024-01-08 12:24:38,916 [INFO] IPUIPlugin:80 - create IPUIPlugin
2024-01-08 12:24:39,111 [INFO] CADModel:165 - CPN selected for project levelSTM32F072RBT6
2024-01-08 12:24:39,111 [INFO] CADModel:114 - Register for checkConnection events
2024-01-08 12:24:39,162 [INFO] OpenFileManager:328 - Restore cursor
2024-01-08 12:28:41,140 [INFO] UtilMem:75 - End SaveConfig() Used Memory: 937744944 Bytes (1073741824)
2024-01-08 12:28:42,302 [INFO] UtilMem:75 - End SaveConfig() Used Memory: 591082632 Bytes (1073741824)
2024-01-08 12:28:46,998 [INFO] UtilMem:75 - End SaveConfig() Used Memory: 604434688 Bytes (1073741824)
2024-01-08 12:28:47,392 [INFO] BlockDiagram:2759 - set Specific Code input for plugin: ADC
2024-01-08 12:28:47,392 [INFO] BlockDiagram:2759 - set Specific Code input for plugin: NVIC
2024-01-08 12:28:47,392 [INFO] BlockDiagram:2759 - set Specific Code input for plugin: USART
2024-01-08 12:28:47,392 [INFO] BlockDiagram:2759 - set Specific Code input for plugin: USART
2024-01-08 12:28:47,392 [INFO] BlockDiagram:2759 - set Specific Code input for plugin: TIM1_8F0
2024-01-08 12:28:47,392 [INFO] BlockDiagram:2759 - set Specific Code input for plugin: TIM1_8F0
2024-01-08 12:28:47,392 [INFO] BlockDiagram:2759 - set Specific Code input for plugin: SYS
2024-01-08 12:28:47,393 [INFO] BlockDiagram:2759 - set Specific Code input for plugin: GPIO
2024-01-08 12:28:47,393 [INFO] BlockDiagram:2759 - set Specific Code input for plugin: RCC
2024-01-08 12:28:47,393 [INFO] BlockDiagram:2759 - set Specific Code input for plugin: I2C
2024-01-08 12:28:47,394 [INFO] CodeGenerator:799 - code generatio: config db path: C:\ST\STM32CubeIDE_1.13.2\STM32CubeIDE\plugins\com.st.stm32cube.common.mx_6.9.2.202309101412\\db\
2024-01-08 12:28:47,672 [INFO] CodeEngine:255 - oldGeneratedFile, C:\Users\jespe\STM32CubeIDE\workspace_1.13.2\test\MXTmpFiles\license.tmp_save
2024-01-08 12:28:47,989 [INFO] CodeEngine:279 - Generated code: C:\Users\jespe\STM32CubeIDE\workspace_1.13.2\test\MXTmpFiles\license.tmp
2024-01-08 12:28:48,109 [INFO] CodeEngine:255 - oldGeneratedFile, C:\Users\jespe\STM32CubeIDE\workspace_1.13.2\test\MXTmpFiles\gpio.tmp_save
2024-01-08 12:28:48,222 [INFO] CodeEngine:279 - Generated code: C:\Users\jespe\STM32CubeIDE\workspace_1.13.2\test\MXTmpFiles\gpio.tmp
2024-01-08 12:28:48,616 [INFO] CodeEngine:255 - oldGeneratedFile, C:\Users\jespe\STM32CubeIDE\workspace_1.13.2\test\Core\Src\stm32f0xx_it.c_save
2024-01-08 12:28:48,739 [INFO] CodeEngine:279 - Generated code: C:\Users\jespe\STM32CubeIDE\workspace_1.13.2\test\Core\Src\stm32f0xx_it.c
2024-01-08 12:28:48,758 [INFO] CodeEngine:255 - oldGeneratedFile, C:\Users\jespe\STM32CubeIDE\workspace_1.13.2\test\Core\Inc\stm32f0xx_it.h_save
2024-01-08 12:28:48,846 [INFO] CodeEngine:279 - Generated code: C:\Users\jespe\STM32CubeIDE\workspace_1.13.2\test\Core\Inc\stm32f0xx_it.h
2024-01-08 12:28:48,874 [INFO] CodeEngine:255 - oldGeneratedFile, C:\Users\jespe\STM32CubeIDE\workspace_1.13.2\test\Core\Src\stm32f0xx_hal_msp.c_save
2024-01-08 12:28:49,041 [INFO] CodeEngine:279 - Generated code: C:\Users\jespe\STM32CubeIDE\workspace_1.13.2\test\Core\Src\stm32f0xx_hal_msp.c
2024-01-08 12:28:49,057 [INFO] CodeEngine:255 - oldGeneratedFile, C:\Users\jespe\STM32CubeIDE\workspace_1.13.2\test\MXTmpFiles\system.tmp_save
2024-01-08 12:28:49,144 [INFO] CodeEngine:279 - Generated code: C:\Users\jespe\STM32CubeIDE\workspace_1.13.2\test\MXTmpFiles\system.tmp
2024-01-08 12:28:49,169 [INFO] CodeEngine:311 - oldGeneratedFile, C:\Users\jespe\STM32CubeIDE\workspace_1.13.2\test\Core\Inc\stm32f0xx_hal_conf.h_save
2024-01-08 12:28:49,254 [INFO] CodeEngine:335 - Generated code: C:\Users\jespe\STM32CubeIDE\workspace_1.13.2\test\Core\Inc\stm32f0xx_hal_conf.h
2024-01-08 12:28:49,282 [WARN] IPConfigManager:3431 - IP not found : TIM
2024-01-08 12:28:49,284 [WARN] CodeGenerator:3764 - IP not found : null
2024-01-08 12:28:49,306 [INFO] CodeEngine:255 - oldGeneratedFile, C:\Users\jespe\STM32CubeIDE\workspace_1.13.2\test\Core\Inc\main.h_save
2024-01-08 12:28:49,402 [INFO] CodeEngine:279 - Generated code: C:\Users\jespe\STM32CubeIDE\workspace_1.13.2\test\Core\Inc\main.h
2024-01-08 12:28:49,425 [INFO] CodeEngine:255 - oldGeneratedFile, C:\Users\jespe\STM32CubeIDE\workspace_1.13.2\test\Core\Src\main.c_save
2024-01-08 12:28:49,582 [INFO] CodeEngine:279 - Generated code: C:\Users\jespe\STM32CubeIDE\workspace_1.13.2\test\Core\Src\main.c
2024-01-08 12:28:49,903 [INFO] ProjectBuilder:3064 - Time for Copy HAL[2] : 1mS.
2024-01-08 12:28:49,912 [INFO] ProjectBuilder:4404 - Project Generator version: 4.1.0
2024-01-08 12:28:50,109 [INFO] ConfigFileManager:1457 - The Die is : DIE448
2024-01-08 12:28:50,122 [INFO] ApiDbMcu:507 - Load IP Config File for FATFS
2024-01-08 12:28:50,133 [INFO] ApiDbMcu:507 - Load IP Config File for FREERTOS
2024-01-08 12:28:50,150 [INFO] ApiDbMcu:507 - Load IP Config File for TOUCHSENSING
2024-01-08 12:28:50,162 [INFO] ApiDbMcu:507 - Load IP Config File for USB_DEVICE
2024-01-08 12:28:51,196 [INFO] LogOutputStream:77 - [STDOUT_REDIRECT] 
2024-01-08 12:28:52,470 [INFO] ProjectBuilder:4626 - Time for Generating toolchain IDE Files: 2557mS.
2024-01-08 12:28:52,470 [INFO] ProjectBuilder:2935 - Time for Copy CMSIS : 0mS.
2024-01-08 12:28:52,473 [INFO] ProjectBuilder:2935 - Time for Copy CMSIS : 0mS.
