2023-10-18 11:35:00,021 [INFO] Activator:176 - 


2023-10-18 11:35:00,037 [INFO] Activator:177 - !SESSION log4j initialized
2023-10-18 11:35:03,416 [INFO] LogOutputStream:77 - [STDOUT_REDIRECT] 
2023-10-18 11:35:05,303 [INFO] ApplicationProperties:184 - Using Application install path: C:\ST\STM32CubeIDE_1.13.2\STM32CubeIDE\plugins\com.st.stm32cube.common.mx_6.9.2.202309101412
2023-10-18 11:35:05,319 [INFO] DbMcusXml:78 - Set database path to: C:\ST\STM32CubeIDE_1.13.2\STM32CubeIDE\plugins\com.st.stm32cube.common.mx_6.9.2.202309101412\\db\/mcu/
2023-10-18 11:35:05,319 [INFO] ApiDb:274 - Set plugin database path to: C:\ST\STM32CubeIDE_1.13.2\STM32CubeIDE\plugins\com.st.stm32cube.common.mx_6.9.2.202309101412\\db\/plugins/boardmanager/
2023-10-18 11:35:05,320 [WARN] ApiDb:259 - Overriding images path with different value:  => C:\ST\STM32CubeIDE_1.13.2\STM32CubeIDE\plugins\com.st.stm32cube.common.mx_6.9.2.202309101412\\db\/plugins/mcufinder/images/
2023-10-18 11:35:05,332 [INFO] ApiDb:250 - Set database path to: C:\Users\jespe\.stmcufinder\plugins\mcufinder//mcu/
2023-10-18 11:35:05,333 [INFO] DbMcusAds:125 - Set database path to: C:\Users\jespe\.stmcufinder\plugins\mcufinder//mcu/
2023-10-18 11:35:05,335 [INFO] CrossReferenceDbSqlite:203 - Set database path to: C:\Users\jespe\.stmcufinder\plugins\mcufinder//mcu/cs/
2023-10-18 11:35:05,430 [INFO] RulesReader:64 - Compatibility file has been processed (293 Rules)
2023-10-18 11:35:05,525 [INFO] DbMcusXml:78 - Set database path to: C:\ST\STM32CubeIDE_1.13.2\STM32CubeIDE\plugins\com.st.stm32cube.common.mx_6.9.2.202309101412\\db\/mcu/
2023-10-18 11:35:05,525 [INFO] ApiDb:274 - Set plugin database path to: C:\ST\STM32CubeIDE_1.13.2\STM32CubeIDE\plugins\com.st.stm32cube.common.mx_6.9.2.202309101412\\db\/plugins/boardmanager/
2023-10-18 11:35:05,525 [INFO] ApiDb:261 - Set plugin images path to: C:\ST\STM32CubeIDE_1.13.2\STM32CubeIDE\plugins\com.st.stm32cube.common.mx_6.9.2.202309101412\\db\/plugins/mcufinder/images/
2023-10-18 11:35:05,525 [WARN] DbFile:41 - Overriding database path with different value: C:\Users\jespe\.stmcufinder\plugins\mcufinder/ => C:\Users\jespe\.stmcufinder\plugins\mcufinder
2023-10-18 11:35:05,525 [INFO] ApiDb:250 - Set database path to: C:\Users\jespe\.stmcufinder\plugins\mcufinder//mcu/
2023-10-18 11:35:05,525 [WARN] DbFile:41 - Overriding database path with different value: C:\Users\jespe\.stmcufinder\plugins\mcufinder/ => C:\Users\jespe\.stmcufinder\plugins\mcufinder
2023-10-18 11:35:05,525 [INFO] DbMcusAds:125 - Set database path to: C:\Users\jespe\.stmcufinder\plugins\mcufinder//mcu/
2023-10-18 11:35:05,526 [WARN] DbFile:41 - Overriding database path with different value: C:\Users\jespe\.stmcufinder\plugins\mcufinder/ => C:\Users\jespe\.stmcufinder\plugins\mcufinder
2023-10-18 11:35:05,526 [WARN] DbFile:41 - Overriding database path with different value: C:\Users\jespe\.stmcufinder\plugins\mcufinder/ => C:\Users\jespe\.stmcufinder\plugins\mcufinder
2023-10-18 11:35:05,526 [INFO] CrossReferenceDbSqlite:203 - Set database path to: C:\Users\jespe\.stmcufinder\plugins\mcufinder//mcu/cs/
2023-10-18 11:35:05,600 [INFO] MainPanel:262 - HeapMemory: 268435456
2023-10-18 11:35:05,690 [INFO] DbMcusXml:78 - Set database path to: C:\ST\STM32CubeIDE_1.13.2\STM32CubeIDE\plugins\com.st.stm32cube.common.mx_6.9.2.202309101412\\db\/mcu/
2023-10-18 11:35:05,690 [INFO] ApiDb:274 - Set plugin database path to: C:\ST\STM32CubeIDE_1.13.2\STM32CubeIDE\plugins\com.st.stm32cube.common.mx_6.9.2.202309101412\\db\/plugins/boardmanager/
2023-10-18 11:35:05,690 [INFO] ApiDb:261 - Set plugin images path to: C:\ST\STM32CubeIDE_1.13.2\STM32CubeIDE\plugins\com.st.stm32cube.common.mx_6.9.2.202309101412\\db\/plugins/mcufinder/images/
2023-10-18 11:35:05,691 [WARN] DbFile:41 - Overriding database path with different value: C:\Users\jespe\.stmcufinder\plugins\mcufinder/ => C:\Users\jespe\.stmcufinder\plugins\mcufinder
2023-10-18 11:35:05,691 [INFO] ApiDb:250 - Set database path to: C:\Users\jespe\.stmcufinder\plugins\mcufinder//mcu/
2023-10-18 11:35:05,691 [WARN] DbFile:41 - Overriding database path with different value: C:\Users\jespe\.stmcufinder\plugins\mcufinder/ => C:\Users\jespe\.stmcufinder\plugins\mcufinder
2023-10-18 11:35:05,691 [INFO] DbMcusAds:125 - Set database path to: C:\Users\jespe\.stmcufinder\plugins\mcufinder//mcu/
2023-10-18 11:35:05,691 [WARN] DbFile:41 - Overriding database path with different value: C:\Users\jespe\.stmcufinder\plugins\mcufinder/ => C:\Users\jespe\.stmcufinder\plugins\mcufinder
2023-10-18 11:35:05,691 [WARN] DbFile:41 - Overriding database path with different value: C:\Users\jespe\.stmcufinder\plugins\mcufinder/ => C:\Users\jespe\.stmcufinder\plugins\mcufinder
2023-10-18 11:35:05,691 [INFO] CrossReferenceDbSqlite:203 - Set database path to: C:\Users\jespe\.stmcufinder\plugins\mcufinder//mcu/cs/
2023-10-18 11:35:05,708 [INFO] ApplicationProperties:184 - Using Application install path: C:\ST\STM32CubeIDE_1.13.2\STM32CubeIDE\plugins\com.st.stm32cube.common.mx_6.9.2.202309101412
2023-10-18 11:35:05,710 [INFO] PluginManage:196 - Search for loadable plugins [exclusion list=, ]
2023-10-18 11:35:05,711 [INFO] PluginManage:310 - Check plugin analytics
2023-10-18 11:35:05,868 [INFO] AnalyticsPlugin:253 - Accepted Software Licenses: 
2023-10-18 11:35:05,868 [INFO] AnalyticsPlugin:255 - Accepted CMSIS Pack Licenses: 
2023-10-18 11:35:05,868 [INFO] AnalyticsPlugin:257 - Accepted Firmware Licenses: 
2023-10-18 11:35:05,871 [INFO] PluginManage:359 - Loaded plugin analytics (category:tool,tabindex:-1)
2023-10-18 11:35:05,872 [INFO] PluginManage:310 - Check plugin cadmodel
2023-10-18 11:35:05,885 [INFO] CADModel:105 - Init CAD model plugin
2023-10-18 11:35:05,886 [INFO] PluginManage:359 - Loaded plugin cadmodel (category:power,tabindex:5)
2023-10-18 11:35:05,886 [INFO] PluginManage:310 - Check plugin clock
2023-10-18 11:35:05,904 [INFO] PluginManage:359 - Loaded plugin clock (category:base,tabindex:2)
2023-10-18 11:35:05,904 [INFO] PluginManage:310 - Check plugin ddr
2023-10-18 11:35:05,906 [INFO] PluginManage:359 - Loaded plugin ddr (category:tool,tabindex:6)
2023-10-18 11:35:05,906 [INFO] PluginManage:310 - Check plugin filemanager
2023-10-18 11:35:06,030 [INFO] PluginManage:359 - Loaded plugin filemanager (category:base,tabindex:10)
2023-10-18 11:35:06,030 [INFO] PluginManage:310 - Check plugin ipmanager
2023-10-18 11:35:06,038 [INFO] PluginManage:359 - Loaded plugin ipmanager (category:base,tabindex:5)
2023-10-18 11:35:06,039 [INFO] PluginManage:310 - Check plugin lpbam
2023-10-18 11:35:06,054 [INFO] PluginManage:359 - Loaded plugin lpbam (category:base,tabindex:0)
2023-10-18 11:35:06,055 [INFO] PluginManage:310 - Check plugin memorymap
2023-10-18 11:35:06,076 [INFO] PluginManage:359 - Loaded plugin memorymap (category:base,tabindex:4)
2023-10-18 11:35:06,077 [INFO] PluginManage:310 - Check plugin pinoutandconfiguration
2023-10-18 11:35:06,092 [INFO] PluginManage:359 - Loaded plugin pinoutandconfiguration (category:base,tabindex:1)
2023-10-18 11:35:06,093 [INFO] PluginManage:310 - Check plugin pinoutconfig
2023-10-18 11:35:06,181 [WARN] SupportedApi:132 - Cannot load RTOS API schema: s4s-elt-must-match.1: The content of 'definitions' must match (annotation?, (simpleType | complexType)?, (unique | key | keyref)*)). A problem was found starting at: attribute.
2023-10-18 11:35:06,295 [INFO] PluginManage:359 - Loaded plugin pinoutconfig (category:base,tabindex:0)
2023-10-18 11:35:06,295 [INFO] PluginManage:310 - Check plugin power
2023-10-18 11:35:06,313 [INFO] PluginManage:359 - Loaded plugin power (category:power,tabindex:4)
2023-10-18 11:35:06,313 [INFO] PluginManage:310 - Check plugin projectmanager
2023-10-18 11:35:06,327 [INFO] PluginManage:359 - Loaded plugin projectmanager (category:projectmanager,tabindex:3)
2023-10-18 11:35:06,327 [INFO] PluginManage:310 - Check plugin thirdparty
2023-10-18 11:35:06,569 [INFO] PluginManage:359 - Loaded plugin thirdparty (category:base,tabindex:-1)
2023-10-18 11:35:06,569 [WARN] IntegrityCheckThread:84 - waiting for thirdparty lock release [integrity check]
2023-10-18 11:35:06,570 [INFO] PluginManage:310 - Check plugin tools
2023-10-18 11:35:06,570 [INFO] IntegrityCheckThread:86 - entering critical section [integrity check]
2023-10-18 11:35:06,570 [INFO] ThirdPartyUpdaterWithRetryManager:70 - Updater plugin not ready yet. [1/15]
2023-10-18 11:35:06,602 [INFO] PluginManage:359 - Loaded plugin tools (category:base,tabindex:7)
2023-10-18 11:35:06,602 [INFO] PluginManage:310 - Check plugin tutovideos
2023-10-18 11:35:06,780 [INFO] PluginManage:359 - Loaded plugin tutovideos (category:base,tabindex:-1)
2023-10-18 11:35:06,780 [INFO] PluginManage:310 - Check plugin updater
2023-10-18 11:35:06,791 [INFO] PluginManage:359 - Loaded plugin updater (category:base,tabindex:12)
2023-10-18 11:35:06,791 [INFO] PluginManage:310 - Check plugin userauth
2023-10-18 11:35:06,797 [INFO] UserAuth:113 - Init User Auth plugin
2023-10-18 11:35:06,797 [INFO] PluginManage:359 - Loaded plugin userauth (category:base,tabindex:14)
2023-10-18 11:35:06,797 [INFO] PluginManage:283 - PluginManage : Loaded plugins [17]
2023-10-18 11:35:06,985 [INFO] PinOutPanel:1499 - setPackage(No Configuration,No Configuration)
2023-10-18 11:35:07,078 [INFO] CADModel:165 - CPN selected for project level
2023-10-18 11:35:07,078 [INFO] CADModel:114 - Register for checkConnection events
2023-10-18 11:35:07,100 [INFO] IPUIPlugin:80 - create IPUIPlugin
2023-10-18 11:35:07,100 [INFO] PluginManager:220 - loadIPPluginJar : add adc
2023-10-18 11:35:07,129 [INFO] IPUIPlugin:80 - create IPUIPlugin
2023-10-18 11:35:07,130 [INFO] PluginManager:220 - loadIPPluginJar : add aes
2023-10-18 11:35:07,163 [INFO] IPUIPlugin:80 - create IPUIPlugin
2023-10-18 11:35:07,163 [INFO] PluginManager:220 - loadIPPluginJar : add can
2023-10-18 11:35:07,166 [INFO] IPUIPlugin:80 - create IPUIPlugin
2023-10-18 11:35:07,166 [INFO] PluginManager:220 - loadIPPluginJar : add comp
2023-10-18 11:35:07,193 [INFO] IPUIPlugin:80 - create IPUIPlugin
2023-10-18 11:35:07,193 [INFO] PluginManager:220 - loadIPPluginJar : add cryp
2023-10-18 11:35:07,216 [INFO] IPUIPlugin:80 - create IPUIPlugin
2023-10-18 11:35:07,216 [INFO] PluginManager:220 - loadIPPluginJar : add dfsdm
2023-10-18 11:35:07,228 [INFO] IPUIPlugin:80 - create IPUIPlugin
2023-10-18 11:35:07,228 [INFO] PluginManager:220 - loadIPPluginJar : add dma
2023-10-18 11:35:07,262 [INFO] IPUIPlugin:80 - create IPUIPlugin
2023-10-18 11:35:07,262 [INFO] PluginManager:220 - loadIPPluginJar : add dma3
2023-10-18 11:35:07,278 [INFO] IPUIPlugin:80 - create IPUIPlugin
2023-10-18 11:35:07,278 [INFO] PluginManager:220 - loadIPPluginJar : add fatfs
2023-10-18 11:35:07,315 [INFO] IPUIPlugin:80 - create IPUIPlugin
2023-10-18 11:35:07,315 [INFO] PluginManager:220 - loadIPPluginJar : add fmc
2023-10-18 11:35:07,328 [INFO] IPUIPlugin:80 - create IPUIPlugin
2023-10-18 11:35:07,328 [INFO] PluginManager:220 - loadIPPluginJar : add freertos
2023-10-18 11:35:07,345 [INFO] IPUIPlugin:80 - create IPUIPlugin
2023-10-18 11:35:07,346 [INFO] PluginManager:220 - loadIPPluginJar : add genericplugin
2023-10-18 11:35:07,418 [INFO] IPUIPlugin:80 - create IPUIPlugin
2023-10-18 11:35:07,418 [INFO] PluginManager:220 - loadIPPluginJar : add gfxmmu
2023-10-18 11:35:07,516 [INFO] IPUIPlugin:80 - create IPUIPlugin
2023-10-18 11:35:07,516 [INFO] PluginManager:220 - loadIPPluginJar : add gic
2023-10-18 11:35:07,528 [INFO] IPUIPlugin:80 - create IPUIPlugin
2023-10-18 11:35:07,528 [INFO] PluginManager:220 - loadIPPluginJar : add gpio
2023-10-18 11:35:07,596 [INFO] IPUIPlugin:80 - create IPUIPlugin
2023-10-18 11:35:07,596 [INFO] PluginManager:220 - loadIPPluginJar : add gtzc
2023-10-18 11:35:07,620 [INFO] IPUIPlugin:80 - create IPUIPlugin
2023-10-18 11:35:07,620 [INFO] PluginManager:220 - loadIPPluginJar : add hash
2023-10-18 11:35:07,659 [INFO] IPUIPlugin:80 - create IPUIPlugin
2023-10-18 11:35:07,659 [INFO] PluginManager:220 - loadIPPluginJar : add i2c
2023-10-18 11:35:07,689 [INFO] IPUIPlugin:80 - create IPUIPlugin
2023-10-18 11:35:07,689 [INFO] PluginManager:220 - loadIPPluginJar : add i2s
2023-10-18 11:35:07,721 [INFO] IPUIPlugin:80 - create IPUIPlugin
2023-10-18 11:35:07,721 [INFO] PluginManager:220 - loadIPPluginJar : add i3c
2023-10-18 11:35:07,801 [INFO] IPUIPlugin:80 - create IPUIPlugin
2023-10-18 11:35:07,801 [INFO] PluginManager:220 - loadIPPluginJar : add ipddr
2023-10-18 11:35:07,879 [INFO] IPUIPlugin:80 - create IPUIPlugin
2023-10-18 11:35:07,879 [INFO] PluginManager:220 - loadIPPluginJar : add linkedlist
2023-10-18 11:35:07,906 [INFO] IPUIPlugin:80 - create IPUIPlugin
2023-10-18 11:35:07,906 [INFO] PluginManager:220 - loadIPPluginJar : add lorawan
2023-10-18 11:35:07,935 [INFO] IPUIPlugin:80 - create IPUIPlugin
2023-10-18 11:35:07,935 [INFO] PluginManager:220 - loadIPPluginJar : add ltdc
2023-10-18 11:35:07,947 [INFO] IPUIPlugin:80 - create IPUIPlugin
2023-10-18 11:35:07,947 [INFO] PluginManager:220 - loadIPPluginJar : add mdma
2023-10-18 11:35:07,957 [INFO] IPUIPlugin:80 - create IPUIPlugin
2023-10-18 11:35:07,957 [INFO] PluginManager:220 - loadIPPluginJar : add nvic
2023-10-18 11:35:07,985 [INFO] IPUIPlugin:80 - create IPUIPlugin
2023-10-18 11:35:07,985 [INFO] PluginManager:220 - loadIPPluginJar : add opamp
2023-10-18 11:35:08,031 [INFO] IPUIPlugin:80 - create IPUIPlugin
2023-10-18 11:35:08,031 [INFO] PluginManager:220 - loadIPPluginJar : add openamp
2023-10-18 11:35:08,064 [INFO] IPUIPlugin:80 - create IPUIPlugin
2023-10-18 11:35:08,064 [INFO] PluginManager:220 - loadIPPluginJar : add pdm2pcm
2023-10-18 11:35:08,076 [INFO] IPUIPlugin:80 - create IPUIPlugin
2023-10-18 11:35:08,077 [INFO] PluginManager:220 - loadIPPluginJar : add plateformsettings
2023-10-18 11:35:08,095 [INFO] IPUIPlugin:80 - create IPUIPlugin
2023-10-18 11:35:08,095 [INFO] PluginManager:220 - loadIPPluginJar : add quadspi
2023-10-18 11:35:08,106 [INFO] IPUIPlugin:80 - create IPUIPlugin
2023-10-18 11:35:08,106 [INFO] PluginManager:220 - loadIPPluginJar : add resmgrutility
2023-10-18 11:35:08,142 [INFO] IPUIPlugin:80 - create IPUIPlugin
2023-10-18 11:35:08,142 [INFO] PluginManager:220 - loadIPPluginJar : add sai
2023-10-18 11:35:08,170 [INFO] IPUIPlugin:80 - create IPUIPlugin
2023-10-18 11:35:08,171 [INFO] PluginManager:220 - loadIPPluginJar : add spi
2023-10-18 11:35:08,213 [INFO] IPUIPlugin:80 - create IPUIPlugin
2023-10-18 11:35:08,214 [INFO] PluginManager:220 - loadIPPluginJar : add stm32_wpan
2023-10-18 11:35:08,231 [INFO] IPUIPlugin:80 - create IPUIPlugin
2023-10-18 11:35:08,231 [INFO] PluginManager:220 - loadIPPluginJar : add tim
2023-10-18 11:35:08,274 [INFO] IPUIPlugin:80 - create IPUIPlugin
2023-10-18 11:35:08,274 [INFO] PluginManager:220 - loadIPPluginJar : add touchsensing
2023-10-18 11:35:08,277 [INFO] IPUIPlugin:80 - create IPUIPlugin
2023-10-18 11:35:08,277 [INFO] PluginManager:220 - loadIPPluginJar : add tracer_emb
2023-10-18 11:35:08,279 [INFO] IPUIPlugin:80 - create IPUIPlugin
2023-10-18 11:35:08,279 [INFO] PluginManager:220 - loadIPPluginJar : add ts
2023-10-18 11:35:08,297 [INFO] IPUIPlugin:80 - create IPUIPlugin
2023-10-18 11:35:08,297 [INFO] PluginManager:220 - loadIPPluginJar : add tsc
2023-10-18 11:35:08,314 [INFO] IPUIPlugin:80 - create IPUIPlugin
2023-10-18 11:35:08,314 [INFO] PluginManager:220 - loadIPPluginJar : add ucpd
2023-10-18 11:35:08,348 [INFO] IPUIPlugin:80 - create IPUIPlugin
2023-10-18 11:35:08,348 [INFO] PluginManager:220 - loadIPPluginJar : add usart
2023-10-18 11:35:08,381 [INFO] IPUIPlugin:80 - create IPUIPlugin
2023-10-18 11:35:08,381 [INFO] PluginManager:220 - loadIPPluginJar : add usbx
2023-10-18 11:35:08,496 [INFO] CADModel:165 - CPN selected for project level
2023-10-18 11:35:08,496 [INFO] CADModel:114 - Register for checkConnection events
2023-10-18 11:35:08,497 [FATAL] Updater:308 - Updater called before beeing initialized
2023-10-18 11:35:08,497 [ERROR] CADModel:125 - Updater not yet initialized, retry later 
2023-10-18 11:35:08,628 [INFO] CADModel:165 - CPN selected for project level
2023-10-18 11:35:08,628 [INFO] CADModel:114 - Register for checkConnection events
2023-10-18 11:35:08,628 [FATAL] Updater:308 - Updater called before beeing initialized
2023-10-18 11:35:08,628 [ERROR] CADModel:125 - Updater not yet initialized, retry later 
2023-10-18 11:35:08,631 [FATAL] Updater:308 - Updater called before beeing initialized
2023-10-18 11:35:08,729 [FATAL] Updater:308 - Updater called before beeing initialized
2023-10-18 11:35:08,740 [INFO] DbMcusAds:53 - JSON generation date=Tue Mar 07 09:50:55 CET 2023 (1678179055114)
2023-10-18 11:35:08,740 [FATAL] Updater:308 - Updater called before beeing initialized
2023-10-18 11:35:08,809 [WARN] DetailPanel:346 - Failed to get advertising image, set to default
2023-10-18 11:35:08,902 [FATAL] Updater:308 - Updater called before beeing initialized
2023-10-18 11:35:08,904 [FATAL] Updater:308 - Updater called before beeing initialized
2023-10-18 11:35:08,904 [FATAL] Updater:308 - Updater called before beeing initialized
2023-10-18 11:35:08,904 [WARN] DetailPanel:346 - Failed to get advertising image, set to default
2023-10-18 11:35:08,905 [FATAL] Updater:308 - Updater called before beeing initialized
2023-10-18 11:35:08,957 [ERROR] Updater:1120 - MainUpdater not yet initialized. External WinMGr cannot be set.
2023-10-18 11:35:08,961 [INFO] Updater:1056 - Updater Version found : 6.9.2
2023-10-18 11:35:08,979 [INFO] ApplicationProperties:184 - Using Application install path: C:\ST\STM32CubeIDE_1.13.2\STM32CubeIDE\plugins\com.st.stm32cube.common.mx_6.9.2.202309101412
2023-10-18 11:35:09,091 [INFO] MainUpdater:2868 - connection check result : 10
2023-10-18 11:35:09,092 [INFO] MainUpdater:285 - Updater Check For Update Now.
2023-10-18 11:35:09,093 [INFO] MicroXplorer:498 - Change Database Version : DB.6.0.92
2023-10-18 11:35:09,108 [INFO] McuFinderGlobals:63 - Set McuFinder mode to 2 (CubeIDE integrated)
2023-10-18 11:35:09,279 [INFO] CheckServerUpdateThread:120 - End of CheckServer Thread
2023-10-18 11:35:09,763 [WARN] PackLoader:240 - Cannot read IP mode file for STMicroelectronics.X-CUBE-SMBUS.2.1.0
2023-10-18 11:35:09,812 [WARN] PackLoader:240 - Cannot read IP mode file for STMicroelectronics.X-CUBE-AZRTOS-F7.1.1.0
2023-10-18 11:35:09,830 [WARN] PackLoader:240 - Cannot read IP mode file for STMicroelectronics.FP-SNS-MOTENV1.4.3.2
2023-10-18 11:35:09,844 [WARN] PackLoader:240 - Cannot read IP mode file for STMicroelectronics.FP-SNS-FLIGHT1.5.0.2
2023-10-18 11:35:09,859 [WARN] PackLoader:240 - Cannot read IP mode file for STMicroelectronics.X-CUBE-DISPLAY.3.0.0
2023-10-18 11:35:09,876 [WARN] PackLoader:240 - Cannot read IP mode file for STMicroelectronics.X-CUBE-BLE1.7.0.0
2023-10-18 11:35:09,888 [WARN] PackLoader:240 - Cannot read IP mode file for emotas.I-CUBE-CANOPEN.1.3.0
2023-10-18 11:35:09,900 [WARN] PackLoader:240 - Cannot read IP mode file for STMicroelectronics.X-CUBE-TOUCHGFX.4.22.0
2023-10-18 11:35:09,910 [WARN] PackLoader:240 - Cannot read IP mode file for STMicroelectronics.X-CUBE-TOUCHGFX.4.22.1
2023-10-18 11:35:09,920 [WARN] PackLoader:240 - Cannot read IP mode file for STMicroelectronics.FP-SNS-SMARTAG2.1.2.0
2023-10-18 11:35:09,938 [INFO] LogOutputStream:77 - [STDOUT_REDIRECT] 1 : Invalid condition id : UX_CORESTACK_Condition cause : null
2023-10-18 11:35:09,938 [INFO] LogOutputStream:77 - [STDOUT_REDIRECT] 1 : Invalid condition id : UX_CORESTACK_Condition cause : null
2023-10-18 11:35:09,939 [INFO] LogOutputStream:77 - [STDOUT_REDIRECT] 1 : Invalid condition id : UX_CORESTACK_Condition cause : null
2023-10-18 11:35:09,940 [INFO] LogOutputStream:77 - [STDOUT_REDIRECT] 1 : Invalid condition id : UX_CORESTACK_Condition cause : null
2023-10-18 11:35:09,941 [INFO] LogOutputStream:77 - [STDOUT_REDIRECT] 1 : Invalid condition id : UX_CORESTACK_Condition cause : null
2023-10-18 11:35:09,944 [WARN] PackLoader:240 - Cannot read IP mode file for STMicroelectronics.X-CUBE-AZRTOS-WL.2.0.0
2023-10-18 11:35:09,959 [WARN] PackLoader:240 - Cannot read IP mode file for WES.I-CUBE-Cesium.1.3.0
2023-10-18 11:35:09,971 [WARN] PackLoader:240 - Cannot read IP mode file for STMicroelectronics.X-CUBE-BLE2.3.3.0
2023-10-18 11:35:09,987 [WARN] PackLoader:240 - Cannot read IP mode file for STMicroelectronics.X-CUBE-ALGOBUILD.1.3.0
2023-10-18 11:35:10,015 [WARN] PackLoader:240 - Cannot read IP mode file for STMicroelectronics.X-CUBE-AZRTOS-G0.1.1.0
2023-10-18 11:35:10,029 [WARN] PackLoader:240 - Cannot read IP mode file for STMicroelectronics.X-CUBE-NFC4.3.0.0
2023-10-18 11:35:10,040 [WARN] PackLoader:240 - Cannot read IP mode file for STMicroelectronics.FP-ATR-SIGFOX1.3.2.0
2023-10-18 11:35:10,074 [WARN] PackLoader:240 - Cannot read IP mode file for SEGGER.I-CUBE-embOS.1.3.1
2023-10-18 11:35:10,114 [WARN] PackLoader:240 - Cannot read IP mode file for STMicroelectronics.X-CUBE-GNSS1.6.0.0
2023-10-18 11:35:10,144 [WARN] PackLoader:240 - Cannot read IP mode file for STMicroelectronics.X-CUBE-AZRTOS-F4.1.1.0
2023-10-18 11:35:10,157 [WARN] PackLoader:240 - Cannot read IP mode file for wolfSSL.I-CUBE-wolfSSL.5.6.3
2023-10-18 11:35:10,186 [WARN] PackLoader:240 - Cannot read IP mode file for STMicroelectronics.X-CUBE-AZRTOS-L5.2.0.0
2023-10-18 11:35:10,236 [WARN] PackLoader:240 - Cannot read IP mode file for STMicroelectronics.X-CUBE-MEMS1.9.6.0
2023-10-18 11:35:10,380 [WARN] PackLoader:240 - Cannot read IP mode file for ITTIA_DB.I-CUBE-ITTIADB.8.8.0
2023-10-18 11:35:10,396 [WARN] PackLoader:240 - Cannot read IP mode file for STMicroelectronics.X-CUBE-BLEMGR.2.0.0
2023-10-18 11:35:10,424 [WARN] ConditionMgr:438 - getConditionDescription Invalid condition id : UX DEVICE CLASS RTOS Condition cause : null
2023-10-18 11:35:10,425 [WARN] ConditionMgr:438 - getConditionDescription Invalid condition id : UX DEVICE CLASS RTOS Condition cause : null
2023-10-18 11:35:10,428 [WARN] PackLoader:240 - Cannot read IP mode file for STMicroelectronics.X-CUBE-AZRTOS-H7.3.1.0
2023-10-18 11:35:10,429 [WARN] ConditionMgr:1039 - genDependencies : Invalid condition id : UX DEVICE CLASS RTOS Condition cause : null
2023-10-18 11:35:10,429 [WARN] ConditionMgr:1039 - genDependencies : Invalid condition id : UX DEVICE CLASS RTOS Condition cause : null
2023-10-18 11:35:10,430 [WARN] ConditionMgr:1039 - genDependencies : Invalid condition id : UX DEVICE CLASS RTOS Condition cause : null
2023-10-18 11:35:10,430 [WARN] ConditionMgr:1039 - genDependencies : Invalid condition id : UX DEVICE CLASS RTOS Condition cause : null
2023-10-18 11:35:10,430 [WARN] ConditionMgr:1039 - genDependencies : Invalid condition id : UX DEVICE CLASS RTOS Condition cause : null
2023-10-18 11:35:10,444 [WARN] PackLoader:240 - Cannot read IP mode file for STMicroelectronics.X-CUBE-NFC7.1.0.1
2023-10-18 11:35:10,460 [WARN] PackLoader:240 - Cannot read IP mode file for STMicroelectronics.X-CUBE-NFC6.3.0.0
2023-10-18 11:35:10,479 [WARN] PackLoader:240 - Cannot read IP mode file for STMicroelectronics.X-CUBE-EEPRMA1.4.1.0
2023-10-18 11:35:10,495 [WARN] PackLoader:240 - Cannot read IP mode file for STMicroelectronics.X-CUBE-AI.8.1.0
2023-10-18 11:35:10,532 [WARN] ConditionMgr:438 - getConditionDescription Invalid condition id : LAN8742 Phy interface Condition cause : null
2023-10-18 11:35:10,533 [WARN] PackLoader:240 - Cannot read IP mode file for STMicroelectronics.X-CUBE-AZRTOS-L4.2.0.0
2023-10-18 11:35:10,534 [WARN] ConditionMgr:1039 - genDependencies : Invalid condition id : LAN8742 Phy interface Condition cause : null
2023-10-18 11:35:10,534 [WARN] ConditionMgr:1039 - genDependencies : Invalid condition id : LAN8742 Phy interface Condition cause : null
2023-10-18 11:35:10,535 [WARN] ConditionMgr:1039 - genDependencies : Invalid condition id : LAN8742 Phy interface Condition cause : null
2023-10-18 11:35:10,554 [WARN] PackLoader:240 - Cannot read IP mode file for STMicroelectronics.X-CUBE-SFXS2LP1.4.0.0
2023-10-18 11:35:10,571 [WARN] PackLoader:240 - Cannot read IP mode file for STMicroelectronics.X-CUBE-ISPU.1.1.0
2023-10-18 11:35:10,596 [WARN] ConditionMgr:438 - getConditionDescription Invalid condition id : UX DEVICE CLASS RTOS Condition cause : null
2023-10-18 11:35:10,597 [WARN] ConditionMgr:438 - getConditionDescription Invalid condition id : UX DEVICE CLASS RTOS Condition cause : null
2023-10-18 11:35:10,598 [WARN] PackLoader:240 - Cannot read IP mode file for STMicroelectronics.X-CUBE-AZRTOS-WB.2.0.0
2023-10-18 11:35:10,602 [WARN] ConditionMgr:1039 - genDependencies : Invalid condition id : UX DEVICE CLASS RTOS Condition cause : null
2023-10-18 11:35:10,602 [WARN] ConditionMgr:1039 - genDependencies : Invalid condition id : UX DEVICE CLASS RTOS Condition cause : null
2023-10-18 11:35:10,603 [WARN] ConditionMgr:1039 - genDependencies : Invalid condition id : UX DEVICE CLASS RTOS Condition cause : null
2023-10-18 11:35:10,603 [WARN] ConditionMgr:1039 - genDependencies : Invalid condition id : UX DEVICE CLASS RTOS Condition cause : null
2023-10-18 11:35:10,603 [WARN] ConditionMgr:1039 - genDependencies : Invalid condition id : UX DEVICE CLASS RTOS Condition cause : null
2023-10-18 11:35:10,622 [WARN] PackLoader:240 - Cannot read IP mode file for STMicroelectronics.X-CUBE-SUBG2.5.0.0
2023-10-18 11:35:10,646 [WARN] PackLoader:240 - Cannot read IP mode file for STMicroelectronics.X-CUBE-TOF1.3.3.1
2023-10-18 11:35:10,673 [WARN] PackLoader:240 - Cannot read IP mode file for STMicroelectronics.X-CUBE-AZRTOS-G4.2.0.0
2023-10-18 11:35:10,696 [WARN] PackLoader:240 - Cannot read IP mode file for Infineon.AIROC-Wi-Fi-Bluetooth-STM32.1.5.1
2023-10-18 11:35:10,710 [WARN] PackLoader:240 - Cannot read IP mode file for STMicroelectronics.X-CUBE-FREERTOS.1.1.0
2023-10-18 11:35:10,724 [WARN] PackLoader:240 - Cannot read IP mode file for portGmbH.I-Cube-SoM-uGOAL.1.1.0
2023-10-18 11:35:10,735 [WARN] PackLoader:240 - Cannot read IP mode file for STMicroelectronics.X-CUBE-ALS.1.0.1
2023-10-18 11:35:10,747 [WARN] PackLoader:240 - Cannot read IP mode file for STMicroelectronics.FP-ATR-ASTRA1.2.0.0
2023-10-18 11:35:10,748 [INFO] ThirdParty:978 - Integrity check success = true
2023-10-18 11:35:10,748 [INFO] IntegrityCheckThread:100 - exiting critical section [integrity check]
2023-10-18 11:35:10,748 [INFO] IntegrityCheckThread:103 - End integrity checks thread
